[35m[1mConsolidate compiler generated dependencies of target gripper_pick_place[0m
[  0%] Built target ament_cmake_python_symlink_ur_gripper_demo
[ 25%] [32mBuilding CXX object CMakeFiles/gripper_pick_place.dir/src/pick_n_place_try2_1.cpp.o[0m
[ 75%] Built target gripper_demo_node
running egg_info
writing ur_gripper_demo.egg-info/PKG-INFO
writing dependency_links to ur_gripper_demo.egg-info/dependency_links.txt
writing top-level names to ur_gripper_demo.egg-info/top_level.txt
reading manifest file 'ur_gripper_demo.egg-info/SOURCES.txt'
writing manifest file 'ur_gripper_demo.egg-info/SOURCES.txt'
[ 75%] Built target ament_cmake_python_build_ur_gripper_demo_egg
[01m[K/home/billy/git/Robotics-Studio-2/src/ur_gripper_demo/src/pick_n_place_try2_1.cpp:[m[K In function ‘[01m[Kint main(int, char**)[m[K’:
[01m[K/home/billy/git/Robotics-Studio-2/src/ur_gripper_demo/src/pick_n_place_try2_1.cpp:1322:10:[m[K [01;31m[Kerror: [m[Kconflicting declaration ‘[01m[Kauto gripper_pub[m[K’
 1322 |     auto [01;31m[Kgripper_pub[m[K = node->create_publisher<std_msgs::msg::String>(
      |          [01;31m[K^~~~~~~~~~~[m[K
[01m[K/home/billy/git/Robotics-Studio-2/src/ur_gripper_demo/src/pick_n_place_try2_1.cpp:1319:10:[m[K [01;36m[Knote: [m[Kprevious declaration as ‘[01m[Kstd::shared_ptr<rclcpp::Publisher<std_msgs::msg::Float64MultiArray_<std::allocator<void> > > > gripper_pub[m[K’
 1319 |     auto [01;36m[Kgripper_pub[m[K = node->create_publisher<std_msgs::msg::Float64MultiArray>(
      |          [01;36m[K^~~~~~~~~~~[m[K
gmake[2]: *** [CMakeFiles/gripper_pick_place.dir/build.make:76: CMakeFiles/gripper_pick_place.dir/src/pick_n_place_try2_1.cpp.o] Error 1
gmake[1]: *** [CMakeFiles/Makefile2:220: CMakeFiles/gripper_pick_place.dir/all] Error 2
gmake: *** [Makefile:146: all] Error 2
