-- Found ament_cmake: 1.3.13 (/opt/ros/humble/share/ament_cmake/cmake)
-- Override CMake install command with custom implementation using symlinks instead of copying resources
-- Found rosidl_default_generators: 1.2.0 (/opt/ros/humble/share/rosidl_default_generators/cmake)
-- Using all available rosidl_typesupport_c: rosidl_typesupport_fastrtps_c;rosidl_typesupport_introspection_c
-- Found rosidl_adapter: 3.1.8 (/opt/ros/humble/share/rosidl_adapter/cmake)
-- Using all available rosidl_typesupport_cpp: rosidl_typesupport_fastrtps_cpp;rosidl_typesupport_introspection_cpp
-- Found geometry_msgs: 4.9.1 (/opt/ros/humble/share/geometry_msgs/cmake)
-- Found ament_cmake_ros: 0.10.0 (/opt/ros/humble/share/ament_cmake_ros/cmake)
-- Using all available rosidl_typesupport_c: rosidl_typesupport_fastrtps_c;rosidl_typesupport_introspection_c
-- Using all available rosidl_typesupport_cpp: rosidl_typesupport_fastrtps_cpp;rosidl_typesupport_introspection_cpp
-- Found python_cmake_module: 0.10.0 (/opt/ros/humble/share/python_cmake_module/cmake)
-- Using PYTHON_EXECUTABLE: /usr/bin/python3
-- Using PYTHON_INCLUDE_DIRS: /usr/include/python3.10
-- Using PYTHON_LIBRARIES: /usr/lib/x86_64-linux-gnu/libpython3.10.so
-- Configuring done
-- Generating done
-- Build files have been written to: /home/billy/git/Robotics-Studio-2/build/object_msgs
[35m[1mConsolidate compiler generated dependencies of target object_msgs__rosidl_generator_c[0m
[  2%] Built target object_msgs__cpp
[ 12%] Built target object_msgs__rosidl_generator_c
[ 12%] Built target ament_cmake_python_symlink_object_msgs
[35m[1mConsolidate compiler generated dependencies of target object_msgs__rosidl_typesupport_cpp[0m
[35m[1mConsolidate compiler generated dependencies of target object_msgs__rosidl_typesupport_fastrtps_cpp[0m
[35m[1mConsolidate compiler generated dependencies of target object_msgs__rosidl_typesupport_introspection_cpp[0m
[35m[1mConsolidate compiler generated dependencies of target object_msgs__rosidl_typesupport_c[0m
[35m[1mConsolidate compiler generated dependencies of target object_msgs__rosidl_typesupport_introspection_c[0m
[35m[1mConsolidate compiler generated dependencies of target object_msgs__rosidl_typesupport_fastrtps_c[0m
[ 38%] Built target object_msgs__rosidl_typesupport_cpp
[ 46%] Built target object_msgs__rosidl_typesupport_introspection_c
[ 56%] Built target object_msgs__rosidl_typesupport_introspection_cpp
[ 56%] Built target object_msgs__rosidl_typesupport_c
[ 64%] Built target object_msgs__rosidl_typesupport_fastrtps_cpp
[ 74%] Built target object_msgs__rosidl_typesupport_fastrtps_c
[ 74%] Built target object_msgs
[ 76%] Built target object_msgs__py
[35m[1mConsolidate compiler generated dependencies of target object_msgs__rosidl_generator_py[0m
[ 84%] Built target object_msgs__rosidl_generator_py
[35m[1mConsolidate compiler generated dependencies of target object_msgs__rosidl_typesupport_introspection_c__pyext[0m
[35m[1mConsolidate compiler generated dependencies of target object_msgs__rosidl_typesupport_fastrtps_c__pyext[0m
[35m[1mConsolidate compiler generated dependencies of target object_msgs__rosidl_typesupport_c__pyext[0m
[100%] Built target object_msgs__rosidl_typesupport_fastrtps_c__pyext
[100%] Built target object_msgs__rosidl_typesupport_c__pyext
[100%] Built target object_msgs__rosidl_typesupport_introspection_c__pyext
running egg_info
writing object_msgs.egg-info/PKG-INFO
writing dependency_links to object_msgs.egg-info/dependency_links.txt
writing top-level names to object_msgs.egg-info/top_level.txt
reading manifest file 'object_msgs.egg-info/SOURCES.txt'
writing manifest file 'object_msgs.egg-info/SOURCES.txt'
[100%] Built target ament_cmake_python_build_object_msgs_egg
-- Install configuration: ""
-- Execute custom install script
-- Up-to-date symlink: /home/billy/git/Robotics-Studio-2/install/object_msgs/share/ament_index/resource_index/rosidl_interfaces/object_msgs
-- Up-to-date symlink: /home/billy/git/Robotics-Studio-2/install/object_msgs/include/object_msgs/object_msgs/msg/detail/object__functions.h
-- Up-to-date symlink: /home/billy/git/Robotics-Studio-2/install/object_msgs/include/object_msgs/object_msgs/msg/detail/object__struct.h
-- Up-to-date symlink: /home/billy/git/Robotics-Studio-2/install/object_msgs/include/object_msgs/object_msgs/msg/detail/object__type_support.h
-- Up-to-date symlink: /home/billy/git/Robotics-Studio-2/install/object_msgs/include/object_msgs/object_msgs/msg/detail/object_array__functions.h
-- Up-to-date symlink: /home/billy/git/Robotics-Studio-2/install/object_msgs/include/object_msgs/object_msgs/msg/detail/object_array__struct.h
-- Up-to-date symlink: /home/billy/git/Robotics-Studio-2/install/object_msgs/include/object_msgs/object_msgs/msg/detail/object_array__type_support.h
-- Up-to-date symlink: /home/billy/git/Robotics-Studio-2/install/object_msgs/include/object_msgs/object_msgs/msg/object.h
-- Up-to-date symlink: /home/billy/git/Robotics-Studio-2/install/object_msgs/include/object_msgs/object_msgs/msg/object_array.h
-- Up-to-date symlink: /home/billy/git/Robotics-Studio-2/install/object_msgs/include/object_msgs/object_msgs/msg/rosidl_generator_c__visibility_control.h
-- Up-to-date symlink: /home/billy/git/Robotics-Studio-2/install/object_msgs/share/object_msgs/environment/library_path.sh
-- Up-to-date symlink: /home/billy/git/Robotics-Studio-2/install/object_msgs/share/object_msgs/environment/library_path.dsv
-- Up-to-date symlink: /home/billy/git/Robotics-Studio-2/install/object_msgs/include/object_msgs/object_msgs/msg/detail/object__rosidl_typesupport_fastrtps_c.h
-- Up-to-date symlink: /home/billy/git/Robotics-Studio-2/install/object_msgs/include/object_msgs/object_msgs/msg/detail/object_array__rosidl_typesupport_fastrtps_c.h
-- Up-to-date symlink: /home/billy/git/Robotics-Studio-2/install/object_msgs/include/object_msgs/object_msgs/msg/rosidl_typesupport_fastrtps_c__visibility_control.h
-- Up-to-date symlink: /home/billy/git/Robotics-Studio-2/install/object_msgs/include/object_msgs/object_msgs/msg/detail/object__rosidl_typesupport_introspection_c.h
-- Up-to-date symlink: /home/billy/git/Robotics-Studio-2/install/object_msgs/include/object_msgs/object_msgs/msg/detail/object_array__rosidl_typesupport_introspection_c.h
-- Up-to-date symlink: /home/billy/git/Robotics-Studio-2/install/object_msgs/include/object_msgs/object_msgs/msg/rosidl_typesupport_introspection_c__visibility_control.h
-- Up-to-date symlink: /home/billy/git/Robotics-Studio-2/install/object_msgs/include/object_msgs/object_msgs/msg/detail/object__builder.hpp
-- Up-to-date symlink: /home/billy/git/Robotics-Studio-2/install/object_msgs/include/object_msgs/object_msgs/msg/detail/object__struct.hpp
-- Up-to-date symlink: /home/billy/git/Robotics-Studio-2/install/object_msgs/include/object_msgs/object_msgs/msg/detail/object__traits.hpp
-- Up-to-date symlink: /home/billy/git/Robotics-Studio-2/install/object_msgs/include/object_msgs/object_msgs/msg/detail/object__type_support.hpp
-- Up-to-date symlink: /home/billy/git/Robotics-Studio-2/install/object_msgs/include/object_msgs/object_msgs/msg/detail/object_array__builder.hpp
-- Up-to-date symlink: /home/billy/git/Robotics-Studio-2/install/object_msgs/include/object_msgs/object_msgs/msg/detail/object_array__struct.hpp
-- Up-to-date symlink: /home/billy/git/Robotics-Studio-2/install/object_msgs/include/object_msgs/object_msgs/msg/detail/object_array__traits.hpp
-- Up-to-date symlink: /home/billy/git/Robotics-Studio-2/install/object_msgs/include/object_msgs/object_msgs/msg/detail/object_array__type_support.hpp
-- Up-to-date symlink: /home/billy/git/Robotics-Studio-2/install/object_msgs/include/object_msgs/object_msgs/msg/object.hpp
-- Up-to-date symlink: /home/billy/git/Robotics-Studio-2/install/object_msgs/include/object_msgs/object_msgs/msg/object_array.hpp
-- Up-to-date symlink: /home/billy/git/Robotics-Studio-2/install/object_msgs/include/object_msgs/object_msgs/msg/rosidl_generator_cpp__visibility_control.hpp
-- Up-to-date symlink: /home/billy/git/Robotics-Studio-2/install/object_msgs/include/object_msgs/object_msgs/msg/detail/object__rosidl_typesupport_fastrtps_cpp.hpp
-- Up-to-date symlink: /home/billy/git/Robotics-Studio-2/install/object_msgs/include/object_msgs/object_msgs/msg/detail/object_array__rosidl_typesupport_fastrtps_cpp.hpp
-- Up-to-date symlink: /home/billy/git/Robotics-Studio-2/install/object_msgs/include/object_msgs/object_msgs/msg/rosidl_typesupport_fastrtps_cpp__visibility_control.h
-- Up-to-date symlink: /home/billy/git/Robotics-Studio-2/install/object_msgs/include/object_msgs/object_msgs/msg/detail/object__rosidl_typesupport_introspection_cpp.hpp
-- Up-to-date symlink: /home/billy/git/Robotics-Studio-2/install/object_msgs/include/object_msgs/object_msgs/msg/detail/object_array__rosidl_typesupport_introspection_cpp.hpp
-- Up-to-date symlink: /home/billy/git/Robotics-Studio-2/install/object_msgs/share/object_msgs/environment/pythonpath.sh
-- Up-to-date symlink: /home/billy/git/Robotics-Studio-2/install/object_msgs/share/object_msgs/environment/pythonpath.dsv
-- Up-to-date symlink: /home/billy/git/Robotics-Studio-2/install/object_msgs/local/lib/python3.10/dist-packages/object_msgs-0.0.1-py3.10.egg-info/PKG-INFO
-- Up-to-date symlink: /home/billy/git/Robotics-Studio-2/install/object_msgs/local/lib/python3.10/dist-packages/object_msgs-0.0.1-py3.10.egg-info/SOURCES.txt
-- Up-to-date symlink: /home/billy/git/Robotics-Studio-2/install/object_msgs/local/lib/python3.10/dist-packages/object_msgs-0.0.1-py3.10.egg-info/dependency_links.txt
-- Up-to-date symlink: /home/billy/git/Robotics-Studio-2/install/object_msgs/local/lib/python3.10/dist-packages/object_msgs-0.0.1-py3.10.egg-info/top_level.txt
-- Up-to-date symlink: /home/billy/git/Robotics-Studio-2/install/object_msgs/local/lib/python3.10/dist-packages/object_msgs/__init__.py
-- Up-to-date symlink: /home/billy/git/Robotics-Studio-2/install/object_msgs/local/lib/python3.10/dist-packages/object_msgs/_object_msgs_s.ep.rosidl_typesupport_c.c
-- Up-to-date symlink: /home/billy/git/Robotics-Studio-2/install/object_msgs/local/lib/python3.10/dist-packages/object_msgs/_object_msgs_s.ep.rosidl_typesupport_fastrtps_c.c
-- Up-to-date symlink: /home/billy/git/Robotics-Studio-2/install/object_msgs/local/lib/python3.10/dist-packages/object_msgs/_object_msgs_s.ep.rosidl_typesupport_introspection_c.c
-- Up-to-date symlink: /home/billy/git/Robotics-Studio-2/install/object_msgs/local/lib/python3.10/dist-packages/object_msgs/libobject_msgs__rosidl_generator_py.so
-- Up-to-date symlink: /home/billy/git/Robotics-Studio-2/install/object_msgs/local/lib/python3.10/dist-packages/object_msgs/msg/__init__.py
-- Up-to-date symlink: /home/billy/git/Robotics-Studio-2/install/object_msgs/local/lib/python3.10/dist-packages/object_msgs/msg/_object.py
-- Up-to-date symlink: /home/billy/git/Robotics-Studio-2/install/object_msgs/local/lib/python3.10/dist-packages/object_msgs/msg/_object_array.py
-- Up-to-date symlink: /home/billy/git/Robotics-Studio-2/install/object_msgs/local/lib/python3.10/dist-packages/object_msgs/msg/_object_array_s.c
-- Up-to-date symlink: /home/billy/git/Robotics-Studio-2/install/object_msgs/local/lib/python3.10/dist-packages/object_msgs/msg/_object_s.c
-- Up-to-date symlink: /home/billy/git/Robotics-Studio-2/install/object_msgs/local/lib/python3.10/dist-packages/object_msgs/object_msgs_s__rosidl_typesupport_c.cpython-310-x86_64-linux-gnu.so
-- Up-to-date symlink: /home/billy/git/Robotics-Studio-2/install/object_msgs/local/lib/python3.10/dist-packages/object_msgs/object_msgs_s__rosidl_typesupport_fastrtps_c.cpython-310-x86_64-linux-gnu.so
-- Up-to-date symlink: /home/billy/git/Robotics-Studio-2/install/object_msgs/local/lib/python3.10/dist-packages/object_msgs/object_msgs_s__rosidl_typesupport_introspection_c.cpython-310-x86_64-linux-gnu.so
-- Up-to-date symlink: /home/billy/git/Robotics-Studio-2/install/object_msgs/local/lib/python3.10/dist-packages/object_msgs/object_msgs_s__rosidl_typesupport_fastrtps_c.cpython-310-x86_64-linux-gnu.so
-- Up-to-date symlink: /home/billy/git/Robotics-Studio-2/install/object_msgs/local/lib/python3.10/dist-packages/object_msgs/object_msgs_s__rosidl_typesupport_introspection_c.cpython-310-x86_64-linux-gnu.so
-- Up-to-date symlink: /home/billy/git/Robotics-Studio-2/install/object_msgs/local/lib/python3.10/dist-packages/object_msgs/object_msgs_s__rosidl_typesupport_c.cpython-310-x86_64-linux-gnu.so
-- Up-to-date symlink: /home/billy/git/Robotics-Studio-2/install/object_msgs/share/object_msgs/msg/Object.idl
-- Up-to-date symlink: /home/billy/git/Robotics-Studio-2/install/object_msgs/share/object_msgs/msg/ObjectArray.idl
-- Up-to-date symlink: /home/billy/git/Robotics-Studio-2/install/object_msgs/share/object_msgs/msg/Object.msg
-- Up-to-date symlink: /home/billy/git/Robotics-Studio-2/install/object_msgs/share/object_msgs/msg/ObjectArray.msg
-- Up-to-date symlink: /home/billy/git/Robotics-Studio-2/install/object_msgs/share/ament_index/resource_index/package_run_dependencies/object_msgs
-- Up-to-date symlink: /home/billy/git/Robotics-Studio-2/install/object_msgs/share/ament_index/resource_index/parent_prefix_path/object_msgs
-- Up-to-date symlink: /home/billy/git/Robotics-Studio-2/install/object_msgs/share/object_msgs/environment/ament_prefix_path.sh
-- Up-to-date symlink: /home/billy/git/Robotics-Studio-2/install/object_msgs/share/object_msgs/environment/ament_prefix_path.dsv
-- Up-to-date symlink: /home/billy/git/Robotics-Studio-2/install/object_msgs/share/object_msgs/environment/path.sh
-- Up-to-date symlink: /home/billy/git/Robotics-Studio-2/install/object_msgs/share/object_msgs/environment/path.dsv
-- Up-to-date symlink: /home/billy/git/Robotics-Studio-2/install/object_msgs/share/object_msgs/local_setup.bash
-- Up-to-date symlink: /home/billy/git/Robotics-Studio-2/install/object_msgs/share/object_msgs/local_setup.sh
-- Up-to-date symlink: /home/billy/git/Robotics-Studio-2/install/object_msgs/share/object_msgs/local_setup.zsh
-- Up-to-date symlink: /home/billy/git/Robotics-Studio-2/install/object_msgs/share/object_msgs/local_setup.dsv
-- Symlinking: /home/billy/git/Robotics-Studio-2/install/object_msgs/share/object_msgs/package.dsv
-- Up-to-date symlink: /home/billy/git/Robotics-Studio-2/install/object_msgs/share/ament_index/resource_index/packages/object_msgs
-- Up-to-date symlink: /home/billy/git/Robotics-Studio-2/install/object_msgs/share/object_msgs/cmake/rosidl_cmake-extras.cmake
-- Up-to-date symlink: /home/billy/git/Robotics-Studio-2/install/object_msgs/share/object_msgs/cmake/ament_cmake_export_dependencies-extras.cmake
-- Up-to-date symlink: /home/billy/git/Robotics-Studio-2/install/object_msgs/share/object_msgs/cmake/ament_cmake_export_include_directories-extras.cmake
-- Up-to-date symlink: /home/billy/git/Robotics-Studio-2/install/object_msgs/share/object_msgs/cmake/ament_cmake_export_libraries-extras.cmake
-- Up-to-date symlink: /home/billy/git/Robotics-Studio-2/install/object_msgs/share/object_msgs/cmake/ament_cmake_export_targets-extras.cmake
-- Up-to-date symlink: /home/billy/git/Robotics-Studio-2/install/object_msgs/share/object_msgs/cmake/rosidl_cmake_export_typesupport_targets-extras.cmake
-- Up-to-date symlink: /home/billy/git/Robotics-Studio-2/install/object_msgs/share/object_msgs/cmake/rosidl_cmake_export_typesupport_libraries-extras.cmake
-- Up-to-date symlink: /home/billy/git/Robotics-Studio-2/install/object_msgs/share/object_msgs/cmake/object_msgsConfig.cmake
-- Up-to-date symlink: /home/billy/git/Robotics-Studio-2/install/object_msgs/share/object_msgs/cmake/object_msgsConfig-version.cmake
-- Up-to-date symlink: /home/billy/git/Robotics-Studio-2/install/object_msgs/share/object_msgs/package.xml
-- Up-to-date: /home/billy/git/Robotics-Studio-2/install/object_msgs/lib/libobject_msgs__rosidl_generator_c.so
-- Up-to-date: /home/billy/git/Robotics-Studio-2/install/object_msgs/lib/libobject_msgs__rosidl_typesupport_fastrtps_c.so
-- Up-to-date: /home/billy/git/Robotics-Studio-2/install/object_msgs/lib/libobject_msgs__rosidl_typesupport_introspection_c.so
-- Up-to-date: /home/billy/git/Robotics-Studio-2/install/object_msgs/lib/libobject_msgs__rosidl_typesupport_c.so
-- Up-to-date: /home/billy/git/Robotics-Studio-2/install/object_msgs/lib/libobject_msgs__rosidl_typesupport_fastrtps_cpp.so
-- Up-to-date: /home/billy/git/Robotics-Studio-2/install/object_msgs/lib/libobject_msgs__rosidl_typesupport_introspection_cpp.so
-- Up-to-date: /home/billy/git/Robotics-Studio-2/install/object_msgs/lib/libobject_msgs__rosidl_typesupport_cpp.so
Listing '/home/billy/git/Robotics-Studio-2/install/object_msgs/local/lib/python3.10/dist-packages/object_msgs'...
Compiling '/home/billy/git/Robotics-Studio-2/install/object_msgs/local/lib/python3.10/dist-packages/object_msgs/__init__.py'...
Listing '/home/billy/git/Robotics-Studio-2/install/object_msgs/local/lib/python3.10/dist-packages/object_msgs/msg'...
-- Up-to-date: /home/billy/git/Robotics-Studio-2/install/object_msgs/lib/libobject_msgs__rosidl_generator_py.so
-- Up-to-date: /home/billy/git/Robotics-Studio-2/install/object_msgs/share/object_msgs/cmake/export_object_msgs__rosidl_generator_cExport.cmake
-- Up-to-date: /home/billy/git/Robotics-Studio-2/install/object_msgs/share/object_msgs/cmake/export_object_msgs__rosidl_generator_cExport-noconfig.cmake
-- Up-to-date: /home/billy/git/Robotics-Studio-2/install/object_msgs/share/object_msgs/cmake/export_object_msgs__rosidl_typesupport_fastrtps_cExport.cmake
-- Up-to-date: /home/billy/git/Robotics-Studio-2/install/object_msgs/share/object_msgs/cmake/export_object_msgs__rosidl_typesupport_fastrtps_cExport-noconfig.cmake
-- Up-to-date: /home/billy/git/Robotics-Studio-2/install/object_msgs/share/object_msgs/cmake/object_msgs__rosidl_typesupport_introspection_cExport.cmake
-- Up-to-date: /home/billy/git/Robotics-Studio-2/install/object_msgs/share/object_msgs/cmake/object_msgs__rosidl_typesupport_introspection_cExport-noconfig.cmake
-- Up-to-date: /home/billy/git/Robotics-Studio-2/install/object_msgs/share/object_msgs/cmake/object_msgs__rosidl_typesupport_cExport.cmake
-- Up-to-date: /home/billy/git/Robotics-Studio-2/install/object_msgs/share/object_msgs/cmake/object_msgs__rosidl_typesupport_cExport-noconfig.cmake
-- Up-to-date: /home/billy/git/Robotics-Studio-2/install/object_msgs/share/object_msgs/cmake/export_object_msgs__rosidl_generator_cppExport.cmake
-- Up-to-date: /home/billy/git/Robotics-Studio-2/install/object_msgs/share/object_msgs/cmake/export_object_msgs__rosidl_typesupport_fastrtps_cppExport.cmake
-- Up-to-date: /home/billy/git/Robotics-Studio-2/install/object_msgs/share/object_msgs/cmake/export_object_msgs__rosidl_typesupport_fastrtps_cppExport-noconfig.cmake
-- Up-to-date: /home/billy/git/Robotics-Studio-2/install/object_msgs/share/object_msgs/cmake/object_msgs__rosidl_typesupport_introspection_cppExport.cmake
-- Up-to-date: /home/billy/git/Robotics-Studio-2/install/object_msgs/share/object_msgs/cmake/object_msgs__rosidl_typesupport_introspection_cppExport-noconfig.cmake
-- Up-to-date: /home/billy/git/Robotics-Studio-2/install/object_msgs/share/object_msgs/cmake/object_msgs__rosidl_typesupport_cppExport.cmake
-- Up-to-date: /home/billy/git/Robotics-Studio-2/install/object_msgs/share/object_msgs/cmake/object_msgs__rosidl_typesupport_cppExport-noconfig.cmake
-- Up-to-date: /home/billy/git/Robotics-Studio-2/install/object_msgs/share/object_msgs/cmake/export_object_msgs__rosidl_generator_pyExport.cmake
-- Up-to-date: /home/billy/git/Robotics-Studio-2/install/object_msgs/share/object_msgs/cmake/export_object_msgs__rosidl_generator_pyExport-noconfig.cmake
