[0.074s] Invoking command in '/home/billy/git/Robotics-Studio-2/build/onrobot_driver': CMAKE_PREFIX_PATH=/home/billy/git/Robotics-Studio-2/install/onrobot_description:/home/billy/git/Robotics-Studio-2/install/ur_description_local:/home/billy/git/Robotics-Studio-2/install/ur_onrobot_moveit_config:/home/billy/git/Robotics-Studio-2/install/ur_onrobot_control:/home/billy/git/Robotics-Studio-2/install/ur_onrobot_description:/home/billy/git/Robotics-Studio-2/install/ur_gripper_demo:/home/billy/git/Robotics-Studio-2/install/ur3_demo_cpp:/home/billy/git/Robotics-Studio-2/install/onrobot_driver:/home/billy/git/Robotics-Studio-2/install/object_msgs:/home/billy/install/object_msgs:/opt/ros/humble /usr/bin/cmake /home/billy/git/Robotics-Studio-2/src/onrobot_driver -DCMAKE_INSTALL_PREFIX=/home/billy/git/Robotics-Studio-2/install/onrobot_driver
[0.102s] -- Found ament_cmake: 1.3.13 (/opt/ros/humble/share/ament_cmake/cmake)
[0.368s] -- Override CMake install command with custom implementation using symlinks instead of copying resources
[0.387s] -- Found controller_manager: 2.53.1 (/opt/ros/humble/share/controller_manager/cmake)
[0.622s] -- Found rosidl_generator_c: 3.1.8 (/opt/ros/humble/share/rosidl_generator_c/cmake)
[0.628s] -- Found rosidl_adapter: 3.1.8 (/opt/ros/humble/share/rosidl_adapter/cmake)
[0.639s] -- Found rosidl_generator_cpp: 3.1.8 (/opt/ros/humble/share/rosidl_generator_cpp/cmake)
[0.656s] -- Using all available rosidl_typesupport_c: rosidl_typesupport_fastrtps_c;rosidl_typesupport_introspection_c
[0.684s] -- Using all available rosidl_typesupport_cpp: rosidl_typesupport_fastrtps_cpp;rosidl_typesupport_introspection_cpp
[2.771s] -- Found rmw_implementation_cmake: 6.1.2 (/opt/ros/humble/share/rmw_implementation_cmake/cmake)
[2.775s] -- Found rmw_fastrtps_cpp: 6.2.10 (/opt/ros/humble/share/rmw_fastrtps_cpp/cmake)
[2.812s] -- Found TinyXML2 via Config file: TinyXML2_DIR-NOTFOUND
[2.831s] -- Found TinyXML2 via Config file: TinyXML2_DIR-NOTFOUND
[2.958s] -- Found TinyXML2 via Config file: TinyXML2_DIR-NOTFOUND
[2.978s] -- Found TinyXML2 via Config file: TinyXML2_DIR-NOTFOUND
[3.098s] -- Using RMW implementation 'rmw_fastrtps_cpp' as default
[3.260s] -- Found rclpy: 3.3.20 (/opt/ros/humble/share/rclpy/cmake)
[3.261s] -- Found std_srvs: 4.9.1 (/opt/ros/humble/share/std_srvs/cmake)
[3.282s] -- Found tf2_geometry_msgs: 0.25.19 (/opt/ros/humble/share/tf2_geometry_msgs/cmake)
[3.291s] -- Found eigen3_cmake_module: 0.1.1 (/opt/ros/humble/share/eigen3_cmake_module/cmake)
[3.294s] -- Ensuring Eigen3 include directory is part of orocos-kdl CMake target
[3.408s] -- Enabling Modbus Serial
[3.409s] -- Enabling Modbus Serial
[3.580s] -- Configuring done
[3.662s] -- Generating done
[3.684s] -- Build files have been written to: /home/billy/git/Robotics-Studio-2/build/onrobot_driver
[3.720s] Invoked command in '/home/billy/git/Robotics-Studio-2/build/onrobot_driver' returned '0': CMAKE_PREFIX_PATH=/home/billy/git/Robotics-Studio-2/install/onrobot_description:/home/billy/git/Robotics-Studio-2/install/ur_description_local:/home/billy/git/Robotics-Studio-2/install/ur_onrobot_moveit_config:/home/billy/git/Robotics-Studio-2/install/ur_onrobot_control:/home/billy/git/Robotics-Studio-2/install/ur_onrobot_description:/home/billy/git/Robotics-Studio-2/install/ur_gripper_demo:/home/billy/git/Robotics-Studio-2/install/ur3_demo_cpp:/home/billy/git/Robotics-Studio-2/install/onrobot_driver:/home/billy/git/Robotics-Studio-2/install/object_msgs:/home/billy/install/object_msgs:/opt/ros/humble /usr/bin/cmake /home/billy/git/Robotics-Studio-2/src/onrobot_driver -DCMAKE_INSTALL_PREFIX=/home/billy/git/Robotics-Studio-2/install/onrobot_driver
[3.723s] Invoking command in '/home/billy/git/Robotics-Studio-2/build/onrobot_driver': CMAKE_PREFIX_PATH=/home/billy/git/Robotics-Studio-2/install/onrobot_description:/home/billy/git/Robotics-Studio-2/install/ur_description_local:/home/billy/git/Robotics-Studio-2/install/ur_onrobot_moveit_config:/home/billy/git/Robotics-Studio-2/install/ur_onrobot_control:/home/billy/git/Robotics-Studio-2/install/ur_onrobot_description:/home/billy/git/Robotics-Studio-2/install/ur_gripper_demo:/home/billy/git/Robotics-Studio-2/install/ur3_demo_cpp:/home/billy/git/Robotics-Studio-2/install/onrobot_driver:/home/billy/git/Robotics-Studio-2/install/object_msgs:/home/billy/install/object_msgs:/opt/ros/humble /usr/bin/cmake --build /home/billy/git/Robotics-Studio-2/build/onrobot_driver -- -j16 -l16
[3.861s] [35m[1mConsolidate compiler generated dependencies of target Modbus_Core[0m
[3.908s] [ 35%] Built target Modbus_Core
[3.935s] [35m[1mConsolidate compiler generated dependencies of target Modbus_TCP[0m
[3.935s] [35m[1mConsolidate compiler generated dependencies of target Modbus_Serial[0m
[3.972s] [ 50%] Built target Modbus_Serial
[3.975s] [ 71%] Built target Modbus_TCP
[4.031s] [ 78%] Built target Modbus
[4.063s] [35m[1mConsolidate compiler generated dependencies of target onrobot_driver_plugin[0m
[4.126s] [100%] Built target onrobot_driver_plugin
[4.162s] Invoked command in '/home/billy/git/Robotics-Studio-2/build/onrobot_driver' returned '0': CMAKE_PREFIX_PATH=/home/billy/git/Robotics-Studio-2/install/onrobot_description:/home/billy/git/Robotics-Studio-2/install/ur_description_local:/home/billy/git/Robotics-Studio-2/install/ur_onrobot_moveit_config:/home/billy/git/Robotics-Studio-2/install/ur_onrobot_control:/home/billy/git/Robotics-Studio-2/install/ur_onrobot_description:/home/billy/git/Robotics-Studio-2/install/ur_gripper_demo:/home/billy/git/Robotics-Studio-2/install/ur3_demo_cpp:/home/billy/git/Robotics-Studio-2/install/onrobot_driver:/home/billy/git/Robotics-Studio-2/install/object_msgs:/home/billy/install/object_msgs:/opt/ros/humble /usr/bin/cmake --build /home/billy/git/Robotics-Studio-2/build/onrobot_driver -- -j16 -l16
[4.167s] Invoking command in '/home/billy/git/Robotics-Studio-2/build/onrobot_driver': CMAKE_PREFIX_PATH=/home/billy/git/Robotics-Studio-2/install/onrobot_description:/home/billy/git/Robotics-Studio-2/install/ur_description_local:/home/billy/git/Robotics-Studio-2/install/ur_onrobot_moveit_config:/home/billy/git/Robotics-Studio-2/install/ur_onrobot_control:/home/billy/git/Robotics-Studio-2/install/ur_onrobot_description:/home/billy/git/Robotics-Studio-2/install/ur_gripper_demo:/home/billy/git/Robotics-Studio-2/install/ur3_demo_cpp:/home/billy/git/Robotics-Studio-2/install/onrobot_driver:/home/billy/git/Robotics-Studio-2/install/object_msgs:/home/billy/install/object_msgs:/opt/ros/humble /usr/bin/cmake --install /home/billy/git/Robotics-Studio-2/build/onrobot_driver
[4.189s] -- Install configuration: ""
[4.193s] -- Execute custom install script
[4.196s] -- Up-to-date symlink: /home/billy/git/Robotics-Studio-2/install/onrobot_driver/share/onrobot_driver//rg_hardware_interface.xml
[4.197s] -- Up-to-date symlink: /home/billy/git/Robotics-Studio-2/install/onrobot_driver/lib/libonrobot_driver_plugin.so
[4.211s] -- Up-to-date symlink: /home/billy/git/Robotics-Studio-2/install/onrobot_driver/include/onrobot_driver/IModbusConnection.hpp
[4.211s] -- Up-to-date symlink: /home/billy/git/Robotics-Studio-2/install/onrobot_driver/include/onrobot_driver/Modbus/.clang-format
[4.212s] -- Up-to-date symlink: /home/billy/git/Robotics-Studio-2/install/onrobot_driver/include/onrobot_driver/Modbus/.git
[4.212s] -- Up-to-date symlink: /home/billy/git/Robotics-Studio-2/install/onrobot_driver/include/onrobot_driver/Modbus/CMakeLists.txt
[4.212s] -- Up-to-date symlink: /home/billy/git/Robotics-Studio-2/install/onrobot_driver/include/onrobot_driver/Modbus/Doxyfile
[4.212s] -- Up-to-date symlink: /home/billy/git/Robotics-Studio-2/install/onrobot_driver/include/onrobot_driver/Modbus/LICENSE
[4.213s] -- Up-to-date symlink: /home/billy/git/Robotics-Studio-2/install/onrobot_driver/include/onrobot_driver/Modbus/README.md
[4.213s] -- Up-to-date symlink: /home/billy/git/Robotics-Studio-2/install/onrobot_driver/include/onrobot_driver/Modbus/docs/html/Serial_2connection_8hpp_source.html
[4.214s] -- Up-to-date symlink: /home/billy/git/Robotics-Studio-2/install/onrobot_driver/include/onrobot_driver/Modbus/docs/html/TCP_2connection_8hpp_source.html
[4.215s] -- Up-to-date symlink: /home/billy/git/Robotics-Studio-2/install/onrobot_driver/include/onrobot_driver/Modbus/docs/html/annotated.html
[4.215s] -- Up-to-date symlink: /home/billy/git/Robotics-Studio-2/install/onrobot_driver/include/onrobot_driver/Modbus/docs/html/bc_s.png
[4.216s] -- Up-to-date symlink: /home/billy/git/Robotics-Studio-2/install/onrobot_driver/include/onrobot_driver/Modbus/docs/html/bc_sd.png
[4.216s] -- Up-to-date symlink: /home/billy/git/Robotics-Studio-2/install/onrobot_driver/include/onrobot_driver/Modbus/docs/html/bdwn.png
[4.217s] -- Up-to-date symlink: /home/billy/git/Robotics-Studio-2/install/onrobot_driver/include/onrobot_driver/Modbus/docs/html/classMB_1_1ModbusCell-members.html
[4.217s] -- Up-to-date symlink: /home/billy/git/Robotics-Studio-2/install/onrobot_driver/include/onrobot_driver/Modbus/docs/html/classMB_1_1ModbusCell.html
[4.218s] -- Up-to-date symlink: /home/billy/git/Robotics-Studio-2/install/onrobot_driver/include/onrobot_driver/Modbus/docs/html/classMB_1_1ModbusException-members.html
[4.218s] -- Up-to-date symlink: /home/billy/git/Robotics-Studio-2/install/onrobot_driver/include/onrobot_driver/Modbus/docs/html/classMB_1_1ModbusException.html
[4.219s] -- Up-to-date symlink: /home/billy/git/Robotics-Studio-2/install/onrobot_driver/include/onrobot_driver/Modbus/docs/html/classMB_1_1ModbusException.png
[4.220s] -- Up-to-date symlink: /home/billy/git/Robotics-Studio-2/install/onrobot_driver/include/onrobot_driver/Modbus/docs/html/classMB_1_1ModbusRequest-members.html
[4.220s] -- Up-to-date symlink: /home/billy/git/Robotics-Studio-2/install/onrobot_driver/include/onrobot_driver/Modbus/docs/html/classMB_1_1ModbusRequest.html
[4.221s] -- Up-to-date symlink: /home/billy/git/Robotics-Studio-2/install/onrobot_driver/include/onrobot_driver/Modbus/docs/html/classMB_1_1ModbusResponse-members.html
[4.221s] -- Up-to-date symlink: /home/billy/git/Robotics-Studio-2/install/onrobot_driver/include/onrobot_driver/Modbus/docs/html/classMB_1_1ModbusResponse.html
[4.222s] -- Up-to-date symlink: /home/billy/git/Robotics-Studio-2/install/onrobot_driver/include/onrobot_driver/Modbus/docs/html/classMB_1_1Serial_1_1Connection-members.html
[4.222s] -- Up-to-date symlink: /home/billy/git/Robotics-Studio-2/install/onrobot_driver/include/onrobot_driver/Modbus/docs/html/classMB_1_1Serial_1_1Connection.html
[4.223s] -- Up-to-date symlink: /home/billy/git/Robotics-Studio-2/install/onrobot_driver/include/onrobot_driver/Modbus/docs/html/classMB_1_1TCP_1_1Connection-members.html
[4.223s] -- Up-to-date symlink: /home/billy/git/Robotics-Studio-2/install/onrobot_driver/include/onrobot_driver/Modbus/docs/html/classMB_1_1TCP_1_1Connection.html
[4.224s] -- Up-to-date symlink: /home/billy/git/Robotics-Studio-2/install/onrobot_driver/include/onrobot_driver/Modbus/docs/html/classMB_1_1TCP_1_1Server-members.html
[4.224s] -- Up-to-date symlink: /home/billy/git/Robotics-Studio-2/install/onrobot_driver/include/onrobot_driver/Modbus/docs/html/classMB_1_1TCP_1_1Server.html
[4.225s] -- Up-to-date symlink: /home/billy/git/Robotics-Studio-2/install/onrobot_driver/include/onrobot_driver/Modbus/docs/html/classes.html
[4.226s] -- Up-to-date symlink: /home/billy/git/Robotics-Studio-2/install/onrobot_driver/include/onrobot_driver/Modbus/docs/html/clipboard.js
[4.226s] -- Up-to-date symlink: /home/billy/git/Robotics-Studio-2/install/onrobot_driver/include/onrobot_driver/Modbus/docs/html/closed.png
[4.227s] -- Up-to-date symlink: /home/billy/git/Robotics-Studio-2/install/onrobot_driver/include/onrobot_driver/Modbus/docs/html/cookie.js
[4.227s] -- Up-to-date symlink: /home/billy/git/Robotics-Studio-2/install/onrobot_driver/include/onrobot_driver/Modbus/docs/html/crc_8hpp_source.html
[4.228s] -- Up-to-date symlink: /home/billy/git/Robotics-Studio-2/install/onrobot_driver/include/onrobot_driver/Modbus/docs/html/deprecated.html
[4.229s] -- Up-to-date symlink: /home/billy/git/Robotics-Studio-2/install/onrobot_driver/include/onrobot_driver/Modbus/docs/html/dir_5c4711b76244cf820e6fc766a3eae98f.html
[4.229s] -- Up-to-date symlink: /home/billy/git/Robotics-Studio-2/install/onrobot_driver/include/onrobot_driver/Modbus/docs/html/dir_68267d1309a1af8e8297ef4c3efbcdba.html
[4.230s] -- Up-to-date symlink: /home/billy/git/Robotics-Studio-2/install/onrobot_driver/include/onrobot_driver/Modbus/docs/html/dir_89deb882b528f943e97271a20701dad4.html
[4.230s] -- Up-to-date symlink: /home/billy/git/Robotics-Studio-2/install/onrobot_driver/include/onrobot_driver/Modbus/docs/html/dir_bce4fe468017adc58bf81882531ea016.html
[4.231s] -- Up-to-date symlink: /home/billy/git/Robotics-Studio-2/install/onrobot_driver/include/onrobot_driver/Modbus/docs/html/dir_d44c64559bbebec7f509842c48db8b23.html
[4.232s] -- Up-to-date symlink: /home/billy/git/Robotics-Studio-2/install/onrobot_driver/include/onrobot_driver/Modbus/docs/html/dir_f8aebf652183de33714d471cbd098255.html
[4.232s] -- Up-to-date symlink: /home/billy/git/Robotics-Studio-2/install/onrobot_driver/include/onrobot_driver/Modbus/docs/html/dir_fa17a7b3bf7c731ce009520520ae23a8.html
[4.233s] -- Up-to-date symlink: /home/billy/git/Robotics-Studio-2/install/onrobot_driver/include/onrobot_driver/Modbus/docs/html/doc.png
[4.233s] -- Up-to-date symlink: /home/billy/git/Robotics-Studio-2/install/onrobot_driver/include/onrobot_driver/Modbus/docs/html/doc.svg
[4.233s] -- Up-to-date symlink: /home/billy/git/Robotics-Studio-2/install/onrobot_driver/include/onrobot_driver/Modbus/docs/html/docd.svg
[4.234s] -- Up-to-date symlink: /home/billy/git/Robotics-Studio-2/install/onrobot_driver/include/onrobot_driver/Modbus/docs/html/doxygen.css
[4.234s] -- Up-to-date symlink: /home/billy/git/Robotics-Studio-2/install/onrobot_driver/include/onrobot_driver/Modbus/docs/html/doxygen.svg
[4.235s] -- Up-to-date symlink: /home/billy/git/Robotics-Studio-2/install/onrobot_driver/include/onrobot_driver/Modbus/docs/html/doxygen_crawl.html
[4.235s] -- Up-to-date symlink: /home/billy/git/Robotics-Studio-2/install/onrobot_driver/include/onrobot_driver/Modbus/docs/html/dynsections.js
[4.236s] -- Up-to-date symlink: /home/billy/git/Robotics-Studio-2/install/onrobot_driver/include/onrobot_driver/Modbus/docs/html/files.html
[4.236s] -- Up-to-date symlink: /home/billy/git/Robotics-Studio-2/install/onrobot_driver/include/onrobot_driver/Modbus/docs/html/folderclosed.png
[4.237s] -- Up-to-date symlink: /home/billy/git/Robotics-Studio-2/install/onrobot_driver/include/onrobot_driver/Modbus/docs/html/folderclosed.svg
[4.238s] -- Up-to-date symlink: /home/billy/git/Robotics-Studio-2/install/onrobot_driver/include/onrobot_driver/Modbus/docs/html/folderclosedd.svg
[4.238s] -- Up-to-date symlink: /home/billy/git/Robotics-Studio-2/install/onrobot_driver/include/onrobot_driver/Modbus/docs/html/folderopen.png
[4.238s] -- Up-to-date symlink: /home/billy/git/Robotics-Studio-2/install/onrobot_driver/include/onrobot_driver/Modbus/docs/html/folderopen.svg
[4.239s] -- Up-to-date symlink: /home/billy/git/Robotics-Studio-2/install/onrobot_driver/include/onrobot_driver/Modbus/docs/html/folderopend.svg
[4.240s] -- Up-to-date symlink: /home/billy/git/Robotics-Studio-2/install/onrobot_driver/include/onrobot_driver/Modbus/docs/html/functions.html
[4.241s] -- Up-to-date symlink: /home/billy/git/Robotics-Studio-2/install/onrobot_driver/include/onrobot_driver/Modbus/docs/html/functions_func.html
[4.242s] -- Up-to-date symlink: /home/billy/git/Robotics-Studio-2/install/onrobot_driver/include/onrobot_driver/Modbus/docs/html/group__MB.html
[4.242s] -- Up-to-date symlink: /home/billy/git/Robotics-Studio-2/install/onrobot_driver/include/onrobot_driver/Modbus/docs/html/hierarchy.html
[4.243s] -- Up-to-date symlink: /home/billy/git/Robotics-Studio-2/install/onrobot_driver/include/onrobot_driver/Modbus/docs/html/index.html
[4.244s] -- Up-to-date symlink: /home/billy/git/Robotics-Studio-2/install/onrobot_driver/include/onrobot_driver/Modbus/docs/html/jquery.js
[4.245s] -- Up-to-date symlink: /home/billy/git/Robotics-Studio-2/install/onrobot_driver/include/onrobot_driver/Modbus/docs/html/menu.js
[4.246s] -- Up-to-date symlink: /home/billy/git/Robotics-Studio-2/install/onrobot_driver/include/onrobot_driver/Modbus/docs/html/menudata.js
[4.246s] -- Up-to-date symlink: /home/billy/git/Robotics-Studio-2/install/onrobot_driver/include/onrobot_driver/Modbus/docs/html/minus.svg
[4.247s] -- Up-to-date symlink: /home/billy/git/Robotics-Studio-2/install/onrobot_driver/include/onrobot_driver/Modbus/docs/html/minusd.svg
[4.247s] -- Up-to-date symlink: /home/billy/git/Robotics-Studio-2/install/onrobot_driver/include/onrobot_driver/Modbus/docs/html/modbusCell_8hpp_source.html
[4.248s] -- Up-to-date symlink: /home/billy/git/Robotics-Studio-2/install/onrobot_driver/include/onrobot_driver/Modbus/docs/html/modbusException_8hpp_source.html
[4.248s] -- Up-to-date symlink: /home/billy/git/Robotics-Studio-2/install/onrobot_driver/include/onrobot_driver/Modbus/docs/html/modbusRequest_8hpp_source.html
[4.249s] -- Up-to-date symlink: /home/billy/git/Robotics-Studio-2/install/onrobot_driver/include/onrobot_driver/Modbus/docs/html/modbusResponse_8hpp_source.html
[4.250s] -- Up-to-date symlink: /home/billy/git/Robotics-Studio-2/install/onrobot_driver/include/onrobot_driver/Modbus/docs/html/modbusUtils_8hpp_source.html
[4.250s] -- Up-to-date symlink: /home/billy/git/Robotics-Studio-2/install/onrobot_driver/include/onrobot_driver/Modbus/docs/html/modules.html
[4.251s] -- Up-to-date symlink: /home/billy/git/Robotics-Studio-2/install/onrobot_driver/include/onrobot_driver/Modbus/docs/html/namespaceMB.html
[4.251s] -- Up-to-date symlink: /home/billy/git/Robotics-Studio-2/install/onrobot_driver/include/onrobot_driver/Modbus/docs/html/namespaceMB_1_1CRC.html
[4.252s] -- Up-to-date symlink: /home/billy/git/Robotics-Studio-2/install/onrobot_driver/include/onrobot_driver/Modbus/docs/html/namespaceMB_1_1utils.html
[4.253s] -- Up-to-date symlink: /home/billy/git/Robotics-Studio-2/install/onrobot_driver/include/onrobot_driver/Modbus/docs/html/namespacemembers.html
[4.253s] -- Up-to-date symlink: /home/billy/git/Robotics-Studio-2/install/onrobot_driver/include/onrobot_driver/Modbus/docs/html/namespacemembers_enum.html
[4.254s] -- Up-to-date symlink: /home/billy/git/Robotics-Studio-2/install/onrobot_driver/include/onrobot_driver/Modbus/docs/html/namespacemembers_func.html
[4.254s] -- Up-to-date symlink: /home/billy/git/Robotics-Studio-2/install/onrobot_driver/include/onrobot_driver/Modbus/docs/html/namespaces.html
[4.255s] -- Up-to-date symlink: /home/billy/git/Robotics-Studio-2/install/onrobot_driver/include/onrobot_driver/Modbus/docs/html/nav_f.png
[4.255s] -- Up-to-date symlink: /home/billy/git/Robotics-Studio-2/install/onrobot_driver/include/onrobot_driver/Modbus/docs/html/nav_fd.png
[4.256s] -- Up-to-date symlink: /home/billy/git/Robotics-Studio-2/install/onrobot_driver/include/onrobot_driver/Modbus/docs/html/nav_g.png
[4.256s] -- Up-to-date symlink: /home/billy/git/Robotics-Studio-2/install/onrobot_driver/include/onrobot_driver/Modbus/docs/html/nav_h.png
[4.257s] -- Up-to-date symlink: /home/billy/git/Robotics-Studio-2/install/onrobot_driver/include/onrobot_driver/Modbus/docs/html/nav_hd.png
[4.257s] -- Up-to-date symlink: /home/billy/git/Robotics-Studio-2/install/onrobot_driver/include/onrobot_driver/Modbus/docs/html/open.png
[4.258s] -- Up-to-date symlink: /home/billy/git/Robotics-Studio-2/install/onrobot_driver/include/onrobot_driver/Modbus/docs/html/pages.html
[4.258s] -- Up-to-date symlink: /home/billy/git/Robotics-Studio-2/install/onrobot_driver/include/onrobot_driver/Modbus/docs/html/plus.svg
[4.259s] -- Up-to-date symlink: /home/billy/git/Robotics-Studio-2/install/onrobot_driver/include/onrobot_driver/Modbus/docs/html/plusd.svg
[4.259s] -- Up-to-date symlink: /home/billy/git/Robotics-Studio-2/install/onrobot_driver/include/onrobot_driver/Modbus/docs/html/search/all_0.html
[4.260s] -- Up-to-date symlink: /home/billy/git/Robotics-Studio-2/install/onrobot_driver/include/onrobot_driver/Modbus/docs/html/search/all_0.js
[4.260s] -- Up-to-date symlink: /home/billy/git/Robotics-Studio-2/install/onrobot_driver/include/onrobot_driver/Modbus/docs/html/search/all_1.html
[4.261s] -- Up-to-date symlink: /home/billy/git/Robotics-Studio-2/install/onrobot_driver/include/onrobot_driver/Modbus/docs/html/search/all_1.js
[4.261s] -- Up-to-date symlink: /home/billy/git/Robotics-Studio-2/install/onrobot_driver/include/onrobot_driver/Modbus/docs/html/search/all_10.js
[4.262s] -- Up-to-date symlink: /home/billy/git/Robotics-Studio-2/install/onrobot_driver/include/onrobot_driver/Modbus/docs/html/search/all_11.js
[4.263s] -- Up-to-date symlink: /home/billy/git/Robotics-Studio-2/install/onrobot_driver/include/onrobot_driver/Modbus/docs/html/search/all_2.html
[4.263s] -- Up-to-date symlink: /home/billy/git/Robotics-Studio-2/install/onrobot_driver/include/onrobot_driver/Modbus/docs/html/search/all_2.js
[4.264s] -- Up-to-date symlink: /home/billy/git/Robotics-Studio-2/install/onrobot_driver/include/onrobot_driver/Modbus/docs/html/search/all_3.html
[4.264s] -- Up-to-date symlink: /home/billy/git/Robotics-Studio-2/install/onrobot_driver/include/onrobot_driver/Modbus/docs/html/search/all_3.js
[4.265s] -- Up-to-date symlink: /home/billy/git/Robotics-Studio-2/install/onrobot_driver/include/onrobot_driver/Modbus/docs/html/search/all_4.html
[4.266s] -- Up-to-date symlink: /home/billy/git/Robotics-Studio-2/install/onrobot_driver/include/onrobot_driver/Modbus/docs/html/search/all_4.js
[4.266s] -- Up-to-date symlink: /home/billy/git/Robotics-Studio-2/install/onrobot_driver/include/onrobot_driver/Modbus/docs/html/search/all_5.html
[4.267s] -- Up-to-date symlink: /home/billy/git/Robotics-Studio-2/install/onrobot_driver/include/onrobot_driver/Modbus/docs/html/search/all_5.js
[4.268s] -- Up-to-date symlink: /home/billy/git/Robotics-Studio-2/install/onrobot_driver/include/onrobot_driver/Modbus/docs/html/search/all_6.html
[4.268s] -- Up-to-date symlink: /home/billy/git/Robotics-Studio-2/install/onrobot_driver/include/onrobot_driver/Modbus/docs/html/search/all_6.js
[4.269s] -- Up-to-date symlink: /home/billy/git/Robotics-Studio-2/install/onrobot_driver/include/onrobot_driver/Modbus/docs/html/search/all_7.html
[4.269s] -- Up-to-date symlink: /home/billy/git/Robotics-Studio-2/install/onrobot_driver/include/onrobot_driver/Modbus/docs/html/search/all_7.js
[4.270s] -- Up-to-date symlink: /home/billy/git/Robotics-Studio-2/install/onrobot_driver/include/onrobot_driver/Modbus/docs/html/search/all_8.html
[4.270s] -- Up-to-date symlink: /home/billy/git/Robotics-Studio-2/install/onrobot_driver/include/onrobot_driver/Modbus/docs/html/search/all_8.js
[4.271s] -- Up-to-date symlink: /home/billy/git/Robotics-Studio-2/install/onrobot_driver/include/onrobot_driver/Modbus/docs/html/search/all_9.html
[4.271s] -- Up-to-date symlink: /home/billy/git/Robotics-Studio-2/install/onrobot_driver/include/onrobot_driver/Modbus/docs/html/search/all_9.js
[4.272s] -- Up-to-date symlink: /home/billy/git/Robotics-Studio-2/install/onrobot_driver/include/onrobot_driver/Modbus/docs/html/search/all_a.js
[4.273s] -- Up-to-date symlink: /home/billy/git/Robotics-Studio-2/install/onrobot_driver/include/onrobot_driver/Modbus/docs/html/search/all_b.js
[4.273s] -- Up-to-date symlink: /home/billy/git/Robotics-Studio-2/install/onrobot_driver/include/onrobot_driver/Modbus/docs/html/search/all_c.js
[4.274s] -- Up-to-date symlink: /home/billy/git/Robotics-Studio-2/install/onrobot_driver/include/onrobot_driver/Modbus/docs/html/search/all_d.js
[4.274s] -- Up-to-date symlink: /home/billy/git/Robotics-Studio-2/install/onrobot_driver/include/onrobot_driver/Modbus/docs/html/search/all_e.js
[4.275s] -- Up-to-date symlink: /home/billy/git/Robotics-Studio-2/install/onrobot_driver/include/onrobot_driver/Modbus/docs/html/search/all_f.js
[4.276s] -- Up-to-date symlink: /home/billy/git/Robotics-Studio-2/install/onrobot_driver/include/onrobot_driver/Modbus/docs/html/search/classes_0.html
[4.276s] -- Up-to-date symlink: /home/billy/git/Robotics-Studio-2/install/onrobot_driver/include/onrobot_driver/Modbus/docs/html/search/classes_0.js
[4.277s] -- Up-to-date symlink: /home/billy/git/Robotics-Studio-2/install/onrobot_driver/include/onrobot_driver/Modbus/docs/html/search/classes_1.html
[4.277s] -- Up-to-date symlink: /home/billy/git/Robotics-Studio-2/install/onrobot_driver/include/onrobot_driver/Modbus/docs/html/search/classes_1.js
[4.278s] -- Up-to-date symlink: /home/billy/git/Robotics-Studio-2/install/onrobot_driver/include/onrobot_driver/Modbus/docs/html/search/classes_2.html
[4.278s] -- Up-to-date symlink: /home/billy/git/Robotics-Studio-2/install/onrobot_driver/include/onrobot_driver/Modbus/docs/html/search/classes_2.js
[4.279s] -- Up-to-date symlink: /home/billy/git/Robotics-Studio-2/install/onrobot_driver/include/onrobot_driver/Modbus/docs/html/search/close.svg
[4.279s] -- Up-to-date symlink: /home/billy/git/Robotics-Studio-2/install/onrobot_driver/include/onrobot_driver/Modbus/docs/html/search/enums_0.html
[4.280s] -- Up-to-date symlink: /home/billy/git/Robotics-Studio-2/install/onrobot_driver/include/onrobot_driver/Modbus/docs/html/search/enums_0.js
[4.281s] -- Up-to-date symlink: /home/billy/git/Robotics-Studio-2/install/onrobot_driver/include/onrobot_driver/Modbus/docs/html/search/functions_0.html
[4.281s] -- Up-to-date symlink: /home/billy/git/Robotics-Studio-2/install/onrobot_driver/include/onrobot_driver/Modbus/docs/html/search/functions_0.js
[4.282s] -- Up-to-date symlink: /home/billy/git/Robotics-Studio-2/install/onrobot_driver/include/onrobot_driver/Modbus/docs/html/search/functions_1.html
[4.282s] -- Up-to-date symlink: /home/billy/git/Robotics-Studio-2/install/onrobot_driver/include/onrobot_driver/Modbus/docs/html/search/functions_1.js
[4.283s] -- Up-to-date symlink: /home/billy/git/Robotics-Studio-2/install/onrobot_driver/include/onrobot_driver/Modbus/docs/html/search/functions_2.html
[4.284s] -- Up-to-date symlink: /home/billy/git/Robotics-Studio-2/install/onrobot_driver/include/onrobot_driver/Modbus/docs/html/search/functions_2.js
[4.285s] -- Up-to-date symlink: /home/billy/git/Robotics-Studio-2/install/onrobot_driver/include/onrobot_driver/Modbus/docs/html/search/functions_3.html
[4.285s] -- Up-to-date symlink: /home/billy/git/Robotics-Studio-2/install/onrobot_driver/include/onrobot_driver/Modbus/docs/html/search/functions_3.js
[4.286s] -- Up-to-date symlink: /home/billy/git/Robotics-Studio-2/install/onrobot_driver/include/onrobot_driver/Modbus/docs/html/search/functions_4.html
[4.286s] -- Up-to-date symlink: /home/billy/git/Robotics-Studio-2/install/onrobot_driver/include/onrobot_driver/Modbus/docs/html/search/functions_4.js
[4.287s] -- Up-to-date symlink: /home/billy/git/Robotics-Studio-2/install/onrobot_driver/include/onrobot_driver/Modbus/docs/html/search/functions_5.html
[4.288s] -- Up-to-date symlink: /home/billy/git/Robotics-Studio-2/install/onrobot_driver/include/onrobot_driver/Modbus/docs/html/search/functions_5.js
[4.288s] -- Up-to-date symlink: /home/billy/git/Robotics-Studio-2/install/onrobot_driver/include/onrobot_driver/Modbus/docs/html/search/functions_6.html
[4.289s] -- Up-to-date symlink: /home/billy/git/Robotics-Studio-2/install/onrobot_driver/include/onrobot_driver/Modbus/docs/html/search/functions_6.js
[4.289s] -- Up-to-date symlink: /home/billy/git/Robotics-Studio-2/install/onrobot_driver/include/onrobot_driver/Modbus/docs/html/search/functions_7.html
[4.290s] -- Up-to-date symlink: /home/billy/git/Robotics-Studio-2/install/onrobot_driver/include/onrobot_driver/Modbus/docs/html/search/functions_7.js
[4.290s] -- Up-to-date symlink: /home/billy/git/Robotics-Studio-2/install/onrobot_driver/include/onrobot_driver/Modbus/docs/html/search/functions_8.html
[4.291s] -- Up-to-date symlink: /home/billy/git/Robotics-Studio-2/install/onrobot_driver/include/onrobot_driver/Modbus/docs/html/search/functions_8.js
[4.292s] -- Up-to-date symlink: /home/billy/git/Robotics-Studio-2/install/onrobot_driver/include/onrobot_driver/Modbus/docs/html/search/functions_9.html
[4.292s] -- Up-to-date symlink: /home/billy/git/Robotics-Studio-2/install/onrobot_driver/include/onrobot_driver/Modbus/docs/html/search/functions_9.js
[4.292s] -- Up-to-date symlink: /home/billy/git/Robotics-Studio-2/install/onrobot_driver/include/onrobot_driver/Modbus/docs/html/search/functions_a.js
[4.293s] -- Up-to-date symlink: /home/billy/git/Robotics-Studio-2/install/onrobot_driver/include/onrobot_driver/Modbus/docs/html/search/mag.svg
[4.293s] -- Up-to-date symlink: /home/billy/git/Robotics-Studio-2/install/onrobot_driver/include/onrobot_driver/Modbus/docs/html/search/mag_d.svg
[4.295s] -- Up-to-date symlink: /home/billy/git/Robotics-Studio-2/install/onrobot_driver/include/onrobot_driver/Modbus/docs/html/search/mag_sel.svg
[4.296s] -- Up-to-date symlink: /home/billy/git/Robotics-Studio-2/install/onrobot_driver/include/onrobot_driver/Modbus/docs/html/search/mag_seld.svg
[4.297s] -- Up-to-date symlink: /home/billy/git/Robotics-Studio-2/install/onrobot_driver/include/onrobot_driver/Modbus/docs/html/search/namespaces_0.html
[4.298s] -- Up-to-date symlink: /home/billy/git/Robotics-Studio-2/install/onrobot_driver/include/onrobot_driver/Modbus/docs/html/search/namespaces_0.js
[4.298s] -- Up-to-date symlink: /home/billy/git/Robotics-Studio-2/install/onrobot_driver/include/onrobot_driver/Modbus/docs/html/search/nomatches.html
[4.298s] -- Up-to-date symlink: /home/billy/git/Robotics-Studio-2/install/onrobot_driver/include/onrobot_driver/Modbus/docs/html/search/pages_0.js
[4.299s] -- Up-to-date symlink: /home/billy/git/Robotics-Studio-2/install/onrobot_driver/include/onrobot_driver/Modbus/docs/html/search/pages_1.js
[4.299s] -- Up-to-date symlink: /home/billy/git/Robotics-Studio-2/install/onrobot_driver/include/onrobot_driver/Modbus/docs/html/search/pages_2.js
[4.300s] -- Up-to-date symlink: /home/billy/git/Robotics-Studio-2/install/onrobot_driver/include/onrobot_driver/Modbus/docs/html/search/pages_3.js
[4.300s] -- Up-to-date symlink: /home/billy/git/Robotics-Studio-2/install/onrobot_driver/include/onrobot_driver/Modbus/docs/html/search/search.css
[4.301s] -- Up-to-date symlink: /home/billy/git/Robotics-Studio-2/install/onrobot_driver/include/onrobot_driver/Modbus/docs/html/search/search.js
[4.302s] -- Up-to-date symlink: /home/billy/git/Robotics-Studio-2/install/onrobot_driver/include/onrobot_driver/Modbus/docs/html/search/search_l.png
[4.302s] -- Up-to-date symlink: /home/billy/git/Robotics-Studio-2/install/onrobot_driver/include/onrobot_driver/Modbus/docs/html/search/search_m.png
[4.303s] -- Up-to-date symlink: /home/billy/git/Robotics-Studio-2/install/onrobot_driver/include/onrobot_driver/Modbus/docs/html/search/search_r.png
[4.303s] -- Up-to-date symlink: /home/billy/git/Robotics-Studio-2/install/onrobot_driver/include/onrobot_driver/Modbus/docs/html/search/searchdata.js
[4.304s] -- Up-to-date symlink: /home/billy/git/Robotics-Studio-2/install/onrobot_driver/include/onrobot_driver/Modbus/docs/html/server_8hpp_source.html
[4.305s] -- Up-to-date symlink: /home/billy/git/Robotics-Studio-2/install/onrobot_driver/include/onrobot_driver/Modbus/docs/html/splitbar.png
[4.305s] -- Up-to-date symlink: /home/billy/git/Robotics-Studio-2/install/onrobot_driver/include/onrobot_driver/Modbus/docs/html/splitbard.png
[4.306s] -- Up-to-date symlink: /home/billy/git/Robotics-Studio-2/install/onrobot_driver/include/onrobot_driver/Modbus/docs/html/sync_off.png
[4.306s] -- Up-to-date symlink: /home/billy/git/Robotics-Studio-2/install/onrobot_driver/include/onrobot_driver/Modbus/docs/html/sync_on.png
[4.307s] -- Up-to-date symlink: /home/billy/git/Robotics-Studio-2/install/onrobot_driver/include/onrobot_driver/Modbus/docs/html/tab_a.png
[4.307s] -- Up-to-date symlink: /home/billy/git/Robotics-Studio-2/install/onrobot_driver/include/onrobot_driver/Modbus/docs/html/tab_ad.png
[4.308s] -- Up-to-date symlink: /home/billy/git/Robotics-Studio-2/install/onrobot_driver/include/onrobot_driver/Modbus/docs/html/tab_b.png
[4.309s] -- Up-to-date symlink: /home/billy/git/Robotics-Studio-2/install/onrobot_driver/include/onrobot_driver/Modbus/docs/html/tab_bd.png
[4.309s] -- Up-to-date symlink: /home/billy/git/Robotics-Studio-2/install/onrobot_driver/include/onrobot_driver/Modbus/docs/html/tab_h.png
[4.310s] -- Up-to-date symlink: /home/billy/git/Robotics-Studio-2/install/onrobot_driver/include/onrobot_driver/Modbus/docs/html/tab_hd.png
[4.310s] -- Up-to-date symlink: /home/billy/git/Robotics-Studio-2/install/onrobot_driver/include/onrobot_driver/Modbus/docs/html/tab_s.png
[4.311s] -- Up-to-date symlink: /home/billy/git/Robotics-Studio-2/install/onrobot_driver/include/onrobot_driver/Modbus/docs/html/tab_sd.png
[4.311s] -- Up-to-date symlink: /home/billy/git/Robotics-Studio-2/install/onrobot_driver/include/onrobot_driver/Modbus/docs/html/tabs.css
[4.312s] -- Up-to-date symlink: /home/billy/git/Robotics-Studio-2/install/onrobot_driver/include/onrobot_driver/Modbus/example/main.cpp
[4.312s] -- Up-to-date symlink: /home/billy/git/Robotics-Studio-2/install/onrobot_driver/include/onrobot_driver/Modbus/include/MB/Serial/connection.hpp
[4.313s] -- Up-to-date symlink: /home/billy/git/Robotics-Studio-2/install/onrobot_driver/include/onrobot_driver/Modbus/include/MB/TCP/connection.hpp
[4.313s] -- Up-to-date symlink: /home/billy/git/Robotics-Studio-2/install/onrobot_driver/include/onrobot_driver/Modbus/include/MB/TCP/server.hpp
[4.314s] -- Up-to-date symlink: /home/billy/git/Robotics-Studio-2/install/onrobot_driver/include/onrobot_driver/Modbus/include/MB/crc.hpp
[4.314s] -- Up-to-date symlink: /home/billy/git/Robotics-Studio-2/install/onrobot_driver/include/onrobot_driver/Modbus/include/MB/modbusCell.hpp
[4.315s] -- Up-to-date symlink: /home/billy/git/Robotics-Studio-2/install/onrobot_driver/include/onrobot_driver/Modbus/include/MB/modbusException.hpp
[4.315s] -- Up-to-date symlink: /home/billy/git/Robotics-Studio-2/install/onrobot_driver/include/onrobot_driver/Modbus/include/MB/modbusRequest.hpp
[4.315s] -- Up-to-date symlink: /home/billy/git/Robotics-Studio-2/install/onrobot_driver/include/onrobot_driver/Modbus/include/MB/modbusResponse.hpp
[4.316s] -- Up-to-date symlink: /home/billy/git/Robotics-Studio-2/install/onrobot_driver/include/onrobot_driver/Modbus/include/MB/modbusUtils.hpp
[4.316s] -- Up-to-date symlink: /home/billy/git/Robotics-Studio-2/install/onrobot_driver/include/onrobot_driver/Modbus/reformat-all.sh
[4.317s] -- Up-to-date symlink: /home/billy/git/Robotics-Studio-2/install/onrobot_driver/include/onrobot_driver/Modbus/shell.nix
[4.317s] -- Up-to-date symlink: /home/billy/git/Robotics-Studio-2/install/onrobot_driver/include/onrobot_driver/Modbus/src/CMakeLists.txt
[4.318s] -- Up-to-date symlink: /home/billy/git/Robotics-Studio-2/install/onrobot_driver/include/onrobot_driver/Modbus/src/Serial/CMakeLists.txt
[4.318s] -- Up-to-date symlink: /home/billy/git/Robotics-Studio-2/install/onrobot_driver/include/onrobot_driver/Modbus/src/Serial/connection.cpp
[4.318s] -- Up-to-date symlink: /home/billy/git/Robotics-Studio-2/install/onrobot_driver/include/onrobot_driver/Modbus/src/TCP/CMakeLists.txt
[4.319s] -- Up-to-date symlink: /home/billy/git/Robotics-Studio-2/install/onrobot_driver/include/onrobot_driver/Modbus/src/TCP/connection.cpp
[4.319s] -- Up-to-date symlink: /home/billy/git/Robotics-Studio-2/install/onrobot_driver/include/onrobot_driver/Modbus/src/TCP/server.cpp
[4.319s] -- Up-to-date symlink: /home/billy/git/Robotics-Studio-2/install/onrobot_driver/include/onrobot_driver/Modbus/src/crc.cpp
[4.320s] -- Up-to-date symlink: /home/billy/git/Robotics-Studio-2/install/onrobot_driver/include/onrobot_driver/Modbus/src/modbusException.cpp
[4.320s] -- Up-to-date symlink: /home/billy/git/Robotics-Studio-2/install/onrobot_driver/include/onrobot_driver/Modbus/src/modbusRequest.cpp
[4.321s] -- Up-to-date symlink: /home/billy/git/Robotics-Studio-2/install/onrobot_driver/include/onrobot_driver/Modbus/src/modbusResponse.cpp
[4.321s] -- Up-to-date symlink: /home/billy/git/Robotics-Studio-2/install/onrobot_driver/include/onrobot_driver/Modbus/tests/CMakeLists.txt
[4.322s] -- Up-to-date symlink: /home/billy/git/Robotics-Studio-2/install/onrobot_driver/include/onrobot_driver/Modbus/tests/MB/ModbusCellTests.cpp
[4.322s] -- Up-to-date symlink: /home/billy/git/Robotics-Studio-2/install/onrobot_driver/include/onrobot_driver/Modbus/tests/MB/ModbusExceptionTests.cpp
[4.322s] -- Up-to-date symlink: /home/billy/git/Robotics-Studio-2/install/onrobot_driver/include/onrobot_driver/Modbus/tests/MB/ModbusFunctionalTests.cpp
[4.323s] -- Up-to-date symlink: /home/billy/git/Robotics-Studio-2/install/onrobot_driver/include/onrobot_driver/Modbus/tests/MB/ModbusRequestTests.cpp
[4.324s] -- Up-to-date symlink: /home/billy/git/Robotics-Studio-2/install/onrobot_driver/include/onrobot_driver/Modbus/tests/MB/ModbusResponseTests.cpp
[4.324s] -- Up-to-date symlink: /home/billy/git/Robotics-Studio-2/install/onrobot_driver/include/onrobot_driver/Modbus/tests/main.cpp
[4.325s] -- Up-to-date symlink: /home/billy/git/Robotics-Studio-2/install/onrobot_driver/include/onrobot_driver/RG.hpp
[4.325s] -- Up-to-date symlink: /home/billy/git/Robotics-Studio-2/install/onrobot_driver/include/onrobot_driver/SerialConnectionWrapper.hpp
[4.326s] -- Up-to-date symlink: /home/billy/git/Robotics-Studio-2/install/onrobot_driver/include/onrobot_driver/TCPConnectionWrapper.hpp
[4.326s] -- Up-to-date symlink: /home/billy/git/Robotics-Studio-2/install/onrobot_driver/include/onrobot_driver/rg_hardware_interface.hpp
[4.327s] -- Up-to-date symlink: /home/billy/git/Robotics-Studio-2/install/onrobot_driver/share/onrobot_driver/environment/library_path.sh
[4.328s] -- Up-to-date symlink: /home/billy/git/Robotics-Studio-2/install/onrobot_driver/share/onrobot_driver/environment/library_path.dsv
[4.333s] -- Up-to-date symlink: /home/billy/git/Robotics-Studio-2/install/onrobot_driver/include/onrobot_driver/IModbusConnection.hpp
[4.334s] -- Up-to-date symlink: /home/billy/git/Robotics-Studio-2/install/onrobot_driver/include/onrobot_driver/Modbus/.clang-format
[4.334s] -- Up-to-date symlink: /home/billy/git/Robotics-Studio-2/install/onrobot_driver/include/onrobot_driver/Modbus/.git
[4.334s] -- Up-to-date symlink: /home/billy/git/Robotics-Studio-2/install/onrobot_driver/include/onrobot_driver/Modbus/CMakeLists.txt
[4.335s] -- Up-to-date symlink: /home/billy/git/Robotics-Studio-2/install/onrobot_driver/include/onrobot_driver/Modbus/Doxyfile
[4.335s] -- Up-to-date symlink: /home/billy/git/Robotics-Studio-2/install/onrobot_driver/include/onrobot_driver/Modbus/LICENSE
[4.336s] -- Up-to-date symlink: /home/billy/git/Robotics-Studio-2/install/onrobot_driver/include/onrobot_driver/Modbus/README.md
[4.336s] -- Up-to-date symlink: /home/billy/git/Robotics-Studio-2/install/onrobot_driver/include/onrobot_driver/Modbus/docs/html/Serial_2connection_8hpp_source.html
[4.336s] -- Up-to-date symlink: /home/billy/git/Robotics-Studio-2/install/onrobot_driver/include/onrobot_driver/Modbus/docs/html/TCP_2connection_8hpp_source.html
[4.337s] -- Up-to-date symlink: /home/billy/git/Robotics-Studio-2/install/onrobot_driver/include/onrobot_driver/Modbus/docs/html/annotated.html
[4.337s] -- Up-to-date symlink: /home/billy/git/Robotics-Studio-2/install/onrobot_driver/include/onrobot_driver/Modbus/docs/html/bc_s.png
[4.338s] -- Up-to-date symlink: /home/billy/git/Robotics-Studio-2/install/onrobot_driver/include/onrobot_driver/Modbus/docs/html/bc_sd.png
[4.338s] -- Up-to-date symlink: /home/billy/git/Robotics-Studio-2/install/onrobot_driver/include/onrobot_driver/Modbus/docs/html/bdwn.png
[4.338s] -- Up-to-date symlink: /home/billy/git/Robotics-Studio-2/install/onrobot_driver/include/onrobot_driver/Modbus/docs/html/classMB_1_1ModbusCell-members.html
[4.338s] -- Up-to-date symlink: /home/billy/git/Robotics-Studio-2/install/onrobot_driver/include/onrobot_driver/Modbus/docs/html/classMB_1_1ModbusCell.html
[4.339s] -- Up-to-date symlink: /home/billy/git/Robotics-Studio-2/install/onrobot_driver/include/onrobot_driver/Modbus/docs/html/classMB_1_1ModbusException-members.html
[4.339s] -- Up-to-date symlink: /home/billy/git/Robotics-Studio-2/install/onrobot_driver/include/onrobot_driver/Modbus/docs/html/classMB_1_1ModbusException.html
[4.340s] -- Up-to-date symlink: /home/billy/git/Robotics-Studio-2/install/onrobot_driver/include/onrobot_driver/Modbus/docs/html/classMB_1_1ModbusException.png
[4.340s] -- Up-to-date symlink: /home/billy/git/Robotics-Studio-2/install/onrobot_driver/include/onrobot_driver/Modbus/docs/html/classMB_1_1ModbusRequest-members.html
[4.341s] -- Up-to-date symlink: /home/billy/git/Robotics-Studio-2/install/onrobot_driver/include/onrobot_driver/Modbus/docs/html/classMB_1_1ModbusRequest.html
[4.342s] -- Up-to-date symlink: /home/billy/git/Robotics-Studio-2/install/onrobot_driver/include/onrobot_driver/Modbus/docs/html/classMB_1_1ModbusResponse-members.html
[4.342s] -- Up-to-date symlink: /home/billy/git/Robotics-Studio-2/install/onrobot_driver/include/onrobot_driver/Modbus/docs/html/classMB_1_1ModbusResponse.html
[4.343s] -- Up-to-date symlink: /home/billy/git/Robotics-Studio-2/install/onrobot_driver/include/onrobot_driver/Modbus/docs/html/classMB_1_1Serial_1_1Connection-members.html
[4.345s] -- Up-to-date symlink: /home/billy/git/Robotics-Studio-2/install/onrobot_driver/include/onrobot_driver/Modbus/docs/html/classMB_1_1Serial_1_1Connection.html
[4.346s] -- Up-to-date symlink: /home/billy/git/Robotics-Studio-2/install/onrobot_driver/include/onrobot_driver/Modbus/docs/html/classMB_1_1TCP_1_1Connection-members.html
[4.347s] -- Up-to-date symlink: /home/billy/git/Robotics-Studio-2/install/onrobot_driver/include/onrobot_driver/Modbus/docs/html/classMB_1_1TCP_1_1Connection.html
[4.347s] -- Up-to-date symlink: /home/billy/git/Robotics-Studio-2/install/onrobot_driver/include/onrobot_driver/Modbus/docs/html/classMB_1_1TCP_1_1Server-members.html
[4.347s] -- Up-to-date symlink: /home/billy/git/Robotics-Studio-2/install/onrobot_driver/include/onrobot_driver/Modbus/docs/html/classMB_1_1TCP_1_1Server.html
[4.348s] -- Up-to-date symlink: /home/billy/git/Robotics-Studio-2/install/onrobot_driver/include/onrobot_driver/Modbus/docs/html/classes.html
[4.348s] -- Up-to-date symlink: /home/billy/git/Robotics-Studio-2/install/onrobot_driver/include/onrobot_driver/Modbus/docs/html/clipboard.js
[4.349s] -- Up-to-date symlink: /home/billy/git/Robotics-Studio-2/install/onrobot_driver/include/onrobot_driver/Modbus/docs/html/closed.png
[4.349s] -- Up-to-date symlink: /home/billy/git/Robotics-Studio-2/install/onrobot_driver/include/onrobot_driver/Modbus/docs/html/cookie.js
[4.349s] -- Up-to-date symlink: /home/billy/git/Robotics-Studio-2/install/onrobot_driver/include/onrobot_driver/Modbus/docs/html/crc_8hpp_source.html
[4.350s] -- Up-to-date symlink: /home/billy/git/Robotics-Studio-2/install/onrobot_driver/include/onrobot_driver/Modbus/docs/html/deprecated.html
[4.350s] -- Up-to-date symlink: /home/billy/git/Robotics-Studio-2/install/onrobot_driver/include/onrobot_driver/Modbus/docs/html/dir_5c4711b76244cf820e6fc766a3eae98f.html
[4.351s] -- Up-to-date symlink: /home/billy/git/Robotics-Studio-2/install/onrobot_driver/include/onrobot_driver/Modbus/docs/html/dir_68267d1309a1af8e8297ef4c3efbcdba.html
[4.351s] -- Up-to-date symlink: /home/billy/git/Robotics-Studio-2/install/onrobot_driver/include/onrobot_driver/Modbus/docs/html/dir_89deb882b528f943e97271a20701dad4.html
[4.352s] -- Up-to-date symlink: /home/billy/git/Robotics-Studio-2/install/onrobot_driver/include/onrobot_driver/Modbus/docs/html/dir_bce4fe468017adc58bf81882531ea016.html
[4.352s] -- Up-to-date symlink: /home/billy/git/Robotics-Studio-2/install/onrobot_driver/include/onrobot_driver/Modbus/docs/html/dir_d44c64559bbebec7f509842c48db8b23.html
[4.353s] -- Up-to-date symlink: /home/billy/git/Robotics-Studio-2/install/onrobot_driver/include/onrobot_driver/Modbus/docs/html/dir_f8aebf652183de33714d471cbd098255.html
[4.353s] -- Up-to-date symlink: /home/billy/git/Robotics-Studio-2/install/onrobot_driver/include/onrobot_driver/Modbus/docs/html/dir_fa17a7b3bf7c731ce009520520ae23a8.html
[4.354s] -- Up-to-date symlink: /home/billy/git/Robotics-Studio-2/install/onrobot_driver/include/onrobot_driver/Modbus/docs/html/doc.png
[4.354s] -- Up-to-date symlink: /home/billy/git/Robotics-Studio-2/install/onrobot_driver/include/onrobot_driver/Modbus/docs/html/doc.svg
[4.355s] -- Up-to-date symlink: /home/billy/git/Robotics-Studio-2/install/onrobot_driver/include/onrobot_driver/Modbus/docs/html/docd.svg
[4.355s] -- Up-to-date symlink: /home/billy/git/Robotics-Studio-2/install/onrobot_driver/include/onrobot_driver/Modbus/docs/html/doxygen.css
[4.355s] -- Up-to-date symlink: /home/billy/git/Robotics-Studio-2/install/onrobot_driver/include/onrobot_driver/Modbus/docs/html/doxygen.svg
[4.356s] -- Up-to-date symlink: /home/billy/git/Robotics-Studio-2/install/onrobot_driver/include/onrobot_driver/Modbus/docs/html/doxygen_crawl.html
[4.356s] -- Up-to-date symlink: /home/billy/git/Robotics-Studio-2/install/onrobot_driver/include/onrobot_driver/Modbus/docs/html/dynsections.js
[4.356s] -- Up-to-date symlink: /home/billy/git/Robotics-Studio-2/install/onrobot_driver/include/onrobot_driver/Modbus/docs/html/files.html
[4.357s] -- Up-to-date symlink: /home/billy/git/Robotics-Studio-2/install/onrobot_driver/include/onrobot_driver/Modbus/docs/html/folderclosed.png
[4.357s] -- Up-to-date symlink: /home/billy/git/Robotics-Studio-2/install/onrobot_driver/include/onrobot_driver/Modbus/docs/html/folderclosed.svg
[4.358s] -- Up-to-date symlink: /home/billy/git/Robotics-Studio-2/install/onrobot_driver/include/onrobot_driver/Modbus/docs/html/folderclosedd.svg
[4.358s] -- Up-to-date symlink: /home/billy/git/Robotics-Studio-2/install/onrobot_driver/include/onrobot_driver/Modbus/docs/html/folderopen.png
[4.358s] -- Up-to-date symlink: /home/billy/git/Robotics-Studio-2/install/onrobot_driver/include/onrobot_driver/Modbus/docs/html/folderopen.svg
[4.359s] -- Up-to-date symlink: /home/billy/git/Robotics-Studio-2/install/onrobot_driver/include/onrobot_driver/Modbus/docs/html/folderopend.svg
[4.359s] -- Up-to-date symlink: /home/billy/git/Robotics-Studio-2/install/onrobot_driver/include/onrobot_driver/Modbus/docs/html/functions.html
[4.360s] -- Up-to-date symlink: /home/billy/git/Robotics-Studio-2/install/onrobot_driver/include/onrobot_driver/Modbus/docs/html/functions_func.html
[4.360s] -- Up-to-date symlink: /home/billy/git/Robotics-Studio-2/install/onrobot_driver/include/onrobot_driver/Modbus/docs/html/group__MB.html
[4.361s] -- Up-to-date symlink: /home/billy/git/Robotics-Studio-2/install/onrobot_driver/include/onrobot_driver/Modbus/docs/html/hierarchy.html
[4.361s] -- Up-to-date symlink: /home/billy/git/Robotics-Studio-2/install/onrobot_driver/include/onrobot_driver/Modbus/docs/html/index.html
[4.362s] -- Up-to-date symlink: /home/billy/git/Robotics-Studio-2/install/onrobot_driver/include/onrobot_driver/Modbus/docs/html/jquery.js
[4.362s] -- Up-to-date symlink: /home/billy/git/Robotics-Studio-2/install/onrobot_driver/include/onrobot_driver/Modbus/docs/html/menu.js
[4.363s] -- Up-to-date symlink: /home/billy/git/Robotics-Studio-2/install/onrobot_driver/include/onrobot_driver/Modbus/docs/html/menudata.js
[4.363s] -- Up-to-date symlink: /home/billy/git/Robotics-Studio-2/install/onrobot_driver/include/onrobot_driver/Modbus/docs/html/minus.svg
[4.364s] -- Up-to-date symlink: /home/billy/git/Robotics-Studio-2/install/onrobot_driver/include/onrobot_driver/Modbus/docs/html/minusd.svg
[4.364s] -- Up-to-date symlink: /home/billy/git/Robotics-Studio-2/install/onrobot_driver/include/onrobot_driver/Modbus/docs/html/modbusCell_8hpp_source.html
[4.364s] -- Up-to-date symlink: /home/billy/git/Robotics-Studio-2/install/onrobot_driver/include/onrobot_driver/Modbus/docs/html/modbusException_8hpp_source.html
[4.364s] -- Up-to-date symlink: /home/billy/git/Robotics-Studio-2/install/onrobot_driver/include/onrobot_driver/Modbus/docs/html/modbusRequest_8hpp_source.html
[4.365s] -- Up-to-date symlink: /home/billy/git/Robotics-Studio-2/install/onrobot_driver/include/onrobot_driver/Modbus/docs/html/modbusResponse_8hpp_source.html
[4.365s] -- Up-to-date symlink: /home/billy/git/Robotics-Studio-2/install/onrobot_driver/include/onrobot_driver/Modbus/docs/html/modbusUtils_8hpp_source.html
[4.366s] -- Up-to-date symlink: /home/billy/git/Robotics-Studio-2/install/onrobot_driver/include/onrobot_driver/Modbus/docs/html/modules.html
[4.366s] -- Up-to-date symlink: /home/billy/git/Robotics-Studio-2/install/onrobot_driver/include/onrobot_driver/Modbus/docs/html/namespaceMB.html
[4.366s] -- Up-to-date symlink: /home/billy/git/Robotics-Studio-2/install/onrobot_driver/include/onrobot_driver/Modbus/docs/html/namespaceMB_1_1CRC.html
[4.367s] -- Up-to-date symlink: /home/billy/git/Robotics-Studio-2/install/onrobot_driver/include/onrobot_driver/Modbus/docs/html/namespaceMB_1_1utils.html
[4.367s] -- Up-to-date symlink: /home/billy/git/Robotics-Studio-2/install/onrobot_driver/include/onrobot_driver/Modbus/docs/html/namespacemembers.html
[4.368s] -- Up-to-date symlink: /home/billy/git/Robotics-Studio-2/install/onrobot_driver/include/onrobot_driver/Modbus/docs/html/namespacemembers_enum.html
[4.368s] -- Up-to-date symlink: /home/billy/git/Robotics-Studio-2/install/onrobot_driver/include/onrobot_driver/Modbus/docs/html/namespacemembers_func.html
[4.369s] -- Up-to-date symlink: /home/billy/git/Robotics-Studio-2/install/onrobot_driver/include/onrobot_driver/Modbus/docs/html/namespaces.html
[4.369s] -- Up-to-date symlink: /home/billy/git/Robotics-Studio-2/install/onrobot_driver/include/onrobot_driver/Modbus/docs/html/nav_f.png
[4.369s] -- Up-to-date symlink: /home/billy/git/Robotics-Studio-2/install/onrobot_driver/include/onrobot_driver/Modbus/docs/html/nav_fd.png
[4.370s] -- Up-to-date symlink: /home/billy/git/Robotics-Studio-2/install/onrobot_driver/include/onrobot_driver/Modbus/docs/html/nav_g.png
[4.370s] -- Up-to-date symlink: /home/billy/git/Robotics-Studio-2/install/onrobot_driver/include/onrobot_driver/Modbus/docs/html/nav_h.png
[4.370s] -- Up-to-date symlink: /home/billy/git/Robotics-Studio-2/install/onrobot_driver/include/onrobot_driver/Modbus/docs/html/nav_hd.png
[4.371s] -- Up-to-date symlink: /home/billy/git/Robotics-Studio-2/install/onrobot_driver/include/onrobot_driver/Modbus/docs/html/open.png
[4.371s] -- Up-to-date symlink: /home/billy/git/Robotics-Studio-2/install/onrobot_driver/include/onrobot_driver/Modbus/docs/html/pages.html
[4.371s] -- Up-to-date symlink: /home/billy/git/Robotics-Studio-2/install/onrobot_driver/include/onrobot_driver/Modbus/docs/html/plus.svg
[4.372s] -- Up-to-date symlink: /home/billy/git/Robotics-Studio-2/install/onrobot_driver/include/onrobot_driver/Modbus/docs/html/plusd.svg
[4.372s] -- Up-to-date symlink: /home/billy/git/Robotics-Studio-2/install/onrobot_driver/include/onrobot_driver/Modbus/docs/html/search/all_0.html
[4.372s] -- Up-to-date symlink: /home/billy/git/Robotics-Studio-2/install/onrobot_driver/include/onrobot_driver/Modbus/docs/html/search/all_0.js
[4.373s] -- Up-to-date symlink: /home/billy/git/Robotics-Studio-2/install/onrobot_driver/include/onrobot_driver/Modbus/docs/html/search/all_1.html
[4.373s] -- Up-to-date symlink: /home/billy/git/Robotics-Studio-2/install/onrobot_driver/include/onrobot_driver/Modbus/docs/html/search/all_1.js
[4.374s] -- Up-to-date symlink: /home/billy/git/Robotics-Studio-2/install/onrobot_driver/include/onrobot_driver/Modbus/docs/html/search/all_10.js
[4.374s] -- Up-to-date symlink: /home/billy/git/Robotics-Studio-2/install/onrobot_driver/include/onrobot_driver/Modbus/docs/html/search/all_11.js
[4.375s] -- Up-to-date symlink: /home/billy/git/Robotics-Studio-2/install/onrobot_driver/include/onrobot_driver/Modbus/docs/html/search/all_2.html
[4.375s] -- Up-to-date symlink: /home/billy/git/Robotics-Studio-2/install/onrobot_driver/include/onrobot_driver/Modbus/docs/html/search/all_2.js
[4.376s] -- Up-to-date symlink: /home/billy/git/Robotics-Studio-2/install/onrobot_driver/include/onrobot_driver/Modbus/docs/html/search/all_3.html
[4.376s] -- Up-to-date symlink: /home/billy/git/Robotics-Studio-2/install/onrobot_driver/include/onrobot_driver/Modbus/docs/html/search/all_3.js
[4.376s] -- Up-to-date symlink: /home/billy/git/Robotics-Studio-2/install/onrobot_driver/include/onrobot_driver/Modbus/docs/html/search/all_4.html
[4.377s] -- Up-to-date symlink: /home/billy/git/Robotics-Studio-2/install/onrobot_driver/include/onrobot_driver/Modbus/docs/html/search/all_4.js
[4.378s] -- Up-to-date symlink: /home/billy/git/Robotics-Studio-2/install/onrobot_driver/include/onrobot_driver/Modbus/docs/html/search/all_5.html
[4.378s] -- Up-to-date symlink: /home/billy/git/Robotics-Studio-2/install/onrobot_driver/include/onrobot_driver/Modbus/docs/html/search/all_5.js
[4.378s] -- Up-to-date symlink: /home/billy/git/Robotics-Studio-2/install/onrobot_driver/include/onrobot_driver/Modbus/docs/html/search/all_6.html
[4.380s] -- Up-to-date symlink: /home/billy/git/Robotics-Studio-2/install/onrobot_driver/include/onrobot_driver/Modbus/docs/html/search/all_6.js
[4.380s] -- Up-to-date symlink: /home/billy/git/Robotics-Studio-2/install/onrobot_driver/include/onrobot_driver/Modbus/docs/html/search/all_7.html
[4.381s] -- Up-to-date symlink: /home/billy/git/Robotics-Studio-2/install/onrobot_driver/include/onrobot_driver/Modbus/docs/html/search/all_7.js
[4.381s] -- Up-to-date symlink: /home/billy/git/Robotics-Studio-2/install/onrobot_driver/include/onrobot_driver/Modbus/docs/html/search/all_8.html
[4.382s] -- Up-to-date symlink: /home/billy/git/Robotics-Studio-2/install/onrobot_driver/include/onrobot_driver/Modbus/docs/html/search/all_8.js
[4.382s] -- Up-to-date symlink: /home/billy/git/Robotics-Studio-2/install/onrobot_driver/include/onrobot_driver/Modbus/docs/html/search/all_9.html
[4.382s] -- Up-to-date symlink: /home/billy/git/Robotics-Studio-2/install/onrobot_driver/include/onrobot_driver/Modbus/docs/html/search/all_9.js
[4.383s] -- Up-to-date symlink: /home/billy/git/Robotics-Studio-2/install/onrobot_driver/include/onrobot_driver/Modbus/docs/html/search/all_a.js
[4.383s] -- Up-to-date symlink: /home/billy/git/Robotics-Studio-2/install/onrobot_driver/include/onrobot_driver/Modbus/docs/html/search/all_b.js
[4.384s] -- Up-to-date symlink: /home/billy/git/Robotics-Studio-2/install/onrobot_driver/include/onrobot_driver/Modbus/docs/html/search/all_c.js
[4.384s] -- Up-to-date symlink: /home/billy/git/Robotics-Studio-2/install/onrobot_driver/include/onrobot_driver/Modbus/docs/html/search/all_d.js
[4.384s] -- Up-to-date symlink: /home/billy/git/Robotics-Studio-2/install/onrobot_driver/include/onrobot_driver/Modbus/docs/html/search/all_e.js
[4.385s] -- Up-to-date symlink: /home/billy/git/Robotics-Studio-2/install/onrobot_driver/include/onrobot_driver/Modbus/docs/html/search/all_f.js
[4.385s] -- Up-to-date symlink: /home/billy/git/Robotics-Studio-2/install/onrobot_driver/include/onrobot_driver/Modbus/docs/html/search/classes_0.html
[4.386s] -- Up-to-date symlink: /home/billy/git/Robotics-Studio-2/install/onrobot_driver/include/onrobot_driver/Modbus/docs/html/search/classes_0.js
[4.386s] -- Up-to-date symlink: /home/billy/git/Robotics-Studio-2/install/onrobot_driver/include/onrobot_driver/Modbus/docs/html/search/classes_1.html
[4.387s] -- Up-to-date symlink: /home/billy/git/Robotics-Studio-2/install/onrobot_driver/include/onrobot_driver/Modbus/docs/html/search/classes_1.js
[4.387s] -- Up-to-date symlink: /home/billy/git/Robotics-Studio-2/install/onrobot_driver/include/onrobot_driver/Modbus/docs/html/search/classes_2.html
[4.388s] -- Up-to-date symlink: /home/billy/git/Robotics-Studio-2/install/onrobot_driver/include/onrobot_driver/Modbus/docs/html/search/classes_2.js
[4.388s] -- Up-to-date symlink: /home/billy/git/Robotics-Studio-2/install/onrobot_driver/include/onrobot_driver/Modbus/docs/html/search/close.svg
[4.389s] -- Up-to-date symlink: /home/billy/git/Robotics-Studio-2/install/onrobot_driver/include/onrobot_driver/Modbus/docs/html/search/enums_0.html
[4.389s] -- Up-to-date symlink: /home/billy/git/Robotics-Studio-2/install/onrobot_driver/include/onrobot_driver/Modbus/docs/html/search/enums_0.js
[4.390s] -- Up-to-date symlink: /home/billy/git/Robotics-Studio-2/install/onrobot_driver/include/onrobot_driver/Modbus/docs/html/search/functions_0.html
[4.390s] -- Up-to-date symlink: /home/billy/git/Robotics-Studio-2/install/onrobot_driver/include/onrobot_driver/Modbus/docs/html/search/functions_0.js
[4.390s] -- Up-to-date symlink: /home/billy/git/Robotics-Studio-2/install/onrobot_driver/include/onrobot_driver/Modbus/docs/html/search/functions_1.html
[4.391s] -- Up-to-date symlink: /home/billy/git/Robotics-Studio-2/install/onrobot_driver/include/onrobot_driver/Modbus/docs/html/search/functions_1.js
[4.391s] -- Up-to-date symlink: /home/billy/git/Robotics-Studio-2/install/onrobot_driver/include/onrobot_driver/Modbus/docs/html/search/functions_2.html
[4.392s] -- Up-to-date symlink: /home/billy/git/Robotics-Studio-2/install/onrobot_driver/include/onrobot_driver/Modbus/docs/html/search/functions_2.js
[4.392s] -- Up-to-date symlink: /home/billy/git/Robotics-Studio-2/install/onrobot_driver/include/onrobot_driver/Modbus/docs/html/search/functions_3.html
[4.393s] -- Up-to-date symlink: /home/billy/git/Robotics-Studio-2/install/onrobot_driver/include/onrobot_driver/Modbus/docs/html/search/functions_3.js
[4.393s] -- Up-to-date symlink: /home/billy/git/Robotics-Studio-2/install/onrobot_driver/include/onrobot_driver/Modbus/docs/html/search/functions_4.html
[4.394s] -- Up-to-date symlink: /home/billy/git/Robotics-Studio-2/install/onrobot_driver/include/onrobot_driver/Modbus/docs/html/search/functions_4.js
[4.394s] -- Up-to-date symlink: /home/billy/git/Robotics-Studio-2/install/onrobot_driver/include/onrobot_driver/Modbus/docs/html/search/functions_5.html
[4.395s] -- Up-to-date symlink: /home/billy/git/Robotics-Studio-2/install/onrobot_driver/include/onrobot_driver/Modbus/docs/html/search/functions_5.js
[4.396s] -- Up-to-date symlink: /home/billy/git/Robotics-Studio-2/install/onrobot_driver/include/onrobot_driver/Modbus/docs/html/search/functions_6.html
[4.396s] -- Up-to-date symlink: /home/billy/git/Robotics-Studio-2/install/onrobot_driver/include/onrobot_driver/Modbus/docs/html/search/functions_6.js
[4.397s] -- Up-to-date symlink: /home/billy/git/Robotics-Studio-2/install/onrobot_driver/include/onrobot_driver/Modbus/docs/html/search/functions_7.html
[4.398s] -- Up-to-date symlink: /home/billy/git/Robotics-Studio-2/install/onrobot_driver/include/onrobot_driver/Modbus/docs/html/search/functions_7.js
[4.399s] -- Up-to-date symlink: /home/billy/git/Robotics-Studio-2/install/onrobot_driver/include/onrobot_driver/Modbus/docs/html/search/functions_8.html
[4.399s] -- Up-to-date symlink: /home/billy/git/Robotics-Studio-2/install/onrobot_driver/include/onrobot_driver/Modbus/docs/html/search/functions_8.js
[4.399s] -- Up-to-date symlink: /home/billy/git/Robotics-Studio-2/install/onrobot_driver/include/onrobot_driver/Modbus/docs/html/search/functions_9.html
[4.400s] -- Up-to-date symlink: /home/billy/git/Robotics-Studio-2/install/onrobot_driver/include/onrobot_driver/Modbus/docs/html/search/functions_9.js
[4.400s] -- Up-to-date symlink: /home/billy/git/Robotics-Studio-2/install/onrobot_driver/include/onrobot_driver/Modbus/docs/html/search/functions_a.js
[4.400s] -- Up-to-date symlink: /home/billy/git/Robotics-Studio-2/install/onrobot_driver/include/onrobot_driver/Modbus/docs/html/search/mag.svg
[4.401s] -- Up-to-date symlink: /home/billy/git/Robotics-Studio-2/install/onrobot_driver/include/onrobot_driver/Modbus/docs/html/search/mag_d.svg
[4.401s] -- Up-to-date symlink: /home/billy/git/Robotics-Studio-2/install/onrobot_driver/include/onrobot_driver/Modbus/docs/html/search/mag_sel.svg
[4.401s] -- Up-to-date symlink: /home/billy/git/Robotics-Studio-2/install/onrobot_driver/include/onrobot_driver/Modbus/docs/html/search/mag_seld.svg
[4.402s] -- Up-to-date symlink: /home/billy/git/Robotics-Studio-2/install/onrobot_driver/include/onrobot_driver/Modbus/docs/html/search/namespaces_0.html
[4.402s] -- Up-to-date symlink: /home/billy/git/Robotics-Studio-2/install/onrobot_driver/include/onrobot_driver/Modbus/docs/html/search/namespaces_0.js
[4.402s] -- Up-to-date symlink: /home/billy/git/Robotics-Studio-2/install/onrobot_driver/include/onrobot_driver/Modbus/docs/html/search/nomatches.html
[4.403s] -- Up-to-date symlink: /home/billy/git/Robotics-Studio-2/install/onrobot_driver/include/onrobot_driver/Modbus/docs/html/search/pages_0.js
[4.403s] -- Up-to-date symlink: /home/billy/git/Robotics-Studio-2/install/onrobot_driver/include/onrobot_driver/Modbus/docs/html/search/pages_1.js
[4.404s] -- Up-to-date symlink: /home/billy/git/Robotics-Studio-2/install/onrobot_driver/include/onrobot_driver/Modbus/docs/html/search/pages_2.js
[4.404s] -- Up-to-date symlink: /home/billy/git/Robotics-Studio-2/install/onrobot_driver/include/onrobot_driver/Modbus/docs/html/search/pages_3.js
[4.404s] -- Up-to-date symlink: /home/billy/git/Robotics-Studio-2/install/onrobot_driver/include/onrobot_driver/Modbus/docs/html/search/search.css
[4.405s] -- Up-to-date symlink: /home/billy/git/Robotics-Studio-2/install/onrobot_driver/include/onrobot_driver/Modbus/docs/html/search/search.js
[4.405s] -- Up-to-date symlink: /home/billy/git/Robotics-Studio-2/install/onrobot_driver/include/onrobot_driver/Modbus/docs/html/search/search_l.png
[4.406s] -- Up-to-date symlink: /home/billy/git/Robotics-Studio-2/install/onrobot_driver/include/onrobot_driver/Modbus/docs/html/search/search_m.png
[4.406s] -- Up-to-date symlink: /home/billy/git/Robotics-Studio-2/install/onrobot_driver/include/onrobot_driver/Modbus/docs/html/search/search_r.png
[4.406s] -- Up-to-date symlink: /home/billy/git/Robotics-Studio-2/install/onrobot_driver/include/onrobot_driver/Modbus/docs/html/search/searchdata.js
[4.407s] -- Up-to-date symlink: /home/billy/git/Robotics-Studio-2/install/onrobot_driver/include/onrobot_driver/Modbus/docs/html/server_8hpp_source.html
[4.407s] -- Up-to-date symlink: /home/billy/git/Robotics-Studio-2/install/onrobot_driver/include/onrobot_driver/Modbus/docs/html/splitbar.png
[4.408s] -- Up-to-date symlink: /home/billy/git/Robotics-Studio-2/install/onrobot_driver/include/onrobot_driver/Modbus/docs/html/splitbard.png
[4.408s] -- Up-to-date symlink: /home/billy/git/Robotics-Studio-2/install/onrobot_driver/include/onrobot_driver/Modbus/docs/html/sync_off.png
[4.408s] -- Up-to-date symlink: /home/billy/git/Robotics-Studio-2/install/onrobot_driver/include/onrobot_driver/Modbus/docs/html/sync_on.png
[4.409s] -- Up-to-date symlink: /home/billy/git/Robotics-Studio-2/install/onrobot_driver/include/onrobot_driver/Modbus/docs/html/tab_a.png
[4.409s] -- Up-to-date symlink: /home/billy/git/Robotics-Studio-2/install/onrobot_driver/include/onrobot_driver/Modbus/docs/html/tab_ad.png
[4.410s] -- Up-to-date symlink: /home/billy/git/Robotics-Studio-2/install/onrobot_driver/include/onrobot_driver/Modbus/docs/html/tab_b.png
[4.410s] -- Up-to-date symlink: /home/billy/git/Robotics-Studio-2/install/onrobot_driver/include/onrobot_driver/Modbus/docs/html/tab_bd.png
[4.410s] -- Up-to-date symlink: /home/billy/git/Robotics-Studio-2/install/onrobot_driver/include/onrobot_driver/Modbus/docs/html/tab_h.png
[4.411s] -- Up-to-date symlink: /home/billy/git/Robotics-Studio-2/install/onrobot_driver/include/onrobot_driver/Modbus/docs/html/tab_hd.png
[4.411s] -- Up-to-date symlink: /home/billy/git/Robotics-Studio-2/install/onrobot_driver/include/onrobot_driver/Modbus/docs/html/tab_s.png
[4.411s] -- Up-to-date symlink: /home/billy/git/Robotics-Studio-2/install/onrobot_driver/include/onrobot_driver/Modbus/docs/html/tab_sd.png
[4.412s] -- Up-to-date symlink: /home/billy/git/Robotics-Studio-2/install/onrobot_driver/include/onrobot_driver/Modbus/docs/html/tabs.css
[4.412s] -- Up-to-date symlink: /home/billy/git/Robotics-Studio-2/install/onrobot_driver/include/onrobot_driver/Modbus/example/main.cpp
[4.412s] -- Up-to-date symlink: /home/billy/git/Robotics-Studio-2/install/onrobot_driver/include/onrobot_driver/Modbus/include/MB/Serial/connection.hpp
[4.413s] -- Up-to-date symlink: /home/billy/git/Robotics-Studio-2/install/onrobot_driver/include/onrobot_driver/Modbus/include/MB/TCP/connection.hpp
[4.413s] -- Up-to-date symlink: /home/billy/git/Robotics-Studio-2/install/onrobot_driver/include/onrobot_driver/Modbus/include/MB/TCP/server.hpp
[4.414s] -- Up-to-date symlink: /home/billy/git/Robotics-Studio-2/install/onrobot_driver/include/onrobot_driver/Modbus/include/MB/crc.hpp
[4.415s] -- Up-to-date symlink: /home/billy/git/Robotics-Studio-2/install/onrobot_driver/include/onrobot_driver/Modbus/include/MB/modbusCell.hpp
[4.416s] -- Up-to-date symlink: /home/billy/git/Robotics-Studio-2/install/onrobot_driver/include/onrobot_driver/Modbus/include/MB/modbusException.hpp
[4.416s] -- Up-to-date symlink: /home/billy/git/Robotics-Studio-2/install/onrobot_driver/include/onrobot_driver/Modbus/include/MB/modbusRequest.hpp
[4.416s] -- Up-to-date symlink: /home/billy/git/Robotics-Studio-2/install/onrobot_driver/include/onrobot_driver/Modbus/include/MB/modbusResponse.hpp
[4.417s] -- Up-to-date symlink: /home/billy/git/Robotics-Studio-2/install/onrobot_driver/include/onrobot_driver/Modbus/include/MB/modbusUtils.hpp
[4.417s] -- Up-to-date symlink: /home/billy/git/Robotics-Studio-2/install/onrobot_driver/include/onrobot_driver/Modbus/reformat-all.sh
[4.418s] -- Up-to-date symlink: /home/billy/git/Robotics-Studio-2/install/onrobot_driver/include/onrobot_driver/Modbus/shell.nix
[4.418s] -- Up-to-date symlink: /home/billy/git/Robotics-Studio-2/install/onrobot_driver/include/onrobot_driver/Modbus/src/CMakeLists.txt
[4.418s] -- Up-to-date symlink: /home/billy/git/Robotics-Studio-2/install/onrobot_driver/include/onrobot_driver/Modbus/src/Serial/CMakeLists.txt
[4.419s] -- Up-to-date symlink: /home/billy/git/Robotics-Studio-2/install/onrobot_driver/include/onrobot_driver/Modbus/src/Serial/connection.cpp
[4.419s] -- Up-to-date symlink: /home/billy/git/Robotics-Studio-2/install/onrobot_driver/include/onrobot_driver/Modbus/src/TCP/CMakeLists.txt
[4.419s] -- Up-to-date symlink: /home/billy/git/Robotics-Studio-2/install/onrobot_driver/include/onrobot_driver/Modbus/src/TCP/connection.cpp
[4.420s] -- Up-to-date symlink: /home/billy/git/Robotics-Studio-2/install/onrobot_driver/include/onrobot_driver/Modbus/src/TCP/server.cpp
[4.420s] -- Up-to-date symlink: /home/billy/git/Robotics-Studio-2/install/onrobot_driver/include/onrobot_driver/Modbus/src/crc.cpp
[4.420s] -- Up-to-date symlink: /home/billy/git/Robotics-Studio-2/install/onrobot_driver/include/onrobot_driver/Modbus/src/modbusException.cpp
[4.421s] -- Up-to-date symlink: /home/billy/git/Robotics-Studio-2/install/onrobot_driver/include/onrobot_driver/Modbus/src/modbusRequest.cpp
[4.421s] -- Up-to-date symlink: /home/billy/git/Robotics-Studio-2/install/onrobot_driver/include/onrobot_driver/Modbus/src/modbusResponse.cpp
[4.422s] -- Up-to-date symlink: /home/billy/git/Robotics-Studio-2/install/onrobot_driver/include/onrobot_driver/Modbus/tests/CMakeLists.txt
[4.422s] -- Up-to-date symlink: /home/billy/git/Robotics-Studio-2/install/onrobot_driver/include/onrobot_driver/Modbus/tests/MB/ModbusCellTests.cpp
[4.422s] -- Up-to-date symlink: /home/billy/git/Robotics-Studio-2/install/onrobot_driver/include/onrobot_driver/Modbus/tests/MB/ModbusExceptionTests.cpp
[4.422s] -- Up-to-date symlink: /home/billy/git/Robotics-Studio-2/install/onrobot_driver/include/onrobot_driver/Modbus/tests/MB/ModbusFunctionalTests.cpp
[4.423s] -- Up-to-date symlink: /home/billy/git/Robotics-Studio-2/install/onrobot_driver/include/onrobot_driver/Modbus/tests/MB/ModbusRequestTests.cpp
[4.423s] -- Up-to-date symlink: /home/billy/git/Robotics-Studio-2/install/onrobot_driver/include/onrobot_driver/Modbus/tests/MB/ModbusResponseTests.cpp
[4.424s] -- Up-to-date symlink: /home/billy/git/Robotics-Studio-2/install/onrobot_driver/include/onrobot_driver/Modbus/tests/main.cpp
[4.424s] -- Up-to-date symlink: /home/billy/git/Robotics-Studio-2/install/onrobot_driver/include/onrobot_driver/RG.hpp
[4.424s] -- Up-to-date symlink: /home/billy/git/Robotics-Studio-2/install/onrobot_driver/include/onrobot_driver/SerialConnectionWrapper.hpp
[4.425s] -- Up-to-date symlink: /home/billy/git/Robotics-Studio-2/install/onrobot_driver/include/onrobot_driver/TCPConnectionWrapper.hpp
[4.425s] -- Up-to-date symlink: /home/billy/git/Robotics-Studio-2/install/onrobot_driver/include/onrobot_driver/rg_hardware_interface.hpp
[4.426s] -- Up-to-date symlink: /home/billy/git/Robotics-Studio-2/install/onrobot_driver/share/onrobot_driver/launch/onrobot_control.launch.py
[4.426s] -- Up-to-date symlink: /home/billy/git/Robotics-Studio-2/install/onrobot_driver/share/onrobot_driver/config/rg_controllers.yaml
[4.427s] -- Up-to-date symlink: /home/billy/git/Robotics-Studio-2/install/onrobot_driver/share/ament_index/resource_index/package_run_dependencies/onrobot_driver
[4.428s] -- Up-to-date symlink: /home/billy/git/Robotics-Studio-2/install/onrobot_driver/share/ament_index/resource_index/parent_prefix_path/onrobot_driver
[4.428s] -- Up-to-date symlink: /home/billy/git/Robotics-Studio-2/install/onrobot_driver/share/onrobot_driver/environment/ament_prefix_path.sh
[4.429s] -- Up-to-date symlink: /home/billy/git/Robotics-Studio-2/install/onrobot_driver/share/onrobot_driver/environment/ament_prefix_path.dsv
[4.429s] -- Up-to-date symlink: /home/billy/git/Robotics-Studio-2/install/onrobot_driver/share/onrobot_driver/environment/path.sh
[4.430s] -- Up-to-date symlink: /home/billy/git/Robotics-Studio-2/install/onrobot_driver/share/onrobot_driver/environment/path.dsv
[4.431s] -- Up-to-date symlink: /home/billy/git/Robotics-Studio-2/install/onrobot_driver/share/onrobot_driver/local_setup.bash
[4.431s] -- Up-to-date symlink: /home/billy/git/Robotics-Studio-2/install/onrobot_driver/share/onrobot_driver/local_setup.sh
[4.432s] -- Up-to-date symlink: /home/billy/git/Robotics-Studio-2/install/onrobot_driver/share/onrobot_driver/local_setup.zsh
[4.432s] -- Up-to-date symlink: /home/billy/git/Robotics-Studio-2/install/onrobot_driver/share/onrobot_driver/local_setup.dsv
[4.432s] -- Symlinking: /home/billy/git/Robotics-Studio-2/install/onrobot_driver/share/onrobot_driver/package.dsv
[4.460s] -- Up-to-date symlink: /home/billy/git/Robotics-Studio-2/install/onrobot_driver/share/ament_index/resource_index/packages/onrobot_driver
[4.461s] -- Up-to-date symlink: /home/billy/git/Robotics-Studio-2/install/onrobot_driver/share/ament_index/resource_index/hardware_interface__pluginlib__plugin/onrobot_driver
[4.461s] -- Up-to-date symlink: /home/billy/git/Robotics-Studio-2/install/onrobot_driver/share/onrobot_driver/cmake/ament_cmake_export_include_directories-extras.cmake
[4.462s] -- Up-to-date symlink: /home/billy/git/Robotics-Studio-2/install/onrobot_driver/share/onrobot_driver/cmake/ament_cmake_export_libraries-extras.cmake
[4.462s] -- Up-to-date symlink: /home/billy/git/Robotics-Studio-2/install/onrobot_driver/share/onrobot_driver/cmake/ament_cmake_export_dependencies-extras.cmake
[4.462s] -- Up-to-date symlink: /home/billy/git/Robotics-Studio-2/install/onrobot_driver/share/onrobot_driver/cmake/onrobot_driverConfig.cmake
[4.463s] -- Up-to-date symlink: /home/billy/git/Robotics-Studio-2/install/onrobot_driver/share/onrobot_driver/cmake/onrobot_driverConfig-version.cmake
[4.463s] -- Up-to-date symlink: /home/billy/git/Robotics-Studio-2/install/onrobot_driver/share/onrobot_driver/package.xml
[4.470s] Invoked command in '/home/billy/git/Robotics-Studio-2/build/onrobot_driver' returned '0': CMAKE_PREFIX_PATH=/home/billy/git/Robotics-Studio-2/install/onrobot_description:/home/billy/git/Robotics-Studio-2/install/ur_description_local:/home/billy/git/Robotics-Studio-2/install/ur_onrobot_moveit_config:/home/billy/git/Robotics-Studio-2/install/ur_onrobot_control:/home/billy/git/Robotics-Studio-2/install/ur_onrobot_description:/home/billy/git/Robotics-Studio-2/install/ur_gripper_demo:/home/billy/git/Robotics-Studio-2/install/ur3_demo_cpp:/home/billy/git/Robotics-Studio-2/install/onrobot_driver:/home/billy/git/Robotics-Studio-2/install/object_msgs:/home/billy/install/object_msgs:/opt/ros/humble /usr/bin/cmake --install /home/billy/git/Robotics-Studio-2/build/onrobot_driver
