[0.268s] Invoking command in '/home/billy/git/Robotics-Studio-2/build/ur_onrobot_moveit_config': CMAKE_PREFIX_PATH=/home/billy/git/Robotics-Studio-2/install/ur_onrobot_control:/home/billy/git/Robotics-Studio-2/install/ur_onrobot_description:/home/billy/git/Robotics-Studio-2/install/onrobot_driver:/home/billy/git/Robotics-Studio-2/install/onrobot_description:/home/billy/git/Robotics-Studio-2/install/ur_description_local:/home/billy/git/Robotics-Studio-2/install/ur_onrobot_moveit_config:/home/billy/git/Robotics-Studio-2/install/ur_gripper_demo:/home/billy/git/Robotics-Studio-2/install/ur3_demo_cpp:/home/billy/git/Robotics-Studio-2/install/object_msgs:/home/billy/install/object_msgs:/opt/ros/humble /usr/bin/cmake /home/billy/git/Robotics-Studio-2/src/ur_onrobot/ur_onrobot_moveit_config -DCMAKE_INSTALL_PREFIX=/home/billy/git/Robotics-Studio-2/install/ur_onrobot_moveit_config
[0.296s] -- Found ament_cmake: 1.3.13 (/opt/ros/humble/share/ament_cmake/cmake)
[0.570s] -- Override CMake install command with custom implementation using symlinks instead of copying resources
[0.881s] -- Configuring done
[0.896s] -- Generating done
[0.904s] -- Build files have been written to: /home/billy/git/Robotics-Studio-2/build/ur_onrobot_moveit_config
[0.912s] Invoked command in '/home/billy/git/Robotics-Studio-2/build/ur_onrobot_moveit_config' returned '0': CMAKE_PREFIX_PATH=/home/billy/git/Robotics-Studio-2/install/ur_onrobot_control:/home/billy/git/Robotics-Studio-2/install/ur_onrobot_description:/home/billy/git/Robotics-Studio-2/install/onrobot_driver:/home/billy/git/Robotics-Studio-2/install/onrobot_description:/home/billy/git/Robotics-Studio-2/install/ur_description_local:/home/billy/git/Robotics-Studio-2/install/ur_onrobot_moveit_config:/home/billy/git/Robotics-Studio-2/install/ur_gripper_demo:/home/billy/git/Robotics-Studio-2/install/ur3_demo_cpp:/home/billy/git/Robotics-Studio-2/install/object_msgs:/home/billy/install/object_msgs:/opt/ros/humble /usr/bin/cmake /home/billy/git/Robotics-Studio-2/src/ur_onrobot/ur_onrobot_moveit_config -DCMAKE_INSTALL_PREFIX=/home/billy/git/Robotics-Studio-2/install/ur_onrobot_moveit_config
[0.916s] Invoking command in '/home/billy/git/Robotics-Studio-2/build/ur_onrobot_moveit_config': CMAKE_PREFIX_PATH=/home/billy/git/Robotics-Studio-2/install/ur_onrobot_control:/home/billy/git/Robotics-Studio-2/install/ur_onrobot_description:/home/billy/git/Robotics-Studio-2/install/onrobot_driver:/home/billy/git/Robotics-Studio-2/install/onrobot_description:/home/billy/git/Robotics-Studio-2/install/ur_description_local:/home/billy/git/Robotics-Studio-2/install/ur_onrobot_moveit_config:/home/billy/git/Robotics-Studio-2/install/ur_gripper_demo:/home/billy/git/Robotics-Studio-2/install/ur3_demo_cpp:/home/billy/git/Robotics-Studio-2/install/object_msgs:/home/billy/install/object_msgs:/opt/ros/humble /usr/bin/cmake --build /home/billy/git/Robotics-Studio-2/build/ur_onrobot_moveit_config -- -j16 -l16
[1.068s] Built target ament_cmake_python_symlink_ur_onrobot_moveit_config
[1.598s] running egg_info
[1.599s] writing ur_onrobot_moveit_config.egg-info/PKG-INFO
[1.600s] writing dependency_links to ur_onrobot_moveit_config.egg-info/dependency_links.txt
[1.601s] writing top-level names to ur_onrobot_moveit_config.egg-info/top_level.txt
[1.607s] reading manifest file 'ur_onrobot_moveit_config.egg-info/SOURCES.txt'
[1.612s] writing manifest file 'ur_onrobot_moveit_config.egg-info/SOURCES.txt'
[1.674s] Built target ament_cmake_python_build_ur_onrobot_moveit_config_egg
[1.703s] Invoked command in '/home/billy/git/Robotics-Studio-2/build/ur_onrobot_moveit_config' returned '0': CMAKE_PREFIX_PATH=/home/billy/git/Robotics-Studio-2/install/ur_onrobot_control:/home/billy/git/Robotics-Studio-2/install/ur_onrobot_description:/home/billy/git/Robotics-Studio-2/install/onrobot_driver:/home/billy/git/Robotics-Studio-2/install/onrobot_description:/home/billy/git/Robotics-Studio-2/install/ur_description_local:/home/billy/git/Robotics-Studio-2/install/ur_onrobot_moveit_config:/home/billy/git/Robotics-Studio-2/install/ur_gripper_demo:/home/billy/git/Robotics-Studio-2/install/ur3_demo_cpp:/home/billy/git/Robotics-Studio-2/install/object_msgs:/home/billy/install/object_msgs:/opt/ros/humble /usr/bin/cmake --build /home/billy/git/Robotics-Studio-2/build/ur_onrobot_moveit_config -- -j16 -l16
[1.710s] Invoking command in '/home/billy/git/Robotics-Studio-2/build/ur_onrobot_moveit_config': CMAKE_PREFIX_PATH=/home/billy/git/Robotics-Studio-2/install/ur_onrobot_control:/home/billy/git/Robotics-Studio-2/install/ur_onrobot_description:/home/billy/git/Robotics-Studio-2/install/onrobot_driver:/home/billy/git/Robotics-Studio-2/install/onrobot_description:/home/billy/git/Robotics-Studio-2/install/ur_description_local:/home/billy/git/Robotics-Studio-2/install/ur_onrobot_moveit_config:/home/billy/git/Robotics-Studio-2/install/ur_gripper_demo:/home/billy/git/Robotics-Studio-2/install/ur3_demo_cpp:/home/billy/git/Robotics-Studio-2/install/object_msgs:/home/billy/install/object_msgs:/opt/ros/humble /usr/bin/cmake --install /home/billy/git/Robotics-Studio-2/build/ur_onrobot_moveit_config
[1.727s] -- Install configuration: ""
[1.728s] -- Execute custom install script
[1.729s] -- Up-to-date symlink: /home/billy/git/Robotics-Studio-2/install/ur_onrobot_moveit_config/share/ur_onrobot_moveit_config/config/controllers.yaml
[1.729s] -- Up-to-date symlink: /home/billy/git/Robotics-Studio-2/install/ur_onrobot_moveit_config/share/ur_onrobot_moveit_config/config/joint_limits.yaml
[1.730s] -- Up-to-date symlink: /home/billy/git/Robotics-Studio-2/install/ur_onrobot_moveit_config/share/ur_onrobot_moveit_config/config/kinematics.yaml
[1.730s] -- Up-to-date symlink: /home/billy/git/Robotics-Studio-2/install/ur_onrobot_moveit_config/share/ur_onrobot_moveit_config/config/ompl_planning.yaml
[1.730s] -- Up-to-date symlink: /home/billy/git/Robotics-Studio-2/install/ur_onrobot_moveit_config/share/ur_onrobot_moveit_config/config/ur_onrobot_servo.yaml
[1.731s] -- Up-to-date symlink: /home/billy/git/Robotics-Studio-2/install/ur_onrobot_moveit_config/share/ur_onrobot_moveit_config/launch/ur_onrobot_moveit.launch.py
[1.732s] -- Up-to-date symlink: /home/billy/git/Robotics-Studio-2/install/ur_onrobot_moveit_config/share/ur_onrobot_moveit_config/rviz/view_robot.rviz
[1.733s] -- Up-to-date symlink: /home/billy/git/Robotics-Studio-2/install/ur_onrobot_moveit_config/share/ur_onrobot_moveit_config/srdf/ur_onrobot.srdf.xacro
[1.733s] -- Up-to-date symlink: /home/billy/git/Robotics-Studio-2/install/ur_onrobot_moveit_config/share/ur_onrobot_moveit_config/srdf/ur_onrobot_macro.srdf.xacro
[1.733s] -- Up-to-date symlink: /home/billy/git/Robotics-Studio-2/install/ur_onrobot_moveit_config/share/ur_onrobot_moveit_config/environment/pythonpath.sh
[1.734s] -- Up-to-date symlink: /home/billy/git/Robotics-Studio-2/install/ur_onrobot_moveit_config/share/ur_onrobot_moveit_config/environment/pythonpath.dsv
[1.735s] -- Up-to-date symlink: /home/billy/git/Robotics-Studio-2/install/ur_onrobot_moveit_config/local/lib/python3.10/dist-packages/ur_onrobot_moveit_config-0.0.1-py3.10.egg-info/PKG-INFO
[1.735s] -- Up-to-date symlink: /home/billy/git/Robotics-Studio-2/install/ur_onrobot_moveit_config/local/lib/python3.10/dist-packages/ur_onrobot_moveit_config-0.0.1-py3.10.egg-info/SOURCES.txt
[1.735s] -- Up-to-date symlink: /home/billy/git/Robotics-Studio-2/install/ur_onrobot_moveit_config/local/lib/python3.10/dist-packages/ur_onrobot_moveit_config-0.0.1-py3.10.egg-info/dependency_links.txt
[1.736s] -- Up-to-date symlink: /home/billy/git/Robotics-Studio-2/install/ur_onrobot_moveit_config/local/lib/python3.10/dist-packages/ur_onrobot_moveit_config-0.0.1-py3.10.egg-info/top_level.txt
[1.737s] -- Up-to-date symlink: /home/billy/git/Robotics-Studio-2/install/ur_onrobot_moveit_config/local/lib/python3.10/dist-packages/ur_onrobot_moveit_config/__init__.py
[1.737s] -- Up-to-date symlink: /home/billy/git/Robotics-Studio-2/install/ur_onrobot_moveit_config/local/lib/python3.10/dist-packages/ur_onrobot_moveit_config/launch_common.py
[1.738s] -- Up-to-date symlink: /home/billy/git/Robotics-Studio-2/install/ur_onrobot_moveit_config/local/lib/python3.10/dist-packages/launch_common.py
[1.738s] -- Up-to-date symlink: /home/billy/git/Robotics-Studio-2/install/ur_onrobot_moveit_config/share/ament_index/resource_index/package_run_dependencies/ur_onrobot_moveit_config
[1.739s] -- Up-to-date symlink: /home/billy/git/Robotics-Studio-2/install/ur_onrobot_moveit_config/share/ament_index/resource_index/parent_prefix_path/ur_onrobot_moveit_config
[1.740s] -- Up-to-date symlink: /home/billy/git/Robotics-Studio-2/install/ur_onrobot_moveit_config/share/ur_onrobot_moveit_config/environment/ament_prefix_path.sh
[1.740s] -- Up-to-date symlink: /home/billy/git/Robotics-Studio-2/install/ur_onrobot_moveit_config/share/ur_onrobot_moveit_config/environment/ament_prefix_path.dsv
[1.741s] -- Up-to-date symlink: /home/billy/git/Robotics-Studio-2/install/ur_onrobot_moveit_config/share/ur_onrobot_moveit_config/environment/path.sh
[1.741s] -- Up-to-date symlink: /home/billy/git/Robotics-Studio-2/install/ur_onrobot_moveit_config/share/ur_onrobot_moveit_config/environment/path.dsv
[1.742s] -- Up-to-date symlink: /home/billy/git/Robotics-Studio-2/install/ur_onrobot_moveit_config/share/ur_onrobot_moveit_config/local_setup.bash
[1.742s] -- Up-to-date symlink: /home/billy/git/Robotics-Studio-2/install/ur_onrobot_moveit_config/share/ur_onrobot_moveit_config/local_setup.sh
[1.743s] -- Up-to-date symlink: /home/billy/git/Robotics-Studio-2/install/ur_onrobot_moveit_config/share/ur_onrobot_moveit_config/local_setup.zsh
[1.744s] -- Up-to-date symlink: /home/billy/git/Robotics-Studio-2/install/ur_onrobot_moveit_config/share/ur_onrobot_moveit_config/local_setup.dsv
[1.744s] -- Symlinking: /home/billy/git/Robotics-Studio-2/install/ur_onrobot_moveit_config/share/ur_onrobot_moveit_config/package.dsv
[1.769s] -- Up-to-date symlink: /home/billy/git/Robotics-Studio-2/install/ur_onrobot_moveit_config/share/ament_index/resource_index/packages/ur_onrobot_moveit_config
[1.769s] -- Up-to-date symlink: /home/billy/git/Robotics-Studio-2/install/ur_onrobot_moveit_config/share/ur_onrobot_moveit_config/cmake/ur_onrobot_moveit_configConfig.cmake
[1.770s] -- Up-to-date symlink: /home/billy/git/Robotics-Studio-2/install/ur_onrobot_moveit_config/share/ur_onrobot_moveit_config/cmake/ur_onrobot_moveit_configConfig-version.cmake
[1.771s] -- Up-to-date symlink: /home/billy/git/Robotics-Studio-2/install/ur_onrobot_moveit_config/share/ur_onrobot_moveit_config/package.xml
[1.840s] Listing '/home/billy/git/Robotics-Studio-2/install/ur_onrobot_moveit_config/local/lib/python3.10/dist-packages/ur_onrobot_moveit_config'...
[1.941s] Invoked command in '/home/billy/git/Robotics-Studio-2/build/ur_onrobot_moveit_config' returned '0': CMAKE_PREFIX_PATH=/home/billy/git/Robotics-Studio-2/install/ur_onrobot_control:/home/billy/git/Robotics-Studio-2/install/ur_onrobot_description:/home/billy/git/Robotics-Studio-2/install/onrobot_driver:/home/billy/git/Robotics-Studio-2/install/onrobot_description:/home/billy/git/Robotics-Studio-2/install/ur_description_local:/home/billy/git/Robotics-Studio-2/install/ur_onrobot_moveit_config:/home/billy/git/Robotics-Studio-2/install/ur_gripper_demo:/home/billy/git/Robotics-Studio-2/install/ur3_demo_cpp:/home/billy/git/Robotics-Studio-2/install/object_msgs:/home/billy/install/object_msgs:/opt/ros/humble /usr/bin/cmake --install /home/billy/git/Robotics-Studio-2/build/ur_onrobot_moveit_config
