[0.207s] Invoking command in '/home/billy/git/Robotics-Studio-2/build/ur_onrobot_control': CMAKE_PREFIX_PATH=/home/billy/git/Robotics-Studio-2/install/ur_onrobot_description:/home/billy/git/Robotics-Studio-2/install/onrobot_driver:/home/billy/git/Robotics-Studio-2/install/onrobot_description:/home/billy/git/Robotics-Studio-2/install/ur_description_local:/home/billy/git/Robotics-Studio-2/install/ur_onrobot_moveit_config:/home/billy/git/Robotics-Studio-2/install/ur_onrobot_control:/home/billy/git/Robotics-Studio-2/install/ur_gripper_demo:/home/billy/git/Robotics-Studio-2/install/ur3_demo_cpp:/home/billy/git/Robotics-Studio-2/install/object_msgs:/home/billy/install/object_msgs:/opt/ros/humble /usr/bin/cmake /home/billy/git/Robotics-Studio-2/src/ur_onrobot/ur_onrobot_control -DCMAKE_INSTALL_PREFIX=/home/billy/git/Robotics-Studio-2/install/ur_onrobot_control
[0.236s] -- Found ament_cmake: 1.3.13 (/opt/ros/humble/share/ament_cmake/cmake)
[0.512s] -- Override CMake install command with custom implementation using symlinks instead of copying resources
[0.680s] -- Configuring done
[0.694s] -- Generating done
[0.701s] -- Build files have been written to: /home/billy/git/Robotics-Studio-2/build/ur_onrobot_control
[0.711s] Invoked command in '/home/billy/git/Robotics-Studio-2/build/ur_onrobot_control' returned '0': CMAKE_PREFIX_PATH=/home/billy/git/Robotics-Studio-2/install/ur_onrobot_description:/home/billy/git/Robotics-Studio-2/install/onrobot_driver:/home/billy/git/Robotics-Studio-2/install/onrobot_description:/home/billy/git/Robotics-Studio-2/install/ur_description_local:/home/billy/git/Robotics-Studio-2/install/ur_onrobot_moveit_config:/home/billy/git/Robotics-Studio-2/install/ur_onrobot_control:/home/billy/git/Robotics-Studio-2/install/ur_gripper_demo:/home/billy/git/Robotics-Studio-2/install/ur3_demo_cpp:/home/billy/git/Robotics-Studio-2/install/object_msgs:/home/billy/install/object_msgs:/opt/ros/humble /usr/bin/cmake /home/billy/git/Robotics-Studio-2/src/ur_onrobot/ur_onrobot_control -DCMAKE_INSTALL_PREFIX=/home/billy/git/Robotics-Studio-2/install/ur_onrobot_control
[0.715s] Invoking command in '/home/billy/git/Robotics-Studio-2/build/ur_onrobot_control': CMAKE_PREFIX_PATH=/home/billy/git/Robotics-Studio-2/install/ur_onrobot_description:/home/billy/git/Robotics-Studio-2/install/onrobot_driver:/home/billy/git/Robotics-Studio-2/install/onrobot_description:/home/billy/git/Robotics-Studio-2/install/ur_description_local:/home/billy/git/Robotics-Studio-2/install/ur_onrobot_moveit_config:/home/billy/git/Robotics-Studio-2/install/ur_onrobot_control:/home/billy/git/Robotics-Studio-2/install/ur_gripper_demo:/home/billy/git/Robotics-Studio-2/install/ur3_demo_cpp:/home/billy/git/Robotics-Studio-2/install/object_msgs:/home/billy/install/object_msgs:/opt/ros/humble /usr/bin/cmake --build /home/billy/git/Robotics-Studio-2/build/ur_onrobot_control -- -j16 -l16
[0.822s] Invoked command in '/home/billy/git/Robotics-Studio-2/build/ur_onrobot_control' returned '0': CMAKE_PREFIX_PATH=/home/billy/git/Robotics-Studio-2/install/ur_onrobot_description:/home/billy/git/Robotics-Studio-2/install/onrobot_driver:/home/billy/git/Robotics-Studio-2/install/onrobot_description:/home/billy/git/Robotics-Studio-2/install/ur_description_local:/home/billy/git/Robotics-Studio-2/install/ur_onrobot_moveit_config:/home/billy/git/Robotics-Studio-2/install/ur_onrobot_control:/home/billy/git/Robotics-Studio-2/install/ur_gripper_demo:/home/billy/git/Robotics-Studio-2/install/ur3_demo_cpp:/home/billy/git/Robotics-Studio-2/install/object_msgs:/home/billy/install/object_msgs:/opt/ros/humble /usr/bin/cmake --build /home/billy/git/Robotics-Studio-2/build/ur_onrobot_control -- -j16 -l16
[0.826s] Invoking command in '/home/billy/git/Robotics-Studio-2/build/ur_onrobot_control': CMAKE_PREFIX_PATH=/home/billy/git/Robotics-Studio-2/install/ur_onrobot_description:/home/billy/git/Robotics-Studio-2/install/onrobot_driver:/home/billy/git/Robotics-Studio-2/install/onrobot_description:/home/billy/git/Robotics-Studio-2/install/ur_description_local:/home/billy/git/Robotics-Studio-2/install/ur_onrobot_moveit_config:/home/billy/git/Robotics-Studio-2/install/ur_onrobot_control:/home/billy/git/Robotics-Studio-2/install/ur_gripper_demo:/home/billy/git/Robotics-Studio-2/install/ur3_demo_cpp:/home/billy/git/Robotics-Studio-2/install/object_msgs:/home/billy/install/object_msgs:/opt/ros/humble /usr/bin/cmake --install /home/billy/git/Robotics-Studio-2/build/ur_onrobot_control
[0.848s] -- Install configuration: ""
[0.850s] -- Execute custom install script
[0.852s] -- Up-to-date symlink: /home/billy/git/Robotics-Studio-2/install/ur_onrobot_control/share/ur_onrobot_control/launch/start_robot.launch.py
[0.853s] -- Up-to-date symlink: /home/billy/git/Robotics-Studio-2/install/ur_onrobot_control/share/ur_onrobot_control/config/ur_onrobot_controllers.yaml
[0.853s] -- Up-to-date symlink: /home/billy/git/Robotics-Studio-2/install/ur_onrobot_control/share/ament_index/resource_index/package_run_dependencies/ur_onrobot_control
[0.854s] -- Up-to-date symlink: /home/billy/git/Robotics-Studio-2/install/ur_onrobot_control/share/ament_index/resource_index/parent_prefix_path/ur_onrobot_control
[0.854s] -- Up-to-date symlink: /home/billy/git/Robotics-Studio-2/install/ur_onrobot_control/share/ur_onrobot_control/environment/ament_prefix_path.sh
[0.855s] -- Up-to-date symlink: /home/billy/git/Robotics-Studio-2/install/ur_onrobot_control/share/ur_onrobot_control/environment/ament_prefix_path.dsv
[0.855s] -- Up-to-date symlink: /home/billy/git/Robotics-Studio-2/install/ur_onrobot_control/share/ur_onrobot_control/environment/path.sh
[0.855s] -- Up-to-date symlink: /home/billy/git/Robotics-Studio-2/install/ur_onrobot_control/share/ur_onrobot_control/environment/path.dsv
[0.856s] -- Up-to-date symlink: /home/billy/git/Robotics-Studio-2/install/ur_onrobot_control/share/ur_onrobot_control/local_setup.bash
[0.856s] -- Up-to-date symlink: /home/billy/git/Robotics-Studio-2/install/ur_onrobot_control/share/ur_onrobot_control/local_setup.sh
[0.857s] -- Up-to-date symlink: /home/billy/git/Robotics-Studio-2/install/ur_onrobot_control/share/ur_onrobot_control/local_setup.zsh
[0.857s] -- Up-to-date symlink: /home/billy/git/Robotics-Studio-2/install/ur_onrobot_control/share/ur_onrobot_control/local_setup.dsv
[0.858s] -- Symlinking: /home/billy/git/Robotics-Studio-2/install/ur_onrobot_control/share/ur_onrobot_control/package.dsv
[0.884s] -- Up-to-date symlink: /home/billy/git/Robotics-Studio-2/install/ur_onrobot_control/share/ament_index/resource_index/packages/ur_onrobot_control
[0.885s] -- Up-to-date symlink: /home/billy/git/Robotics-Studio-2/install/ur_onrobot_control/share/ur_onrobot_control/cmake/ur_onrobot_controlConfig.cmake
[0.886s] -- Up-to-date symlink: /home/billy/git/Robotics-Studio-2/install/ur_onrobot_control/share/ur_onrobot_control/cmake/ur_onrobot_controlConfig-version.cmake
[0.886s] -- Up-to-date symlink: /home/billy/git/Robotics-Studio-2/install/ur_onrobot_control/share/ur_onrobot_control/package.xml
[0.892s] Invoked command in '/home/billy/git/Robotics-Studio-2/build/ur_onrobot_control' returned '0': CMAKE_PREFIX_PATH=/home/billy/git/Robotics-Studio-2/install/ur_onrobot_description:/home/billy/git/Robotics-Studio-2/install/onrobot_driver:/home/billy/git/Robotics-Studio-2/install/onrobot_description:/home/billy/git/Robotics-Studio-2/install/ur_description_local:/home/billy/git/Robotics-Studio-2/install/ur_onrobot_moveit_config:/home/billy/git/Robotics-Studio-2/install/ur_onrobot_control:/home/billy/git/Robotics-Studio-2/install/ur_gripper_demo:/home/billy/git/Robotics-Studio-2/install/ur3_demo_cpp:/home/billy/git/Robotics-Studio-2/install/object_msgs:/home/billy/install/object_msgs:/opt/ros/humble /usr/bin/cmake --install /home/billy/git/Robotics-Studio-2/build/ur_onrobot_control
