[0.068s] Invoking command in '/home/billy/git/Robotics-Studio-2/build/ur_gripper_demo': CMAKE_PREFIX_PATH=/home/billy/git/Robotics-Studio-2/install/object_msgs:/home/billy/git/Robotics-Studio-2/install/ur_onrobot_moveit_config:/home/billy/git/Robotics-Studio-2/install/ur_onrobot_control:/home/billy/git/Robotics-Studio-2/install/ur_onrobot_description:/home/billy/git/Robotics-Studio-2/install/ur_gripper_demo:/home/billy/git/Robotics-Studio-2/install/ur_description_local:/home/billy/git/Robotics-Studio-2/install/ur3_demo_cpp:/home/billy/git/Robotics-Studio-2/install/moveit_task_constructor_visualization:/home/billy/git/Robotics-Studio-2/install/moveit_task_constructor_demo:/home/billy/git/Robotics-Studio-2/install/moveit_task_constructor_capabilities:/home/billy/git/Robotics-Studio-2/install/moveit_task_constructor_core:/home/billy/git/Robotics-Studio-2/install/rviz_marker_tools:/home/billy/git/Robotics-Studio-2/install/onrobot_driver:/home/billy/git/Robotics-Studio-2/install/onrobot_description:/home/billy/git/Robotics-Studio-2/install/moveit_task_constructor_msgs:/opt/ros/humble LD_LIBRARY_PATH=/home/billy/git/Robotics-Studio-2/install/object_msgs/lib:/home/billy/git/Robotics-Studio-2/install/moveit_task_constructor_visualization/lib:/home/billy/git/Robotics-Studio-2/install/moveit_task_constructor_demo/lib:/home/billy/git/Robotics-Studio-2/install/moveit_task_constructor_capabilities/lib:/home/billy/git/Robotics-Studio-2/install/moveit_task_constructor_core/lib:/home/billy/git/Robotics-Studio-2/install/rviz_marker_tools/lib:/home/billy/git/Robotics-Studio-2/install/onrobot_driver/lib:/home/billy/git/Robotics-Studio-2/install/moveit_task_constructor_msgs/lib:/usr/lib/x86_64-linux-gnu/gazebo-11/plugins:/opt/ros/humble/opt/rviz_ogre_vendor/lib:/opt/ros/humble/lib/x86_64-linux-gnu:/opt/ros/humble/lib /usr/bin/cmake --build /home/billy/git/Robotics-Studio-2/build/ur_gripper_demo -- -j16 -l16
[0.152s] [35m[1mConsolidate compiler generated dependencies of target gripper_pick_place[0m
[0.177s] [  0%] Built target ament_cmake_python_symlink_ur_gripper_demo
[0.187s] [ 50%] Built target gripper_demo_node
[0.199s] [ 75%] [32mBuilding CXX object CMakeFiles/gripper_pick_place.dir/src/pick_n_place_try2_1.cpp.o[0m
[0.407s] running egg_info
[0.408s] writing ur_gripper_demo.egg-info/PKG-INFO
[0.408s] writing dependency_links to ur_gripper_demo.egg-info/dependency_links.txt
[0.408s] writing top-level names to ur_gripper_demo.egg-info/top_level.txt
[0.411s] reading manifest file 'ur_gripper_demo.egg-info/SOURCES.txt'
[0.412s] writing manifest file 'ur_gripper_demo.egg-info/SOURCES.txt'
[0.448s] [ 75%] Built target ament_cmake_python_build_ur_gripper_demo_egg
[8.791s] [01m[K/home/billy/git/Robotics-Studio-2/src/ur_gripper_demo/src/pick_n_place_try2_1.cpp:[m[K In function ‘[01m[Kvoid loadBinPoses(const string&)[m[K’:
[8.791s] [01m[K/home/billy/git/Robotics-Studio-2/src/ur_gripper_demo/src/pick_n_place_try2_1.cpp:186:5:[m[K [01;31m[Kerror: [m[K‘[01m[Knlohmann[m[K’ has not been declared
[8.791s]   186 |     [01;31m[Knlohmann[m[K::json j;
[8.791s]       |     [01;31m[K^~~~~~~~[m[K
[8.797s] [01m[K/home/billy/git/Robotics-Studio-2/src/ur_gripper_demo/src/pick_n_place_try2_1.cpp:187:11:[m[K [01;31m[Kerror: [m[K‘[01m[Kj[m[K’ was not declared in this scope; did you mean ‘[01m[Kjn[m[K’?
[8.797s]   187 |     in >> [01;31m[Kj[m[K;
[8.797s]       |           [01;31m[K^[m[K
[8.797s]       |           [32m[Kjn[m[K
[8.798s] [01m[K/home/billy/git/Robotics-Studio-2/src/ur_gripper_demo/src/pick_n_place_try2_1.cpp:[m[K In function ‘[01m[Kvoid saveBinPose(const string&, const Pose&, const string&)[m[K’:
[8.798s] [01m[K/home/billy/git/Robotics-Studio-2/src/ur_gripper_demo/src/pick_n_place_try2_1.cpp:222:5:[m[K [01;31m[Kerror: [m[K‘[01m[Knlohmann[m[K’ has not been declared
[8.798s]   222 |     [01;31m[Knlohmann[m[K::json j;
[8.798s]       |     [01;31m[K^~~~~~~~[m[K
[8.808s] [01m[K/home/billy/git/Robotics-Studio-2/src/ur_gripper_demo/src/pick_n_place_try2_1.cpp:232:9:[m[K [01;31m[Kerror: [m[K‘[01m[Kj[m[K’ was not declared in this scope
[8.808s]   232 |         [01;31m[Kj[m[K[k] = {
[8.808s]       |         [01;31m[K^[m[K
[8.814s] [01m[K/home/billy/git/Robotics-Studio-2/src/ur_gripper_demo/src/pick_n_place_try2_1.cpp:239:12:[m[K [01;31m[Kerror: [m[K‘[01m[Kj[m[K’ was not declared in this scope; did you mean ‘[01m[Kjn[m[K’?
[8.814s]   239 |     out << [01;31m[Kj[m[K.dump(4);
[8.814s]       |            [01;31m[K^[m[K
[8.814s]       |            [32m[Kjn[m[K
[8.847s] [01m[K/home/billy/git/Robotics-Studio-2/src/ur_gripper_demo/src/pick_n_place_try2_1.cpp:[m[K In function ‘[01m[KGraspGeometry computeGraspGeometry(const Object&)[m[K’:
[8.847s] [01m[K/home/billy/git/Robotics-Studio-2/src/ur_gripper_demo/src/pick_n_place_try2_1.cpp:521:10:[m[K [01;31m[Kerror: [m[Kredeclaration of ‘[01m[Kbool tall_object[m[K’
[8.847s]   521 |     bool [01;31m[Ktall_object[m[K  = height > 0.05;
[8.847s]       |          [01;31m[K^~~~~~~~~~~[m[K
[8.847s] [01m[K/home/billy/git/Robotics-Studio-2/src/ur_gripper_demo/src/pick_n_place_try2_1.cpp:520:10:[m[K [01;36m[Knote: [m[K‘[01m[Kbool tall_object[m[K’ previously declared here
[8.847s]   520 |     bool [01;36m[Ktall_object[m[K  = height > xy_max * 1.2;
[8.847s]       |          [01;36m[K^~~~~~~~~~~[m[K
[8.867s] In file included from [01m[K/opt/ros/humble/include/rclcpp/rclcpp/logging.hpp:24[m[K,
[8.867s]                  from [01m[K/opt/ros/humble/include/rclcpp/rclcpp/client.hpp:40[m[K,
[8.867s]                  from [01m[K/opt/ros/humble/include/rclcpp/rclcpp/callback_group.hpp:24[m[K,
[8.867s]                  from [01m[K/opt/ros/humble/include/rclcpp/rclcpp/any_executable.hpp:20[m[K,
[8.867s]                  from [01m[K/opt/ros/humble/include/rclcpp/rclcpp/memory_strategy.hpp:25[m[K,
[8.867s]                  from [01m[K/opt/ros/humble/include/rclcpp/rclcpp/memory_strategies.hpp:18[m[K,
[8.867s]                  from [01m[K/opt/ros/humble/include/rclcpp/rclcpp/executor_options.hpp:20[m[K,
[8.867s]                  from [01m[K/opt/ros/humble/include/rclcpp/rclcpp/executor.hpp:37[m[K,
[8.867s]                  from [01m[K/opt/ros/humble/include/rclcpp/rclcpp/executors/multi_threaded_executor.hpp:25[m[K,
[8.867s]                  from [01m[K/opt/ros/humble/include/rclcpp/rclcpp/executors.hpp:21[m[K,
[8.867s]                  from [01m[K/opt/ros/humble/include/rclcpp/rclcpp/rclcpp.hpp:155[m[K,
[8.867s]                  from [01m[K/home/billy/git/Robotics-Studio-2/src/ur_gripper_demo/src/pick_n_place_try2_1.cpp:1[m[K:
[8.867s] [01m[K/home/billy/git/Robotics-Studio-2/src/ur_gripper_demo/src/pick_n_place_try2_1.cpp:[m[K In function ‘[01m[Kvoid MainLoop(moveit::planning_interface::MoveGroupInterface&, const SharedPtr&, moveit::planning_interface::PlanningSceneInterface&, const ObjectArray&, const PoseArray&)[m[K’:
[8.867s] [01m[K/home/billy/git/Robotics-Studio-2/src/ur_gripper_demo/src/pick_n_place_try2_1.cpp:1108:85:[m[K [01;31m[Kerror: [m[Krequest for member ‘[01m[Kc_str[m[K’ in ‘[01m[Kr.ResolvedObject::grasp.GraspGeometry::strategy[m[K’, which is of non-class type ‘[01m[Kconst GraspStrategy[m[K’
[8.867s]  1108 |             RCLCPP_INFO(LOGGER, "Skipping unknonwn strategy'%s' ", r.grasp.strategy.[01;31m[Kc_str[m[K());
[8.867s]       |                                                                                     [01;31m[K^~~~~[m[K
[8.867s] [01m[K/home/billy/git/Robotics-Studio-2/src/ur_gripper_demo/src/pick_n_place_try2_1.cpp:1113:62:[m[K [01;31m[Kerror: [m[Kinvalid initialization of reference of type ‘[01m[Kconst string&[m[K’ {aka ‘[01m[Kconst std::__cxx11::basic_string<char>&[m[K’} from expression of type ‘[01m[Kconst int[m[K’
[8.867s]  1113 |         geometry_msgs::msg::Pose bin_pose = getDropOffPose([01;31m[Kr.bin_index[m[K);
[8.867s]       |                                                            [01;31m[K~~^~~~~~~~~[m[K
[8.867s] [01m[K/home/billy/git/Robotics-Studio-2/src/ur_gripper_demo/src/pick_n_place_try2_1.cpp:244:60:[m[K [01;36m[Knote: [m[Kin passing argument 1 of ‘[01m[Kgeometry_msgs::msg::Pose getDropOffPose(const string&)[m[K’
[8.867s]   244 | geometry_msgs::msg::Pose getDropOffPose([01;36m[Kconst std::string& class_name[m[K)
[8.867s]       |                                         [01;36m[K~~~~~~~~~~~~~~~~~~~^~~~~~~~~~[m[K
[26.807s] gmake[2]: *** [CMakeFiles/gripper_pick_place.dir/build.make:76: CMakeFiles/gripper_pick_place.dir/src/pick_n_place_try2_1.cpp.o] Error 1
[26.808s] gmake[1]: *** [CMakeFiles/Makefile2:220: CMakeFiles/gripper_pick_place.dir/all] Error 2
[26.808s] gmake: *** [Makefile:146: all] Error 2
[26.812s] Invoked command in '/home/billy/git/Robotics-Studio-2/build/ur_gripper_demo' returned '2': CMAKE_PREFIX_PATH=/home/billy/git/Robotics-Studio-2/install/object_msgs:/home/billy/git/Robotics-Studio-2/install/ur_onrobot_moveit_config:/home/billy/git/Robotics-Studio-2/install/ur_onrobot_control:/home/billy/git/Robotics-Studio-2/install/ur_onrobot_description:/home/billy/git/Robotics-Studio-2/install/ur_gripper_demo:/home/billy/git/Robotics-Studio-2/install/ur_description_local:/home/billy/git/Robotics-Studio-2/install/ur3_demo_cpp:/home/billy/git/Robotics-Studio-2/install/moveit_task_constructor_visualization:/home/billy/git/Robotics-Studio-2/install/moveit_task_constructor_demo:/home/billy/git/Robotics-Studio-2/install/moveit_task_constructor_capabilities:/home/billy/git/Robotics-Studio-2/install/moveit_task_constructor_core:/home/billy/git/Robotics-Studio-2/install/rviz_marker_tools:/home/billy/git/Robotics-Studio-2/install/onrobot_driver:/home/billy/git/Robotics-Studio-2/install/onrobot_description:/home/billy/git/Robotics-Studio-2/install/moveit_task_constructor_msgs:/opt/ros/humble LD_LIBRARY_PATH=/home/billy/git/Robotics-Studio-2/install/object_msgs/lib:/home/billy/git/Robotics-Studio-2/install/moveit_task_constructor_visualization/lib:/home/billy/git/Robotics-Studio-2/install/moveit_task_constructor_demo/lib:/home/billy/git/Robotics-Studio-2/install/moveit_task_constructor_capabilities/lib:/home/billy/git/Robotics-Studio-2/install/moveit_task_constructor_core/lib:/home/billy/git/Robotics-Studio-2/install/rviz_marker_tools/lib:/home/billy/git/Robotics-Studio-2/install/onrobot_driver/lib:/home/billy/git/Robotics-Studio-2/install/moveit_task_constructor_msgs/lib:/usr/lib/x86_64-linux-gnu/gazebo-11/plugins:/opt/ros/humble/opt/rviz_ogre_vendor/lib:/opt/ros/humble/lib/x86_64-linux-gnu:/opt/ros/humble/lib /usr/bin/cmake --build /home/billy/git/Robotics-Studio-2/build/ur_gripper_demo -- -j16 -l16
