[100%] Built target panda_demo_node
-- Install configuration: ""
-- Execute custom install script
-- Up-to-date symlink: /home/billy/git/Robotics-Studio-2/install/ur3_demo_cpp/lib/ur3_demo_cpp/panda_demo_node
-- Up-to-date symlink: /home/billy/git/Robotics-Studio-2/install/ur3_demo_cpp/share/ur3_demo_cpp/launch/ur_moveit.launch.py
-- Up-to-date symlink: /home/billy/git/Robotics-Studio-2/install/ur3_demo_cpp/share/ament_index/resource_index/package_run_dependencies/ur3_demo_cpp
-- Up-to-date symlink: /home/billy/git/Robotics-Studio-2/install/ur3_demo_cpp/share/ament_index/resource_index/parent_prefix_path/ur3_demo_cpp
-- Up-to-date symlink: /home/billy/git/Robotics-Studio-2/install/ur3_demo_cpp/share/ur3_demo_cpp/environment/ament_prefix_path.sh
-- Up-to-date symlink: /home/billy/git/Robotics-Studio-2/install/ur3_demo_cpp/share/ur3_demo_cpp/environment/ament_prefix_path.dsv
-- Up-to-date symlink: /home/billy/git/Robotics-Studio-2/install/ur3_demo_cpp/share/ur3_demo_cpp/environment/path.sh
-- Up-to-date symlink: /home/billy/git/Robotics-Studio-2/install/ur3_demo_cpp/share/ur3_demo_cpp/environment/path.dsv
-- Up-to-date symlink: /home/billy/git/Robotics-Studio-2/install/ur3_demo_cpp/share/ur3_demo_cpp/local_setup.bash
-- Up-to-date symlink: /home/billy/git/Robotics-Studio-2/install/ur3_demo_cpp/share/ur3_demo_cpp/local_setup.sh
-- Up-to-date symlink: /home/billy/git/Robotics-Studio-2/install/ur3_demo_cpp/share/ur3_demo_cpp/local_setup.zsh
-- Up-to-date symlink: /home/billy/git/Robotics-Studio-2/install/ur3_demo_cpp/share/ur3_demo_cpp/local_setup.dsv
-- Symlinking: /home/billy/git/Robotics-Studio-2/install/ur3_demo_cpp/share/ur3_demo_cpp/package.dsv
-- Up-to-date symlink: /home/billy/git/Robotics-Studio-2/install/ur3_demo_cpp/share/ament_index/resource_index/packages/ur3_demo_cpp
-- Up-to-date symlink: /home/billy/git/Robotics-Studio-2/install/ur3_demo_cpp/share/ur3_demo_cpp/cmake/ur3_demo_cppConfig.cmake
-- Up-to-date symlink: /home/billy/git/Robotics-Studio-2/install/ur3_demo_cpp/share/ur3_demo_cpp/cmake/ur3_demo_cppConfig-version.cmake
-- Up-to-date symlink: /home/billy/git/Robotics-Studio-2/install/ur3_demo_cpp/share/ur3_demo_cpp/package.xml
