[0.088s] Invoking command in '/home/billy/git/Robotics-Studio-2/build/ur3_demo_cpp': CMAKE_PREFIX_PATH=${CMAKE_PREFIX_PATH}:/opt/ros/humble /usr/bin/cmake --build /home/billy/git/Robotics-Studio-2/build/ur3_demo_cpp -- -j16 -l16
[0.437s] [100%] Built target panda_demo_node
[0.515s] Invoked command in '/home/billy/git/Robotics-Studio-2/build/ur3_demo_cpp' returned '0': CMAKE_PREFIX_PATH=${CMAKE_PREFIX_PATH}:/opt/ros/humble /usr/bin/cmake --build /home/billy/git/Robotics-Studio-2/build/ur3_demo_cpp -- -j16 -l16
[0.522s] Invoking command in '/home/billy/git/Robotics-Studio-2/build/ur3_demo_cpp': CMAKE_PREFIX_PATH=${CMAKE_PREFIX_PATH}:/opt/ros/humble /usr/bin/cmake --install /home/billy/git/Robotics-Studio-2/build/ur3_demo_cpp
[0.540s] -- Install configuration: ""
[0.541s] -- Execute custom install script
[0.542s] -- Up-to-date symlink: /home/billy/git/Robotics-Studio-2/install/ur3_demo_cpp/lib/ur3_demo_cpp/panda_demo_node
[0.543s] -- Up-to-date symlink: /home/billy/git/Robotics-Studio-2/install/ur3_demo_cpp/share/ur3_demo_cpp/launch/ur_moveit.launch.py
[0.543s] -- Up-to-date symlink: /home/billy/git/Robotics-Studio-2/install/ur3_demo_cpp/share/ament_index/resource_index/package_run_dependencies/ur3_demo_cpp
[0.543s] -- Up-to-date symlink: /home/billy/git/Robotics-Studio-2/install/ur3_demo_cpp/share/ament_index/resource_index/parent_prefix_path/ur3_demo_cpp
[0.544s] -- Up-to-date symlink: /home/billy/git/Robotics-Studio-2/install/ur3_demo_cpp/share/ur3_demo_cpp/environment/ament_prefix_path.sh
[0.544s] -- Up-to-date symlink: /home/billy/git/Robotics-Studio-2/install/ur3_demo_cpp/share/ur3_demo_cpp/environment/ament_prefix_path.dsv
[0.545s] -- Up-to-date symlink: /home/billy/git/Robotics-Studio-2/install/ur3_demo_cpp/share/ur3_demo_cpp/environment/path.sh
[0.545s] -- Up-to-date symlink: /home/billy/git/Robotics-Studio-2/install/ur3_demo_cpp/share/ur3_demo_cpp/environment/path.dsv
[0.545s] -- Up-to-date symlink: /home/billy/git/Robotics-Studio-2/install/ur3_demo_cpp/share/ur3_demo_cpp/local_setup.bash
[0.546s] -- Up-to-date symlink: /home/billy/git/Robotics-Studio-2/install/ur3_demo_cpp/share/ur3_demo_cpp/local_setup.sh
[0.546s] -- Up-to-date symlink: /home/billy/git/Robotics-Studio-2/install/ur3_demo_cpp/share/ur3_demo_cpp/local_setup.zsh
[0.547s] -- Up-to-date symlink: /home/billy/git/Robotics-Studio-2/install/ur3_demo_cpp/share/ur3_demo_cpp/local_setup.dsv
[0.547s] -- Symlinking: /home/billy/git/Robotics-Studio-2/install/ur3_demo_cpp/share/ur3_demo_cpp/package.dsv
[0.576s] -- Up-to-date symlink: /home/billy/git/Robotics-Studio-2/install/ur3_demo_cpp/share/ament_index/resource_index/packages/ur3_demo_cpp
[0.578s] -- Up-to-date symlink: /home/billy/git/Robotics-Studio-2/install/ur3_demo_cpp/share/ur3_demo_cpp/cmake/ur3_demo_cppConfig.cmake
[0.585s] -- Up-to-date symlink: /home/billy/git/Robotics-Studio-2/install/ur3_demo_cpp/share/ur3_demo_cpp/cmake/ur3_demo_cppConfig-version.cmake
[0.585s] -- Up-to-date symlink: /home/billy/git/Robotics-Studio-2/install/ur3_demo_cpp/share/ur3_demo_cpp/package.xml
[0.585s] Invoked command in '/home/billy/git/Robotics-Studio-2/build/ur3_demo_cpp' returned '0': CMAKE_PREFIX_PATH=${CMAKE_PREFIX_PATH}:/opt/ros/humble /usr/bin/cmake --install /home/billy/git/Robotics-Studio-2/build/ur3_demo_cpp
