[0.076s] Invoking command in '/home/billy/git/Robotics-Studio-2/build/ur_gripper_demo': CMAKE_PREFIX_PATH=/home/billy/git/Robotics-Studio-2/install/object_msgs:/home/billy/git/Robotics-Studio-2/install/ur_onrobot_moveit_config:/home/billy/git/Robotics-Studio-2/install/ur_onrobot_control:/home/billy/git/Robotics-Studio-2/install/ur_onrobot_description:/home/billy/git/Robotics-Studio-2/install/ur_gripper_demo:/home/billy/git/Robotics-Studio-2/install/ur_description_local:/home/billy/git/Robotics-Studio-2/install/ur3_demo_cpp:/home/billy/git/Robotics-Studio-2/install/moveit_task_constructor_visualization:/home/billy/git/Robotics-Studio-2/install/moveit_task_constructor_demo:/home/billy/git/Robotics-Studio-2/install/moveit_task_constructor_capabilities:/home/billy/git/Robotics-Studio-2/install/moveit_task_constructor_core:/home/billy/git/Robotics-Studio-2/install/rviz_marker_tools:/home/billy/git/Robotics-Studio-2/install/onrobot_driver:/home/billy/git/Robotics-Studio-2/install/onrobot_description:/home/billy/git/Robotics-Studio-2/install/moveit_task_constructor_msgs:/opt/ros/humble LD_LIBRARY_PATH=/home/billy/git/Robotics-Studio-2/install/object_msgs/lib:/home/billy/git/Robotics-Studio-2/install/moveit_task_constructor_visualization/lib:/home/billy/git/Robotics-Studio-2/install/moveit_task_constructor_demo/lib:/home/billy/git/Robotics-Studio-2/install/moveit_task_constructor_capabilities/lib:/home/billy/git/Robotics-Studio-2/install/moveit_task_constructor_core/lib:/home/billy/git/Robotics-Studio-2/install/rviz_marker_tools/lib:/home/billy/git/Robotics-Studio-2/install/onrobot_driver/lib:/home/billy/git/Robotics-Studio-2/install/moveit_task_constructor_msgs/lib:/usr/lib/x86_64-linux-gnu/gazebo-11/plugins:/opt/ros/humble/opt/rviz_ogre_vendor/lib:/opt/ros/humble/lib/x86_64-linux-gnu:/opt/ros/humble/lib /usr/bin/cmake --build /home/billy/git/Robotics-Studio-2/build/ur_gripper_demo -- -j16 -l16
[0.178s] [35m[1mConsolidate compiler generated dependencies of target gripper_pick_place[0m
[0.198s] [  0%] Built target ament_cmake_python_symlink_ur_gripper_demo
[0.204s] [ 50%] Built target gripper_demo_node
[0.224s] [ 75%] [32mBuilding CXX object CMakeFiles/gripper_pick_place.dir/src/pick_n_place_try2_1.cpp.o[0m
[0.431s] running egg_info
[0.432s] writing ur_gripper_demo.egg-info/PKG-INFO
[0.432s] writing dependency_links to ur_gripper_demo.egg-info/dependency_links.txt
[0.433s] writing top-level names to ur_gripper_demo.egg-info/top_level.txt
[0.436s] reading manifest file 'ur_gripper_demo.egg-info/SOURCES.txt'
[0.446s] writing manifest file 'ur_gripper_demo.egg-info/SOURCES.txt'
[0.478s] [ 75%] Built target ament_cmake_python_build_ur_gripper_demo_egg
[10.900s] [01m[K/home/billy/git/Robotics-Studio-2/src/ur_gripper_demo/src/pick_n_place_try2_1.cpp:[m[K In function ‘[01m[Kvoid MainLoop(moveit::planning_interface::MoveGroupInterface&, const SharedPtr&, moveit::planning_interface::PlanningSceneInterface&, const ObjectArray&, const PoseArray&)[m[K’:
[10.901s] [01m[K/home/billy/git/Robotics-Studio-2/src/ur_gripper_demo/src/pick_n_place_try2_1.cpp:1103:66:[m[K [01;31m[Kerror: [m[Kinvalid initialization of reference of type ‘[01m[Kconst SharedPtr&[m[K’ {aka ‘[01m[Kconst std::shared_ptr<rclcpp::Node>&[m[K’} from expression of type ‘[01m[Kconst ResolvedObject[m[K’
[10.901s]  1103 |             if (!executeSideVerticalGrasp(arm, gripper_pub, psi, [01;31m[Kr[m[K))
[10.901s]       |                                                                  [01;31m[K^[m[K
[10.901s] [01m[K/home/billy/git/Robotics-Studio-2/src/ur_gripper_demo/src/pick_n_place_try2_1.cpp:954:36:[m[K [01;36m[Knote: [m[Kin passing argument 4 of ‘[01m[Kbool executeSideVerticalGrasp(moveit::planning_interface::MoveGroupInterface&, const SharedPtr&, moveit::planning_interface::PlanningSceneInterface&, const SharedPtr&, const ResolvedObject&, int)[m[K’
[10.901s]   954 |     [01;36m[Kconst rclcpp::Node::SharedPtr& node[m[K,
[10.901s]       |     [01;36m[K~~~~~~~~~~~~~~~~~~~~~~~~~~~~~~~^~~~[m[K
[21.151s] gmake[2]: *** [CMakeFiles/gripper_pick_place.dir/build.make:76: CMakeFiles/gripper_pick_place.dir/src/pick_n_place_try2_1.cpp.o] Error 1
[21.152s] gmake[1]: *** [CMakeFiles/Makefile2:220: CMakeFiles/gripper_pick_place.dir/all] Error 2
[21.152s] gmake: *** [Makefile:146: all] Error 2
[21.156s] Invoked command in '/home/billy/git/Robotics-Studio-2/build/ur_gripper_demo' returned '2': CMAKE_PREFIX_PATH=/home/billy/git/Robotics-Studio-2/install/object_msgs:/home/billy/git/Robotics-Studio-2/install/ur_onrobot_moveit_config:/home/billy/git/Robotics-Studio-2/install/ur_onrobot_control:/home/billy/git/Robotics-Studio-2/install/ur_onrobot_description:/home/billy/git/Robotics-Studio-2/install/ur_gripper_demo:/home/billy/git/Robotics-Studio-2/install/ur_description_local:/home/billy/git/Robotics-Studio-2/install/ur3_demo_cpp:/home/billy/git/Robotics-Studio-2/install/moveit_task_constructor_visualization:/home/billy/git/Robotics-Studio-2/install/moveit_task_constructor_demo:/home/billy/git/Robotics-Studio-2/install/moveit_task_constructor_capabilities:/home/billy/git/Robotics-Studio-2/install/moveit_task_constructor_core:/home/billy/git/Robotics-Studio-2/install/rviz_marker_tools:/home/billy/git/Robotics-Studio-2/install/onrobot_driver:/home/billy/git/Robotics-Studio-2/install/onrobot_description:/home/billy/git/Robotics-Studio-2/install/moveit_task_constructor_msgs:/opt/ros/humble LD_LIBRARY_PATH=/home/billy/git/Robotics-Studio-2/install/object_msgs/lib:/home/billy/git/Robotics-Studio-2/install/moveit_task_constructor_visualization/lib:/home/billy/git/Robotics-Studio-2/install/moveit_task_constructor_demo/lib:/home/billy/git/Robotics-Studio-2/install/moveit_task_constructor_capabilities/lib:/home/billy/git/Robotics-Studio-2/install/moveit_task_constructor_core/lib:/home/billy/git/Robotics-Studio-2/install/rviz_marker_tools/lib:/home/billy/git/Robotics-Studio-2/install/onrobot_driver/lib:/home/billy/git/Robotics-Studio-2/install/moveit_task_constructor_msgs/lib:/usr/lib/x86_64-linux-gnu/gazebo-11/plugins:/opt/ros/humble/opt/rviz_ogre_vendor/lib:/opt/ros/humble/lib/x86_64-linux-gnu:/opt/ros/humble/lib /usr/bin/cmake --build /home/billy/git/Robotics-Studio-2/build/ur_gripper_demo -- -j16 -l16
