[0.073s] Invoking command in '/home/billy/git/Robotics-Studio-2/build/ur_onrobot_description': CMAKE_PREFIX_PATH=/home/billy/git/Robotics-Studio-2/install/onrobot_description:/home/billy/git/Robotics-Studio-2/install/ur_description_local:/home/billy/git/Robotics-Studio-2/install/ur_onrobot_moveit_config:/home/billy/git/Robotics-Studio-2/install/ur_onrobot_control:/home/billy/git/Robotics-Studio-2/install/ur_onrobot_description:/home/billy/git/Robotics-Studio-2/install/ur_gripper_demo:/home/billy/git/Robotics-Studio-2/install/ur3_demo_cpp:/home/billy/git/Robotics-Studio-2/install/onrobot_driver:/home/billy/git/Robotics-Studio-2/install/object_msgs:/home/billy/install/object_msgs:/opt/ros/humble /usr/bin/cmake /home/billy/git/Robotics-Studio-2/src/ur_onrobot/ur_onrobot_description -DCMAKE_INSTALL_PREFIX=/home/billy/git/Robotics-Studio-2/install/ur_onrobot_description
[0.100s] -- Found ament_cmake: 1.3.13 (/opt/ros/humble/share/ament_cmake/cmake)
[0.374s] -- Override CMake install command with custom implementation using symlinks instead of copying resources
[0.390s] -- Found ament_lint_auto: 0.12.15 (/opt/ros/humble/share/ament_lint_auto/cmake)
[0.551s] -- Configuring done
[0.566s] -- Generating done
[0.572s] -- Build files have been written to: /home/billy/git/Robotics-Studio-2/build/ur_onrobot_description
[0.581s] Invoked command in '/home/billy/git/Robotics-Studio-2/build/ur_onrobot_description' returned '0': CMAKE_PREFIX_PATH=/home/billy/git/Robotics-Studio-2/install/onrobot_description:/home/billy/git/Robotics-Studio-2/install/ur_description_local:/home/billy/git/Robotics-Studio-2/install/ur_onrobot_moveit_config:/home/billy/git/Robotics-Studio-2/install/ur_onrobot_control:/home/billy/git/Robotics-Studio-2/install/ur_onrobot_description:/home/billy/git/Robotics-Studio-2/install/ur_gripper_demo:/home/billy/git/Robotics-Studio-2/install/ur3_demo_cpp:/home/billy/git/Robotics-Studio-2/install/onrobot_driver:/home/billy/git/Robotics-Studio-2/install/object_msgs:/home/billy/install/object_msgs:/opt/ros/humble /usr/bin/cmake /home/billy/git/Robotics-Studio-2/src/ur_onrobot/ur_onrobot_description -DCMAKE_INSTALL_PREFIX=/home/billy/git/Robotics-Studio-2/install/ur_onrobot_description
[0.585s] Invoking command in '/home/billy/git/Robotics-Studio-2/build/ur_onrobot_description': CMAKE_PREFIX_PATH=/home/billy/git/Robotics-Studio-2/install/onrobot_description:/home/billy/git/Robotics-Studio-2/install/ur_description_local:/home/billy/git/Robotics-Studio-2/install/ur_onrobot_moveit_config:/home/billy/git/Robotics-Studio-2/install/ur_onrobot_control:/home/billy/git/Robotics-Studio-2/install/ur_onrobot_description:/home/billy/git/Robotics-Studio-2/install/ur_gripper_demo:/home/billy/git/Robotics-Studio-2/install/ur3_demo_cpp:/home/billy/git/Robotics-Studio-2/install/onrobot_driver:/home/billy/git/Robotics-Studio-2/install/object_msgs:/home/billy/install/object_msgs:/opt/ros/humble /usr/bin/cmake --build /home/billy/git/Robotics-Studio-2/build/ur_onrobot_description -- -j16 -l16
[0.686s] Invoked command in '/home/billy/git/Robotics-Studio-2/build/ur_onrobot_description' returned '0': CMAKE_PREFIX_PATH=/home/billy/git/Robotics-Studio-2/install/onrobot_description:/home/billy/git/Robotics-Studio-2/install/ur_description_local:/home/billy/git/Robotics-Studio-2/install/ur_onrobot_moveit_config:/home/billy/git/Robotics-Studio-2/install/ur_onrobot_control:/home/billy/git/Robotics-Studio-2/install/ur_onrobot_description:/home/billy/git/Robotics-Studio-2/install/ur_gripper_demo:/home/billy/git/Robotics-Studio-2/install/ur3_demo_cpp:/home/billy/git/Robotics-Studio-2/install/onrobot_driver:/home/billy/git/Robotics-Studio-2/install/object_msgs:/home/billy/install/object_msgs:/opt/ros/humble /usr/bin/cmake --build /home/billy/git/Robotics-Studio-2/build/ur_onrobot_description -- -j16 -l16
[0.691s] Invoking command in '/home/billy/git/Robotics-Studio-2/build/ur_onrobot_description': CMAKE_PREFIX_PATH=/home/billy/git/Robotics-Studio-2/install/onrobot_description:/home/billy/git/Robotics-Studio-2/install/ur_description_local:/home/billy/git/Robotics-Studio-2/install/ur_onrobot_moveit_config:/home/billy/git/Robotics-Studio-2/install/ur_onrobot_control:/home/billy/git/Robotics-Studio-2/install/ur_onrobot_description:/home/billy/git/Robotics-Studio-2/install/ur_gripper_demo:/home/billy/git/Robotics-Studio-2/install/ur3_demo_cpp:/home/billy/git/Robotics-Studio-2/install/onrobot_driver:/home/billy/git/Robotics-Studio-2/install/object_msgs:/home/billy/install/object_msgs:/opt/ros/humble /usr/bin/cmake --install /home/billy/git/Robotics-Studio-2/build/ur_onrobot_description
[0.709s] -- Install configuration: ""
[0.710s] -- Execute custom install script
[0.711s] -- Up-to-date symlink: /home/billy/git/Robotics-Studio-2/install/ur_onrobot_description/share/ur_onrobot_description/launch/view_robot.launch.py
[0.712s] -- Up-to-date symlink: /home/billy/git/Robotics-Studio-2/install/ur_onrobot_description/share/ur_onrobot_description/rviz/view_robot.rviz
[0.713s] -- Up-to-date symlink: /home/billy/git/Robotics-Studio-2/install/ur_onrobot_description/share/ur_onrobot_description/urdf/ur_onrobot.urdf.xacro
[0.713s] -- Up-to-date symlink: /home/billy/git/Robotics-Studio-2/install/ur_onrobot_description/share/ur_onrobot_description/urdf/ur_onrobot_macro.xacro
[0.713s] -- Up-to-date symlink: /home/billy/git/Robotics-Studio-2/install/ur_onrobot_description/share/ament_index/resource_index/package_run_dependencies/ur_onrobot_description
[0.714s] -- Up-to-date symlink: /home/billy/git/Robotics-Studio-2/install/ur_onrobot_description/share/ament_index/resource_index/parent_prefix_path/ur_onrobot_description
[0.715s] -- Up-to-date symlink: /home/billy/git/Robotics-Studio-2/install/ur_onrobot_description/share/ur_onrobot_description/environment/ament_prefix_path.sh
[0.715s] -- Up-to-date symlink: /home/billy/git/Robotics-Studio-2/install/ur_onrobot_description/share/ur_onrobot_description/environment/ament_prefix_path.dsv
[0.715s] -- Up-to-date symlink: /home/billy/git/Robotics-Studio-2/install/ur_onrobot_description/share/ur_onrobot_description/environment/path.sh
[0.716s] -- Up-to-date symlink: /home/billy/git/Robotics-Studio-2/install/ur_onrobot_description/share/ur_onrobot_description/environment/path.dsv
[0.716s] -- Up-to-date symlink: /home/billy/git/Robotics-Studio-2/install/ur_onrobot_description/share/ur_onrobot_description/local_setup.bash
[0.717s] -- Up-to-date symlink: /home/billy/git/Robotics-Studio-2/install/ur_onrobot_description/share/ur_onrobot_description/local_setup.sh
[0.717s] -- Up-to-date symlink: /home/billy/git/Robotics-Studio-2/install/ur_onrobot_description/share/ur_onrobot_description/local_setup.zsh
[0.718s] -- Up-to-date symlink: /home/billy/git/Robotics-Studio-2/install/ur_onrobot_description/share/ur_onrobot_description/local_setup.dsv
[0.718s] -- Symlinking: /home/billy/git/Robotics-Studio-2/install/ur_onrobot_description/share/ur_onrobot_description/package.dsv
[0.747s] -- Up-to-date symlink: /home/billy/git/Robotics-Studio-2/install/ur_onrobot_description/share/ament_index/resource_index/packages/ur_onrobot_description
[0.748s] -- Up-to-date symlink: /home/billy/git/Robotics-Studio-2/install/ur_onrobot_description/share/ur_onrobot_description/cmake/ur_onrobot_descriptionConfig.cmake
[0.748s] -- Up-to-date symlink: /home/billy/git/Robotics-Studio-2/install/ur_onrobot_description/share/ur_onrobot_description/cmake/ur_onrobot_descriptionConfig-version.cmake
[0.749s] -- Up-to-date symlink: /home/billy/git/Robotics-Studio-2/install/ur_onrobot_description/share/ur_onrobot_description/package.xml
[0.755s] Invoked command in '/home/billy/git/Robotics-Studio-2/build/ur_onrobot_description' returned '0': CMAKE_PREFIX_PATH=/home/billy/git/Robotics-Studio-2/install/onrobot_description:/home/billy/git/Robotics-Studio-2/install/ur_description_local:/home/billy/git/Robotics-Studio-2/install/ur_onrobot_moveit_config:/home/billy/git/Robotics-Studio-2/install/ur_onrobot_control:/home/billy/git/Robotics-Studio-2/install/ur_onrobot_description:/home/billy/git/Robotics-Studio-2/install/ur_gripper_demo:/home/billy/git/Robotics-Studio-2/install/ur3_demo_cpp:/home/billy/git/Robotics-Studio-2/install/onrobot_driver:/home/billy/git/Robotics-Studio-2/install/object_msgs:/home/billy/install/object_msgs:/opt/ros/humble /usr/bin/cmake --install /home/billy/git/Robotics-Studio-2/build/ur_onrobot_description
