[0.052s] Invoking command in '/home/billy/git/Robotics-Studio-2/build/ur_gripper_demo': CMAKE_PREFIX_PATH=${CMAKE_PREFIX_PATH}:/opt/ros/humble /usr/bin/cmake /home/billy/git/Robotics-Studio-2/src/ur_gripper_demo -DCMAKE_EXPORT_COMPILE_COMMANDS=ON -DAMENT_CMAKE_SYMLINK_INSTALL=1 -DCMAKE_INSTALL_PREFIX=/home/billy/git/Robotics-Studio-2/install/ur_gripper_demo
[0.095s] -- Found ament_cmake: 1.3.13 (/opt/ros/humble/share/ament_cmake/cmake)
[0.353s] -- Override CMake install command with custom implementation using symlinks instead of copying resources
[0.375s] -- Found rclcpp: 16.0.18 (/opt/ros/humble/share/rclcpp/cmake)
[0.633s] -- Found rosidl_generator_c: 3.1.8 (/opt/ros/humble/share/rosidl_generator_c/cmake)
[0.642s] -- Found rosidl_adapter: 3.1.8 (/opt/ros/humble/share/rosidl_adapter/cmake)
[0.650s] -- Found rosidl_generator_cpp: 3.1.8 (/opt/ros/humble/share/rosidl_generator_cpp/cmake)
[0.667s] -- Using all available rosidl_typesupport_c: rosidl_typesupport_fastrtps_c;rosidl_typesupport_introspection_c
[0.689s] -- Using all available rosidl_typesupport_cpp: rosidl_typesupport_fastrtps_cpp;rosidl_typesupport_introspection_cpp
[0.764s] -- Found rmw_implementation_cmake: 6.1.2 (/opt/ros/humble/share/rmw_implementation_cmake/cmake)
[0.771s] -- Found rmw_fastrtps_cpp: 6.2.10 (/opt/ros/humble/share/rmw_fastrtps_cpp/cmake)
[7.043s] -- Using RMW implementation 'rmw_fastrtps_cpp' as default
[7.174s] -- Found geometry_msgs: 4.9.1 (/opt/ros/humble/share/geometry_msgs/cmake)
[7.194s] -- Found moveit_core: 2.5.9 (/opt/ros/humble/share/moveit_core/cmake)
[7.226s] -- Found Boost: /usr/lib/x86_64-linux-gnu/cmake/Boost-1.74.0/BoostConfig.cmake (found version "1.74.0") found components: chrono date_time filesystem iostreams program_options regex serialization system thread 
[8.193s] -- Found parameter_traits: 0.6.0 (/opt/ros/humble/share/parameter_traits/cmake)
[8.206s] -- Found rclcpp_lifecycle: 16.0.18 (/opt/ros/humble/share/rclcpp_lifecycle/cmake)
[8.252s] -- Found Boost: /usr/lib/x86_64-linux-gnu/cmake/Boost-1.74.0/BoostConfig.cmake (found version "1.74.0") found components: filesystem 
[9.880s] -- library: /usr/lib/x86_64-linux-gnu/libcurl.so
[10.001s] -- Ensuring Eigen3 include directory is part of orocos-kdl CMake target
[11.803s] -- Found moveit_ros_planning: 2.5.9 (/opt/ros/humble/share/moveit_ros_planning/cmake)
[11.812s] -- Found Boost: /usr/lib/x86_64-linux-gnu/cmake/Boost-1.74.0/BoostConfig.cmake (found version "1.74.0") found components: system filesystem date_time program_options thread chrono 
[11.848s] -- Found moveit_ros_planning_interface: 2.5.9 (/opt/ros/humble/share/moveit_ros_planning_interface/cmake)
[11.856s] -- Found Boost: /usr/lib/x86_64-linux-gnu/cmake/Boost-1.74.0/BoostConfig.cmake (found version "1.74.0") found components: date_time filesystem program_options system thread 
[11.881s] -- Found Boost: /usr/lib/x86_64-linux-gnu/cmake/Boost-1.74.0/BoostConfig.cmake (found version "1.74.0") found components: thread system filesystem regex date_time program_options 
[11.912s] -- Found Boost: /usr/lib/x86_64-linux-gnu/cmake/Boost-1.74.0/BoostConfig.cmake (found version "1.74.0") found components: system filesystem date_time program_options thread 
[11.965s] -- Found moveit_visual_tools: 4.1.2 (/opt/ros/humble/share/moveit_visual_tools/cmake)
[12.194s] -- Setting assimp_DIR to: '/opt/ros/humble/share/rviz_assimp_vendor/cmake/../../../opt/rviz_assimp_vendor/lib/cmake/assimp-4.1'
[12.204s] -- Setting OGRE_DIR to: '/opt/ros/humble/share/rviz_ogre_vendor/cmake/../../../opt/rviz_ogre_vendor/lib/OGRE/cmake'
[12.206s] -- Found OGRE
[12.207s] --   static     : OFF
[12.207s] --   components : HLMS;MeshLodGenerator;Overlay;Paging;Property;RTShaderSystem;Terrain;Volume
[12.207s] --   plugins    : Plugin_BSPSceneManager;Plugin_OctreeSceneManager;Plugin_PCZSceneManager;Plugin_ParticleFX;RenderSystem_GL;RenderSystem_GL3Plus;Codec_STBI
[12.207s] --   media      : /opt/ros/humble/opt/rviz_ogre_vendor/share/OGRE/Media
[12.208s] -- OGRE_LIBRARIES: OgreHLMS;OgreMeshLodGenerator;OgreOverlay;OgrePaging;OgreProperty;OgreRTShaderSystem;OgreTerrain;OgreVolume;OgreMain
[12.208s] -- OGRE_LIBRARY_DIRS: /opt/ros/humble/opt/rviz_ogre_vendor/lib
[12.208s] -- OGRE_PLUGINS: Plugin_BSPSceneManager;Plugin_OctreeSceneManager;Plugin_PCZSceneManager;Plugin_ParticleFX;RenderSystem_GL;RenderSystem_GL3Plus;Codec_STBI
[12.208s] -- OGRE_PLUGIN_DIR: /opt/ros/humble/opt/rviz_ogre_vendor/lib/OGRE
[12.208s] -- rviz_ogre_vendor::OgreOverlay for IMPORTED_LOCATION_RELEASE: /opt/ros/humble/opt/rviz_ogre_vendor/lib/libOgreOverlay.so
[12.208s] -- rviz_ogre_vendor::OgreOverlay for IMPORTED_LOCATION_DEBUG: /opt/ros/humble/opt/rviz_ogre_vendor/lib/libOgreOverlay.so
[12.208s] -- rviz_ogre_vendor::OgreMain for IMPORTED_LOCATION_RELEASE: /opt/ros/humble/opt/rviz_ogre_vendor/lib/libOgreMain.so
[12.208s] -- rviz_ogre_vendor::OgreMain for IMPORTED_LOCATION_DEBUG: /opt/ros/humble/opt/rviz_ogre_vendor/lib/libOgreMain.so
[14.540s] -- Found rclpy: 3.3.20 (/opt/ros/humble/share/rclpy/cmake)
[14.541s] -- Found object_msgs: 0.0.1 (/home/billy/install/object_msgs/share/object_msgs/cmake)
[14.850s] -- Configuring done
[15.019s] -- Generating done
[15.049s] -- Build files have been written to: /home/billy/git/Robotics-Studio-2/build/ur_gripper_demo
[15.075s] Invoked command in '/home/billy/git/Robotics-Studio-2/build/ur_gripper_demo' returned '0': CMAKE_PREFIX_PATH=${CMAKE_PREFIX_PATH}:/opt/ros/humble /usr/bin/cmake /home/billy/git/Robotics-Studio-2/src/ur_gripper_demo -DCMAKE_EXPORT_COMPILE_COMMANDS=ON -DAMENT_CMAKE_SYMLINK_INSTALL=1 -DCMAKE_INSTALL_PREFIX=/home/billy/git/Robotics-Studio-2/install/ur_gripper_demo
[15.079s] Invoking command in '/home/billy/git/Robotics-Studio-2/build/ur_gripper_demo': CMAKE_PREFIX_PATH=${CMAKE_PREFIX_PATH}:/opt/ros/humble /usr/bin/cmake --build /home/billy/git/Robotics-Studio-2/build/ur_gripper_demo -- -j16 -l16
[15.212s] [ 25%] [32mBuilding CXX object CMakeFiles/gripper_pick_place.dir/src/unit_test_pick_n_place.cpp.o[0m
[15.212s] [ 50%] [32mBuilding CXX object CMakeFiles/gripper_demo_node.dir/src/gripper_demo_clean.cpp.o[0m
[15.229s] [ 50%] Built target ament_cmake_python_symlink_ur_gripper_demo
[15.632s] running egg_info
[15.633s] creating ur_gripper_demo.egg-info
[15.634s] writing ur_gripper_demo.egg-info/PKG-INFO
[15.635s] writing dependency_links to ur_gripper_demo.egg-info/dependency_links.txt
[15.635s] writing top-level names to ur_gripper_demo.egg-info/top_level.txt
[15.635s] writing manifest file 'ur_gripper_demo.egg-info/SOURCES.txt'
[15.640s] reading manifest file 'ur_gripper_demo.egg-info/SOURCES.txt'
[15.641s] writing manifest file 'ur_gripper_demo.egg-info/SOURCES.txt'
[15.695s] [ 50%] Built target ament_cmake_python_build_ur_gripper_demo_egg
[54.838s] [ 75%] [32m[1mLinking CXX executable gripper_demo_node[0m
[57.126s] [ 75%] Built target gripper_demo_node
[57.261s] [100%] [32m[1mLinking CXX executable gripper_pick_place[0m
[59.669s] [100%] Built target gripper_pick_place
[59.712s] Invoked command in '/home/billy/git/Robotics-Studio-2/build/ur_gripper_demo' returned '0': CMAKE_PREFIX_PATH=${CMAKE_PREFIX_PATH}:/opt/ros/humble /usr/bin/cmake --build /home/billy/git/Robotics-Studio-2/build/ur_gripper_demo -- -j16 -l16
[59.717s] Invoking command in '/home/billy/git/Robotics-Studio-2/build/ur_gripper_demo': CMAKE_PREFIX_PATH=${CMAKE_PREFIX_PATH}:/opt/ros/humble /usr/bin/cmake --install /home/billy/git/Robotics-Studio-2/build/ur_gripper_demo
[59.731s] -- Install configuration: ""
[59.732s] -- Execute custom install script
[59.734s] -- Symlinking: /home/billy/git/Robotics-Studio-2/install/ur_gripper_demo/share/ur_gripper_demo/environment/pythonpath.sh
[59.754s] -- Symlinking: /home/billy/git/Robotics-Studio-2/install/ur_gripper_demo/share/ur_gripper_demo/environment/pythonpath.dsv
[59.777s] -- Symlinking: /home/billy/git/Robotics-Studio-2/install/ur_gripper_demo/local/lib/python3.10/dist-packages/ur_gripper_demo-0.0.0-py3.10.egg-info/PKG-INFO
[59.796s] -- Symlinking: /home/billy/git/Robotics-Studio-2/install/ur_gripper_demo/local/lib/python3.10/dist-packages/ur_gripper_demo-0.0.0-py3.10.egg-info/SOURCES.txt
[59.815s] -- Symlinking: /home/billy/git/Robotics-Studio-2/install/ur_gripper_demo/local/lib/python3.10/dist-packages/ur_gripper_demo-0.0.0-py3.10.egg-info/dependency_links.txt
[59.834s] -- Symlinking: /home/billy/git/Robotics-Studio-2/install/ur_gripper_demo/local/lib/python3.10/dist-packages/ur_gripper_demo-0.0.0-py3.10.egg-info/top_level.txt
[59.888s] [33mCMake Warning (dev) at ament_cmake_symlink_install/ament_cmake_symlink_install.cmake:67 (file):
[59.888s]   Policy CMP0009 is not set: FILE GLOB_RECURSE calls should not follow
[59.888s]   symlinks by default.  Run "cmake --help-policy CMP0009" for policy details.
[59.889s]   Use the cmake_policy command to set the policy and suppress this warning.
[59.889s] Call Stack (most recent call first):
[59.889s]   ament_cmake_symlink_install/ament_cmake_symlink_install.cmake:328 (ament_cmake_symlink_install_directory)
[59.889s]   cmake_install.cmake:46 (include)
[59.889s] This warning is for project developers.  Use -Wno-dev to suppress it.
[59.890s] [0m
[59.890s] [33mCMake Warning (dev) at ament_cmake_symlink_install/ament_cmake_symlink_install.cmake:78 (file):
[59.890s]   Policy CMP0009 is not set: FILE GLOB_RECURSE calls should not follow
[59.890s]   symlinks by default.  Run "cmake --help-policy CMP0009" for policy details.
[59.890s]   Use the cmake_policy command to set the policy and suppress this warning.
[59.890s] Call Stack (most recent call first):
[59.890s]   ament_cmake_symlink_install/ament_cmake_symlink_install.cmake:328 (ament_cmake_symlink_install_directory)
[59.890s]   cmake_install.cmake:46 (include)
[59.890s] This warning is for project developers.  Use -Wno-dev to suppress it.
[59.890s] [0m
[59.891s] [33mCMake Warning (dev) at ament_cmake_symlink_install/ament_cmake_symlink_install.cmake:78 (file):
[59.891s]   Policy CMP0009 is not set: FILE GLOB_RECURSE calls should not follow
[59.891s]   symlinks by default.  Run "cmake --help-policy CMP0009" for policy details.
[59.891s]   Use the cmake_policy command to set the policy and suppress this warning.
[59.891s] Call Stack (most recent call first):
[59.891s]   ament_cmake_symlink_install/ament_cmake_symlink_install.cmake:328 (ament_cmake_symlink_install_directory)
[59.891s]   cmake_install.cmake:46 (include)
[59.891s] This warning is for project developers.  Use -Wno-dev to suppress it.
[59.891s] [0m
[59.891s] -- Symlinking: /home/billy/git/Robotics-Studio-2/install/ur_gripper_demo/local/lib/python3.10/dist-packages/ur_gripper_demo/__init__.py
[59.910s] -- Symlinking: /home/billy/git/Robotics-Studio-2/install/ur_gripper_demo/local/lib/python3.10/dist-packages/ur_gripper_demo/build/.built_by
[59.930s] -- Symlinking: /home/billy/git/Robotics-Studio-2/install/ur_gripper_demo/local/lib/python3.10/dist-packages/ur_gripper_demo/build/COLCON_IGNORE
[59.951s] -- Symlinking: /home/billy/git/Robotics-Studio-2/install/ur_gripper_demo/local/lib/python3.10/dist-packages/ur_gripper_demo/install/.colcon_install_layout
[59.969s] -- Symlinking: /home/billy/git/Robotics-Studio-2/install/ur_gripper_demo/local/lib/python3.10/dist-packages/ur_gripper_demo/install/COLCON_IGNORE
[59.988s] -- Symlinking: /home/billy/git/Robotics-Studio-2/install/ur_gripper_demo/local/lib/python3.10/dist-packages/ur_gripper_demo/install/_local_setup_util_ps1.py
[60.007s] -- Symlinking: /home/billy/git/Robotics-Studio-2/install/ur_gripper_demo/local/lib/python3.10/dist-packages/ur_gripper_demo/install/_local_setup_util_sh.py
[60.026s] -- Symlinking: /home/billy/git/Robotics-Studio-2/install/ur_gripper_demo/local/lib/python3.10/dist-packages/ur_gripper_demo/install/local_setup.bash
[60.048s] -- Symlinking: /home/billy/git/Robotics-Studio-2/install/ur_gripper_demo/local/lib/python3.10/dist-packages/ur_gripper_demo/install/local_setup.ps1
[60.067s] -- Symlinking: /home/billy/git/Robotics-Studio-2/install/ur_gripper_demo/local/lib/python3.10/dist-packages/ur_gripper_demo/install/local_setup.sh
[60.086s] -- Symlinking: /home/billy/git/Robotics-Studio-2/install/ur_gripper_demo/local/lib/python3.10/dist-packages/ur_gripper_demo/install/local_setup.zsh
[60.105s] -- Symlinking: /home/billy/git/Robotics-Studio-2/install/ur_gripper_demo/local/lib/python3.10/dist-packages/ur_gripper_demo/install/setup.bash
[60.124s] -- Symlinking: /home/billy/git/Robotics-Studio-2/install/ur_gripper_demo/local/lib/python3.10/dist-packages/ur_gripper_demo/install/setup.ps1
[60.143s] -- Symlinking: /home/billy/git/Robotics-Studio-2/install/ur_gripper_demo/local/lib/python3.10/dist-packages/ur_gripper_demo/install/setup.sh
[60.161s] -- Symlinking: /home/billy/git/Robotics-Studio-2/install/ur_gripper_demo/local/lib/python3.10/dist-packages/ur_gripper_demo/install/setup.zsh
[60.182s] -- Symlinking: /home/billy/git/Robotics-Studio-2/install/ur_gripper_demo/local/lib/python3.10/dist-packages/ur_gripper_demo/log/COLCON_IGNORE
[60.202s] -- Symlinking: /home/billy/git/Robotics-Studio-2/install/ur_gripper_demo/local/lib/python3.10/dist-packages/ur_gripper_demo/log/build_2026-03-31_14-24-55/events.log
[60.227s] -- Symlinking: /home/billy/git/Robotics-Studio-2/install/ur_gripper_demo/local/lib/python3.10/dist-packages/ur_gripper_demo/log/build_2026-03-31_14-24-55/logger_all.log
[60.249s] -- Symlinking: /home/billy/git/Robotics-Studio-2/install/ur_gripper_demo/local/lib/python3.10/dist-packages/ur_gripper_demo/log/build_2026-03-31_14-24-57/events.log
[60.273s] -- Symlinking: /home/billy/git/Robotics-Studio-2/install/ur_gripper_demo/local/lib/python3.10/dist-packages/ur_gripper_demo/log/build_2026-03-31_14-24-57/logger_all.log
[60.304s] -- Symlinking: /home/billy/git/Robotics-Studio-2/install/ur_gripper_demo/local/lib/python3.10/dist-packages/ur_gripper_demo/log/build_2026-03-31_14-25-55/events.log
[60.332s] -- Symlinking: /home/billy/git/Robotics-Studio-2/install/ur_gripper_demo/local/lib/python3.10/dist-packages/ur_gripper_demo/log/build_2026-03-31_14-25-55/logger_all.log
[60.355s] -- Symlinking: /home/billy/git/Robotics-Studio-2/install/ur_gripper_demo/local/lib/python3.10/dist-packages/ur_gripper_demo/log/latest/events.log
[60.379s] -- Symlinking: /home/billy/git/Robotics-Studio-2/install/ur_gripper_demo/local/lib/python3.10/dist-packages/ur_gripper_demo/log/latest/logger_all.log
[60.398s] -- Symlinking: /home/billy/git/Robotics-Studio-2/install/ur_gripper_demo/local/lib/python3.10/dist-packages/ur_gripper_demo/log/latest_build/events.log
[60.418s] -- Symlinking: /home/billy/git/Robotics-Studio-2/install/ur_gripper_demo/local/lib/python3.10/dist-packages/ur_gripper_demo/log/latest_build/logger_all.log
[60.440s] -- Symlinking: /home/billy/git/Robotics-Studio-2/install/ur_gripper_demo/lib/ur_gripper_demo/test_helper.py
[60.461s] -- Symlinking: /home/billy/git/Robotics-Studio-2/install/ur_gripper_demo/lib/ur_gripper_demo/gripper_demo_node
[60.481s] -- Symlinking: /home/billy/git/Robotics-Studio-2/install/ur_gripper_demo/lib/ur_gripper_demo/gripper_pick_place
[60.502s] -- Symlinking: /home/billy/git/Robotics-Studio-2/install/ur_gripper_demo/share/ur_gripper_demo/launch/ur_moveit.launch.py
[60.523s] -- Symlinking: /home/billy/git/Robotics-Studio-2/install/ur_gripper_demo/share/ament_index/resource_index/package_run_dependencies/ur_gripper_demo
[60.543s] -- Symlinking: /home/billy/git/Robotics-Studio-2/install/ur_gripper_demo/share/ament_index/resource_index/parent_prefix_path/ur_gripper_demo
[60.563s] -- Symlinking: /home/billy/git/Robotics-Studio-2/install/ur_gripper_demo/share/ur_gripper_demo/environment/ament_prefix_path.sh
[60.582s] -- Symlinking: /home/billy/git/Robotics-Studio-2/install/ur_gripper_demo/share/ur_gripper_demo/environment/ament_prefix_path.dsv
[60.601s] -- Symlinking: /home/billy/git/Robotics-Studio-2/install/ur_gripper_demo/share/ur_gripper_demo/environment/path.sh
[60.620s] -- Symlinking: /home/billy/git/Robotics-Studio-2/install/ur_gripper_demo/share/ur_gripper_demo/environment/path.dsv
[60.639s] -- Symlinking: /home/billy/git/Robotics-Studio-2/install/ur_gripper_demo/share/ur_gripper_demo/local_setup.bash
[60.659s] -- Symlinking: /home/billy/git/Robotics-Studio-2/install/ur_gripper_demo/share/ur_gripper_demo/local_setup.sh
[60.676s] -- Symlinking: /home/billy/git/Robotics-Studio-2/install/ur_gripper_demo/share/ur_gripper_demo/local_setup.zsh
[60.696s] -- Symlinking: /home/billy/git/Robotics-Studio-2/install/ur_gripper_demo/share/ur_gripper_demo/local_setup.dsv
[60.714s] -- Symlinking: /home/billy/git/Robotics-Studio-2/install/ur_gripper_demo/share/ur_gripper_demo/package.dsv
[60.734s] -- Symlinking: /home/billy/git/Robotics-Studio-2/install/ur_gripper_demo/share/ament_index/resource_index/packages/ur_gripper_demo
[60.753s] -- Symlinking: /home/billy/git/Robotics-Studio-2/install/ur_gripper_demo/share/ur_gripper_demo/cmake/ur_gripper_demoConfig.cmake
[60.774s] -- Symlinking: /home/billy/git/Robotics-Studio-2/install/ur_gripper_demo/share/ur_gripper_demo/cmake/ur_gripper_demoConfig-version.cmake
[60.793s] -- Symlinking: /home/billy/git/Robotics-Studio-2/install/ur_gripper_demo/share/ur_gripper_demo/package.xml
[60.910s] Listing '/home/billy/git/Robotics-Studio-2/install/ur_gripper_demo/local/lib/python3.10/dist-packages/ur_gripper_demo'...
[60.910s] Compiling '/home/billy/git/Robotics-Studio-2/install/ur_gripper_demo/local/lib/python3.10/dist-packages/ur_gripper_demo/__init__.py'...
[60.910s] Listing '/home/billy/git/Robotics-Studio-2/install/ur_gripper_demo/local/lib/python3.10/dist-packages/ur_gripper_demo/build'...
[60.910s] Listing '/home/billy/git/Robotics-Studio-2/install/ur_gripper_demo/local/lib/python3.10/dist-packages/ur_gripper_demo/install'...
[60.910s] Compiling '/home/billy/git/Robotics-Studio-2/install/ur_gripper_demo/local/lib/python3.10/dist-packages/ur_gripper_demo/install/_local_setup_util_ps1.py'...
[60.910s] Compiling '/home/billy/git/Robotics-Studio-2/install/ur_gripper_demo/local/lib/python3.10/dist-packages/ur_gripper_demo/install/_local_setup_util_sh.py'...
[60.910s] Listing '/home/billy/git/Robotics-Studio-2/install/ur_gripper_demo/local/lib/python3.10/dist-packages/ur_gripper_demo/log'...
[60.910s] Listing '/home/billy/git/Robotics-Studio-2/install/ur_gripper_demo/local/lib/python3.10/dist-packages/ur_gripper_demo/log/build_2026-03-31_14-24-55'...
[60.910s] Listing '/home/billy/git/Robotics-Studio-2/install/ur_gripper_demo/local/lib/python3.10/dist-packages/ur_gripper_demo/log/build_2026-03-31_14-24-57'...
[60.910s] Listing '/home/billy/git/Robotics-Studio-2/install/ur_gripper_demo/local/lib/python3.10/dist-packages/ur_gripper_demo/log/build_2026-03-31_14-25-55'...
[60.911s] Listing '/home/billy/git/Robotics-Studio-2/install/ur_gripper_demo/local/lib/python3.10/dist-packages/ur_gripper_demo/log/latest'...
[60.911s] Listing '/home/billy/git/Robotics-Studio-2/install/ur_gripper_demo/local/lib/python3.10/dist-packages/ur_gripper_demo/log/latest_build'...
[60.925s] Invoked command in '/home/billy/git/Robotics-Studio-2/build/ur_gripper_demo' returned '0': CMAKE_PREFIX_PATH=${CMAKE_PREFIX_PATH}:/opt/ros/humble /usr/bin/cmake --install /home/billy/git/Robotics-Studio-2/build/ur_gripper_demo
