[0.334s] DEBUG:colcon:Command line arguments: ['/usr/bin/colcon', 'build', '--packages-select', 'ur_gripper_demo']
[0.334s] DEBUG:colcon:Parsed command line arguments: Namespace(log_base=None, log_level=None, verb_name='build', build_base='build', install_base='install', merge_install=False, symlink_install=False, test_result_base=None, continue_on_error=False, executor='parallel', parallel_workers=16, event_handlers=None, ignore_user_meta=False, metas=['./colcon.meta'], base_paths=['.'], packages_ignore=None, packages_ignore_regex=None, paths=None, packages_up_to=None, packages_up_to_regex=None, packages_above=None, packages_above_and_dependencies=None, packages_above_depth=None, packages_select_by_dep=None, packages_skip_by_dep=None, packages_skip_up_to=None, packages_select_build_failed=False, packages_skip_build_finished=False, packages_select_test_failures=False, packages_skip_test_passed=False, packages_select=['ur_gripper_demo'], packages_skip=None, packages_select_regex=None, packages_skip_regex=None, packages_start=None, packages_end=None, allow_overriding=[], cmake_args=None, cmake_target=None, cmake_target_skip_unavailable=False, cmake_clean_cache=False, cmake_clean_first=False, cmake_force_configure=False, ament_cmake_args=None, catkin_cmake_args=None, catkin_skip_building_tests=False, mixin_files=None, mixin=None, verb_parser=<colcon_mixin.mixin.mixin_argument.MixinArgumentDecorator object at 0x7da49f563ac0>, verb_extension=<colcon_core.verb.build.BuildVerb object at 0x7da49f524070>, main=<bound method BuildVerb.main of <colcon_core.verb.build.BuildVerb object at 0x7da49f524070>>, mixin_verb=('build',))
[0.717s] Level 1:colcon.colcon_core.package_discovery:discover_packages(colcon_meta) check parameters
[0.717s] Level 1:colcon.colcon_core.package_discovery:discover_packages(recursive) check parameters
[0.717s] Level 1:colcon.colcon_core.package_discovery:discover_packages(ignore) check parameters
[0.717s] Level 1:colcon.colcon_core.package_discovery:discover_packages(path) check parameters
[0.717s] Level 1:colcon.colcon_core.package_discovery:discover_packages(colcon_meta) discover
[0.718s] Level 1:colcon.colcon_core.package_discovery:discover_packages(recursive) discover
[0.718s] INFO:colcon.colcon_core.package_discovery:Crawling recursively for packages in '/home/billy/git/Robotics-Studio-2'
[0.718s] Level 1:colcon.colcon_core.package_identification:_identify(.) by extensions ['ignore', 'ignore_ament_install']
[0.718s] Level 1:colcon.colcon_core.package_identification:_identify(.) by extension 'ignore'
[0.718s] Level 1:colcon.colcon_core.package_identification:_identify(.) by extension 'ignore_ament_install'
[0.718s] Level 1:colcon.colcon_core.package_identification:_identify(.) by extensions ['colcon_pkg']
[0.718s] Level 1:colcon.colcon_core.package_identification:_identify(.) by extension 'colcon_pkg'
[0.718s] Level 1:colcon.colcon_core.package_identification:_identify(.) by extensions ['colcon_meta']
[0.719s] Level 1:colcon.colcon_core.package_identification:_identify(.) by extension 'colcon_meta'
[0.719s] Level 1:colcon.colcon_core.package_identification:_identify(.) by extensions ['ros']
[0.719s] Level 1:colcon.colcon_core.package_identification:_identify(.) by extension 'ros'
[0.745s] Level 1:colcon.colcon_core.package_identification:_identify(.) by extensions ['cmake', 'python']
[0.746s] Level 1:colcon.colcon_core.package_identification:_identify(.) by extension 'cmake'
[0.746s] Level 1:colcon.colcon_core.package_identification:_identify(.) by extension 'python'
[0.746s] Level 1:colcon.colcon_core.package_identification:_identify(.) by extensions ['python_setup_py']
[0.746s] Level 1:colcon.colcon_core.package_identification:_identify(.) by extension 'python_setup_py'
[0.746s] Level 1:colcon.colcon_core.package_identification:_identify(build) by extensions ['ignore', 'ignore_ament_install']
[0.747s] Level 1:colcon.colcon_core.package_identification:_identify(build) by extension 'ignore'
[0.747s] Level 1:colcon.colcon_core.package_identification:_identify(build) ignored
[0.747s] Level 1:colcon.colcon_core.package_identification:_identify(install) by extensions ['ignore', 'ignore_ament_install']
[0.747s] Level 1:colcon.colcon_core.package_identification:_identify(install) by extension 'ignore'
[0.747s] Level 1:colcon.colcon_core.package_identification:_identify(install) ignored
[0.748s] Level 1:colcon.colcon_core.package_identification:_identify(log) by extensions ['ignore', 'ignore_ament_install']
[0.748s] Level 1:colcon.colcon_core.package_identification:_identify(log) by extension 'ignore'
[0.748s] Level 1:colcon.colcon_core.package_identification:_identify(log) ignored
[0.748s] Level 1:colcon.colcon_core.package_identification:_identify(src) by extensions ['ignore', 'ignore_ament_install']
[0.748s] Level 1:colcon.colcon_core.package_identification:_identify(src) by extension 'ignore'
[0.748s] Level 1:colcon.colcon_core.package_identification:_identify(src) by extension 'ignore_ament_install'
[0.748s] Level 1:colcon.colcon_core.package_identification:_identify(src) by extensions ['colcon_pkg']
[0.748s] Level 1:colcon.colcon_core.package_identification:_identify(src) by extension 'colcon_pkg'
[0.749s] Level 1:colcon.colcon_core.package_identification:_identify(src) by extensions ['colcon_meta']
[0.749s] Level 1:colcon.colcon_core.package_identification:_identify(src) by extension 'colcon_meta'
[0.749s] Level 1:colcon.colcon_core.package_identification:_identify(src) by extensions ['ros']
[0.749s] Level 1:colcon.colcon_core.package_identification:_identify(src) by extension 'ros'
[0.749s] Level 1:colcon.colcon_core.package_identification:_identify(src) by extensions ['cmake', 'python']
[0.749s] Level 1:colcon.colcon_core.package_identification:_identify(src) by extension 'cmake'
[0.749s] Level 1:colcon.colcon_core.package_identification:_identify(src) by extension 'python'
[0.749s] Level 1:colcon.colcon_core.package_identification:_identify(src) by extensions ['python_setup_py']
[0.749s] Level 1:colcon.colcon_core.package_identification:_identify(src) by extension 'python_setup_py'
[0.749s] Level 1:colcon.colcon_core.package_identification:_identify(src/object_msgs) by extensions ['ignore', 'ignore_ament_install']
[0.749s] Level 1:colcon.colcon_core.package_identification:_identify(src/object_msgs) by extension 'ignore'
[0.750s] Level 1:colcon.colcon_core.package_identification:_identify(src/object_msgs) by extension 'ignore_ament_install'
[0.750s] Level 1:colcon.colcon_core.package_identification:_identify(src/object_msgs) by extensions ['colcon_pkg']
[0.750s] Level 1:colcon.colcon_core.package_identification:_identify(src/object_msgs) by extension 'colcon_pkg'
[0.750s] Level 1:colcon.colcon_core.package_identification:_identify(src/object_msgs) by extensions ['colcon_meta']
[0.750s] Level 1:colcon.colcon_core.package_identification:_identify(src/object_msgs) by extension 'colcon_meta'
[0.750s] Level 1:colcon.colcon_core.package_identification:_identify(src/object_msgs) by extensions ['ros']
[0.750s] Level 1:colcon.colcon_core.package_identification:_identify(src/object_msgs) by extension 'ros'
[0.784s] DEBUG:colcon.colcon_core.package_identification:Package 'src/object_msgs' with type 'ros.ament_cmake' and name 'object_msgs'
[0.785s] Level 1:colcon.colcon_core.package_identification:_identify(src/onrobot_description) by extensions ['ignore', 'ignore_ament_install']
[0.785s] Level 1:colcon.colcon_core.package_identification:_identify(src/onrobot_description) by extension 'ignore'
[0.785s] Level 1:colcon.colcon_core.package_identification:_identify(src/onrobot_description) by extension 'ignore_ament_install'
[0.785s] Level 1:colcon.colcon_core.package_identification:_identify(src/onrobot_description) by extensions ['colcon_pkg']
[0.785s] Level 1:colcon.colcon_core.package_identification:_identify(src/onrobot_description) by extension 'colcon_pkg'
[0.786s] Level 1:colcon.colcon_core.package_identification:_identify(src/onrobot_description) by extensions ['colcon_meta']
[0.786s] Level 1:colcon.colcon_core.package_identification:_identify(src/onrobot_description) by extension 'colcon_meta'
[0.786s] Level 1:colcon.colcon_core.package_identification:_identify(src/onrobot_description) by extensions ['ros']
[0.786s] Level 1:colcon.colcon_core.package_identification:_identify(src/onrobot_description) by extension 'ros'
[0.787s] DEBUG:colcon.colcon_core.package_identification:Package 'src/onrobot_description' with type 'ros.ament_cmake' and name 'onrobot_description'
[0.788s] Level 1:colcon.colcon_core.package_identification:_identify(src/onrobot_driver) by extensions ['ignore', 'ignore_ament_install']
[0.788s] Level 1:colcon.colcon_core.package_identification:_identify(src/onrobot_driver) by extension 'ignore'
[0.788s] Level 1:colcon.colcon_core.package_identification:_identify(src/onrobot_driver) by extension 'ignore_ament_install'
[0.788s] Level 1:colcon.colcon_core.package_identification:_identify(src/onrobot_driver) by extensions ['colcon_pkg']
[0.788s] Level 1:colcon.colcon_core.package_identification:_identify(src/onrobot_driver) by extension 'colcon_pkg'
[0.788s] Level 1:colcon.colcon_core.package_identification:_identify(src/onrobot_driver) by extensions ['colcon_meta']
[0.788s] Level 1:colcon.colcon_core.package_identification:_identify(src/onrobot_driver) by extension 'colcon_meta'
[0.788s] Level 1:colcon.colcon_core.package_identification:_identify(src/onrobot_driver) by extensions ['ros']
[0.788s] Level 1:colcon.colcon_core.package_identification:_identify(src/onrobot_driver) by extension 'ros'
[0.791s] DEBUG:colcon.colcon_core.package_identification:Package 'src/onrobot_driver' with type 'ros.ament_cmake' and name 'onrobot_driver'
[0.791s] Level 1:colcon.colcon_core.package_identification:_identify(src/ur3_demo_cpp) by extensions ['ignore', 'ignore_ament_install']
[0.791s] Level 1:colcon.colcon_core.package_identification:_identify(src/ur3_demo_cpp) by extension 'ignore'
[0.791s] Level 1:colcon.colcon_core.package_identification:_identify(src/ur3_demo_cpp) by extension 'ignore_ament_install'
[0.791s] Level 1:colcon.colcon_core.package_identification:_identify(src/ur3_demo_cpp) by extensions ['colcon_pkg']
[0.791s] Level 1:colcon.colcon_core.package_identification:_identify(src/ur3_demo_cpp) by extension 'colcon_pkg'
[0.791s] Level 1:colcon.colcon_core.package_identification:_identify(src/ur3_demo_cpp) by extensions ['colcon_meta']
[0.791s] Level 1:colcon.colcon_core.package_identification:_identify(src/ur3_demo_cpp) by extension 'colcon_meta'
[0.791s] Level 1:colcon.colcon_core.package_identification:_identify(src/ur3_demo_cpp) by extensions ['ros']
[0.791s] Level 1:colcon.colcon_core.package_identification:_identify(src/ur3_demo_cpp) by extension 'ros'
[0.793s] DEBUG:colcon.colcon_core.package_identification:Package 'src/ur3_demo_cpp' with type 'ros.ament_cmake' and name 'ur3_demo_cpp'
[0.793s] Level 1:colcon.colcon_core.package_identification:_identify(src/ur_gripper_demo) by extensions ['ignore', 'ignore_ament_install']
[0.793s] Level 1:colcon.colcon_core.package_identification:_identify(src/ur_gripper_demo) by extension 'ignore'
[0.793s] Level 1:colcon.colcon_core.package_identification:_identify(src/ur_gripper_demo) by extension 'ignore_ament_install'
[0.793s] Level 1:colcon.colcon_core.package_identification:_identify(src/ur_gripper_demo) by extensions ['colcon_pkg']
[0.793s] Level 1:colcon.colcon_core.package_identification:_identify(src/ur_gripper_demo) by extension 'colcon_pkg'
[0.793s] Level 1:colcon.colcon_core.package_identification:_identify(src/ur_gripper_demo) by extensions ['colcon_meta']
[0.793s] Level 1:colcon.colcon_core.package_identification:_identify(src/ur_gripper_demo) by extension 'colcon_meta'
[0.793s] Level 1:colcon.colcon_core.package_identification:_identify(src/ur_gripper_demo) by extensions ['ros']
[0.794s] Level 1:colcon.colcon_core.package_identification:_identify(src/ur_gripper_demo) by extension 'ros'
[0.795s] DEBUG:colcon.colcon_core.package_identification:Package 'src/ur_gripper_demo' with type 'ros.ament_cmake' and name 'ur_gripper_demo'
[0.796s] Level 1:colcon.colcon_core.package_identification:_identify(src/ur_onrobot) by extensions ['ignore', 'ignore_ament_install']
[0.796s] Level 1:colcon.colcon_core.package_identification:_identify(src/ur_onrobot) by extension 'ignore'
[0.796s] Level 1:colcon.colcon_core.package_identification:_identify(src/ur_onrobot) by extension 'ignore_ament_install'
[0.796s] Level 1:colcon.colcon_core.package_identification:_identify(src/ur_onrobot) by extensions ['colcon_pkg']
[0.796s] Level 1:colcon.colcon_core.package_identification:_identify(src/ur_onrobot) by extension 'colcon_pkg'
[0.796s] Level 1:colcon.colcon_core.package_identification:_identify(src/ur_onrobot) by extensions ['colcon_meta']
[0.796s] Level 1:colcon.colcon_core.package_identification:_identify(src/ur_onrobot) by extension 'colcon_meta'
[0.797s] Level 1:colcon.colcon_core.package_identification:_identify(src/ur_onrobot) by extensions ['ros']
[0.797s] Level 1:colcon.colcon_core.package_identification:_identify(src/ur_onrobot) by extension 'ros'
[0.797s] Level 1:colcon.colcon_core.package_identification:_identify(src/ur_onrobot) by extensions ['cmake', 'python']
[0.797s] Level 1:colcon.colcon_core.package_identification:_identify(src/ur_onrobot) by extension 'cmake'
[0.797s] Level 1:colcon.colcon_core.package_identification:_identify(src/ur_onrobot) by extension 'python'
[0.797s] Level 1:colcon.colcon_core.package_identification:_identify(src/ur_onrobot) by extensions ['python_setup_py']
[0.797s] Level 1:colcon.colcon_core.package_identification:_identify(src/ur_onrobot) by extension 'python_setup_py'
[0.798s] Level 1:colcon.colcon_core.package_identification:_identify(src/ur_onrobot/doc) by extensions ['ignore', 'ignore_ament_install']
[0.798s] Level 1:colcon.colcon_core.package_identification:_identify(src/ur_onrobot/doc) by extension 'ignore'
[0.798s] Level 1:colcon.colcon_core.package_identification:_identify(src/ur_onrobot/doc) by extension 'ignore_ament_install'
[0.798s] Level 1:colcon.colcon_core.package_identification:_identify(src/ur_onrobot/doc) by extensions ['colcon_pkg']
[0.798s] Level 1:colcon.colcon_core.package_identification:_identify(src/ur_onrobot/doc) by extension 'colcon_pkg'
[0.798s] Level 1:colcon.colcon_core.package_identification:_identify(src/ur_onrobot/doc) by extensions ['colcon_meta']
[0.799s] Level 1:colcon.colcon_core.package_identification:_identify(src/ur_onrobot/doc) by extension 'colcon_meta'
[0.799s] Level 1:colcon.colcon_core.package_identification:_identify(src/ur_onrobot/doc) by extensions ['ros']
[0.799s] Level 1:colcon.colcon_core.package_identification:_identify(src/ur_onrobot/doc) by extension 'ros'
[0.799s] Level 1:colcon.colcon_core.package_identification:_identify(src/ur_onrobot/doc) by extensions ['cmake', 'python']
[0.799s] Level 1:colcon.colcon_core.package_identification:_identify(src/ur_onrobot/doc) by extension 'cmake'
[0.799s] Level 1:colcon.colcon_core.package_identification:_identify(src/ur_onrobot/doc) by extension 'python'
[0.799s] Level 1:colcon.colcon_core.package_identification:_identify(src/ur_onrobot/doc) by extensions ['python_setup_py']
[0.799s] Level 1:colcon.colcon_core.package_identification:_identify(src/ur_onrobot/doc) by extension 'python_setup_py'
[0.800s] Level 1:colcon.colcon_core.package_identification:_identify(src/ur_onrobot/doc/images) by extensions ['ignore', 'ignore_ament_install']
[0.800s] Level 1:colcon.colcon_core.package_identification:_identify(src/ur_onrobot/doc/images) by extension 'ignore'
[0.800s] Level 1:colcon.colcon_core.package_identification:_identify(src/ur_onrobot/doc/images) by extension 'ignore_ament_install'
[0.800s] Level 1:colcon.colcon_core.package_identification:_identify(src/ur_onrobot/doc/images) by extensions ['colcon_pkg']
[0.800s] Level 1:colcon.colcon_core.package_identification:_identify(src/ur_onrobot/doc/images) by extension 'colcon_pkg'
[0.800s] Level 1:colcon.colcon_core.package_identification:_identify(src/ur_onrobot/doc/images) by extensions ['colcon_meta']
[0.800s] Level 1:colcon.colcon_core.package_identification:_identify(src/ur_onrobot/doc/images) by extension 'colcon_meta'
[0.800s] Level 1:colcon.colcon_core.package_identification:_identify(src/ur_onrobot/doc/images) by extensions ['ros']
[0.800s] Level 1:colcon.colcon_core.package_identification:_identify(src/ur_onrobot/doc/images) by extension 'ros'
[0.801s] Level 1:colcon.colcon_core.package_identification:_identify(src/ur_onrobot/doc/images) by extensions ['cmake', 'python']
[0.801s] Level 1:colcon.colcon_core.package_identification:_identify(src/ur_onrobot/doc/images) by extension 'cmake'
[0.801s] Level 1:colcon.colcon_core.package_identification:_identify(src/ur_onrobot/doc/images) by extension 'python'
[0.801s] Level 1:colcon.colcon_core.package_identification:_identify(src/ur_onrobot/doc/images) by extensions ['python_setup_py']
[0.801s] Level 1:colcon.colcon_core.package_identification:_identify(src/ur_onrobot/doc/images) by extension 'python_setup_py'
[0.801s] Level 1:colcon.colcon_core.package_identification:_identify(src/ur_onrobot/ur_onrobot_control) by extensions ['ignore', 'ignore_ament_install']
[0.802s] Level 1:colcon.colcon_core.package_identification:_identify(src/ur_onrobot/ur_onrobot_control) by extension 'ignore'
[0.802s] Level 1:colcon.colcon_core.package_identification:_identify(src/ur_onrobot/ur_onrobot_control) by extension 'ignore_ament_install'
[0.802s] Level 1:colcon.colcon_core.package_identification:_identify(src/ur_onrobot/ur_onrobot_control) by extensions ['colcon_pkg']
[0.802s] Level 1:colcon.colcon_core.package_identification:_identify(src/ur_onrobot/ur_onrobot_control) by extension 'colcon_pkg'
[0.802s] Level 1:colcon.colcon_core.package_identification:_identify(src/ur_onrobot/ur_onrobot_control) by extensions ['colcon_meta']
[0.802s] Level 1:colcon.colcon_core.package_identification:_identify(src/ur_onrobot/ur_onrobot_control) by extension 'colcon_meta'
[0.802s] Level 1:colcon.colcon_core.package_identification:_identify(src/ur_onrobot/ur_onrobot_control) by extensions ['ros']
[0.802s] Level 1:colcon.colcon_core.package_identification:_identify(src/ur_onrobot/ur_onrobot_control) by extension 'ros'
[0.804s] DEBUG:colcon.colcon_core.package_identification:Package 'src/ur_onrobot/ur_onrobot_control' with type 'ros.ament_cmake' and name 'ur_onrobot_control'
[0.804s] Level 1:colcon.colcon_core.package_identification:_identify(src/ur_onrobot/ur_onrobot_description) by extensions ['ignore', 'ignore_ament_install']
[0.804s] Level 1:colcon.colcon_core.package_identification:_identify(src/ur_onrobot/ur_onrobot_description) by extension 'ignore'
[0.804s] Level 1:colcon.colcon_core.package_identification:_identify(src/ur_onrobot/ur_onrobot_description) by extension 'ignore_ament_install'
[0.804s] Level 1:colcon.colcon_core.package_identification:_identify(src/ur_onrobot/ur_onrobot_description) by extensions ['colcon_pkg']
[0.804s] Level 1:colcon.colcon_core.package_identification:_identify(src/ur_onrobot/ur_onrobot_description) by extension 'colcon_pkg'
[0.804s] Level 1:colcon.colcon_core.package_identification:_identify(src/ur_onrobot/ur_onrobot_description) by extensions ['colcon_meta']
[0.804s] Level 1:colcon.colcon_core.package_identification:_identify(src/ur_onrobot/ur_onrobot_description) by extension 'colcon_meta'
[0.804s] Level 1:colcon.colcon_core.package_identification:_identify(src/ur_onrobot/ur_onrobot_description) by extensions ['ros']
[0.804s] Level 1:colcon.colcon_core.package_identification:_identify(src/ur_onrobot/ur_onrobot_description) by extension 'ros'
[0.805s] DEBUG:colcon.colcon_core.package_identification:Package 'src/ur_onrobot/ur_onrobot_description' with type 'ros.ament_cmake' and name 'ur_onrobot_description'
[0.806s] Level 1:colcon.colcon_core.package_identification:_identify(src/ur_onrobot/ur_onrobot_moveit_config) by extensions ['ignore', 'ignore_ament_install']
[0.806s] Level 1:colcon.colcon_core.package_identification:_identify(src/ur_onrobot/ur_onrobot_moveit_config) by extension 'ignore'
[0.806s] Level 1:colcon.colcon_core.package_identification:_identify(src/ur_onrobot/ur_onrobot_moveit_config) by extension 'ignore_ament_install'
[0.806s] Level 1:colcon.colcon_core.package_identification:_identify(src/ur_onrobot/ur_onrobot_moveit_config) by extensions ['colcon_pkg']
[0.806s] Level 1:colcon.colcon_core.package_identification:_identify(src/ur_onrobot/ur_onrobot_moveit_config) by extension 'colcon_pkg'
[0.806s] Level 1:colcon.colcon_core.package_identification:_identify(src/ur_onrobot/ur_onrobot_moveit_config) by extensions ['colcon_meta']
[0.807s] Level 1:colcon.colcon_core.package_identification:_identify(src/ur_onrobot/ur_onrobot_moveit_config) by extension 'colcon_meta'
[0.807s] Level 1:colcon.colcon_core.package_identification:_identify(src/ur_onrobot/ur_onrobot_moveit_config) by extensions ['ros']
[0.807s] Level 1:colcon.colcon_core.package_identification:_identify(src/ur_onrobot/ur_onrobot_moveit_config) by extension 'ros'
[0.808s] DEBUG:colcon.colcon_core.package_identification:Package 'src/ur_onrobot/ur_onrobot_moveit_config' with type 'ros.ament_cmake' and name 'ur_onrobot_moveit_config'
[0.808s] Level 1:colcon.colcon_core.package_discovery:discover_packages(recursive) using defaults
[0.808s] Level 1:colcon.colcon_core.package_discovery:discover_packages(ignore) discover
[0.808s] Level 1:colcon.colcon_core.package_discovery:discover_packages(ignore) using defaults
[0.808s] Level 1:colcon.colcon_core.package_discovery:discover_packages(path) discover
[0.808s] Level 1:colcon.colcon_core.package_discovery:discover_packages(path) using defaults
[0.853s] INFO:colcon.colcon_core.package_selection:Skipping not selected package 'object_msgs' in 'src/object_msgs'
[0.853s] INFO:colcon.colcon_core.package_selection:Skipping not selected package 'onrobot_description' in 'src/onrobot_description'
[0.853s] INFO:colcon.colcon_core.package_selection:Skipping not selected package 'ur3_demo_cpp' in 'src/ur3_demo_cpp'
[0.853s] INFO:colcon.colcon_core.package_selection:Skipping not selected package 'onrobot_driver' in 'src/onrobot_driver'
[0.853s] INFO:colcon.colcon_core.package_selection:Skipping not selected package 'ur_onrobot_description' in 'src/ur_onrobot/ur_onrobot_description'
[0.853s] INFO:colcon.colcon_core.package_selection:Skipping not selected package 'ur_onrobot_control' in 'src/ur_onrobot/ur_onrobot_control'
[0.853s] INFO:colcon.colcon_core.package_selection:Skipping not selected package 'ur_onrobot_moveit_config' in 'src/ur_onrobot/ur_onrobot_moveit_config'
[0.854s] Level 1:colcon.colcon_core.package_discovery:discover_packages(prefix_path) check parameters
[0.854s] Level 1:colcon.colcon_core.package_discovery:discover_packages(prefix_path) discover
[0.859s] DEBUG:colcon.colcon_installed_package_information.package_discovery:Found 8 installed packages in /home/billy/git/Robotics-Studio-2/install
[0.860s] DEBUG:colcon.colcon_installed_package_information.package_discovery:Found 3 installed packages in /home/billy/install
[0.865s] DEBUG:colcon.colcon_installed_package_information.package_discovery:Found 477 installed packages in /opt/ros/humble
[0.870s] Level 1:colcon.colcon_core.package_discovery:discover_packages(prefix_path) using defaults
[0.992s] Level 5:colcon.colcon_core.verb:set package 'ur_gripper_demo' build argument 'cmake_args' from command line to 'None'
[0.992s] Level 5:colcon.colcon_core.verb:set package 'ur_gripper_demo' build argument 'cmake_target' from command line to 'None'
[0.992s] Level 5:colcon.colcon_core.verb:set package 'ur_gripper_demo' build argument 'cmake_target_skip_unavailable' from command line to 'False'
[0.992s] Level 5:colcon.colcon_core.verb:set package 'ur_gripper_demo' build argument 'cmake_clean_cache' from command line to 'False'
[0.992s] Level 5:colcon.colcon_core.verb:set package 'ur_gripper_demo' build argument 'cmake_clean_first' from command line to 'False'
[0.992s] Level 5:colcon.colcon_core.verb:set package 'ur_gripper_demo' build argument 'cmake_force_configure' from command line to 'False'
[0.992s] Level 5:colcon.colcon_core.verb:set package 'ur_gripper_demo' build argument 'ament_cmake_args' from command line to 'None'
[0.992s] Level 5:colcon.colcon_core.verb:set package 'ur_gripper_demo' build argument 'catkin_cmake_args' from command line to 'None'
[0.992s] Level 5:colcon.colcon_core.verb:set package 'ur_gripper_demo' build argument 'catkin_skip_building_tests' from command line to 'False'
[0.993s] DEBUG:colcon.colcon_core.verb:Building package 'ur_gripper_demo' with the following arguments: {'ament_cmake_args': None, 'build_base': '/home/billy/git/Robotics-Studio-2/build/ur_gripper_demo', 'catkin_cmake_args': None, 'catkin_skip_building_tests': False, 'cmake_args': None, 'cmake_clean_cache': False, 'cmake_clean_first': False, 'cmake_force_configure': False, 'cmake_target': None, 'cmake_target_skip_unavailable': False, 'install_base': '/home/billy/git/Robotics-Studio-2/install/ur_gripper_demo', 'merge_install': False, 'path': '/home/billy/git/Robotics-Studio-2/src/ur_gripper_demo', 'symlink_install': False, 'test_result_base': None}
[0.993s] INFO:colcon.colcon_core.executor:Executing jobs using 'parallel' executor
[0.996s] DEBUG:colcon.colcon_parallel_executor.executor.parallel:run_until_complete
[0.996s] INFO:colcon.colcon_ros.task.ament_cmake.build:Building ROS package in '/home/billy/git/Robotics-Studio-2/src/ur_gripper_demo' with build type 'ament_cmake'
[0.997s] INFO:colcon.colcon_cmake.task.cmake.build:Building CMake package in '/home/billy/git/Robotics-Studio-2/src/ur_gripper_demo'
[1.005s] INFO:colcon.colcon_core.plugin_system:Skipping extension 'colcon_core.shell.bat': Not used on non-Windows systems
[1.006s] INFO:colcon.colcon_core.shell:Skip shell extension 'powershell' for command environment: Not usable outside of PowerShell
[1.006s] DEBUG:colcon.colcon_core.shell:Skip shell extension 'dsv' for command environment
[1.039s] DEBUG:colcon.colcon_core.event_handler.log_command:Invoking command in '/home/billy/git/Robotics-Studio-2/build/ur_gripper_demo': CMAKE_PREFIX_PATH=${CMAKE_PREFIX_PATH}:/opt/ros/humble /usr/bin/cmake --build /home/billy/git/Robotics-Studio-2/build/ur_gripper_demo -- -j16 -l16
[50.027s] DEBUG:colcon.colcon_core.event_handler.log_command:Invoked command in '/home/billy/git/Robotics-Studio-2/build/ur_gripper_demo' returned '0': CMAKE_PREFIX_PATH=${CMAKE_PREFIX_PATH}:/opt/ros/humble /usr/bin/cmake --build /home/billy/git/Robotics-Studio-2/build/ur_gripper_demo -- -j16 -l16
[50.055s] DEBUG:colcon.colcon_core.event_handler.log_command:Invoking command in '/home/billy/git/Robotics-Studio-2/build/ur_gripper_demo': CMAKE_PREFIX_PATH=${CMAKE_PREFIX_PATH}:/opt/ros/humble /usr/bin/cmake --install /home/billy/git/Robotics-Studio-2/build/ur_gripper_demo
[50.213s] Level 1:colcon.colcon_core.environment:create_environment_scripts_only(ur_gripper_demo)
[50.214s] DEBUG:colcon.colcon_core.event_handler.log_command:Invoked command in '/home/billy/git/Robotics-Studio-2/build/ur_gripper_demo' returned '0': CMAKE_PREFIX_PATH=${CMAKE_PREFIX_PATH}:/opt/ros/humble /usr/bin/cmake --install /home/billy/git/Robotics-Studio-2/build/ur_gripper_demo
[50.220s] Level 1:colcon.colcon_core.environment:checking '/home/billy/git/Robotics-Studio-2/install/ur_gripper_demo' for CMake module files
[50.221s] Level 1:colcon.colcon_core.environment:checking '/home/billy/git/Robotics-Studio-2/install/ur_gripper_demo' for CMake config files
[50.225s] Level 1:colcon.colcon_core.shell:create_environment_hook('ur_gripper_demo', 'cmake_prefix_path')
[50.226s] INFO:colcon.colcon_core.shell:Creating environment hook '/home/billy/git/Robotics-Studio-2/install/ur_gripper_demo/share/ur_gripper_demo/hook/cmake_prefix_path.ps1'
[50.227s] INFO:colcon.colcon_core.shell:Creating environment descriptor '/home/billy/git/Robotics-Studio-2/install/ur_gripper_demo/share/ur_gripper_demo/hook/cmake_prefix_path.dsv'
[50.228s] INFO:colcon.colcon_core.shell:Creating environment hook '/home/billy/git/Robotics-Studio-2/install/ur_gripper_demo/share/ur_gripper_demo/hook/cmake_prefix_path.sh'
[50.230s] Level 1:colcon.colcon_core.environment:checking '/home/billy/git/Robotics-Studio-2/install/ur_gripper_demo/lib'
[50.230s] Level 1:colcon.colcon_core.environment:checking '/home/billy/git/Robotics-Studio-2/install/ur_gripper_demo/bin'
[50.230s] Level 1:colcon.colcon_core.environment:checking '/home/billy/git/Robotics-Studio-2/install/ur_gripper_demo/lib/pkgconfig/ur_gripper_demo.pc'
[50.230s] Level 1:colcon.colcon_core.environment:checking '/home/billy/git/Robotics-Studio-2/install/ur_gripper_demo/lib/python3.10/site-packages'
[50.231s] Level 1:colcon.colcon_core.environment:checking '/home/billy/git/Robotics-Studio-2/install/ur_gripper_demo/bin'
[50.231s] INFO:colcon.colcon_core.shell:Creating package script '/home/billy/git/Robotics-Studio-2/install/ur_gripper_demo/share/ur_gripper_demo/package.ps1'
[50.233s] INFO:colcon.colcon_core.shell:Creating package descriptor '/home/billy/git/Robotics-Studio-2/install/ur_gripper_demo/share/ur_gripper_demo/package.dsv'
[50.234s] INFO:colcon.colcon_core.shell:Creating package script '/home/billy/git/Robotics-Studio-2/install/ur_gripper_demo/share/ur_gripper_demo/package.sh'
[50.236s] INFO:colcon.colcon_core.shell:Creating package script '/home/billy/git/Robotics-Studio-2/install/ur_gripper_demo/share/ur_gripper_demo/package.bash'
[50.237s] INFO:colcon.colcon_core.shell:Creating package script '/home/billy/git/Robotics-Studio-2/install/ur_gripper_demo/share/ur_gripper_demo/package.zsh'
[50.238s] Level 1:colcon.colcon_core.environment:create_file_with_runtime_dependencies(/home/billy/git/Robotics-Studio-2/install/ur_gripper_demo/share/colcon-core/packages/ur_gripper_demo)
[50.240s] Level 1:colcon.colcon_core.environment:create_environment_scripts_only(ur_gripper_demo)
[50.240s] Level 1:colcon.colcon_core.environment:checking '/home/billy/git/Robotics-Studio-2/install/ur_gripper_demo' for CMake module files
[50.242s] Level 1:colcon.colcon_core.environment:checking '/home/billy/git/Robotics-Studio-2/install/ur_gripper_demo' for CMake config files
[50.244s] Level 1:colcon.colcon_core.shell:create_environment_hook('ur_gripper_demo', 'cmake_prefix_path')
[50.245s] INFO:colcon.colcon_core.shell:Creating environment hook '/home/billy/git/Robotics-Studio-2/install/ur_gripper_demo/share/ur_gripper_demo/hook/cmake_prefix_path.ps1'
[50.246s] INFO:colcon.colcon_core.shell:Creating environment descriptor '/home/billy/git/Robotics-Studio-2/install/ur_gripper_demo/share/ur_gripper_demo/hook/cmake_prefix_path.dsv'
[50.247s] INFO:colcon.colcon_core.shell:Creating environment hook '/home/billy/git/Robotics-Studio-2/install/ur_gripper_demo/share/ur_gripper_demo/hook/cmake_prefix_path.sh'
[50.248s] Level 1:colcon.colcon_core.environment:checking '/home/billy/git/Robotics-Studio-2/install/ur_gripper_demo/lib'
[50.248s] Level 1:colcon.colcon_core.environment:checking '/home/billy/git/Robotics-Studio-2/install/ur_gripper_demo/bin'
[50.248s] Level 1:colcon.colcon_core.environment:checking '/home/billy/git/Robotics-Studio-2/install/ur_gripper_demo/lib/pkgconfig/ur_gripper_demo.pc'
[50.249s] Level 1:colcon.colcon_core.environment:checking '/home/billy/git/Robotics-Studio-2/install/ur_gripper_demo/lib/python3.10/site-packages'
[50.249s] Level 1:colcon.colcon_core.environment:checking '/home/billy/git/Robotics-Studio-2/install/ur_gripper_demo/bin'
[50.250s] INFO:colcon.colcon_core.shell:Creating package script '/home/billy/git/Robotics-Studio-2/install/ur_gripper_demo/share/ur_gripper_demo/package.ps1'
[50.251s] INFO:colcon.colcon_core.shell:Creating package descriptor '/home/billy/git/Robotics-Studio-2/install/ur_gripper_demo/share/ur_gripper_demo/package.dsv'
[50.251s] INFO:colcon.colcon_core.shell:Creating package script '/home/billy/git/Robotics-Studio-2/install/ur_gripper_demo/share/ur_gripper_demo/package.sh'
[50.252s] INFO:colcon.colcon_core.shell:Creating package script '/home/billy/git/Robotics-Studio-2/install/ur_gripper_demo/share/ur_gripper_demo/package.bash'
[50.253s] INFO:colcon.colcon_core.shell:Creating package script '/home/billy/git/Robotics-Studio-2/install/ur_gripper_demo/share/ur_gripper_demo/package.zsh'
[50.254s] Level 1:colcon.colcon_core.environment:create_file_with_runtime_dependencies(/home/billy/git/Robotics-Studio-2/install/ur_gripper_demo/share/colcon-core/packages/ur_gripper_demo)
[50.255s] DEBUG:colcon.colcon_parallel_executor.executor.parallel:closing loop
[50.256s] DEBUG:colcon.colcon_parallel_executor.executor.parallel:loop closed
[50.256s] DEBUG:colcon.colcon_parallel_executor.executor.parallel:run_until_complete finished with '0'
[50.257s] DEBUG:colcon.colcon_core.event_reactor:joining thread
[50.337s] INFO:colcon.colcon_core.plugin_system:Skipping extension 'colcon_notification.desktop_notification.notify_send': Could not find 'notify-send'
[50.337s] INFO:colcon.colcon_core.plugin_system:Skipping extension 'colcon_notification.desktop_notification.terminal_notifier': Not used on non-Darwin systems
[50.338s] INFO:colcon.colcon_core.plugin_system:Skipping extension 'colcon_notification.desktop_notification.win32': Not used on non-Windows systems
[50.338s] INFO:colcon.colcon_notification.desktop_notification:Sending desktop notification using 'notify2'
[50.341s] DEBUG:colcon.colcon_notification.desktop_notification.notify2:Failed to initialize notify2: org.freedesktop.DBus.Error.ServiceUnknown: The name org.freedesktop.Notifications was not provided by any .service files
[50.341s] DEBUG:colcon.colcon_core.event_reactor:joined thread
[50.342s] INFO:colcon.colcon_core.shell:Creating prefix script '/home/billy/git/Robotics-Studio-2/install/local_setup.ps1'
[50.344s] INFO:colcon.colcon_core.shell:Creating prefix util module '/home/billy/git/Robotics-Studio-2/install/_local_setup_util_ps1.py'
[50.347s] INFO:colcon.colcon_core.shell:Creating prefix chain script '/home/billy/git/Robotics-Studio-2/install/setup.ps1'
[50.351s] INFO:colcon.colcon_core.shell:Creating prefix script '/home/billy/git/Robotics-Studio-2/install/local_setup.sh'
[50.352s] INFO:colcon.colcon_core.shell:Creating prefix util module '/home/billy/git/Robotics-Studio-2/install/_local_setup_util_sh.py'
[50.354s] INFO:colcon.colcon_core.shell:Creating prefix chain script '/home/billy/git/Robotics-Studio-2/install/setup.sh'
[50.357s] INFO:colcon.colcon_core.shell:Creating prefix script '/home/billy/git/Robotics-Studio-2/install/local_setup.bash'
[50.359s] INFO:colcon.colcon_core.shell:Creating prefix chain script '/home/billy/git/Robotics-Studio-2/install/setup.bash'
[50.362s] INFO:colcon.colcon_core.shell:Creating prefix script '/home/billy/git/Robotics-Studio-2/install/local_setup.zsh'
[50.363s] INFO:colcon.colcon_core.shell:Creating prefix chain script '/home/billy/git/Robotics-Studio-2/install/setup.zsh'
