[0.331s] DEBUG:colcon:Command line arguments: ['/usr/bin/colcon', 'build', '--packages-select', 'ur_gripper_demo']
[0.331s] DEBUG:colcon:Parsed command line arguments: Namespace(log_base=None, log_level=None, verb_name='build', build_base='build', install_base='install', merge_install=False, symlink_install=False, test_result_base=None, continue_on_error=False, executor='parallel', parallel_workers=16, event_handlers=None, ignore_user_meta=False, metas=['./colcon.meta'], base_paths=['.'], packages_ignore=None, packages_ignore_regex=None, paths=None, packages_up_to=None, packages_up_to_regex=None, packages_above=None, packages_above_and_dependencies=None, packages_above_depth=None, packages_select_by_dep=None, packages_skip_by_dep=None, packages_skip_up_to=None, packages_select_build_failed=False, packages_skip_build_finished=False, packages_select_test_failures=False, packages_skip_test_passed=False, packages_select=['ur_gripper_demo'], packages_skip=None, packages_select_regex=None, packages_skip_regex=None, packages_start=None, packages_end=None, allow_overriding=[], cmake_args=None, cmake_target=None, cmake_target_skip_unavailable=False, cmake_clean_cache=False, cmake_clean_first=False, cmake_force_configure=False, ament_cmake_args=None, catkin_cmake_args=None, catkin_skip_building_tests=False, mixin_files=None, mixin=None, verb_parser=<colcon_mixin.mixin.mixin_argument.MixinArgumentDecorator object at 0x7381f2d637f0>, verb_extension=<colcon_core.verb.build.BuildVerb object at 0x7381f2d20700>, main=<bound method BuildVerb.main of <colcon_core.verb.build.BuildVerb object at 0x7381f2d20700>>, mixin_verb=('build',))
[0.569s] Level 1:colcon.colcon_core.package_discovery:discover_packages(colcon_meta) check parameters
[0.569s] Level 1:colcon.colcon_core.package_discovery:discover_packages(recursive) check parameters
[0.569s] Level 1:colcon.colcon_core.package_discovery:discover_packages(ignore) check parameters
[0.569s] Level 1:colcon.colcon_core.package_discovery:discover_packages(path) check parameters
[0.569s] Level 1:colcon.colcon_core.package_discovery:discover_packages(colcon_meta) discover
[0.569s] Level 1:colcon.colcon_core.package_discovery:discover_packages(recursive) discover
[0.569s] INFO:colcon.colcon_core.package_discovery:Crawling recursively for packages in '/home/billy/git/Robotics-Studio-2'
[0.569s] Level 1:colcon.colcon_core.package_identification:_identify(.) by extensions ['ignore', 'ignore_ament_install']
[0.570s] Level 1:colcon.colcon_core.package_identification:_identify(.) by extension 'ignore'
[0.570s] Level 1:colcon.colcon_core.package_identification:_identify(.) by extension 'ignore_ament_install'
[0.570s] Level 1:colcon.colcon_core.package_identification:_identify(.) by extensions ['colcon_pkg']
[0.570s] Level 1:colcon.colcon_core.package_identification:_identify(.) by extension 'colcon_pkg'
[0.570s] Level 1:colcon.colcon_core.package_identification:_identify(.) by extensions ['colcon_meta']
[0.570s] Level 1:colcon.colcon_core.package_identification:_identify(.) by extension 'colcon_meta'
[0.570s] Level 1:colcon.colcon_core.package_identification:_identify(.) by extensions ['ros']
[0.570s] Level 1:colcon.colcon_core.package_identification:_identify(.) by extension 'ros'
[0.585s] Level 1:colcon.colcon_core.package_identification:_identify(.) by extensions ['cmake', 'python']
[0.586s] Level 1:colcon.colcon_core.package_identification:_identify(.) by extension 'cmake'
[0.586s] Level 1:colcon.colcon_core.package_identification:_identify(.) by extension 'python'
[0.586s] Level 1:colcon.colcon_core.package_identification:_identify(.) by extensions ['python_setup_py']
[0.586s] Level 1:colcon.colcon_core.package_identification:_identify(.) by extension 'python_setup_py'
[0.586s] Level 1:colcon.colcon_core.package_identification:_identify(build) by extensions ['ignore', 'ignore_ament_install']
[0.586s] Level 1:colcon.colcon_core.package_identification:_identify(build) by extension 'ignore'
[0.586s] Level 1:colcon.colcon_core.package_identification:_identify(build) ignored
[0.586s] Level 1:colcon.colcon_core.package_identification:_identify(install) by extensions ['ignore', 'ignore_ament_install']
[0.587s] Level 1:colcon.colcon_core.package_identification:_identify(install) by extension 'ignore'
[0.587s] Level 1:colcon.colcon_core.package_identification:_identify(install) ignored
[0.587s] Level 1:colcon.colcon_core.package_identification:_identify(log) by extensions ['ignore', 'ignore_ament_install']
[0.587s] Level 1:colcon.colcon_core.package_identification:_identify(log) by extension 'ignore'
[0.587s] Level 1:colcon.colcon_core.package_identification:_identify(log) ignored
[0.587s] Level 1:colcon.colcon_core.package_identification:_identify(src) by extensions ['ignore', 'ignore_ament_install']
[0.587s] Level 1:colcon.colcon_core.package_identification:_identify(src) by extension 'ignore'
[0.588s] Level 1:colcon.colcon_core.package_identification:_identify(src) by extension 'ignore_ament_install'
[0.588s] Level 1:colcon.colcon_core.package_identification:_identify(src) by extensions ['colcon_pkg']
[0.588s] Level 1:colcon.colcon_core.package_identification:_identify(src) by extension 'colcon_pkg'
[0.588s] Level 1:colcon.colcon_core.package_identification:_identify(src) by extensions ['colcon_meta']
[0.588s] Level 1:colcon.colcon_core.package_identification:_identify(src) by extension 'colcon_meta'
[0.588s] Level 1:colcon.colcon_core.package_identification:_identify(src) by extensions ['ros']
[0.588s] Level 1:colcon.colcon_core.package_identification:_identify(src) by extension 'ros'
[0.588s] Level 1:colcon.colcon_core.package_identification:_identify(src) by extensions ['cmake', 'python']
[0.588s] Level 1:colcon.colcon_core.package_identification:_identify(src) by extension 'cmake'
[0.588s] Level 1:colcon.colcon_core.package_identification:_identify(src) by extension 'python'
[0.588s] Level 1:colcon.colcon_core.package_identification:_identify(src) by extensions ['python_setup_py']
[0.588s] Level 1:colcon.colcon_core.package_identification:_identify(src) by extension 'python_setup_py'
[0.589s] Level 1:colcon.colcon_core.package_identification:_identify(src/motion_control_subsystem) by extensions ['ignore', 'ignore_ament_install']
[0.589s] Level 1:colcon.colcon_core.package_identification:_identify(src/motion_control_subsystem) by extension 'ignore'
[0.589s] Level 1:colcon.colcon_core.package_identification:_identify(src/motion_control_subsystem) by extension 'ignore_ament_install'
[0.589s] Level 1:colcon.colcon_core.package_identification:_identify(src/motion_control_subsystem) by extensions ['colcon_pkg']
[0.589s] Level 1:colcon.colcon_core.package_identification:_identify(src/motion_control_subsystem) by extension 'colcon_pkg'
[0.589s] Level 1:colcon.colcon_core.package_identification:_identify(src/motion_control_subsystem) by extensions ['colcon_meta']
[0.589s] Level 1:colcon.colcon_core.package_identification:_identify(src/motion_control_subsystem) by extension 'colcon_meta'
[0.589s] Level 1:colcon.colcon_core.package_identification:_identify(src/motion_control_subsystem) by extensions ['ros']
[0.589s] Level 1:colcon.colcon_core.package_identification:_identify(src/motion_control_subsystem) by extension 'ros'
[0.596s] DEBUG:colcon.colcon_core.package_identification:Package 'src/motion_control_subsystem' with type 'ros.ament_cmake' and name 'motion_control_subsystem'
[0.596s] Level 1:colcon.colcon_core.package_identification:_identify(src/object_msgs) by extensions ['ignore', 'ignore_ament_install']
[0.597s] Level 1:colcon.colcon_core.package_identification:_identify(src/object_msgs) by extension 'ignore'
[0.597s] Level 1:colcon.colcon_core.package_identification:_identify(src/object_msgs) by extension 'ignore_ament_install'
[0.597s] Level 1:colcon.colcon_core.package_identification:_identify(src/object_msgs) by extensions ['colcon_pkg']
[0.597s] Level 1:colcon.colcon_core.package_identification:_identify(src/object_msgs) by extension 'colcon_pkg'
[0.597s] Level 1:colcon.colcon_core.package_identification:_identify(src/object_msgs) by extensions ['colcon_meta']
[0.597s] Level 1:colcon.colcon_core.package_identification:_identify(src/object_msgs) by extension 'colcon_meta'
[0.597s] Level 1:colcon.colcon_core.package_identification:_identify(src/object_msgs) by extensions ['ros']
[0.597s] Level 1:colcon.colcon_core.package_identification:_identify(src/object_msgs) by extension 'ros'
[0.598s] DEBUG:colcon.colcon_core.package_identification:Package 'src/object_msgs' with type 'ros.ament_cmake' and name 'object_msgs'
[0.599s] Level 1:colcon.colcon_core.package_identification:_identify(src/onrobot_description) by extensions ['ignore', 'ignore_ament_install']
[0.599s] Level 1:colcon.colcon_core.package_identification:_identify(src/onrobot_description) by extension 'ignore'
[0.599s] Level 1:colcon.colcon_core.package_identification:_identify(src/onrobot_description) by extension 'ignore_ament_install'
[0.599s] Level 1:colcon.colcon_core.package_identification:_identify(src/onrobot_description) by extensions ['colcon_pkg']
[0.599s] Level 1:colcon.colcon_core.package_identification:_identify(src/onrobot_description) by extension 'colcon_pkg'
[0.599s] Level 1:colcon.colcon_core.package_identification:_identify(src/onrobot_description) by extensions ['colcon_meta']
[0.599s] Level 1:colcon.colcon_core.package_identification:_identify(src/onrobot_description) by extension 'colcon_meta'
[0.599s] Level 1:colcon.colcon_core.package_identification:_identify(src/onrobot_description) by extensions ['ros']
[0.599s] Level 1:colcon.colcon_core.package_identification:_identify(src/onrobot_description) by extension 'ros'
[0.600s] DEBUG:colcon.colcon_core.package_identification:Package 'src/onrobot_description' with type 'ros.ament_cmake' and name 'onrobot_description'
[0.600s] Level 1:colcon.colcon_core.package_identification:_identify(src/onrobot_driver) by extensions ['ignore', 'ignore_ament_install']
[0.601s] Level 1:colcon.colcon_core.package_identification:_identify(src/onrobot_driver) by extension 'ignore'
[0.601s] Level 1:colcon.colcon_core.package_identification:_identify(src/onrobot_driver) by extension 'ignore_ament_install'
[0.601s] Level 1:colcon.colcon_core.package_identification:_identify(src/onrobot_driver) by extensions ['colcon_pkg']
[0.601s] Level 1:colcon.colcon_core.package_identification:_identify(src/onrobot_driver) by extension 'colcon_pkg'
[0.601s] Level 1:colcon.colcon_core.package_identification:_identify(src/onrobot_driver) by extensions ['colcon_meta']
[0.601s] Level 1:colcon.colcon_core.package_identification:_identify(src/onrobot_driver) by extension 'colcon_meta'
[0.601s] Level 1:colcon.colcon_core.package_identification:_identify(src/onrobot_driver) by extensions ['ros']
[0.601s] Level 1:colcon.colcon_core.package_identification:_identify(src/onrobot_driver) by extension 'ros'
[0.625s] DEBUG:colcon.colcon_core.package_identification:Package 'src/onrobot_driver' with type 'ros.ament_cmake' and name 'onrobot_driver'
[0.625s] Level 1:colcon.colcon_core.package_identification:_identify(src/ur3_demo_cpp) by extensions ['ignore', 'ignore_ament_install']
[0.626s] Level 1:colcon.colcon_core.package_identification:_identify(src/ur3_demo_cpp) by extension 'ignore'
[0.626s] Level 1:colcon.colcon_core.package_identification:_identify(src/ur3_demo_cpp) by extension 'ignore_ament_install'
[0.626s] Level 1:colcon.colcon_core.package_identification:_identify(src/ur3_demo_cpp) by extensions ['colcon_pkg']
[0.626s] Level 1:colcon.colcon_core.package_identification:_identify(src/ur3_demo_cpp) by extension 'colcon_pkg'
[0.626s] Level 1:colcon.colcon_core.package_identification:_identify(src/ur3_demo_cpp) by extensions ['colcon_meta']
[0.626s] Level 1:colcon.colcon_core.package_identification:_identify(src/ur3_demo_cpp) by extension 'colcon_meta'
[0.626s] Level 1:colcon.colcon_core.package_identification:_identify(src/ur3_demo_cpp) by extensions ['ros']
[0.626s] Level 1:colcon.colcon_core.package_identification:_identify(src/ur3_demo_cpp) by extension 'ros'
[0.628s] DEBUG:colcon.colcon_core.package_identification:Package 'src/ur3_demo_cpp' with type 'ros.ament_cmake' and name 'ur3_demo_cpp'
[0.628s] Level 1:colcon.colcon_core.package_identification:_identify(src/ur_description_local) by extensions ['ignore', 'ignore_ament_install']
[0.628s] Level 1:colcon.colcon_core.package_identification:_identify(src/ur_description_local) by extension 'ignore'
[0.628s] Level 1:colcon.colcon_core.package_identification:_identify(src/ur_description_local) by extension 'ignore_ament_install'
[0.628s] Level 1:colcon.colcon_core.package_identification:_identify(src/ur_description_local) by extensions ['colcon_pkg']
[0.628s] Level 1:colcon.colcon_core.package_identification:_identify(src/ur_description_local) by extension 'colcon_pkg'
[0.628s] Level 1:colcon.colcon_core.package_identification:_identify(src/ur_description_local) by extensions ['colcon_meta']
[0.628s] Level 1:colcon.colcon_core.package_identification:_identify(src/ur_description_local) by extension 'colcon_meta'
[0.628s] Level 1:colcon.colcon_core.package_identification:_identify(src/ur_description_local) by extensions ['ros']
[0.628s] Level 1:colcon.colcon_core.package_identification:_identify(src/ur_description_local) by extension 'ros'
[0.630s] DEBUG:colcon.colcon_core.package_identification:Package 'src/ur_description_local' with type 'ros.ament_cmake' and name 'ur_description_local'
[0.630s] Level 1:colcon.colcon_core.package_identification:_identify(src/ur_gripper_demo) by extensions ['ignore', 'ignore_ament_install']
[0.630s] Level 1:colcon.colcon_core.package_identification:_identify(src/ur_gripper_demo) by extension 'ignore'
[0.630s] Level 1:colcon.colcon_core.package_identification:_identify(src/ur_gripper_demo) by extension 'ignore_ament_install'
[0.630s] Level 1:colcon.colcon_core.package_identification:_identify(src/ur_gripper_demo) by extensions ['colcon_pkg']
[0.631s] Level 1:colcon.colcon_core.package_identification:_identify(src/ur_gripper_demo) by extension 'colcon_pkg'
[0.631s] Level 1:colcon.colcon_core.package_identification:_identify(src/ur_gripper_demo) by extensions ['colcon_meta']
[0.631s] Level 1:colcon.colcon_core.package_identification:_identify(src/ur_gripper_demo) by extension 'colcon_meta'
[0.631s] Level 1:colcon.colcon_core.package_identification:_identify(src/ur_gripper_demo) by extensions ['ros']
[0.631s] Level 1:colcon.colcon_core.package_identification:_identify(src/ur_gripper_demo) by extension 'ros'
[0.632s] DEBUG:colcon.colcon_core.package_identification:Package 'src/ur_gripper_demo' with type 'ros.ament_cmake' and name 'ur_gripper_demo'
[0.632s] Level 1:colcon.colcon_core.package_identification:_identify(src/ur_onrobot) by extensions ['ignore', 'ignore_ament_install']
[0.632s] Level 1:colcon.colcon_core.package_identification:_identify(src/ur_onrobot) by extension 'ignore'
[0.632s] Level 1:colcon.colcon_core.package_identification:_identify(src/ur_onrobot) by extension 'ignore_ament_install'
[0.633s] Level 1:colcon.colcon_core.package_identification:_identify(src/ur_onrobot) by extensions ['colcon_pkg']
[0.633s] Level 1:colcon.colcon_core.package_identification:_identify(src/ur_onrobot) by extension 'colcon_pkg'
[0.633s] Level 1:colcon.colcon_core.package_identification:_identify(src/ur_onrobot) by extensions ['colcon_meta']
[0.633s] Level 1:colcon.colcon_core.package_identification:_identify(src/ur_onrobot) by extension 'colcon_meta'
[0.633s] Level 1:colcon.colcon_core.package_identification:_identify(src/ur_onrobot) by extensions ['ros']
[0.633s] Level 1:colcon.colcon_core.package_identification:_identify(src/ur_onrobot) by extension 'ros'
[0.633s] Level 1:colcon.colcon_core.package_identification:_identify(src/ur_onrobot) by extensions ['cmake', 'python']
[0.633s] Level 1:colcon.colcon_core.package_identification:_identify(src/ur_onrobot) by extension 'cmake'
[0.633s] Level 1:colcon.colcon_core.package_identification:_identify(src/ur_onrobot) by extension 'python'
[0.633s] Level 1:colcon.colcon_core.package_identification:_identify(src/ur_onrobot) by extensions ['python_setup_py']
[0.633s] Level 1:colcon.colcon_core.package_identification:_identify(src/ur_onrobot) by extension 'python_setup_py'
[0.633s] Level 1:colcon.colcon_core.package_identification:_identify(src/ur_onrobot/doc) by extensions ['ignore', 'ignore_ament_install']
[0.633s] Level 1:colcon.colcon_core.package_identification:_identify(src/ur_onrobot/doc) by extension 'ignore'
[0.634s] Level 1:colcon.colcon_core.package_identification:_identify(src/ur_onrobot/doc) by extension 'ignore_ament_install'
[0.634s] Level 1:colcon.colcon_core.package_identification:_identify(src/ur_onrobot/doc) by extensions ['colcon_pkg']
[0.634s] Level 1:colcon.colcon_core.package_identification:_identify(src/ur_onrobot/doc) by extension 'colcon_pkg'
[0.634s] Level 1:colcon.colcon_core.package_identification:_identify(src/ur_onrobot/doc) by extensions ['colcon_meta']
[0.634s] Level 1:colcon.colcon_core.package_identification:_identify(src/ur_onrobot/doc) by extension 'colcon_meta'
[0.634s] Level 1:colcon.colcon_core.package_identification:_identify(src/ur_onrobot/doc) by extensions ['ros']
[0.634s] Level 1:colcon.colcon_core.package_identification:_identify(src/ur_onrobot/doc) by extension 'ros'
[0.634s] Level 1:colcon.colcon_core.package_identification:_identify(src/ur_onrobot/doc) by extensions ['cmake', 'python']
[0.634s] Level 1:colcon.colcon_core.package_identification:_identify(src/ur_onrobot/doc) by extension 'cmake'
[0.634s] Level 1:colcon.colcon_core.package_identification:_identify(src/ur_onrobot/doc) by extension 'python'
[0.634s] Level 1:colcon.colcon_core.package_identification:_identify(src/ur_onrobot/doc) by extensions ['python_setup_py']
[0.634s] Level 1:colcon.colcon_core.package_identification:_identify(src/ur_onrobot/doc) by extension 'python_setup_py'
[0.635s] Level 1:colcon.colcon_core.package_identification:_identify(src/ur_onrobot/doc/images) by extensions ['ignore', 'ignore_ament_install']
[0.635s] Level 1:colcon.colcon_core.package_identification:_identify(src/ur_onrobot/doc/images) by extension 'ignore'
[0.635s] Level 1:colcon.colcon_core.package_identification:_identify(src/ur_onrobot/doc/images) by extension 'ignore_ament_install'
[0.635s] Level 1:colcon.colcon_core.package_identification:_identify(src/ur_onrobot/doc/images) by extensions ['colcon_pkg']
[0.635s] Level 1:colcon.colcon_core.package_identification:_identify(src/ur_onrobot/doc/images) by extension 'colcon_pkg'
[0.635s] Level 1:colcon.colcon_core.package_identification:_identify(src/ur_onrobot/doc/images) by extensions ['colcon_meta']
[0.635s] Level 1:colcon.colcon_core.package_identification:_identify(src/ur_onrobot/doc/images) by extension 'colcon_meta'
[0.635s] Level 1:colcon.colcon_core.package_identification:_identify(src/ur_onrobot/doc/images) by extensions ['ros']
[0.635s] Level 1:colcon.colcon_core.package_identification:_identify(src/ur_onrobot/doc/images) by extension 'ros'
[0.635s] Level 1:colcon.colcon_core.package_identification:_identify(src/ur_onrobot/doc/images) by extensions ['cmake', 'python']
[0.635s] Level 1:colcon.colcon_core.package_identification:_identify(src/ur_onrobot/doc/images) by extension 'cmake'
[0.636s] Level 1:colcon.colcon_core.package_identification:_identify(src/ur_onrobot/doc/images) by extension 'python'
[0.636s] Level 1:colcon.colcon_core.package_identification:_identify(src/ur_onrobot/doc/images) by extensions ['python_setup_py']
[0.636s] Level 1:colcon.colcon_core.package_identification:_identify(src/ur_onrobot/doc/images) by extension 'python_setup_py'
[0.636s] Level 1:colcon.colcon_core.package_identification:_identify(src/ur_onrobot/ur_onrobot_control) by extensions ['ignore', 'ignore_ament_install']
[0.636s] Level 1:colcon.colcon_core.package_identification:_identify(src/ur_onrobot/ur_onrobot_control) by extension 'ignore'
[0.636s] Level 1:colcon.colcon_core.package_identification:_identify(src/ur_onrobot/ur_onrobot_control) by extension 'ignore_ament_install'
[0.636s] Level 1:colcon.colcon_core.package_identification:_identify(src/ur_onrobot/ur_onrobot_control) by extensions ['colcon_pkg']
[0.636s] Level 1:colcon.colcon_core.package_identification:_identify(src/ur_onrobot/ur_onrobot_control) by extension 'colcon_pkg'
[0.636s] Level 1:colcon.colcon_core.package_identification:_identify(src/ur_onrobot/ur_onrobot_control) by extensions ['colcon_meta']
[0.636s] Level 1:colcon.colcon_core.package_identification:_identify(src/ur_onrobot/ur_onrobot_control) by extension 'colcon_meta'
[0.636s] Level 1:colcon.colcon_core.package_identification:_identify(src/ur_onrobot/ur_onrobot_control) by extensions ['ros']
[0.636s] Level 1:colcon.colcon_core.package_identification:_identify(src/ur_onrobot/ur_onrobot_control) by extension 'ros'
[0.638s] DEBUG:colcon.colcon_core.package_identification:Package 'src/ur_onrobot/ur_onrobot_control' with type 'ros.ament_cmake' and name 'ur_onrobot_control'
[0.638s] Level 1:colcon.colcon_core.package_identification:_identify(src/ur_onrobot/ur_onrobot_description) by extensions ['ignore', 'ignore_ament_install']
[0.638s] Level 1:colcon.colcon_core.package_identification:_identify(src/ur_onrobot/ur_onrobot_description) by extension 'ignore'
[0.638s] Level 1:colcon.colcon_core.package_identification:_identify(src/ur_onrobot/ur_onrobot_description) by extension 'ignore_ament_install'
[0.638s] Level 1:colcon.colcon_core.package_identification:_identify(src/ur_onrobot/ur_onrobot_description) by extensions ['colcon_pkg']
[0.638s] Level 1:colcon.colcon_core.package_identification:_identify(src/ur_onrobot/ur_onrobot_description) by extension 'colcon_pkg'
[0.638s] Level 1:colcon.colcon_core.package_identification:_identify(src/ur_onrobot/ur_onrobot_description) by extensions ['colcon_meta']
[0.638s] Level 1:colcon.colcon_core.package_identification:_identify(src/ur_onrobot/ur_onrobot_description) by extension 'colcon_meta'
[0.638s] Level 1:colcon.colcon_core.package_identification:_identify(src/ur_onrobot/ur_onrobot_description) by extensions ['ros']
[0.638s] Level 1:colcon.colcon_core.package_identification:_identify(src/ur_onrobot/ur_onrobot_description) by extension 'ros'
[0.639s] DEBUG:colcon.colcon_core.package_identification:Package 'src/ur_onrobot/ur_onrobot_description' with type 'ros.ament_cmake' and name 'ur_onrobot_description'
[0.640s] Level 1:colcon.colcon_core.package_identification:_identify(src/ur_onrobot/ur_onrobot_moveit_config) by extensions ['ignore', 'ignore_ament_install']
[0.640s] Level 1:colcon.colcon_core.package_identification:_identify(src/ur_onrobot/ur_onrobot_moveit_config) by extension 'ignore'
[0.640s] Level 1:colcon.colcon_core.package_identification:_identify(src/ur_onrobot/ur_onrobot_moveit_config) by extension 'ignore_ament_install'
[0.640s] Level 1:colcon.colcon_core.package_identification:_identify(src/ur_onrobot/ur_onrobot_moveit_config) by extensions ['colcon_pkg']
[0.640s] Level 1:colcon.colcon_core.package_identification:_identify(src/ur_onrobot/ur_onrobot_moveit_config) by extension 'colcon_pkg'
[0.640s] Level 1:colcon.colcon_core.package_identification:_identify(src/ur_onrobot/ur_onrobot_moveit_config) by extensions ['colcon_meta']
[0.640s] Level 1:colcon.colcon_core.package_identification:_identify(src/ur_onrobot/ur_onrobot_moveit_config) by extension 'colcon_meta'
[0.640s] Level 1:colcon.colcon_core.package_identification:_identify(src/ur_onrobot/ur_onrobot_moveit_config) by extensions ['ros']
[0.640s] Level 1:colcon.colcon_core.package_identification:_identify(src/ur_onrobot/ur_onrobot_moveit_config) by extension 'ros'
[0.641s] DEBUG:colcon.colcon_core.package_identification:Package 'src/ur_onrobot/ur_onrobot_moveit_config' with type 'ros.ament_cmake' and name 'ur_onrobot_moveit_config'
[0.641s] Level 1:colcon.colcon_core.package_discovery:discover_packages(recursive) using defaults
[0.642s] Level 1:colcon.colcon_core.package_discovery:discover_packages(ignore) discover
[0.642s] Level 1:colcon.colcon_core.package_discovery:discover_packages(ignore) using defaults
[0.642s] Level 1:colcon.colcon_core.package_discovery:discover_packages(path) discover
[0.642s] Level 1:colcon.colcon_core.package_discovery:discover_packages(path) using defaults
[0.681s] INFO:colcon.colcon_core.package_selection:Skipping not selected package 'object_msgs' in 'src/object_msgs'
[0.681s] INFO:colcon.colcon_core.package_selection:Skipping not selected package 'onrobot_description' in 'src/onrobot_description'
[0.682s] INFO:colcon.colcon_core.package_selection:Skipping not selected package 'ur3_demo_cpp' in 'src/ur3_demo_cpp'
[0.682s] INFO:colcon.colcon_core.package_selection:Skipping not selected package 'ur_description_local' in 'src/ur_description_local'
[0.682s] INFO:colcon.colcon_core.package_selection:Skipping not selected package 'motion_control_subsystem' in 'src/motion_control_subsystem'
[0.682s] INFO:colcon.colcon_core.package_selection:Skipping not selected package 'onrobot_driver' in 'src/onrobot_driver'
[0.682s] INFO:colcon.colcon_core.package_selection:Skipping not selected package 'ur_onrobot_description' in 'src/ur_onrobot/ur_onrobot_description'
[0.682s] INFO:colcon.colcon_core.package_selection:Skipping not selected package 'ur_onrobot_control' in 'src/ur_onrobot/ur_onrobot_control'
[0.682s] INFO:colcon.colcon_core.package_selection:Skipping not selected package 'ur_onrobot_moveit_config' in 'src/ur_onrobot/ur_onrobot_moveit_config'
[0.683s] Level 1:colcon.colcon_core.package_discovery:discover_packages(prefix_path) check parameters
[0.683s] Level 1:colcon.colcon_core.package_discovery:discover_packages(prefix_path) discover
[0.689s] DEBUG:colcon.colcon_installed_package_information.package_discovery:Found 9 installed packages in /home/billy/git/Robotics-Studio-2/install
[0.692s] DEBUG:colcon.colcon_installed_package_information.package_discovery:Found 486 installed packages in /opt/ros/humble
[0.695s] Level 1:colcon.colcon_core.package_discovery:discover_packages(prefix_path) using defaults
[0.770s] Level 5:colcon.colcon_core.verb:set package 'ur_gripper_demo' build argument 'cmake_args' from command line to 'None'
[0.770s] Level 5:colcon.colcon_core.verb:set package 'ur_gripper_demo' build argument 'cmake_target' from command line to 'None'
[0.770s] Level 5:colcon.colcon_core.verb:set package 'ur_gripper_demo' build argument 'cmake_target_skip_unavailable' from command line to 'False'
[0.770s] Level 5:colcon.colcon_core.verb:set package 'ur_gripper_demo' build argument 'cmake_clean_cache' from command line to 'False'
[0.770s] Level 5:colcon.colcon_core.verb:set package 'ur_gripper_demo' build argument 'cmake_clean_first' from command line to 'False'
[0.770s] Level 5:colcon.colcon_core.verb:set package 'ur_gripper_demo' build argument 'cmake_force_configure' from command line to 'False'
[0.770s] Level 5:colcon.colcon_core.verb:set package 'ur_gripper_demo' build argument 'ament_cmake_args' from command line to 'None'
[0.770s] Level 5:colcon.colcon_core.verb:set package 'ur_gripper_demo' build argument 'catkin_cmake_args' from command line to 'None'
[0.770s] Level 5:colcon.colcon_core.verb:set package 'ur_gripper_demo' build argument 'catkin_skip_building_tests' from command line to 'False'
[0.770s] DEBUG:colcon.colcon_core.verb:Building package 'ur_gripper_demo' with the following arguments: {'ament_cmake_args': None, 'build_base': '/home/billy/git/Robotics-Studio-2/build/ur_gripper_demo', 'catkin_cmake_args': None, 'catkin_skip_building_tests': False, 'cmake_args': None, 'cmake_clean_cache': False, 'cmake_clean_first': False, 'cmake_force_configure': False, 'cmake_target': None, 'cmake_target_skip_unavailable': False, 'install_base': '/home/billy/git/Robotics-Studio-2/install/ur_gripper_demo', 'merge_install': False, 'path': '/home/billy/git/Robotics-Studio-2/src/ur_gripper_demo', 'symlink_install': False, 'test_result_base': None}
[0.770s] INFO:colcon.colcon_core.executor:Executing jobs using 'parallel' executor
[0.773s] DEBUG:colcon.colcon_parallel_executor.executor.parallel:run_until_complete
[0.773s] INFO:colcon.colcon_ros.task.ament_cmake.build:Building ROS package in '/home/billy/git/Robotics-Studio-2/src/ur_gripper_demo' with build type 'ament_cmake'
[0.774s] INFO:colcon.colcon_cmake.task.cmake.build:Building CMake package in '/home/billy/git/Robotics-Studio-2/src/ur_gripper_demo'
[0.781s] INFO:colcon.colcon_core.plugin_system:Skipping extension 'colcon_core.shell.bat': Not used on non-Windows systems
[0.781s] INFO:colcon.colcon_core.shell:Skip shell extension 'powershell' for command environment: Not usable outside of PowerShell
[0.781s] DEBUG:colcon.colcon_core.shell:Skip shell extension 'dsv' for command environment
[0.897s] DEBUG:colcon.colcon_core.event_handler.log_command:Invoking command in '/home/billy/git/Robotics-Studio-2/build/ur_gripper_demo': CMAKE_PREFIX_PATH=/home/billy/git/Robotics-Studio-2/install/object_msgs:/home/billy/git/Robotics-Studio-2/install/ur_onrobot_moveit_config:/home/billy/git/Robotics-Studio-2/install/ur_onrobot_control:/home/billy/git/Robotics-Studio-2/install/ur_onrobot_description:/home/billy/git/Robotics-Studio-2/install/ur_gripper_demo:/home/billy/git/Robotics-Studio-2/install/ur_description_local:/home/billy/git/Robotics-Studio-2/install/ur3_demo_cpp:/home/billy/git/Robotics-Studio-2/install/onrobot_driver:/home/billy/git/Robotics-Studio-2/install/onrobot_description:/opt/ros/humble LD_LIBRARY_PATH=/home/billy/git/Robotics-Studio-2/install/object_msgs/lib:/home/billy/git/Robotics-Studio-2/install/onrobot_driver/lib:/usr/lib/x86_64-linux-gnu/gazebo-11/plugins:/opt/ros/humble/opt/rviz_ogre_vendor/lib:/opt/ros/humble/lib/x86_64-linux-gnu:/opt/ros/humble/lib /usr/bin/cmake --build /home/billy/git/Robotics-Studio-2/build/ur_gripper_demo -- -j16 -l16
[45.657s] DEBUG:colcon.colcon_core.event_handler.log_command:Invoked command in '/home/billy/git/Robotics-Studio-2/build/ur_gripper_demo' returned '0': CMAKE_PREFIX_PATH=/home/billy/git/Robotics-Studio-2/install/object_msgs:/home/billy/git/Robotics-Studio-2/install/ur_onrobot_moveit_config:/home/billy/git/Robotics-Studio-2/install/ur_onrobot_control:/home/billy/git/Robotics-Studio-2/install/ur_onrobot_description:/home/billy/git/Robotics-Studio-2/install/ur_gripper_demo:/home/billy/git/Robotics-Studio-2/install/ur_description_local:/home/billy/git/Robotics-Studio-2/install/ur3_demo_cpp:/home/billy/git/Robotics-Studio-2/install/onrobot_driver:/home/billy/git/Robotics-Studio-2/install/onrobot_description:/opt/ros/humble LD_LIBRARY_PATH=/home/billy/git/Robotics-Studio-2/install/object_msgs/lib:/home/billy/git/Robotics-Studio-2/install/onrobot_driver/lib:/usr/lib/x86_64-linux-gnu/gazebo-11/plugins:/opt/ros/humble/opt/rviz_ogre_vendor/lib:/opt/ros/humble/lib/x86_64-linux-gnu:/opt/ros/humble/lib /usr/bin/cmake --build /home/billy/git/Robotics-Studio-2/build/ur_gripper_demo -- -j16 -l16
[45.680s] DEBUG:colcon.colcon_core.event_handler.log_command:Invoking command in '/home/billy/git/Robotics-Studio-2/build/ur_gripper_demo': CMAKE_PREFIX_PATH=/home/billy/git/Robotics-Studio-2/install/object_msgs:/home/billy/git/Robotics-Studio-2/install/ur_onrobot_moveit_config:/home/billy/git/Robotics-Studio-2/install/ur_onrobot_control:/home/billy/git/Robotics-Studio-2/install/ur_onrobot_description:/home/billy/git/Robotics-Studio-2/install/ur_gripper_demo:/home/billy/git/Robotics-Studio-2/install/ur_description_local:/home/billy/git/Robotics-Studio-2/install/ur3_demo_cpp:/home/billy/git/Robotics-Studio-2/install/onrobot_driver:/home/billy/git/Robotics-Studio-2/install/onrobot_description:/opt/ros/humble LD_LIBRARY_PATH=/home/billy/git/Robotics-Studio-2/install/object_msgs/lib:/home/billy/git/Robotics-Studio-2/install/onrobot_driver/lib:/usr/lib/x86_64-linux-gnu/gazebo-11/plugins:/opt/ros/humble/opt/rviz_ogre_vendor/lib:/opt/ros/humble/lib/x86_64-linux-gnu:/opt/ros/humble/lib /usr/bin/cmake --install /home/billy/git/Robotics-Studio-2/build/ur_gripper_demo
[45.791s] Level 1:colcon.colcon_core.environment:create_environment_scripts_only(ur_gripper_demo)
[45.793s] DEBUG:colcon.colcon_core.event_handler.log_command:Invoked command in '/home/billy/git/Robotics-Studio-2/build/ur_gripper_demo' returned '0': CMAKE_PREFIX_PATH=/home/billy/git/Robotics-Studio-2/install/object_msgs:/home/billy/git/Robotics-Studio-2/install/ur_onrobot_moveit_config:/home/billy/git/Robotics-Studio-2/install/ur_onrobot_control:/home/billy/git/Robotics-Studio-2/install/ur_onrobot_description:/home/billy/git/Robotics-Studio-2/install/ur_gripper_demo:/home/billy/git/Robotics-Studio-2/install/ur_description_local:/home/billy/git/Robotics-Studio-2/install/ur3_demo_cpp:/home/billy/git/Robotics-Studio-2/install/onrobot_driver:/home/billy/git/Robotics-Studio-2/install/onrobot_description:/opt/ros/humble LD_LIBRARY_PATH=/home/billy/git/Robotics-Studio-2/install/object_msgs/lib:/home/billy/git/Robotics-Studio-2/install/onrobot_driver/lib:/usr/lib/x86_64-linux-gnu/gazebo-11/plugins:/opt/ros/humble/opt/rviz_ogre_vendor/lib:/opt/ros/humble/lib/x86_64-linux-gnu:/opt/ros/humble/lib /usr/bin/cmake --install /home/billy/git/Robotics-Studio-2/build/ur_gripper_demo
[45.801s] Level 1:colcon.colcon_core.environment:checking '/home/billy/git/Robotics-Studio-2/install/ur_gripper_demo' for CMake module files
[45.802s] Level 1:colcon.colcon_core.environment:checking '/home/billy/git/Robotics-Studio-2/install/ur_gripper_demo' for CMake config files
[45.803s] Level 1:colcon.colcon_core.shell:create_environment_hook('ur_gripper_demo', 'cmake_prefix_path')
[45.804s] INFO:colcon.colcon_core.shell:Creating environment hook '/home/billy/git/Robotics-Studio-2/install/ur_gripper_demo/share/ur_gripper_demo/hook/cmake_prefix_path.ps1'
[45.806s] INFO:colcon.colcon_core.shell:Creating environment descriptor '/home/billy/git/Robotics-Studio-2/install/ur_gripper_demo/share/ur_gripper_demo/hook/cmake_prefix_path.dsv'
[45.807s] INFO:colcon.colcon_core.shell:Creating environment hook '/home/billy/git/Robotics-Studio-2/install/ur_gripper_demo/share/ur_gripper_demo/hook/cmake_prefix_path.sh'
[45.809s] Level 1:colcon.colcon_core.environment:checking '/home/billy/git/Robotics-Studio-2/install/ur_gripper_demo/lib'
[45.809s] Level 1:colcon.colcon_core.environment:checking '/home/billy/git/Robotics-Studio-2/install/ur_gripper_demo/bin'
[45.810s] Level 1:colcon.colcon_core.environment:checking '/home/billy/git/Robotics-Studio-2/install/ur_gripper_demo/lib/pkgconfig/ur_gripper_demo.pc'
[45.810s] Level 1:colcon.colcon_core.environment:checking '/home/billy/git/Robotics-Studio-2/install/ur_gripper_demo/lib/python3.10/site-packages'
[45.811s] Level 1:colcon.colcon_core.environment:checking '/home/billy/git/Robotics-Studio-2/install/ur_gripper_demo/bin'
[45.811s] INFO:colcon.colcon_core.shell:Creating package script '/home/billy/git/Robotics-Studio-2/install/ur_gripper_demo/share/ur_gripper_demo/package.ps1'
[45.813s] INFO:colcon.colcon_core.shell:Creating package descriptor '/home/billy/git/Robotics-Studio-2/install/ur_gripper_demo/share/ur_gripper_demo/package.dsv'
[45.815s] INFO:colcon.colcon_core.shell:Creating package script '/home/billy/git/Robotics-Studio-2/install/ur_gripper_demo/share/ur_gripper_demo/package.sh'
[45.817s] INFO:colcon.colcon_core.shell:Creating package script '/home/billy/git/Robotics-Studio-2/install/ur_gripper_demo/share/ur_gripper_demo/package.bash'
[45.818s] INFO:colcon.colcon_core.shell:Creating package script '/home/billy/git/Robotics-Studio-2/install/ur_gripper_demo/share/ur_gripper_demo/package.zsh'
[45.820s] Level 1:colcon.colcon_core.environment:create_file_with_runtime_dependencies(/home/billy/git/Robotics-Studio-2/install/ur_gripper_demo/share/colcon-core/packages/ur_gripper_demo)
[45.821s] Level 1:colcon.colcon_core.environment:create_environment_scripts_only(ur_gripper_demo)
[45.822s] Level 1:colcon.colcon_core.environment:checking '/home/billy/git/Robotics-Studio-2/install/ur_gripper_demo' for CMake module files
[45.822s] Level 1:colcon.colcon_core.environment:checking '/home/billy/git/Robotics-Studio-2/install/ur_gripper_demo' for CMake config files
[45.823s] Level 1:colcon.colcon_core.shell:create_environment_hook('ur_gripper_demo', 'cmake_prefix_path')
[45.823s] INFO:colcon.colcon_core.shell:Creating environment hook '/home/billy/git/Robotics-Studio-2/install/ur_gripper_demo/share/ur_gripper_demo/hook/cmake_prefix_path.ps1'
[45.824s] INFO:colcon.colcon_core.shell:Creating environment descriptor '/home/billy/git/Robotics-Studio-2/install/ur_gripper_demo/share/ur_gripper_demo/hook/cmake_prefix_path.dsv'
[45.824s] INFO:colcon.colcon_core.shell:Creating environment hook '/home/billy/git/Robotics-Studio-2/install/ur_gripper_demo/share/ur_gripper_demo/hook/cmake_prefix_path.sh'
[45.825s] Level 1:colcon.colcon_core.environment:checking '/home/billy/git/Robotics-Studio-2/install/ur_gripper_demo/lib'
[45.825s] Level 1:colcon.colcon_core.environment:checking '/home/billy/git/Robotics-Studio-2/install/ur_gripper_demo/bin'
[45.825s] Level 1:colcon.colcon_core.environment:checking '/home/billy/git/Robotics-Studio-2/install/ur_gripper_demo/lib/pkgconfig/ur_gripper_demo.pc'
[45.826s] Level 1:colcon.colcon_core.environment:checking '/home/billy/git/Robotics-Studio-2/install/ur_gripper_demo/lib/python3.10/site-packages'
[45.826s] Level 1:colcon.colcon_core.environment:checking '/home/billy/git/Robotics-Studio-2/install/ur_gripper_demo/bin'
[45.826s] INFO:colcon.colcon_core.shell:Creating package script '/home/billy/git/Robotics-Studio-2/install/ur_gripper_demo/share/ur_gripper_demo/package.ps1'
[45.827s] INFO:colcon.colcon_core.shell:Creating package descriptor '/home/billy/git/Robotics-Studio-2/install/ur_gripper_demo/share/ur_gripper_demo/package.dsv'
[45.827s] INFO:colcon.colcon_core.shell:Creating package script '/home/billy/git/Robotics-Studio-2/install/ur_gripper_demo/share/ur_gripper_demo/package.sh'
[45.828s] INFO:colcon.colcon_core.shell:Creating package script '/home/billy/git/Robotics-Studio-2/install/ur_gripper_demo/share/ur_gripper_demo/package.bash'
[45.828s] INFO:colcon.colcon_core.shell:Creating package script '/home/billy/git/Robotics-Studio-2/install/ur_gripper_demo/share/ur_gripper_demo/package.zsh'
[45.829s] Level 1:colcon.colcon_core.environment:create_file_with_runtime_dependencies(/home/billy/git/Robotics-Studio-2/install/ur_gripper_demo/share/colcon-core/packages/ur_gripper_demo)
[45.829s] DEBUG:colcon.colcon_parallel_executor.executor.parallel:closing loop
[45.830s] DEBUG:colcon.colcon_parallel_executor.executor.parallel:loop closed
[45.830s] DEBUG:colcon.colcon_parallel_executor.executor.parallel:run_until_complete finished with '0'
[45.831s] DEBUG:colcon.colcon_core.event_reactor:joining thread
[45.889s] INFO:colcon.colcon_core.plugin_system:Skipping extension 'colcon_notification.desktop_notification.notify_send': Could not find 'notify-send'
[45.889s] INFO:colcon.colcon_core.plugin_system:Skipping extension 'colcon_notification.desktop_notification.terminal_notifier': Not used on non-Darwin systems
[45.889s] INFO:colcon.colcon_core.plugin_system:Skipping extension 'colcon_notification.desktop_notification.win32': Not used on non-Windows systems
[45.889s] INFO:colcon.colcon_notification.desktop_notification:Sending desktop notification using 'notify2'
[45.893s] DEBUG:colcon.colcon_notification.desktop_notification.notify2:Failed to initialize notify2: org.freedesktop.DBus.Error.ServiceUnknown: The name org.freedesktop.Notifications was not provided by any .service files
[45.893s] DEBUG:colcon.colcon_core.event_reactor:joined thread
[45.893s] INFO:colcon.colcon_core.shell:Creating prefix script '/home/billy/git/Robotics-Studio-2/install/local_setup.ps1'
[45.895s] INFO:colcon.colcon_core.shell:Creating prefix util module '/home/billy/git/Robotics-Studio-2/install/_local_setup_util_ps1.py'
[45.896s] INFO:colcon.colcon_core.shell:Creating prefix chain script '/home/billy/git/Robotics-Studio-2/install/setup.ps1'
[45.898s] INFO:colcon.colcon_core.shell:Creating prefix script '/home/billy/git/Robotics-Studio-2/install/local_setup.sh'
[45.900s] INFO:colcon.colcon_core.shell:Creating prefix util module '/home/billy/git/Robotics-Studio-2/install/_local_setup_util_sh.py'
[45.901s] INFO:colcon.colcon_core.shell:Creating prefix chain script '/home/billy/git/Robotics-Studio-2/install/setup.sh'
[45.903s] INFO:colcon.colcon_core.shell:Creating prefix script '/home/billy/git/Robotics-Studio-2/install/local_setup.bash'
[45.904s] INFO:colcon.colcon_core.shell:Creating prefix chain script '/home/billy/git/Robotics-Studio-2/install/setup.bash'
[45.906s] INFO:colcon.colcon_core.shell:Creating prefix script '/home/billy/git/Robotics-Studio-2/install/local_setup.zsh'
[45.908s] INFO:colcon.colcon_core.shell:Creating prefix chain script '/home/billy/git/Robotics-Studio-2/install/setup.zsh'
