[0.056s] Invoking command in '/home/billy/git/Robotics-Studio-2/build/ur_onrobot_description': AMENT_PREFIX_PATH=/home/billy/git/Robotics-Studio-2/install/onrobot_description:${AMENT_PREFIX_PATH} CMAKE_PREFIX_PATH=/home/billy/git/Robotics-Studio-2/install/onrobot_description:/opt/ros/humble /usr/bin/cmake --build /home/billy/git/Robotics-Studio-2/build/ur_onrobot_description -- -j16 -l16
[0.132s] Invoked command in '/home/billy/git/Robotics-Studio-2/build/ur_onrobot_description' returned '0': AMENT_PREFIX_PATH=/home/billy/git/Robotics-Studio-2/install/onrobot_description:${AMENT_PREFIX_PATH} CMAKE_PREFIX_PATH=/home/billy/git/Robotics-Studio-2/install/onrobot_description:/opt/ros/humble /usr/bin/cmake --build /home/billy/git/Robotics-Studio-2/build/ur_onrobot_description -- -j16 -l16
[0.136s] Invoking command in '/home/billy/git/Robotics-Studio-2/build/ur_onrobot_description': AMENT_PREFIX_PATH=/home/billy/git/Robotics-Studio-2/install/onrobot_description:${AMENT_PREFIX_PATH} CMAKE_PREFIX_PATH=/home/billy/git/Robotics-Studio-2/install/onrobot_description:/opt/ros/humble /usr/bin/cmake --install /home/billy/git/Robotics-Studio-2/build/ur_onrobot_description
[0.149s] -- Install configuration: ""
[0.150s] -- Execute custom install script
[0.151s] -- Up-to-date symlink: /home/billy/git/Robotics-Studio-2/install/ur_onrobot_description/share/ur_onrobot_description/launch/view_robot.launch.py
[0.151s] -- Up-to-date symlink: /home/billy/git/Robotics-Studio-2/install/ur_onrobot_description/share/ur_onrobot_description/rviz/view_robot.rviz
[0.152s] -- Up-to-date symlink: /home/billy/git/Robotics-Studio-2/install/ur_onrobot_description/share/ur_onrobot_description/urdf/ur_onrobot.urdf.xacro
[0.152s] -- Up-to-date symlink: /home/billy/git/Robotics-Studio-2/install/ur_onrobot_description/share/ur_onrobot_description/urdf/ur_onrobot_macro.xacro
[0.152s] -- Up-to-date symlink: /home/billy/git/Robotics-Studio-2/install/ur_onrobot_description/share/ament_index/resource_index/package_run_dependencies/ur_onrobot_description
[0.153s] -- Up-to-date symlink: /home/billy/git/Robotics-Studio-2/install/ur_onrobot_description/share/ament_index/resource_index/parent_prefix_path/ur_onrobot_description
[0.153s] -- Up-to-date symlink: /home/billy/git/Robotics-Studio-2/install/ur_onrobot_description/share/ur_onrobot_description/environment/ament_prefix_path.sh
[0.154s] -- Up-to-date symlink: /home/billy/git/Robotics-Studio-2/install/ur_onrobot_description/share/ur_onrobot_description/environment/ament_prefix_path.dsv
[0.154s] -- Up-to-date symlink: /home/billy/git/Robotics-Studio-2/install/ur_onrobot_description/share/ur_onrobot_description/environment/path.sh
[0.154s] -- Up-to-date symlink: /home/billy/git/Robotics-Studio-2/install/ur_onrobot_description/share/ur_onrobot_description/environment/path.dsv
[0.154s] -- Up-to-date symlink: /home/billy/git/Robotics-Studio-2/install/ur_onrobot_description/share/ur_onrobot_description/local_setup.bash
[0.155s] -- Up-to-date symlink: /home/billy/git/Robotics-Studio-2/install/ur_onrobot_description/share/ur_onrobot_description/local_setup.sh
[0.155s] -- Up-to-date symlink: /home/billy/git/Robotics-Studio-2/install/ur_onrobot_description/share/ur_onrobot_description/local_setup.zsh
[0.155s] -- Up-to-date symlink: /home/billy/git/Robotics-Studio-2/install/ur_onrobot_description/share/ur_onrobot_description/local_setup.dsv
[0.156s] -- Symlinking: /home/billy/git/Robotics-Studio-2/install/ur_onrobot_description/share/ur_onrobot_description/package.dsv
[0.176s] -- Up-to-date symlink: /home/billy/git/Robotics-Studio-2/install/ur_onrobot_description/share/ament_index/resource_index/packages/ur_onrobot_description
[0.176s] -- Up-to-date symlink: /home/billy/git/Robotics-Studio-2/install/ur_onrobot_description/share/ur_onrobot_description/cmake/ur_onrobot_descriptionConfig.cmake
[0.176s] -- Up-to-date symlink: /home/billy/git/Robotics-Studio-2/install/ur_onrobot_description/share/ur_onrobot_description/cmake/ur_onrobot_descriptionConfig-version.cmake
[0.177s] -- Up-to-date symlink: /home/billy/git/Robotics-Studio-2/install/ur_onrobot_description/share/ur_onrobot_description/package.xml
[0.181s] Invoked command in '/home/billy/git/Robotics-Studio-2/build/ur_onrobot_description' returned '0': AMENT_PREFIX_PATH=/home/billy/git/Robotics-Studio-2/install/onrobot_description:${AMENT_PREFIX_PATH} CMAKE_PREFIX_PATH=/home/billy/git/Robotics-Studio-2/install/onrobot_description:/opt/ros/humble /usr/bin/cmake --install /home/billy/git/Robotics-Studio-2/build/ur_onrobot_description
