[0.027s] Invoking command in '/home/billy/git/Robotics-Studio-2/build/object_msgs': CMAKE_PREFIX_PATH=${CMAKE_PREFIX_PATH}:/opt/ros/humble /usr/bin/cmake --build /home/billy/git/Robotics-Studio-2/build/object_msgs -- -j16 -l16
[0.142s] [  2%] Built target object_msgs__cpp
[0.148s] [  2%] Built target ament_cmake_python_symlink_object_msgs
[0.160s] [ 12%] Built target object_msgs__rosidl_generator_c
[0.190s] [ 23%] Built target object_msgs__rosidl_typesupport_cpp
[0.195s] [ 43%] Built target object_msgs__rosidl_typesupport_fastrtps_cpp
[0.195s] [ 43%] Built target object_msgs__rosidl_typesupport_introspection_cpp
[0.207s] [ 53%] Built target object_msgs__rosidl_typesupport_c
[0.207s] [ 64%] Built target object_msgs__rosidl_typesupport_introspection_c
[0.212s] [ 74%] Built target object_msgs__rosidl_typesupport_fastrtps_c
[0.248s] [ 74%] Built target object_msgs
[0.282s] [ 76%] Built target object_msgs__py
[0.321s] [ 84%] Built target object_msgs__rosidl_generator_py
[0.361s] [ 97%] Built target object_msgs__rosidl_typesupport_introspection_c__pyext
[0.361s] [ 97%] Built target object_msgs__rosidl_typesupport_c__pyext
[0.361s] [100%] Built target object_msgs__rosidl_typesupport_fastrtps_c__pyext
[0.459s] running egg_info
[0.459s] writing object_msgs.egg-info/PKG-INFO
[0.462s] writing dependency_links to object_msgs.egg-info/dependency_links.txt
[0.462s] writing top-level names to object_msgs.egg-info/top_level.txt
[0.465s] reading manifest file 'object_msgs.egg-info/SOURCES.txt'
[0.467s] writing manifest file 'object_msgs.egg-info/SOURCES.txt'
[0.520s] [100%] Built target ament_cmake_python_build_object_msgs_egg
[0.542s] Invoked command in '/home/billy/git/Robotics-Studio-2/build/object_msgs' returned '0': CMAKE_PREFIX_PATH=${CMAKE_PREFIX_PATH}:/opt/ros/humble /usr/bin/cmake --build /home/billy/git/Robotics-Studio-2/build/object_msgs -- -j16 -l16
[0.548s] Invoking command in '/home/billy/git/Robotics-Studio-2/build/object_msgs': CMAKE_PREFIX_PATH=${CMAKE_PREFIX_PATH}:/opt/ros/humble /usr/bin/cmake --install /home/billy/git/Robotics-Studio-2/build/object_msgs
[0.556s] -- Install configuration: ""
[0.557s] -- Execute custom install script
[0.560s] -- Symlinking: /home/billy/git/Robotics-Studio-2/install/object_msgs/share/ament_index/resource_index/rosidl_interfaces/object_msgs
[0.576s] -- Symlinking: /home/billy/git/Robotics-Studio-2/install/object_msgs/include/object_msgs/object_msgs/msg/detail/object__functions.h
[0.588s] -- Symlinking: /home/billy/git/Robotics-Studio-2/install/object_msgs/include/object_msgs/object_msgs/msg/detail/object__struct.h
[0.600s] -- Symlinking: /home/billy/git/Robotics-Studio-2/install/object_msgs/include/object_msgs/object_msgs/msg/detail/object__type_support.h
[0.612s] -- Symlinking: /home/billy/git/Robotics-Studio-2/install/object_msgs/include/object_msgs/object_msgs/msg/detail/object_array__functions.h
[0.626s] -- Symlinking: /home/billy/git/Robotics-Studio-2/install/object_msgs/include/object_msgs/object_msgs/msg/detail/object_array__struct.h
[0.638s] -- Symlinking: /home/billy/git/Robotics-Studio-2/install/object_msgs/include/object_msgs/object_msgs/msg/detail/object_array__type_support.h
[0.649s] -- Symlinking: /home/billy/git/Robotics-Studio-2/install/object_msgs/include/object_msgs/object_msgs/msg/object.h
[0.660s] -- Symlinking: /home/billy/git/Robotics-Studio-2/install/object_msgs/include/object_msgs/object_msgs/msg/object_array.h
[0.672s] -- Symlinking: /home/billy/git/Robotics-Studio-2/install/object_msgs/include/object_msgs/object_msgs/msg/rosidl_generator_c__visibility_control.h
[0.685s] -- Symlinking: /home/billy/git/Robotics-Studio-2/install/object_msgs/share/object_msgs/environment/library_path.sh
[0.696s] -- Symlinking: /home/billy/git/Robotics-Studio-2/install/object_msgs/share/object_msgs/environment/library_path.dsv
[0.710s] -- Symlinking: /home/billy/git/Robotics-Studio-2/install/object_msgs/include/object_msgs/object_msgs/msg/detail/object__rosidl_typesupport_fastrtps_c.h
[0.724s] -- Symlinking: /home/billy/git/Robotics-Studio-2/install/object_msgs/include/object_msgs/object_msgs/msg/detail/object_array__rosidl_typesupport_fastrtps_c.h
[0.737s] -- Symlinking: /home/billy/git/Robotics-Studio-2/install/object_msgs/include/object_msgs/object_msgs/msg/rosidl_typesupport_fastrtps_c__visibility_control.h
[0.751s] -- Symlinking: /home/billy/git/Robotics-Studio-2/install/object_msgs/include/object_msgs/object_msgs/msg/detail/object__rosidl_typesupport_introspection_c.h
[0.761s] -- Symlinking: /home/billy/git/Robotics-Studio-2/install/object_msgs/include/object_msgs/object_msgs/msg/detail/object_array__rosidl_typesupport_introspection_c.h
[0.773s] -- Symlinking: /home/billy/git/Robotics-Studio-2/install/object_msgs/include/object_msgs/object_msgs/msg/rosidl_typesupport_introspection_c__visibility_control.h
[0.785s] -- Symlinking: /home/billy/git/Robotics-Studio-2/install/object_msgs/include/object_msgs/object_msgs/msg/detail/object__builder.hpp
[0.797s] -- Symlinking: /home/billy/git/Robotics-Studio-2/install/object_msgs/include/object_msgs/object_msgs/msg/detail/object__struct.hpp
[0.808s] -- Symlinking: /home/billy/git/Robotics-Studio-2/install/object_msgs/include/object_msgs/object_msgs/msg/detail/object__traits.hpp
[0.819s] -- Symlinking: /home/billy/git/Robotics-Studio-2/install/object_msgs/include/object_msgs/object_msgs/msg/detail/object__type_support.hpp
[0.830s] -- Symlinking: /home/billy/git/Robotics-Studio-2/install/object_msgs/include/object_msgs/object_msgs/msg/detail/object_array__builder.hpp
[0.841s] -- Symlinking: /home/billy/git/Robotics-Studio-2/install/object_msgs/include/object_msgs/object_msgs/msg/detail/object_array__struct.hpp
[0.852s] -- Symlinking: /home/billy/git/Robotics-Studio-2/install/object_msgs/include/object_msgs/object_msgs/msg/detail/object_array__traits.hpp
[0.862s] -- Symlinking: /home/billy/git/Robotics-Studio-2/install/object_msgs/include/object_msgs/object_msgs/msg/detail/object_array__type_support.hpp
[0.872s] -- Symlinking: /home/billy/git/Robotics-Studio-2/install/object_msgs/include/object_msgs/object_msgs/msg/object.hpp
[0.883s] -- Symlinking: /home/billy/git/Robotics-Studio-2/install/object_msgs/include/object_msgs/object_msgs/msg/object_array.hpp
[0.896s] -- Symlinking: /home/billy/git/Robotics-Studio-2/install/object_msgs/include/object_msgs/object_msgs/msg/rosidl_generator_cpp__visibility_control.hpp
[0.906s] -- Symlinking: /home/billy/git/Robotics-Studio-2/install/object_msgs/include/object_msgs/object_msgs/msg/detail/object__rosidl_typesupport_fastrtps_cpp.hpp
[0.916s] -- Symlinking: /home/billy/git/Robotics-Studio-2/install/object_msgs/include/object_msgs/object_msgs/msg/detail/object_array__rosidl_typesupport_fastrtps_cpp.hpp
[0.928s] -- Symlinking: /home/billy/git/Robotics-Studio-2/install/object_msgs/include/object_msgs/object_msgs/msg/rosidl_typesupport_fastrtps_cpp__visibility_control.h
[0.938s] -- Symlinking: /home/billy/git/Robotics-Studio-2/install/object_msgs/include/object_msgs/object_msgs/msg/detail/object__rosidl_typesupport_introspection_cpp.hpp
[0.949s] -- Symlinking: /home/billy/git/Robotics-Studio-2/install/object_msgs/include/object_msgs/object_msgs/msg/detail/object_array__rosidl_typesupport_introspection_cpp.hpp
[0.960s] -- Symlinking: /home/billy/git/Robotics-Studio-2/install/object_msgs/share/object_msgs/environment/pythonpath.sh
[0.972s] -- Symlinking: /home/billy/git/Robotics-Studio-2/install/object_msgs/share/object_msgs/environment/pythonpath.dsv
[0.985s] -- Symlinking: /home/billy/git/Robotics-Studio-2/install/object_msgs/local/lib/python3.10/dist-packages/object_msgs-0.0.1-py3.10.egg-info/PKG-INFO
[1.000s] -- Symlinking: /home/billy/git/Robotics-Studio-2/install/object_msgs/local/lib/python3.10/dist-packages/object_msgs-0.0.1-py3.10.egg-info/SOURCES.txt
[1.011s] -- Symlinking: /home/billy/git/Robotics-Studio-2/install/object_msgs/local/lib/python3.10/dist-packages/object_msgs-0.0.1-py3.10.egg-info/dependency_links.txt
[1.025s] -- Symlinking: /home/billy/git/Robotics-Studio-2/install/object_msgs/local/lib/python3.10/dist-packages/object_msgs-0.0.1-py3.10.egg-info/top_level.txt
[1.041s] -- Symlinking: /home/billy/git/Robotics-Studio-2/install/object_msgs/local/lib/python3.10/dist-packages/object_msgs/__init__.py
[1.055s] -- Symlinking: /home/billy/git/Robotics-Studio-2/install/object_msgs/local/lib/python3.10/dist-packages/object_msgs/_object_msgs_s.ep.rosidl_typesupport_c.c
[1.067s] -- Symlinking: /home/billy/git/Robotics-Studio-2/install/object_msgs/local/lib/python3.10/dist-packages/object_msgs/_object_msgs_s.ep.rosidl_typesupport_fastrtps_c.c
[1.077s] -- Symlinking: /home/billy/git/Robotics-Studio-2/install/object_msgs/local/lib/python3.10/dist-packages/object_msgs/_object_msgs_s.ep.rosidl_typesupport_introspection_c.c
[1.088s] -- Symlinking: /home/billy/git/Robotics-Studio-2/install/object_msgs/local/lib/python3.10/dist-packages/object_msgs/libobject_msgs__rosidl_generator_py.so
[1.100s] -- Symlinking: /home/billy/git/Robotics-Studio-2/install/object_msgs/local/lib/python3.10/dist-packages/object_msgs/msg/__init__.py
[1.113s] -- Symlinking: /home/billy/git/Robotics-Studio-2/install/object_msgs/local/lib/python3.10/dist-packages/object_msgs/msg/_object.py
[1.125s] -- Symlinking: /home/billy/git/Robotics-Studio-2/install/object_msgs/local/lib/python3.10/dist-packages/object_msgs/msg/_object_array.py
[1.136s] -- Symlinking: /home/billy/git/Robotics-Studio-2/install/object_msgs/local/lib/python3.10/dist-packages/object_msgs/msg/_object_array_s.c
[1.147s] -- Symlinking: /home/billy/git/Robotics-Studio-2/install/object_msgs/local/lib/python3.10/dist-packages/object_msgs/msg/_object_s.c
[1.159s] -- Symlinking: /home/billy/git/Robotics-Studio-2/install/object_msgs/local/lib/python3.10/dist-packages/object_msgs/object_msgs_s__rosidl_typesupport_c.cpython-310-x86_64-linux-gnu.so
[1.171s] -- Symlinking: /home/billy/git/Robotics-Studio-2/install/object_msgs/local/lib/python3.10/dist-packages/object_msgs/object_msgs_s__rosidl_typesupport_fastrtps_c.cpython-310-x86_64-linux-gnu.so
[1.184s] -- Symlinking: /home/billy/git/Robotics-Studio-2/install/object_msgs/local/lib/python3.10/dist-packages/object_msgs/object_msgs_s__rosidl_typesupport_introspection_c.cpython-310-x86_64-linux-gnu.so
[1.198s] -- Up-to-date symlink: /home/billy/git/Robotics-Studio-2/install/object_msgs/local/lib/python3.10/dist-packages/object_msgs/object_msgs_s__rosidl_typesupport_fastrtps_c.cpython-310-x86_64-linux-gnu.so
[1.199s] -- Up-to-date symlink: /home/billy/git/Robotics-Studio-2/install/object_msgs/local/lib/python3.10/dist-packages/object_msgs/object_msgs_s__rosidl_typesupport_introspection_c.cpython-310-x86_64-linux-gnu.so
[1.199s] -- Up-to-date symlink: /home/billy/git/Robotics-Studio-2/install/object_msgs/local/lib/python3.10/dist-packages/object_msgs/object_msgs_s__rosidl_typesupport_c.cpython-310-x86_64-linux-gnu.so
[1.200s] -- Symlinking: /home/billy/git/Robotics-Studio-2/install/object_msgs/share/object_msgs/msg/Object.idl
[1.218s] -- Symlinking: /home/billy/git/Robotics-Studio-2/install/object_msgs/share/object_msgs/msg/ObjectArray.idl
[1.232s] -- Symlinking: /home/billy/git/Robotics-Studio-2/install/object_msgs/share/object_msgs/msg/Object.msg
[1.245s] -- Symlinking: /home/billy/git/Robotics-Studio-2/install/object_msgs/share/object_msgs/msg/ObjectArray.msg
[1.260s] -- Symlinking: /home/billy/git/Robotics-Studio-2/install/object_msgs/share/ament_index/resource_index/package_run_dependencies/object_msgs
[1.274s] -- Symlinking: /home/billy/git/Robotics-Studio-2/install/object_msgs/share/ament_index/resource_index/parent_prefix_path/object_msgs
[1.287s] -- Symlinking: /home/billy/git/Robotics-Studio-2/install/object_msgs/share/object_msgs/environment/ament_prefix_path.sh
[1.298s] -- Symlinking: /home/billy/git/Robotics-Studio-2/install/object_msgs/share/object_msgs/environment/ament_prefix_path.dsv
[1.310s] -- Symlinking: /home/billy/git/Robotics-Studio-2/install/object_msgs/share/object_msgs/environment/path.sh
[1.322s] -- Symlinking: /home/billy/git/Robotics-Studio-2/install/object_msgs/share/object_msgs/environment/path.dsv
[1.334s] -- Symlinking: /home/billy/git/Robotics-Studio-2/install/object_msgs/share/object_msgs/local_setup.bash
[1.345s] -- Symlinking: /home/billy/git/Robotics-Studio-2/install/object_msgs/share/object_msgs/local_setup.sh
[1.356s] -- Symlinking: /home/billy/git/Robotics-Studio-2/install/object_msgs/share/object_msgs/local_setup.zsh
[1.368s] -- Symlinking: /home/billy/git/Robotics-Studio-2/install/object_msgs/share/object_msgs/local_setup.dsv
[1.379s] -- Symlinking: /home/billy/git/Robotics-Studio-2/install/object_msgs/share/object_msgs/package.dsv
[1.392s] -- Symlinking: /home/billy/git/Robotics-Studio-2/install/object_msgs/share/ament_index/resource_index/packages/object_msgs
[1.406s] -- Symlinking: /home/billy/git/Robotics-Studio-2/install/object_msgs/share/object_msgs/cmake/rosidl_cmake-extras.cmake
[1.418s] -- Symlinking: /home/billy/git/Robotics-Studio-2/install/object_msgs/share/object_msgs/cmake/ament_cmake_export_dependencies-extras.cmake
[1.430s] -- Symlinking: /home/billy/git/Robotics-Studio-2/install/object_msgs/share/object_msgs/cmake/ament_cmake_export_include_directories-extras.cmake
[1.443s] -- Symlinking: /home/billy/git/Robotics-Studio-2/install/object_msgs/share/object_msgs/cmake/ament_cmake_export_libraries-extras.cmake
[1.455s] -- Symlinking: /home/billy/git/Robotics-Studio-2/install/object_msgs/share/object_msgs/cmake/ament_cmake_export_targets-extras.cmake
[1.467s] -- Symlinking: /home/billy/git/Robotics-Studio-2/install/object_msgs/share/object_msgs/cmake/rosidl_cmake_export_typesupport_targets-extras.cmake
[1.479s] -- Symlinking: /home/billy/git/Robotics-Studio-2/install/object_msgs/share/object_msgs/cmake/rosidl_cmake_export_typesupport_libraries-extras.cmake
[1.492s] -- Symlinking: /home/billy/git/Robotics-Studio-2/install/object_msgs/share/object_msgs/cmake/object_msgsConfig.cmake
[1.505s] -- Symlinking: /home/billy/git/Robotics-Studio-2/install/object_msgs/share/object_msgs/cmake/object_msgsConfig-version.cmake
[1.517s] -- Symlinking: /home/billy/git/Robotics-Studio-2/install/object_msgs/share/object_msgs/package.xml
[1.531s] -- Installing: /home/billy/git/Robotics-Studio-2/install/object_msgs/lib/libobject_msgs__rosidl_generator_c.so
[1.537s] -- Set runtime path of "/home/billy/git/Robotics-Studio-2/install/object_msgs/lib/libobject_msgs__rosidl_generator_c.so" to ""
[1.537s] -- Installing: /home/billy/git/Robotics-Studio-2/install/object_msgs/lib/libobject_msgs__rosidl_typesupport_fastrtps_c.so
[1.538s] -- Set runtime path of "/home/billy/git/Robotics-Studio-2/install/object_msgs/lib/libobject_msgs__rosidl_typesupport_fastrtps_c.so" to ""
[1.538s] -- Installing: /home/billy/git/Robotics-Studio-2/install/object_msgs/lib/libobject_msgs__rosidl_typesupport_introspection_c.so
[1.539s] -- Set runtime path of "/home/billy/git/Robotics-Studio-2/install/object_msgs/lib/libobject_msgs__rosidl_typesupport_introspection_c.so" to ""
[1.540s] -- Installing: /home/billy/git/Robotics-Studio-2/install/object_msgs/lib/libobject_msgs__rosidl_typesupport_c.so
[1.541s] -- Set runtime path of "/home/billy/git/Robotics-Studio-2/install/object_msgs/lib/libobject_msgs__rosidl_typesupport_c.so" to ""
[1.541s] -- Installing: /home/billy/git/Robotics-Studio-2/install/object_msgs/lib/libobject_msgs__rosidl_typesupport_fastrtps_cpp.so
[1.544s] -- Set runtime path of "/home/billy/git/Robotics-Studio-2/install/object_msgs/lib/libobject_msgs__rosidl_typesupport_fastrtps_cpp.so" to ""
[1.544s] -- Installing: /home/billy/git/Robotics-Studio-2/install/object_msgs/lib/libobject_msgs__rosidl_typesupport_introspection_cpp.so
[1.545s] -- Set runtime path of "/home/billy/git/Robotics-Studio-2/install/object_msgs/lib/libobject_msgs__rosidl_typesupport_introspection_cpp.so" to ""
[1.545s] -- Installing: /home/billy/git/Robotics-Studio-2/install/object_msgs/lib/libobject_msgs__rosidl_typesupport_cpp.so
[1.546s] -- Set runtime path of "/home/billy/git/Robotics-Studio-2/install/object_msgs/lib/libobject_msgs__rosidl_typesupport_cpp.so" to ""
[1.589s] Listing '/home/billy/git/Robotics-Studio-2/install/object_msgs/local/lib/python3.10/dist-packages/object_msgs'...
[1.589s] Compiling '/home/billy/git/Robotics-Studio-2/install/object_msgs/local/lib/python3.10/dist-packages/object_msgs/__init__.py'...
[1.589s] Listing '/home/billy/git/Robotics-Studio-2/install/object_msgs/local/lib/python3.10/dist-packages/object_msgs/msg'...
[1.589s] Compiling '/home/billy/git/Robotics-Studio-2/install/object_msgs/local/lib/python3.10/dist-packages/object_msgs/msg/__init__.py'...
[1.589s] Compiling '/home/billy/git/Robotics-Studio-2/install/object_msgs/local/lib/python3.10/dist-packages/object_msgs/msg/_object.py'...
[1.589s] Compiling '/home/billy/git/Robotics-Studio-2/install/object_msgs/local/lib/python3.10/dist-packages/object_msgs/msg/_object_array.py'...
[1.595s] -- Installing: /home/billy/git/Robotics-Studio-2/install/object_msgs/lib/libobject_msgs__rosidl_generator_py.so
[1.596s] -- Set runtime path of "/home/billy/git/Robotics-Studio-2/install/object_msgs/lib/libobject_msgs__rosidl_generator_py.so" to ""
[1.596s] -- Installing: /home/billy/git/Robotics-Studio-2/install/object_msgs/share/object_msgs/cmake/export_object_msgs__rosidl_generator_cExport.cmake
[1.597s] -- Installing: /home/billy/git/Robotics-Studio-2/install/object_msgs/share/object_msgs/cmake/export_object_msgs__rosidl_generator_cExport-noconfig.cmake
[1.598s] -- Installing: /home/billy/git/Robotics-Studio-2/install/object_msgs/share/object_msgs/cmake/export_object_msgs__rosidl_typesupport_fastrtps_cExport.cmake
[1.599s] -- Installing: /home/billy/git/Robotics-Studio-2/install/object_msgs/share/object_msgs/cmake/export_object_msgs__rosidl_typesupport_fastrtps_cExport-noconfig.cmake
[1.600s] -- Installing: /home/billy/git/Robotics-Studio-2/install/object_msgs/share/object_msgs/cmake/object_msgs__rosidl_typesupport_introspection_cExport.cmake
[1.600s] -- Installing: /home/billy/git/Robotics-Studio-2/install/object_msgs/share/object_msgs/cmake/object_msgs__rosidl_typesupport_introspection_cExport-noconfig.cmake
[1.601s] -- Installing: /home/billy/git/Robotics-Studio-2/install/object_msgs/share/object_msgs/cmake/object_msgs__rosidl_typesupport_cExport.cmake
[1.602s] -- Installing: /home/billy/git/Robotics-Studio-2/install/object_msgs/share/object_msgs/cmake/object_msgs__rosidl_typesupport_cExport-noconfig.cmake
[1.604s] -- Installing: /home/billy/git/Robotics-Studio-2/install/object_msgs/share/object_msgs/cmake/export_object_msgs__rosidl_generator_cppExport.cmake
[1.604s] -- Installing: /home/billy/git/Robotics-Studio-2/install/object_msgs/share/object_msgs/cmake/export_object_msgs__rosidl_typesupport_fastrtps_cppExport.cmake
[1.605s] -- Installing: /home/billy/git/Robotics-Studio-2/install/object_msgs/share/object_msgs/cmake/export_object_msgs__rosidl_typesupport_fastrtps_cppExport-noconfig.cmake
[1.606s] -- Installing: /home/billy/git/Robotics-Studio-2/install/object_msgs/share/object_msgs/cmake/object_msgs__rosidl_typesupport_introspection_cppExport.cmake
[1.607s] -- Installing: /home/billy/git/Robotics-Studio-2/install/object_msgs/share/object_msgs/cmake/object_msgs__rosidl_typesupport_introspection_cppExport-noconfig.cmake
[1.607s] -- Installing: /home/billy/git/Robotics-Studio-2/install/object_msgs/share/object_msgs/cmake/object_msgs__rosidl_typesupport_cppExport.cmake
[1.608s] -- Installing: /home/billy/git/Robotics-Studio-2/install/object_msgs/share/object_msgs/cmake/object_msgs__rosidl_typesupport_cppExport-noconfig.cmake
[1.608s] -- Installing: /home/billy/git/Robotics-Studio-2/install/object_msgs/share/object_msgs/cmake/export_object_msgs__rosidl_generator_pyExport.cmake
[1.609s] -- Installing: /home/billy/git/Robotics-Studio-2/install/object_msgs/share/object_msgs/cmake/export_object_msgs__rosidl_generator_pyExport-noconfig.cmake
[1.616s] Invoked command in '/home/billy/git/Robotics-Studio-2/build/object_msgs' returned '0': CMAKE_PREFIX_PATH=${CMAKE_PREFIX_PATH}:/opt/ros/humble /usr/bin/cmake --install /home/billy/git/Robotics-Studio-2/build/object_msgs
