[0.076s] Invoking command in '/home/billy/git/Robotics-Studio-2/build/ur_gripper_demo': CMAKE_PREFIX_PATH=/home/billy/git/Robotics-Studio-2/install/object_msgs:/home/billy/git/Robotics-Studio-2/install/ur_onrobot_moveit_config:/home/billy/git/Robotics-Studio-2/install/ur_onrobot_control:/home/billy/git/Robotics-Studio-2/install/ur_onrobot_description:/home/billy/git/Robotics-Studio-2/install/ur_gripper_demo:/home/billy/git/Robotics-Studio-2/install/ur_description_local:/home/billy/git/Robotics-Studio-2/install/ur3_demo_cpp:/home/billy/git/Robotics-Studio-2/install/moveit_task_constructor_visualization:/home/billy/git/Robotics-Studio-2/install/moveit_task_constructor_demo:/home/billy/git/Robotics-Studio-2/install/moveit_task_constructor_capabilities:/home/billy/git/Robotics-Studio-2/install/moveit_task_constructor_core:/home/billy/git/Robotics-Studio-2/install/rviz_marker_tools:/home/billy/git/Robotics-Studio-2/install/onrobot_driver:/home/billy/git/Robotics-Studio-2/install/onrobot_description:/home/billy/git/Robotics-Studio-2/install/moveit_task_constructor_msgs:/opt/ros/humble LD_LIBRARY_PATH=/home/billy/git/Robotics-Studio-2/install/object_msgs/lib:/home/billy/git/Robotics-Studio-2/install/moveit_task_constructor_visualization/lib:/home/billy/git/Robotics-Studio-2/install/moveit_task_constructor_demo/lib:/home/billy/git/Robotics-Studio-2/install/moveit_task_constructor_capabilities/lib:/home/billy/git/Robotics-Studio-2/install/moveit_task_constructor_core/lib:/home/billy/git/Robotics-Studio-2/install/rviz_marker_tools/lib:/home/billy/git/Robotics-Studio-2/install/onrobot_driver/lib:/home/billy/git/Robotics-Studio-2/install/moveit_task_constructor_msgs/lib:/usr/lib/x86_64-linux-gnu/gazebo-11/plugins:/opt/ros/humble/opt/rviz_ogre_vendor/lib:/opt/ros/humble/lib/x86_64-linux-gnu:/opt/ros/humble/lib /usr/bin/cmake --build /home/billy/git/Robotics-Studio-2/build/ur_gripper_demo -- -j16 -l16
[0.171s] [35m[1mConsolidate compiler generated dependencies of target gripper_pick_place[0m
[0.193s] [  0%] Built target ament_cmake_python_symlink_ur_gripper_demo
[0.204s] [ 50%] Built target gripper_demo_node
[0.229s] [ 75%] [32mBuilding CXX object CMakeFiles/gripper_pick_place.dir/src/pick_n_place_try2_1.cpp.o[0m
[0.436s] running egg_info
[0.437s] writing ur_gripper_demo.egg-info/PKG-INFO
[0.437s] writing dependency_links to ur_gripper_demo.egg-info/dependency_links.txt
[0.437s] writing top-level names to ur_gripper_demo.egg-info/top_level.txt
[0.442s] reading manifest file 'ur_gripper_demo.egg-info/SOURCES.txt'
[0.442s] writing manifest file 'ur_gripper_demo.egg-info/SOURCES.txt'
[0.482s] [ 75%] Built target ament_cmake_python_build_ur_gripper_demo_egg
[28.697s] [100%] [32m[1mLinking CXX executable gripper_pick_place[0m
[30.926s] [100%] Built target gripper_pick_place
[30.944s] Invoked command in '/home/billy/git/Robotics-Studio-2/build/ur_gripper_demo' returned '0': CMAKE_PREFIX_PATH=/home/billy/git/Robotics-Studio-2/install/object_msgs:/home/billy/git/Robotics-Studio-2/install/ur_onrobot_moveit_config:/home/billy/git/Robotics-Studio-2/install/ur_onrobot_control:/home/billy/git/Robotics-Studio-2/install/ur_onrobot_description:/home/billy/git/Robotics-Studio-2/install/ur_gripper_demo:/home/billy/git/Robotics-Studio-2/install/ur_description_local:/home/billy/git/Robotics-Studio-2/install/ur3_demo_cpp:/home/billy/git/Robotics-Studio-2/install/moveit_task_constructor_visualization:/home/billy/git/Robotics-Studio-2/install/moveit_task_constructor_demo:/home/billy/git/Robotics-Studio-2/install/moveit_task_constructor_capabilities:/home/billy/git/Robotics-Studio-2/install/moveit_task_constructor_core:/home/billy/git/Robotics-Studio-2/install/rviz_marker_tools:/home/billy/git/Robotics-Studio-2/install/onrobot_driver:/home/billy/git/Robotics-Studio-2/install/onrobot_description:/home/billy/git/Robotics-Studio-2/install/moveit_task_constructor_msgs:/opt/ros/humble LD_LIBRARY_PATH=/home/billy/git/Robotics-Studio-2/install/object_msgs/lib:/home/billy/git/Robotics-Studio-2/install/moveit_task_constructor_visualization/lib:/home/billy/git/Robotics-Studio-2/install/moveit_task_constructor_demo/lib:/home/billy/git/Robotics-Studio-2/install/moveit_task_constructor_capabilities/lib:/home/billy/git/Robotics-Studio-2/install/moveit_task_constructor_core/lib:/home/billy/git/Robotics-Studio-2/install/rviz_marker_tools/lib:/home/billy/git/Robotics-Studio-2/install/onrobot_driver/lib:/home/billy/git/Robotics-Studio-2/install/moveit_task_constructor_msgs/lib:/usr/lib/x86_64-linux-gnu/gazebo-11/plugins:/opt/ros/humble/opt/rviz_ogre_vendor/lib:/opt/ros/humble/lib/x86_64-linux-gnu:/opt/ros/humble/lib /usr/bin/cmake --build /home/billy/git/Robotics-Studio-2/build/ur_gripper_demo -- -j16 -l16
[30.958s] Invoking command in '/home/billy/git/Robotics-Studio-2/build/ur_gripper_demo': CMAKE_PREFIX_PATH=/home/billy/git/Robotics-Studio-2/install/object_msgs:/home/billy/git/Robotics-Studio-2/install/ur_onrobot_moveit_config:/home/billy/git/Robotics-Studio-2/install/ur_onrobot_control:/home/billy/git/Robotics-Studio-2/install/ur_onrobot_description:/home/billy/git/Robotics-Studio-2/install/ur_gripper_demo:/home/billy/git/Robotics-Studio-2/install/ur_description_local:/home/billy/git/Robotics-Studio-2/install/ur3_demo_cpp:/home/billy/git/Robotics-Studio-2/install/moveit_task_constructor_visualization:/home/billy/git/Robotics-Studio-2/install/moveit_task_constructor_demo:/home/billy/git/Robotics-Studio-2/install/moveit_task_constructor_capabilities:/home/billy/git/Robotics-Studio-2/install/moveit_task_constructor_core:/home/billy/git/Robotics-Studio-2/install/rviz_marker_tools:/home/billy/git/Robotics-Studio-2/install/onrobot_driver:/home/billy/git/Robotics-Studio-2/install/onrobot_description:/home/billy/git/Robotics-Studio-2/install/moveit_task_constructor_msgs:/opt/ros/humble LD_LIBRARY_PATH=/home/billy/git/Robotics-Studio-2/install/object_msgs/lib:/home/billy/git/Robotics-Studio-2/install/moveit_task_constructor_visualization/lib:/home/billy/git/Robotics-Studio-2/install/moveit_task_constructor_demo/lib:/home/billy/git/Robotics-Studio-2/install/moveit_task_constructor_capabilities/lib:/home/billy/git/Robotics-Studio-2/install/moveit_task_constructor_core/lib:/home/billy/git/Robotics-Studio-2/install/rviz_marker_tools/lib:/home/billy/git/Robotics-Studio-2/install/onrobot_driver/lib:/home/billy/git/Robotics-Studio-2/install/moveit_task_constructor_msgs/lib:/usr/lib/x86_64-linux-gnu/gazebo-11/plugins:/opt/ros/humble/opt/rviz_ogre_vendor/lib:/opt/ros/humble/lib/x86_64-linux-gnu:/opt/ros/humble/lib /usr/bin/cmake --install /home/billy/git/Robotics-Studio-2/build/ur_gripper_demo
[30.967s] -- Install configuration: ""
[30.968s] -- Execute custom install script
[30.969s] -- Up-to-date symlink: /home/billy/git/Robotics-Studio-2/install/ur_gripper_demo/share/ur_gripper_demo/environment/pythonpath.sh
[30.969s] -- Up-to-date symlink: /home/billy/git/Robotics-Studio-2/install/ur_gripper_demo/share/ur_gripper_demo/environment/pythonpath.dsv
[30.970s] -- Up-to-date symlink: /home/billy/git/Robotics-Studio-2/install/ur_gripper_demo/local/lib/python3.10/dist-packages/ur_gripper_demo-0.0.0-py3.10.egg-info/PKG-INFO
[30.970s] -- Up-to-date symlink: /home/billy/git/Robotics-Studio-2/install/ur_gripper_demo/local/lib/python3.10/dist-packages/ur_gripper_demo-0.0.0-py3.10.egg-info/SOURCES.txt
[30.971s] -- Up-to-date symlink: /home/billy/git/Robotics-Studio-2/install/ur_gripper_demo/local/lib/python3.10/dist-packages/ur_gripper_demo-0.0.0-py3.10.egg-info/dependency_links.txt
[30.971s] -- Up-to-date symlink: /home/billy/git/Robotics-Studio-2/install/ur_gripper_demo/local/lib/python3.10/dist-packages/ur_gripper_demo-0.0.0-py3.10.egg-info/top_level.txt
[30.972s] [33mCMake Warning (dev) at ament_cmake_symlink_install/ament_cmake_symlink_install.cmake:67 (file):
[30.972s]   Policy CMP0009 is not set: FILE GLOB_RECURSE calls should not follow
[30.972s]   symlinks by default.  Run "cmake --help-policy CMP0009" for policy details.
[30.972s]   Use the cmake_policy command to set the policy and suppress this warning.
[30.972s] Call Stack (most recent call first):
[30.972s]   ament_cmake_symlink_install/ament_cmake_symlink_install.cmake:328 (ament_cmake_symlink_install_directory)
[30.972s]   cmake_install.cmake:46 (include)
[30.972s] This warning is for project developers.  Use -Wno-dev to suppress it.
[30.973s] [0m
[30.973s] [33mCMake Warning (dev) at ament_cmake_symlink_install/ament_cmake_symlink_install.cmake:78 (file):
[30.973s]   Policy CMP0009 is not set: FILE GLOB_RECURSE calls should not follow
[30.973s]   symlinks by default.  Run "cmake --help-policy CMP0009" for policy details.
[30.973s]   Use the cmake_policy command to set the policy and suppress this warning.
[30.973s] Call Stack (most recent call first):
[30.973s]   ament_cmake_symlink_install/ament_cmake_symlink_install.cmake:328 (ament_cmake_symlink_install_directory)
[30.973s]   cmake_install.cmake:46 (include)
[30.973s] This warning is for project developers.  Use -Wno-dev to suppress it.
[30.973s] [0m
[30.973s] [33mCMake Warning (dev) at ament_cmake_symlink_install/ament_cmake_symlink_install.cmake:78 (file):
[30.974s]   Policy CMP0009 is not set: FILE GLOB_RECURSE calls should not follow
[30.974s]   symlinks by default.  Run "cmake --help-policy CMP0009" for policy details.
[30.974s]   Use the cmake_policy command to set the policy and suppress this warning.
[30.974s] Call Stack (most recent call first):
[30.974s]   ament_cmake_symlink_install/ament_cmake_symlink_install.cmake:328 (ament_cmake_symlink_install_directory)
[30.974s]   cmake_install.cmake:46 (include)
[30.974s] This warning is for project developers.  Use -Wno-dev to suppress it.
[30.974s] [0m
[30.974s] -- Up-to-date symlink: /home/billy/git/Robotics-Studio-2/install/ur_gripper_demo/local/lib/python3.10/dist-packages/ur_gripper_demo/__init__.py
[30.974s] -- Up-to-date symlink: /home/billy/git/Robotics-Studio-2/install/ur_gripper_demo/local/lib/python3.10/dist-packages/ur_gripper_demo/build/.built_by
[30.974s] -- Up-to-date symlink: /home/billy/git/Robotics-Studio-2/install/ur_gripper_demo/local/lib/python3.10/dist-packages/ur_gripper_demo/build/COLCON_IGNORE
[30.974s] -- Up-to-date symlink: /home/billy/git/Robotics-Studio-2/install/ur_gripper_demo/local/lib/python3.10/dist-packages/ur_gripper_demo/install/.colcon_install_layout
[30.975s] -- Up-to-date symlink: /home/billy/git/Robotics-Studio-2/install/ur_gripper_demo/local/lib/python3.10/dist-packages/ur_gripper_demo/install/COLCON_IGNORE
[30.975s] -- Up-to-date symlink: /home/billy/git/Robotics-Studio-2/install/ur_gripper_demo/local/lib/python3.10/dist-packages/ur_gripper_demo/install/_local_setup_util_ps1.py
[30.975s] -- Up-to-date symlink: /home/billy/git/Robotics-Studio-2/install/ur_gripper_demo/local/lib/python3.10/dist-packages/ur_gripper_demo/install/_local_setup_util_sh.py
[30.975s] -- Up-to-date symlink: /home/billy/git/Robotics-Studio-2/install/ur_gripper_demo/local/lib/python3.10/dist-packages/ur_gripper_demo/install/local_setup.bash
[30.975s] -- Up-to-date symlink: /home/billy/git/Robotics-Studio-2/install/ur_gripper_demo/local/lib/python3.10/dist-packages/ur_gripper_demo/install/local_setup.ps1
[30.975s] -- Up-to-date symlink: /home/billy/git/Robotics-Studio-2/install/ur_gripper_demo/local/lib/python3.10/dist-packages/ur_gripper_demo/install/local_setup.sh
[30.975s] -- Up-to-date symlink: /home/billy/git/Robotics-Studio-2/install/ur_gripper_demo/local/lib/python3.10/dist-packages/ur_gripper_demo/install/local_setup.zsh
[30.976s] -- Up-to-date symlink: /home/billy/git/Robotics-Studio-2/install/ur_gripper_demo/local/lib/python3.10/dist-packages/ur_gripper_demo/install/setup.bash
[30.976s] -- Up-to-date symlink: /home/billy/git/Robotics-Studio-2/install/ur_gripper_demo/local/lib/python3.10/dist-packages/ur_gripper_demo/install/setup.ps1
[30.976s] -- Up-to-date symlink: /home/billy/git/Robotics-Studio-2/install/ur_gripper_demo/local/lib/python3.10/dist-packages/ur_gripper_demo/install/setup.sh
[30.976s] -- Up-to-date symlink: /home/billy/git/Robotics-Studio-2/install/ur_gripper_demo/local/lib/python3.10/dist-packages/ur_gripper_demo/install/setup.zsh
[30.976s] -- Up-to-date symlink: /home/billy/git/Robotics-Studio-2/install/ur_gripper_demo/local/lib/python3.10/dist-packages/ur_gripper_demo/log/COLCON_IGNORE
[30.976s] -- Up-to-date symlink: /home/billy/git/Robotics-Studio-2/install/ur_gripper_demo/local/lib/python3.10/dist-packages/ur_gripper_demo/log/build_2026-03-31_14-24-55/events.log
[30.976s] -- Up-to-date symlink: /home/billy/git/Robotics-Studio-2/install/ur_gripper_demo/local/lib/python3.10/dist-packages/ur_gripper_demo/log/build_2026-03-31_14-24-55/logger_all.log
[30.976s] -- Up-to-date symlink: /home/billy/git/Robotics-Studio-2/install/ur_gripper_demo/local/lib/python3.10/dist-packages/ur_gripper_demo/log/build_2026-03-31_14-24-57/events.log
[30.977s] -- Up-to-date symlink: /home/billy/git/Robotics-Studio-2/install/ur_gripper_demo/local/lib/python3.10/dist-packages/ur_gripper_demo/log/build_2026-03-31_14-24-57/logger_all.log
[30.977s] -- Up-to-date symlink: /home/billy/git/Robotics-Studio-2/install/ur_gripper_demo/local/lib/python3.10/dist-packages/ur_gripper_demo/log/build_2026-03-31_14-25-55/events.log
[30.977s] -- Up-to-date symlink: /home/billy/git/Robotics-Studio-2/install/ur_gripper_demo/local/lib/python3.10/dist-packages/ur_gripper_demo/log/build_2026-03-31_14-25-55/logger_all.log
[30.977s] -- Up-to-date symlink: /home/billy/git/Robotics-Studio-2/install/ur_gripper_demo/local/lib/python3.10/dist-packages/ur_gripper_demo/log/latest/events.log
[30.977s] -- Up-to-date symlink: /home/billy/git/Robotics-Studio-2/install/ur_gripper_demo/local/lib/python3.10/dist-packages/ur_gripper_demo/log/latest/logger_all.log
[30.977s] -- Up-to-date symlink: /home/billy/git/Robotics-Studio-2/install/ur_gripper_demo/local/lib/python3.10/dist-packages/ur_gripper_demo/log/latest_build/events.log
[30.977s] -- Up-to-date symlink: /home/billy/git/Robotics-Studio-2/install/ur_gripper_demo/local/lib/python3.10/dist-packages/ur_gripper_demo/log/latest_build/logger_all.log
[30.977s] -- Up-to-date symlink: /home/billy/git/Robotics-Studio-2/install/ur_gripper_demo/lib/ur_gripper_demo/test_helper.py
[30.977s] -- Up-to-date symlink: /home/billy/git/Robotics-Studio-2/install/ur_gripper_demo/share/ur_gripper_demo/meshes/UR3eTrolley_decimated.dae
[30.978s] -- Up-to-date symlink: /home/billy/git/Robotics-Studio-2/install/ur_gripper_demo/lib/ur_gripper_demo/gripper_demo_node
[30.978s] -- Up-to-date symlink: /home/billy/git/Robotics-Studio-2/install/ur_gripper_demo/lib/ur_gripper_demo/gripper_pick_place
[30.978s] -- Up-to-date symlink: /home/billy/git/Robotics-Studio-2/install/ur_gripper_demo/share/ur_gripper_demo/launch/ur_moveit.launch.py
[30.978s] -- Up-to-date symlink: /home/billy/git/Robotics-Studio-2/install/ur_gripper_demo/share/ament_index/resource_index/package_run_dependencies/ur_gripper_demo
[30.978s] -- Up-to-date symlink: /home/billy/git/Robotics-Studio-2/install/ur_gripper_demo/share/ament_index/resource_index/parent_prefix_path/ur_gripper_demo
[30.979s] -- Up-to-date symlink: /home/billy/git/Robotics-Studio-2/install/ur_gripper_demo/share/ur_gripper_demo/environment/ament_prefix_path.sh
[30.979s] -- Up-to-date symlink: /home/billy/git/Robotics-Studio-2/install/ur_gripper_demo/share/ur_gripper_demo/environment/ament_prefix_path.dsv
[30.979s] -- Up-to-date symlink: /home/billy/git/Robotics-Studio-2/install/ur_gripper_demo/share/ur_gripper_demo/environment/path.sh
[30.979s] -- Up-to-date symlink: /home/billy/git/Robotics-Studio-2/install/ur_gripper_demo/share/ur_gripper_demo/environment/path.dsv
[30.979s] -- Up-to-date symlink: /home/billy/git/Robotics-Studio-2/install/ur_gripper_demo/share/ur_gripper_demo/local_setup.bash
[30.979s] -- Up-to-date symlink: /home/billy/git/Robotics-Studio-2/install/ur_gripper_demo/share/ur_gripper_demo/local_setup.sh
[30.980s] -- Up-to-date symlink: /home/billy/git/Robotics-Studio-2/install/ur_gripper_demo/share/ur_gripper_demo/local_setup.zsh
[30.980s] -- Up-to-date symlink: /home/billy/git/Robotics-Studio-2/install/ur_gripper_demo/share/ur_gripper_demo/local_setup.dsv
[30.980s] -- Symlinking: /home/billy/git/Robotics-Studio-2/install/ur_gripper_demo/share/ur_gripper_demo/package.dsv
[30.993s] -- Up-to-date symlink: /home/billy/git/Robotics-Studio-2/install/ur_gripper_demo/share/ament_index/resource_index/packages/ur_gripper_demo
[30.993s] -- Up-to-date symlink: /home/billy/git/Robotics-Studio-2/install/ur_gripper_demo/share/ur_gripper_demo/cmake/ur_gripper_demoConfig.cmake
[30.993s] -- Up-to-date symlink: /home/billy/git/Robotics-Studio-2/install/ur_gripper_demo/share/ur_gripper_demo/cmake/ur_gripper_demoConfig-version.cmake
[30.993s] -- Up-to-date symlink: /home/billy/git/Robotics-Studio-2/install/ur_gripper_demo/share/ur_gripper_demo/package.xml
[31.029s] Listing '/home/billy/git/Robotics-Studio-2/install/ur_gripper_demo/local/lib/python3.10/dist-packages/ur_gripper_demo'...
[31.030s] Listing '/home/billy/git/Robotics-Studio-2/install/ur_gripper_demo/local/lib/python3.10/dist-packages/ur_gripper_demo/build'...
[31.030s] Listing '/home/billy/git/Robotics-Studio-2/install/ur_gripper_demo/local/lib/python3.10/dist-packages/ur_gripper_demo/install'...
[31.030s] Listing '/home/billy/git/Robotics-Studio-2/install/ur_gripper_demo/local/lib/python3.10/dist-packages/ur_gripper_demo/log'...
[31.030s] Listing '/home/billy/git/Robotics-Studio-2/install/ur_gripper_demo/local/lib/python3.10/dist-packages/ur_gripper_demo/log/build_2026-03-31_14-24-55'...
[31.030s] Listing '/home/billy/git/Robotics-Studio-2/install/ur_gripper_demo/local/lib/python3.10/dist-packages/ur_gripper_demo/log/build_2026-03-31_14-24-57'...
[31.030s] Listing '/home/billy/git/Robotics-Studio-2/install/ur_gripper_demo/local/lib/python3.10/dist-packages/ur_gripper_demo/log/build_2026-03-31_14-25-55'...
[31.030s] Listing '/home/billy/git/Robotics-Studio-2/install/ur_gripper_demo/local/lib/python3.10/dist-packages/ur_gripper_demo/log/latest'...
[31.030s] Listing '/home/billy/git/Robotics-Studio-2/install/ur_gripper_demo/local/lib/python3.10/dist-packages/ur_gripper_demo/log/latest_build'...
[31.038s] Invoked command in '/home/billy/git/Robotics-Studio-2/build/ur_gripper_demo' returned '0': CMAKE_PREFIX_PATH=/home/billy/git/Robotics-Studio-2/install/object_msgs:/home/billy/git/Robotics-Studio-2/install/ur_onrobot_moveit_config:/home/billy/git/Robotics-Studio-2/install/ur_onrobot_control:/home/billy/git/Robotics-Studio-2/install/ur_onrobot_description:/home/billy/git/Robotics-Studio-2/install/ur_gripper_demo:/home/billy/git/Robotics-Studio-2/install/ur_description_local:/home/billy/git/Robotics-Studio-2/install/ur3_demo_cpp:/home/billy/git/Robotics-Studio-2/install/moveit_task_constructor_visualization:/home/billy/git/Robotics-Studio-2/install/moveit_task_constructor_demo:/home/billy/git/Robotics-Studio-2/install/moveit_task_constructor_capabilities:/home/billy/git/Robotics-Studio-2/install/moveit_task_constructor_core:/home/billy/git/Robotics-Studio-2/install/rviz_marker_tools:/home/billy/git/Robotics-Studio-2/install/onrobot_driver:/home/billy/git/Robotics-Studio-2/install/onrobot_description:/home/billy/git/Robotics-Studio-2/install/moveit_task_constructor_msgs:/opt/ros/humble LD_LIBRARY_PATH=/home/billy/git/Robotics-Studio-2/install/object_msgs/lib:/home/billy/git/Robotics-Studio-2/install/moveit_task_constructor_visualization/lib:/home/billy/git/Robotics-Studio-2/install/moveit_task_constructor_demo/lib:/home/billy/git/Robotics-Studio-2/install/moveit_task_constructor_capabilities/lib:/home/billy/git/Robotics-Studio-2/install/moveit_task_constructor_core/lib:/home/billy/git/Robotics-Studio-2/install/rviz_marker_tools/lib:/home/billy/git/Robotics-Studio-2/install/onrobot_driver/lib:/home/billy/git/Robotics-Studio-2/install/moveit_task_constructor_msgs/lib:/usr/lib/x86_64-linux-gnu/gazebo-11/plugins:/opt/ros/humble/opt/rviz_ogre_vendor/lib:/opt/ros/humble/lib/x86_64-linux-gnu:/opt/ros/humble/lib /usr/bin/cmake --install /home/billy/git/Robotics-Studio-2/build/ur_gripper_demo
