[0.192s] Invoking command in '/home/billy/git/Robotics-Studio-2/build/ur_onrobot_moveit_config': CMAKE_PREFIX_PATH=/home/billy/git/Robotics-Studio-2/install/ur_onrobot_control:/home/billy/git/Robotics-Studio-2/install/ur_onrobot_description:/home/billy/git/Robotics-Studio-2/install/onrobot_driver:/home/billy/git/Robotics-Studio-2/install/onrobot_description:/home/billy/install/object_msgs:/home/billy/git/Robotics-Studio-2/install/ur_onrobot_moveit_config:/home/billy/git/Robotics-Studio-2/install/object_msgs:/opt/ros/humble LD_LIBRARY_PATH=/home/billy/git/Robotics-Studio-2/install/onrobot_driver/lib:/home/billy/install/object_msgs/lib:/home/billy/git/Robotics-Studio-2/install/object_msgs/lib:/usr/lib/x86_64-linux-gnu/gazebo-11/plugins:/opt/ros/humble/opt/rviz_ogre_vendor/lib:/opt/ros/humble/lib/x86_64-linux-gnu:/opt/ros/humble/lib /usr/bin/cmake --build /home/billy/git/Robotics-Studio-2/build/ur_onrobot_moveit_config -- -j16 -l16
[0.315s] Built target ament_cmake_python_symlink_ur_onrobot_moveit_config
[0.737s] running egg_info
[0.738s] writing ur_onrobot_moveit_config.egg-info/PKG-INFO
[0.738s] writing dependency_links to ur_onrobot_moveit_config.egg-info/dependency_links.txt
[0.739s] writing top-level names to ur_onrobot_moveit_config.egg-info/top_level.txt
[0.743s] reading manifest file 'ur_onrobot_moveit_config.egg-info/SOURCES.txt'
[0.746s] writing manifest file 'ur_onrobot_moveit_config.egg-info/SOURCES.txt'
[0.790s] Built target ament_cmake_python_build_ur_onrobot_moveit_config_egg
[0.814s] Invoked command in '/home/billy/git/Robotics-Studio-2/build/ur_onrobot_moveit_config' returned '0': CMAKE_PREFIX_PATH=/home/billy/git/Robotics-Studio-2/install/ur_onrobot_control:/home/billy/git/Robotics-Studio-2/install/ur_onrobot_description:/home/billy/git/Robotics-Studio-2/install/onrobot_driver:/home/billy/git/Robotics-Studio-2/install/onrobot_description:/home/billy/install/object_msgs:/home/billy/git/Robotics-Studio-2/install/ur_onrobot_moveit_config:/home/billy/git/Robotics-Studio-2/install/object_msgs:/opt/ros/humble LD_LIBRARY_PATH=/home/billy/git/Robotics-Studio-2/install/onrobot_driver/lib:/home/billy/install/object_msgs/lib:/home/billy/git/Robotics-Studio-2/install/object_msgs/lib:/usr/lib/x86_64-linux-gnu/gazebo-11/plugins:/opt/ros/humble/opt/rviz_ogre_vendor/lib:/opt/ros/humble/lib/x86_64-linux-gnu:/opt/ros/humble/lib /usr/bin/cmake --build /home/billy/git/Robotics-Studio-2/build/ur_onrobot_moveit_config -- -j16 -l16
[0.817s] Invoking command in '/home/billy/git/Robotics-Studio-2/build/ur_onrobot_moveit_config': CMAKE_PREFIX_PATH=/home/billy/git/Robotics-Studio-2/install/ur_onrobot_control:/home/billy/git/Robotics-Studio-2/install/ur_onrobot_description:/home/billy/git/Robotics-Studio-2/install/onrobot_driver:/home/billy/git/Robotics-Studio-2/install/onrobot_description:/home/billy/install/object_msgs:/home/billy/git/Robotics-Studio-2/install/ur_onrobot_moveit_config:/home/billy/git/Robotics-Studio-2/install/object_msgs:/opt/ros/humble LD_LIBRARY_PATH=/home/billy/git/Robotics-Studio-2/install/onrobot_driver/lib:/home/billy/install/object_msgs/lib:/home/billy/git/Robotics-Studio-2/install/object_msgs/lib:/usr/lib/x86_64-linux-gnu/gazebo-11/plugins:/opt/ros/humble/opt/rviz_ogre_vendor/lib:/opt/ros/humble/lib/x86_64-linux-gnu:/opt/ros/humble/lib /usr/bin/cmake --install /home/billy/git/Robotics-Studio-2/build/ur_onrobot_moveit_config
[0.833s] -- Install configuration: ""
[0.834s] -- Execute custom install script
[0.835s] -- Up-to-date symlink: /home/billy/git/Robotics-Studio-2/install/ur_onrobot_moveit_config/share/ur_onrobot_moveit_config/config/controllers.yaml
[0.835s] -- Up-to-date symlink: /home/billy/git/Robotics-Studio-2/install/ur_onrobot_moveit_config/share/ur_onrobot_moveit_config/config/joint_limits.yaml
[0.835s] -- Up-to-date symlink: /home/billy/git/Robotics-Studio-2/install/ur_onrobot_moveit_config/share/ur_onrobot_moveit_config/config/kinematics.yaml
[0.836s] -- Up-to-date symlink: /home/billy/git/Robotics-Studio-2/install/ur_onrobot_moveit_config/share/ur_onrobot_moveit_config/config/ompl_planning.yaml
[0.836s] -- Up-to-date symlink: /home/billy/git/Robotics-Studio-2/install/ur_onrobot_moveit_config/share/ur_onrobot_moveit_config/config/ur_onrobot_servo.yaml
[0.836s] -- Up-to-date symlink: /home/billy/git/Robotics-Studio-2/install/ur_onrobot_moveit_config/share/ur_onrobot_moveit_config/launch/ur_onrobot_moveit.launch.py
[0.837s] -- Up-to-date symlink: /home/billy/git/Robotics-Studio-2/install/ur_onrobot_moveit_config/share/ur_onrobot_moveit_config/rviz/view_robot.rviz
[0.837s] -- Up-to-date symlink: /home/billy/git/Robotics-Studio-2/install/ur_onrobot_moveit_config/share/ur_onrobot_moveit_config/srdf/ur_onrobot.srdf.xacro
[0.838s] -- Up-to-date symlink: /home/billy/git/Robotics-Studio-2/install/ur_onrobot_moveit_config/share/ur_onrobot_moveit_config/srdf/ur_onrobot_macro.srdf.xacro
[0.838s] -- Up-to-date symlink: /home/billy/git/Robotics-Studio-2/install/ur_onrobot_moveit_config/share/ur_onrobot_moveit_config/environment/pythonpath.sh
[0.839s] -- Up-to-date symlink: /home/billy/git/Robotics-Studio-2/install/ur_onrobot_moveit_config/share/ur_onrobot_moveit_config/environment/pythonpath.dsv
[0.839s] -- Up-to-date symlink: /home/billy/git/Robotics-Studio-2/install/ur_onrobot_moveit_config/local/lib/python3.10/dist-packages/ur_onrobot_moveit_config-0.0.1-py3.10.egg-info/PKG-INFO
[0.840s] -- Up-to-date symlink: /home/billy/git/Robotics-Studio-2/install/ur_onrobot_moveit_config/local/lib/python3.10/dist-packages/ur_onrobot_moveit_config-0.0.1-py3.10.egg-info/SOURCES.txt
[0.840s] -- Up-to-date symlink: /home/billy/git/Robotics-Studio-2/install/ur_onrobot_moveit_config/local/lib/python3.10/dist-packages/ur_onrobot_moveit_config-0.0.1-py3.10.egg-info/dependency_links.txt
[0.840s] -- Up-to-date symlink: /home/billy/git/Robotics-Studio-2/install/ur_onrobot_moveit_config/local/lib/python3.10/dist-packages/ur_onrobot_moveit_config-0.0.1-py3.10.egg-info/top_level.txt
[0.841s] -- Up-to-date symlink: /home/billy/git/Robotics-Studio-2/install/ur_onrobot_moveit_config/local/lib/python3.10/dist-packages/ur_onrobot_moveit_config/__init__.py
[0.841s] -- Up-to-date symlink: /home/billy/git/Robotics-Studio-2/install/ur_onrobot_moveit_config/local/lib/python3.10/dist-packages/ur_onrobot_moveit_config/launch_common.py
[0.841s] -- Up-to-date symlink: /home/billy/git/Robotics-Studio-2/install/ur_onrobot_moveit_config/local/lib/python3.10/dist-packages/launch_common.py
[0.842s] -- Up-to-date symlink: /home/billy/git/Robotics-Studio-2/install/ur_onrobot_moveit_config/share/ament_index/resource_index/package_run_dependencies/ur_onrobot_moveit_config
[0.842s] -- Up-to-date symlink: /home/billy/git/Robotics-Studio-2/install/ur_onrobot_moveit_config/share/ament_index/resource_index/parent_prefix_path/ur_onrobot_moveit_config
[0.842s] -- Up-to-date symlink: /home/billy/git/Robotics-Studio-2/install/ur_onrobot_moveit_config/share/ur_onrobot_moveit_config/environment/ament_prefix_path.sh
[0.843s] -- Up-to-date symlink: /home/billy/git/Robotics-Studio-2/install/ur_onrobot_moveit_config/share/ur_onrobot_moveit_config/environment/ament_prefix_path.dsv
[0.843s] -- Up-to-date symlink: /home/billy/git/Robotics-Studio-2/install/ur_onrobot_moveit_config/share/ur_onrobot_moveit_config/environment/path.sh
[0.844s] -- Up-to-date symlink: /home/billy/git/Robotics-Studio-2/install/ur_onrobot_moveit_config/share/ur_onrobot_moveit_config/environment/path.dsv
[0.844s] -- Up-to-date symlink: /home/billy/git/Robotics-Studio-2/install/ur_onrobot_moveit_config/share/ur_onrobot_moveit_config/local_setup.bash
[0.844s] -- Up-to-date symlink: /home/billy/git/Robotics-Studio-2/install/ur_onrobot_moveit_config/share/ur_onrobot_moveit_config/local_setup.sh
[0.845s] -- Up-to-date symlink: /home/billy/git/Robotics-Studio-2/install/ur_onrobot_moveit_config/share/ur_onrobot_moveit_config/local_setup.zsh
[0.845s] -- Up-to-date symlink: /home/billy/git/Robotics-Studio-2/install/ur_onrobot_moveit_config/share/ur_onrobot_moveit_config/local_setup.dsv
[0.845s] -- Symlinking: /home/billy/git/Robotics-Studio-2/install/ur_onrobot_moveit_config/share/ur_onrobot_moveit_config/package.dsv
[0.863s] -- Up-to-date symlink: /home/billy/git/Robotics-Studio-2/install/ur_onrobot_moveit_config/share/ament_index/resource_index/packages/ur_onrobot_moveit_config
[0.863s] -- Up-to-date symlink: /home/billy/git/Robotics-Studio-2/install/ur_onrobot_moveit_config/share/ur_onrobot_moveit_config/cmake/ur_onrobot_moveit_configConfig.cmake
[0.863s] -- Up-to-date symlink: /home/billy/git/Robotics-Studio-2/install/ur_onrobot_moveit_config/share/ur_onrobot_moveit_config/cmake/ur_onrobot_moveit_configConfig-version.cmake
[0.864s] -- Up-to-date symlink: /home/billy/git/Robotics-Studio-2/install/ur_onrobot_moveit_config/share/ur_onrobot_moveit_config/package.xml
[0.914s] Listing '/home/billy/git/Robotics-Studio-2/install/ur_onrobot_moveit_config/local/lib/python3.10/dist-packages/ur_onrobot_moveit_config'...
[0.984s] Invoked command in '/home/billy/git/Robotics-Studio-2/build/ur_onrobot_moveit_config' returned '0': CMAKE_PREFIX_PATH=/home/billy/git/Robotics-Studio-2/install/ur_onrobot_control:/home/billy/git/Robotics-Studio-2/install/ur_onrobot_description:/home/billy/git/Robotics-Studio-2/install/onrobot_driver:/home/billy/git/Robotics-Studio-2/install/onrobot_description:/home/billy/install/object_msgs:/home/billy/git/Robotics-Studio-2/install/ur_onrobot_moveit_config:/home/billy/git/Robotics-Studio-2/install/object_msgs:/opt/ros/humble LD_LIBRARY_PATH=/home/billy/git/Robotics-Studio-2/install/onrobot_driver/lib:/home/billy/install/object_msgs/lib:/home/billy/git/Robotics-Studio-2/install/object_msgs/lib:/usr/lib/x86_64-linux-gnu/gazebo-11/plugins:/opt/ros/humble/opt/rviz_ogre_vendor/lib:/opt/ros/humble/lib/x86_64-linux-gnu:/opt/ros/humble/lib /usr/bin/cmake --install /home/billy/git/Robotics-Studio-2/build/ur_onrobot_moveit_config
