[0.499s] DEBUG:colcon:Command line arguments: ['/usr/bin/colcon', 'build', '--packages-select', 'ur_gripper_demo']
[0.500s] DEBUG:colcon:Parsed command line arguments: Namespace(log_base=None, log_level=None, verb_name='build', build_base='build', install_base='install', merge_install=False, symlink_install=False, test_result_base=None, continue_on_error=False, executor='parallel', parallel_workers=16, event_handlers=None, ignore_user_meta=False, metas=['./colcon.meta'], base_paths=['.'], packages_ignore=None, packages_ignore_regex=None, paths=None, packages_up_to=None, packages_up_to_regex=None, packages_above=None, packages_above_and_dependencies=None, packages_above_depth=None, packages_select_by_dep=None, packages_skip_by_dep=None, packages_skip_up_to=None, packages_select_build_failed=False, packages_skip_build_finished=False, packages_select_test_failures=False, packages_skip_test_passed=False, packages_select=['ur_gripper_demo'], packages_skip=None, packages_select_regex=None, packages_skip_regex=None, packages_start=None, packages_end=None, allow_overriding=[], cmake_args=None, cmake_target=None, cmake_target_skip_unavailable=False, cmake_clean_cache=False, cmake_clean_first=False, cmake_force_configure=False, ament_cmake_args=None, catkin_cmake_args=None, catkin_skip_building_tests=False, mixin_files=None, mixin=None, verb_parser=<colcon_mixin.mixin.mixin_argument.MixinArgumentDecorator object at 0x77b846c677f0>, verb_extension=<colcon_core.verb.build.BuildVerb object at 0x77b846c24700>, main=<bound method BuildVerb.main of <colcon_core.verb.build.BuildVerb object at 0x77b846c24700>>, mixin_verb=('build',))
[1.344s] Level 1:colcon.colcon_core.package_discovery:discover_packages(colcon_meta) check parameters
[1.344s] Level 1:colcon.colcon_core.package_discovery:discover_packages(recursive) check parameters
[1.344s] Level 1:colcon.colcon_core.package_discovery:discover_packages(ignore) check parameters
[1.344s] Level 1:colcon.colcon_core.package_discovery:discover_packages(path) check parameters
[1.344s] Level 1:colcon.colcon_core.package_discovery:discover_packages(colcon_meta) discover
[1.344s] Level 1:colcon.colcon_core.package_discovery:discover_packages(recursive) discover
[1.344s] INFO:colcon.colcon_core.package_discovery:Crawling recursively for packages in '/home/billy/git/Robotics-Studio-2'
[1.344s] Level 1:colcon.colcon_core.package_identification:_identify(.) by extensions ['ignore', 'ignore_ament_install']
[1.344s] Level 1:colcon.colcon_core.package_identification:_identify(.) by extension 'ignore'
[1.344s] Level 1:colcon.colcon_core.package_identification:_identify(.) by extension 'ignore_ament_install'
[1.345s] Level 1:colcon.colcon_core.package_identification:_identify(.) by extensions ['colcon_pkg']
[1.345s] Level 1:colcon.colcon_core.package_identification:_identify(.) by extension 'colcon_pkg'
[1.345s] Level 1:colcon.colcon_core.package_identification:_identify(.) by extensions ['colcon_meta']
[1.345s] Level 1:colcon.colcon_core.package_identification:_identify(.) by extension 'colcon_meta'
[1.345s] Level 1:colcon.colcon_core.package_identification:_identify(.) by extensions ['ros']
[1.345s] Level 1:colcon.colcon_core.package_identification:_identify(.) by extension 'ros'
[1.363s] Level 1:colcon.colcon_core.package_identification:_identify(.) by extensions ['cmake', 'python']
[1.363s] Level 1:colcon.colcon_core.package_identification:_identify(.) by extension 'cmake'
[1.363s] Level 1:colcon.colcon_core.package_identification:_identify(.) by extension 'python'
[1.363s] Level 1:colcon.colcon_core.package_identification:_identify(.) by extensions ['python_setup_py']
[1.363s] Level 1:colcon.colcon_core.package_identification:_identify(.) by extension 'python_setup_py'
[1.364s] Level 1:colcon.colcon_core.package_identification:_identify(build) by extensions ['ignore', 'ignore_ament_install']
[1.364s] Level 1:colcon.colcon_core.package_identification:_identify(build) by extension 'ignore'
[1.364s] Level 1:colcon.colcon_core.package_identification:_identify(build) ignored
[1.364s] Level 1:colcon.colcon_core.package_identification:_identify(install) by extensions ['ignore', 'ignore_ament_install']
[1.365s] Level 1:colcon.colcon_core.package_identification:_identify(install) by extension 'ignore'
[1.365s] Level 1:colcon.colcon_core.package_identification:_identify(install) ignored
[1.365s] Level 1:colcon.colcon_core.package_identification:_identify(log) by extensions ['ignore', 'ignore_ament_install']
[1.365s] Level 1:colcon.colcon_core.package_identification:_identify(log) by extension 'ignore'
[1.365s] Level 1:colcon.colcon_core.package_identification:_identify(log) ignored
[1.365s] Level 1:colcon.colcon_core.package_identification:_identify(src) by extensions ['ignore', 'ignore_ament_install']
[1.365s] Level 1:colcon.colcon_core.package_identification:_identify(src) by extension 'ignore'
[1.366s] Level 1:colcon.colcon_core.package_identification:_identify(src) by extension 'ignore_ament_install'
[1.366s] Level 1:colcon.colcon_core.package_identification:_identify(src) by extensions ['colcon_pkg']
[1.366s] Level 1:colcon.colcon_core.package_identification:_identify(src) by extension 'colcon_pkg'
[1.366s] Level 1:colcon.colcon_core.package_identification:_identify(src) by extensions ['colcon_meta']
[1.366s] Level 1:colcon.colcon_core.package_identification:_identify(src) by extension 'colcon_meta'
[1.366s] Level 1:colcon.colcon_core.package_identification:_identify(src) by extensions ['ros']
[1.366s] Level 1:colcon.colcon_core.package_identification:_identify(src) by extension 'ros'
[1.366s] Level 1:colcon.colcon_core.package_identification:_identify(src) by extensions ['cmake', 'python']
[1.366s] Level 1:colcon.colcon_core.package_identification:_identify(src) by extension 'cmake'
[1.366s] Level 1:colcon.colcon_core.package_identification:_identify(src) by extension 'python'
[1.366s] Level 1:colcon.colcon_core.package_identification:_identify(src) by extensions ['python_setup_py']
[1.366s] Level 1:colcon.colcon_core.package_identification:_identify(src) by extension 'python_setup_py'
[1.367s] Level 1:colcon.colcon_core.package_identification:_identify(src/motion_control_subsystem) by extensions ['ignore', 'ignore_ament_install']
[1.367s] Level 1:colcon.colcon_core.package_identification:_identify(src/motion_control_subsystem) by extension 'ignore'
[1.367s] Level 1:colcon.colcon_core.package_identification:_identify(src/motion_control_subsystem) by extension 'ignore_ament_install'
[1.367s] Level 1:colcon.colcon_core.package_identification:_identify(src/motion_control_subsystem) by extensions ['colcon_pkg']
[1.367s] Level 1:colcon.colcon_core.package_identification:_identify(src/motion_control_subsystem) by extension 'colcon_pkg'
[1.367s] Level 1:colcon.colcon_core.package_identification:_identify(src/motion_control_subsystem) by extensions ['colcon_meta']
[1.367s] Level 1:colcon.colcon_core.package_identification:_identify(src/motion_control_subsystem) by extension 'colcon_meta'
[1.367s] Level 1:colcon.colcon_core.package_identification:_identify(src/motion_control_subsystem) by extensions ['ros']
[1.367s] Level 1:colcon.colcon_core.package_identification:_identify(src/motion_control_subsystem) by extension 'ros'
[1.392s] DEBUG:colcon.colcon_core.package_identification:Package 'src/motion_control_subsystem' with type 'ros.ament_cmake' and name 'motion_control_subsystem'
[1.392s] Level 1:colcon.colcon_core.package_identification:_identify(src/object_msgs) by extensions ['ignore', 'ignore_ament_install']
[1.392s] Level 1:colcon.colcon_core.package_identification:_identify(src/object_msgs) by extension 'ignore'
[1.393s] Level 1:colcon.colcon_core.package_identification:_identify(src/object_msgs) by extension 'ignore_ament_install'
[1.393s] Level 1:colcon.colcon_core.package_identification:_identify(src/object_msgs) by extensions ['colcon_pkg']
[1.393s] Level 1:colcon.colcon_core.package_identification:_identify(src/object_msgs) by extension 'colcon_pkg'
[1.393s] Level 1:colcon.colcon_core.package_identification:_identify(src/object_msgs) by extensions ['colcon_meta']
[1.393s] Level 1:colcon.colcon_core.package_identification:_identify(src/object_msgs) by extension 'colcon_meta'
[1.393s] Level 1:colcon.colcon_core.package_identification:_identify(src/object_msgs) by extensions ['ros']
[1.393s] Level 1:colcon.colcon_core.package_identification:_identify(src/object_msgs) by extension 'ros'
[1.395s] DEBUG:colcon.colcon_core.package_identification:Package 'src/object_msgs' with type 'ros.ament_cmake' and name 'object_msgs'
[1.395s] Level 1:colcon.colcon_core.package_identification:_identify(src/onrobot_description) by extensions ['ignore', 'ignore_ament_install']
[1.395s] Level 1:colcon.colcon_core.package_identification:_identify(src/onrobot_description) by extension 'ignore'
[1.395s] Level 1:colcon.colcon_core.package_identification:_identify(src/onrobot_description) by extension 'ignore_ament_install'
[1.396s] Level 1:colcon.colcon_core.package_identification:_identify(src/onrobot_description) by extensions ['colcon_pkg']
[1.396s] Level 1:colcon.colcon_core.package_identification:_identify(src/onrobot_description) by extension 'colcon_pkg'
[1.396s] Level 1:colcon.colcon_core.package_identification:_identify(src/onrobot_description) by extensions ['colcon_meta']
[1.396s] Level 1:colcon.colcon_core.package_identification:_identify(src/onrobot_description) by extension 'colcon_meta'
[1.396s] Level 1:colcon.colcon_core.package_identification:_identify(src/onrobot_description) by extensions ['ros']
[1.396s] Level 1:colcon.colcon_core.package_identification:_identify(src/onrobot_description) by extension 'ros'
[1.397s] DEBUG:colcon.colcon_core.package_identification:Package 'src/onrobot_description' with type 'ros.ament_cmake' and name 'onrobot_description'
[1.397s] Level 1:colcon.colcon_core.package_identification:_identify(src/onrobot_driver) by extensions ['ignore', 'ignore_ament_install']
[1.398s] Level 1:colcon.colcon_core.package_identification:_identify(src/onrobot_driver) by extension 'ignore'
[1.398s] Level 1:colcon.colcon_core.package_identification:_identify(src/onrobot_driver) by extension 'ignore_ament_install'
[1.398s] Level 1:colcon.colcon_core.package_identification:_identify(src/onrobot_driver) by extensions ['colcon_pkg']
[1.398s] Level 1:colcon.colcon_core.package_identification:_identify(src/onrobot_driver) by extension 'colcon_pkg'
[1.398s] Level 1:colcon.colcon_core.package_identification:_identify(src/onrobot_driver) by extensions ['colcon_meta']
[1.398s] Level 1:colcon.colcon_core.package_identification:_identify(src/onrobot_driver) by extension 'colcon_meta'
[1.398s] Level 1:colcon.colcon_core.package_identification:_identify(src/onrobot_driver) by extensions ['ros']
[1.398s] Level 1:colcon.colcon_core.package_identification:_identify(src/onrobot_driver) by extension 'ros'
[1.443s] DEBUG:colcon.colcon_core.package_identification:Package 'src/onrobot_driver' with type 'ros.ament_cmake' and name 'onrobot_driver'
[1.443s] Level 1:colcon.colcon_core.package_identification:_identify(src/ur3_demo_cpp) by extensions ['ignore', 'ignore_ament_install']
[1.443s] Level 1:colcon.colcon_core.package_identification:_identify(src/ur3_demo_cpp) by extension 'ignore'
[1.443s] Level 1:colcon.colcon_core.package_identification:_identify(src/ur3_demo_cpp) by extension 'ignore_ament_install'
[1.443s] Level 1:colcon.colcon_core.package_identification:_identify(src/ur3_demo_cpp) by extensions ['colcon_pkg']
[1.444s] Level 1:colcon.colcon_core.package_identification:_identify(src/ur3_demo_cpp) by extension 'colcon_pkg'
[1.444s] Level 1:colcon.colcon_core.package_identification:_identify(src/ur3_demo_cpp) by extensions ['colcon_meta']
[1.444s] Level 1:colcon.colcon_core.package_identification:_identify(src/ur3_demo_cpp) by extension 'colcon_meta'
[1.444s] Level 1:colcon.colcon_core.package_identification:_identify(src/ur3_demo_cpp) by extensions ['ros']
[1.444s] Level 1:colcon.colcon_core.package_identification:_identify(src/ur3_demo_cpp) by extension 'ros'
[1.447s] DEBUG:colcon.colcon_core.package_identification:Package 'src/ur3_demo_cpp' with type 'ros.ament_cmake' and name 'ur3_demo_cpp'
[1.447s] Level 1:colcon.colcon_core.package_identification:_identify(src/ur_description_local) by extensions ['ignore', 'ignore_ament_install']
[1.447s] Level 1:colcon.colcon_core.package_identification:_identify(src/ur_description_local) by extension 'ignore'
[1.448s] Level 1:colcon.colcon_core.package_identification:_identify(src/ur_description_local) by extension 'ignore_ament_install'
[1.448s] Level 1:colcon.colcon_core.package_identification:_identify(src/ur_description_local) by extensions ['colcon_pkg']
[1.448s] Level 1:colcon.colcon_core.package_identification:_identify(src/ur_description_local) by extension 'colcon_pkg'
[1.448s] Level 1:colcon.colcon_core.package_identification:_identify(src/ur_description_local) by extensions ['colcon_meta']
[1.448s] Level 1:colcon.colcon_core.package_identification:_identify(src/ur_description_local) by extension 'colcon_meta'
[1.448s] Level 1:colcon.colcon_core.package_identification:_identify(src/ur_description_local) by extensions ['ros']
[1.448s] Level 1:colcon.colcon_core.package_identification:_identify(src/ur_description_local) by extension 'ros'
[1.466s] DEBUG:colcon.colcon_core.package_identification:Package 'src/ur_description_local' with type 'ros.ament_cmake' and name 'ur_description_local'
[1.466s] Level 1:colcon.colcon_core.package_identification:_identify(src/ur_gripper_demo) by extensions ['ignore', 'ignore_ament_install']
[1.466s] Level 1:colcon.colcon_core.package_identification:_identify(src/ur_gripper_demo) by extension 'ignore'
[1.466s] Level 1:colcon.colcon_core.package_identification:_identify(src/ur_gripper_demo) by extension 'ignore_ament_install'
[1.466s] Level 1:colcon.colcon_core.package_identification:_identify(src/ur_gripper_demo) by extensions ['colcon_pkg']
[1.467s] Level 1:colcon.colcon_core.package_identification:_identify(src/ur_gripper_demo) by extension 'colcon_pkg'
[1.467s] Level 1:colcon.colcon_core.package_identification:_identify(src/ur_gripper_demo) by extensions ['colcon_meta']
[1.467s] Level 1:colcon.colcon_core.package_identification:_identify(src/ur_gripper_demo) by extension 'colcon_meta'
[1.467s] Level 1:colcon.colcon_core.package_identification:_identify(src/ur_gripper_demo) by extensions ['ros']
[1.467s] Level 1:colcon.colcon_core.package_identification:_identify(src/ur_gripper_demo) by extension 'ros'
[1.469s] DEBUG:colcon.colcon_core.package_identification:Package 'src/ur_gripper_demo' with type 'ros.ament_cmake' and name 'ur_gripper_demo'
[1.469s] Level 1:colcon.colcon_core.package_identification:_identify(src/ur_onrobot) by extensions ['ignore', 'ignore_ament_install']
[1.469s] Level 1:colcon.colcon_core.package_identification:_identify(src/ur_onrobot) by extension 'ignore'
[1.470s] Level 1:colcon.colcon_core.package_identification:_identify(src/ur_onrobot) by extension 'ignore_ament_install'
[1.470s] Level 1:colcon.colcon_core.package_identification:_identify(src/ur_onrobot) by extensions ['colcon_pkg']
[1.470s] Level 1:colcon.colcon_core.package_identification:_identify(src/ur_onrobot) by extension 'colcon_pkg'
[1.470s] Level 1:colcon.colcon_core.package_identification:_identify(src/ur_onrobot) by extensions ['colcon_meta']
[1.470s] Level 1:colcon.colcon_core.package_identification:_identify(src/ur_onrobot) by extension 'colcon_meta'
[1.470s] Level 1:colcon.colcon_core.package_identification:_identify(src/ur_onrobot) by extensions ['ros']
[1.471s] Level 1:colcon.colcon_core.package_identification:_identify(src/ur_onrobot) by extension 'ros'
[1.471s] Level 1:colcon.colcon_core.package_identification:_identify(src/ur_onrobot) by extensions ['cmake', 'python']
[1.471s] Level 1:colcon.colcon_core.package_identification:_identify(src/ur_onrobot) by extension 'cmake'
[1.471s] Level 1:colcon.colcon_core.package_identification:_identify(src/ur_onrobot) by extension 'python'
[1.471s] Level 1:colcon.colcon_core.package_identification:_identify(src/ur_onrobot) by extensions ['python_setup_py']
[1.471s] Level 1:colcon.colcon_core.package_identification:_identify(src/ur_onrobot) by extension 'python_setup_py'
[1.472s] Level 1:colcon.colcon_core.package_identification:_identify(src/ur_onrobot/doc) by extensions ['ignore', 'ignore_ament_install']
[1.473s] Level 1:colcon.colcon_core.package_identification:_identify(src/ur_onrobot/doc) by extension 'ignore'
[1.474s] Level 1:colcon.colcon_core.package_identification:_identify(src/ur_onrobot/doc) by extension 'ignore_ament_install'
[1.475s] Level 1:colcon.colcon_core.package_identification:_identify(src/ur_onrobot/doc) by extensions ['colcon_pkg']
[1.475s] Level 1:colcon.colcon_core.package_identification:_identify(src/ur_onrobot/doc) by extension 'colcon_pkg'
[1.475s] Level 1:colcon.colcon_core.package_identification:_identify(src/ur_onrobot/doc) by extensions ['colcon_meta']
[1.475s] Level 1:colcon.colcon_core.package_identification:_identify(src/ur_onrobot/doc) by extension 'colcon_meta'
[1.475s] Level 1:colcon.colcon_core.package_identification:_identify(src/ur_onrobot/doc) by extensions ['ros']
[1.475s] Level 1:colcon.colcon_core.package_identification:_identify(src/ur_onrobot/doc) by extension 'ros'
[1.475s] Level 1:colcon.colcon_core.package_identification:_identify(src/ur_onrobot/doc) by extensions ['cmake', 'python']
[1.475s] Level 1:colcon.colcon_core.package_identification:_identify(src/ur_onrobot/doc) by extension 'cmake'
[1.475s] Level 1:colcon.colcon_core.package_identification:_identify(src/ur_onrobot/doc) by extension 'python'
[1.476s] Level 1:colcon.colcon_core.package_identification:_identify(src/ur_onrobot/doc) by extensions ['python_setup_py']
[1.476s] Level 1:colcon.colcon_core.package_identification:_identify(src/ur_onrobot/doc) by extension 'python_setup_py'
[1.476s] Level 1:colcon.colcon_core.package_identification:_identify(src/ur_onrobot/doc/images) by extensions ['ignore', 'ignore_ament_install']
[1.476s] Level 1:colcon.colcon_core.package_identification:_identify(src/ur_onrobot/doc/images) by extension 'ignore'
[1.476s] Level 1:colcon.colcon_core.package_identification:_identify(src/ur_onrobot/doc/images) by extension 'ignore_ament_install'
[1.477s] Level 1:colcon.colcon_core.package_identification:_identify(src/ur_onrobot/doc/images) by extensions ['colcon_pkg']
[1.477s] Level 1:colcon.colcon_core.package_identification:_identify(src/ur_onrobot/doc/images) by extension 'colcon_pkg'
[1.477s] Level 1:colcon.colcon_core.package_identification:_identify(src/ur_onrobot/doc/images) by extensions ['colcon_meta']
[1.477s] Level 1:colcon.colcon_core.package_identification:_identify(src/ur_onrobot/doc/images) by extension 'colcon_meta'
[1.477s] Level 1:colcon.colcon_core.package_identification:_identify(src/ur_onrobot/doc/images) by extensions ['ros']
[1.477s] Level 1:colcon.colcon_core.package_identification:_identify(src/ur_onrobot/doc/images) by extension 'ros'
[1.477s] Level 1:colcon.colcon_core.package_identification:_identify(src/ur_onrobot/doc/images) by extensions ['cmake', 'python']
[1.477s] Level 1:colcon.colcon_core.package_identification:_identify(src/ur_onrobot/doc/images) by extension 'cmake'
[1.477s] Level 1:colcon.colcon_core.package_identification:_identify(src/ur_onrobot/doc/images) by extension 'python'
[1.478s] Level 1:colcon.colcon_core.package_identification:_identify(src/ur_onrobot/doc/images) by extensions ['python_setup_py']
[1.478s] Level 1:colcon.colcon_core.package_identification:_identify(src/ur_onrobot/doc/images) by extension 'python_setup_py'
[1.478s] Level 1:colcon.colcon_core.package_identification:_identify(src/ur_onrobot/ur_onrobot_control) by extensions ['ignore', 'ignore_ament_install']
[1.478s] Level 1:colcon.colcon_core.package_identification:_identify(src/ur_onrobot/ur_onrobot_control) by extension 'ignore'
[1.478s] Level 1:colcon.colcon_core.package_identification:_identify(src/ur_onrobot/ur_onrobot_control) by extension 'ignore_ament_install'
[1.478s] Level 1:colcon.colcon_core.package_identification:_identify(src/ur_onrobot/ur_onrobot_control) by extensions ['colcon_pkg']
[1.478s] Level 1:colcon.colcon_core.package_identification:_identify(src/ur_onrobot/ur_onrobot_control) by extension 'colcon_pkg'
[1.478s] Level 1:colcon.colcon_core.package_identification:_identify(src/ur_onrobot/ur_onrobot_control) by extensions ['colcon_meta']
[1.479s] Level 1:colcon.colcon_core.package_identification:_identify(src/ur_onrobot/ur_onrobot_control) by extension 'colcon_meta'
[1.479s] Level 1:colcon.colcon_core.package_identification:_identify(src/ur_onrobot/ur_onrobot_control) by extensions ['ros']
[1.479s] Level 1:colcon.colcon_core.package_identification:_identify(src/ur_onrobot/ur_onrobot_control) by extension 'ros'
[1.480s] DEBUG:colcon.colcon_core.package_identification:Package 'src/ur_onrobot/ur_onrobot_control' with type 'ros.ament_cmake' and name 'ur_onrobot_control'
[1.480s] Level 1:colcon.colcon_core.package_identification:_identify(src/ur_onrobot/ur_onrobot_description) by extensions ['ignore', 'ignore_ament_install']
[1.480s] Level 1:colcon.colcon_core.package_identification:_identify(src/ur_onrobot/ur_onrobot_description) by extension 'ignore'
[1.481s] Level 1:colcon.colcon_core.package_identification:_identify(src/ur_onrobot/ur_onrobot_description) by extension 'ignore_ament_install'
[1.481s] Level 1:colcon.colcon_core.package_identification:_identify(src/ur_onrobot/ur_onrobot_description) by extensions ['colcon_pkg']
[1.481s] Level 1:colcon.colcon_core.package_identification:_identify(src/ur_onrobot/ur_onrobot_description) by extension 'colcon_pkg'
[1.481s] Level 1:colcon.colcon_core.package_identification:_identify(src/ur_onrobot/ur_onrobot_description) by extensions ['colcon_meta']
[1.481s] Level 1:colcon.colcon_core.package_identification:_identify(src/ur_onrobot/ur_onrobot_description) by extension 'colcon_meta'
[1.481s] Level 1:colcon.colcon_core.package_identification:_identify(src/ur_onrobot/ur_onrobot_description) by extensions ['ros']
[1.481s] Level 1:colcon.colcon_core.package_identification:_identify(src/ur_onrobot/ur_onrobot_description) by extension 'ros'
[1.482s] DEBUG:colcon.colcon_core.package_identification:Package 'src/ur_onrobot/ur_onrobot_description' with type 'ros.ament_cmake' and name 'ur_onrobot_description'
[1.483s] Level 1:colcon.colcon_core.package_identification:_identify(src/ur_onrobot/ur_onrobot_moveit_config) by extensions ['ignore', 'ignore_ament_install']
[1.483s] Level 1:colcon.colcon_core.package_identification:_identify(src/ur_onrobot/ur_onrobot_moveit_config) by extension 'ignore'
[1.483s] Level 1:colcon.colcon_core.package_identification:_identify(src/ur_onrobot/ur_onrobot_moveit_config) by extension 'ignore_ament_install'
[1.483s] Level 1:colcon.colcon_core.package_identification:_identify(src/ur_onrobot/ur_onrobot_moveit_config) by extensions ['colcon_pkg']
[1.483s] Level 1:colcon.colcon_core.package_identification:_identify(src/ur_onrobot/ur_onrobot_moveit_config) by extension 'colcon_pkg'
[1.483s] Level 1:colcon.colcon_core.package_identification:_identify(src/ur_onrobot/ur_onrobot_moveit_config) by extensions ['colcon_meta']
[1.483s] Level 1:colcon.colcon_core.package_identification:_identify(src/ur_onrobot/ur_onrobot_moveit_config) by extension 'colcon_meta'
[1.484s] Level 1:colcon.colcon_core.package_identification:_identify(src/ur_onrobot/ur_onrobot_moveit_config) by extensions ['ros']
[1.484s] Level 1:colcon.colcon_core.package_identification:_identify(src/ur_onrobot/ur_onrobot_moveit_config) by extension 'ros'
[1.485s] DEBUG:colcon.colcon_core.package_identification:Package 'src/ur_onrobot/ur_onrobot_moveit_config' with type 'ros.ament_cmake' and name 'ur_onrobot_moveit_config'
[1.485s] Level 1:colcon.colcon_core.package_discovery:discover_packages(recursive) using defaults
[1.485s] Level 1:colcon.colcon_core.package_discovery:discover_packages(ignore) discover
[1.485s] Level 1:colcon.colcon_core.package_discovery:discover_packages(ignore) using defaults
[1.485s] Level 1:colcon.colcon_core.package_discovery:discover_packages(path) discover
[1.485s] Level 1:colcon.colcon_core.package_discovery:discover_packages(path) using defaults
[1.546s] INFO:colcon.colcon_core.package_selection:Skipping not selected package 'object_msgs' in 'src/object_msgs'
[1.546s] INFO:colcon.colcon_core.package_selection:Skipping not selected package 'onrobot_description' in 'src/onrobot_description'
[1.546s] INFO:colcon.colcon_core.package_selection:Skipping not selected package 'ur3_demo_cpp' in 'src/ur3_demo_cpp'
[1.547s] INFO:colcon.colcon_core.package_selection:Skipping not selected package 'ur_description_local' in 'src/ur_description_local'
[1.547s] INFO:colcon.colcon_core.package_selection:Skipping not selected package 'motion_control_subsystem' in 'src/motion_control_subsystem'
[1.547s] INFO:colcon.colcon_core.package_selection:Skipping not selected package 'onrobot_driver' in 'src/onrobot_driver'
[1.547s] INFO:colcon.colcon_core.package_selection:Skipping not selected package 'ur_onrobot_description' in 'src/ur_onrobot/ur_onrobot_description'
[1.547s] INFO:colcon.colcon_core.package_selection:Skipping not selected package 'ur_onrobot_control' in 'src/ur_onrobot/ur_onrobot_control'
[1.547s] INFO:colcon.colcon_core.package_selection:Skipping not selected package 'ur_onrobot_moveit_config' in 'src/ur_onrobot/ur_onrobot_moveit_config'
[1.548s] Level 1:colcon.colcon_core.package_discovery:discover_packages(prefix_path) check parameters
[1.548s] Level 1:colcon.colcon_core.package_discovery:discover_packages(prefix_path) discover
[1.556s] DEBUG:colcon.colcon_installed_package_information.package_discovery:Found 9 installed packages in /home/billy/git/Robotics-Studio-2/install
[1.559s] DEBUG:colcon.colcon_installed_package_information.package_discovery:Found 486 installed packages in /opt/ros/humble
[1.563s] Level 1:colcon.colcon_core.package_discovery:discover_packages(prefix_path) using defaults
[1.719s] Level 5:colcon.colcon_core.verb:set package 'ur_gripper_demo' build argument 'cmake_args' from command line to 'None'
[1.719s] Level 5:colcon.colcon_core.verb:set package 'ur_gripper_demo' build argument 'cmake_target' from command line to 'None'
[1.719s] Level 5:colcon.colcon_core.verb:set package 'ur_gripper_demo' build argument 'cmake_target_skip_unavailable' from command line to 'False'
[1.719s] Level 5:colcon.colcon_core.verb:set package 'ur_gripper_demo' build argument 'cmake_clean_cache' from command line to 'False'
[1.719s] Level 5:colcon.colcon_core.verb:set package 'ur_gripper_demo' build argument 'cmake_clean_first' from command line to 'False'
[1.719s] Level 5:colcon.colcon_core.verb:set package 'ur_gripper_demo' build argument 'cmake_force_configure' from command line to 'False'
[1.719s] Level 5:colcon.colcon_core.verb:set package 'ur_gripper_demo' build argument 'ament_cmake_args' from command line to 'None'
[1.719s] Level 5:colcon.colcon_core.verb:set package 'ur_gripper_demo' build argument 'catkin_cmake_args' from command line to 'None'
[1.719s] Level 5:colcon.colcon_core.verb:set package 'ur_gripper_demo' build argument 'catkin_skip_building_tests' from command line to 'False'
[1.719s] DEBUG:colcon.colcon_core.verb:Building package 'ur_gripper_demo' with the following arguments: {'ament_cmake_args': None, 'build_base': '/home/billy/git/Robotics-Studio-2/build/ur_gripper_demo', 'catkin_cmake_args': None, 'catkin_skip_building_tests': False, 'cmake_args': None, 'cmake_clean_cache': False, 'cmake_clean_first': False, 'cmake_force_configure': False, 'cmake_target': None, 'cmake_target_skip_unavailable': False, 'install_base': '/home/billy/git/Robotics-Studio-2/install/ur_gripper_demo', 'merge_install': False, 'path': '/home/billy/git/Robotics-Studio-2/src/ur_gripper_demo', 'symlink_install': False, 'test_result_base': None}
[1.720s] INFO:colcon.colcon_core.executor:Executing jobs using 'parallel' executor
[1.721s] DEBUG:colcon.colcon_parallel_executor.executor.parallel:run_until_complete
[1.722s] INFO:colcon.colcon_ros.task.ament_cmake.build:Building ROS package in '/home/billy/git/Robotics-Studio-2/src/ur_gripper_demo' with build type 'ament_cmake'
[1.722s] INFO:colcon.colcon_cmake.task.cmake.build:Building CMake package in '/home/billy/git/Robotics-Studio-2/src/ur_gripper_demo'
[1.740s] INFO:colcon.colcon_core.plugin_system:Skipping extension 'colcon_core.shell.bat': Not used on non-Windows systems
[1.740s] INFO:colcon.colcon_core.shell:Skip shell extension 'powershell' for command environment: Not usable outside of PowerShell
[1.740s] DEBUG:colcon.colcon_core.shell:Skip shell extension 'dsv' for command environment
[1.873s] DEBUG:colcon.colcon_core.event_handler.log_command:Invoking command in '/home/billy/git/Robotics-Studio-2/build/ur_gripper_demo': CMAKE_PREFIX_PATH=/home/billy/git/Robotics-Studio-2/install/object_msgs:/home/billy/git/Robotics-Studio-2/install/ur_onrobot_moveit_config:/home/billy/git/Robotics-Studio-2/install/ur_onrobot_control:/home/billy/git/Robotics-Studio-2/install/ur_onrobot_description:/home/billy/git/Robotics-Studio-2/install/ur_gripper_demo:/home/billy/git/Robotics-Studio-2/install/ur_description_local:/home/billy/git/Robotics-Studio-2/install/ur3_demo_cpp:/home/billy/git/Robotics-Studio-2/install/onrobot_driver:/home/billy/git/Robotics-Studio-2/install/onrobot_description:/opt/ros/humble LD_LIBRARY_PATH=/home/billy/git/Robotics-Studio-2/install/object_msgs/lib:/home/billy/git/Robotics-Studio-2/install/onrobot_driver/lib:/usr/lib/x86_64-linux-gnu/gazebo-11/plugins:/opt/ros/humble/opt/rviz_ogre_vendor/lib:/opt/ros/humble/lib/x86_64-linux-gnu:/opt/ros/humble/lib /usr/bin/cmake --build /home/billy/git/Robotics-Studio-2/build/ur_gripper_demo -- -j16 -l16
[35.351s] DEBUG:colcon.colcon_core.event_handler.log_command:Invoked command in '/home/billy/git/Robotics-Studio-2/build/ur_gripper_demo' returned '2': CMAKE_PREFIX_PATH=/home/billy/git/Robotics-Studio-2/install/object_msgs:/home/billy/git/Robotics-Studio-2/install/ur_onrobot_moveit_config:/home/billy/git/Robotics-Studio-2/install/ur_onrobot_control:/home/billy/git/Robotics-Studio-2/install/ur_onrobot_description:/home/billy/git/Robotics-Studio-2/install/ur_gripper_demo:/home/billy/git/Robotics-Studio-2/install/ur_description_local:/home/billy/git/Robotics-Studio-2/install/ur3_demo_cpp:/home/billy/git/Robotics-Studio-2/install/onrobot_driver:/home/billy/git/Robotics-Studio-2/install/onrobot_description:/opt/ros/humble LD_LIBRARY_PATH=/home/billy/git/Robotics-Studio-2/install/object_msgs/lib:/home/billy/git/Robotics-Studio-2/install/onrobot_driver/lib:/usr/lib/x86_64-linux-gnu/gazebo-11/plugins:/opt/ros/humble/opt/rviz_ogre_vendor/lib:/opt/ros/humble/lib/x86_64-linux-gnu:/opt/ros/humble/lib /usr/bin/cmake --build /home/billy/git/Robotics-Studio-2/build/ur_gripper_demo -- -j16 -l16
[35.358s] Level 1:colcon.colcon_core.environment:create_environment_scripts_only(ur_gripper_demo)
[35.375s] Level 1:colcon.colcon_core.environment:checking '/home/billy/git/Robotics-Studio-2/install/ur_gripper_demo' for CMake module files
[35.377s] Level 1:colcon.colcon_core.environment:checking '/home/billy/git/Robotics-Studio-2/install/ur_gripper_demo' for CMake config files
[35.384s] Level 1:colcon.colcon_core.shell:create_environment_hook('ur_gripper_demo', 'cmake_prefix_path')
[35.384s] INFO:colcon.colcon_core.shell:Creating environment hook '/home/billy/git/Robotics-Studio-2/install/ur_gripper_demo/share/ur_gripper_demo/hook/cmake_prefix_path.ps1'
[35.387s] INFO:colcon.colcon_core.shell:Creating environment descriptor '/home/billy/git/Robotics-Studio-2/install/ur_gripper_demo/share/ur_gripper_demo/hook/cmake_prefix_path.dsv'
[35.390s] INFO:colcon.colcon_core.shell:Creating environment hook '/home/billy/git/Robotics-Studio-2/install/ur_gripper_demo/share/ur_gripper_demo/hook/cmake_prefix_path.sh'
[35.392s] Level 1:colcon.colcon_core.environment:checking '/home/billy/git/Robotics-Studio-2/install/ur_gripper_demo/lib'
[35.392s] Level 1:colcon.colcon_core.environment:checking '/home/billy/git/Robotics-Studio-2/install/ur_gripper_demo/bin'
[35.392s] Level 1:colcon.colcon_core.environment:checking '/home/billy/git/Robotics-Studio-2/install/ur_gripper_demo/lib/pkgconfig/ur_gripper_demo.pc'
[35.392s] Level 1:colcon.colcon_core.environment:checking '/home/billy/git/Robotics-Studio-2/install/ur_gripper_demo/lib/python3.10/site-packages'
[35.393s] Level 1:colcon.colcon_core.environment:checking '/home/billy/git/Robotics-Studio-2/install/ur_gripper_demo/bin'
[35.393s] INFO:colcon.colcon_core.shell:Creating package script '/home/billy/git/Robotics-Studio-2/install/ur_gripper_demo/share/ur_gripper_demo/package.ps1'
[35.395s] INFO:colcon.colcon_core.shell:Creating package descriptor '/home/billy/git/Robotics-Studio-2/install/ur_gripper_demo/share/ur_gripper_demo/package.dsv'
[35.397s] INFO:colcon.colcon_core.shell:Creating package script '/home/billy/git/Robotics-Studio-2/install/ur_gripper_demo/share/ur_gripper_demo/package.sh'
[35.399s] INFO:colcon.colcon_core.shell:Creating package script '/home/billy/git/Robotics-Studio-2/install/ur_gripper_demo/share/ur_gripper_demo/package.bash'
[35.401s] INFO:colcon.colcon_core.shell:Creating package script '/home/billy/git/Robotics-Studio-2/install/ur_gripper_demo/share/ur_gripper_demo/package.zsh'
[35.403s] Level 1:colcon.colcon_core.environment:create_file_with_runtime_dependencies(/home/billy/git/Robotics-Studio-2/install/ur_gripper_demo/share/colcon-core/packages/ur_gripper_demo)
[35.405s] DEBUG:colcon.colcon_parallel_executor.executor.parallel:closing loop
[35.406s] DEBUG:colcon.colcon_parallel_executor.executor.parallel:loop closed
[35.406s] DEBUG:colcon.colcon_parallel_executor.executor.parallel:run_until_complete finished with '2'
[35.406s] DEBUG:colcon.colcon_core.event_reactor:joining thread
[35.471s] INFO:colcon.colcon_core.plugin_system:Skipping extension 'colcon_notification.desktop_notification.notify_send': Could not find 'notify-send'
[35.471s] INFO:colcon.colcon_core.plugin_system:Skipping extension 'colcon_notification.desktop_notification.terminal_notifier': Not used on non-Darwin systems
[35.471s] INFO:colcon.colcon_core.plugin_system:Skipping extension 'colcon_notification.desktop_notification.win32': Not used on non-Windows systems
[35.472s] INFO:colcon.colcon_notification.desktop_notification:Sending desktop notification using 'notify2'
[35.476s] DEBUG:colcon.colcon_notification.desktop_notification.notify2:Failed to initialize notify2: org.freedesktop.DBus.Error.ServiceUnknown: The name org.freedesktop.Notifications was not provided by any .service files
[35.477s] DEBUG:colcon.colcon_core.event_reactor:joined thread
[35.477s] INFO:colcon.colcon_core.shell:Creating prefix script '/home/billy/git/Robotics-Studio-2/install/local_setup.ps1'
[35.479s] INFO:colcon.colcon_core.shell:Creating prefix util module '/home/billy/git/Robotics-Studio-2/install/_local_setup_util_ps1.py'
[35.482s] INFO:colcon.colcon_core.shell:Creating prefix chain script '/home/billy/git/Robotics-Studio-2/install/setup.ps1'
[35.484s] INFO:colcon.colcon_core.shell:Creating prefix script '/home/billy/git/Robotics-Studio-2/install/local_setup.sh'
[35.486s] INFO:colcon.colcon_core.shell:Creating prefix util module '/home/billy/git/Robotics-Studio-2/install/_local_setup_util_sh.py'
[35.487s] INFO:colcon.colcon_core.shell:Creating prefix chain script '/home/billy/git/Robotics-Studio-2/install/setup.sh'
[35.489s] INFO:colcon.colcon_core.shell:Creating prefix script '/home/billy/git/Robotics-Studio-2/install/local_setup.bash'
[35.490s] INFO:colcon.colcon_core.shell:Creating prefix chain script '/home/billy/git/Robotics-Studio-2/install/setup.bash'
[35.492s] INFO:colcon.colcon_core.shell:Creating prefix script '/home/billy/git/Robotics-Studio-2/install/local_setup.zsh'
[35.495s] INFO:colcon.colcon_core.shell:Creating prefix chain script '/home/billy/git/Robotics-Studio-2/install/setup.zsh'
