-- Found ament_cmake: 1.3.13 (/opt/ros/humble/share/ament_cmake/cmake)
-- Override CMake install command with custom implementation using symlinks instead of copying resources
-- Found rclcpp: 16.0.18 (/opt/ros/humble/share/rclcpp/cmake)
-- Found rosidl_generator_c: 3.1.8 (/opt/ros/humble/share/rosidl_generator_c/cmake)
-- Found rosidl_adapter: 3.1.8 (/opt/ros/humble/share/rosidl_adapter/cmake)
-- Found rosidl_generator_cpp: 3.1.8 (/opt/ros/humble/share/rosidl_generator_cpp/cmake)
-- Using all available rosidl_typesupport_c: rosidl_typesupport_fastrtps_c;rosidl_typesupport_introspection_c
-- Using all available rosidl_typesupport_cpp: rosidl_typesupport_fastrtps_cpp;rosidl_typesupport_introspection_cpp
-- Found rmw_implementation_cmake: 6.1.2 (/opt/ros/humble/share/rmw_implementation_cmake/cmake)
-- Found rmw_fastrtps_cpp: 6.2.10 (/opt/ros/humble/share/rmw_fastrtps_cpp/cmake)
-- Using RMW implementation 'rmw_fastrtps_cpp' as default
-- Found geometry_msgs: 4.9.1 (/opt/ros/humble/share/geometry_msgs/cmake)
-- Found moveit_core: 2.5.9 (/opt/ros/humble/share/moveit_core/cmake)
-- Found Boost: /usr/lib/x86_64-linux-gnu/cmake/Boost-1.74.0/BoostConfig.cmake (found version "1.74.0") found components: chrono date_time filesystem iostreams program_options regex serialization system thread 
-- Found parameter_traits: 0.6.0 (/opt/ros/humble/share/parameter_traits/cmake)
-- Found rclcpp_lifecycle: 16.0.18 (/opt/ros/humble/share/rclcpp_lifecycle/cmake)
-- Found Boost: /usr/lib/x86_64-linux-gnu/cmake/Boost-1.74.0/BoostConfig.cmake (found version "1.74.0") found components: filesystem 
-- library: /usr/lib/x86_64-linux-gnu/libcurl.so
-- Ensuring Eigen3 include directory is part of orocos-kdl CMake target
-- Found moveit_ros_planning: 2.5.9 (/opt/ros/humble/share/moveit_ros_planning/cmake)
-- Found Boost: /usr/lib/x86_64-linux-gnu/cmake/Boost-1.74.0/BoostConfig.cmake (found version "1.74.0") found components: system filesystem date_time program_options thread chrono 
-- Found moveit_ros_planning_interface: 2.5.9 (/opt/ros/humble/share/moveit_ros_planning_interface/cmake)
-- Found Boost: /usr/lib/x86_64-linux-gnu/cmake/Boost-1.74.0/BoostConfig.cmake (found version "1.74.0") found components: date_time filesystem program_options system thread 
-- Found Boost: /usr/lib/x86_64-linux-gnu/cmake/Boost-1.74.0/BoostConfig.cmake (found version "1.74.0") found components: thread system filesystem regex date_time program_options 
-- Found Boost: /usr/lib/x86_64-linux-gnu/cmake/Boost-1.74.0/BoostConfig.cmake (found version "1.74.0") found components: system filesystem date_time program_options thread 
-- Found moveit_visual_tools: 4.1.2 (/opt/ros/humble/share/moveit_visual_tools/cmake)
-- Setting assimp_DIR to: '/opt/ros/humble/share/rviz_assimp_vendor/cmake/../../../opt/rviz_assimp_vendor/lib/cmake/assimp-4.1'
-- Setting OGRE_DIR to: '/opt/ros/humble/share/rviz_ogre_vendor/cmake/../../../opt/rviz_ogre_vendor/lib/OGRE/cmake'
-- Found OGRE
--   static     : OFF
--   components : HLMS;MeshLodGenerator;Overlay;Paging;Property;RTShaderSystem;Terrain;Volume
--   plugins    : Plugin_BSPSceneManager;Plugin_OctreeSceneManager;Plugin_PCZSceneManager;Plugin_ParticleFX;RenderSystem_GL;RenderSystem_GL3Plus;Codec_STBI
--   media      : /opt/ros/humble/opt/rviz_ogre_vendor/share/OGRE/Media
-- OGRE_LIBRARIES: OgreHLMS;OgreMeshLodGenerator;OgreOverlay;OgrePaging;OgreProperty;OgreRTShaderSystem;OgreTerrain;OgreVolume;OgreMain
-- OGRE_LIBRARY_DIRS: /opt/ros/humble/opt/rviz_ogre_vendor/lib
-- OGRE_PLUGINS: Plugin_BSPSceneManager;Plugin_OctreeSceneManager;Plugin_PCZSceneManager;Plugin_ParticleFX;RenderSystem_GL;RenderSystem_GL3Plus;Codec_STBI
-- OGRE_PLUGIN_DIR: /opt/ros/humble/opt/rviz_ogre_vendor/lib/OGRE
-- rviz_ogre_vendor::OgreOverlay for IMPORTED_LOCATION_RELEASE: /opt/ros/humble/opt/rviz_ogre_vendor/lib/libOgreOverlay.so
-- rviz_ogre_vendor::OgreOverlay for IMPORTED_LOCATION_DEBUG: /opt/ros/humble/opt/rviz_ogre_vendor/lib/libOgreOverlay.so
-- rviz_ogre_vendor::OgreMain for IMPORTED_LOCATION_RELEASE: /opt/ros/humble/opt/rviz_ogre_vendor/lib/libOgreMain.so
-- rviz_ogre_vendor::OgreMain for IMPORTED_LOCATION_DEBUG: /opt/ros/humble/opt/rviz_ogre_vendor/lib/libOgreMain.so
-- Configuring done
-- Generating done
-- Build files have been written to: /home/billy/git/Robotics-Studio-2/build/ur3_demo_cpp
[35m[1mConsolidate compiler generated dependencies of target panda_demo_node[0m
[100%] Built target panda_demo_node
-- Install configuration: ""
-- Execute custom install script
-- Up-to-date symlink: /home/billy/git/Robotics-Studio-2/install/ur3_demo_cpp/lib/ur3_demo_cpp/panda_demo_node
-- Up-to-date symlink: /home/billy/git/Robotics-Studio-2/install/ur3_demo_cpp/share/ur3_demo_cpp/launch/ur_moveit.launch.py
-- Up-to-date symlink: /home/billy/git/Robotics-Studio-2/install/ur3_demo_cpp/share/ament_index/resource_index/package_run_dependencies/ur3_demo_cpp
-- Up-to-date symlink: /home/billy/git/Robotics-Studio-2/install/ur3_demo_cpp/share/ament_index/resource_index/parent_prefix_path/ur3_demo_cpp
-- Up-to-date symlink: /home/billy/git/Robotics-Studio-2/install/ur3_demo_cpp/share/ur3_demo_cpp/environment/ament_prefix_path.sh
-- Up-to-date symlink: /home/billy/git/Robotics-Studio-2/install/ur3_demo_cpp/share/ur3_demo_cpp/environment/ament_prefix_path.dsv
-- Up-to-date symlink: /home/billy/git/Robotics-Studio-2/install/ur3_demo_cpp/share/ur3_demo_cpp/environment/path.sh
-- Up-to-date symlink: /home/billy/git/Robotics-Studio-2/install/ur3_demo_cpp/share/ur3_demo_cpp/environment/path.dsv
-- Up-to-date symlink: /home/billy/git/Robotics-Studio-2/install/ur3_demo_cpp/share/ur3_demo_cpp/local_setup.bash
-- Up-to-date symlink: /home/billy/git/Robotics-Studio-2/install/ur3_demo_cpp/share/ur3_demo_cpp/local_setup.sh
-- Up-to-date symlink: /home/billy/git/Robotics-Studio-2/install/ur3_demo_cpp/share/ur3_demo_cpp/local_setup.zsh
-- Up-to-date symlink: /home/billy/git/Robotics-Studio-2/install/ur3_demo_cpp/share/ur3_demo_cpp/local_setup.dsv
-- Symlinking: /home/billy/git/Robotics-Studio-2/install/ur3_demo_cpp/share/ur3_demo_cpp/package.dsv
-- Up-to-date symlink: /home/billy/git/Robotics-Studio-2/install/ur3_demo_cpp/share/ament_index/resource_index/packages/ur3_demo_cpp
-- Up-to-date symlink: /home/billy/git/Robotics-Studio-2/install/ur3_demo_cpp/share/ur3_demo_cpp/cmake/ur3_demo_cppConfig.cmake
-- Up-to-date symlink: /home/billy/git/Robotics-Studio-2/install/ur3_demo_cpp/share/ur3_demo_cpp/cmake/ur3_demo_cppConfig-version.cmake
-- Up-to-date symlink: /home/billy/git/Robotics-Studio-2/install/ur3_demo_cpp/share/ur3_demo_cpp/package.xml
