[0.078s] Invoking command in '/home/billy/git/Robotics-Studio-2/build/ur3_demo_cpp': CMAKE_PREFIX_PATH=${CMAKE_PREFIX_PATH}:/opt/ros/humble /usr/bin/cmake /home/billy/git/Robotics-Studio-2/src/ur3_demo_cpp -DCMAKE_INSTALL_PREFIX=/home/billy/git/Robotics-Studio-2/install/ur3_demo_cpp
[0.106s] -- Found ament_cmake: 1.3.13 (/opt/ros/humble/share/ament_cmake/cmake)
[0.424s] -- Override CMake install command with custom implementation using symlinks instead of copying resources
[0.425s] -- Found rclcpp: 16.0.18 (/opt/ros/humble/share/rclcpp/cmake)
[0.598s] -- Found rosidl_generator_c: 3.1.8 (/opt/ros/humble/share/rosidl_generator_c/cmake)
[0.602s] -- Found rosidl_adapter: 3.1.8 (/opt/ros/humble/share/rosidl_adapter/cmake)
[0.614s] -- Found rosidl_generator_cpp: 3.1.8 (/opt/ros/humble/share/rosidl_generator_cpp/cmake)
[0.637s] -- Using all available rosidl_typesupport_c: rosidl_typesupport_fastrtps_c;rosidl_typesupport_introspection_c
[0.661s] -- Using all available rosidl_typesupport_cpp: rosidl_typesupport_fastrtps_cpp;rosidl_typesupport_introspection_cpp
[0.736s] -- Found rmw_implementation_cmake: 6.1.2 (/opt/ros/humble/share/rmw_implementation_cmake/cmake)
[0.740s] -- Found rmw_fastrtps_cpp: 6.2.10 (/opt/ros/humble/share/rmw_fastrtps_cpp/cmake)
[7.912s] -- Using RMW implementation 'rmw_fastrtps_cpp' as default
[8.011s] -- Found geometry_msgs: 4.9.1 (/opt/ros/humble/share/geometry_msgs/cmake)
[8.034s] -- Found moveit_core: 2.5.9 (/opt/ros/humble/share/moveit_core/cmake)
[8.079s] -- Found Boost: /usr/lib/x86_64-linux-gnu/cmake/Boost-1.74.0/BoostConfig.cmake (found version "1.74.0") found components: chrono date_time filesystem iostreams program_options regex serialization system thread 
[9.129s] -- Found parameter_traits: 0.6.0 (/opt/ros/humble/share/parameter_traits/cmake)
[9.143s] -- Found rclcpp_lifecycle: 16.0.18 (/opt/ros/humble/share/rclcpp_lifecycle/cmake)
[9.182s] -- Found Boost: /usr/lib/x86_64-linux-gnu/cmake/Boost-1.74.0/BoostConfig.cmake (found version "1.74.0") found components: filesystem 
[11.083s] -- library: /usr/lib/x86_64-linux-gnu/libcurl.so
[11.204s] -- Ensuring Eigen3 include directory is part of orocos-kdl CMake target
[13.287s] -- Found moveit_ros_planning: 2.5.9 (/opt/ros/humble/share/moveit_ros_planning/cmake)
[13.299s] -- Found Boost: /usr/lib/x86_64-linux-gnu/cmake/Boost-1.74.0/BoostConfig.cmake (found version "1.74.0") found components: system filesystem date_time program_options thread chrono 
[13.342s] -- Found moveit_ros_planning_interface: 2.5.9 (/opt/ros/humble/share/moveit_ros_planning_interface/cmake)
[13.353s] -- Found Boost: /usr/lib/x86_64-linux-gnu/cmake/Boost-1.74.0/BoostConfig.cmake (found version "1.74.0") found components: date_time filesystem program_options system thread 
[13.380s] -- Found Boost: /usr/lib/x86_64-linux-gnu/cmake/Boost-1.74.0/BoostConfig.cmake (found version "1.74.0") found components: thread system filesystem regex date_time program_options 
[13.421s] -- Found Boost: /usr/lib/x86_64-linux-gnu/cmake/Boost-1.74.0/BoostConfig.cmake (found version "1.74.0") found components: system filesystem date_time program_options thread 
[13.472s] -- Found moveit_visual_tools: 4.1.2 (/opt/ros/humble/share/moveit_visual_tools/cmake)
[13.686s] -- Setting assimp_DIR to: '/opt/ros/humble/share/rviz_assimp_vendor/cmake/../../../opt/rviz_assimp_vendor/lib/cmake/assimp-4.1'
[13.699s] -- Setting OGRE_DIR to: '/opt/ros/humble/share/rviz_ogre_vendor/cmake/../../../opt/rviz_ogre_vendor/lib/OGRE/cmake'
[13.703s] -- Found OGRE
[13.703s] --   static     : OFF
[13.703s] --   components : HLMS;MeshLodGenerator;Overlay;Paging;Property;RTShaderSystem;Terrain;Volume
[13.703s] --   plugins    : Plugin_BSPSceneManager;Plugin_OctreeSceneManager;Plugin_PCZSceneManager;Plugin_ParticleFX;RenderSystem_GL;RenderSystem_GL3Plus;Codec_STBI
[13.703s] --   media      : /opt/ros/humble/opt/rviz_ogre_vendor/share/OGRE/Media
[13.703s] -- OGRE_LIBRARIES: OgreHLMS;OgreMeshLodGenerator;OgreOverlay;OgrePaging;OgreProperty;OgreRTShaderSystem;OgreTerrain;OgreVolume;OgreMain
[13.704s] -- OGRE_LIBRARY_DIRS: /opt/ros/humble/opt/rviz_ogre_vendor/lib
[13.704s] -- OGRE_PLUGINS: Plugin_BSPSceneManager;Plugin_OctreeSceneManager;Plugin_PCZSceneManager;Plugin_ParticleFX;RenderSystem_GL;RenderSystem_GL3Plus;Codec_STBI
[13.704s] -- OGRE_PLUGIN_DIR: /opt/ros/humble/opt/rviz_ogre_vendor/lib/OGRE
[13.704s] -- rviz_ogre_vendor::OgreOverlay for IMPORTED_LOCATION_RELEASE: /opt/ros/humble/opt/rviz_ogre_vendor/lib/libOgreOverlay.so
[13.705s] -- rviz_ogre_vendor::OgreOverlay for IMPORTED_LOCATION_DEBUG: /opt/ros/humble/opt/rviz_ogre_vendor/lib/libOgreOverlay.so
[13.705s] -- rviz_ogre_vendor::OgreMain for IMPORTED_LOCATION_RELEASE: /opt/ros/humble/opt/rviz_ogre_vendor/lib/libOgreMain.so
[13.705s] -- rviz_ogre_vendor::OgreMain for IMPORTED_LOCATION_DEBUG: /opt/ros/humble/opt/rviz_ogre_vendor/lib/libOgreMain.so
[16.320s] -- Configuring done
[16.446s] -- Generating done
[16.474s] -- Build files have been written to: /home/billy/git/Robotics-Studio-2/build/ur3_demo_cpp
[16.513s] Invoked command in '/home/billy/git/Robotics-Studio-2/build/ur3_demo_cpp' returned '0': CMAKE_PREFIX_PATH=${CMAKE_PREFIX_PATH}:/opt/ros/humble /usr/bin/cmake /home/billy/git/Robotics-Studio-2/src/ur3_demo_cpp -DCMAKE_INSTALL_PREFIX=/home/billy/git/Robotics-Studio-2/install/ur3_demo_cpp
[16.517s] Invoking command in '/home/billy/git/Robotics-Studio-2/build/ur3_demo_cpp': CMAKE_PREFIX_PATH=${CMAKE_PREFIX_PATH}:/opt/ros/humble /usr/bin/cmake --build /home/billy/git/Robotics-Studio-2/build/ur3_demo_cpp -- -j16 -l16
[16.646s] [35m[1mConsolidate compiler generated dependencies of target panda_demo_node[0m
[16.737s] [100%] Built target panda_demo_node
[16.769s] Invoked command in '/home/billy/git/Robotics-Studio-2/build/ur3_demo_cpp' returned '0': CMAKE_PREFIX_PATH=${CMAKE_PREFIX_PATH}:/opt/ros/humble /usr/bin/cmake --build /home/billy/git/Robotics-Studio-2/build/ur3_demo_cpp -- -j16 -l16
[16.773s] Invoking command in '/home/billy/git/Robotics-Studio-2/build/ur3_demo_cpp': CMAKE_PREFIX_PATH=${CMAKE_PREFIX_PATH}:/opt/ros/humble /usr/bin/cmake --install /home/billy/git/Robotics-Studio-2/build/ur3_demo_cpp
[16.791s] -- Install configuration: ""
[16.792s] -- Execute custom install script
[16.793s] -- Up-to-date symlink: /home/billy/git/Robotics-Studio-2/install/ur3_demo_cpp/lib/ur3_demo_cpp/panda_demo_node
[16.794s] -- Up-to-date symlink: /home/billy/git/Robotics-Studio-2/install/ur3_demo_cpp/share/ur3_demo_cpp/launch/ur_moveit.launch.py
[16.794s] -- Up-to-date symlink: /home/billy/git/Robotics-Studio-2/install/ur3_demo_cpp/share/ament_index/resource_index/package_run_dependencies/ur3_demo_cpp
[16.795s] -- Up-to-date symlink: /home/billy/git/Robotics-Studio-2/install/ur3_demo_cpp/share/ament_index/resource_index/parent_prefix_path/ur3_demo_cpp
[16.795s] -- Up-to-date symlink: /home/billy/git/Robotics-Studio-2/install/ur3_demo_cpp/share/ur3_demo_cpp/environment/ament_prefix_path.sh
[16.796s] -- Up-to-date symlink: /home/billy/git/Robotics-Studio-2/install/ur3_demo_cpp/share/ur3_demo_cpp/environment/ament_prefix_path.dsv
[16.797s] -- Up-to-date symlink: /home/billy/git/Robotics-Studio-2/install/ur3_demo_cpp/share/ur3_demo_cpp/environment/path.sh
[16.798s] -- Up-to-date symlink: /home/billy/git/Robotics-Studio-2/install/ur3_demo_cpp/share/ur3_demo_cpp/environment/path.dsv
[16.799s] -- Up-to-date symlink: /home/billy/git/Robotics-Studio-2/install/ur3_demo_cpp/share/ur3_demo_cpp/local_setup.bash
[16.800s] -- Up-to-date symlink: /home/billy/git/Robotics-Studio-2/install/ur3_demo_cpp/share/ur3_demo_cpp/local_setup.sh
[16.800s] -- Up-to-date symlink: /home/billy/git/Robotics-Studio-2/install/ur3_demo_cpp/share/ur3_demo_cpp/local_setup.zsh
[16.801s] -- Up-to-date symlink: /home/billy/git/Robotics-Studio-2/install/ur3_demo_cpp/share/ur3_demo_cpp/local_setup.dsv
[16.801s] -- Symlinking: /home/billy/git/Robotics-Studio-2/install/ur3_demo_cpp/share/ur3_demo_cpp/package.dsv
[16.827s] -- Up-to-date symlink: /home/billy/git/Robotics-Studio-2/install/ur3_demo_cpp/share/ament_index/resource_index/packages/ur3_demo_cpp
[16.827s] -- Up-to-date symlink: /home/billy/git/Robotics-Studio-2/install/ur3_demo_cpp/share/ur3_demo_cpp/cmake/ur3_demo_cppConfig.cmake
[16.827s] -- Up-to-date symlink: /home/billy/git/Robotics-Studio-2/install/ur3_demo_cpp/share/ur3_demo_cpp/cmake/ur3_demo_cppConfig-version.cmake
[16.828s] -- Up-to-date symlink: /home/billy/git/Robotics-Studio-2/install/ur3_demo_cpp/share/ur3_demo_cpp/package.xml
[16.835s] Invoked command in '/home/billy/git/Robotics-Studio-2/build/ur3_demo_cpp' returned '0': CMAKE_PREFIX_PATH=${CMAKE_PREFIX_PATH}:/opt/ros/humble /usr/bin/cmake --install /home/billy/git/Robotics-Studio-2/build/ur3_demo_cpp
