Built target ament_cmake_python_symlink_ur_onrobot_moveit_config
running egg_info
writing ur_onrobot_moveit_config.egg-info/PKG-INFO
writing dependency_links to ur_onrobot_moveit_config.egg-info/dependency_links.txt
writing top-level names to ur_onrobot_moveit_config.egg-info/top_level.txt
reading manifest file 'ur_onrobot_moveit_config.egg-info/SOURCES.txt'
writing manifest file 'ur_onrobot_moveit_config.egg-info/SOURCES.txt'
Built target ament_cmake_python_build_ur_onrobot_moveit_config_egg
-- Install configuration: ""
-- Execute custom install script
-- Symlinking: /home/billy/git/Robotics-Studio-2/install/ur_onrobot_moveit_config/share/ur_onrobot_moveit_config/config/controllers.yaml
-- Symlinking: /home/billy/git/Robotics-Studio-2/install/ur_onrobot_moveit_config/share/ur_onrobot_moveit_config/config/joint_limits.yaml
-- Symlinking: /home/billy/git/Robotics-Studio-2/install/ur_onrobot_moveit_config/share/ur_onrobot_moveit_config/config/kinematics.yaml
-- Symlinking: /home/billy/git/Robotics-Studio-2/install/ur_onrobot_moveit_config/share/ur_onrobot_moveit_config/config/ompl_planning.yaml
-- Symlinking: /home/billy/git/Robotics-Studio-2/install/ur_onrobot_moveit_config/share/ur_onrobot_moveit_config/config/stomp_planning.yaml
-- Symlinking: /home/billy/git/Robotics-Studio-2/install/ur_onrobot_moveit_config/share/ur_onrobot_moveit_config/config/ur_onrobot_servo.yaml
-- Symlinking: /home/billy/git/Robotics-Studio-2/install/ur_onrobot_moveit_config/share/ur_onrobot_moveit_config/launch/ur_onrobot_moveit.launch.py
-- Symlinking: /home/billy/git/Robotics-Studio-2/install/ur_onrobot_moveit_config/share/ur_onrobot_moveit_config/rviz/view_robot.rviz
-- Symlinking: /home/billy/git/Robotics-Studio-2/install/ur_onrobot_moveit_config/share/ur_onrobot_moveit_config/srdf/ur_onrobot.srdf.xacro
-- Symlinking: /home/billy/git/Robotics-Studio-2/install/ur_onrobot_moveit_config/share/ur_onrobot_moveit_config/srdf/ur_onrobot_macro.srdf.xacro
-- Symlinking: /home/billy/git/Robotics-Studio-2/install/ur_onrobot_moveit_config/share/ur_onrobot_moveit_config/environment/pythonpath.sh
-- Symlinking: /home/billy/git/Robotics-Studio-2/install/ur_onrobot_moveit_config/share/ur_onrobot_moveit_config/environment/pythonpath.dsv
-- Symlinking: /home/billy/git/Robotics-Studio-2/install/ur_onrobot_moveit_config/local/lib/python3.10/dist-packages/ur_onrobot_moveit_config-0.0.1-py3.10.egg-info/PKG-INFO
-- Symlinking: /home/billy/git/Robotics-Studio-2/install/ur_onrobot_moveit_config/local/lib/python3.10/dist-packages/ur_onrobot_moveit_config-0.0.1-py3.10.egg-info/SOURCES.txt
-- Symlinking: /home/billy/git/Robotics-Studio-2/install/ur_onrobot_moveit_config/local/lib/python3.10/dist-packages/ur_onrobot_moveit_config-0.0.1-py3.10.egg-info/dependency_links.txt
-- Symlinking: /home/billy/git/Robotics-Studio-2/install/ur_onrobot_moveit_config/local/lib/python3.10/dist-packages/ur_onrobot_moveit_config-0.0.1-py3.10.egg-info/top_level.txt
-- Symlinking: /home/billy/git/Robotics-Studio-2/install/ur_onrobot_moveit_config/local/lib/python3.10/dist-packages/ur_onrobot_moveit_config/__init__.py
-- Symlinking: /home/billy/git/Robotics-Studio-2/install/ur_onrobot_moveit_config/local/lib/python3.10/dist-packages/ur_onrobot_moveit_config/launch_common.py
-- Symlinking: /home/billy/git/Robotics-Studio-2/install/ur_onrobot_moveit_config/local/lib/python3.10/dist-packages/launch_common.py
-- Symlinking: /home/billy/git/Robotics-Studio-2/install/ur_onrobot_moveit_config/share/ament_index/resource_index/package_run_dependencies/ur_onrobot_moveit_config
-- Symlinking: /home/billy/git/Robotics-Studio-2/install/ur_onrobot_moveit_config/share/ament_index/resource_index/parent_prefix_path/ur_onrobot_moveit_config
-- Symlinking: /home/billy/git/Robotics-Studio-2/install/ur_onrobot_moveit_config/share/ur_onrobot_moveit_config/environment/ament_prefix_path.sh
-- Symlinking: /home/billy/git/Robotics-Studio-2/install/ur_onrobot_moveit_config/share/ur_onrobot_moveit_config/environment/ament_prefix_path.dsv
-- Symlinking: /home/billy/git/Robotics-Studio-2/install/ur_onrobot_moveit_config/share/ur_onrobot_moveit_config/environment/path.sh
-- Symlinking: /home/billy/git/Robotics-Studio-2/install/ur_onrobot_moveit_config/share/ur_onrobot_moveit_config/environment/path.dsv
-- Symlinking: /home/billy/git/Robotics-Studio-2/install/ur_onrobot_moveit_config/share/ur_onrobot_moveit_config/local_setup.bash
-- Symlinking: /home/billy/git/Robotics-Studio-2/install/ur_onrobot_moveit_config/share/ur_onrobot_moveit_config/local_setup.sh
-- Symlinking: /home/billy/git/Robotics-Studio-2/install/ur_onrobot_moveit_config/share/ur_onrobot_moveit_config/local_setup.zsh
-- Symlinking: /home/billy/git/Robotics-Studio-2/install/ur_onrobot_moveit_config/share/ur_onrobot_moveit_config/local_setup.dsv
-- Symlinking: /home/billy/git/Robotics-Studio-2/install/ur_onrobot_moveit_config/share/ur_onrobot_moveit_config/package.dsv
-- Symlinking: /home/billy/git/Robotics-Studio-2/install/ur_onrobot_moveit_config/share/ament_index/resource_index/packages/ur_onrobot_moveit_config
-- Symlinking: /home/billy/git/Robotics-Studio-2/install/ur_onrobot_moveit_config/share/ur_onrobot_moveit_config/cmake/ur_onrobot_moveit_configConfig.cmake
-- Symlinking: /home/billy/git/Robotics-Studio-2/install/ur_onrobot_moveit_config/share/ur_onrobot_moveit_config/cmake/ur_onrobot_moveit_configConfig-version.cmake
-- Symlinking: /home/billy/git/Robotics-Studio-2/install/ur_onrobot_moveit_config/share/ur_onrobot_moveit_config/package.xml
Listing '/home/billy/git/Robotics-Studio-2/install/ur_onrobot_moveit_config/local/lib/python3.10/dist-packages/ur_onrobot_moveit_config'...
Compiling '/home/billy/git/Robotics-Studio-2/install/ur_onrobot_moveit_config/local/lib/python3.10/dist-packages/ur_onrobot_moveit_config/__init__.py'...
Compiling '/home/billy/git/Robotics-Studio-2/install/ur_onrobot_moveit_config/local/lib/python3.10/dist-packages/ur_onrobot_moveit_config/launch_common.py'...
Compiling '/home/billy/git/Robotics-Studio-2/install/ur_onrobot_moveit_config/local/lib/python3.10/dist-packages/launch_common.py'...
