[0.129s] Invoking command in '/home/billy/git/Robotics-Studio-2/build/ur_onrobot_moveit_config': CMAKE_PREFIX_PATH=/home/billy/git/Robotics-Studio-2/install/ur_onrobot_control:/home/billy/git/Robotics-Studio-2/install/ur_onrobot_description:/home/billy/git/Robotics-Studio-2/install/onrobot_driver:/home/billy/git/Robotics-Studio-2/install/onrobot_description:/home/billy/git/Robotics-Studio-2/install/ur_onrobot_moveit_config:/home/billy/git/Robotics-Studio-2/install/ur_gripper_demo:/home/billy/git/Robotics-Studio-2/install/ur_description_local:/home/billy/git/Robotics-Studio-2/install/ur3_demo_cpp:/home/billy/git/Robotics-Studio-2/install/moveit_task_constructor_visualization:/home/billy/git/Robotics-Studio-2/install/moveit_task_constructor_demo:/home/billy/git/Robotics-Studio-2/install/moveit_task_constructor_capabilities:/home/billy/git/Robotics-Studio-2/install/moveit_task_constructor_core:/home/billy/git/Robotics-Studio-2/install/rviz_marker_tools:/home/billy/git/Robotics-Studio-2/install/object_msgs:/home/billy/git/Robotics-Studio-2/install/moveit_task_constructor_msgs:/opt/ros/humble LD_LIBRARY_PATH=/home/billy/git/Robotics-Studio-2/install/onrobot_driver/lib:/home/billy/git/Robotics-Studio-2/install/moveit_task_constructor_visualization/lib:/home/billy/git/Robotics-Studio-2/install/moveit_task_constructor_demo/lib:/home/billy/git/Robotics-Studio-2/install/moveit_task_constructor_capabilities/lib:/home/billy/git/Robotics-Studio-2/install/moveit_task_constructor_core/lib:/home/billy/git/Robotics-Studio-2/install/rviz_marker_tools/lib:/home/billy/git/Robotics-Studio-2/install/object_msgs/lib:/home/billy/git/Robotics-Studio-2/install/moveit_task_constructor_msgs/lib:/usr/lib/x86_64-linux-gnu/gazebo-11/plugins:/opt/ros/humble/opt/rviz_ogre_vendor/lib:/opt/ros/humble/lib/x86_64-linux-gnu:/opt/ros/humble/lib /usr/bin/cmake --build /home/billy/git/Robotics-Studio-2/build/ur_onrobot_moveit_config -- -j16 -l16
[0.201s] Built target ament_cmake_python_symlink_ur_onrobot_moveit_config
[0.467s] running egg_info
[0.468s] writing ur_onrobot_moveit_config.egg-info/PKG-INFO
[0.469s] writing dependency_links to ur_onrobot_moveit_config.egg-info/dependency_links.txt
[0.469s] writing top-level names to ur_onrobot_moveit_config.egg-info/top_level.txt
[0.472s] reading manifest file 'ur_onrobot_moveit_config.egg-info/SOURCES.txt'
[0.475s] writing manifest file 'ur_onrobot_moveit_config.egg-info/SOURCES.txt'
[0.523s] Built target ament_cmake_python_build_ur_onrobot_moveit_config_egg
[0.537s] Invoked command in '/home/billy/git/Robotics-Studio-2/build/ur_onrobot_moveit_config' returned '0': CMAKE_PREFIX_PATH=/home/billy/git/Robotics-Studio-2/install/ur_onrobot_control:/home/billy/git/Robotics-Studio-2/install/ur_onrobot_description:/home/billy/git/Robotics-Studio-2/install/onrobot_driver:/home/billy/git/Robotics-Studio-2/install/onrobot_description:/home/billy/git/Robotics-Studio-2/install/ur_onrobot_moveit_config:/home/billy/git/Robotics-Studio-2/install/ur_gripper_demo:/home/billy/git/Robotics-Studio-2/install/ur_description_local:/home/billy/git/Robotics-Studio-2/install/ur3_demo_cpp:/home/billy/git/Robotics-Studio-2/install/moveit_task_constructor_visualization:/home/billy/git/Robotics-Studio-2/install/moveit_task_constructor_demo:/home/billy/git/Robotics-Studio-2/install/moveit_task_constructor_capabilities:/home/billy/git/Robotics-Studio-2/install/moveit_task_constructor_core:/home/billy/git/Robotics-Studio-2/install/rviz_marker_tools:/home/billy/git/Robotics-Studio-2/install/object_msgs:/home/billy/git/Robotics-Studio-2/install/moveit_task_constructor_msgs:/opt/ros/humble LD_LIBRARY_PATH=/home/billy/git/Robotics-Studio-2/install/onrobot_driver/lib:/home/billy/git/Robotics-Studio-2/install/moveit_task_constructor_visualization/lib:/home/billy/git/Robotics-Studio-2/install/moveit_task_constructor_demo/lib:/home/billy/git/Robotics-Studio-2/install/moveit_task_constructor_capabilities/lib:/home/billy/git/Robotics-Studio-2/install/moveit_task_constructor_core/lib:/home/billy/git/Robotics-Studio-2/install/rviz_marker_tools/lib:/home/billy/git/Robotics-Studio-2/install/object_msgs/lib:/home/billy/git/Robotics-Studio-2/install/moveit_task_constructor_msgs/lib:/usr/lib/x86_64-linux-gnu/gazebo-11/plugins:/opt/ros/humble/opt/rviz_ogre_vendor/lib:/opt/ros/humble/lib/x86_64-linux-gnu:/opt/ros/humble/lib /usr/bin/cmake --build /home/billy/git/Robotics-Studio-2/build/ur_onrobot_moveit_config -- -j16 -l16
[0.543s] Invoking command in '/home/billy/git/Robotics-Studio-2/build/ur_onrobot_moveit_config': CMAKE_PREFIX_PATH=/home/billy/git/Robotics-Studio-2/install/ur_onrobot_control:/home/billy/git/Robotics-Studio-2/install/ur_onrobot_description:/home/billy/git/Robotics-Studio-2/install/onrobot_driver:/home/billy/git/Robotics-Studio-2/install/onrobot_description:/home/billy/git/Robotics-Studio-2/install/ur_onrobot_moveit_config:/home/billy/git/Robotics-Studio-2/install/ur_gripper_demo:/home/billy/git/Robotics-Studio-2/install/ur_description_local:/home/billy/git/Robotics-Studio-2/install/ur3_demo_cpp:/home/billy/git/Robotics-Studio-2/install/moveit_task_constructor_visualization:/home/billy/git/Robotics-Studio-2/install/moveit_task_constructor_demo:/home/billy/git/Robotics-Studio-2/install/moveit_task_constructor_capabilities:/home/billy/git/Robotics-Studio-2/install/moveit_task_constructor_core:/home/billy/git/Robotics-Studio-2/install/rviz_marker_tools:/home/billy/git/Robotics-Studio-2/install/object_msgs:/home/billy/git/Robotics-Studio-2/install/moveit_task_constructor_msgs:/opt/ros/humble LD_LIBRARY_PATH=/home/billy/git/Robotics-Studio-2/install/onrobot_driver/lib:/home/billy/git/Robotics-Studio-2/install/moveit_task_constructor_visualization/lib:/home/billy/git/Robotics-Studio-2/install/moveit_task_constructor_demo/lib:/home/billy/git/Robotics-Studio-2/install/moveit_task_constructor_capabilities/lib:/home/billy/git/Robotics-Studio-2/install/moveit_task_constructor_core/lib:/home/billy/git/Robotics-Studio-2/install/rviz_marker_tools/lib:/home/billy/git/Robotics-Studio-2/install/object_msgs/lib:/home/billy/git/Robotics-Studio-2/install/moveit_task_constructor_msgs/lib:/usr/lib/x86_64-linux-gnu/gazebo-11/plugins:/opt/ros/humble/opt/rviz_ogre_vendor/lib:/opt/ros/humble/lib/x86_64-linux-gnu:/opt/ros/humble/lib /usr/bin/cmake --install /home/billy/git/Robotics-Studio-2/build/ur_onrobot_moveit_config
[0.552s] -- Install configuration: ""
[0.554s] -- Execute custom install script
[0.556s] -- Symlinking: /home/billy/git/Robotics-Studio-2/install/ur_onrobot_moveit_config/share/ur_onrobot_moveit_config/config/controllers.yaml
[0.568s] -- Symlinking: /home/billy/git/Robotics-Studio-2/install/ur_onrobot_moveit_config/share/ur_onrobot_moveit_config/config/joint_limits.yaml
[0.583s] -- Symlinking: /home/billy/git/Robotics-Studio-2/install/ur_onrobot_moveit_config/share/ur_onrobot_moveit_config/config/kinematics.yaml
[0.602s] -- Symlinking: /home/billy/git/Robotics-Studio-2/install/ur_onrobot_moveit_config/share/ur_onrobot_moveit_config/config/ompl_planning.yaml
[0.618s] -- Symlinking: /home/billy/git/Robotics-Studio-2/install/ur_onrobot_moveit_config/share/ur_onrobot_moveit_config/config/stomp_planning.yaml
[0.633s] -- Symlinking: /home/billy/git/Robotics-Studio-2/install/ur_onrobot_moveit_config/share/ur_onrobot_moveit_config/config/ur_onrobot_servo.yaml
[0.646s] -- Symlinking: /home/billy/git/Robotics-Studio-2/install/ur_onrobot_moveit_config/share/ur_onrobot_moveit_config/launch/ur_onrobot_moveit.launch.py
[0.660s] -- Symlinking: /home/billy/git/Robotics-Studio-2/install/ur_onrobot_moveit_config/share/ur_onrobot_moveit_config/rviz/view_robot.rviz
[0.672s] -- Symlinking: /home/billy/git/Robotics-Studio-2/install/ur_onrobot_moveit_config/share/ur_onrobot_moveit_config/srdf/ur_onrobot.srdf.xacro
[0.684s] -- Symlinking: /home/billy/git/Robotics-Studio-2/install/ur_onrobot_moveit_config/share/ur_onrobot_moveit_config/srdf/ur_onrobot_macro.srdf.xacro
[0.697s] -- Symlinking: /home/billy/git/Robotics-Studio-2/install/ur_onrobot_moveit_config/share/ur_onrobot_moveit_config/environment/pythonpath.sh
[0.711s] -- Symlinking: /home/billy/git/Robotics-Studio-2/install/ur_onrobot_moveit_config/share/ur_onrobot_moveit_config/environment/pythonpath.dsv
[0.727s] -- Symlinking: /home/billy/git/Robotics-Studio-2/install/ur_onrobot_moveit_config/local/lib/python3.10/dist-packages/ur_onrobot_moveit_config-0.0.1-py3.10.egg-info/PKG-INFO
[0.741s] -- Symlinking: /home/billy/git/Robotics-Studio-2/install/ur_onrobot_moveit_config/local/lib/python3.10/dist-packages/ur_onrobot_moveit_config-0.0.1-py3.10.egg-info/SOURCES.txt
[0.752s] -- Symlinking: /home/billy/git/Robotics-Studio-2/install/ur_onrobot_moveit_config/local/lib/python3.10/dist-packages/ur_onrobot_moveit_config-0.0.1-py3.10.egg-info/dependency_links.txt
[0.764s] -- Symlinking: /home/billy/git/Robotics-Studio-2/install/ur_onrobot_moveit_config/local/lib/python3.10/dist-packages/ur_onrobot_moveit_config-0.0.1-py3.10.egg-info/top_level.txt
[0.778s] -- Symlinking: /home/billy/git/Robotics-Studio-2/install/ur_onrobot_moveit_config/local/lib/python3.10/dist-packages/ur_onrobot_moveit_config/__init__.py
[0.792s] -- Symlinking: /home/billy/git/Robotics-Studio-2/install/ur_onrobot_moveit_config/local/lib/python3.10/dist-packages/ur_onrobot_moveit_config/launch_common.py
[0.807s] -- Symlinking: /home/billy/git/Robotics-Studio-2/install/ur_onrobot_moveit_config/local/lib/python3.10/dist-packages/launch_common.py
[0.829s] -- Symlinking: /home/billy/git/Robotics-Studio-2/install/ur_onrobot_moveit_config/share/ament_index/resource_index/package_run_dependencies/ur_onrobot_moveit_config
[0.849s] -- Symlinking: /home/billy/git/Robotics-Studio-2/install/ur_onrobot_moveit_config/share/ament_index/resource_index/parent_prefix_path/ur_onrobot_moveit_config
[0.865s] -- Symlinking: /home/billy/git/Robotics-Studio-2/install/ur_onrobot_moveit_config/share/ur_onrobot_moveit_config/environment/ament_prefix_path.sh
[0.883s] -- Symlinking: /home/billy/git/Robotics-Studio-2/install/ur_onrobot_moveit_config/share/ur_onrobot_moveit_config/environment/ament_prefix_path.dsv
[0.898s] -- Symlinking: /home/billy/git/Robotics-Studio-2/install/ur_onrobot_moveit_config/share/ur_onrobot_moveit_config/environment/path.sh
[0.911s] -- Symlinking: /home/billy/git/Robotics-Studio-2/install/ur_onrobot_moveit_config/share/ur_onrobot_moveit_config/environment/path.dsv
[0.924s] -- Symlinking: /home/billy/git/Robotics-Studio-2/install/ur_onrobot_moveit_config/share/ur_onrobot_moveit_config/local_setup.bash
[0.937s] -- Symlinking: /home/billy/git/Robotics-Studio-2/install/ur_onrobot_moveit_config/share/ur_onrobot_moveit_config/local_setup.sh
[0.949s] -- Symlinking: /home/billy/git/Robotics-Studio-2/install/ur_onrobot_moveit_config/share/ur_onrobot_moveit_config/local_setup.zsh
[0.961s] -- Symlinking: /home/billy/git/Robotics-Studio-2/install/ur_onrobot_moveit_config/share/ur_onrobot_moveit_config/local_setup.dsv
[0.973s] -- Symlinking: /home/billy/git/Robotics-Studio-2/install/ur_onrobot_moveit_config/share/ur_onrobot_moveit_config/package.dsv
[0.985s] -- Symlinking: /home/billy/git/Robotics-Studio-2/install/ur_onrobot_moveit_config/share/ament_index/resource_index/packages/ur_onrobot_moveit_config
[0.997s] -- Symlinking: /home/billy/git/Robotics-Studio-2/install/ur_onrobot_moveit_config/share/ur_onrobot_moveit_config/cmake/ur_onrobot_moveit_configConfig.cmake
[1.010s] -- Symlinking: /home/billy/git/Robotics-Studio-2/install/ur_onrobot_moveit_config/share/ur_onrobot_moveit_config/cmake/ur_onrobot_moveit_configConfig-version.cmake
[1.023s] -- Symlinking: /home/billy/git/Robotics-Studio-2/install/ur_onrobot_moveit_config/share/ur_onrobot_moveit_config/package.xml
[1.069s] Listing '/home/billy/git/Robotics-Studio-2/install/ur_onrobot_moveit_config/local/lib/python3.10/dist-packages/ur_onrobot_moveit_config'...
[1.069s] Compiling '/home/billy/git/Robotics-Studio-2/install/ur_onrobot_moveit_config/local/lib/python3.10/dist-packages/ur_onrobot_moveit_config/__init__.py'...
[1.069s] Compiling '/home/billy/git/Robotics-Studio-2/install/ur_onrobot_moveit_config/local/lib/python3.10/dist-packages/ur_onrobot_moveit_config/launch_common.py'...
[1.110s] Compiling '/home/billy/git/Robotics-Studio-2/install/ur_onrobot_moveit_config/local/lib/python3.10/dist-packages/launch_common.py'...
[1.134s] Invoked command in '/home/billy/git/Robotics-Studio-2/build/ur_onrobot_moveit_config' returned '0': CMAKE_PREFIX_PATH=/home/billy/git/Robotics-Studio-2/install/ur_onrobot_control:/home/billy/git/Robotics-Studio-2/install/ur_onrobot_description:/home/billy/git/Robotics-Studio-2/install/onrobot_driver:/home/billy/git/Robotics-Studio-2/install/onrobot_description:/home/billy/git/Robotics-Studio-2/install/ur_onrobot_moveit_config:/home/billy/git/Robotics-Studio-2/install/ur_gripper_demo:/home/billy/git/Robotics-Studio-2/install/ur_description_local:/home/billy/git/Robotics-Studio-2/install/ur3_demo_cpp:/home/billy/git/Robotics-Studio-2/install/moveit_task_constructor_visualization:/home/billy/git/Robotics-Studio-2/install/moveit_task_constructor_demo:/home/billy/git/Robotics-Studio-2/install/moveit_task_constructor_capabilities:/home/billy/git/Robotics-Studio-2/install/moveit_task_constructor_core:/home/billy/git/Robotics-Studio-2/install/rviz_marker_tools:/home/billy/git/Robotics-Studio-2/install/object_msgs:/home/billy/git/Robotics-Studio-2/install/moveit_task_constructor_msgs:/opt/ros/humble LD_LIBRARY_PATH=/home/billy/git/Robotics-Studio-2/install/onrobot_driver/lib:/home/billy/git/Robotics-Studio-2/install/moveit_task_constructor_visualization/lib:/home/billy/git/Robotics-Studio-2/install/moveit_task_constructor_demo/lib:/home/billy/git/Robotics-Studio-2/install/moveit_task_constructor_capabilities/lib:/home/billy/git/Robotics-Studio-2/install/moveit_task_constructor_core/lib:/home/billy/git/Robotics-Studio-2/install/rviz_marker_tools/lib:/home/billy/git/Robotics-Studio-2/install/object_msgs/lib:/home/billy/git/Robotics-Studio-2/install/moveit_task_constructor_msgs/lib:/usr/lib/x86_64-linux-gnu/gazebo-11/plugins:/opt/ros/humble/opt/rviz_ogre_vendor/lib:/opt/ros/humble/lib/x86_64-linux-gnu:/opt/ros/humble/lib /usr/bin/cmake --install /home/billy/git/Robotics-Studio-2/build/ur_onrobot_moveit_config
