[0.084s] Invoking command in '/home/billy/git/Robotics-Studio-2/build/ur_description_local': CMAKE_PREFIX_PATH=${CMAKE_PREFIX_PATH}:/opt/ros/humble /usr/bin/cmake --build /home/billy/git/Robotics-Studio-2/build/ur_description_local -- -j16 -l16
[0.194s] Invoked command in '/home/billy/git/Robotics-Studio-2/build/ur_description_local' returned '0': CMAKE_PREFIX_PATH=${CMAKE_PREFIX_PATH}:/opt/ros/humble /usr/bin/cmake --build /home/billy/git/Robotics-Studio-2/build/ur_description_local -- -j16 -l16
[0.203s] Invoking command in '/home/billy/git/Robotics-Studio-2/build/ur_description_local': CMAKE_PREFIX_PATH=${CMAKE_PREFIX_PATH}:/opt/ros/humble /usr/bin/cmake --install /home/billy/git/Robotics-Studio-2/build/ur_description_local
[0.239s] -- Install configuration: ""
[0.239s] -- Up-to-date: /home/billy/git/Robotics-Studio-2/install/ur_description_local/share/ur_description_local/config
[0.239s] -- Up-to-date: /home/billy/git/Robotics-Studio-2/install/ur_description_local/share/ur_description_local/config/initial_positions.yaml
[0.239s] -- Up-to-date: /home/billy/git/Robotics-Studio-2/install/ur_description_local/share/ur_description_local/config/ur18
[0.239s] -- Up-to-date: /home/billy/git/Robotics-Studio-2/install/ur_description_local/share/ur_description_local/config/ur18/default_kinematics.yaml:Zone.Identifier
[0.239s] -- Up-to-date: /home/billy/git/Robotics-Studio-2/install/ur_description_local/share/ur_description_local/config/ur18/joint_limits.yaml:Zone.Identifier
[0.240s] -- Up-to-date: /home/billy/git/Robotics-Studio-2/install/ur_description_local/share/ur_description_local/config/ur18/joint_limits.yaml
[0.240s] -- Up-to-date: /home/billy/git/Robotics-Studio-2/install/ur_description_local/share/ur_description_local/config/ur18/visual_parameters.yaml:Zone.Identifier
[0.240s] -- Up-to-date: /home/billy/git/Robotics-Studio-2/install/ur_description_local/share/ur_description_local/config/ur18/default_kinematics.yaml
[0.240s] -- Up-to-date: /home/billy/git/Robotics-Studio-2/install/ur_description_local/share/ur_description_local/config/ur18/physical_parameters.yaml
[0.242s] -- Up-to-date: /home/billy/git/Robotics-Studio-2/install/ur_description_local/share/ur_description_local/config/ur18/visual_parameters.yaml
[0.242s] -- Up-to-date: /home/billy/git/Robotics-Studio-2/install/ur_description_local/share/ur_description_local/config/ur18/physical_parameters.yaml:Zone.Identifier
[0.242s] -- Up-to-date: /home/billy/git/Robotics-Studio-2/install/ur_description_local/share/ur_description_local/config/ur3e
[0.242s] -- Up-to-date: /home/billy/git/Robotics-Studio-2/install/ur_description_local/share/ur_description_local/config/ur3e/default_kinematics.yaml:Zone.Identifier
[0.242s] -- Up-to-date: /home/billy/git/Robotics-Studio-2/install/ur_description_local/share/ur_description_local/config/ur3e/joint_limits.yaml:Zone.Identifier
[0.242s] -- Installing: /home/billy/git/Robotics-Studio-2/install/ur_description_local/share/ur_description_local/config/ur3e/joint_limits.yaml
[0.242s] -- Up-to-date: /home/billy/git/Robotics-Studio-2/install/ur_description_local/share/ur_description_local/config/ur3e/visual_parameters.yaml:Zone.Identifier
[0.242s] -- Up-to-date: /home/billy/git/Robotics-Studio-2/install/ur_description_local/share/ur_description_local/config/ur3e/default_kinematics.yaml
[0.243s] -- Up-to-date: /home/billy/git/Robotics-Studio-2/install/ur_description_local/share/ur_description_local/config/ur3e/physical_parameters.yaml
[0.243s] -- Up-to-date: /home/billy/git/Robotics-Studio-2/install/ur_description_local/share/ur_description_local/config/ur3e/visual_parameters.yaml
[0.243s] -- Up-to-date: /home/billy/git/Robotics-Studio-2/install/ur_description_local/share/ur_description_local/config/ur3e/physical_parameters.yaml:Zone.Identifier
[0.243s] -- Up-to-date: /home/billy/git/Robotics-Studio-2/install/ur_description_local/share/ur_description_local/config/ur5
[0.243s] -- Up-to-date: /home/billy/git/Robotics-Studio-2/install/ur_description_local/share/ur_description_local/config/ur5/default_kinematics.yaml:Zone.Identifier
[0.243s] -- Up-to-date: /home/billy/git/Robotics-Studio-2/install/ur_description_local/share/ur_description_local/config/ur5/joint_limits.yaml:Zone.Identifier
[0.243s] -- Up-to-date: /home/billy/git/Robotics-Studio-2/install/ur_description_local/share/ur_description_local/config/ur5/joint_limits.yaml
[0.244s] -- Up-to-date: /home/billy/git/Robotics-Studio-2/install/ur_description_local/share/ur_description_local/config/ur5/visual_parameters.yaml:Zone.Identifier
[0.244s] -- Up-to-date: /home/billy/git/Robotics-Studio-2/install/ur_description_local/share/ur_description_local/config/ur5/default_kinematics.yaml
[0.244s] -- Up-to-date: /home/billy/git/Robotics-Studio-2/install/ur_description_local/share/ur_description_local/config/ur5/physical_parameters.yaml
[0.244s] -- Up-to-date: /home/billy/git/Robotics-Studio-2/install/ur_description_local/share/ur_description_local/config/ur5/visual_parameters.yaml
[0.244s] -- Up-to-date: /home/billy/git/Robotics-Studio-2/install/ur_description_local/share/ur_description_local/config/ur5/physical_parameters.yaml:Zone.Identifier
[0.244s] -- Up-to-date: /home/billy/git/Robotics-Studio-2/install/ur_description_local/share/ur_description_local/config/ur10e
[0.244s] -- Up-to-date: /home/billy/git/Robotics-Studio-2/install/ur_description_local/share/ur_description_local/config/ur10e/default_kinematics.yaml:Zone.Identifier
[0.244s] -- Up-to-date: /home/billy/git/Robotics-Studio-2/install/ur_description_local/share/ur_description_local/config/ur10e/joint_limits.yaml:Zone.Identifier
[0.244s] -- Up-to-date: /home/billy/git/Robotics-Studio-2/install/ur_description_local/share/ur_description_local/config/ur10e/joint_limits.yaml
[0.245s] -- Up-to-date: /home/billy/git/Robotics-Studio-2/install/ur_description_local/share/ur_description_local/config/ur10e/visual_parameters.yaml:Zone.Identifier
[0.245s] -- Up-to-date: /home/billy/git/Robotics-Studio-2/install/ur_description_local/share/ur_description_local/config/ur10e/default_kinematics.yaml
[0.246s] -- Up-to-date: /home/billy/git/Robotics-Studio-2/install/ur_description_local/share/ur_description_local/config/ur10e/physical_parameters.yaml
[0.247s] -- Up-to-date: /home/billy/git/Robotics-Studio-2/install/ur_description_local/share/ur_description_local/config/ur10e/visual_parameters.yaml
[0.247s] -- Up-to-date: /home/billy/git/Robotics-Studio-2/install/ur_description_local/share/ur_description_local/config/ur10e/physical_parameters.yaml:Zone.Identifier
[0.247s] -- Up-to-date: /home/billy/git/Robotics-Studio-2/install/ur_description_local/share/ur_description_local/config/ur10
[0.247s] -- Up-to-date: /home/billy/git/Robotics-Studio-2/install/ur_description_local/share/ur_description_local/config/ur10/default_kinematics.yaml:Zone.Identifier
[0.247s] -- Up-to-date: /home/billy/git/Robotics-Studio-2/install/ur_description_local/share/ur_description_local/config/ur10/joint_limits.yaml:Zone.Identifier
[0.247s] -- Up-to-date: /home/billy/git/Robotics-Studio-2/install/ur_description_local/share/ur_description_local/config/ur10/joint_limits.yaml
[0.248s] -- Up-to-date: /home/billy/git/Robotics-Studio-2/install/ur_description_local/share/ur_description_local/config/ur10/visual_parameters.yaml:Zone.Identifier
[0.248s] -- Up-to-date: /home/billy/git/Robotics-Studio-2/install/ur_description_local/share/ur_description_local/config/ur10/default_kinematics.yaml
[0.248s] -- Up-to-date: /home/billy/git/Robotics-Studio-2/install/ur_description_local/share/ur_description_local/config/ur10/physical_parameters.yaml
[0.248s] -- Up-to-date: /home/billy/git/Robotics-Studio-2/install/ur_description_local/share/ur_description_local/config/ur10/visual_parameters.yaml
[0.248s] -- Up-to-date: /home/billy/git/Robotics-Studio-2/install/ur_description_local/share/ur_description_local/config/ur10/physical_parameters.yaml:Zone.Identifier
[0.248s] -- Up-to-date: /home/billy/git/Robotics-Studio-2/install/ur_description_local/share/ur_description_local/config/ur5e
[0.248s] -- Up-to-date: /home/billy/git/Robotics-Studio-2/install/ur_description_local/share/ur_description_local/config/ur5e/default_kinematics.yaml:Zone.Identifier
[0.248s] -- Up-to-date: /home/billy/git/Robotics-Studio-2/install/ur_description_local/share/ur_description_local/config/ur5e/joint_limits.yaml:Zone.Identifier
[0.248s] -- Up-to-date: /home/billy/git/Robotics-Studio-2/install/ur_description_local/share/ur_description_local/config/ur5e/joint_limits.yaml
[0.248s] -- Up-to-date: /home/billy/git/Robotics-Studio-2/install/ur_description_local/share/ur_description_local/config/ur5e/visual_parameters.yaml:Zone.Identifier
[0.248s] -- Up-to-date: /home/billy/git/Robotics-Studio-2/install/ur_description_local/share/ur_description_local/config/ur5e/default_kinematics.yaml
[0.249s] -- Up-to-date: /home/billy/git/Robotics-Studio-2/install/ur_description_local/share/ur_description_local/config/ur5e/physical_parameters.yaml
[0.249s] -- Up-to-date: /home/billy/git/Robotics-Studio-2/install/ur_description_local/share/ur_description_local/config/ur5e/visual_parameters.yaml
[0.249s] -- Up-to-date: /home/billy/git/Robotics-Studio-2/install/ur_description_local/share/ur_description_local/config/ur5e/physical_parameters.yaml:Zone.Identifier
[0.249s] -- Up-to-date: /home/billy/git/Robotics-Studio-2/install/ur_description_local/share/ur_description_local/config/ur7e
[0.249s] -- Up-to-date: /home/billy/git/Robotics-Studio-2/install/ur_description_local/share/ur_description_local/config/ur7e/default_kinematics.yaml:Zone.Identifier
[0.249s] -- Up-to-date: /home/billy/git/Robotics-Studio-2/install/ur_description_local/share/ur_description_local/config/ur7e/joint_limits.yaml:Zone.Identifier
[0.249s] -- Up-to-date: /home/billy/git/Robotics-Studio-2/install/ur_description_local/share/ur_description_local/config/ur7e/joint_limits.yaml
[0.250s] -- Up-to-date: /home/billy/git/Robotics-Studio-2/install/ur_description_local/share/ur_description_local/config/ur7e/visual_parameters.yaml:Zone.Identifier
[0.250s] -- Up-to-date: /home/billy/git/Robotics-Studio-2/install/ur_description_local/share/ur_description_local/config/ur7e/default_kinematics.yaml
[0.250s] -- Up-to-date: /home/billy/git/Robotics-Studio-2/install/ur_description_local/share/ur_description_local/config/ur7e/physical_parameters.yaml
[0.250s] -- Up-to-date: /home/billy/git/Robotics-Studio-2/install/ur_description_local/share/ur_description_local/config/ur7e/visual_parameters.yaml
[0.251s] -- Up-to-date: /home/billy/git/Robotics-Studio-2/install/ur_description_local/share/ur_description_local/config/ur7e/physical_parameters.yaml:Zone.Identifier
[0.251s] -- Up-to-date: /home/billy/git/Robotics-Studio-2/install/ur_description_local/share/ur_description_local/config/ur3
[0.252s] -- Up-to-date: /home/billy/git/Robotics-Studio-2/install/ur_description_local/share/ur_description_local/config/ur3/default_kinematics.yaml:Zone.Identifier
[0.252s] -- Up-to-date: /home/billy/git/Robotics-Studio-2/install/ur_description_local/share/ur_description_local/config/ur3/joint_limits.yaml:Zone.Identifier
[0.252s] -- Up-to-date: /home/billy/git/Robotics-Studio-2/install/ur_description_local/share/ur_description_local/config/ur3/joint_limits.yaml
[0.252s] -- Up-to-date: /home/billy/git/Robotics-Studio-2/install/ur_description_local/share/ur_description_local/config/ur3/visual_parameters.yaml:Zone.Identifier
[0.253s] -- Up-to-date: /home/billy/git/Robotics-Studio-2/install/ur_description_local/share/ur_description_local/config/ur3/default_kinematics.yaml
[0.253s] -- Up-to-date: /home/billy/git/Robotics-Studio-2/install/ur_description_local/share/ur_description_local/config/ur3/physical_parameters.yaml
[0.254s] -- Up-to-date: /home/billy/git/Robotics-Studio-2/install/ur_description_local/share/ur_description_local/config/ur3/visual_parameters.yaml
[0.254s] -- Up-to-date: /home/billy/git/Robotics-Studio-2/install/ur_description_local/share/ur_description_local/config/ur3/physical_parameters.yaml:Zone.Identifier
[0.254s] -- Up-to-date: /home/billy/git/Robotics-Studio-2/install/ur_description_local/share/ur_description_local/config/ur8long
[0.255s] -- Up-to-date: /home/billy/git/Robotics-Studio-2/install/ur_description_local/share/ur_description_local/config/ur8long/default_kinematics.yaml:Zone.Identifier
[0.256s] -- Up-to-date: /home/billy/git/Robotics-Studio-2/install/ur_description_local/share/ur_description_local/config/ur8long/joint_limits.yaml:Zone.Identifier
[0.257s] -- Up-to-date: /home/billy/git/Robotics-Studio-2/install/ur_description_local/share/ur_description_local/config/ur8long/joint_limits.yaml
[0.258s] -- Up-to-date: /home/billy/git/Robotics-Studio-2/install/ur_description_local/share/ur_description_local/config/ur8long/visual_parameters.yaml:Zone.Identifier
[0.259s] -- Up-to-date: /home/billy/git/Robotics-Studio-2/install/ur_description_local/share/ur_description_local/config/ur8long/default_kinematics.yaml
[0.261s] -- Up-to-date: /home/billy/git/Robotics-Studio-2/install/ur_description_local/share/ur_description_local/config/ur8long/physical_parameters.yaml
[0.261s] -- Up-to-date: /home/billy/git/Robotics-Studio-2/install/ur_description_local/share/ur_description_local/config/ur8long/visual_parameters.yaml
[0.261s] -- Up-to-date: /home/billy/git/Robotics-Studio-2/install/ur_description_local/share/ur_description_local/config/ur8long/physical_parameters.yaml:Zone.Identifier
[0.261s] -- Up-to-date: /home/billy/git/Robotics-Studio-2/install/ur_description_local/share/ur_description_local/config/ur15
[0.262s] -- Up-to-date: /home/billy/git/Robotics-Studio-2/install/ur_description_local/share/ur_description_local/config/ur15/default_kinematics.yaml:Zone.Identifier
[0.262s] -- Up-to-date: /home/billy/git/Robotics-Studio-2/install/ur_description_local/share/ur_description_local/config/ur15/joint_limits.yaml:Zone.Identifier
[0.262s] -- Up-to-date: /home/billy/git/Robotics-Studio-2/install/ur_description_local/share/ur_description_local/config/ur15/joint_limits.yaml
[0.262s] -- Up-to-date: /home/billy/git/Robotics-Studio-2/install/ur_description_local/share/ur_description_local/config/ur15/visual_parameters.yaml:Zone.Identifier
[0.262s] -- Up-to-date: /home/billy/git/Robotics-Studio-2/install/ur_description_local/share/ur_description_local/config/ur15/default_kinematics.yaml
[0.262s] -- Up-to-date: /home/billy/git/Robotics-Studio-2/install/ur_description_local/share/ur_description_local/config/ur15/physical_parameters.yaml
[0.262s] -- Up-to-date: /home/billy/git/Robotics-Studio-2/install/ur_description_local/share/ur_description_local/config/ur15/visual_parameters.yaml
[0.262s] -- Up-to-date: /home/billy/git/Robotics-Studio-2/install/ur_description_local/share/ur_description_local/config/ur15/physical_parameters.yaml:Zone.Identifier
[0.262s] -- Up-to-date: /home/billy/git/Robotics-Studio-2/install/ur_description_local/share/ur_description_local/config/ur16e
[0.263s] -- Up-to-date: /home/billy/git/Robotics-Studio-2/install/ur_description_local/share/ur_description_local/config/ur16e/default_kinematics.yaml:Zone.Identifier
[0.263s] -- Up-to-date: /home/billy/git/Robotics-Studio-2/install/ur_description_local/share/ur_description_local/config/ur16e/joint_limits.yaml:Zone.Identifier
[0.263s] -- Up-to-date: /home/billy/git/Robotics-Studio-2/install/ur_description_local/share/ur_description_local/config/ur16e/joint_limits.yaml
[0.263s] -- Up-to-date: /home/billy/git/Robotics-Studio-2/install/ur_description_local/share/ur_description_local/config/ur16e/visual_parameters.yaml:Zone.Identifier
[0.263s] -- Up-to-date: /home/billy/git/Robotics-Studio-2/install/ur_description_local/share/ur_description_local/config/ur16e/default_kinematics.yaml
[0.264s] -- Up-to-date: /home/billy/git/Robotics-Studio-2/install/ur_description_local/share/ur_description_local/config/ur16e/physical_parameters.yaml
[0.264s] -- Up-to-date: /home/billy/git/Robotics-Studio-2/install/ur_description_local/share/ur_description_local/config/ur16e/visual_parameters.yaml
[0.264s] -- Up-to-date: /home/billy/git/Robotics-Studio-2/install/ur_description_local/share/ur_description_local/config/ur16e/physical_parameters.yaml:Zone.Identifier
[0.264s] -- Up-to-date: /home/billy/git/Robotics-Studio-2/install/ur_description_local/share/ur_description_local/config/ur30
[0.264s] -- Up-to-date: /home/billy/git/Robotics-Studio-2/install/ur_description_local/share/ur_description_local/config/ur30/default_kinematics.yaml:Zone.Identifier
[0.265s] -- Up-to-date: /home/billy/git/Robotics-Studio-2/install/ur_description_local/share/ur_description_local/config/ur30/joint_limits.yaml:Zone.Identifier
[0.265s] -- Up-to-date: /home/billy/git/Robotics-Studio-2/install/ur_description_local/share/ur_description_local/config/ur30/joint_limits.yaml
[0.265s] -- Up-to-date: /home/billy/git/Robotics-Studio-2/install/ur_description_local/share/ur_description_local/config/ur30/visual_parameters.yaml:Zone.Identifier
[0.265s] -- Up-to-date: /home/billy/git/Robotics-Studio-2/install/ur_description_local/share/ur_description_local/config/ur30/default_kinematics.yaml
[0.265s] -- Up-to-date: /home/billy/git/Robotics-Studio-2/install/ur_description_local/share/ur_description_local/config/ur30/physical_parameters.yaml
[0.265s] -- Up-to-date: /home/billy/git/Robotics-Studio-2/install/ur_description_local/share/ur_description_local/config/ur30/visual_parameters.yaml
[0.265s] -- Up-to-date: /home/billy/git/Robotics-Studio-2/install/ur_description_local/share/ur_description_local/config/ur30/physical_parameters.yaml:Zone.Identifier
[0.266s] -- Up-to-date: /home/billy/git/Robotics-Studio-2/install/ur_description_local/share/ur_description_local/config/ur12e
[0.266s] -- Up-to-date: /home/billy/git/Robotics-Studio-2/install/ur_description_local/share/ur_description_local/config/ur12e/default_kinematics.yaml:Zone.Identifier
[0.266s] -- Up-to-date: /home/billy/git/Robotics-Studio-2/install/ur_description_local/share/ur_description_local/config/ur12e/joint_limits.yaml:Zone.Identifier
[0.266s] -- Up-to-date: /home/billy/git/Robotics-Studio-2/install/ur_description_local/share/ur_description_local/config/ur12e/joint_limits.yaml
[0.266s] -- Up-to-date: /home/billy/git/Robotics-Studio-2/install/ur_description_local/share/ur_description_local/config/ur12e/visual_parameters.yaml:Zone.Identifier
[0.266s] -- Up-to-date: /home/billy/git/Robotics-Studio-2/install/ur_description_local/share/ur_description_local/config/ur12e/default_kinematics.yaml
[0.266s] -- Up-to-date: /home/billy/git/Robotics-Studio-2/install/ur_description_local/share/ur_description_local/config/ur12e/physical_parameters.yaml
[0.267s] -- Up-to-date: /home/billy/git/Robotics-Studio-2/install/ur_description_local/share/ur_description_local/config/ur12e/visual_parameters.yaml
[0.267s] -- Up-to-date: /home/billy/git/Robotics-Studio-2/install/ur_description_local/share/ur_description_local/config/ur12e/physical_parameters.yaml:Zone.Identifier
[0.267s] -- Up-to-date: /home/billy/git/Robotics-Studio-2/install/ur_description_local/share/ur_description_local/config/initial_positions.yaml:Zone.Identifier
[0.267s] -- Up-to-date: /home/billy/git/Robotics-Studio-2/install/ur_description_local/share/ur_description_local/config/ur20
[0.267s] -- Up-to-date: /home/billy/git/Robotics-Studio-2/install/ur_description_local/share/ur_description_local/config/ur20/default_kinematics.yaml:Zone.Identifier
[0.267s] -- Up-to-date: /home/billy/git/Robotics-Studio-2/install/ur_description_local/share/ur_description_local/config/ur20/joint_limits.yaml:Zone.Identifier
[0.267s] -- Up-to-date: /home/billy/git/Robotics-Studio-2/install/ur_description_local/share/ur_description_local/config/ur20/joint_limits.yaml
[0.268s] -- Up-to-date: /home/billy/git/Robotics-Studio-2/install/ur_description_local/share/ur_description_local/config/ur20/visual_parameters.yaml:Zone.Identifier
[0.268s] -- Up-to-date: /home/billy/git/Robotics-Studio-2/install/ur_description_local/share/ur_description_local/config/ur20/default_kinematics.yaml
[0.268s] -- Up-to-date: /home/billy/git/Robotics-Studio-2/install/ur_description_local/share/ur_description_local/config/ur20/physical_parameters.yaml
[0.268s] -- Up-to-date: /home/billy/git/Robotics-Studio-2/install/ur_description_local/share/ur_description_local/config/ur20/visual_parameters.yaml
[0.268s] -- Up-to-date: /home/billy/git/Robotics-Studio-2/install/ur_description_local/share/ur_description_local/config/ur20/physical_parameters.yaml:Zone.Identifier
[0.268s] -- Up-to-date: /home/billy/git/Robotics-Studio-2/install/ur_description_local/share/ur_description_local/launch
[0.268s] -- Up-to-date: /home/billy/git/Robotics-Studio-2/install/ur_description_local/share/ur_description_local/launch/view_ur.launch.py
[0.268s] -- Up-to-date: /home/billy/git/Robotics-Studio-2/install/ur_description_local/share/ur_description_local/launch/view_ur.launch.py:Zone.Identifier
[0.268s] -- Up-to-date: /home/billy/git/Robotics-Studio-2/install/ur_description_local/share/ur_description_local/meshes
[0.269s] -- Up-to-date: /home/billy/git/Robotics-Studio-2/install/ur_description_local/share/ur_description_local/meshes/ur18
[0.269s] -- Up-to-date: /home/billy/git/Robotics-Studio-2/install/ur_description_local/share/ur_description_local/meshes/ur18/LICENSE.txt
[0.269s] -- Up-to-date: /home/billy/git/Robotics-Studio-2/install/ur_description_local/share/ur_description_local/meshes/ur18/LICENSE.txt:Zone.Identifier
[0.269s] -- Up-to-date: /home/billy/git/Robotics-Studio-2/install/ur_description_local/share/ur_description_local/meshes/ur18/collision
[0.269s] -- Up-to-date: /home/billy/git/Robotics-Studio-2/install/ur_description_local/share/ur_description_local/meshes/ur18/collision/forearm.stl
[0.270s] -- Up-to-date: /home/billy/git/Robotics-Studio-2/install/ur_description_local/share/ur_description_local/meshes/ur18/collision/forearm.stl:Zone.Identifier
[0.270s] -- Up-to-date: /home/billy/git/Robotics-Studio-2/install/ur_description_local/share/ur_description_local/meshes/ur18/collision/upperarm.stl
[0.270s] -- Up-to-date: /home/billy/git/Robotics-Studio-2/install/ur_description_local/share/ur_description_local/meshes/ur18/collision/upperarm.stl:Zone.Identifier
[0.270s] -- Up-to-date: /home/billy/git/Robotics-Studio-2/install/ur_description_local/share/ur_description_local/meshes/ur18/visual
[0.270s] -- Up-to-date: /home/billy/git/Robotics-Studio-2/install/ur_description_local/share/ur_description_local/meshes/ur18/visual/UR18_DIFF_8bit_2K.jpg
[0.270s] -- Up-to-date: /home/billy/git/Robotics-Studio-2/install/ur_description_local/share/ur_description_local/meshes/ur18/visual/upperarm.dae:Zone.Identifier
[0.270s] -- Up-to-date: /home/billy/git/Robotics-Studio-2/install/ur_description_local/share/ur_description_local/meshes/ur18/visual/upperarm.dae
[0.270s] -- Up-to-date: /home/billy/git/Robotics-Studio-2/install/ur_description_local/share/ur_description_local/meshes/ur18/visual/UR18_DIFF_8bit_2K.jpg:Zone.Identifier
[0.270s] -- Up-to-date: /home/billy/git/Robotics-Studio-2/install/ur_description_local/share/ur_description_local/meshes/ur18/visual/forearm.dae:Zone.Identifier
[0.270s] -- Up-to-date: /home/billy/git/Robotics-Studio-2/install/ur_description_local/share/ur_description_local/meshes/ur18/visual/forearm.dae
[0.271s] -- Up-to-date: /home/billy/git/Robotics-Studio-2/install/ur_description_local/share/ur_description_local/meshes/ur3e
[0.271s] -- Up-to-date: /home/billy/git/Robotics-Studio-2/install/ur_description_local/share/ur_description_local/meshes/ur3e/collision
[0.271s] -- Up-to-date: /home/billy/git/Robotics-Studio-2/install/ur_description_local/share/ur_description_local/meshes/ur3e/collision/base.stl
[0.271s] -- Up-to-date: /home/billy/git/Robotics-Studio-2/install/ur_description_local/share/ur_description_local/meshes/ur3e/collision/base.stl:Zone.Identifier
[0.271s] -- Up-to-date: /home/billy/git/Robotics-Studio-2/install/ur_description_local/share/ur_description_local/meshes/ur3e/collision/wrist2.stl
[0.271s] -- Up-to-date: /home/billy/git/Robotics-Studio-2/install/ur_description_local/share/ur_description_local/meshes/ur3e/collision/shoulder.stl
[0.272s] -- Up-to-date: /home/billy/git/Robotics-Studio-2/install/ur_description_local/share/ur_description_local/meshes/ur3e/collision/forearm.stl
[0.272s] -- Up-to-date: /home/billy/git/Robotics-Studio-2/install/ur_description_local/share/ur_description_local/meshes/ur3e/collision/forearm.stl:Zone.Identifier
[0.272s] -- Up-to-date: /home/billy/git/Robotics-Studio-2/install/ur_description_local/share/ur_description_local/meshes/ur3e/collision/wrist3.stl
[0.272s] -- Up-to-date: /home/billy/git/Robotics-Studio-2/install/ur_description_local/share/ur_description_local/meshes/ur3e/collision/upperarm.stl
[0.272s] -- Up-to-date: /home/billy/git/Robotics-Studio-2/install/ur_description_local/share/ur_description_local/meshes/ur3e/collision/wrist1.stl:Zone.Identifier
[0.272s] -- Up-to-date: /home/billy/git/Robotics-Studio-2/install/ur_description_local/share/ur_description_local/meshes/ur3e/collision/shoulder.stl:Zone.Identifier
[0.272s] -- Up-to-date: /home/billy/git/Robotics-Studio-2/install/ur_description_local/share/ur_description_local/meshes/ur3e/collision/wrist2.stl:Zone.Identifier
[0.272s] -- Up-to-date: /home/billy/git/Robotics-Studio-2/install/ur_description_local/share/ur_description_local/meshes/ur3e/collision/wrist3.stl:Zone.Identifier
[0.273s] -- Up-to-date: /home/billy/git/Robotics-Studio-2/install/ur_description_local/share/ur_description_local/meshes/ur3e/collision/upperarm.stl:Zone.Identifier
[0.275s] -- Up-to-date: /home/billy/git/Robotics-Studio-2/install/ur_description_local/share/ur_description_local/meshes/ur3e/collision/wrist1.stl
[0.276s] -- Up-to-date: /home/billy/git/Robotics-Studio-2/install/ur_description_local/share/ur_description_local/meshes/ur3e/visual
[0.280s] -- Up-to-date: /home/billy/git/Robotics-Studio-2/install/ur_description_local/share/ur_description_local/meshes/ur3e/visual/wrist2.dae
[0.281s] -- Up-to-date: /home/billy/git/Robotics-Studio-2/install/ur_description_local/share/ur_description_local/meshes/ur3e/visual/base.dae
[0.281s] -- Up-to-date: /home/billy/git/Robotics-Studio-2/install/ur_description_local/share/ur_description_local/meshes/ur3e/visual/upperarm.dae:Zone.Identifier
[0.282s] -- Up-to-date: /home/billy/git/Robotics-Studio-2/install/ur_description_local/share/ur_description_local/meshes/ur3e/visual/upperarm.dae
[0.285s] -- Up-to-date: /home/billy/git/Robotics-Studio-2/install/ur_description_local/share/ur_description_local/meshes/ur3e/visual/wrist1.dae:Zone.Identifier
[0.286s] -- Up-to-date: /home/billy/git/Robotics-Studio-2/install/ur_description_local/share/ur_description_local/meshes/ur3e/visual/wrist3.dae:Zone.Identifier
[0.287s] -- Up-to-date: /home/billy/git/Robotics-Studio-2/install/ur_description_local/share/ur_description_local/meshes/ur3e/visual/wrist1.dae
[0.287s] -- Up-to-date: /home/billy/git/Robotics-Studio-2/install/ur_description_local/share/ur_description_local/meshes/ur3e/visual/wrist3.dae
[0.287s] -- Up-to-date: /home/billy/git/Robotics-Studio-2/install/ur_description_local/share/ur_description_local/meshes/ur3e/visual/shoulder.dae:Zone.Identifier
[0.290s] -- Up-to-date: /home/billy/git/Robotics-Studio-2/install/ur_description_local/share/ur_description_local/meshes/ur3e/visual/shoulder.dae
[0.291s] -- Up-to-date: /home/billy/git/Robotics-Studio-2/install/ur_description_local/share/ur_description_local/meshes/ur3e/visual/forearm.dae:Zone.Identifier
[0.291s] -- Up-to-date: /home/billy/git/Robotics-Studio-2/install/ur_description_local/share/ur_description_local/meshes/ur3e/visual/forearm.dae
[0.292s] -- Up-to-date: /home/billy/git/Robotics-Studio-2/install/ur_description_local/share/ur_description_local/meshes/ur3e/visual/base.dae:Zone.Identifier
[0.292s] -- Up-to-date: /home/billy/git/Robotics-Studio-2/install/ur_description_local/share/ur_description_local/meshes/ur3e/visual/wrist2.dae:Zone.Identifier
[0.292s] -- Up-to-date: /home/billy/git/Robotics-Studio-2/install/ur_description_local/share/ur_description_local/meshes/ur5
[0.292s] -- Up-to-date: /home/billy/git/Robotics-Studio-2/install/ur_description_local/share/ur_description_local/meshes/ur5/collision
[0.293s] -- Up-to-date: /home/billy/git/Robotics-Studio-2/install/ur_description_local/share/ur_description_local/meshes/ur5/collision/base.stl
[0.293s] -- Up-to-date: /home/billy/git/Robotics-Studio-2/install/ur_description_local/share/ur_description_local/meshes/ur5/collision/base.stl:Zone.Identifier
[0.294s] -- Up-to-date: /home/billy/git/Robotics-Studio-2/install/ur_description_local/share/ur_description_local/meshes/ur5/collision/wrist2.stl
[0.295s] -- Up-to-date: /home/billy/git/Robotics-Studio-2/install/ur_description_local/share/ur_description_local/meshes/ur5/collision/shoulder.stl
[0.295s] -- Up-to-date: /home/billy/git/Robotics-Studio-2/install/ur_description_local/share/ur_description_local/meshes/ur5/collision/forearm.stl
[0.295s] -- Up-to-date: /home/billy/git/Robotics-Studio-2/install/ur_description_local/share/ur_description_local/meshes/ur5/collision/forearm.stl:Zone.Identifier
[0.296s] -- Up-to-date: /home/billy/git/Robotics-Studio-2/install/ur_description_local/share/ur_description_local/meshes/ur5/collision/wrist3.stl
[0.296s] -- Up-to-date: /home/billy/git/Robotics-Studio-2/install/ur_description_local/share/ur_description_local/meshes/ur5/collision/upperarm.stl
[0.296s] -- Up-to-date: /home/billy/git/Robotics-Studio-2/install/ur_description_local/share/ur_description_local/meshes/ur5/collision/wrist1.stl:Zone.Identifier
[0.297s] -- Up-to-date: /home/billy/git/Robotics-Studio-2/install/ur_description_local/share/ur_description_local/meshes/ur5/collision/shoulder.stl:Zone.Identifier
[0.297s] -- Up-to-date: /home/billy/git/Robotics-Studio-2/install/ur_description_local/share/ur_description_local/meshes/ur5/collision/wrist2.stl:Zone.Identifier
[0.298s] -- Up-to-date: /home/billy/git/Robotics-Studio-2/install/ur_description_local/share/ur_description_local/meshes/ur5/collision/wrist3.stl:Zone.Identifier
[0.298s] -- Up-to-date: /home/billy/git/Robotics-Studio-2/install/ur_description_local/share/ur_description_local/meshes/ur5/collision/upperarm.stl:Zone.Identifier
[0.298s] -- Up-to-date: /home/billy/git/Robotics-Studio-2/install/ur_description_local/share/ur_description_local/meshes/ur5/collision/wrist1.stl
[0.299s] -- Up-to-date: /home/billy/git/Robotics-Studio-2/install/ur_description_local/share/ur_description_local/meshes/ur5/visual
[0.299s] -- Up-to-date: /home/billy/git/Robotics-Studio-2/install/ur_description_local/share/ur_description_local/meshes/ur5/visual/wrist2.dae
[0.299s] -- Up-to-date: /home/billy/git/Robotics-Studio-2/install/ur_description_local/share/ur_description_local/meshes/ur5/visual/base.dae
[0.300s] -- Up-to-date: /home/billy/git/Robotics-Studio-2/install/ur_description_local/share/ur_description_local/meshes/ur5/visual/upperarm.dae:Zone.Identifier
[0.300s] -- Up-to-date: /home/billy/git/Robotics-Studio-2/install/ur_description_local/share/ur_description_local/meshes/ur5/visual/upperarm.dae
[0.300s] -- Up-to-date: /home/billy/git/Robotics-Studio-2/install/ur_description_local/share/ur_description_local/meshes/ur5/visual/wrist1.dae:Zone.Identifier
[0.301s] -- Up-to-date: /home/billy/git/Robotics-Studio-2/install/ur_description_local/share/ur_description_local/meshes/ur5/visual/wrist3.dae:Zone.Identifier
[0.301s] -- Up-to-date: /home/billy/git/Robotics-Studio-2/install/ur_description_local/share/ur_description_local/meshes/ur5/visual/wrist1.dae
[0.302s] -- Up-to-date: /home/billy/git/Robotics-Studio-2/install/ur_description_local/share/ur_description_local/meshes/ur5/visual/wrist3.dae
[0.303s] -- Up-to-date: /home/billy/git/Robotics-Studio-2/install/ur_description_local/share/ur_description_local/meshes/ur5/visual/shoulder.dae:Zone.Identifier
[0.303s] -- Up-to-date: /home/billy/git/Robotics-Studio-2/install/ur_description_local/share/ur_description_local/meshes/ur5/visual/shoulder.dae
[0.303s] -- Up-to-date: /home/billy/git/Robotics-Studio-2/install/ur_description_local/share/ur_description_local/meshes/ur5/visual/forearm.dae:Zone.Identifier
[0.304s] -- Up-to-date: /home/billy/git/Robotics-Studio-2/install/ur_description_local/share/ur_description_local/meshes/ur5/visual/forearm.dae
[0.304s] -- Up-to-date: /home/billy/git/Robotics-Studio-2/install/ur_description_local/share/ur_description_local/meshes/ur5/visual/base.dae:Zone.Identifier
[0.304s] -- Up-to-date: /home/billy/git/Robotics-Studio-2/install/ur_description_local/share/ur_description_local/meshes/ur5/visual/wrist2.dae:Zone.Identifier
[0.305s] -- Up-to-date: /home/billy/git/Robotics-Studio-2/install/ur_description_local/share/ur_description_local/meshes/ur10e
[0.305s] -- Up-to-date: /home/billy/git/Robotics-Studio-2/install/ur_description_local/share/ur_description_local/meshes/ur10e/collision
[0.306s] -- Up-to-date: /home/billy/git/Robotics-Studio-2/install/ur_description_local/share/ur_description_local/meshes/ur10e/collision/base.stl
[0.306s] -- Up-to-date: /home/billy/git/Robotics-Studio-2/install/ur_description_local/share/ur_description_local/meshes/ur10e/collision/base.stl:Zone.Identifier
[0.306s] -- Up-to-date: /home/billy/git/Robotics-Studio-2/install/ur_description_local/share/ur_description_local/meshes/ur10e/collision/wrist2.stl
[0.307s] -- Up-to-date: /home/billy/git/Robotics-Studio-2/install/ur_description_local/share/ur_description_local/meshes/ur10e/collision/shoulder.stl
[0.307s] -- Up-to-date: /home/billy/git/Robotics-Studio-2/install/ur_description_local/share/ur_description_local/meshes/ur10e/collision/forearm.stl
[0.307s] -- Up-to-date: /home/billy/git/Robotics-Studio-2/install/ur_description_local/share/ur_description_local/meshes/ur10e/collision/forearm.stl:Zone.Identifier
[0.308s] -- Up-to-date: /home/billy/git/Robotics-Studio-2/install/ur_description_local/share/ur_description_local/meshes/ur10e/collision/wrist3.stl
[0.308s] -- Up-to-date: /home/billy/git/Robotics-Studio-2/install/ur_description_local/share/ur_description_local/meshes/ur10e/collision/upperarm.stl
[0.309s] -- Up-to-date: /home/billy/git/Robotics-Studio-2/install/ur_description_local/share/ur_description_local/meshes/ur10e/collision/wrist1.stl:Zone.Identifier
[0.309s] -- Up-to-date: /home/billy/git/Robotics-Studio-2/install/ur_description_local/share/ur_description_local/meshes/ur10e/collision/shoulder.stl:Zone.Identifier
[0.309s] -- Up-to-date: /home/billy/git/Robotics-Studio-2/install/ur_description_local/share/ur_description_local/meshes/ur10e/collision/wrist2.stl:Zone.Identifier
[0.310s] -- Up-to-date: /home/billy/git/Robotics-Studio-2/install/ur_description_local/share/ur_description_local/meshes/ur10e/collision/wrist3.stl:Zone.Identifier
[0.311s] -- Up-to-date: /home/billy/git/Robotics-Studio-2/install/ur_description_local/share/ur_description_local/meshes/ur10e/collision/upperarm.stl:Zone.Identifier
[0.311s] -- Up-to-date: /home/billy/git/Robotics-Studio-2/install/ur_description_local/share/ur_description_local/meshes/ur10e/collision/wrist1.stl
[0.311s] -- Up-to-date: /home/billy/git/Robotics-Studio-2/install/ur_description_local/share/ur_description_local/meshes/ur10e/visual
[0.312s] -- Up-to-date: /home/billy/git/Robotics-Studio-2/install/ur_description_local/share/ur_description_local/meshes/ur10e/visual/wrist2.dae
[0.312s] -- Up-to-date: /home/billy/git/Robotics-Studio-2/install/ur_description_local/share/ur_description_local/meshes/ur10e/visual/base.dae
[0.313s] -- Up-to-date: /home/billy/git/Robotics-Studio-2/install/ur_description_local/share/ur_description_local/meshes/ur10e/visual/upperarm.dae:Zone.Identifier
[0.313s] -- Up-to-date: /home/billy/git/Robotics-Studio-2/install/ur_description_local/share/ur_description_local/meshes/ur10e/visual/upperarm.dae
[0.313s] -- Up-to-date: /home/billy/git/Robotics-Studio-2/install/ur_description_local/share/ur_description_local/meshes/ur10e/visual/wrist1.dae:Zone.Identifier
[0.314s] -- Up-to-date: /home/billy/git/Robotics-Studio-2/install/ur_description_local/share/ur_description_local/meshes/ur10e/visual/wrist3.dae:Zone.Identifier
[0.314s] -- Up-to-date: /home/billy/git/Robotics-Studio-2/install/ur_description_local/share/ur_description_local/meshes/ur10e/visual/wrist1.dae
[0.315s] -- Up-to-date: /home/billy/git/Robotics-Studio-2/install/ur_description_local/share/ur_description_local/meshes/ur10e/visual/wrist3.dae
[0.315s] -- Up-to-date: /home/billy/git/Robotics-Studio-2/install/ur_description_local/share/ur_description_local/meshes/ur10e/visual/shoulder.dae:Zone.Identifier
[0.315s] -- Up-to-date: /home/billy/git/Robotics-Studio-2/install/ur_description_local/share/ur_description_local/meshes/ur10e/visual/shoulder.dae
[0.316s] -- Up-to-date: /home/billy/git/Robotics-Studio-2/install/ur_description_local/share/ur_description_local/meshes/ur10e/visual/forearm.dae:Zone.Identifier
[0.316s] -- Up-to-date: /home/billy/git/Robotics-Studio-2/install/ur_description_local/share/ur_description_local/meshes/ur10e/visual/forearm.dae
[0.317s] -- Up-to-date: /home/billy/git/Robotics-Studio-2/install/ur_description_local/share/ur_description_local/meshes/ur10e/visual/base.dae:Zone.Identifier
[0.317s] -- Up-to-date: /home/billy/git/Robotics-Studio-2/install/ur_description_local/share/ur_description_local/meshes/ur10e/visual/wrist2.dae:Zone.Identifier
[0.317s] -- Up-to-date: /home/billy/git/Robotics-Studio-2/install/ur_description_local/share/ur_description_local/meshes/ur10
[0.318s] -- Up-to-date: /home/billy/git/Robotics-Studio-2/install/ur_description_local/share/ur_description_local/meshes/ur10/collision
[0.318s] -- Up-to-date: /home/billy/git/Robotics-Studio-2/install/ur_description_local/share/ur_description_local/meshes/ur10/collision/base.stl
[0.319s] -- Up-to-date: /home/billy/git/Robotics-Studio-2/install/ur_description_local/share/ur_description_local/meshes/ur10/collision/base.stl:Zone.Identifier
[0.319s] -- Up-to-date: /home/billy/git/Robotics-Studio-2/install/ur_description_local/share/ur_description_local/meshes/ur10/collision/wrist2.stl
[0.320s] -- Up-to-date: /home/billy/git/Robotics-Studio-2/install/ur_description_local/share/ur_description_local/meshes/ur10/collision/shoulder.stl
[0.320s] -- Up-to-date: /home/billy/git/Robotics-Studio-2/install/ur_description_local/share/ur_description_local/meshes/ur10/collision/forearm.stl
[0.320s] -- Up-to-date: /home/billy/git/Robotics-Studio-2/install/ur_description_local/share/ur_description_local/meshes/ur10/collision/forearm.stl:Zone.Identifier
[0.321s] -- Up-to-date: /home/billy/git/Robotics-Studio-2/install/ur_description_local/share/ur_description_local/meshes/ur10/collision/wrist3.stl
[0.321s] -- Up-to-date: /home/billy/git/Robotics-Studio-2/install/ur_description_local/share/ur_description_local/meshes/ur10/collision/upperarm.stl
[0.321s] -- Up-to-date: /home/billy/git/Robotics-Studio-2/install/ur_description_local/share/ur_description_local/meshes/ur10/collision/wrist1.stl:Zone.Identifier
[0.322s] -- Up-to-date: /home/billy/git/Robotics-Studio-2/install/ur_description_local/share/ur_description_local/meshes/ur10/collision/shoulder.stl:Zone.Identifier
[0.322s] -- Up-to-date: /home/billy/git/Robotics-Studio-2/install/ur_description_local/share/ur_description_local/meshes/ur10/collision/wrist2.stl:Zone.Identifier
[0.322s] -- Up-to-date: /home/billy/git/Robotics-Studio-2/install/ur_description_local/share/ur_description_local/meshes/ur10/collision/wrist3.stl:Zone.Identifier
[0.323s] -- Up-to-date: /home/billy/git/Robotics-Studio-2/install/ur_description_local/share/ur_description_local/meshes/ur10/collision/upperarm.stl:Zone.Identifier
[0.323s] -- Up-to-date: /home/billy/git/Robotics-Studio-2/install/ur_description_local/share/ur_description_local/meshes/ur10/collision/wrist1.stl
[0.323s] -- Up-to-date: /home/billy/git/Robotics-Studio-2/install/ur_description_local/share/ur_description_local/meshes/ur10/visual
[0.324s] -- Up-to-date: /home/billy/git/Robotics-Studio-2/install/ur_description_local/share/ur_description_local/meshes/ur10/visual/wrist2.dae
[0.324s] -- Up-to-date: /home/billy/git/Robotics-Studio-2/install/ur_description_local/share/ur_description_local/meshes/ur10/visual/base.dae
[0.324s] -- Up-to-date: /home/billy/git/Robotics-Studio-2/install/ur_description_local/share/ur_description_local/meshes/ur10/visual/upperarm.dae:Zone.Identifier
[0.325s] -- Up-to-date: /home/billy/git/Robotics-Studio-2/install/ur_description_local/share/ur_description_local/meshes/ur10/visual/upperarm.dae
[0.325s] -- Up-to-date: /home/billy/git/Robotics-Studio-2/install/ur_description_local/share/ur_description_local/meshes/ur10/visual/wrist1.dae:Zone.Identifier
[0.325s] -- Up-to-date: /home/billy/git/Robotics-Studio-2/install/ur_description_local/share/ur_description_local/meshes/ur10/visual/wrist3.dae:Zone.Identifier
[0.326s] -- Up-to-date: /home/billy/git/Robotics-Studio-2/install/ur_description_local/share/ur_description_local/meshes/ur10/visual/wrist1.dae
[0.327s] -- Up-to-date: /home/billy/git/Robotics-Studio-2/install/ur_description_local/share/ur_description_local/meshes/ur10/visual/wrist3.dae
[0.327s] -- Up-to-date: /home/billy/git/Robotics-Studio-2/install/ur_description_local/share/ur_description_local/meshes/ur10/visual/shoulder.dae:Zone.Identifier
[0.327s] -- Up-to-date: /home/billy/git/Robotics-Studio-2/install/ur_description_local/share/ur_description_local/meshes/ur10/visual/shoulder.dae
[0.327s] -- Up-to-date: /home/billy/git/Robotics-Studio-2/install/ur_description_local/share/ur_description_local/meshes/ur10/visual/forearm.dae:Zone.Identifier
[0.328s] -- Up-to-date: /home/billy/git/Robotics-Studio-2/install/ur_description_local/share/ur_description_local/meshes/ur10/visual/forearm.dae
[0.328s] -- Up-to-date: /home/billy/git/Robotics-Studio-2/install/ur_description_local/share/ur_description_local/meshes/ur10/visual/base.dae:Zone.Identifier
[0.329s] -- Up-to-date: /home/billy/git/Robotics-Studio-2/install/ur_description_local/share/ur_description_local/meshes/ur10/visual/wrist2.dae:Zone.Identifier
[0.329s] -- Up-to-date: /home/billy/git/Robotics-Studio-2/install/ur_description_local/share/ur_description_local/meshes/ur5e
[0.329s] -- Up-to-date: /home/billy/git/Robotics-Studio-2/install/ur_description_local/share/ur_description_local/meshes/ur5e/collision
[0.330s] -- Up-to-date: /home/billy/git/Robotics-Studio-2/install/ur_description_local/share/ur_description_local/meshes/ur5e/collision/base.stl
[0.330s] -- Up-to-date: /home/billy/git/Robotics-Studio-2/install/ur_description_local/share/ur_description_local/meshes/ur5e/collision/base.stl:Zone.Identifier
[0.330s] -- Up-to-date: /home/billy/git/Robotics-Studio-2/install/ur_description_local/share/ur_description_local/meshes/ur5e/collision/wrist2.stl
[0.331s] -- Up-to-date: /home/billy/git/Robotics-Studio-2/install/ur_description_local/share/ur_description_local/meshes/ur5e/collision/shoulder.stl
[0.331s] -- Up-to-date: /home/billy/git/Robotics-Studio-2/install/ur_description_local/share/ur_description_local/meshes/ur5e/collision/forearm.stl
[0.331s] -- Up-to-date: /home/billy/git/Robotics-Studio-2/install/ur_description_local/share/ur_description_local/meshes/ur5e/collision/forearm.stl:Zone.Identifier
[0.331s] -- Up-to-date: /home/billy/git/Robotics-Studio-2/install/ur_description_local/share/ur_description_local/meshes/ur5e/collision/wrist3.stl
[0.332s] -- Up-to-date: /home/billy/git/Robotics-Studio-2/install/ur_description_local/share/ur_description_local/meshes/ur5e/collision/upperarm.stl
[0.332s] -- Up-to-date: /home/billy/git/Robotics-Studio-2/install/ur_description_local/share/ur_description_local/meshes/ur5e/collision/wrist1.stl:Zone.Identifier
[0.333s] -- Up-to-date: /home/billy/git/Robotics-Studio-2/install/ur_description_local/share/ur_description_local/meshes/ur5e/collision/shoulder.stl:Zone.Identifier
[0.333s] -- Up-to-date: /home/billy/git/Robotics-Studio-2/install/ur_description_local/share/ur_description_local/meshes/ur5e/collision/wrist2.stl:Zone.Identifier
[0.333s] -- Up-to-date: /home/billy/git/Robotics-Studio-2/install/ur_description_local/share/ur_description_local/meshes/ur5e/collision/wrist3.stl:Zone.Identifier
[0.334s] -- Up-to-date: /home/billy/git/Robotics-Studio-2/install/ur_description_local/share/ur_description_local/meshes/ur5e/collision/upperarm.stl:Zone.Identifier
[0.334s] -- Up-to-date: /home/billy/git/Robotics-Studio-2/install/ur_description_local/share/ur_description_local/meshes/ur5e/collision/wrist1.stl
[0.334s] -- Up-to-date: /home/billy/git/Robotics-Studio-2/install/ur_description_local/share/ur_description_local/meshes/ur5e/visual
[0.335s] -- Up-to-date: /home/billy/git/Robotics-Studio-2/install/ur_description_local/share/ur_description_local/meshes/ur5e/visual/wrist2.dae
[0.335s] -- Up-to-date: /home/billy/git/Robotics-Studio-2/install/ur_description_local/share/ur_description_local/meshes/ur5e/visual/base.dae
[0.335s] -- Up-to-date: /home/billy/git/Robotics-Studio-2/install/ur_description_local/share/ur_description_local/meshes/ur5e/visual/upperarm.dae:Zone.Identifier
[0.336s] -- Up-to-date: /home/billy/git/Robotics-Studio-2/install/ur_description_local/share/ur_description_local/meshes/ur5e/visual/upperarm.dae
[0.336s] -- Up-to-date: /home/billy/git/Robotics-Studio-2/install/ur_description_local/share/ur_description_local/meshes/ur5e/visual/wrist1.dae:Zone.Identifier
[0.337s] -- Up-to-date: /home/billy/git/Robotics-Studio-2/install/ur_description_local/share/ur_description_local/meshes/ur5e/visual/wrist3.dae:Zone.Identifier
[0.337s] -- Up-to-date: /home/billy/git/Robotics-Studio-2/install/ur_description_local/share/ur_description_local/meshes/ur5e/visual/wrist1.dae
[0.337s] -- Up-to-date: /home/billy/git/Robotics-Studio-2/install/ur_description_local/share/ur_description_local/meshes/ur5e/visual/wrist3.dae
[0.338s] -- Up-to-date: /home/billy/git/Robotics-Studio-2/install/ur_description_local/share/ur_description_local/meshes/ur5e/visual/shoulder.dae:Zone.Identifier
[0.339s] -- Up-to-date: /home/billy/git/Robotics-Studio-2/install/ur_description_local/share/ur_description_local/meshes/ur5e/visual/shoulder.dae
[0.341s] -- Up-to-date: /home/billy/git/Robotics-Studio-2/install/ur_description_local/share/ur_description_local/meshes/ur5e/visual/forearm.dae:Zone.Identifier
[0.341s] -- Up-to-date: /home/billy/git/Robotics-Studio-2/install/ur_description_local/share/ur_description_local/meshes/ur5e/visual/forearm.dae
[0.341s] -- Up-to-date: /home/billy/git/Robotics-Studio-2/install/ur_description_local/share/ur_description_local/meshes/ur5e/visual/base.dae:Zone.Identifier
[0.342s] -- Up-to-date: /home/billy/git/Robotics-Studio-2/install/ur_description_local/share/ur_description_local/meshes/ur5e/visual/wrist2.dae:Zone.Identifier
[0.342s] -- Up-to-date: /home/billy/git/Robotics-Studio-2/install/ur_description_local/share/ur_description_local/meshes/ur3
[0.342s] -- Up-to-date: /home/billy/git/Robotics-Studio-2/install/ur_description_local/share/ur_description_local/meshes/ur3/collision
[0.343s] -- Up-to-date: /home/billy/git/Robotics-Studio-2/install/ur_description_local/share/ur_description_local/meshes/ur3/collision/base.stl
[0.343s] -- Up-to-date: /home/billy/git/Robotics-Studio-2/install/ur_description_local/share/ur_description_local/meshes/ur3/collision/base.stl:Zone.Identifier
[0.343s] -- Up-to-date: /home/billy/git/Robotics-Studio-2/install/ur_description_local/share/ur_description_local/meshes/ur3/collision/wrist2.stl
[0.344s] -- Up-to-date: /home/billy/git/Robotics-Studio-2/install/ur_description_local/share/ur_description_local/meshes/ur3/collision/shoulder.stl
[0.345s] -- Up-to-date: /home/billy/git/Robotics-Studio-2/install/ur_description_local/share/ur_description_local/meshes/ur3/collision/forearm.stl
[0.345s] -- Up-to-date: /home/billy/git/Robotics-Studio-2/install/ur_description_local/share/ur_description_local/meshes/ur3/collision/forearm.stl:Zone.Identifier
[0.345s] -- Up-to-date: /home/billy/git/Robotics-Studio-2/install/ur_description_local/share/ur_description_local/meshes/ur3/collision/wrist3.stl
[0.346s] -- Up-to-date: /home/billy/git/Robotics-Studio-2/install/ur_description_local/share/ur_description_local/meshes/ur3/collision/upperarm.stl
[0.346s] -- Up-to-date: /home/billy/git/Robotics-Studio-2/install/ur_description_local/share/ur_description_local/meshes/ur3/collision/wrist1.stl:Zone.Identifier
[0.347s] -- Up-to-date: /home/billy/git/Robotics-Studio-2/install/ur_description_local/share/ur_description_local/meshes/ur3/collision/shoulder.stl:Zone.Identifier
[0.348s] -- Up-to-date: /home/billy/git/Robotics-Studio-2/install/ur_description_local/share/ur_description_local/meshes/ur3/collision/wrist2.stl:Zone.Identifier
[0.348s] -- Up-to-date: /home/billy/git/Robotics-Studio-2/install/ur_description_local/share/ur_description_local/meshes/ur3/collision/wrist3.stl:Zone.Identifier
[0.348s] -- Up-to-date: /home/billy/git/Robotics-Studio-2/install/ur_description_local/share/ur_description_local/meshes/ur3/collision/upperarm.stl:Zone.Identifier
[0.348s] -- Up-to-date: /home/billy/git/Robotics-Studio-2/install/ur_description_local/share/ur_description_local/meshes/ur3/collision/wrist1.stl
[0.349s] -- Up-to-date: /home/billy/git/Robotics-Studio-2/install/ur_description_local/share/ur_description_local/meshes/ur3/visual
[0.349s] -- Up-to-date: /home/billy/git/Robotics-Studio-2/install/ur_description_local/share/ur_description_local/meshes/ur3/visual/wrist2.dae
[0.349s] -- Up-to-date: /home/billy/git/Robotics-Studio-2/install/ur_description_local/share/ur_description_local/meshes/ur3/visual/base.dae
[0.350s] -- Up-to-date: /home/billy/git/Robotics-Studio-2/install/ur_description_local/share/ur_description_local/meshes/ur3/visual/upperarm.dae:Zone.Identifier
[0.351s] -- Up-to-date: /home/billy/git/Robotics-Studio-2/install/ur_description_local/share/ur_description_local/meshes/ur3/visual/upperarm.dae
[0.351s] -- Up-to-date: /home/billy/git/Robotics-Studio-2/install/ur_description_local/share/ur_description_local/meshes/ur3/visual/wrist1.dae:Zone.Identifier
[0.351s] -- Up-to-date: /home/billy/git/Robotics-Studio-2/install/ur_description_local/share/ur_description_local/meshes/ur3/visual/wrist3.dae:Zone.Identifier
[0.351s] -- Up-to-date: /home/billy/git/Robotics-Studio-2/install/ur_description_local/share/ur_description_local/meshes/ur3/visual/wrist1.dae
[0.352s] -- Up-to-date: /home/billy/git/Robotics-Studio-2/install/ur_description_local/share/ur_description_local/meshes/ur3/visual/wrist3.dae
[0.352s] -- Up-to-date: /home/billy/git/Robotics-Studio-2/install/ur_description_local/share/ur_description_local/meshes/ur3/visual/shoulder.dae:Zone.Identifier
[0.352s] -- Up-to-date: /home/billy/git/Robotics-Studio-2/install/ur_description_local/share/ur_description_local/meshes/ur3/visual/shoulder.dae
[0.353s] -- Up-to-date: /home/billy/git/Robotics-Studio-2/install/ur_description_local/share/ur_description_local/meshes/ur3/visual/forearm.dae:Zone.Identifier
[0.353s] -- Up-to-date: /home/billy/git/Robotics-Studio-2/install/ur_description_local/share/ur_description_local/meshes/ur3/visual/forearm.dae
[0.353s] -- Up-to-date: /home/billy/git/Robotics-Studio-2/install/ur_description_local/share/ur_description_local/meshes/ur3/visual/base.dae:Zone.Identifier
[0.354s] -- Up-to-date: /home/billy/git/Robotics-Studio-2/install/ur_description_local/share/ur_description_local/meshes/ur3/visual/wrist2.dae:Zone.Identifier
[0.354s] -- Up-to-date: /home/billy/git/Robotics-Studio-2/install/ur_description_local/share/ur_description_local/meshes/ur8long
[0.355s] -- Up-to-date: /home/billy/git/Robotics-Studio-2/install/ur_description_local/share/ur_description_local/meshes/ur8long/LICENSE.txt
[0.356s] -- Up-to-date: /home/billy/git/Robotics-Studio-2/install/ur_description_local/share/ur_description_local/meshes/ur8long/LICENSE.txt:Zone.Identifier
[0.356s] -- Up-to-date: /home/billy/git/Robotics-Studio-2/install/ur_description_local/share/ur_description_local/meshes/ur8long/collision
[0.356s] -- Up-to-date: /home/billy/git/Robotics-Studio-2/install/ur_description_local/share/ur_description_local/meshes/ur8long/collision/forearm.stl
[0.357s] -- Up-to-date: /home/billy/git/Robotics-Studio-2/install/ur_description_local/share/ur_description_local/meshes/ur8long/collision/forearm.stl:Zone.Identifier
[0.357s] -- Up-to-date: /home/billy/git/Robotics-Studio-2/install/ur_description_local/share/ur_description_local/meshes/ur8long/collision/upperarm.stl
[0.357s] -- Up-to-date: /home/billy/git/Robotics-Studio-2/install/ur_description_local/share/ur_description_local/meshes/ur8long/collision/upperarm.stl:Zone.Identifier
[0.358s] -- Up-to-date: /home/billy/git/Robotics-Studio-2/install/ur_description_local/share/ur_description_local/meshes/ur8long/visual
[0.360s] -- Up-to-date: /home/billy/git/Robotics-Studio-2/install/ur_description_local/share/ur_description_local/meshes/ur8long/visual/UR8Long_DIFF_8bit_2K.jpg
[0.362s] -- Up-to-date: /home/billy/git/Robotics-Studio-2/install/ur_description_local/share/ur_description_local/meshes/ur8long/visual/upperarm.dae:Zone.Identifier
[0.362s] -- Up-to-date: /home/billy/git/Robotics-Studio-2/install/ur_description_local/share/ur_description_local/meshes/ur8long/visual/upperarm.dae
[0.363s] -- Up-to-date: /home/billy/git/Robotics-Studio-2/install/ur_description_local/share/ur_description_local/meshes/ur8long/visual/UR8Long_DIFF_8bit_2K.jpg:Zone.Identifier
[0.363s] -- Up-to-date: /home/billy/git/Robotics-Studio-2/install/ur_description_local/share/ur_description_local/meshes/ur8long/visual/forearm.dae:Zone.Identifier
[0.363s] -- Up-to-date: /home/billy/git/Robotics-Studio-2/install/ur_description_local/share/ur_description_local/meshes/ur8long/visual/forearm.dae
[0.364s] -- Up-to-date: /home/billy/git/Robotics-Studio-2/install/ur_description_local/share/ur_description_local/meshes/ur15
[0.364s] -- Up-to-date: /home/billy/git/Robotics-Studio-2/install/ur_description_local/share/ur_description_local/meshes/ur15/LICENSE.txt
[0.364s] -- Up-to-date: /home/billy/git/Robotics-Studio-2/install/ur_description_local/share/ur_description_local/meshes/ur15/LICENSE.txt:Zone.Identifier
[0.365s] -- Up-to-date: /home/billy/git/Robotics-Studio-2/install/ur_description_local/share/ur_description_local/meshes/ur15/collision
[0.365s] -- Up-to-date: /home/billy/git/Robotics-Studio-2/install/ur_description_local/share/ur_description_local/meshes/ur15/collision/base.stl
[0.365s] -- Up-to-date: /home/billy/git/Robotics-Studio-2/install/ur_description_local/share/ur_description_local/meshes/ur15/collision/base.stl:Zone.Identifier
[0.366s] -- Up-to-date: /home/billy/git/Robotics-Studio-2/install/ur_description_local/share/ur_description_local/meshes/ur15/collision/wrist2.stl
[0.366s] -- Up-to-date: /home/billy/git/Robotics-Studio-2/install/ur_description_local/share/ur_description_local/meshes/ur15/collision/shoulder.stl
[0.366s] -- Up-to-date: /home/billy/git/Robotics-Studio-2/install/ur_description_local/share/ur_description_local/meshes/ur15/collision/forearm.stl
[0.366s] -- Up-to-date: /home/billy/git/Robotics-Studio-2/install/ur_description_local/share/ur_description_local/meshes/ur15/collision/forearm.stl:Zone.Identifier
[0.367s] -- Up-to-date: /home/billy/git/Robotics-Studio-2/install/ur_description_local/share/ur_description_local/meshes/ur15/collision/wrist3.stl
[0.367s] -- Up-to-date: /home/billy/git/Robotics-Studio-2/install/ur_description_local/share/ur_description_local/meshes/ur15/collision/upperarm.stl
[0.368s] -- Up-to-date: /home/billy/git/Robotics-Studio-2/install/ur_description_local/share/ur_description_local/meshes/ur15/collision/wrist1.stl:Zone.Identifier
[0.368s] -- Up-to-date: /home/billy/git/Robotics-Studio-2/install/ur_description_local/share/ur_description_local/meshes/ur15/collision/shoulder.stl:Zone.Identifier
[0.369s] -- Up-to-date: /home/billy/git/Robotics-Studio-2/install/ur_description_local/share/ur_description_local/meshes/ur15/collision/wrist2.stl:Zone.Identifier
[0.369s] -- Up-to-date: /home/billy/git/Robotics-Studio-2/install/ur_description_local/share/ur_description_local/meshes/ur15/collision/wrist3.stl:Zone.Identifier
[0.370s] -- Up-to-date: /home/billy/git/Robotics-Studio-2/install/ur_description_local/share/ur_description_local/meshes/ur15/collision/upperarm.stl:Zone.Identifier
[0.371s] -- Up-to-date: /home/billy/git/Robotics-Studio-2/install/ur_description_local/share/ur_description_local/meshes/ur15/collision/wrist1.stl
[0.371s] -- Up-to-date: /home/billy/git/Robotics-Studio-2/install/ur_description_local/share/ur_description_local/meshes/ur15/visual
[0.371s] -- Up-to-date: /home/billy/git/Robotics-Studio-2/install/ur_description_local/share/ur_description_local/meshes/ur15/visual/wrist2.dae
[0.372s] -- Up-to-date: /home/billy/git/Robotics-Studio-2/install/ur_description_local/share/ur_description_local/meshes/ur15/visual/base.dae
[0.372s] -- Up-to-date: /home/billy/git/Robotics-Studio-2/install/ur_description_local/share/ur_description_local/meshes/ur15/visual/upperarm.dae:Zone.Identifier
[0.372s] -- Up-to-date: /home/billy/git/Robotics-Studio-2/install/ur_description_local/share/ur_description_local/meshes/ur15/visual/upperarm.dae
[0.373s] -- Up-to-date: /home/billy/git/Robotics-Studio-2/install/ur_description_local/share/ur_description_local/meshes/ur15/visual/UR15_DIFF_8bit_2K.jpg
[0.374s] -- Up-to-date: /home/billy/git/Robotics-Studio-2/install/ur_description_local/share/ur_description_local/meshes/ur15/visual/wrist1.dae:Zone.Identifier
[0.374s] -- Up-to-date: /home/billy/git/Robotics-Studio-2/install/ur_description_local/share/ur_description_local/meshes/ur15/visual/wrist3.dae:Zone.Identifier
[0.374s] -- Up-to-date: /home/billy/git/Robotics-Studio-2/install/ur_description_local/share/ur_description_local/meshes/ur15/visual/wrist1.dae
[0.375s] -- Up-to-date: /home/billy/git/Robotics-Studio-2/install/ur_description_local/share/ur_description_local/meshes/ur15/visual/wrist3.dae
[0.375s] -- Up-to-date: /home/billy/git/Robotics-Studio-2/install/ur_description_local/share/ur_description_local/meshes/ur15/visual/shoulder.dae:Zone.Identifier
[0.375s] -- Up-to-date: /home/billy/git/Robotics-Studio-2/install/ur_description_local/share/ur_description_local/meshes/ur15/visual/shoulder.dae
[0.376s] -- Up-to-date: /home/billy/git/Robotics-Studio-2/install/ur_description_local/share/ur_description_local/meshes/ur15/visual/forearm.dae:Zone.Identifier
[0.376s] -- Up-to-date: /home/billy/git/Robotics-Studio-2/install/ur_description_local/share/ur_description_local/meshes/ur15/visual/forearm.dae
[0.376s] -- Up-to-date: /home/billy/git/Robotics-Studio-2/install/ur_description_local/share/ur_description_local/meshes/ur15/visual/base.dae:Zone.Identifier
[0.377s] -- Up-to-date: /home/billy/git/Robotics-Studio-2/install/ur_description_local/share/ur_description_local/meshes/ur15/visual/wrist2.dae:Zone.Identifier
[0.378s] -- Up-to-date: /home/billy/git/Robotics-Studio-2/install/ur_description_local/share/ur_description_local/meshes/ur15/visual/UR15_DIFF_8bit_2K.jpg:Zone.Identifier
[0.378s] -- Up-to-date: /home/billy/git/Robotics-Studio-2/install/ur_description_local/share/ur_description_local/meshes/ur16e
[0.378s] -- Up-to-date: /home/billy/git/Robotics-Studio-2/install/ur_description_local/share/ur_description_local/meshes/ur16e/collision
[0.379s] -- Up-to-date: /home/billy/git/Robotics-Studio-2/install/ur_description_local/share/ur_description_local/meshes/ur16e/collision/forearm.stl
[0.379s] -- Up-to-date: /home/billy/git/Robotics-Studio-2/install/ur_description_local/share/ur_description_local/meshes/ur16e/collision/forearm.stl:Zone.Identifier
[0.379s] -- Up-to-date: /home/billy/git/Robotics-Studio-2/install/ur_description_local/share/ur_description_local/meshes/ur16e/collision/upperarm.stl
[0.380s] -- Up-to-date: /home/billy/git/Robotics-Studio-2/install/ur_description_local/share/ur_description_local/meshes/ur16e/collision/upperarm.stl:Zone.Identifier
[0.380s] -- Up-to-date: /home/billy/git/Robotics-Studio-2/install/ur_description_local/share/ur_description_local/meshes/ur16e/visual
[0.380s] -- Up-to-date: /home/billy/git/Robotics-Studio-2/install/ur_description_local/share/ur_description_local/meshes/ur16e/visual/upperarm.dae:Zone.Identifier
[0.381s] -- Up-to-date: /home/billy/git/Robotics-Studio-2/install/ur_description_local/share/ur_description_local/meshes/ur16e/visual/upperarm.dae
[0.381s] -- Up-to-date: /home/billy/git/Robotics-Studio-2/install/ur_description_local/share/ur_description_local/meshes/ur16e/visual/forearm.dae:Zone.Identifier
[0.381s] -- Up-to-date: /home/billy/git/Robotics-Studio-2/install/ur_description_local/share/ur_description_local/meshes/ur16e/visual/forearm.dae
[0.382s] -- Up-to-date: /home/billy/git/Robotics-Studio-2/install/ur_description_local/share/ur_description_local/meshes/ur30
[0.382s] -- Up-to-date: /home/billy/git/Robotics-Studio-2/install/ur_description_local/share/ur_description_local/meshes/ur30/LICENSE.txt
[0.382s] -- Up-to-date: /home/billy/git/Robotics-Studio-2/install/ur_description_local/share/ur_description_local/meshes/ur30/LICENSE.txt:Zone.Identifier
[0.383s] -- Up-to-date: /home/billy/git/Robotics-Studio-2/install/ur_description_local/share/ur_description_local/meshes/ur30/collision
[0.383s] -- Up-to-date: /home/billy/git/Robotics-Studio-2/install/ur_description_local/share/ur_description_local/meshes/ur30/collision/forearm.stl
[0.386s] -- Up-to-date: /home/billy/git/Robotics-Studio-2/install/ur_description_local/share/ur_description_local/meshes/ur30/collision/forearm.stl:Zone.Identifier
[0.386s] -- Up-to-date: /home/billy/git/Robotics-Studio-2/install/ur_description_local/share/ur_description_local/meshes/ur30/collision/upperarm.stl
[0.386s] -- Up-to-date: /home/billy/git/Robotics-Studio-2/install/ur_description_local/share/ur_description_local/meshes/ur30/collision/upperarm.stl:Zone.Identifier
[0.387s] -- Up-to-date: /home/billy/git/Robotics-Studio-2/install/ur_description_local/share/ur_description_local/meshes/ur30/visual
[0.387s] -- Up-to-date: /home/billy/git/Robotics-Studio-2/install/ur_description_local/share/ur_description_local/meshes/ur30/visual/UR30_DIFF_8bit_2K.png:Zone.Identifier
[0.388s] -- Up-to-date: /home/billy/git/Robotics-Studio-2/install/ur_description_local/share/ur_description_local/meshes/ur30/visual/upperarm.dae:Zone.Identifier
[0.388s] -- Up-to-date: /home/billy/git/Robotics-Studio-2/install/ur_description_local/share/ur_description_local/meshes/ur30/visual/upperarm.dae
[0.391s] -- Up-to-date: /home/billy/git/Robotics-Studio-2/install/ur_description_local/share/ur_description_local/meshes/ur30/visual/UR30_DIFF_8bit_2K.png
[0.391s] -- Up-to-date: /home/billy/git/Robotics-Studio-2/install/ur_description_local/share/ur_description_local/meshes/ur30/visual/forearm.dae:Zone.Identifier
[0.391s] -- Up-to-date: /home/billy/git/Robotics-Studio-2/install/ur_description_local/share/ur_description_local/meshes/ur30/visual/forearm.dae
[0.391s] -- Up-to-date: /home/billy/git/Robotics-Studio-2/install/ur_description_local/share/ur_description_local/meshes/ur20
[0.392s] -- Up-to-date: /home/billy/git/Robotics-Studio-2/install/ur_description_local/share/ur_description_local/meshes/ur20/LICENSE.txt
[0.392s] -- Up-to-date: /home/billy/git/Robotics-Studio-2/install/ur_description_local/share/ur_description_local/meshes/ur20/LICENSE.txt:Zone.Identifier
[0.392s] -- Up-to-date: /home/billy/git/Robotics-Studio-2/install/ur_description_local/share/ur_description_local/meshes/ur20/collision
[0.393s] -- Up-to-date: /home/billy/git/Robotics-Studio-2/install/ur_description_local/share/ur_description_local/meshes/ur20/collision/base.stl
[0.393s] -- Up-to-date: /home/billy/git/Robotics-Studio-2/install/ur_description_local/share/ur_description_local/meshes/ur20/collision/base.stl:Zone.Identifier
[0.393s] -- Up-to-date: /home/billy/git/Robotics-Studio-2/install/ur_description_local/share/ur_description_local/meshes/ur20/collision/wrist2.stl
[0.394s] -- Up-to-date: /home/billy/git/Robotics-Studio-2/install/ur_description_local/share/ur_description_local/meshes/ur20/collision/shoulder.stl
[0.394s] -- Up-to-date: /home/billy/git/Robotics-Studio-2/install/ur_description_local/share/ur_description_local/meshes/ur20/collision/forearm.stl
[0.394s] -- Up-to-date: /home/billy/git/Robotics-Studio-2/install/ur_description_local/share/ur_description_local/meshes/ur20/collision/forearm.stl:Zone.Identifier
[0.395s] -- Up-to-date: /home/billy/git/Robotics-Studio-2/install/ur_description_local/share/ur_description_local/meshes/ur20/collision/wrist3.stl
[0.395s] -- Up-to-date: /home/billy/git/Robotics-Studio-2/install/ur_description_local/share/ur_description_local/meshes/ur20/collision/upperarm.stl
[0.395s] -- Up-to-date: /home/billy/git/Robotics-Studio-2/install/ur_description_local/share/ur_description_local/meshes/ur20/collision/wrist1.stl:Zone.Identifier
[0.396s] -- Up-to-date: /home/billy/git/Robotics-Studio-2/install/ur_description_local/share/ur_description_local/meshes/ur20/collision/shoulder.stl:Zone.Identifier
[0.396s] -- Up-to-date: /home/billy/git/Robotics-Studio-2/install/ur_description_local/share/ur_description_local/meshes/ur20/collision/wrist2.stl:Zone.Identifier
[0.396s] -- Up-to-date: /home/billy/git/Robotics-Studio-2/install/ur_description_local/share/ur_description_local/meshes/ur20/collision/wrist3.stl:Zone.Identifier
[0.397s] -- Up-to-date: /home/billy/git/Robotics-Studio-2/install/ur_description_local/share/ur_description_local/meshes/ur20/collision/upperarm.stl:Zone.Identifier
[0.397s] -- Up-to-date: /home/billy/git/Robotics-Studio-2/install/ur_description_local/share/ur_description_local/meshes/ur20/collision/wrist1.stl
[0.397s] -- Up-to-date: /home/billy/git/Robotics-Studio-2/install/ur_description_local/share/ur_description_local/meshes/ur20/visual
[0.398s] -- Up-to-date: /home/billy/git/Robotics-Studio-2/install/ur_description_local/share/ur_description_local/meshes/ur20/visual/wrist2.dae
[0.398s] -- Up-to-date: /home/billy/git/Robotics-Studio-2/install/ur_description_local/share/ur_description_local/meshes/ur20/visual/base.dae
[0.400s] -- Up-to-date: /home/billy/git/Robotics-Studio-2/install/ur_description_local/share/ur_description_local/meshes/ur20/visual/upperarm.dae:Zone.Identifier
[0.400s] -- Up-to-date: /home/billy/git/Robotics-Studio-2/install/ur_description_local/share/ur_description_local/meshes/ur20/visual/upperarm.dae
[0.401s] -- Up-to-date: /home/billy/git/Robotics-Studio-2/install/ur_description_local/share/ur_description_local/meshes/ur20/visual/UR20_DIFF_8bit_2K.png
[0.401s] -- Up-to-date: /home/billy/git/Robotics-Studio-2/install/ur_description_local/share/ur_description_local/meshes/ur20/visual/wrist1.dae:Zone.Identifier
[0.402s] -- Up-to-date: /home/billy/git/Robotics-Studio-2/install/ur_description_local/share/ur_description_local/meshes/ur20/visual/wrist3.dae:Zone.Identifier
[0.402s] -- Up-to-date: /home/billy/git/Robotics-Studio-2/install/ur_description_local/share/ur_description_local/meshes/ur20/visual/wrist1.dae
[0.403s] -- Up-to-date: /home/billy/git/Robotics-Studio-2/install/ur_description_local/share/ur_description_local/meshes/ur20/visual/wrist3.dae
[0.403s] -- Up-to-date: /home/billy/git/Robotics-Studio-2/install/ur_description_local/share/ur_description_local/meshes/ur20/visual/shoulder.dae:Zone.Identifier
[0.403s] -- Up-to-date: /home/billy/git/Robotics-Studio-2/install/ur_description_local/share/ur_description_local/meshes/ur20/visual/shoulder.dae
[0.404s] -- Up-to-date: /home/billy/git/Robotics-Studio-2/install/ur_description_local/share/ur_description_local/meshes/ur20/visual/forearm.dae:Zone.Identifier
[0.404s] -- Up-to-date: /home/billy/git/Robotics-Studio-2/install/ur_description_local/share/ur_description_local/meshes/ur20/visual/UR20_DIFF_8bit_2K.png:Zone.Identifier
[0.404s] -- Up-to-date: /home/billy/git/Robotics-Studio-2/install/ur_description_local/share/ur_description_local/meshes/ur20/visual/forearm.dae
[0.405s] -- Up-to-date: /home/billy/git/Robotics-Studio-2/install/ur_description_local/share/ur_description_local/meshes/ur20/visual/base.dae:Zone.Identifier
[0.405s] -- Up-to-date: /home/billy/git/Robotics-Studio-2/install/ur_description_local/share/ur_description_local/meshes/ur20/visual/wrist2.dae:Zone.Identifier
[0.405s] -- Up-to-date: /home/billy/git/Robotics-Studio-2/install/ur_description_local/share/ur_description_local/rviz
[0.406s] -- Up-to-date: /home/billy/git/Robotics-Studio-2/install/ur_description_local/share/ur_description_local/rviz/view_robot.rviz:Zone.Identifier
[0.406s] -- Up-to-date: /home/billy/git/Robotics-Studio-2/install/ur_description_local/share/ur_description_local/rviz/view_robot.rviz
[0.407s] -- Up-to-date: /home/billy/git/Robotics-Studio-2/install/ur_description_local/share/ur_description_local/urdf
[0.407s] -- Up-to-date: /home/billy/git/Robotics-Studio-2/install/ur_description_local/share/ur_description_local/urdf/ur_macro.xacro
[0.407s] -- Up-to-date: /home/billy/git/Robotics-Studio-2/install/ur_description_local/share/ur_description_local/urdf/ur.urdf.xacro
[0.407s] -- Up-to-date: /home/billy/git/Robotics-Studio-2/install/ur_description_local/share/ur_description_local/urdf/ur.ros2_control.xacro:Zone.Identifier
[0.408s] -- Up-to-date: /home/billy/git/Robotics-Studio-2/install/ur_description_local/share/ur_description_local/urdf/ur.ros2_control.xacro
[0.408s] -- Up-to-date: /home/billy/git/Robotics-Studio-2/install/ur_description_local/share/ur_description_local/urdf/ur.urdf.xacro:Zone.Identifier
[0.408s] -- Up-to-date: /home/billy/git/Robotics-Studio-2/install/ur_description_local/share/ur_description_local/urdf/inc
[0.409s] -- Up-to-date: /home/billy/git/Robotics-Studio-2/install/ur_description_local/share/ur_description_local/urdf/inc/ur_common.xacro
[0.409s] -- Up-to-date: /home/billy/git/Robotics-Studio-2/install/ur_description_local/share/ur_description_local/urdf/inc/ur_transmissions.xacro
[0.409s] -- Up-to-date: /home/billy/git/Robotics-Studio-2/install/ur_description_local/share/ur_description_local/urdf/inc/ur_transmissions.xacro:Zone.Identifier
[0.410s] -- Up-to-date: /home/billy/git/Robotics-Studio-2/install/ur_description_local/share/ur_description_local/urdf/inc/ur_common.xacro:Zone.Identifier
[0.410s] -- Up-to-date: /home/billy/git/Robotics-Studio-2/install/ur_description_local/share/ur_description_local/urdf/ur_macro.xacro:Zone.Identifier
[0.411s] -- Up-to-date: /home/billy/git/Robotics-Studio-2/install/ur_description_local/share/ament_index/resource_index/package_run_dependencies/ur_description_local
[0.411s] -- Up-to-date: /home/billy/git/Robotics-Studio-2/install/ur_description_local/share/ament_index/resource_index/parent_prefix_path/ur_description_local
[0.411s] -- Up-to-date: /home/billy/git/Robotics-Studio-2/install/ur_description_local/share/ur_description_local/environment/ament_prefix_path.sh
[0.411s] -- Up-to-date: /home/billy/git/Robotics-Studio-2/install/ur_description_local/share/ur_description_local/environment/ament_prefix_path.dsv
[0.412s] -- Up-to-date: /home/billy/git/Robotics-Studio-2/install/ur_description_local/share/ur_description_local/environment/path.sh
[0.412s] -- Up-to-date: /home/billy/git/Robotics-Studio-2/install/ur_description_local/share/ur_description_local/environment/path.dsv
[0.413s] -- Up-to-date: /home/billy/git/Robotics-Studio-2/install/ur_description_local/share/ur_description_local/local_setup.bash
[0.413s] -- Up-to-date: /home/billy/git/Robotics-Studio-2/install/ur_description_local/share/ur_description_local/local_setup.sh
[0.413s] -- Up-to-date: /home/billy/git/Robotics-Studio-2/install/ur_description_local/share/ur_description_local/local_setup.zsh
[0.413s] -- Up-to-date: /home/billy/git/Robotics-Studio-2/install/ur_description_local/share/ur_description_local/local_setup.dsv
[0.414s] -- Installing: /home/billy/git/Robotics-Studio-2/install/ur_description_local/share/ur_description_local/package.dsv
[0.414s] -- Up-to-date: /home/billy/git/Robotics-Studio-2/install/ur_description_local/share/ament_index/resource_index/packages/ur_description_local
[0.415s] -- Installing: /home/billy/git/Robotics-Studio-2/install/ur_description_local/share/ur_description_local/cmake/ur_description_localConfig.cmake
[0.415s] -- Installing: /home/billy/git/Robotics-Studio-2/install/ur_description_local/share/ur_description_local/cmake/ur_description_localConfig.cmake
[0.415s] -- Up-to-date: /home/billy/git/Robotics-Studio-2/install/ur_description_local/share/ur_description_local/cmake/ur_description_localConfig-version.cmake
[0.416s] -- Up-to-date: /home/billy/git/Robotics-Studio-2/install/ur_description_local/share/ur_description_local/package.xml
[0.435s] Invoked command in '/home/billy/git/Robotics-Studio-2/build/ur_description_local' returned '0': CMAKE_PREFIX_PATH=${CMAKE_PREFIX_PATH}:/opt/ros/humble /usr/bin/cmake --install /home/billy/git/Robotics-Studio-2/build/ur_description_local
