[0.033s] Invoking command in '/home/billy/git/Robotics-Studio-2/build/ur_gripper_demo': CMAKE_PREFIX_PATH=${CMAKE_PREFIX_PATH}:/opt/ros/humble /usr/bin/cmake --build /home/billy/git/Robotics-Studio-2/build/ur_gripper_demo -- -j16 -l16
[0.158s] [35m[1mConsolidate compiler generated dependencies of target gripper_pick_place[0m
[0.192s] [  0%] Built target ament_cmake_python_symlink_ur_gripper_demo
[0.210s] [ 50%] Built target gripper_demo_node
[0.244s] [ 75%] [32mBuilding CXX object CMakeFiles/gripper_pick_place.dir/src/unit_test_pick_n_place.cpp.o[0m
[0.694s] running egg_info
[0.695s] writing ur_gripper_demo.egg-info/PKG-INFO
[0.695s] writing dependency_links to ur_gripper_demo.egg-info/dependency_links.txt
[0.696s] writing top-level names to ur_gripper_demo.egg-info/top_level.txt
[0.703s] reading manifest file 'ur_gripper_demo.egg-info/SOURCES.txt'
[0.703s] writing manifest file 'ur_gripper_demo.egg-info/SOURCES.txt'
[0.765s] [ 75%] Built target ament_cmake_python_build_ur_gripper_demo_egg
[19.327s] [01m[K/home/billy/git/Robotics-Studio-2/src/ur_gripper_demo/src/unit_test_pick_n_place.cpp:[m[K In function ‘[01m[Kvoid recoverWrappedJoints(moveit::planning_interface::MoveGroupInterface&, const SharedPtr&)[m[K’:
[19.328s] [01m[K/home/billy/git/Robotics-Studio-2/src/ur_gripper_demo/src/unit_test_pick_n_place.cpp:880:25:[m[K [01;31m[Kerror: [m[K‘[01m[Kwait_for_message[m[K’ is not a member of ‘[01m[Krclcpp[m[K’
[19.328s]   880 |   auto js_msg = rclcpp::[01;31m[Kwait_for_message[m[K<sensor_msgs::msg::JointState>(
[19.328s]       |                         [01;31m[K^~~~~~~~~~~~~~~~[m[K
[19.328s] [01m[K/home/billy/git/Robotics-Studio-2/src/ur_gripper_demo/src/unit_test_pick_n_place.cpp:880:70:[m[K [01;31m[Kerror: [m[Kexpected primary-expression before ‘[01m[K>[m[K’ token
[19.328s]   880 |   auto js_msg = rclcpp::wait_for_message<sensor_msgs::msg::JointState[01;31m[K>[m[K(
[19.328s]       |                                                                      [01;31m[K^[m[K
[34.902s] gmake[2]: *** [CMakeFiles/gripper_pick_place.dir/build.make:76: CMakeFiles/gripper_pick_place.dir/src/unit_test_pick_n_place.cpp.o] Error 1
[34.903s] gmake[1]: *** [CMakeFiles/Makefile2:220: CMakeFiles/gripper_pick_place.dir/all] Error 2
[34.903s] gmake: *** [Makefile:146: all] Error 2
[34.911s] Invoked command in '/home/billy/git/Robotics-Studio-2/build/ur_gripper_demo' returned '2': CMAKE_PREFIX_PATH=${CMAKE_PREFIX_PATH}:/opt/ros/humble /usr/bin/cmake --build /home/billy/git/Robotics-Studio-2/build/ur_gripper_demo -- -j16 -l16
