[0.078s] Invoking command in '/home/billy/git/Robotics-Studio-2/build/ur_gripper_demo': CMAKE_PREFIX_PATH=/home/billy/git/Robotics-Studio-2/install/object_msgs:/home/billy/git/Robotics-Studio-2/install/ur_onrobot_moveit_config:/home/billy/git/Robotics-Studio-2/install/ur_onrobot_control:/home/billy/git/Robotics-Studio-2/install/ur_onrobot_description:/home/billy/git/Robotics-Studio-2/install/ur_gripper_demo:/home/billy/git/Robotics-Studio-2/install/ur_description_local:/home/billy/git/Robotics-Studio-2/install/ur3_demo_cpp:/home/billy/git/Robotics-Studio-2/install/onrobot_driver:/home/billy/git/Robotics-Studio-2/install/onrobot_description:/opt/ros/humble LD_LIBRARY_PATH=/home/billy/git/Robotics-Studio-2/install/object_msgs/lib:/home/billy/git/Robotics-Studio-2/install/onrobot_driver/lib:/usr/lib/x86_64-linux-gnu/gazebo-11/plugins:/opt/ros/humble/opt/rviz_ogre_vendor/lib:/opt/ros/humble/lib/x86_64-linux-gnu:/opt/ros/humble/lib /usr/bin/cmake --build /home/billy/git/Robotics-Studio-2/build/ur_gripper_demo -- -j16 -l16
[0.148s] [35m[1mConsolidate compiler generated dependencies of target gripper_pick_place[0m
[0.166s] [  0%] Built target ament_cmake_python_symlink_ur_gripper_demo
[0.175s] [ 50%] Built target gripper_demo_node
[0.199s] [ 75%] [32mBuilding CXX object CMakeFiles/gripper_pick_place.dir/src/pick_n_place_try2_1.cpp.o[0m
[0.403s] running egg_info
[0.404s] writing ur_gripper_demo.egg-info/PKG-INFO
[0.404s] writing dependency_links to ur_gripper_demo.egg-info/dependency_links.txt
[0.405s] writing top-level names to ur_gripper_demo.egg-info/top_level.txt
[0.408s] reading manifest file 'ur_gripper_demo.egg-info/SOURCES.txt'
[0.409s] writing manifest file 'ur_gripper_demo.egg-info/SOURCES.txt'
[0.443s] [ 75%] Built target ament_cmake_python_build_ur_gripper_demo_egg
[9.600s] [01m[K/home/billy/git/Robotics-Studio-2/src/ur_gripper_demo/src/pick_n_place_try2_1.cpp:[m[K In function ‘[01m[Kint main(int, char**)[m[K’:
[9.600s] [01m[K/home/billy/git/Robotics-Studio-2/src/ur_gripper_demo/src/pick_n_place_try2_1.cpp:1302:10:[m[K [01;31m[Kerror: [m[Kconflicting declaration ‘[01m[Kauto gripper_pub[m[K’
[9.600s]  1302 |     auto [01;31m[Kgripper_pub[m[K = node->create_publisher<std_msgs::msg::String>(
[9.600s]       |          [01;31m[K^~~~~~~~~~~[m[K
[9.600s] [01m[K/home/billy/git/Robotics-Studio-2/src/ur_gripper_demo/src/pick_n_place_try2_1.cpp:1299:10:[m[K [01;36m[Knote: [m[Kprevious declaration as ‘[01m[Kstd::shared_ptr<rclcpp::Publisher<std_msgs::msg::Float64MultiArray_<std::allocator<void> > > > gripper_pub[m[K’
[9.600s]  1299 |     auto [01;36m[Kgripper_pub[m[K = node->create_publisher<std_msgs::msg::Float64MultiArray>(
[9.600s]       |          [01;36m[K^~~~~~~~~~~[m[K
[19.042s] gmake[2]: *** [CMakeFiles/gripper_pick_place.dir/build.make:76: CMakeFiles/gripper_pick_place.dir/src/pick_n_place_try2_1.cpp.o] Error 1
[19.042s] gmake[1]: *** [CMakeFiles/Makefile2:220: CMakeFiles/gripper_pick_place.dir/all] Error 2
[19.042s] gmake: *** [Makefile:146: all] Error 2
[19.046s] Invoked command in '/home/billy/git/Robotics-Studio-2/build/ur_gripper_demo' returned '2': CMAKE_PREFIX_PATH=/home/billy/git/Robotics-Studio-2/install/object_msgs:/home/billy/git/Robotics-Studio-2/install/ur_onrobot_moveit_config:/home/billy/git/Robotics-Studio-2/install/ur_onrobot_control:/home/billy/git/Robotics-Studio-2/install/ur_onrobot_description:/home/billy/git/Robotics-Studio-2/install/ur_gripper_demo:/home/billy/git/Robotics-Studio-2/install/ur_description_local:/home/billy/git/Robotics-Studio-2/install/ur3_demo_cpp:/home/billy/git/Robotics-Studio-2/install/onrobot_driver:/home/billy/git/Robotics-Studio-2/install/onrobot_description:/opt/ros/humble LD_LIBRARY_PATH=/home/billy/git/Robotics-Studio-2/install/object_msgs/lib:/home/billy/git/Robotics-Studio-2/install/onrobot_driver/lib:/usr/lib/x86_64-linux-gnu/gazebo-11/plugins:/opt/ros/humble/opt/rviz_ogre_vendor/lib:/opt/ros/humble/lib/x86_64-linux-gnu:/opt/ros/humble/lib /usr/bin/cmake --build /home/billy/git/Robotics-Studio-2/build/ur_gripper_demo -- -j16 -l16
