[0.032s] Invoking command in '/home/billy/git/Robotics-Studio-2/build/ur_gripper_demo': CMAKE_PREFIX_PATH=${CMAKE_PREFIX_PATH}:/opt/ros/humble /usr/bin/cmake --build /home/billy/git/Robotics-Studio-2/build/ur_gripper_demo -- -j16 -l16
[0.168s] [35m[1mConsolidate compiler generated dependencies of target gripper_pick_place[0m
[0.209s] [  0%] Built target ament_cmake_python_symlink_ur_gripper_demo
[0.227s] [ 50%] Built target gripper_demo_node
[0.267s] [ 75%] [32mBuilding CXX object CMakeFiles/gripper_pick_place.dir/src/unit_test_pick_n_place.cpp.o[0m
[0.697s] running egg_info
[0.698s] writing ur_gripper_demo.egg-info/PKG-INFO
[0.698s] writing dependency_links to ur_gripper_demo.egg-info/dependency_links.txt
[0.699s] writing top-level names to ur_gripper_demo.egg-info/top_level.txt
[0.704s] reading manifest file 'ur_gripper_demo.egg-info/SOURCES.txt'
[0.705s] writing manifest file 'ur_gripper_demo.egg-info/SOURCES.txt'
[0.782s] [ 75%] Built target ament_cmake_python_build_ur_gripper_demo_egg
[17.986s] [01m[K/home/billy/git/Robotics-Studio-2/src/ur_gripper_demo/src/unit_test_pick_n_place.cpp:[m[K In function ‘[01m[Kbool moveTopose(moveit::planning_interface::MoveGroupInterface&, const Pose&)[m[K’:
[17.987s] [01m[K/home/billy/git/Robotics-Studio-2/src/ur_gripper_demo/src/unit_test_pick_n_place.cpp:394:43:[m[K [01;31m[Kerror: [m[Kno matching function for call to ‘[01m[Kmoveit::core::RobotState::setFromIK(const moveit::core::JointModelGroup*&, const Pose&, int, double, moveTopose(moveit::planning_interface::MoveGroupInterface&, const Pose&)::<lambda(moveit::core::RobotState*, const moveit::core::JointModelGroup*, const double*)>)[m[K’
[17.988s]   394 |   bool ik_found = [01;31m[Kcurrent_state->setFromIK([m[K
[17.988s]       |                   [01;31m[K~~~~~~~~~~~~~~~~~~~~~~~~^[m[K
[17.988s]   395 | [01;31m[K    jmg, pose, 10,   // 10 attempts[m[K
[17.988s]       |     [01;31m[K~~~~~~~~~~~~~~~~~~~~~~~~~~~~~~~[m[K        
[17.988s]   396 | [01;31m[K    0.1,             // 100ms timeout per attempt[m[K
[17.988s]       |     [01;31m[K~~~~~~~~~~~~~~~~~~~~~~~~~~~~~~~~~~~~~~~~~~~~~[m[K
[17.988s]   397 | [01;31m[K    [&](moveit::core::RobotState* state,[m[K
[17.988s]       |     [01;31m[K~~~~~~~~~~~~~~~~~~~~~~~~~~~~~~~~~~~~[m[K   
[17.988s]   398 | [01;31m[K        const moveit::core::JointModelGroup* jmg,[m[K
[17.988s]       |         [01;31m[K~~~~~~~~~~~~~~~~~~~~~~~~~~~~~~~~~~~~~~~~~[m[K
[17.988s]   399 | [01;31m[K        const double* joint_vals) {[m[K
[17.988s]       |         [01;31m[K~~~~~~~~~~~~~~~~~~~~~~~~~~~[m[K        
[17.989s]   400 | [01;31m[K      // Validity callback — reject solutions where any joint moved > 2.5 rad[m[K
[17.989s]       |       [01;31m[K~~~~~~~~~~~~~~~~~~~~~~~~~~~~~~~~~~~~~~~~~~~~~~~~~~~~~~~~~~~~~~~~~~~~~~~[m[K
[17.989s]   401 | [01;31m[K      // from current to avoid the 270° base spin[m[K
[17.989s]       |       [01;31m[K~~~~~~~~~~~~~~~~~~~~~~~~~~~~~~~~~~~~~~~~~~~[m[K
[17.989s]   402 | [01;31m[K      std::vector<double> current_joints;[m[K
[17.989s]       |       [01;31m[K~~~~~~~~~~~~~~~~~~~~~~~~~~~~~~~~~~~[m[K  
[17.989s]   403 | [01;31m[K      arm.getCurrentState()->copyJointGroupPositions(jmg, current_joints);[m[K
[17.989s]       |       [01;31m[K~~~~~~~~~~~~~~~~~~~~~~~~~~~~~~~~~~~~~~~~~~~~~~~~~~~~~~~~~~~~~~~~~~~~[m[K
[17.989s]   404 | [01;31m[K      for (size_t i = 0; i < jmg->getVariableCount(); ++i)[m[K
[17.990s]       |       [01;31m[K~~~~~~~~~~~~~~~~~~~~~~~~~~~~~~~~~~~~~~~~~~~~~~~~~~~~[m[K
[17.990s]   405 | [01;31m[K      {[m[K
[17.990s]       |       [01;31m[K~[m[K                                    
[17.990s]   406 | [01;31m[K        double diff = std::abs(joint_vals[i] - current_joints[i]);[m[K
[17.990s]       |         [01;31m[K~~~~~~~~~~~~~~~~~~~~~~~~~~~~~~~~~~~~~~~~~~~~~~~~~~~~~~~~~~[m[K
[17.990s]   407 | [01;31m[K        // Normalize diff to (-π, π)[m[K
[17.990s]       |         [01;31m[K~~~~~~~~~~~~~~~~~~~~~~~~~~~~[m[K       
[17.990s]   408 | [01;31m[K        while (diff >  M_PI) diff -= 2.0 * M_PI;[m[K
[17.990s]       |         [01;31m[K~~~~~~~~~~~~~~~~~~~~~~~~~~~~~~~~~~~~~~~~[m[K
[17.990s]   409 | [01;31m[K        while (diff < -M_PI) diff += 2.0 * M_PI;[m[K
[17.990s]       |         [01;31m[K~~~~~~~~~~~~~~~~~~~~~~~~~~~~~~~~~~~~~~~~[m[K
[17.990s]   410 | [01;31m[K        diff = std::abs(diff);[m[K
[17.990s]       |         [01;31m[K~~~~~~~~~~~~~~~~~~~~~~[m[K             
[17.991s]   411 | [01;31m[K        if (diff > 2.5)  // reject if any joint moves more than ~143°[m[K
[17.991s]       |         [01;31m[K~~~~~~~~~~~~~~~~~~~~~~~~~~~~~~~~~~~~~~~~~~~~~~~~~~~~~~~~~~~~~[m[K
[17.991s]   412 | [01;31m[K        {[m[K
[17.991s]       |         [01;31m[K~[m[K                                  
[17.991s]   413 | [01;31m[K          return false;[m[K
[17.991s]       |           [01;31m[K~~~~~~~~~~~~~[m[K                    
[17.991s]   414 | [01;31m[K        }[m[K
[17.991s]       |         [01;31m[K~[m[K                                  
[17.992s]   415 | [01;31m[K      }[m[K
[17.992s]       |       [01;31m[K~[m[K                                    
[17.992s]   416 | [01;31m[K      return true;[m[K
[17.992s]       |       [01;31m[K~~~~~~~~~~~~[m[K                         
[17.992s]   417 | [01;31m[K    }[m[K
[17.992s]       |     [01;31m[K~[m[K                                      
[17.992s]   418 | [01;31m[K  )[m[K;
[17.992s]       |   [01;31m[K~[m[K                                        
[17.992s] In file included from [01m[K/opt/ros/humble/include/moveit/move_group_interface/move_group_interface.h:41[m[K,
[17.992s]                  from [01m[K/home/billy/git/Robotics-Studio-2/src/ur_gripper_demo/src/unit_test_pick_n_place.cpp:3[m[K:
[17.992s] [01m[K/opt/ros/humble/include/moveit/robot_state/robot_state.h:952:8:[m[K [01;36m[Knote: [m[Kcandidate: ‘[01m[Kbool moveit::core::RobotState::setFromIK(const moveit::core::JointModelGroup*, const Pose&, double, const GroupStateValidityCallbackFn&, const kinematics::KinematicsQueryOptions&, const IKCostFn&)[m[K’
[17.992s]   952 |   bool [01;36m[KsetFromIK[m[K(const JointModelGroup* group, const geometry_msgs::msg::Pose& pose, double timeout = 0.0,
[17.992s]       |        [01;36m[K^~~~~~~~~[m[K
[17.993s] [01m[K/opt/ros/humble/include/moveit/robot_state/robot_state.h:953:54:[m[K [01;36m[Knote: [m[K  no known conversion for argument 4 from ‘[01m[Kdouble[m[K’ to ‘[01m[Kconst GroupStateValidityCallbackFn&[m[K’ {aka ‘[01m[Kconst std::function<bool(moveit::core::RobotState*, const moveit::core::JointModelGroup*, const double*)>&[m[K’}
[17.993s]   953 |                  [01;36m[Kconst GroupStateValidityCallbackFn& constraint = GroupStateValidityCallbackFn()[m[K,
[17.993s]       |                  [01;36m[K~~~~~~~~~~~~~~~~~~~~~~~~~~~~~~~~~~~~^~~~~~~~~~~~~~~~~~~~~~~~~~~~~~~~~~~~~~~~~~~[m[K
[17.993s] [01m[K/opt/ros/humble/include/moveit/robot_state/robot_state.h:964:8:[m[K [01;36m[Knote: [m[Kcandidate: ‘[01m[Kbool moveit::core::RobotState::setFromIK(const moveit::core::JointModelGroup*, const Pose&, const string&, double, const GroupStateValidityCallbackFn&, const kinematics::KinematicsQueryOptions&, const IKCostFn&)[m[K’
[17.993s]   964 |   bool [01;36m[KsetFromIK[m[K(const JointModelGroup* group, const geometry_msgs::msg::Pose& pose, const std::string& tip,
[17.993s]       |        [01;36m[K^~~~~~~~~[m[K
[17.994s] [01m[K/opt/ros/humble/include/moveit/robot_state/robot_state.h:964:105:[m[K [01;36m[Knote: [m[K  no known conversion for argument 3 from ‘[01m[Kint[m[K’ to ‘[01m[Kconst string&[m[K’ {aka ‘[01m[Kconst std::__cxx11::basic_string<char>&[m[K’}
[17.994s]   964 |   bool setFromIK(const JointModelGroup* group, const geometry_msgs::msg::Pose& pose, [01;36m[Kconst std::string& tip[m[K,
[17.994s]       |                                                                                      [01;36m[K~~~~~~~~~~~~~~~~~~~^~~[m[K
[17.994s] [01m[K/opt/ros/humble/include/moveit/robot_state/robot_state.h:975:8:[m[K [01;36m[Knote: [m[Kcandidate: ‘[01m[Kbool moveit::core::RobotState::setFromIK(const moveit::core::JointModelGroup*, const Isometry3d&, double, const GroupStateValidityCallbackFn&, const kinematics::KinematicsQueryOptions&, const IKCostFn&)[m[K’
[17.994s]   975 |   bool [01;36m[KsetFromIK[m[K(const JointModelGroup* group, const Eigen::Isometry3d& pose, double timeout = 0.0,
[17.994s]       |        [01;36m[K^~~~~~~~~[m[K
[17.994s] [01m[K/opt/ros/humble/include/moveit/robot_state/robot_state.h:975:73:[m[K [01;36m[Knote: [m[K  no known conversion for argument 2 from ‘[01m[Kconst Pose[m[K’ {aka ‘[01m[Kconst geometry_msgs::msg::Pose_<std::allocator<void> >[m[K’} to ‘[01m[Kconst Isometry3d&[m[K’ {aka ‘[01m[Kconst Eigen::Transform<double, 3, 1>&[m[K’}
[17.994s]   975 |   bool setFromIK(const JointModelGroup* group, [01;36m[Kconst Eigen::Isometry3d& pose[m[K, double timeout = 0.0,
[17.994s]       |                                                [01;36m[K~~~~~~~~~~~~~~~~~~~~~~~~~^~~~[m[K
[17.994s] [01m[K/opt/ros/humble/include/moveit/robot_state/robot_state.h:986:8:[m[K [01;36m[Knote: [m[Kcandidate: ‘[01m[Kbool moveit::core::RobotState::setFromIK(const moveit::core::JointModelGroup*, const Isometry3d&, const string&, double, const GroupStateValidityCallbackFn&, const kinematics::KinematicsQueryOptions&, const IKCostFn&)[m[K’
[17.994s]   986 |   bool [01;36m[KsetFromIK[m[K(const JointModelGroup* group, const Eigen::Isometry3d& pose, const std::string& tip,
[17.994s]       |        [01;36m[K^~~~~~~~~[m[K
[17.995s] [01m[K/opt/ros/humble/include/moveit/robot_state/robot_state.h:986:73:[m[K [01;36m[Knote: [m[K  no known conversion for argument 2 from ‘[01m[Kconst Pose[m[K’ {aka ‘[01m[Kconst geometry_msgs::msg::Pose_<std::allocator<void> >[m[K’} to ‘[01m[Kconst Isometry3d&[m[K’ {aka ‘[01m[Kconst Eigen::Transform<double, 3, 1>&[m[K’}
[17.995s]   986 |   bool setFromIK(const JointModelGroup* group, [01;36m[Kconst Eigen::Isometry3d& pose[m[K, const std::string& tip,
[17.995s]       |                                                [01;36m[K~~~~~~~~~~~~~~~~~~~~~~~~~^~~~[m[K
[17.995s] [01m[K/opt/ros/humble/include/moveit/robot_state/robot_state.h:999:8:[m[K [01;36m[Knote: [m[Kcandidate: ‘[01m[Kbool moveit::core::RobotState::setFromIK(const moveit::core::JointModelGroup*, const Isometry3d&, const string&, const std::vector<double, std::allocator<double> >&, double, const GroupStateValidityCallbackFn&, const kinematics::KinematicsQueryOptions&, const IKCostFn&)[m[K’
[17.995s]   999 |   bool [01;36m[KsetFromIK[m[K(const JointModelGroup* group, const Eigen::Isometry3d& pose, const std::string& tip,
[17.995s]       |        [01;36m[K^~~~~~~~~[m[K
[17.995s] [01m[K/opt/ros/humble/include/moveit/robot_state/robot_state.h:999:73:[m[K [01;36m[Knote: [m[K  no known conversion for argument 2 from ‘[01m[Kconst Pose[m[K’ {aka ‘[01m[Kconst geometry_msgs::msg::Pose_<std::allocator<void> >[m[K’} to ‘[01m[Kconst Isometry3d&[m[K’ {aka ‘[01m[Kconst Eigen::Transform<double, 3, 1>&[m[K’}
[17.995s]   999 |   bool setFromIK(const JointModelGroup* group, [01;36m[Kconst Eigen::Isometry3d& pose[m[K, const std::string& tip,
[17.996s]       |                                                [01;36m[K~~~~~~~~~~~~~~~~~~~~~~~~~^~~~[m[K
[17.996s] [01m[K/opt/ros/humble/include/moveit/robot_state/robot_state.h:1014:8:[m[K [01;36m[Knote: [m[Kcandidate: ‘[01m[Kbool moveit::core::RobotState::setFromIK(const moveit::core::JointModelGroup*, const vector_Isometry3d&, const std::vector<std::__cxx11::basic_string<char> >&, double, const GroupStateValidityCallbackFn&, const kinematics::KinematicsQueryOptions&, const IKCostFn&)[m[K’
[17.996s]  1014 |   bool [01;36m[KsetFromIK[m[K(const JointModelGroup* group, const EigenSTL::vector_Isometry3d& poses,
[17.996s]       |        [01;36m[K^~~~~~~~~[m[K
[17.996s] [01m[K/opt/ros/humble/include/moveit/robot_state/robot_state.h:1014:83:[m[K [01;36m[Knote: [m[K  no known conversion for argument 2 from ‘[01m[Kconst Pose[m[K’ {aka ‘[01m[Kconst geometry_msgs::msg::Pose_<std::allocator<void> >[m[K’} to ‘[01m[Kconst vector_Isometry3d&[m[K’ {aka ‘[01m[Kconst std::vector<Eigen::Transform<double, 3, 1>, Eigen::aligned_allocator<Eigen::Transform<double, 3, 1> > >&[m[K’}
[17.996s]  1014 |   bool setFromIK(const JointModelGroup* group, [01;36m[Kconst EigenSTL::vector_Isometry3d& poses[m[K,
[17.996s]       |                                                [01;36m[K~~~~~~~~~~~~~~~~~~~~~~~~~~~~~~~~~~~^~~~~[m[K
[17.996s] [01m[K/opt/ros/humble/include/moveit/robot_state/robot_state.h:1030:8:[m[K [01;36m[Knote: [m[Kcandidate: ‘[01m[Kbool moveit::core::RobotState::setFromIK(const moveit::core::JointModelGroup*, const vector_Isometry3d&, const std::vector<std::__cxx11::basic_string<char> >&, const std::vector<std::vector<double, std::allocator<double> > >&, double, const GroupStateValidityCallbackFn&, const kinematics::KinematicsQueryOptions&, const IKCostFn&)[m[K’
[17.996s]  1030 |   bool [01;36m[KsetFromIK[m[K(const JointModelGroup* group, const EigenSTL::vector_Isometry3d& poses,
[17.997s]       |        [01;36m[K^~~~~~~~~[m[K
[17.997s] [01m[K/opt/ros/humble/include/moveit/robot_state/robot_state.h:1030:83:[m[K [01;36m[Knote: [m[K  no known conversion for argument 2 from ‘[01m[Kconst Pose[m[K’ {aka ‘[01m[Kconst geometry_msgs::msg::Pose_<std::allocator<void> >[m[K’} to ‘[01m[Kconst vector_Isometry3d&[m[K’ {aka ‘[01m[Kconst std::vector<Eigen::Transform<double, 3, 1>, Eigen::aligned_allocator<Eigen::Transform<double, 3, 1> > >&[m[K’}
[17.997s]  1030 |   bool setFromIK(const JointModelGroup* group, [01;36m[Kconst EigenSTL::vector_Isometry3d& poses[m[K,
[17.997s]       |                                                [01;36m[K~~~~~~~~~~~~~~~~~~~~~~~~~~~~~~~~~~~^~~~~[m[K
[18.017s] [01m[K/home/billy/git/Robotics-Studio-2/src/ur_gripper_demo/src/unit_test_pick_n_place.cpp:439:10:[m[K [01;31m[Kerror: [m[K‘[01m[KexecuteWithWrapFix[m[K’ was not declared in this scope
[18.017s]   439 |   return [01;31m[KexecuteWithWrapFix[m[K(arm, plan);
[18.018s]       |          [01;31m[K^~~~~~~~~~~~~~~~~~[m[K
[18.050s] [01m[K/home/billy/git/Robotics-Studio-2/src/ur_gripper_demo/src/unit_test_pick_n_place.cpp:[m[K In function ‘[01m[Kbool pickObject(moveit::planning_interface::MoveGroupInterface&, const SharedPtr&, moveit::planning_interface::PlanningSceneInterface&, const Object&, const string&)[m[K’:
[18.051s] [01m[K/home/billy/git/Robotics-Studio-2/src/ur_gripper_demo/src/unit_test_pick_n_place.cpp:471:8:[m[K [01;31m[Kerror: [m[K‘[01m[KmoveCartesianDown[m[K’ was not declared in this scope
[18.051s]   471 |   if (![01;31m[KmoveCartesianDown[m[K(arm, grasp))         return false;
[18.051s]       |        [01;31m[K^~~~~~~~~~~~~~~~~[m[K
[18.085s] [01m[K/home/billy/git/Robotics-Studio-2/src/ur_gripper_demo/src/unit_test_pick_n_place.cpp:483:8:[m[K [01;31m[Kerror: [m[K‘[01m[KmoveCartesianDown[m[K’ was not declared in this scope
[18.085s]   483 |   if (![01;31m[KmoveCartesianDown[m[K(arm, pregrasp))      return false;
[18.085s]       |        [01;31m[K^~~~~~~~~~~~~~~~~[m[K
[18.113s] [01m[K/home/billy/git/Robotics-Studio-2/src/ur_gripper_demo/src/unit_test_pick_n_place.cpp:[m[K In function ‘[01m[Kbool placeObject(moveit::planning_interface::MoveGroupInterface&, const SharedPtr&, moveit::planning_interface::PlanningSceneInterface&, const Pose&, const string&)[m[K’:
[18.113s] [01m[K/home/billy/git/Robotics-Studio-2/src/ur_gripper_demo/src/unit_test_pick_n_place.cpp:508:8:[m[K [01;31m[Kerror: [m[K‘[01m[KmoveCartesianDown[m[K’ was not declared in this scope
[18.113s]   508 |   if (![01;31m[KmoveCartesianDown[m[K(arm, place))         return false;
[18.113s]       |        [01;31m[K^~~~~~~~~~~~~~~~~[m[K
[18.139s] [01m[K/home/billy/git/Robotics-Studio-2/src/ur_gripper_demo/src/unit_test_pick_n_place.cpp:516:8:[m[K [01;31m[Kerror: [m[K‘[01m[KmoveCartesianDown[m[K’ was not declared in this scope
[18.140s]   516 |   if (![01;31m[KmoveCartesianDown[m[K(arm, pre_place))     return false;
[18.140s]       |        [01;31m[K^~~~~~~~~~~~~~~~~[m[K
[33.499s] gmake[2]: *** [CMakeFiles/gripper_pick_place.dir/build.make:76: CMakeFiles/gripper_pick_place.dir/src/unit_test_pick_n_place.cpp.o] Error 1
[33.500s] gmake[1]: *** [CMakeFiles/Makefile2:220: CMakeFiles/gripper_pick_place.dir/all] Error 2
[33.501s] gmake: *** [Makefile:146: all] Error 2
[33.513s] Invoked command in '/home/billy/git/Robotics-Studio-2/build/ur_gripper_demo' returned '2': CMAKE_PREFIX_PATH=${CMAKE_PREFIX_PATH}:/opt/ros/humble /usr/bin/cmake --build /home/billy/git/Robotics-Studio-2/build/ur_gripper_demo -- -j16 -l16
