-- Install configuration: ""
-- Up-to-date: /home/billy/git/Robotics-Studio-2/install/ur_description_local/share/ur_description_local/config
-- Up-to-date: /home/billy/git/Robotics-Studio-2/install/ur_description_local/share/ur_description_local/config/initial_positions.yaml
-- Up-to-date: /home/billy/git/Robotics-Studio-2/install/ur_description_local/share/ur_description_local/config/ur18
-- Up-to-date: /home/billy/git/Robotics-Studio-2/install/ur_description_local/share/ur_description_local/config/ur18/default_kinematics.yaml:Zone.Identifier
-- Up-to-date: /home/billy/git/Robotics-Studio-2/install/ur_description_local/share/ur_description_local/config/ur18/joint_limits.yaml:Zone.Identifier
-- Up-to-date: /home/billy/git/Robotics-Studio-2/install/ur_description_local/share/ur_description_local/config/ur18/joint_limits.yaml
-- Up-to-date: /home/billy/git/Robotics-Studio-2/install/ur_description_local/share/ur_description_local/config/ur18/visual_parameters.yaml:Zone.Identifier
-- Up-to-date: /home/billy/git/Robotics-Studio-2/install/ur_description_local/share/ur_description_local/config/ur18/default_kinematics.yaml
-- Up-to-date: /home/billy/git/Robotics-Studio-2/install/ur_description_local/share/ur_description_local/config/ur18/physical_parameters.yaml
-- Up-to-date: /home/billy/git/Robotics-Studio-2/install/ur_description_local/share/ur_description_local/config/ur18/visual_parameters.yaml
-- Up-to-date: /home/billy/git/Robotics-Studio-2/install/ur_description_local/share/ur_description_local/config/ur18/physical_parameters.yaml:Zone.Identifier
-- Up-to-date: /home/billy/git/Robotics-Studio-2/install/ur_description_local/share/ur_description_local/config/ur3e
-- Up-to-date: /home/billy/git/Robotics-Studio-2/install/ur_description_local/share/ur_description_local/config/ur3e/default_kinematics.yaml:Zone.Identifier
-- Up-to-date: /home/billy/git/Robotics-Studio-2/install/ur_description_local/share/ur_description_local/config/ur3e/joint_limits.yaml:Zone.Identifier
-- Up-to-date: /home/billy/git/Robotics-Studio-2/install/ur_description_local/share/ur_description_local/config/ur3e/joint_limits.yaml
-- Up-to-date: /home/billy/git/Robotics-Studio-2/install/ur_description_local/share/ur_description_local/config/ur3e/visual_parameters.yaml:Zone.Identifier
-- Up-to-date: /home/billy/git/Robotics-Studio-2/install/ur_description_local/share/ur_description_local/config/ur3e/default_kinematics.yaml
-- Up-to-date: /home/billy/git/Robotics-Studio-2/install/ur_description_local/share/ur_description_local/config/ur3e/physical_parameters.yaml
-- Up-to-date: /home/billy/git/Robotics-Studio-2/install/ur_description_local/share/ur_description_local/config/ur3e/visual_parameters.yaml
-- Up-to-date: /home/billy/git/Robotics-Studio-2/install/ur_description_local/share/ur_description_local/config/ur3e/physical_parameters.yaml:Zone.Identifier
-- Up-to-date: /home/billy/git/Robotics-Studio-2/install/ur_description_local/share/ur_description_local/config/ur5
-- Up-to-date: /home/billy/git/Robotics-Studio-2/install/ur_description_local/share/ur_description_local/config/ur5/default_kinematics.yaml:Zone.Identifier
-- Up-to-date: /home/billy/git/Robotics-Studio-2/install/ur_description_local/share/ur_description_local/config/ur5/joint_limits.yaml:Zone.Identifier
-- Up-to-date: /home/billy/git/Robotics-Studio-2/install/ur_description_local/share/ur_description_local/config/ur5/joint_limits.yaml
-- Up-to-date: /home/billy/git/Robotics-Studio-2/install/ur_description_local/share/ur_description_local/config/ur5/visual_parameters.yaml:Zone.Identifier
-- Up-to-date: /home/billy/git/Robotics-Studio-2/install/ur_description_local/share/ur_description_local/config/ur5/default_kinematics.yaml
-- Up-to-date: /home/billy/git/Robotics-Studio-2/install/ur_description_local/share/ur_description_local/config/ur5/physical_parameters.yaml
-- Up-to-date: /home/billy/git/Robotics-Studio-2/install/ur_description_local/share/ur_description_local/config/ur5/visual_parameters.yaml
-- Up-to-date: /home/billy/git/Robotics-Studio-2/install/ur_description_local/share/ur_description_local/config/ur5/physical_parameters.yaml:Zone.Identifier
-- Up-to-date: /home/billy/git/Robotics-Studio-2/install/ur_description_local/share/ur_description_local/config/ur10e
-- Up-to-date: /home/billy/git/Robotics-Studio-2/install/ur_description_local/share/ur_description_local/config/ur10e/default_kinematics.yaml:Zone.Identifier
-- Up-to-date: /home/billy/git/Robotics-Studio-2/install/ur_description_local/share/ur_description_local/config/ur10e/joint_limits.yaml:Zone.Identifier
-- Up-to-date: /home/billy/git/Robotics-Studio-2/install/ur_description_local/share/ur_description_local/config/ur10e/joint_limits.yaml
-- Up-to-date: /home/billy/git/Robotics-Studio-2/install/ur_description_local/share/ur_description_local/config/ur10e/visual_parameters.yaml:Zone.Identifier
-- Up-to-date: /home/billy/git/Robotics-Studio-2/install/ur_description_local/share/ur_description_local/config/ur10e/default_kinematics.yaml
-- Up-to-date: /home/billy/git/Robotics-Studio-2/install/ur_description_local/share/ur_description_local/config/ur10e/physical_parameters.yaml
-- Up-to-date: /home/billy/git/Robotics-Studio-2/install/ur_description_local/share/ur_description_local/config/ur10e/visual_parameters.yaml
-- Up-to-date: /home/billy/git/Robotics-Studio-2/install/ur_description_local/share/ur_description_local/config/ur10e/physical_parameters.yaml:Zone.Identifier
-- Up-to-date: /home/billy/git/Robotics-Studio-2/install/ur_description_local/share/ur_description_local/config/ur10
-- Up-to-date: /home/billy/git/Robotics-Studio-2/install/ur_description_local/share/ur_description_local/config/ur10/default_kinematics.yaml:Zone.Identifier
-- Up-to-date: /home/billy/git/Robotics-Studio-2/install/ur_description_local/share/ur_description_local/config/ur10/joint_limits.yaml:Zone.Identifier
-- Up-to-date: /home/billy/git/Robotics-Studio-2/install/ur_description_local/share/ur_description_local/config/ur10/joint_limits.yaml
-- Up-to-date: /home/billy/git/Robotics-Studio-2/install/ur_description_local/share/ur_description_local/config/ur10/visual_parameters.yaml:Zone.Identifier
-- Up-to-date: /home/billy/git/Robotics-Studio-2/install/ur_description_local/share/ur_description_local/config/ur10/default_kinematics.yaml
-- Up-to-date: /home/billy/git/Robotics-Studio-2/install/ur_description_local/share/ur_description_local/config/ur10/physical_parameters.yaml
-- Up-to-date: /home/billy/git/Robotics-Studio-2/install/ur_description_local/share/ur_description_local/config/ur10/visual_parameters.yaml
-- Up-to-date: /home/billy/git/Robotics-Studio-2/install/ur_description_local/share/ur_description_local/config/ur10/physical_parameters.yaml:Zone.Identifier
-- Up-to-date: /home/billy/git/Robotics-Studio-2/install/ur_description_local/share/ur_description_local/config/ur5e
-- Up-to-date: /home/billy/git/Robotics-Studio-2/install/ur_description_local/share/ur_description_local/config/ur5e/default_kinematics.yaml:Zone.Identifier
-- Up-to-date: /home/billy/git/Robotics-Studio-2/install/ur_description_local/share/ur_description_local/config/ur5e/joint_limits.yaml:Zone.Identifier
-- Up-to-date: /home/billy/git/Robotics-Studio-2/install/ur_description_local/share/ur_description_local/config/ur5e/joint_limits.yaml
-- Up-to-date: /home/billy/git/Robotics-Studio-2/install/ur_description_local/share/ur_description_local/config/ur5e/visual_parameters.yaml:Zone.Identifier
-- Up-to-date: /home/billy/git/Robotics-Studio-2/install/ur_description_local/share/ur_description_local/config/ur5e/default_kinematics.yaml
-- Up-to-date: /home/billy/git/Robotics-Studio-2/install/ur_description_local/share/ur_description_local/config/ur5e/physical_parameters.yaml
-- Up-to-date: /home/billy/git/Robotics-Studio-2/install/ur_description_local/share/ur_description_local/config/ur5e/visual_parameters.yaml
-- Up-to-date: /home/billy/git/Robotics-Studio-2/install/ur_description_local/share/ur_description_local/config/ur5e/physical_parameters.yaml:Zone.Identifier
-- Up-to-date: /home/billy/git/Robotics-Studio-2/install/ur_description_local/share/ur_description_local/config/ur7e
-- Up-to-date: /home/billy/git/Robotics-Studio-2/install/ur_description_local/share/ur_description_local/config/ur7e/default_kinematics.yaml:Zone.Identifier
-- Up-to-date: /home/billy/git/Robotics-Studio-2/install/ur_description_local/share/ur_description_local/config/ur7e/joint_limits.yaml:Zone.Identifier
-- Up-to-date: /home/billy/git/Robotics-Studio-2/install/ur_description_local/share/ur_description_local/config/ur7e/joint_limits.yaml
-- Up-to-date: /home/billy/git/Robotics-Studio-2/install/ur_description_local/share/ur_description_local/config/ur7e/visual_parameters.yaml:Zone.Identifier
-- Up-to-date: /home/billy/git/Robotics-Studio-2/install/ur_description_local/share/ur_description_local/config/ur7e/default_kinematics.yaml
-- Up-to-date: /home/billy/git/Robotics-Studio-2/install/ur_description_local/share/ur_description_local/config/ur7e/physical_parameters.yaml
-- Up-to-date: /home/billy/git/Robotics-Studio-2/install/ur_description_local/share/ur_description_local/config/ur7e/visual_parameters.yaml
-- Up-to-date: /home/billy/git/Robotics-Studio-2/install/ur_description_local/share/ur_description_local/config/ur7e/physical_parameters.yaml:Zone.Identifier
-- Up-to-date: /home/billy/git/Robotics-Studio-2/install/ur_description_local/share/ur_description_local/config/ur3
-- Up-to-date: /home/billy/git/Robotics-Studio-2/install/ur_description_local/share/ur_description_local/config/ur3/default_kinematics.yaml:Zone.Identifier
-- Up-to-date: /home/billy/git/Robotics-Studio-2/install/ur_description_local/share/ur_description_local/config/ur3/joint_limits.yaml:Zone.Identifier
-- Up-to-date: /home/billy/git/Robotics-Studio-2/install/ur_description_local/share/ur_description_local/config/ur3/joint_limits.yaml
-- Up-to-date: /home/billy/git/Robotics-Studio-2/install/ur_description_local/share/ur_description_local/config/ur3/visual_parameters.yaml:Zone.Identifier
-- Up-to-date: /home/billy/git/Robotics-Studio-2/install/ur_description_local/share/ur_description_local/config/ur3/default_kinematics.yaml
-- Up-to-date: /home/billy/git/Robotics-Studio-2/install/ur_description_local/share/ur_description_local/config/ur3/physical_parameters.yaml
-- Up-to-date: /home/billy/git/Robotics-Studio-2/install/ur_description_local/share/ur_description_local/config/ur3/visual_parameters.yaml
-- Up-to-date: /home/billy/git/Robotics-Studio-2/install/ur_description_local/share/ur_description_local/config/ur3/physical_parameters.yaml:Zone.Identifier
-- Up-to-date: /home/billy/git/Robotics-Studio-2/install/ur_description_local/share/ur_description_local/config/ur8long
-- Up-to-date: /home/billy/git/Robotics-Studio-2/install/ur_description_local/share/ur_description_local/config/ur8long/default_kinematics.yaml:Zone.Identifier
-- Up-to-date: /home/billy/git/Robotics-Studio-2/install/ur_description_local/share/ur_description_local/config/ur8long/joint_limits.yaml:Zone.Identifier
-- Up-to-date: /home/billy/git/Robotics-Studio-2/install/ur_description_local/share/ur_description_local/config/ur8long/joint_limits.yaml
-- Up-to-date: /home/billy/git/Robotics-Studio-2/install/ur_description_local/share/ur_description_local/config/ur8long/visual_parameters.yaml:Zone.Identifier
-- Up-to-date: /home/billy/git/Robotics-Studio-2/install/ur_description_local/share/ur_description_local/config/ur8long/default_kinematics.yaml
-- Up-to-date: /home/billy/git/Robotics-Studio-2/install/ur_description_local/share/ur_description_local/config/ur8long/physical_parameters.yaml
-- Up-to-date: /home/billy/git/Robotics-Studio-2/install/ur_description_local/share/ur_description_local/config/ur8long/visual_parameters.yaml
-- Up-to-date: /home/billy/git/Robotics-Studio-2/install/ur_description_local/share/ur_description_local/config/ur8long/physical_parameters.yaml:Zone.Identifier
-- Up-to-date: /home/billy/git/Robotics-Studio-2/install/ur_description_local/share/ur_description_local/config/ur15
-- Up-to-date: /home/billy/git/Robotics-Studio-2/install/ur_description_local/share/ur_description_local/config/ur15/default_kinematics.yaml:Zone.Identifier
-- Up-to-date: /home/billy/git/Robotics-Studio-2/install/ur_description_local/share/ur_description_local/config/ur15/joint_limits.yaml:Zone.Identifier
-- Up-to-date: /home/billy/git/Robotics-Studio-2/install/ur_description_local/share/ur_description_local/config/ur15/joint_limits.yaml
-- Up-to-date: /home/billy/git/Robotics-Studio-2/install/ur_description_local/share/ur_description_local/config/ur15/visual_parameters.yaml:Zone.Identifier
-- Up-to-date: /home/billy/git/Robotics-Studio-2/install/ur_description_local/share/ur_description_local/config/ur15/default_kinematics.yaml
-- Up-to-date: /home/billy/git/Robotics-Studio-2/install/ur_description_local/share/ur_description_local/config/ur15/physical_parameters.yaml
-- Up-to-date: /home/billy/git/Robotics-Studio-2/install/ur_description_local/share/ur_description_local/config/ur15/visual_parameters.yaml
-- Up-to-date: /home/billy/git/Robotics-Studio-2/install/ur_description_local/share/ur_description_local/config/ur15/physical_parameters.yaml:Zone.Identifier
-- Up-to-date: /home/billy/git/Robotics-Studio-2/install/ur_description_local/share/ur_description_local/config/ur16e
-- Up-to-date: /home/billy/git/Robotics-Studio-2/install/ur_description_local/share/ur_description_local/config/ur16e/default_kinematics.yaml:Zone.Identifier
-- Up-to-date: /home/billy/git/Robotics-Studio-2/install/ur_description_local/share/ur_description_local/config/ur16e/joint_limits.yaml:Zone.Identifier
-- Up-to-date: /home/billy/git/Robotics-Studio-2/install/ur_description_local/share/ur_description_local/config/ur16e/joint_limits.yaml
-- Up-to-date: /home/billy/git/Robotics-Studio-2/install/ur_description_local/share/ur_description_local/config/ur16e/visual_parameters.yaml:Zone.Identifier
-- Up-to-date: /home/billy/git/Robotics-Studio-2/install/ur_description_local/share/ur_description_local/config/ur16e/default_kinematics.yaml
-- Up-to-date: /home/billy/git/Robotics-Studio-2/install/ur_description_local/share/ur_description_local/config/ur16e/physical_parameters.yaml
-- Up-to-date: /home/billy/git/Robotics-Studio-2/install/ur_description_local/share/ur_description_local/config/ur16e/visual_parameters.yaml
-- Up-to-date: /home/billy/git/Robotics-Studio-2/install/ur_description_local/share/ur_description_local/config/ur16e/physical_parameters.yaml:Zone.Identifier
-- Up-to-date: /home/billy/git/Robotics-Studio-2/install/ur_description_local/share/ur_description_local/config/ur30
-- Up-to-date: /home/billy/git/Robotics-Studio-2/install/ur_description_local/share/ur_description_local/config/ur30/default_kinematics.yaml:Zone.Identifier
-- Up-to-date: /home/billy/git/Robotics-Studio-2/install/ur_description_local/share/ur_description_local/config/ur30/joint_limits.yaml:Zone.Identifier
-- Up-to-date: /home/billy/git/Robotics-Studio-2/install/ur_description_local/share/ur_description_local/config/ur30/joint_limits.yaml
-- Up-to-date: /home/billy/git/Robotics-Studio-2/install/ur_description_local/share/ur_description_local/config/ur30/visual_parameters.yaml:Zone.Identifier
-- Up-to-date: /home/billy/git/Robotics-Studio-2/install/ur_description_local/share/ur_description_local/config/ur30/default_kinematics.yaml
-- Up-to-date: /home/billy/git/Robotics-Studio-2/install/ur_description_local/share/ur_description_local/config/ur30/physical_parameters.yaml
-- Up-to-date: /home/billy/git/Robotics-Studio-2/install/ur_description_local/share/ur_description_local/config/ur30/visual_parameters.yaml
-- Up-to-date: /home/billy/git/Robotics-Studio-2/install/ur_description_local/share/ur_description_local/config/ur30/physical_parameters.yaml:Zone.Identifier
-- Up-to-date: /home/billy/git/Robotics-Studio-2/install/ur_description_local/share/ur_description_local/config/ur12e
-- Up-to-date: /home/billy/git/Robotics-Studio-2/install/ur_description_local/share/ur_description_local/config/ur12e/default_kinematics.yaml:Zone.Identifier
-- Up-to-date: /home/billy/git/Robotics-Studio-2/install/ur_description_local/share/ur_description_local/config/ur12e/joint_limits.yaml:Zone.Identifier
-- Up-to-date: /home/billy/git/Robotics-Studio-2/install/ur_description_local/share/ur_description_local/config/ur12e/joint_limits.yaml
-- Up-to-date: /home/billy/git/Robotics-Studio-2/install/ur_description_local/share/ur_description_local/config/ur12e/visual_parameters.yaml:Zone.Identifier
-- Up-to-date: /home/billy/git/Robotics-Studio-2/install/ur_description_local/share/ur_description_local/config/ur12e/default_kinematics.yaml
-- Up-to-date: /home/billy/git/Robotics-Studio-2/install/ur_description_local/share/ur_description_local/config/ur12e/physical_parameters.yaml
-- Up-to-date: /home/billy/git/Robotics-Studio-2/install/ur_description_local/share/ur_description_local/config/ur12e/visual_parameters.yaml
-- Up-to-date: /home/billy/git/Robotics-Studio-2/install/ur_description_local/share/ur_description_local/config/ur12e/physical_parameters.yaml:Zone.Identifier
-- Up-to-date: /home/billy/git/Robotics-Studio-2/install/ur_description_local/share/ur_description_local/config/initial_positions.yaml:Zone.Identifier
-- Up-to-date: /home/billy/git/Robotics-Studio-2/install/ur_description_local/share/ur_description_local/config/ur20
-- Up-to-date: /home/billy/git/Robotics-Studio-2/install/ur_description_local/share/ur_description_local/config/ur20/default_kinematics.yaml:Zone.Identifier
-- Up-to-date: /home/billy/git/Robotics-Studio-2/install/ur_description_local/share/ur_description_local/config/ur20/joint_limits.yaml:Zone.Identifier
-- Up-to-date: /home/billy/git/Robotics-Studio-2/install/ur_description_local/share/ur_description_local/config/ur20/joint_limits.yaml
-- Up-to-date: /home/billy/git/Robotics-Studio-2/install/ur_description_local/share/ur_description_local/config/ur20/visual_parameters.yaml:Zone.Identifier
-- Up-to-date: /home/billy/git/Robotics-Studio-2/install/ur_description_local/share/ur_description_local/config/ur20/default_kinematics.yaml
-- Up-to-date: /home/billy/git/Robotics-Studio-2/install/ur_description_local/share/ur_description_local/config/ur20/physical_parameters.yaml
-- Up-to-date: /home/billy/git/Robotics-Studio-2/install/ur_description_local/share/ur_description_local/config/ur20/visual_parameters.yaml
-- Up-to-date: /home/billy/git/Robotics-Studio-2/install/ur_description_local/share/ur_description_local/config/ur20/physical_parameters.yaml:Zone.Identifier
-- Up-to-date: /home/billy/git/Robotics-Studio-2/install/ur_description_local/share/ur_description_local/launch
-- Up-to-date: /home/billy/git/Robotics-Studio-2/install/ur_description_local/share/ur_description_local/launch/view_ur.launch.py
-- Up-to-date: /home/billy/git/Robotics-Studio-2/install/ur_description_local/share/ur_description_local/launch/view_ur.launch.py:Zone.Identifier
-- Up-to-date: /home/billy/git/Robotics-Studio-2/install/ur_description_local/share/ur_description_local/meshes
-- Up-to-date: /home/billy/git/Robotics-Studio-2/install/ur_description_local/share/ur_description_local/meshes/ur18
-- Up-to-date: /home/billy/git/Robotics-Studio-2/install/ur_description_local/share/ur_description_local/meshes/ur18/LICENSE.txt
-- Up-to-date: /home/billy/git/Robotics-Studio-2/install/ur_description_local/share/ur_description_local/meshes/ur18/LICENSE.txt:Zone.Identifier
-- Up-to-date: /home/billy/git/Robotics-Studio-2/install/ur_description_local/share/ur_description_local/meshes/ur18/collision
-- Up-to-date: /home/billy/git/Robotics-Studio-2/install/ur_description_local/share/ur_description_local/meshes/ur18/collision/forearm.stl
-- Up-to-date: /home/billy/git/Robotics-Studio-2/install/ur_description_local/share/ur_description_local/meshes/ur18/collision/forearm.stl:Zone.Identifier
-- Up-to-date: /home/billy/git/Robotics-Studio-2/install/ur_description_local/share/ur_description_local/meshes/ur18/collision/upperarm.stl
-- Up-to-date: /home/billy/git/Robotics-Studio-2/install/ur_description_local/share/ur_description_local/meshes/ur18/collision/upperarm.stl:Zone.Identifier
-- Up-to-date: /home/billy/git/Robotics-Studio-2/install/ur_description_local/share/ur_description_local/meshes/ur18/visual
-- Up-to-date: /home/billy/git/Robotics-Studio-2/install/ur_description_local/share/ur_description_local/meshes/ur18/visual/UR18_DIFF_8bit_2K.jpg
-- Up-to-date: /home/billy/git/Robotics-Studio-2/install/ur_description_local/share/ur_description_local/meshes/ur18/visual/upperarm.dae:Zone.Identifier
-- Up-to-date: /home/billy/git/Robotics-Studio-2/install/ur_description_local/share/ur_description_local/meshes/ur18/visual/upperarm.dae
-- Up-to-date: /home/billy/git/Robotics-Studio-2/install/ur_description_local/share/ur_description_local/meshes/ur18/visual/UR18_DIFF_8bit_2K.jpg:Zone.Identifier
-- Up-to-date: /home/billy/git/Robotics-Studio-2/install/ur_description_local/share/ur_description_local/meshes/ur18/visual/forearm.dae:Zone.Identifier
-- Up-to-date: /home/billy/git/Robotics-Studio-2/install/ur_description_local/share/ur_description_local/meshes/ur18/visual/forearm.dae
-- Up-to-date: /home/billy/git/Robotics-Studio-2/install/ur_description_local/share/ur_description_local/meshes/ur3e
-- Up-to-date: /home/billy/git/Robotics-Studio-2/install/ur_description_local/share/ur_description_local/meshes/ur3e/collision
-- Up-to-date: /home/billy/git/Robotics-Studio-2/install/ur_description_local/share/ur_description_local/meshes/ur3e/collision/base.stl
-- Up-to-date: /home/billy/git/Robotics-Studio-2/install/ur_description_local/share/ur_description_local/meshes/ur3e/collision/base.stl:Zone.Identifier
-- Up-to-date: /home/billy/git/Robotics-Studio-2/install/ur_description_local/share/ur_description_local/meshes/ur3e/collision/wrist2.stl
-- Up-to-date: /home/billy/git/Robotics-Studio-2/install/ur_description_local/share/ur_description_local/meshes/ur3e/collision/shoulder.stl
-- Up-to-date: /home/billy/git/Robotics-Studio-2/install/ur_description_local/share/ur_description_local/meshes/ur3e/collision/forearm.stl
-- Up-to-date: /home/billy/git/Robotics-Studio-2/install/ur_description_local/share/ur_description_local/meshes/ur3e/collision/forearm.stl:Zone.Identifier
-- Up-to-date: /home/billy/git/Robotics-Studio-2/install/ur_description_local/share/ur_description_local/meshes/ur3e/collision/wrist3.stl
-- Up-to-date: /home/billy/git/Robotics-Studio-2/install/ur_description_local/share/ur_description_local/meshes/ur3e/collision/upperarm.stl
-- Up-to-date: /home/billy/git/Robotics-Studio-2/install/ur_description_local/share/ur_description_local/meshes/ur3e/collision/wrist1.stl:Zone.Identifier
-- Up-to-date: /home/billy/git/Robotics-Studio-2/install/ur_description_local/share/ur_description_local/meshes/ur3e/collision/shoulder.stl:Zone.Identifier
-- Up-to-date: /home/billy/git/Robotics-Studio-2/install/ur_description_local/share/ur_description_local/meshes/ur3e/collision/wrist2.stl:Zone.Identifier
-- Up-to-date: /home/billy/git/Robotics-Studio-2/install/ur_description_local/share/ur_description_local/meshes/ur3e/collision/wrist3.stl:Zone.Identifier
-- Up-to-date: /home/billy/git/Robotics-Studio-2/install/ur_description_local/share/ur_description_local/meshes/ur3e/collision/upperarm.stl:Zone.Identifier
-- Up-to-date: /home/billy/git/Robotics-Studio-2/install/ur_description_local/share/ur_description_local/meshes/ur3e/collision/wrist1.stl
-- Up-to-date: /home/billy/git/Robotics-Studio-2/install/ur_description_local/share/ur_description_local/meshes/ur3e/visual
-- Up-to-date: /home/billy/git/Robotics-Studio-2/install/ur_description_local/share/ur_description_local/meshes/ur3e/visual/wrist2.dae
-- Up-to-date: /home/billy/git/Robotics-Studio-2/install/ur_description_local/share/ur_description_local/meshes/ur3e/visual/base.dae
-- Up-to-date: /home/billy/git/Robotics-Studio-2/install/ur_description_local/share/ur_description_local/meshes/ur3e/visual/upperarm.dae:Zone.Identifier
-- Up-to-date: /home/billy/git/Robotics-Studio-2/install/ur_description_local/share/ur_description_local/meshes/ur3e/visual/upperarm.dae
-- Up-to-date: /home/billy/git/Robotics-Studio-2/install/ur_description_local/share/ur_description_local/meshes/ur3e/visual/wrist1.dae:Zone.Identifier
-- Up-to-date: /home/billy/git/Robotics-Studio-2/install/ur_description_local/share/ur_description_local/meshes/ur3e/visual/wrist3.dae:Zone.Identifier
-- Up-to-date: /home/billy/git/Robotics-Studio-2/install/ur_description_local/share/ur_description_local/meshes/ur3e/visual/wrist1.dae
-- Up-to-date: /home/billy/git/Robotics-Studio-2/install/ur_description_local/share/ur_description_local/meshes/ur3e/visual/wrist3.dae
-- Up-to-date: /home/billy/git/Robotics-Studio-2/install/ur_description_local/share/ur_description_local/meshes/ur3e/visual/shoulder.dae:Zone.Identifier
-- Up-to-date: /home/billy/git/Robotics-Studio-2/install/ur_description_local/share/ur_description_local/meshes/ur3e/visual/shoulder.dae
-- Up-to-date: /home/billy/git/Robotics-Studio-2/install/ur_description_local/share/ur_description_local/meshes/ur3e/visual/forearm.dae:Zone.Identifier
-- Up-to-date: /home/billy/git/Robotics-Studio-2/install/ur_description_local/share/ur_description_local/meshes/ur3e/visual/forearm.dae
-- Up-to-date: /home/billy/git/Robotics-Studio-2/install/ur_description_local/share/ur_description_local/meshes/ur3e/visual/base.dae:Zone.Identifier
-- Up-to-date: /home/billy/git/Robotics-Studio-2/install/ur_description_local/share/ur_description_local/meshes/ur3e/visual/wrist2.dae:Zone.Identifier
-- Up-to-date: /home/billy/git/Robotics-Studio-2/install/ur_description_local/share/ur_description_local/meshes/ur5
-- Up-to-date: /home/billy/git/Robotics-Studio-2/install/ur_description_local/share/ur_description_local/meshes/ur5/collision
-- Up-to-date: /home/billy/git/Robotics-Studio-2/install/ur_description_local/share/ur_description_local/meshes/ur5/collision/base.stl
-- Up-to-date: /home/billy/git/Robotics-Studio-2/install/ur_description_local/share/ur_description_local/meshes/ur5/collision/base.stl:Zone.Identifier
-- Up-to-date: /home/billy/git/Robotics-Studio-2/install/ur_description_local/share/ur_description_local/meshes/ur5/collision/wrist2.stl
-- Up-to-date: /home/billy/git/Robotics-Studio-2/install/ur_description_local/share/ur_description_local/meshes/ur5/collision/shoulder.stl
-- Up-to-date: /home/billy/git/Robotics-Studio-2/install/ur_description_local/share/ur_description_local/meshes/ur5/collision/forearm.stl
-- Up-to-date: /home/billy/git/Robotics-Studio-2/install/ur_description_local/share/ur_description_local/meshes/ur5/collision/forearm.stl:Zone.Identifier
-- Up-to-date: /home/billy/git/Robotics-Studio-2/install/ur_description_local/share/ur_description_local/meshes/ur5/collision/wrist3.stl
-- Up-to-date: /home/billy/git/Robotics-Studio-2/install/ur_description_local/share/ur_description_local/meshes/ur5/collision/upperarm.stl
-- Up-to-date: /home/billy/git/Robotics-Studio-2/install/ur_description_local/share/ur_description_local/meshes/ur5/collision/wrist1.stl:Zone.Identifier
-- Up-to-date: /home/billy/git/Robotics-Studio-2/install/ur_description_local/share/ur_description_local/meshes/ur5/collision/shoulder.stl:Zone.Identifier
-- Up-to-date: /home/billy/git/Robotics-Studio-2/install/ur_description_local/share/ur_description_local/meshes/ur5/collision/wrist2.stl:Zone.Identifier
-- Up-to-date: /home/billy/git/Robotics-Studio-2/install/ur_description_local/share/ur_description_local/meshes/ur5/collision/wrist3.stl:Zone.Identifier
-- Up-to-date: /home/billy/git/Robotics-Studio-2/install/ur_description_local/share/ur_description_local/meshes/ur5/collision/upperarm.stl:Zone.Identifier
-- Up-to-date: /home/billy/git/Robotics-Studio-2/install/ur_description_local/share/ur_description_local/meshes/ur5/collision/wrist1.stl
-- Up-to-date: /home/billy/git/Robotics-Studio-2/install/ur_description_local/share/ur_description_local/meshes/ur5/visual
-- Up-to-date: /home/billy/git/Robotics-Studio-2/install/ur_description_local/share/ur_description_local/meshes/ur5/visual/wrist2.dae
-- Up-to-date: /home/billy/git/Robotics-Studio-2/install/ur_description_local/share/ur_description_local/meshes/ur5/visual/base.dae
-- Up-to-date: /home/billy/git/Robotics-Studio-2/install/ur_description_local/share/ur_description_local/meshes/ur5/visual/upperarm.dae:Zone.Identifier
-- Up-to-date: /home/billy/git/Robotics-Studio-2/install/ur_description_local/share/ur_description_local/meshes/ur5/visual/upperarm.dae
-- Up-to-date: /home/billy/git/Robotics-Studio-2/install/ur_description_local/share/ur_description_local/meshes/ur5/visual/wrist1.dae:Zone.Identifier
-- Up-to-date: /home/billy/git/Robotics-Studio-2/install/ur_description_local/share/ur_description_local/meshes/ur5/visual/wrist3.dae:Zone.Identifier
-- Up-to-date: /home/billy/git/Robotics-Studio-2/install/ur_description_local/share/ur_description_local/meshes/ur5/visual/wrist1.dae
-- Up-to-date: /home/billy/git/Robotics-Studio-2/install/ur_description_local/share/ur_description_local/meshes/ur5/visual/wrist3.dae
-- Up-to-date: /home/billy/git/Robotics-Studio-2/install/ur_description_local/share/ur_description_local/meshes/ur5/visual/shoulder.dae:Zone.Identifier
-- Up-to-date: /home/billy/git/Robotics-Studio-2/install/ur_description_local/share/ur_description_local/meshes/ur5/visual/shoulder.dae
-- Up-to-date: /home/billy/git/Robotics-Studio-2/install/ur_description_local/share/ur_description_local/meshes/ur5/visual/forearm.dae:Zone.Identifier
-- Up-to-date: /home/billy/git/Robotics-Studio-2/install/ur_description_local/share/ur_description_local/meshes/ur5/visual/forearm.dae
-- Up-to-date: /home/billy/git/Robotics-Studio-2/install/ur_description_local/share/ur_description_local/meshes/ur5/visual/base.dae:Zone.Identifier
-- Up-to-date: /home/billy/git/Robotics-Studio-2/install/ur_description_local/share/ur_description_local/meshes/ur5/visual/wrist2.dae:Zone.Identifier
-- Up-to-date: /home/billy/git/Robotics-Studio-2/install/ur_description_local/share/ur_description_local/meshes/ur10e
-- Up-to-date: /home/billy/git/Robotics-Studio-2/install/ur_description_local/share/ur_description_local/meshes/ur10e/collision
-- Up-to-date: /home/billy/git/Robotics-Studio-2/install/ur_description_local/share/ur_description_local/meshes/ur10e/collision/base.stl
-- Up-to-date: /home/billy/git/Robotics-Studio-2/install/ur_description_local/share/ur_description_local/meshes/ur10e/collision/base.stl:Zone.Identifier
-- Up-to-date: /home/billy/git/Robotics-Studio-2/install/ur_description_local/share/ur_description_local/meshes/ur10e/collision/wrist2.stl
-- Up-to-date: /home/billy/git/Robotics-Studio-2/install/ur_description_local/share/ur_description_local/meshes/ur10e/collision/shoulder.stl
-- Up-to-date: /home/billy/git/Robotics-Studio-2/install/ur_description_local/share/ur_description_local/meshes/ur10e/collision/forearm.stl
-- Up-to-date: /home/billy/git/Robotics-Studio-2/install/ur_description_local/share/ur_description_local/meshes/ur10e/collision/forearm.stl:Zone.Identifier
-- Up-to-date: /home/billy/git/Robotics-Studio-2/install/ur_description_local/share/ur_description_local/meshes/ur10e/collision/wrist3.stl
-- Up-to-date: /home/billy/git/Robotics-Studio-2/install/ur_description_local/share/ur_description_local/meshes/ur10e/collision/upperarm.stl
-- Up-to-date: /home/billy/git/Robotics-Studio-2/install/ur_description_local/share/ur_description_local/meshes/ur10e/collision/wrist1.stl:Zone.Identifier
-- Up-to-date: /home/billy/git/Robotics-Studio-2/install/ur_description_local/share/ur_description_local/meshes/ur10e/collision/shoulder.stl:Zone.Identifier
-- Up-to-date: /home/billy/git/Robotics-Studio-2/install/ur_description_local/share/ur_description_local/meshes/ur10e/collision/wrist2.stl:Zone.Identifier
-- Up-to-date: /home/billy/git/Robotics-Studio-2/install/ur_description_local/share/ur_description_local/meshes/ur10e/collision/wrist3.stl:Zone.Identifier
-- Up-to-date: /home/billy/git/Robotics-Studio-2/install/ur_description_local/share/ur_description_local/meshes/ur10e/collision/upperarm.stl:Zone.Identifier
-- Up-to-date: /home/billy/git/Robotics-Studio-2/install/ur_description_local/share/ur_description_local/meshes/ur10e/collision/wrist1.stl
-- Up-to-date: /home/billy/git/Robotics-Studio-2/install/ur_description_local/share/ur_description_local/meshes/ur10e/visual
-- Up-to-date: /home/billy/git/Robotics-Studio-2/install/ur_description_local/share/ur_description_local/meshes/ur10e/visual/wrist2.dae
-- Up-to-date: /home/billy/git/Robotics-Studio-2/install/ur_description_local/share/ur_description_local/meshes/ur10e/visual/base.dae
-- Up-to-date: /home/billy/git/Robotics-Studio-2/install/ur_description_local/share/ur_description_local/meshes/ur10e/visual/upperarm.dae:Zone.Identifier
-- Up-to-date: /home/billy/git/Robotics-Studio-2/install/ur_description_local/share/ur_description_local/meshes/ur10e/visual/upperarm.dae
-- Up-to-date: /home/billy/git/Robotics-Studio-2/install/ur_description_local/share/ur_description_local/meshes/ur10e/visual/wrist1.dae:Zone.Identifier
-- Up-to-date: /home/billy/git/Robotics-Studio-2/install/ur_description_local/share/ur_description_local/meshes/ur10e/visual/wrist3.dae:Zone.Identifier
-- Up-to-date: /home/billy/git/Robotics-Studio-2/install/ur_description_local/share/ur_description_local/meshes/ur10e/visual/wrist1.dae
-- Up-to-date: /home/billy/git/Robotics-Studio-2/install/ur_description_local/share/ur_description_local/meshes/ur10e/visual/wrist3.dae
-- Up-to-date: /home/billy/git/Robotics-Studio-2/install/ur_description_local/share/ur_description_local/meshes/ur10e/visual/shoulder.dae:Zone.Identifier
-- Up-to-date: /home/billy/git/Robotics-Studio-2/install/ur_description_local/share/ur_description_local/meshes/ur10e/visual/shoulder.dae
-- Up-to-date: /home/billy/git/Robotics-Studio-2/install/ur_description_local/share/ur_description_local/meshes/ur10e/visual/forearm.dae:Zone.Identifier
-- Up-to-date: /home/billy/git/Robotics-Studio-2/install/ur_description_local/share/ur_description_local/meshes/ur10e/visual/forearm.dae
-- Up-to-date: /home/billy/git/Robotics-Studio-2/install/ur_description_local/share/ur_description_local/meshes/ur10e/visual/base.dae:Zone.Identifier
-- Up-to-date: /home/billy/git/Robotics-Studio-2/install/ur_description_local/share/ur_description_local/meshes/ur10e/visual/wrist2.dae:Zone.Identifier
-- Up-to-date: /home/billy/git/Robotics-Studio-2/install/ur_description_local/share/ur_description_local/meshes/ur10
-- Up-to-date: /home/billy/git/Robotics-Studio-2/install/ur_description_local/share/ur_description_local/meshes/ur10/collision
-- Up-to-date: /home/billy/git/Robotics-Studio-2/install/ur_description_local/share/ur_description_local/meshes/ur10/collision/base.stl
-- Up-to-date: /home/billy/git/Robotics-Studio-2/install/ur_description_local/share/ur_description_local/meshes/ur10/collision/base.stl:Zone.Identifier
-- Up-to-date: /home/billy/git/Robotics-Studio-2/install/ur_description_local/share/ur_description_local/meshes/ur10/collision/wrist2.stl
-- Up-to-date: /home/billy/git/Robotics-Studio-2/install/ur_description_local/share/ur_description_local/meshes/ur10/collision/shoulder.stl
-- Up-to-date: /home/billy/git/Robotics-Studio-2/install/ur_description_local/share/ur_description_local/meshes/ur10/collision/forearm.stl
-- Up-to-date: /home/billy/git/Robotics-Studio-2/install/ur_description_local/share/ur_description_local/meshes/ur10/collision/forearm.stl:Zone.Identifier
-- Up-to-date: /home/billy/git/Robotics-Studio-2/install/ur_description_local/share/ur_description_local/meshes/ur10/collision/wrist3.stl
-- Up-to-date: /home/billy/git/Robotics-Studio-2/install/ur_description_local/share/ur_description_local/meshes/ur10/collision/upperarm.stl
-- Up-to-date: /home/billy/git/Robotics-Studio-2/install/ur_description_local/share/ur_description_local/meshes/ur10/collision/wrist1.stl:Zone.Identifier
-- Up-to-date: /home/billy/git/Robotics-Studio-2/install/ur_description_local/share/ur_description_local/meshes/ur10/collision/shoulder.stl:Zone.Identifier
-- Up-to-date: /home/billy/git/Robotics-Studio-2/install/ur_description_local/share/ur_description_local/meshes/ur10/collision/wrist2.stl:Zone.Identifier
-- Up-to-date: /home/billy/git/Robotics-Studio-2/install/ur_description_local/share/ur_description_local/meshes/ur10/collision/wrist3.stl:Zone.Identifier
-- Up-to-date: /home/billy/git/Robotics-Studio-2/install/ur_description_local/share/ur_description_local/meshes/ur10/collision/upperarm.stl:Zone.Identifier
-- Up-to-date: /home/billy/git/Robotics-Studio-2/install/ur_description_local/share/ur_description_local/meshes/ur10/collision/wrist1.stl
-- Up-to-date: /home/billy/git/Robotics-Studio-2/install/ur_description_local/share/ur_description_local/meshes/ur10/visual
-- Up-to-date: /home/billy/git/Robotics-Studio-2/install/ur_description_local/share/ur_description_local/meshes/ur10/visual/wrist2.dae
-- Up-to-date: /home/billy/git/Robotics-Studio-2/install/ur_description_local/share/ur_description_local/meshes/ur10/visual/base.dae
-- Up-to-date: /home/billy/git/Robotics-Studio-2/install/ur_description_local/share/ur_description_local/meshes/ur10/visual/upperarm.dae:Zone.Identifier
-- Up-to-date: /home/billy/git/Robotics-Studio-2/install/ur_description_local/share/ur_description_local/meshes/ur10/visual/upperarm.dae
-- Up-to-date: /home/billy/git/Robotics-Studio-2/install/ur_description_local/share/ur_description_local/meshes/ur10/visual/wrist1.dae:Zone.Identifier
-- Up-to-date: /home/billy/git/Robotics-Studio-2/install/ur_description_local/share/ur_description_local/meshes/ur10/visual/wrist3.dae:Zone.Identifier
-- Up-to-date: /home/billy/git/Robotics-Studio-2/install/ur_description_local/share/ur_description_local/meshes/ur10/visual/wrist1.dae
-- Up-to-date: /home/billy/git/Robotics-Studio-2/install/ur_description_local/share/ur_description_local/meshes/ur10/visual/wrist3.dae
-- Up-to-date: /home/billy/git/Robotics-Studio-2/install/ur_description_local/share/ur_description_local/meshes/ur10/visual/shoulder.dae:Zone.Identifier
-- Up-to-date: /home/billy/git/Robotics-Studio-2/install/ur_description_local/share/ur_description_local/meshes/ur10/visual/shoulder.dae
-- Up-to-date: /home/billy/git/Robotics-Studio-2/install/ur_description_local/share/ur_description_local/meshes/ur10/visual/forearm.dae:Zone.Identifier
-- Up-to-date: /home/billy/git/Robotics-Studio-2/install/ur_description_local/share/ur_description_local/meshes/ur10/visual/forearm.dae
-- Up-to-date: /home/billy/git/Robotics-Studio-2/install/ur_description_local/share/ur_description_local/meshes/ur10/visual/base.dae:Zone.Identifier
-- Up-to-date: /home/billy/git/Robotics-Studio-2/install/ur_description_local/share/ur_description_local/meshes/ur10/visual/wrist2.dae:Zone.Identifier
-- Up-to-date: /home/billy/git/Robotics-Studio-2/install/ur_description_local/share/ur_description_local/meshes/ur5e
-- Up-to-date: /home/billy/git/Robotics-Studio-2/install/ur_description_local/share/ur_description_local/meshes/ur5e/collision
-- Up-to-date: /home/billy/git/Robotics-Studio-2/install/ur_description_local/share/ur_description_local/meshes/ur5e/collision/base.stl
-- Up-to-date: /home/billy/git/Robotics-Studio-2/install/ur_description_local/share/ur_description_local/meshes/ur5e/collision/base.stl:Zone.Identifier
-- Up-to-date: /home/billy/git/Robotics-Studio-2/install/ur_description_local/share/ur_description_local/meshes/ur5e/collision/wrist2.stl
-- Up-to-date: /home/billy/git/Robotics-Studio-2/install/ur_description_local/share/ur_description_local/meshes/ur5e/collision/shoulder.stl
-- Up-to-date: /home/billy/git/Robotics-Studio-2/install/ur_description_local/share/ur_description_local/meshes/ur5e/collision/forearm.stl
-- Up-to-date: /home/billy/git/Robotics-Studio-2/install/ur_description_local/share/ur_description_local/meshes/ur5e/collision/forearm.stl:Zone.Identifier
-- Up-to-date: /home/billy/git/Robotics-Studio-2/install/ur_description_local/share/ur_description_local/meshes/ur5e/collision/wrist3.stl
-- Up-to-date: /home/billy/git/Robotics-Studio-2/install/ur_description_local/share/ur_description_local/meshes/ur5e/collision/upperarm.stl
-- Up-to-date: /home/billy/git/Robotics-Studio-2/install/ur_description_local/share/ur_description_local/meshes/ur5e/collision/wrist1.stl:Zone.Identifier
-- Up-to-date: /home/billy/git/Robotics-Studio-2/install/ur_description_local/share/ur_description_local/meshes/ur5e/collision/shoulder.stl:Zone.Identifier
-- Up-to-date: /home/billy/git/Robotics-Studio-2/install/ur_description_local/share/ur_description_local/meshes/ur5e/collision/wrist2.stl:Zone.Identifier
-- Up-to-date: /home/billy/git/Robotics-Studio-2/install/ur_description_local/share/ur_description_local/meshes/ur5e/collision/wrist3.stl:Zone.Identifier
-- Up-to-date: /home/billy/git/Robotics-Studio-2/install/ur_description_local/share/ur_description_local/meshes/ur5e/collision/upperarm.stl:Zone.Identifier
-- Up-to-date: /home/billy/git/Robotics-Studio-2/install/ur_description_local/share/ur_description_local/meshes/ur5e/collision/wrist1.stl
-- Up-to-date: /home/billy/git/Robotics-Studio-2/install/ur_description_local/share/ur_description_local/meshes/ur5e/visual
-- Up-to-date: /home/billy/git/Robotics-Studio-2/install/ur_description_local/share/ur_description_local/meshes/ur5e/visual/wrist2.dae
-- Up-to-date: /home/billy/git/Robotics-Studio-2/install/ur_description_local/share/ur_description_local/meshes/ur5e/visual/base.dae
-- Up-to-date: /home/billy/git/Robotics-Studio-2/install/ur_description_local/share/ur_description_local/meshes/ur5e/visual/upperarm.dae:Zone.Identifier
-- Up-to-date: /home/billy/git/Robotics-Studio-2/install/ur_description_local/share/ur_description_local/meshes/ur5e/visual/upperarm.dae
-- Up-to-date: /home/billy/git/Robotics-Studio-2/install/ur_description_local/share/ur_description_local/meshes/ur5e/visual/wrist1.dae:Zone.Identifier
-- Up-to-date: /home/billy/git/Robotics-Studio-2/install/ur_description_local/share/ur_description_local/meshes/ur5e/visual/wrist3.dae:Zone.Identifier
-- Up-to-date: /home/billy/git/Robotics-Studio-2/install/ur_description_local/share/ur_description_local/meshes/ur5e/visual/wrist1.dae
-- Up-to-date: /home/billy/git/Robotics-Studio-2/install/ur_description_local/share/ur_description_local/meshes/ur5e/visual/wrist3.dae
-- Up-to-date: /home/billy/git/Robotics-Studio-2/install/ur_description_local/share/ur_description_local/meshes/ur5e/visual/shoulder.dae:Zone.Identifier
-- Up-to-date: /home/billy/git/Robotics-Studio-2/install/ur_description_local/share/ur_description_local/meshes/ur5e/visual/shoulder.dae
-- Up-to-date: /home/billy/git/Robotics-Studio-2/install/ur_description_local/share/ur_description_local/meshes/ur5e/visual/forearm.dae:Zone.Identifier
-- Up-to-date: /home/billy/git/Robotics-Studio-2/install/ur_description_local/share/ur_description_local/meshes/ur5e/visual/forearm.dae
-- Up-to-date: /home/billy/git/Robotics-Studio-2/install/ur_description_local/share/ur_description_local/meshes/ur5e/visual/base.dae:Zone.Identifier
-- Up-to-date: /home/billy/git/Robotics-Studio-2/install/ur_description_local/share/ur_description_local/meshes/ur5e/visual/wrist2.dae:Zone.Identifier
-- Up-to-date: /home/billy/git/Robotics-Studio-2/install/ur_description_local/share/ur_description_local/meshes/ur3
-- Up-to-date: /home/billy/git/Robotics-Studio-2/install/ur_description_local/share/ur_description_local/meshes/ur3/collision
-- Up-to-date: /home/billy/git/Robotics-Studio-2/install/ur_description_local/share/ur_description_local/meshes/ur3/collision/base.stl
-- Up-to-date: /home/billy/git/Robotics-Studio-2/install/ur_description_local/share/ur_description_local/meshes/ur3/collision/base.stl:Zone.Identifier
-- Up-to-date: /home/billy/git/Robotics-Studio-2/install/ur_description_local/share/ur_description_local/meshes/ur3/collision/wrist2.stl
-- Up-to-date: /home/billy/git/Robotics-Studio-2/install/ur_description_local/share/ur_description_local/meshes/ur3/collision/shoulder.stl
-- Up-to-date: /home/billy/git/Robotics-Studio-2/install/ur_description_local/share/ur_description_local/meshes/ur3/collision/forearm.stl
-- Up-to-date: /home/billy/git/Robotics-Studio-2/install/ur_description_local/share/ur_description_local/meshes/ur3/collision/forearm.stl:Zone.Identifier
-- Up-to-date: /home/billy/git/Robotics-Studio-2/install/ur_description_local/share/ur_description_local/meshes/ur3/collision/wrist3.stl
-- Up-to-date: /home/billy/git/Robotics-Studio-2/install/ur_description_local/share/ur_description_local/meshes/ur3/collision/upperarm.stl
-- Up-to-date: /home/billy/git/Robotics-Studio-2/install/ur_description_local/share/ur_description_local/meshes/ur3/collision/wrist1.stl:Zone.Identifier
-- Up-to-date: /home/billy/git/Robotics-Studio-2/install/ur_description_local/share/ur_description_local/meshes/ur3/collision/shoulder.stl:Zone.Identifier
-- Up-to-date: /home/billy/git/Robotics-Studio-2/install/ur_description_local/share/ur_description_local/meshes/ur3/collision/wrist2.stl:Zone.Identifier
-- Up-to-date: /home/billy/git/Robotics-Studio-2/install/ur_description_local/share/ur_description_local/meshes/ur3/collision/wrist3.stl:Zone.Identifier
-- Up-to-date: /home/billy/git/Robotics-Studio-2/install/ur_description_local/share/ur_description_local/meshes/ur3/collision/upperarm.stl:Zone.Identifier
-- Up-to-date: /home/billy/git/Robotics-Studio-2/install/ur_description_local/share/ur_description_local/meshes/ur3/collision/wrist1.stl
-- Up-to-date: /home/billy/git/Robotics-Studio-2/install/ur_description_local/share/ur_description_local/meshes/ur3/visual
-- Up-to-date: /home/billy/git/Robotics-Studio-2/install/ur_description_local/share/ur_description_local/meshes/ur3/visual/wrist2.dae
-- Up-to-date: /home/billy/git/Robotics-Studio-2/install/ur_description_local/share/ur_description_local/meshes/ur3/visual/base.dae
-- Up-to-date: /home/billy/git/Robotics-Studio-2/install/ur_description_local/share/ur_description_local/meshes/ur3/visual/upperarm.dae:Zone.Identifier
-- Up-to-date: /home/billy/git/Robotics-Studio-2/install/ur_description_local/share/ur_description_local/meshes/ur3/visual/upperarm.dae
-- Up-to-date: /home/billy/git/Robotics-Studio-2/install/ur_description_local/share/ur_description_local/meshes/ur3/visual/wrist1.dae:Zone.Identifier
-- Up-to-date: /home/billy/git/Robotics-Studio-2/install/ur_description_local/share/ur_description_local/meshes/ur3/visual/wrist3.dae:Zone.Identifier
-- Up-to-date: /home/billy/git/Robotics-Studio-2/install/ur_description_local/share/ur_description_local/meshes/ur3/visual/wrist1.dae
-- Up-to-date: /home/billy/git/Robotics-Studio-2/install/ur_description_local/share/ur_description_local/meshes/ur3/visual/wrist3.dae
-- Up-to-date: /home/billy/git/Robotics-Studio-2/install/ur_description_local/share/ur_description_local/meshes/ur3/visual/shoulder.dae:Zone.Identifier
-- Up-to-date: /home/billy/git/Robotics-Studio-2/install/ur_description_local/share/ur_description_local/meshes/ur3/visual/shoulder.dae
-- Up-to-date: /home/billy/git/Robotics-Studio-2/install/ur_description_local/share/ur_description_local/meshes/ur3/visual/forearm.dae:Zone.Identifier
-- Up-to-date: /home/billy/git/Robotics-Studio-2/install/ur_description_local/share/ur_description_local/meshes/ur3/visual/forearm.dae
-- Up-to-date: /home/billy/git/Robotics-Studio-2/install/ur_description_local/share/ur_description_local/meshes/ur3/visual/base.dae:Zone.Identifier
-- Up-to-date: /home/billy/git/Robotics-Studio-2/install/ur_description_local/share/ur_description_local/meshes/ur3/visual/wrist2.dae:Zone.Identifier
-- Up-to-date: /home/billy/git/Robotics-Studio-2/install/ur_description_local/share/ur_description_local/meshes/ur8long
-- Up-to-date: /home/billy/git/Robotics-Studio-2/install/ur_description_local/share/ur_description_local/meshes/ur8long/LICENSE.txt
-- Up-to-date: /home/billy/git/Robotics-Studio-2/install/ur_description_local/share/ur_description_local/meshes/ur8long/LICENSE.txt:Zone.Identifier
-- Up-to-date: /home/billy/git/Robotics-Studio-2/install/ur_description_local/share/ur_description_local/meshes/ur8long/collision
-- Up-to-date: /home/billy/git/Robotics-Studio-2/install/ur_description_local/share/ur_description_local/meshes/ur8long/collision/forearm.stl
-- Up-to-date: /home/billy/git/Robotics-Studio-2/install/ur_description_local/share/ur_description_local/meshes/ur8long/collision/forearm.stl:Zone.Identifier
-- Up-to-date: /home/billy/git/Robotics-Studio-2/install/ur_description_local/share/ur_description_local/meshes/ur8long/collision/upperarm.stl
-- Up-to-date: /home/billy/git/Robotics-Studio-2/install/ur_description_local/share/ur_description_local/meshes/ur8long/collision/upperarm.stl:Zone.Identifier
-- Up-to-date: /home/billy/git/Robotics-Studio-2/install/ur_description_local/share/ur_description_local/meshes/ur8long/visual
-- Up-to-date: /home/billy/git/Robotics-Studio-2/install/ur_description_local/share/ur_description_local/meshes/ur8long/visual/UR8Long_DIFF_8bit_2K.jpg
-- Up-to-date: /home/billy/git/Robotics-Studio-2/install/ur_description_local/share/ur_description_local/meshes/ur8long/visual/upperarm.dae:Zone.Identifier
-- Up-to-date: /home/billy/git/Robotics-Studio-2/install/ur_description_local/share/ur_description_local/meshes/ur8long/visual/upperarm.dae
-- Up-to-date: /home/billy/git/Robotics-Studio-2/install/ur_description_local/share/ur_description_local/meshes/ur8long/visual/UR8Long_DIFF_8bit_2K.jpg:Zone.Identifier
-- Up-to-date: /home/billy/git/Robotics-Studio-2/install/ur_description_local/share/ur_description_local/meshes/ur8long/visual/forearm.dae:Zone.Identifier
-- Up-to-date: /home/billy/git/Robotics-Studio-2/install/ur_description_local/share/ur_description_local/meshes/ur8long/visual/forearm.dae
-- Up-to-date: /home/billy/git/Robotics-Studio-2/install/ur_description_local/share/ur_description_local/meshes/ur15
-- Up-to-date: /home/billy/git/Robotics-Studio-2/install/ur_description_local/share/ur_description_local/meshes/ur15/LICENSE.txt
-- Up-to-date: /home/billy/git/Robotics-Studio-2/install/ur_description_local/share/ur_description_local/meshes/ur15/LICENSE.txt:Zone.Identifier
-- Up-to-date: /home/billy/git/Robotics-Studio-2/install/ur_description_local/share/ur_description_local/meshes/ur15/collision
-- Up-to-date: /home/billy/git/Robotics-Studio-2/install/ur_description_local/share/ur_description_local/meshes/ur15/collision/base.stl
-- Up-to-date: /home/billy/git/Robotics-Studio-2/install/ur_description_local/share/ur_description_local/meshes/ur15/collision/base.stl:Zone.Identifier
-- Up-to-date: /home/billy/git/Robotics-Studio-2/install/ur_description_local/share/ur_description_local/meshes/ur15/collision/wrist2.stl
-- Up-to-date: /home/billy/git/Robotics-Studio-2/install/ur_description_local/share/ur_description_local/meshes/ur15/collision/shoulder.stl
-- Up-to-date: /home/billy/git/Robotics-Studio-2/install/ur_description_local/share/ur_description_local/meshes/ur15/collision/forearm.stl
-- Up-to-date: /home/billy/git/Robotics-Studio-2/install/ur_description_local/share/ur_description_local/meshes/ur15/collision/forearm.stl:Zone.Identifier
-- Up-to-date: /home/billy/git/Robotics-Studio-2/install/ur_description_local/share/ur_description_local/meshes/ur15/collision/wrist3.stl
-- Up-to-date: /home/billy/git/Robotics-Studio-2/install/ur_description_local/share/ur_description_local/meshes/ur15/collision/upperarm.stl
-- Up-to-date: /home/billy/git/Robotics-Studio-2/install/ur_description_local/share/ur_description_local/meshes/ur15/collision/wrist1.stl:Zone.Identifier
-- Up-to-date: /home/billy/git/Robotics-Studio-2/install/ur_description_local/share/ur_description_local/meshes/ur15/collision/shoulder.stl:Zone.Identifier
-- Up-to-date: /home/billy/git/Robotics-Studio-2/install/ur_description_local/share/ur_description_local/meshes/ur15/collision/wrist2.stl:Zone.Identifier
-- Up-to-date: /home/billy/git/Robotics-Studio-2/install/ur_description_local/share/ur_description_local/meshes/ur15/collision/wrist3.stl:Zone.Identifier
-- Up-to-date: /home/billy/git/Robotics-Studio-2/install/ur_description_local/share/ur_description_local/meshes/ur15/collision/upperarm.stl:Zone.Identifier
-- Up-to-date: /home/billy/git/Robotics-Studio-2/install/ur_description_local/share/ur_description_local/meshes/ur15/collision/wrist1.stl
-- Up-to-date: /home/billy/git/Robotics-Studio-2/install/ur_description_local/share/ur_description_local/meshes/ur15/visual
-- Up-to-date: /home/billy/git/Robotics-Studio-2/install/ur_description_local/share/ur_description_local/meshes/ur15/visual/wrist2.dae
-- Up-to-date: /home/billy/git/Robotics-Studio-2/install/ur_description_local/share/ur_description_local/meshes/ur15/visual/base.dae
-- Up-to-date: /home/billy/git/Robotics-Studio-2/install/ur_description_local/share/ur_description_local/meshes/ur15/visual/upperarm.dae:Zone.Identifier
-- Up-to-date: /home/billy/git/Robotics-Studio-2/install/ur_description_local/share/ur_description_local/meshes/ur15/visual/upperarm.dae
-- Up-to-date: /home/billy/git/Robotics-Studio-2/install/ur_description_local/share/ur_description_local/meshes/ur15/visual/UR15_DIFF_8bit_2K.jpg
-- Up-to-date: /home/billy/git/Robotics-Studio-2/install/ur_description_local/share/ur_description_local/meshes/ur15/visual/wrist1.dae:Zone.Identifier
-- Up-to-date: /home/billy/git/Robotics-Studio-2/install/ur_description_local/share/ur_description_local/meshes/ur15/visual/wrist3.dae:Zone.Identifier
-- Up-to-date: /home/billy/git/Robotics-Studio-2/install/ur_description_local/share/ur_description_local/meshes/ur15/visual/wrist1.dae
-- Up-to-date: /home/billy/git/Robotics-Studio-2/install/ur_description_local/share/ur_description_local/meshes/ur15/visual/wrist3.dae
-- Up-to-date: /home/billy/git/Robotics-Studio-2/install/ur_description_local/share/ur_description_local/meshes/ur15/visual/shoulder.dae:Zone.Identifier
-- Up-to-date: /home/billy/git/Robotics-Studio-2/install/ur_description_local/share/ur_description_local/meshes/ur15/visual/shoulder.dae
-- Up-to-date: /home/billy/git/Robotics-Studio-2/install/ur_description_local/share/ur_description_local/meshes/ur15/visual/forearm.dae:Zone.Identifier
-- Up-to-date: /home/billy/git/Robotics-Studio-2/install/ur_description_local/share/ur_description_local/meshes/ur15/visual/forearm.dae
-- Up-to-date: /home/billy/git/Robotics-Studio-2/install/ur_description_local/share/ur_description_local/meshes/ur15/visual/base.dae:Zone.Identifier
-- Up-to-date: /home/billy/git/Robotics-Studio-2/install/ur_description_local/share/ur_description_local/meshes/ur15/visual/wrist2.dae:Zone.Identifier
-- Up-to-date: /home/billy/git/Robotics-Studio-2/install/ur_description_local/share/ur_description_local/meshes/ur15/visual/UR15_DIFF_8bit_2K.jpg:Zone.Identifier
-- Up-to-date: /home/billy/git/Robotics-Studio-2/install/ur_description_local/share/ur_description_local/meshes/ur16e
-- Up-to-date: /home/billy/git/Robotics-Studio-2/install/ur_description_local/share/ur_description_local/meshes/ur16e/collision
-- Up-to-date: /home/billy/git/Robotics-Studio-2/install/ur_description_local/share/ur_description_local/meshes/ur16e/collision/forearm.stl
-- Up-to-date: /home/billy/git/Robotics-Studio-2/install/ur_description_local/share/ur_description_local/meshes/ur16e/collision/forearm.stl:Zone.Identifier
-- Up-to-date: /home/billy/git/Robotics-Studio-2/install/ur_description_local/share/ur_description_local/meshes/ur16e/collision/upperarm.stl
-- Up-to-date: /home/billy/git/Robotics-Studio-2/install/ur_description_local/share/ur_description_local/meshes/ur16e/collision/upperarm.stl:Zone.Identifier
-- Up-to-date: /home/billy/git/Robotics-Studio-2/install/ur_description_local/share/ur_description_local/meshes/ur16e/visual
-- Up-to-date: /home/billy/git/Robotics-Studio-2/install/ur_description_local/share/ur_description_local/meshes/ur16e/visual/upperarm.dae:Zone.Identifier
-- Up-to-date: /home/billy/git/Robotics-Studio-2/install/ur_description_local/share/ur_description_local/meshes/ur16e/visual/upperarm.dae
-- Up-to-date: /home/billy/git/Robotics-Studio-2/install/ur_description_local/share/ur_description_local/meshes/ur16e/visual/forearm.dae:Zone.Identifier
-- Up-to-date: /home/billy/git/Robotics-Studio-2/install/ur_description_local/share/ur_description_local/meshes/ur16e/visual/forearm.dae
-- Up-to-date: /home/billy/git/Robotics-Studio-2/install/ur_description_local/share/ur_description_local/meshes/ur30
-- Up-to-date: /home/billy/git/Robotics-Studio-2/install/ur_description_local/share/ur_description_local/meshes/ur30/LICENSE.txt
-- Up-to-date: /home/billy/git/Robotics-Studio-2/install/ur_description_local/share/ur_description_local/meshes/ur30/LICENSE.txt:Zone.Identifier
-- Up-to-date: /home/billy/git/Robotics-Studio-2/install/ur_description_local/share/ur_description_local/meshes/ur30/collision
-- Up-to-date: /home/billy/git/Robotics-Studio-2/install/ur_description_local/share/ur_description_local/meshes/ur30/collision/forearm.stl
-- Up-to-date: /home/billy/git/Robotics-Studio-2/install/ur_description_local/share/ur_description_local/meshes/ur30/collision/forearm.stl:Zone.Identifier
-- Up-to-date: /home/billy/git/Robotics-Studio-2/install/ur_description_local/share/ur_description_local/meshes/ur30/collision/upperarm.stl
-- Up-to-date: /home/billy/git/Robotics-Studio-2/install/ur_description_local/share/ur_description_local/meshes/ur30/collision/upperarm.stl:Zone.Identifier
-- Up-to-date: /home/billy/git/Robotics-Studio-2/install/ur_description_local/share/ur_description_local/meshes/ur30/visual
-- Up-to-date: /home/billy/git/Robotics-Studio-2/install/ur_description_local/share/ur_description_local/meshes/ur30/visual/UR30_DIFF_8bit_2K.png:Zone.Identifier
-- Up-to-date: /home/billy/git/Robotics-Studio-2/install/ur_description_local/share/ur_description_local/meshes/ur30/visual/upperarm.dae:Zone.Identifier
-- Up-to-date: /home/billy/git/Robotics-Studio-2/install/ur_description_local/share/ur_description_local/meshes/ur30/visual/upperarm.dae
-- Up-to-date: /home/billy/git/Robotics-Studio-2/install/ur_description_local/share/ur_description_local/meshes/ur30/visual/UR30_DIFF_8bit_2K.png
-- Up-to-date: /home/billy/git/Robotics-Studio-2/install/ur_description_local/share/ur_description_local/meshes/ur30/visual/forearm.dae:Zone.Identifier
-- Up-to-date: /home/billy/git/Robotics-Studio-2/install/ur_description_local/share/ur_description_local/meshes/ur30/visual/forearm.dae
-- Up-to-date: /home/billy/git/Robotics-Studio-2/install/ur_description_local/share/ur_description_local/meshes/ur20
-- Up-to-date: /home/billy/git/Robotics-Studio-2/install/ur_description_local/share/ur_description_local/meshes/ur20/LICENSE.txt
-- Up-to-date: /home/billy/git/Robotics-Studio-2/install/ur_description_local/share/ur_description_local/meshes/ur20/LICENSE.txt:Zone.Identifier
-- Up-to-date: /home/billy/git/Robotics-Studio-2/install/ur_description_local/share/ur_description_local/meshes/ur20/collision
-- Up-to-date: /home/billy/git/Robotics-Studio-2/install/ur_description_local/share/ur_description_local/meshes/ur20/collision/base.stl
-- Up-to-date: /home/billy/git/Robotics-Studio-2/install/ur_description_local/share/ur_description_local/meshes/ur20/collision/base.stl:Zone.Identifier
-- Up-to-date: /home/billy/git/Robotics-Studio-2/install/ur_description_local/share/ur_description_local/meshes/ur20/collision/wrist2.stl
-- Up-to-date: /home/billy/git/Robotics-Studio-2/install/ur_description_local/share/ur_description_local/meshes/ur20/collision/shoulder.stl
-- Up-to-date: /home/billy/git/Robotics-Studio-2/install/ur_description_local/share/ur_description_local/meshes/ur20/collision/forearm.stl
-- Up-to-date: /home/billy/git/Robotics-Studio-2/install/ur_description_local/share/ur_description_local/meshes/ur20/collision/forearm.stl:Zone.Identifier
-- Up-to-date: /home/billy/git/Robotics-Studio-2/install/ur_description_local/share/ur_description_local/meshes/ur20/collision/wrist3.stl
-- Up-to-date: /home/billy/git/Robotics-Studio-2/install/ur_description_local/share/ur_description_local/meshes/ur20/collision/upperarm.stl
-- Up-to-date: /home/billy/git/Robotics-Studio-2/install/ur_description_local/share/ur_description_local/meshes/ur20/collision/wrist1.stl:Zone.Identifier
-- Up-to-date: /home/billy/git/Robotics-Studio-2/install/ur_description_local/share/ur_description_local/meshes/ur20/collision/shoulder.stl:Zone.Identifier
-- Up-to-date: /home/billy/git/Robotics-Studio-2/install/ur_description_local/share/ur_description_local/meshes/ur20/collision/wrist2.stl:Zone.Identifier
-- Up-to-date: /home/billy/git/Robotics-Studio-2/install/ur_description_local/share/ur_description_local/meshes/ur20/collision/wrist3.stl:Zone.Identifier
-- Up-to-date: /home/billy/git/Robotics-Studio-2/install/ur_description_local/share/ur_description_local/meshes/ur20/collision/upperarm.stl:Zone.Identifier
-- Up-to-date: /home/billy/git/Robotics-Studio-2/install/ur_description_local/share/ur_description_local/meshes/ur20/collision/wrist1.stl
-- Up-to-date: /home/billy/git/Robotics-Studio-2/install/ur_description_local/share/ur_description_local/meshes/ur20/visual
-- Up-to-date: /home/billy/git/Robotics-Studio-2/install/ur_description_local/share/ur_description_local/meshes/ur20/visual/wrist2.dae
-- Up-to-date: /home/billy/git/Robotics-Studio-2/install/ur_description_local/share/ur_description_local/meshes/ur20/visual/base.dae
-- Up-to-date: /home/billy/git/Robotics-Studio-2/install/ur_description_local/share/ur_description_local/meshes/ur20/visual/upperarm.dae:Zone.Identifier
-- Up-to-date: /home/billy/git/Robotics-Studio-2/install/ur_description_local/share/ur_description_local/meshes/ur20/visual/upperarm.dae
-- Up-to-date: /home/billy/git/Robotics-Studio-2/install/ur_description_local/share/ur_description_local/meshes/ur20/visual/UR20_DIFF_8bit_2K.png
-- Up-to-date: /home/billy/git/Robotics-Studio-2/install/ur_description_local/share/ur_description_local/meshes/ur20/visual/wrist1.dae:Zone.Identifier
-- Up-to-date: /home/billy/git/Robotics-Studio-2/install/ur_description_local/share/ur_description_local/meshes/ur20/visual/wrist3.dae:Zone.Identifier
-- Up-to-date: /home/billy/git/Robotics-Studio-2/install/ur_description_local/share/ur_description_local/meshes/ur20/visual/wrist1.dae
-- Up-to-date: /home/billy/git/Robotics-Studio-2/install/ur_description_local/share/ur_description_local/meshes/ur20/visual/wrist3.dae
-- Up-to-date: /home/billy/git/Robotics-Studio-2/install/ur_description_local/share/ur_description_local/meshes/ur20/visual/shoulder.dae:Zone.Identifier
-- Up-to-date: /home/billy/git/Robotics-Studio-2/install/ur_description_local/share/ur_description_local/meshes/ur20/visual/shoulder.dae
-- Up-to-date: /home/billy/git/Robotics-Studio-2/install/ur_description_local/share/ur_description_local/meshes/ur20/visual/forearm.dae:Zone.Identifier
-- Up-to-date: /home/billy/git/Robotics-Studio-2/install/ur_description_local/share/ur_description_local/meshes/ur20/visual/UR20_DIFF_8bit_2K.png:Zone.Identifier
-- Up-to-date: /home/billy/git/Robotics-Studio-2/install/ur_description_local/share/ur_description_local/meshes/ur20/visual/forearm.dae
-- Up-to-date: /home/billy/git/Robotics-Studio-2/install/ur_description_local/share/ur_description_local/meshes/ur20/visual/base.dae:Zone.Identifier
-- Up-to-date: /home/billy/git/Robotics-Studio-2/install/ur_description_local/share/ur_description_local/meshes/ur20/visual/wrist2.dae:Zone.Identifier
-- Up-to-date: /home/billy/git/Robotics-Studio-2/install/ur_description_local/share/ur_description_local/rviz
-- Up-to-date: /home/billy/git/Robotics-Studio-2/install/ur_description_local/share/ur_description_local/rviz/view_robot.rviz:Zone.Identifier
-- Up-to-date: /home/billy/git/Robotics-Studio-2/install/ur_description_local/share/ur_description_local/rviz/view_robot.rviz
-- Up-to-date: /home/billy/git/Robotics-Studio-2/install/ur_description_local/share/ur_description_local/urdf
-- Up-to-date: /home/billy/git/Robotics-Studio-2/install/ur_description_local/share/ur_description_local/urdf/ur_macro.xacro
-- Up-to-date: /home/billy/git/Robotics-Studio-2/install/ur_description_local/share/ur_description_local/urdf/ur.urdf.xacro
-- Up-to-date: /home/billy/git/Robotics-Studio-2/install/ur_description_local/share/ur_description_local/urdf/ur.ros2_control.xacro:Zone.Identifier
-- Up-to-date: /home/billy/git/Robotics-Studio-2/install/ur_description_local/share/ur_description_local/urdf/ur.ros2_control.xacro
-- Up-to-date: /home/billy/git/Robotics-Studio-2/install/ur_description_local/share/ur_description_local/urdf/ur.urdf.xacro:Zone.Identifier
-- Up-to-date: /home/billy/git/Robotics-Studio-2/install/ur_description_local/share/ur_description_local/urdf/inc
-- Up-to-date: /home/billy/git/Robotics-Studio-2/install/ur_description_local/share/ur_description_local/urdf/inc/ur_common.xacro
-- Up-to-date: /home/billy/git/Robotics-Studio-2/install/ur_description_local/share/ur_description_local/urdf/inc/ur_transmissions.xacro
-- Up-to-date: /home/billy/git/Robotics-Studio-2/install/ur_description_local/share/ur_description_local/urdf/inc/ur_transmissions.xacro:Zone.Identifier
-- Up-to-date: /home/billy/git/Robotics-Studio-2/install/ur_description_local/share/ur_description_local/urdf/inc/ur_common.xacro:Zone.Identifier
-- Up-to-date: /home/billy/git/Robotics-Studio-2/install/ur_description_local/share/ur_description_local/urdf/ur_macro.xacro:Zone.Identifier
-- Up-to-date: /home/billy/git/Robotics-Studio-2/install/ur_description_local/share/ament_index/resource_index/package_run_dependencies/ur_description_local
-- Up-to-date: /home/billy/git/Robotics-Studio-2/install/ur_description_local/share/ament_index/resource_index/parent_prefix_path/ur_description_local
-- Up-to-date: /home/billy/git/Robotics-Studio-2/install/ur_description_local/share/ur_description_local/environment/ament_prefix_path.sh
-- Up-to-date: /home/billy/git/Robotics-Studio-2/install/ur_description_local/share/ur_description_local/environment/ament_prefix_path.dsv
-- Up-to-date: /home/billy/git/Robotics-Studio-2/install/ur_description_local/share/ur_description_local/environment/path.sh
-- Up-to-date: /home/billy/git/Robotics-Studio-2/install/ur_description_local/share/ur_description_local/environment/path.dsv
-- Up-to-date: /home/billy/git/Robotics-Studio-2/install/ur_description_local/share/ur_description_local/local_setup.bash
-- Up-to-date: /home/billy/git/Robotics-Studio-2/install/ur_description_local/share/ur_description_local/local_setup.sh
-- Up-to-date: /home/billy/git/Robotics-Studio-2/install/ur_description_local/share/ur_description_local/local_setup.zsh
-- Up-to-date: /home/billy/git/Robotics-Studio-2/install/ur_description_local/share/ur_description_local/local_setup.dsv
-- Up-to-date: /home/billy/git/Robotics-Studio-2/install/ur_description_local/share/ur_description_local/package.dsv
-- Up-to-date: /home/billy/git/Robotics-Studio-2/install/ur_description_local/share/ament_index/resource_index/packages/ur_description_local
-- Installing: /home/billy/git/Robotics-Studio-2/install/ur_description_local/share/ur_description_local/cmake/ur_description_localConfig.cmake
-- Installing: /home/billy/git/Robotics-Studio-2/install/ur_description_local/share/ur_description_local/cmake/ur_description_localConfig.cmake
-- Up-to-date: /home/billy/git/Robotics-Studio-2/install/ur_description_local/share/ur_description_local/cmake/ur_description_localConfig-version.cmake
-- Up-to-date: /home/billy/git/Robotics-Studio-2/install/ur_description_local/share/ur_description_local/package.xml
