[0.061s] Invoking command in '/home/billy/git/Robotics-Studio-2/build/onrobot_driver': CMAKE_PREFIX_PATH=/home/billy/git/Robotics-Studio-2/install/onrobot_description:/home/billy/install/object_msgs:/home/billy/git/Robotics-Studio-2/install/ur_onrobot_moveit_config:/home/billy/git/Robotics-Studio-2/install/ur_onrobot_control:/home/billy/git/Robotics-Studio-2/install/ur_onrobot_description:/home/billy/git/Robotics-Studio-2/install/onrobot_driver:/home/billy/git/Robotics-Studio-2/install/object_msgs:/opt/ros/humble /usr/bin/cmake --build /home/billy/git/Robotics-Studio-2/build/onrobot_driver -- -j16 -l16
[0.178s] [ 35%] Built target Modbus_Core
[0.228s] [ 57%] Built target Modbus_TCP
[0.228s] [ 71%] Built target Modbus_Serial
[0.272s] [ 78%] Built target Modbus
[0.334s] [100%] Built target onrobot_driver_plugin
[0.360s] Invoked command in '/home/billy/git/Robotics-Studio-2/build/onrobot_driver' returned '0': CMAKE_PREFIX_PATH=/home/billy/git/Robotics-Studio-2/install/onrobot_description:/home/billy/install/object_msgs:/home/billy/git/Robotics-Studio-2/install/ur_onrobot_moveit_config:/home/billy/git/Robotics-Studio-2/install/ur_onrobot_control:/home/billy/git/Robotics-Studio-2/install/ur_onrobot_description:/home/billy/git/Robotics-Studio-2/install/onrobot_driver:/home/billy/git/Robotics-Studio-2/install/object_msgs:/opt/ros/humble /usr/bin/cmake --build /home/billy/git/Robotics-Studio-2/build/onrobot_driver -- -j16 -l16
[0.365s] Invoking command in '/home/billy/git/Robotics-Studio-2/build/onrobot_driver': CMAKE_PREFIX_PATH=/home/billy/git/Robotics-Studio-2/install/onrobot_description:/home/billy/install/object_msgs:/home/billy/git/Robotics-Studio-2/install/ur_onrobot_moveit_config:/home/billy/git/Robotics-Studio-2/install/ur_onrobot_control:/home/billy/git/Robotics-Studio-2/install/ur_onrobot_description:/home/billy/git/Robotics-Studio-2/install/onrobot_driver:/home/billy/git/Robotics-Studio-2/install/object_msgs:/opt/ros/humble /usr/bin/cmake --install /home/billy/git/Robotics-Studio-2/build/onrobot_driver
[0.377s] -- Install configuration: ""
[0.378s] -- Execute custom install script
[0.378s] -- Up-to-date symlink: /home/billy/git/Robotics-Studio-2/install/onrobot_driver/share/onrobot_driver//rg_hardware_interface.xml
[0.379s] -- Up-to-date symlink: /home/billy/git/Robotics-Studio-2/install/onrobot_driver/lib/libonrobot_driver_plugin.so
[0.388s] -- Up-to-date symlink: /home/billy/git/Robotics-Studio-2/install/onrobot_driver/include/onrobot_driver/IModbusConnection.hpp
[0.388s] -- Up-to-date symlink: /home/billy/git/Robotics-Studio-2/install/onrobot_driver/include/onrobot_driver/Modbus/.clang-format
[0.389s] -- Up-to-date symlink: /home/billy/git/Robotics-Studio-2/install/onrobot_driver/include/onrobot_driver/Modbus/.git
[0.389s] -- Up-to-date symlink: /home/billy/git/Robotics-Studio-2/install/onrobot_driver/include/onrobot_driver/Modbus/CMakeLists.txt
[0.390s] -- Up-to-date symlink: /home/billy/git/Robotics-Studio-2/install/onrobot_driver/include/onrobot_driver/Modbus/Doxyfile
[0.390s] -- Up-to-date symlink: /home/billy/git/Robotics-Studio-2/install/onrobot_driver/include/onrobot_driver/Modbus/LICENSE
[0.390s] -- Up-to-date symlink: /home/billy/git/Robotics-Studio-2/install/onrobot_driver/include/onrobot_driver/Modbus/README.md
[0.391s] -- Up-to-date symlink: /home/billy/git/Robotics-Studio-2/install/onrobot_driver/include/onrobot_driver/Modbus/docs/html/Serial_2connection_8hpp_source.html
[0.391s] -- Up-to-date symlink: /home/billy/git/Robotics-Studio-2/install/onrobot_driver/include/onrobot_driver/Modbus/docs/html/TCP_2connection_8hpp_source.html
[0.392s] -- Up-to-date symlink: /home/billy/git/Robotics-Studio-2/install/onrobot_driver/include/onrobot_driver/Modbus/docs/html/annotated.html
[0.392s] -- Up-to-date symlink: /home/billy/git/Robotics-Studio-2/install/onrobot_driver/include/onrobot_driver/Modbus/docs/html/bc_s.png
[0.392s] -- Up-to-date symlink: /home/billy/git/Robotics-Studio-2/install/onrobot_driver/include/onrobot_driver/Modbus/docs/html/bc_sd.png
[0.393s] -- Up-to-date symlink: /home/billy/git/Robotics-Studio-2/install/onrobot_driver/include/onrobot_driver/Modbus/docs/html/bdwn.png
[0.393s] -- Up-to-date symlink: /home/billy/git/Robotics-Studio-2/install/onrobot_driver/include/onrobot_driver/Modbus/docs/html/classMB_1_1ModbusCell-members.html
[0.393s] -- Up-to-date symlink: /home/billy/git/Robotics-Studio-2/install/onrobot_driver/include/onrobot_driver/Modbus/docs/html/classMB_1_1ModbusCell.html
[0.394s] -- Up-to-date symlink: /home/billy/git/Robotics-Studio-2/install/onrobot_driver/include/onrobot_driver/Modbus/docs/html/classMB_1_1ModbusException-members.html
[0.394s] -- Up-to-date symlink: /home/billy/git/Robotics-Studio-2/install/onrobot_driver/include/onrobot_driver/Modbus/docs/html/classMB_1_1ModbusException.html
[0.394s] -- Up-to-date symlink: /home/billy/git/Robotics-Studio-2/install/onrobot_driver/include/onrobot_driver/Modbus/docs/html/classMB_1_1ModbusException.png
[0.395s] -- Up-to-date symlink: /home/billy/git/Robotics-Studio-2/install/onrobot_driver/include/onrobot_driver/Modbus/docs/html/classMB_1_1ModbusRequest-members.html
[0.395s] -- Up-to-date symlink: /home/billy/git/Robotics-Studio-2/install/onrobot_driver/include/onrobot_driver/Modbus/docs/html/classMB_1_1ModbusRequest.html
[0.396s] -- Up-to-date symlink: /home/billy/git/Robotics-Studio-2/install/onrobot_driver/include/onrobot_driver/Modbus/docs/html/classMB_1_1ModbusResponse-members.html
[0.396s] -- Up-to-date symlink: /home/billy/git/Robotics-Studio-2/install/onrobot_driver/include/onrobot_driver/Modbus/docs/html/classMB_1_1ModbusResponse.html
[0.396s] -- Up-to-date symlink: /home/billy/git/Robotics-Studio-2/install/onrobot_driver/include/onrobot_driver/Modbus/docs/html/classMB_1_1Serial_1_1Connection-members.html
[0.397s] -- Up-to-date symlink: /home/billy/git/Robotics-Studio-2/install/onrobot_driver/include/onrobot_driver/Modbus/docs/html/classMB_1_1Serial_1_1Connection.html
[0.397s] -- Up-to-date symlink: /home/billy/git/Robotics-Studio-2/install/onrobot_driver/include/onrobot_driver/Modbus/docs/html/classMB_1_1TCP_1_1Connection-members.html
[0.398s] -- Up-to-date symlink: /home/billy/git/Robotics-Studio-2/install/onrobot_driver/include/onrobot_driver/Modbus/docs/html/classMB_1_1TCP_1_1Connection.html
[0.399s] -- Up-to-date symlink: /home/billy/git/Robotics-Studio-2/install/onrobot_driver/include/onrobot_driver/Modbus/docs/html/classMB_1_1TCP_1_1Server-members.html
[0.399s] -- Up-to-date symlink: /home/billy/git/Robotics-Studio-2/install/onrobot_driver/include/onrobot_driver/Modbus/docs/html/classMB_1_1TCP_1_1Server.html
[0.399s] -- Up-to-date symlink: /home/billy/git/Robotics-Studio-2/install/onrobot_driver/include/onrobot_driver/Modbus/docs/html/classes.html
[0.400s] -- Up-to-date symlink: /home/billy/git/Robotics-Studio-2/install/onrobot_driver/include/onrobot_driver/Modbus/docs/html/clipboard.js
[0.400s] -- Up-to-date symlink: /home/billy/git/Robotics-Studio-2/install/onrobot_driver/include/onrobot_driver/Modbus/docs/html/closed.png
[0.401s] -- Up-to-date symlink: /home/billy/git/Robotics-Studio-2/install/onrobot_driver/include/onrobot_driver/Modbus/docs/html/cookie.js
[0.401s] -- Up-to-date symlink: /home/billy/git/Robotics-Studio-2/install/onrobot_driver/include/onrobot_driver/Modbus/docs/html/crc_8hpp_source.html
[0.401s] -- Up-to-date symlink: /home/billy/git/Robotics-Studio-2/install/onrobot_driver/include/onrobot_driver/Modbus/docs/html/deprecated.html
[0.402s] -- Up-to-date symlink: /home/billy/git/Robotics-Studio-2/install/onrobot_driver/include/onrobot_driver/Modbus/docs/html/dir_5c4711b76244cf820e6fc766a3eae98f.html
[0.402s] -- Up-to-date symlink: /home/billy/git/Robotics-Studio-2/install/onrobot_driver/include/onrobot_driver/Modbus/docs/html/dir_68267d1309a1af8e8297ef4c3efbcdba.html
[0.403s] -- Up-to-date symlink: /home/billy/git/Robotics-Studio-2/install/onrobot_driver/include/onrobot_driver/Modbus/docs/html/dir_89deb882b528f943e97271a20701dad4.html
[0.403s] -- Up-to-date symlink: /home/billy/git/Robotics-Studio-2/install/onrobot_driver/include/onrobot_driver/Modbus/docs/html/dir_bce4fe468017adc58bf81882531ea016.html
[0.403s] -- Up-to-date symlink: /home/billy/git/Robotics-Studio-2/install/onrobot_driver/include/onrobot_driver/Modbus/docs/html/dir_d44c64559bbebec7f509842c48db8b23.html
[0.404s] -- Up-to-date symlink: /home/billy/git/Robotics-Studio-2/install/onrobot_driver/include/onrobot_driver/Modbus/docs/html/dir_f8aebf652183de33714d471cbd098255.html
[0.404s] -- Up-to-date symlink: /home/billy/git/Robotics-Studio-2/install/onrobot_driver/include/onrobot_driver/Modbus/docs/html/dir_fa17a7b3bf7c731ce009520520ae23a8.html
[0.405s] -- Up-to-date symlink: /home/billy/git/Robotics-Studio-2/install/onrobot_driver/include/onrobot_driver/Modbus/docs/html/doc.png
[0.405s] -- Up-to-date symlink: /home/billy/git/Robotics-Studio-2/install/onrobot_driver/include/onrobot_driver/Modbus/docs/html/doc.svg
[0.405s] -- Up-to-date symlink: /home/billy/git/Robotics-Studio-2/install/onrobot_driver/include/onrobot_driver/Modbus/docs/html/docd.svg
[0.406s] -- Up-to-date symlink: /home/billy/git/Robotics-Studio-2/install/onrobot_driver/include/onrobot_driver/Modbus/docs/html/doxygen.css
[0.406s] -- Up-to-date symlink: /home/billy/git/Robotics-Studio-2/install/onrobot_driver/include/onrobot_driver/Modbus/docs/html/doxygen.svg
[0.406s] -- Up-to-date symlink: /home/billy/git/Robotics-Studio-2/install/onrobot_driver/include/onrobot_driver/Modbus/docs/html/doxygen_crawl.html
[0.406s] -- Up-to-date symlink: /home/billy/git/Robotics-Studio-2/install/onrobot_driver/include/onrobot_driver/Modbus/docs/html/dynsections.js
[0.407s] -- Up-to-date symlink: /home/billy/git/Robotics-Studio-2/install/onrobot_driver/include/onrobot_driver/Modbus/docs/html/files.html
[0.407s] -- Up-to-date symlink: /home/billy/git/Robotics-Studio-2/install/onrobot_driver/include/onrobot_driver/Modbus/docs/html/folderclosed.png
[0.407s] -- Up-to-date symlink: /home/billy/git/Robotics-Studio-2/install/onrobot_driver/include/onrobot_driver/Modbus/docs/html/folderclosed.svg
[0.408s] -- Up-to-date symlink: /home/billy/git/Robotics-Studio-2/install/onrobot_driver/include/onrobot_driver/Modbus/docs/html/folderclosedd.svg
[0.408s] -- Up-to-date symlink: /home/billy/git/Robotics-Studio-2/install/onrobot_driver/include/onrobot_driver/Modbus/docs/html/folderopen.png
[0.409s] -- Up-to-date symlink: /home/billy/git/Robotics-Studio-2/install/onrobot_driver/include/onrobot_driver/Modbus/docs/html/folderopen.svg
[0.409s] -- Up-to-date symlink: /home/billy/git/Robotics-Studio-2/install/onrobot_driver/include/onrobot_driver/Modbus/docs/html/folderopend.svg
[0.409s] -- Up-to-date symlink: /home/billy/git/Robotics-Studio-2/install/onrobot_driver/include/onrobot_driver/Modbus/docs/html/functions.html
[0.410s] -- Up-to-date symlink: /home/billy/git/Robotics-Studio-2/install/onrobot_driver/include/onrobot_driver/Modbus/docs/html/functions_func.html
[0.411s] -- Up-to-date symlink: /home/billy/git/Robotics-Studio-2/install/onrobot_driver/include/onrobot_driver/Modbus/docs/html/group__MB.html
[0.411s] -- Up-to-date symlink: /home/billy/git/Robotics-Studio-2/install/onrobot_driver/include/onrobot_driver/Modbus/docs/html/hierarchy.html
[0.411s] -- Up-to-date symlink: /home/billy/git/Robotics-Studio-2/install/onrobot_driver/include/onrobot_driver/Modbus/docs/html/index.html
[0.412s] -- Up-to-date symlink: /home/billy/git/Robotics-Studio-2/install/onrobot_driver/include/onrobot_driver/Modbus/docs/html/jquery.js
[0.412s] -- Up-to-date symlink: /home/billy/git/Robotics-Studio-2/install/onrobot_driver/include/onrobot_driver/Modbus/docs/html/menu.js
[0.413s] -- Up-to-date symlink: /home/billy/git/Robotics-Studio-2/install/onrobot_driver/include/onrobot_driver/Modbus/docs/html/menudata.js
[0.413s] -- Up-to-date symlink: /home/billy/git/Robotics-Studio-2/install/onrobot_driver/include/onrobot_driver/Modbus/docs/html/minus.svg
[0.413s] -- Up-to-date symlink: /home/billy/git/Robotics-Studio-2/install/onrobot_driver/include/onrobot_driver/Modbus/docs/html/minusd.svg
[0.414s] -- Up-to-date symlink: /home/billy/git/Robotics-Studio-2/install/onrobot_driver/include/onrobot_driver/Modbus/docs/html/modbusCell_8hpp_source.html
[0.414s] -- Up-to-date symlink: /home/billy/git/Robotics-Studio-2/install/onrobot_driver/include/onrobot_driver/Modbus/docs/html/modbusException_8hpp_source.html
[0.415s] -- Up-to-date symlink: /home/billy/git/Robotics-Studio-2/install/onrobot_driver/include/onrobot_driver/Modbus/docs/html/modbusRequest_8hpp_source.html
[0.415s] -- Up-to-date symlink: /home/billy/git/Robotics-Studio-2/install/onrobot_driver/include/onrobot_driver/Modbus/docs/html/modbusResponse_8hpp_source.html
[0.416s] -- Up-to-date symlink: /home/billy/git/Robotics-Studio-2/install/onrobot_driver/include/onrobot_driver/Modbus/docs/html/modbusUtils_8hpp_source.html
[0.416s] -- Up-to-date symlink: /home/billy/git/Robotics-Studio-2/install/onrobot_driver/include/onrobot_driver/Modbus/docs/html/modules.html
[0.416s] -- Up-to-date symlink: /home/billy/git/Robotics-Studio-2/install/onrobot_driver/include/onrobot_driver/Modbus/docs/html/namespaceMB.html
[0.417s] -- Up-to-date symlink: /home/billy/git/Robotics-Studio-2/install/onrobot_driver/include/onrobot_driver/Modbus/docs/html/namespaceMB_1_1CRC.html
[0.417s] -- Up-to-date symlink: /home/billy/git/Robotics-Studio-2/install/onrobot_driver/include/onrobot_driver/Modbus/docs/html/namespaceMB_1_1utils.html
[0.418s] -- Up-to-date symlink: /home/billy/git/Robotics-Studio-2/install/onrobot_driver/include/onrobot_driver/Modbus/docs/html/namespacemembers.html
[0.418s] -- Up-to-date symlink: /home/billy/git/Robotics-Studio-2/install/onrobot_driver/include/onrobot_driver/Modbus/docs/html/namespacemembers_enum.html
[0.418s] -- Up-to-date symlink: /home/billy/git/Robotics-Studio-2/install/onrobot_driver/include/onrobot_driver/Modbus/docs/html/namespacemembers_func.html
[0.418s] -- Up-to-date symlink: /home/billy/git/Robotics-Studio-2/install/onrobot_driver/include/onrobot_driver/Modbus/docs/html/namespaces.html
[0.419s] -- Up-to-date symlink: /home/billy/git/Robotics-Studio-2/install/onrobot_driver/include/onrobot_driver/Modbus/docs/html/nav_f.png
[0.419s] -- Up-to-date symlink: /home/billy/git/Robotics-Studio-2/install/onrobot_driver/include/onrobot_driver/Modbus/docs/html/nav_fd.png
[0.420s] -- Up-to-date symlink: /home/billy/git/Robotics-Studio-2/install/onrobot_driver/include/onrobot_driver/Modbus/docs/html/nav_g.png
[0.420s] -- Up-to-date symlink: /home/billy/git/Robotics-Studio-2/install/onrobot_driver/include/onrobot_driver/Modbus/docs/html/nav_h.png
[0.421s] -- Up-to-date symlink: /home/billy/git/Robotics-Studio-2/install/onrobot_driver/include/onrobot_driver/Modbus/docs/html/nav_hd.png
[0.421s] -- Up-to-date symlink: /home/billy/git/Robotics-Studio-2/install/onrobot_driver/include/onrobot_driver/Modbus/docs/html/open.png
[0.422s] -- Up-to-date symlink: /home/billy/git/Robotics-Studio-2/install/onrobot_driver/include/onrobot_driver/Modbus/docs/html/pages.html
[0.422s] -- Up-to-date symlink: /home/billy/git/Robotics-Studio-2/install/onrobot_driver/include/onrobot_driver/Modbus/docs/html/plus.svg
[0.422s] -- Up-to-date symlink: /home/billy/git/Robotics-Studio-2/install/onrobot_driver/include/onrobot_driver/Modbus/docs/html/plusd.svg
[0.423s] -- Up-to-date symlink: /home/billy/git/Robotics-Studio-2/install/onrobot_driver/include/onrobot_driver/Modbus/docs/html/search/all_0.html
[0.423s] -- Up-to-date symlink: /home/billy/git/Robotics-Studio-2/install/onrobot_driver/include/onrobot_driver/Modbus/docs/html/search/all_0.js
[0.424s] -- Up-to-date symlink: /home/billy/git/Robotics-Studio-2/install/onrobot_driver/include/onrobot_driver/Modbus/docs/html/search/all_1.html
[0.424s] -- Up-to-date symlink: /home/billy/git/Robotics-Studio-2/install/onrobot_driver/include/onrobot_driver/Modbus/docs/html/search/all_1.js
[0.425s] -- Up-to-date symlink: /home/billy/git/Robotics-Studio-2/install/onrobot_driver/include/onrobot_driver/Modbus/docs/html/search/all_10.js
[0.425s] -- Up-to-date symlink: /home/billy/git/Robotics-Studio-2/install/onrobot_driver/include/onrobot_driver/Modbus/docs/html/search/all_11.js
[0.425s] -- Up-to-date symlink: /home/billy/git/Robotics-Studio-2/install/onrobot_driver/include/onrobot_driver/Modbus/docs/html/search/all_2.html
[0.426s] -- Up-to-date symlink: /home/billy/git/Robotics-Studio-2/install/onrobot_driver/include/onrobot_driver/Modbus/docs/html/search/all_2.js
[0.426s] -- Up-to-date symlink: /home/billy/git/Robotics-Studio-2/install/onrobot_driver/include/onrobot_driver/Modbus/docs/html/search/all_3.html
[0.427s] -- Up-to-date symlink: /home/billy/git/Robotics-Studio-2/install/onrobot_driver/include/onrobot_driver/Modbus/docs/html/search/all_3.js
[0.427s] -- Up-to-date symlink: /home/billy/git/Robotics-Studio-2/install/onrobot_driver/include/onrobot_driver/Modbus/docs/html/search/all_4.html
[0.427s] -- Up-to-date symlink: /home/billy/git/Robotics-Studio-2/install/onrobot_driver/include/onrobot_driver/Modbus/docs/html/search/all_4.js
[0.428s] -- Up-to-date symlink: /home/billy/git/Robotics-Studio-2/install/onrobot_driver/include/onrobot_driver/Modbus/docs/html/search/all_5.html
[0.428s] -- Up-to-date symlink: /home/billy/git/Robotics-Studio-2/install/onrobot_driver/include/onrobot_driver/Modbus/docs/html/search/all_5.js
[0.429s] -- Up-to-date symlink: /home/billy/git/Robotics-Studio-2/install/onrobot_driver/include/onrobot_driver/Modbus/docs/html/search/all_6.html
[0.429s] -- Up-to-date symlink: /home/billy/git/Robotics-Studio-2/install/onrobot_driver/include/onrobot_driver/Modbus/docs/html/search/all_6.js
[0.429s] -- Up-to-date symlink: /home/billy/git/Robotics-Studio-2/install/onrobot_driver/include/onrobot_driver/Modbus/docs/html/search/all_7.html
[0.430s] -- Up-to-date symlink: /home/billy/git/Robotics-Studio-2/install/onrobot_driver/include/onrobot_driver/Modbus/docs/html/search/all_7.js
[0.430s] -- Up-to-date symlink: /home/billy/git/Robotics-Studio-2/install/onrobot_driver/include/onrobot_driver/Modbus/docs/html/search/all_8.html
[0.431s] -- Up-to-date symlink: /home/billy/git/Robotics-Studio-2/install/onrobot_driver/include/onrobot_driver/Modbus/docs/html/search/all_8.js
[0.431s] -- Up-to-date symlink: /home/billy/git/Robotics-Studio-2/install/onrobot_driver/include/onrobot_driver/Modbus/docs/html/search/all_9.html
[0.432s] -- Up-to-date symlink: /home/billy/git/Robotics-Studio-2/install/onrobot_driver/include/onrobot_driver/Modbus/docs/html/search/all_9.js
[0.432s] -- Up-to-date symlink: /home/billy/git/Robotics-Studio-2/install/onrobot_driver/include/onrobot_driver/Modbus/docs/html/search/all_a.js
[0.433s] -- Up-to-date symlink: /home/billy/git/Robotics-Studio-2/install/onrobot_driver/include/onrobot_driver/Modbus/docs/html/search/all_b.js
[0.433s] -- Up-to-date symlink: /home/billy/git/Robotics-Studio-2/install/onrobot_driver/include/onrobot_driver/Modbus/docs/html/search/all_c.js
[0.434s] -- Up-to-date symlink: /home/billy/git/Robotics-Studio-2/install/onrobot_driver/include/onrobot_driver/Modbus/docs/html/search/all_d.js
[0.434s] -- Up-to-date symlink: /home/billy/git/Robotics-Studio-2/install/onrobot_driver/include/onrobot_driver/Modbus/docs/html/search/all_e.js
[0.434s] -- Up-to-date symlink: /home/billy/git/Robotics-Studio-2/install/onrobot_driver/include/onrobot_driver/Modbus/docs/html/search/all_f.js
[0.435s] -- Up-to-date symlink: /home/billy/git/Robotics-Studio-2/install/onrobot_driver/include/onrobot_driver/Modbus/docs/html/search/classes_0.html
[0.436s] -- Up-to-date symlink: /home/billy/git/Robotics-Studio-2/install/onrobot_driver/include/onrobot_driver/Modbus/docs/html/search/classes_0.js
[0.436s] -- Up-to-date symlink: /home/billy/git/Robotics-Studio-2/install/onrobot_driver/include/onrobot_driver/Modbus/docs/html/search/classes_1.html
[0.438s] -- Up-to-date symlink: /home/billy/git/Robotics-Studio-2/install/onrobot_driver/include/onrobot_driver/Modbus/docs/html/search/classes_1.js
[0.438s] -- Up-to-date symlink: /home/billy/git/Robotics-Studio-2/install/onrobot_driver/include/onrobot_driver/Modbus/docs/html/search/classes_2.html
[0.439s] -- Up-to-date symlink: /home/billy/git/Robotics-Studio-2/install/onrobot_driver/include/onrobot_driver/Modbus/docs/html/search/classes_2.js
[0.439s] -- Up-to-date symlink: /home/billy/git/Robotics-Studio-2/install/onrobot_driver/include/onrobot_driver/Modbus/docs/html/search/close.svg
[0.440s] -- Up-to-date symlink: /home/billy/git/Robotics-Studio-2/install/onrobot_driver/include/onrobot_driver/Modbus/docs/html/search/enums_0.html
[0.440s] -- Up-to-date symlink: /home/billy/git/Robotics-Studio-2/install/onrobot_driver/include/onrobot_driver/Modbus/docs/html/search/enums_0.js
[0.442s] -- Up-to-date symlink: /home/billy/git/Robotics-Studio-2/install/onrobot_driver/include/onrobot_driver/Modbus/docs/html/search/functions_0.html
[0.443s] -- Up-to-date symlink: /home/billy/git/Robotics-Studio-2/install/onrobot_driver/include/onrobot_driver/Modbus/docs/html/search/functions_0.js
[0.443s] -- Up-to-date symlink: /home/billy/git/Robotics-Studio-2/install/onrobot_driver/include/onrobot_driver/Modbus/docs/html/search/functions_1.html
[0.446s] -- Up-to-date symlink: /home/billy/git/Robotics-Studio-2/install/onrobot_driver/include/onrobot_driver/Modbus/docs/html/search/functions_1.js
[0.449s] -- Up-to-date symlink: /home/billy/git/Robotics-Studio-2/install/onrobot_driver/include/onrobot_driver/Modbus/docs/html/search/functions_2.html
[0.450s] -- Up-to-date symlink: /home/billy/git/Robotics-Studio-2/install/onrobot_driver/include/onrobot_driver/Modbus/docs/html/search/functions_2.js
[0.450s] -- Up-to-date symlink: /home/billy/git/Robotics-Studio-2/install/onrobot_driver/include/onrobot_driver/Modbus/docs/html/search/functions_3.html
[0.450s] -- Up-to-date symlink: /home/billy/git/Robotics-Studio-2/install/onrobot_driver/include/onrobot_driver/Modbus/docs/html/search/functions_3.js
[0.450s] -- Up-to-date symlink: /home/billy/git/Robotics-Studio-2/install/onrobot_driver/include/onrobot_driver/Modbus/docs/html/search/functions_4.html
[0.451s] -- Up-to-date symlink: /home/billy/git/Robotics-Studio-2/install/onrobot_driver/include/onrobot_driver/Modbus/docs/html/search/functions_4.js
[0.451s] -- Up-to-date symlink: /home/billy/git/Robotics-Studio-2/install/onrobot_driver/include/onrobot_driver/Modbus/docs/html/search/functions_5.html
[0.451s] -- Up-to-date symlink: /home/billy/git/Robotics-Studio-2/install/onrobot_driver/include/onrobot_driver/Modbus/docs/html/search/functions_5.js
[0.452s] -- Up-to-date symlink: /home/billy/git/Robotics-Studio-2/install/onrobot_driver/include/onrobot_driver/Modbus/docs/html/search/functions_6.html
[0.452s] -- Up-to-date symlink: /home/billy/git/Robotics-Studio-2/install/onrobot_driver/include/onrobot_driver/Modbus/docs/html/search/functions_6.js
[0.452s] -- Up-to-date symlink: /home/billy/git/Robotics-Studio-2/install/onrobot_driver/include/onrobot_driver/Modbus/docs/html/search/functions_7.html
[0.452s] -- Up-to-date symlink: /home/billy/git/Robotics-Studio-2/install/onrobot_driver/include/onrobot_driver/Modbus/docs/html/search/functions_7.js
[0.452s] -- Up-to-date symlink: /home/billy/git/Robotics-Studio-2/install/onrobot_driver/include/onrobot_driver/Modbus/docs/html/search/functions_8.html
[0.452s] -- Up-to-date symlink: /home/billy/git/Robotics-Studio-2/install/onrobot_driver/include/onrobot_driver/Modbus/docs/html/search/functions_8.js
[0.453s] -- Up-to-date symlink: /home/billy/git/Robotics-Studio-2/install/onrobot_driver/include/onrobot_driver/Modbus/docs/html/search/functions_9.html
[0.453s] -- Up-to-date symlink: /home/billy/git/Robotics-Studio-2/install/onrobot_driver/include/onrobot_driver/Modbus/docs/html/search/functions_9.js
[0.453s] -- Up-to-date symlink: /home/billy/git/Robotics-Studio-2/install/onrobot_driver/include/onrobot_driver/Modbus/docs/html/search/functions_a.js
[0.453s] -- Up-to-date symlink: /home/billy/git/Robotics-Studio-2/install/onrobot_driver/include/onrobot_driver/Modbus/docs/html/search/mag.svg
[0.453s] -- Up-to-date symlink: /home/billy/git/Robotics-Studio-2/install/onrobot_driver/include/onrobot_driver/Modbus/docs/html/search/mag_d.svg
[0.453s] -- Up-to-date symlink: /home/billy/git/Robotics-Studio-2/install/onrobot_driver/include/onrobot_driver/Modbus/docs/html/search/mag_sel.svg
[0.453s] -- Up-to-date symlink: /home/billy/git/Robotics-Studio-2/install/onrobot_driver/include/onrobot_driver/Modbus/docs/html/search/mag_seld.svg
[0.454s] -- Up-to-date symlink: /home/billy/git/Robotics-Studio-2/install/onrobot_driver/include/onrobot_driver/Modbus/docs/html/search/namespaces_0.html
[0.454s] -- Up-to-date symlink: /home/billy/git/Robotics-Studio-2/install/onrobot_driver/include/onrobot_driver/Modbus/docs/html/search/namespaces_0.js
[0.454s] -- Up-to-date symlink: /home/billy/git/Robotics-Studio-2/install/onrobot_driver/include/onrobot_driver/Modbus/docs/html/search/nomatches.html
[0.454s] -- Up-to-date symlink: /home/billy/git/Robotics-Studio-2/install/onrobot_driver/include/onrobot_driver/Modbus/docs/html/search/pages_0.js
[0.455s] -- Up-to-date symlink: /home/billy/git/Robotics-Studio-2/install/onrobot_driver/include/onrobot_driver/Modbus/docs/html/search/pages_1.js
[0.455s] -- Up-to-date symlink: /home/billy/git/Robotics-Studio-2/install/onrobot_driver/include/onrobot_driver/Modbus/docs/html/search/pages_2.js
[0.455s] -- Up-to-date symlink: /home/billy/git/Robotics-Studio-2/install/onrobot_driver/include/onrobot_driver/Modbus/docs/html/search/pages_3.js
[0.455s] -- Up-to-date symlink: /home/billy/git/Robotics-Studio-2/install/onrobot_driver/include/onrobot_driver/Modbus/docs/html/search/search.css
[0.455s] -- Up-to-date symlink: /home/billy/git/Robotics-Studio-2/install/onrobot_driver/include/onrobot_driver/Modbus/docs/html/search/search.js
[0.455s] -- Up-to-date symlink: /home/billy/git/Robotics-Studio-2/install/onrobot_driver/include/onrobot_driver/Modbus/docs/html/search/search_l.png
[0.455s] -- Up-to-date symlink: /home/billy/git/Robotics-Studio-2/install/onrobot_driver/include/onrobot_driver/Modbus/docs/html/search/search_m.png
[0.455s] -- Up-to-date symlink: /home/billy/git/Robotics-Studio-2/install/onrobot_driver/include/onrobot_driver/Modbus/docs/html/search/search_r.png
[0.456s] -- Up-to-date symlink: /home/billy/git/Robotics-Studio-2/install/onrobot_driver/include/onrobot_driver/Modbus/docs/html/search/searchdata.js
[0.456s] -- Up-to-date symlink: /home/billy/git/Robotics-Studio-2/install/onrobot_driver/include/onrobot_driver/Modbus/docs/html/server_8hpp_source.html
[0.457s] -- Up-to-date symlink: /home/billy/git/Robotics-Studio-2/install/onrobot_driver/include/onrobot_driver/Modbus/docs/html/splitbar.png
[0.457s] -- Up-to-date symlink: /home/billy/git/Robotics-Studio-2/install/onrobot_driver/include/onrobot_driver/Modbus/docs/html/splitbard.png
[0.458s] -- Up-to-date symlink: /home/billy/git/Robotics-Studio-2/install/onrobot_driver/include/onrobot_driver/Modbus/docs/html/sync_off.png
[0.458s] -- Up-to-date symlink: /home/billy/git/Robotics-Studio-2/install/onrobot_driver/include/onrobot_driver/Modbus/docs/html/sync_on.png
[0.458s] -- Up-to-date symlink: /home/billy/git/Robotics-Studio-2/install/onrobot_driver/include/onrobot_driver/Modbus/docs/html/tab_a.png
[0.459s] -- Up-to-date symlink: /home/billy/git/Robotics-Studio-2/install/onrobot_driver/include/onrobot_driver/Modbus/docs/html/tab_ad.png
[0.459s] -- Up-to-date symlink: /home/billy/git/Robotics-Studio-2/install/onrobot_driver/include/onrobot_driver/Modbus/docs/html/tab_b.png
[0.459s] -- Up-to-date symlink: /home/billy/git/Robotics-Studio-2/install/onrobot_driver/include/onrobot_driver/Modbus/docs/html/tab_bd.png
[0.459s] -- Up-to-date symlink: /home/billy/git/Robotics-Studio-2/install/onrobot_driver/include/onrobot_driver/Modbus/docs/html/tab_h.png
[0.460s] -- Up-to-date symlink: /home/billy/git/Robotics-Studio-2/install/onrobot_driver/include/onrobot_driver/Modbus/docs/html/tab_hd.png
[0.460s] -- Up-to-date symlink: /home/billy/git/Robotics-Studio-2/install/onrobot_driver/include/onrobot_driver/Modbus/docs/html/tab_s.png
[0.460s] -- Up-to-date symlink: /home/billy/git/Robotics-Studio-2/install/onrobot_driver/include/onrobot_driver/Modbus/docs/html/tab_sd.png
[0.460s] -- Up-to-date symlink: /home/billy/git/Robotics-Studio-2/install/onrobot_driver/include/onrobot_driver/Modbus/docs/html/tabs.css
[0.461s] -- Up-to-date symlink: /home/billy/git/Robotics-Studio-2/install/onrobot_driver/include/onrobot_driver/Modbus/example/main.cpp
[0.461s] -- Up-to-date symlink: /home/billy/git/Robotics-Studio-2/install/onrobot_driver/include/onrobot_driver/Modbus/include/MB/Serial/connection.hpp
[0.461s] -- Up-to-date symlink: /home/billy/git/Robotics-Studio-2/install/onrobot_driver/include/onrobot_driver/Modbus/include/MB/TCP/connection.hpp
[0.462s] -- Up-to-date symlink: /home/billy/git/Robotics-Studio-2/install/onrobot_driver/include/onrobot_driver/Modbus/include/MB/TCP/server.hpp
[0.462s] -- Up-to-date symlink: /home/billy/git/Robotics-Studio-2/install/onrobot_driver/include/onrobot_driver/Modbus/include/MB/crc.hpp
[0.462s] -- Up-to-date symlink: /home/billy/git/Robotics-Studio-2/install/onrobot_driver/include/onrobot_driver/Modbus/include/MB/modbusCell.hpp
[0.463s] -- Up-to-date symlink: /home/billy/git/Robotics-Studio-2/install/onrobot_driver/include/onrobot_driver/Modbus/include/MB/modbusException.hpp
[0.463s] -- Up-to-date symlink: /home/billy/git/Robotics-Studio-2/install/onrobot_driver/include/onrobot_driver/Modbus/include/MB/modbusRequest.hpp
[0.463s] -- Up-to-date symlink: /home/billy/git/Robotics-Studio-2/install/onrobot_driver/include/onrobot_driver/Modbus/include/MB/modbusResponse.hpp
[0.464s] -- Up-to-date symlink: /home/billy/git/Robotics-Studio-2/install/onrobot_driver/include/onrobot_driver/Modbus/include/MB/modbusUtils.hpp
[0.465s] -- Up-to-date symlink: /home/billy/git/Robotics-Studio-2/install/onrobot_driver/include/onrobot_driver/Modbus/reformat-all.sh
[0.465s] -- Up-to-date symlink: /home/billy/git/Robotics-Studio-2/install/onrobot_driver/include/onrobot_driver/Modbus/shell.nix
[0.465s] -- Up-to-date symlink: /home/billy/git/Robotics-Studio-2/install/onrobot_driver/include/onrobot_driver/Modbus/src/CMakeLists.txt
[0.466s] -- Up-to-date symlink: /home/billy/git/Robotics-Studio-2/install/onrobot_driver/include/onrobot_driver/Modbus/src/Serial/CMakeLists.txt
[0.466s] -- Up-to-date symlink: /home/billy/git/Robotics-Studio-2/install/onrobot_driver/include/onrobot_driver/Modbus/src/Serial/connection.cpp
[0.466s] -- Up-to-date symlink: /home/billy/git/Robotics-Studio-2/install/onrobot_driver/include/onrobot_driver/Modbus/src/TCP/CMakeLists.txt
[0.467s] -- Up-to-date symlink: /home/billy/git/Robotics-Studio-2/install/onrobot_driver/include/onrobot_driver/Modbus/src/TCP/connection.cpp
[0.467s] -- Up-to-date symlink: /home/billy/git/Robotics-Studio-2/install/onrobot_driver/include/onrobot_driver/Modbus/src/TCP/server.cpp
[0.468s] -- Up-to-date symlink: /home/billy/git/Robotics-Studio-2/install/onrobot_driver/include/onrobot_driver/Modbus/src/crc.cpp
[0.468s] -- Up-to-date symlink: /home/billy/git/Robotics-Studio-2/install/onrobot_driver/include/onrobot_driver/Modbus/src/modbusException.cpp
[0.469s] -- Up-to-date symlink: /home/billy/git/Robotics-Studio-2/install/onrobot_driver/include/onrobot_driver/Modbus/src/modbusRequest.cpp
[0.471s] -- Up-to-date symlink: /home/billy/git/Robotics-Studio-2/install/onrobot_driver/include/onrobot_driver/Modbus/src/modbusResponse.cpp
[0.472s] -- Up-to-date symlink: /home/billy/git/Robotics-Studio-2/install/onrobot_driver/include/onrobot_driver/Modbus/tests/CMakeLists.txt
[0.473s] -- Up-to-date symlink: /home/billy/git/Robotics-Studio-2/install/onrobot_driver/include/onrobot_driver/Modbus/tests/MB/ModbusCellTests.cpp
[0.473s] -- Up-to-date symlink: /home/billy/git/Robotics-Studio-2/install/onrobot_driver/include/onrobot_driver/Modbus/tests/MB/ModbusExceptionTests.cpp
[0.473s] -- Up-to-date symlink: /home/billy/git/Robotics-Studio-2/install/onrobot_driver/include/onrobot_driver/Modbus/tests/MB/ModbusFunctionalTests.cpp
[0.474s] -- Up-to-date symlink: /home/billy/git/Robotics-Studio-2/install/onrobot_driver/include/onrobot_driver/Modbus/tests/MB/ModbusRequestTests.cpp
[0.474s] -- Up-to-date symlink: /home/billy/git/Robotics-Studio-2/install/onrobot_driver/include/onrobot_driver/Modbus/tests/MB/ModbusResponseTests.cpp
[0.475s] -- Up-to-date symlink: /home/billy/git/Robotics-Studio-2/install/onrobot_driver/include/onrobot_driver/Modbus/tests/main.cpp
[0.475s] -- Up-to-date symlink: /home/billy/git/Robotics-Studio-2/install/onrobot_driver/include/onrobot_driver/RG.hpp
[0.475s] -- Up-to-date symlink: /home/billy/git/Robotics-Studio-2/install/onrobot_driver/include/onrobot_driver/SerialConnectionWrapper.hpp
[0.475s] -- Up-to-date symlink: /home/billy/git/Robotics-Studio-2/install/onrobot_driver/include/onrobot_driver/TCPConnectionWrapper.hpp
[0.475s] -- Up-to-date symlink: /home/billy/git/Robotics-Studio-2/install/onrobot_driver/include/onrobot_driver/rg_hardware_interface.hpp
[0.475s] -- Up-to-date symlink: /home/billy/git/Robotics-Studio-2/install/onrobot_driver/share/onrobot_driver/environment/library_path.sh
[0.475s] -- Up-to-date symlink: /home/billy/git/Robotics-Studio-2/install/onrobot_driver/share/onrobot_driver/environment/library_path.dsv
[0.480s] -- Up-to-date symlink: /home/billy/git/Robotics-Studio-2/install/onrobot_driver/include/onrobot_driver/IModbusConnection.hpp
[0.480s] -- Up-to-date symlink: /home/billy/git/Robotics-Studio-2/install/onrobot_driver/include/onrobot_driver/Modbus/.clang-format
[0.480s] -- Up-to-date symlink: /home/billy/git/Robotics-Studio-2/install/onrobot_driver/include/onrobot_driver/Modbus/.git
[0.480s] -- Up-to-date symlink: /home/billy/git/Robotics-Studio-2/install/onrobot_driver/include/onrobot_driver/Modbus/CMakeLists.txt
[0.483s] -- Up-to-date symlink: /home/billy/git/Robotics-Studio-2/install/onrobot_driver/include/onrobot_driver/Modbus/Doxyfile
[0.483s] -- Up-to-date symlink: /home/billy/git/Robotics-Studio-2/install/onrobot_driver/include/onrobot_driver/Modbus/LICENSE
[0.483s] -- Up-to-date symlink: /home/billy/git/Robotics-Studio-2/install/onrobot_driver/include/onrobot_driver/Modbus/README.md
[0.483s] -- Up-to-date symlink: /home/billy/git/Robotics-Studio-2/install/onrobot_driver/include/onrobot_driver/Modbus/docs/html/Serial_2connection_8hpp_source.html
[0.484s] -- Up-to-date symlink: /home/billy/git/Robotics-Studio-2/install/onrobot_driver/include/onrobot_driver/Modbus/docs/html/TCP_2connection_8hpp_source.html
[0.490s] -- Up-to-date symlink: /home/billy/git/Robotics-Studio-2/install/onrobot_driver/include/onrobot_driver/Modbus/docs/html/annotated.html
[0.490s] -- Up-to-date symlink: /home/billy/git/Robotics-Studio-2/install/onrobot_driver/include/onrobot_driver/Modbus/docs/html/bc_s.png
[0.491s] -- Up-to-date symlink: /home/billy/git/Robotics-Studio-2/install/onrobot_driver/include/onrobot_driver/Modbus/docs/html/bc_sd.png
[0.491s] -- Up-to-date symlink: /home/billy/git/Robotics-Studio-2/install/onrobot_driver/include/onrobot_driver/Modbus/docs/html/bdwn.png
[0.493s] -- Up-to-date symlink: /home/billy/git/Robotics-Studio-2/install/onrobot_driver/include/onrobot_driver/Modbus/docs/html/classMB_1_1ModbusCell-members.html
[0.494s] -- Up-to-date symlink: /home/billy/git/Robotics-Studio-2/install/onrobot_driver/include/onrobot_driver/Modbus/docs/html/classMB_1_1ModbusCell.html
[0.494s] -- Up-to-date symlink: /home/billy/git/Robotics-Studio-2/install/onrobot_driver/include/onrobot_driver/Modbus/docs/html/classMB_1_1ModbusException-members.html
[0.494s] -- Up-to-date symlink: /home/billy/git/Robotics-Studio-2/install/onrobot_driver/include/onrobot_driver/Modbus/docs/html/classMB_1_1ModbusException.html
[0.495s] -- Up-to-date symlink: /home/billy/git/Robotics-Studio-2/install/onrobot_driver/include/onrobot_driver/Modbus/docs/html/classMB_1_1ModbusException.png
[0.495s] -- Up-to-date symlink: /home/billy/git/Robotics-Studio-2/install/onrobot_driver/include/onrobot_driver/Modbus/docs/html/classMB_1_1ModbusRequest-members.html
[0.495s] -- Up-to-date symlink: /home/billy/git/Robotics-Studio-2/install/onrobot_driver/include/onrobot_driver/Modbus/docs/html/classMB_1_1ModbusRequest.html
[0.496s] -- Up-to-date symlink: /home/billy/git/Robotics-Studio-2/install/onrobot_driver/include/onrobot_driver/Modbus/docs/html/classMB_1_1ModbusResponse-members.html
[0.496s] -- Up-to-date symlink: /home/billy/git/Robotics-Studio-2/install/onrobot_driver/include/onrobot_driver/Modbus/docs/html/classMB_1_1ModbusResponse.html
[0.497s] -- Up-to-date symlink: /home/billy/git/Robotics-Studio-2/install/onrobot_driver/include/onrobot_driver/Modbus/docs/html/classMB_1_1Serial_1_1Connection-members.html
[0.497s] -- Up-to-date symlink: /home/billy/git/Robotics-Studio-2/install/onrobot_driver/include/onrobot_driver/Modbus/docs/html/classMB_1_1Serial_1_1Connection.html
[0.497s] -- Up-to-date symlink: /home/billy/git/Robotics-Studio-2/install/onrobot_driver/include/onrobot_driver/Modbus/docs/html/classMB_1_1TCP_1_1Connection-members.html
[0.498s] -- Up-to-date symlink: /home/billy/git/Robotics-Studio-2/install/onrobot_driver/include/onrobot_driver/Modbus/docs/html/classMB_1_1TCP_1_1Connection.html
[0.498s] -- Up-to-date symlink: /home/billy/git/Robotics-Studio-2/install/onrobot_driver/include/onrobot_driver/Modbus/docs/html/classMB_1_1TCP_1_1Server-members.html
[0.499s] -- Up-to-date symlink: /home/billy/git/Robotics-Studio-2/install/onrobot_driver/include/onrobot_driver/Modbus/docs/html/classMB_1_1TCP_1_1Server.html
[0.501s] -- Up-to-date symlink: /home/billy/git/Robotics-Studio-2/install/onrobot_driver/include/onrobot_driver/Modbus/docs/html/classes.html
[0.502s] -- Up-to-date symlink: /home/billy/git/Robotics-Studio-2/install/onrobot_driver/include/onrobot_driver/Modbus/docs/html/clipboard.js
[0.502s] -- Up-to-date symlink: /home/billy/git/Robotics-Studio-2/install/onrobot_driver/include/onrobot_driver/Modbus/docs/html/closed.png
[0.503s] -- Up-to-date symlink: /home/billy/git/Robotics-Studio-2/install/onrobot_driver/include/onrobot_driver/Modbus/docs/html/cookie.js
[0.503s] -- Up-to-date symlink: /home/billy/git/Robotics-Studio-2/install/onrobot_driver/include/onrobot_driver/Modbus/docs/html/crc_8hpp_source.html
[0.503s] -- Up-to-date symlink: /home/billy/git/Robotics-Studio-2/install/onrobot_driver/include/onrobot_driver/Modbus/docs/html/deprecated.html
[0.503s] -- Up-to-date symlink: /home/billy/git/Robotics-Studio-2/install/onrobot_driver/include/onrobot_driver/Modbus/docs/html/dir_5c4711b76244cf820e6fc766a3eae98f.html
[0.504s] -- Up-to-date symlink: /home/billy/git/Robotics-Studio-2/install/onrobot_driver/include/onrobot_driver/Modbus/docs/html/dir_68267d1309a1af8e8297ef4c3efbcdba.html
[0.504s] -- Up-to-date symlink: /home/billy/git/Robotics-Studio-2/install/onrobot_driver/include/onrobot_driver/Modbus/docs/html/dir_89deb882b528f943e97271a20701dad4.html
[0.504s] -- Up-to-date symlink: /home/billy/git/Robotics-Studio-2/install/onrobot_driver/include/onrobot_driver/Modbus/docs/html/dir_bce4fe468017adc58bf81882531ea016.html
[0.504s] -- Up-to-date symlink: /home/billy/git/Robotics-Studio-2/install/onrobot_driver/include/onrobot_driver/Modbus/docs/html/dir_d44c64559bbebec7f509842c48db8b23.html
[0.504s] -- Up-to-date symlink: /home/billy/git/Robotics-Studio-2/install/onrobot_driver/include/onrobot_driver/Modbus/docs/html/dir_f8aebf652183de33714d471cbd098255.html
[0.505s] -- Up-to-date symlink: /home/billy/git/Robotics-Studio-2/install/onrobot_driver/include/onrobot_driver/Modbus/docs/html/dir_fa17a7b3bf7c731ce009520520ae23a8.html
[0.505s] -- Up-to-date symlink: /home/billy/git/Robotics-Studio-2/install/onrobot_driver/include/onrobot_driver/Modbus/docs/html/doc.png
[0.505s] -- Up-to-date symlink: /home/billy/git/Robotics-Studio-2/install/onrobot_driver/include/onrobot_driver/Modbus/docs/html/doc.svg
[0.505s] -- Up-to-date symlink: /home/billy/git/Robotics-Studio-2/install/onrobot_driver/include/onrobot_driver/Modbus/docs/html/docd.svg
[0.506s] -- Up-to-date symlink: /home/billy/git/Robotics-Studio-2/install/onrobot_driver/include/onrobot_driver/Modbus/docs/html/doxygen.css
[0.506s] -- Up-to-date symlink: /home/billy/git/Robotics-Studio-2/install/onrobot_driver/include/onrobot_driver/Modbus/docs/html/doxygen.svg
[0.506s] -- Up-to-date symlink: /home/billy/git/Robotics-Studio-2/install/onrobot_driver/include/onrobot_driver/Modbus/docs/html/doxygen_crawl.html
[0.508s] -- Up-to-date symlink: /home/billy/git/Robotics-Studio-2/install/onrobot_driver/include/onrobot_driver/Modbus/docs/html/dynsections.js
[0.509s] -- Up-to-date symlink: /home/billy/git/Robotics-Studio-2/install/onrobot_driver/include/onrobot_driver/Modbus/docs/html/files.html
[0.509s] -- Up-to-date symlink: /home/billy/git/Robotics-Studio-2/install/onrobot_driver/include/onrobot_driver/Modbus/docs/html/folderclosed.png
[0.509s] -- Up-to-date symlink: /home/billy/git/Robotics-Studio-2/install/onrobot_driver/include/onrobot_driver/Modbus/docs/html/folderclosed.svg
[0.509s] -- Up-to-date symlink: /home/billy/git/Robotics-Studio-2/install/onrobot_driver/include/onrobot_driver/Modbus/docs/html/folderclosedd.svg
[0.509s] -- Up-to-date symlink: /home/billy/git/Robotics-Studio-2/install/onrobot_driver/include/onrobot_driver/Modbus/docs/html/folderopen.png
[0.509s] -- Up-to-date symlink: /home/billy/git/Robotics-Studio-2/install/onrobot_driver/include/onrobot_driver/Modbus/docs/html/folderopen.svg
[0.510s] -- Up-to-date symlink: /home/billy/git/Robotics-Studio-2/install/onrobot_driver/include/onrobot_driver/Modbus/docs/html/folderopend.svg
[0.510s] -- Up-to-date symlink: /home/billy/git/Robotics-Studio-2/install/onrobot_driver/include/onrobot_driver/Modbus/docs/html/functions.html
[0.510s] -- Up-to-date symlink: /home/billy/git/Robotics-Studio-2/install/onrobot_driver/include/onrobot_driver/Modbus/docs/html/functions_func.html
[0.510s] -- Up-to-date symlink: /home/billy/git/Robotics-Studio-2/install/onrobot_driver/include/onrobot_driver/Modbus/docs/html/group__MB.html
[0.510s] -- Up-to-date symlink: /home/billy/git/Robotics-Studio-2/install/onrobot_driver/include/onrobot_driver/Modbus/docs/html/hierarchy.html
[0.510s] -- Up-to-date symlink: /home/billy/git/Robotics-Studio-2/install/onrobot_driver/include/onrobot_driver/Modbus/docs/html/index.html
[0.510s] -- Up-to-date symlink: /home/billy/git/Robotics-Studio-2/install/onrobot_driver/include/onrobot_driver/Modbus/docs/html/jquery.js
[0.511s] -- Up-to-date symlink: /home/billy/git/Robotics-Studio-2/install/onrobot_driver/include/onrobot_driver/Modbus/docs/html/menu.js
[0.511s] -- Up-to-date symlink: /home/billy/git/Robotics-Studio-2/install/onrobot_driver/include/onrobot_driver/Modbus/docs/html/menudata.js
[0.511s] -- Up-to-date symlink: /home/billy/git/Robotics-Studio-2/install/onrobot_driver/include/onrobot_driver/Modbus/docs/html/minus.svg
[0.511s] -- Up-to-date symlink: /home/billy/git/Robotics-Studio-2/install/onrobot_driver/include/onrobot_driver/Modbus/docs/html/minusd.svg
[0.512s] -- Up-to-date symlink: /home/billy/git/Robotics-Studio-2/install/onrobot_driver/include/onrobot_driver/Modbus/docs/html/modbusCell_8hpp_source.html
[0.512s] -- Up-to-date symlink: /home/billy/git/Robotics-Studio-2/install/onrobot_driver/include/onrobot_driver/Modbus/docs/html/modbusException_8hpp_source.html
[0.512s] -- Up-to-date symlink: /home/billy/git/Robotics-Studio-2/install/onrobot_driver/include/onrobot_driver/Modbus/docs/html/modbusRequest_8hpp_source.html
[0.512s] -- Up-to-date symlink: /home/billy/git/Robotics-Studio-2/install/onrobot_driver/include/onrobot_driver/Modbus/docs/html/modbusResponse_8hpp_source.html
[0.512s] -- Up-to-date symlink: /home/billy/git/Robotics-Studio-2/install/onrobot_driver/include/onrobot_driver/Modbus/docs/html/modbusUtils_8hpp_source.html
[0.512s] -- Up-to-date symlink: /home/billy/git/Robotics-Studio-2/install/onrobot_driver/include/onrobot_driver/Modbus/docs/html/modules.html
[0.512s] -- Up-to-date symlink: /home/billy/git/Robotics-Studio-2/install/onrobot_driver/include/onrobot_driver/Modbus/docs/html/namespaceMB.html
[0.512s] -- Up-to-date symlink: /home/billy/git/Robotics-Studio-2/install/onrobot_driver/include/onrobot_driver/Modbus/docs/html/namespaceMB_1_1CRC.html
[0.512s] -- Up-to-date symlink: /home/billy/git/Robotics-Studio-2/install/onrobot_driver/include/onrobot_driver/Modbus/docs/html/namespaceMB_1_1utils.html
[0.512s] -- Up-to-date symlink: /home/billy/git/Robotics-Studio-2/install/onrobot_driver/include/onrobot_driver/Modbus/docs/html/namespacemembers.html
[0.513s] -- Up-to-date symlink: /home/billy/git/Robotics-Studio-2/install/onrobot_driver/include/onrobot_driver/Modbus/docs/html/namespacemembers_enum.html
[0.513s] -- Up-to-date symlink: /home/billy/git/Robotics-Studio-2/install/onrobot_driver/include/onrobot_driver/Modbus/docs/html/namespacemembers_func.html
[0.513s] -- Up-to-date symlink: /home/billy/git/Robotics-Studio-2/install/onrobot_driver/include/onrobot_driver/Modbus/docs/html/namespaces.html
[0.513s] -- Up-to-date symlink: /home/billy/git/Robotics-Studio-2/install/onrobot_driver/include/onrobot_driver/Modbus/docs/html/nav_f.png
[0.513s] -- Up-to-date symlink: /home/billy/git/Robotics-Studio-2/install/onrobot_driver/include/onrobot_driver/Modbus/docs/html/nav_fd.png
[0.514s] -- Up-to-date symlink: /home/billy/git/Robotics-Studio-2/install/onrobot_driver/include/onrobot_driver/Modbus/docs/html/nav_g.png
[0.514s] -- Up-to-date symlink: /home/billy/git/Robotics-Studio-2/install/onrobot_driver/include/onrobot_driver/Modbus/docs/html/nav_h.png
[0.514s] -- Up-to-date symlink: /home/billy/git/Robotics-Studio-2/install/onrobot_driver/include/onrobot_driver/Modbus/docs/html/nav_hd.png
[0.514s] -- Up-to-date symlink: /home/billy/git/Robotics-Studio-2/install/onrobot_driver/include/onrobot_driver/Modbus/docs/html/open.png
[0.514s] -- Up-to-date symlink: /home/billy/git/Robotics-Studio-2/install/onrobot_driver/include/onrobot_driver/Modbus/docs/html/pages.html
[0.514s] -- Up-to-date symlink: /home/billy/git/Robotics-Studio-2/install/onrobot_driver/include/onrobot_driver/Modbus/docs/html/plus.svg
[0.514s] -- Up-to-date symlink: /home/billy/git/Robotics-Studio-2/install/onrobot_driver/include/onrobot_driver/Modbus/docs/html/plusd.svg
[0.514s] -- Up-to-date symlink: /home/billy/git/Robotics-Studio-2/install/onrobot_driver/include/onrobot_driver/Modbus/docs/html/search/all_0.html
[0.515s] -- Up-to-date symlink: /home/billy/git/Robotics-Studio-2/install/onrobot_driver/include/onrobot_driver/Modbus/docs/html/search/all_0.js
[0.515s] -- Up-to-date symlink: /home/billy/git/Robotics-Studio-2/install/onrobot_driver/include/onrobot_driver/Modbus/docs/html/search/all_1.html
[0.515s] -- Up-to-date symlink: /home/billy/git/Robotics-Studio-2/install/onrobot_driver/include/onrobot_driver/Modbus/docs/html/search/all_1.js
[0.515s] -- Up-to-date symlink: /home/billy/git/Robotics-Studio-2/install/onrobot_driver/include/onrobot_driver/Modbus/docs/html/search/all_10.js
[0.516s] -- Up-to-date symlink: /home/billy/git/Robotics-Studio-2/install/onrobot_driver/include/onrobot_driver/Modbus/docs/html/search/all_11.js
[0.517s] -- Up-to-date symlink: /home/billy/git/Robotics-Studio-2/install/onrobot_driver/include/onrobot_driver/Modbus/docs/html/search/all_2.html
[0.517s] -- Up-to-date symlink: /home/billy/git/Robotics-Studio-2/install/onrobot_driver/include/onrobot_driver/Modbus/docs/html/search/all_2.js
[0.517s] -- Up-to-date symlink: /home/billy/git/Robotics-Studio-2/install/onrobot_driver/include/onrobot_driver/Modbus/docs/html/search/all_3.html
[0.517s] -- Up-to-date symlink: /home/billy/git/Robotics-Studio-2/install/onrobot_driver/include/onrobot_driver/Modbus/docs/html/search/all_3.js
[0.518s] -- Up-to-date symlink: /home/billy/git/Robotics-Studio-2/install/onrobot_driver/include/onrobot_driver/Modbus/docs/html/search/all_4.html
[0.518s] -- Up-to-date symlink: /home/billy/git/Robotics-Studio-2/install/onrobot_driver/include/onrobot_driver/Modbus/docs/html/search/all_4.js
[0.518s] -- Up-to-date symlink: /home/billy/git/Robotics-Studio-2/install/onrobot_driver/include/onrobot_driver/Modbus/docs/html/search/all_5.html
[0.519s] -- Up-to-date symlink: /home/billy/git/Robotics-Studio-2/install/onrobot_driver/include/onrobot_driver/Modbus/docs/html/search/all_5.js
[0.519s] -- Up-to-date symlink: /home/billy/git/Robotics-Studio-2/install/onrobot_driver/include/onrobot_driver/Modbus/docs/html/search/all_6.html
[0.519s] -- Up-to-date symlink: /home/billy/git/Robotics-Studio-2/install/onrobot_driver/include/onrobot_driver/Modbus/docs/html/search/all_6.js
[0.520s] -- Up-to-date symlink: /home/billy/git/Robotics-Studio-2/install/onrobot_driver/include/onrobot_driver/Modbus/docs/html/search/all_7.html
[0.520s] -- Up-to-date symlink: /home/billy/git/Robotics-Studio-2/install/onrobot_driver/include/onrobot_driver/Modbus/docs/html/search/all_7.js
[0.520s] -- Up-to-date symlink: /home/billy/git/Robotics-Studio-2/install/onrobot_driver/include/onrobot_driver/Modbus/docs/html/search/all_8.html
[0.521s] -- Up-to-date symlink: /home/billy/git/Robotics-Studio-2/install/onrobot_driver/include/onrobot_driver/Modbus/docs/html/search/all_8.js
[0.521s] -- Up-to-date symlink: /home/billy/git/Robotics-Studio-2/install/onrobot_driver/include/onrobot_driver/Modbus/docs/html/search/all_9.html
[0.521s] -- Up-to-date symlink: /home/billy/git/Robotics-Studio-2/install/onrobot_driver/include/onrobot_driver/Modbus/docs/html/search/all_9.js
[0.522s] -- Up-to-date symlink: /home/billy/git/Robotics-Studio-2/install/onrobot_driver/include/onrobot_driver/Modbus/docs/html/search/all_a.js
[0.522s] -- Up-to-date symlink: /home/billy/git/Robotics-Studio-2/install/onrobot_driver/include/onrobot_driver/Modbus/docs/html/search/all_b.js
[0.523s] -- Up-to-date symlink: /home/billy/git/Robotics-Studio-2/install/onrobot_driver/include/onrobot_driver/Modbus/docs/html/search/all_c.js
[0.523s] -- Up-to-date symlink: /home/billy/git/Robotics-Studio-2/install/onrobot_driver/include/onrobot_driver/Modbus/docs/html/search/all_d.js
[0.524s] -- Up-to-date symlink: /home/billy/git/Robotics-Studio-2/install/onrobot_driver/include/onrobot_driver/Modbus/docs/html/search/all_e.js
[0.525s] -- Up-to-date symlink: /home/billy/git/Robotics-Studio-2/install/onrobot_driver/include/onrobot_driver/Modbus/docs/html/search/all_f.js
[0.525s] -- Up-to-date symlink: /home/billy/git/Robotics-Studio-2/install/onrobot_driver/include/onrobot_driver/Modbus/docs/html/search/classes_0.html
[0.525s] -- Up-to-date symlink: /home/billy/git/Robotics-Studio-2/install/onrobot_driver/include/onrobot_driver/Modbus/docs/html/search/classes_0.js
[0.529s] -- Up-to-date symlink: /home/billy/git/Robotics-Studio-2/install/onrobot_driver/include/onrobot_driver/Modbus/docs/html/search/classes_1.html
[0.529s] -- Up-to-date symlink: /home/billy/git/Robotics-Studio-2/install/onrobot_driver/include/onrobot_driver/Modbus/docs/html/search/classes_1.js
[0.529s] -- Up-to-date symlink: /home/billy/git/Robotics-Studio-2/install/onrobot_driver/include/onrobot_driver/Modbus/docs/html/search/classes_2.html
[0.529s] -- Up-to-date symlink: /home/billy/git/Robotics-Studio-2/install/onrobot_driver/include/onrobot_driver/Modbus/docs/html/search/classes_2.js
[0.529s] -- Up-to-date symlink: /home/billy/git/Robotics-Studio-2/install/onrobot_driver/include/onrobot_driver/Modbus/docs/html/search/close.svg
[0.529s] -- Up-to-date symlink: /home/billy/git/Robotics-Studio-2/install/onrobot_driver/include/onrobot_driver/Modbus/docs/html/search/enums_0.html
[0.530s] -- Up-to-date symlink: /home/billy/git/Robotics-Studio-2/install/onrobot_driver/include/onrobot_driver/Modbus/docs/html/search/enums_0.js
[0.530s] -- Up-to-date symlink: /home/billy/git/Robotics-Studio-2/install/onrobot_driver/include/onrobot_driver/Modbus/docs/html/search/functions_0.html
[0.530s] -- Up-to-date symlink: /home/billy/git/Robotics-Studio-2/install/onrobot_driver/include/onrobot_driver/Modbus/docs/html/search/functions_0.js
[0.530s] -- Up-to-date symlink: /home/billy/git/Robotics-Studio-2/install/onrobot_driver/include/onrobot_driver/Modbus/docs/html/search/functions_1.html
[0.531s] -- Up-to-date symlink: /home/billy/git/Robotics-Studio-2/install/onrobot_driver/include/onrobot_driver/Modbus/docs/html/search/functions_1.js
[0.531s] -- Up-to-date symlink: /home/billy/git/Robotics-Studio-2/install/onrobot_driver/include/onrobot_driver/Modbus/docs/html/search/functions_2.html
[0.531s] -- Up-to-date symlink: /home/billy/git/Robotics-Studio-2/install/onrobot_driver/include/onrobot_driver/Modbus/docs/html/search/functions_2.js
[0.531s] -- Up-to-date symlink: /home/billy/git/Robotics-Studio-2/install/onrobot_driver/include/onrobot_driver/Modbus/docs/html/search/functions_3.html
[0.532s] -- Up-to-date symlink: /home/billy/git/Robotics-Studio-2/install/onrobot_driver/include/onrobot_driver/Modbus/docs/html/search/functions_3.js
[0.532s] -- Up-to-date symlink: /home/billy/git/Robotics-Studio-2/install/onrobot_driver/include/onrobot_driver/Modbus/docs/html/search/functions_4.html
[0.533s] -- Up-to-date symlink: /home/billy/git/Robotics-Studio-2/install/onrobot_driver/include/onrobot_driver/Modbus/docs/html/search/functions_4.js
[0.533s] -- Up-to-date symlink: /home/billy/git/Robotics-Studio-2/install/onrobot_driver/include/onrobot_driver/Modbus/docs/html/search/functions_5.html
[0.533s] -- Up-to-date symlink: /home/billy/git/Robotics-Studio-2/install/onrobot_driver/include/onrobot_driver/Modbus/docs/html/search/functions_5.js
[0.534s] -- Up-to-date symlink: /home/billy/git/Robotics-Studio-2/install/onrobot_driver/include/onrobot_driver/Modbus/docs/html/search/functions_6.html
[0.534s] -- Up-to-date symlink: /home/billy/git/Robotics-Studio-2/install/onrobot_driver/include/onrobot_driver/Modbus/docs/html/search/functions_6.js
[0.534s] -- Up-to-date symlink: /home/billy/git/Robotics-Studio-2/install/onrobot_driver/include/onrobot_driver/Modbus/docs/html/search/functions_7.html
[0.534s] -- Up-to-date symlink: /home/billy/git/Robotics-Studio-2/install/onrobot_driver/include/onrobot_driver/Modbus/docs/html/search/functions_7.js
[0.534s] -- Up-to-date symlink: /home/billy/git/Robotics-Studio-2/install/onrobot_driver/include/onrobot_driver/Modbus/docs/html/search/functions_8.html
[0.535s] -- Up-to-date symlink: /home/billy/git/Robotics-Studio-2/install/onrobot_driver/include/onrobot_driver/Modbus/docs/html/search/functions_8.js
[0.535s] -- Up-to-date symlink: /home/billy/git/Robotics-Studio-2/install/onrobot_driver/include/onrobot_driver/Modbus/docs/html/search/functions_9.html
[0.535s] -- Up-to-date symlink: /home/billy/git/Robotics-Studio-2/install/onrobot_driver/include/onrobot_driver/Modbus/docs/html/search/functions_9.js
[0.535s] -- Up-to-date symlink: /home/billy/git/Robotics-Studio-2/install/onrobot_driver/include/onrobot_driver/Modbus/docs/html/search/functions_a.js
[0.536s] -- Up-to-date symlink: /home/billy/git/Robotics-Studio-2/install/onrobot_driver/include/onrobot_driver/Modbus/docs/html/search/mag.svg
[0.536s] -- Up-to-date symlink: /home/billy/git/Robotics-Studio-2/install/onrobot_driver/include/onrobot_driver/Modbus/docs/html/search/mag_d.svg
[0.536s] -- Up-to-date symlink: /home/billy/git/Robotics-Studio-2/install/onrobot_driver/include/onrobot_driver/Modbus/docs/html/search/mag_sel.svg
[0.537s] -- Up-to-date symlink: /home/billy/git/Robotics-Studio-2/install/onrobot_driver/include/onrobot_driver/Modbus/docs/html/search/mag_seld.svg
[0.537s] -- Up-to-date symlink: /home/billy/git/Robotics-Studio-2/install/onrobot_driver/include/onrobot_driver/Modbus/docs/html/search/namespaces_0.html
[0.537s] -- Up-to-date symlink: /home/billy/git/Robotics-Studio-2/install/onrobot_driver/include/onrobot_driver/Modbus/docs/html/search/namespaces_0.js
[0.537s] -- Up-to-date symlink: /home/billy/git/Robotics-Studio-2/install/onrobot_driver/include/onrobot_driver/Modbus/docs/html/search/nomatches.html
[0.537s] -- Up-to-date symlink: /home/billy/git/Robotics-Studio-2/install/onrobot_driver/include/onrobot_driver/Modbus/docs/html/search/pages_0.js
[0.537s] -- Up-to-date symlink: /home/billy/git/Robotics-Studio-2/install/onrobot_driver/include/onrobot_driver/Modbus/docs/html/search/pages_1.js
[0.538s] -- Up-to-date symlink: /home/billy/git/Robotics-Studio-2/install/onrobot_driver/include/onrobot_driver/Modbus/docs/html/search/pages_2.js
[0.538s] -- Up-to-date symlink: /home/billy/git/Robotics-Studio-2/install/onrobot_driver/include/onrobot_driver/Modbus/docs/html/search/pages_3.js
[0.538s] -- Up-to-date symlink: /home/billy/git/Robotics-Studio-2/install/onrobot_driver/include/onrobot_driver/Modbus/docs/html/search/search.css
[0.538s] -- Up-to-date symlink: /home/billy/git/Robotics-Studio-2/install/onrobot_driver/include/onrobot_driver/Modbus/docs/html/search/search.js
[0.538s] -- Up-to-date symlink: /home/billy/git/Robotics-Studio-2/install/onrobot_driver/include/onrobot_driver/Modbus/docs/html/search/search_l.png
[0.539s] -- Up-to-date symlink: /home/billy/git/Robotics-Studio-2/install/onrobot_driver/include/onrobot_driver/Modbus/docs/html/search/search_m.png
[0.539s] -- Up-to-date symlink: /home/billy/git/Robotics-Studio-2/install/onrobot_driver/include/onrobot_driver/Modbus/docs/html/search/search_r.png
[0.539s] -- Up-to-date symlink: /home/billy/git/Robotics-Studio-2/install/onrobot_driver/include/onrobot_driver/Modbus/docs/html/search/searchdata.js
[0.539s] -- Up-to-date symlink: /home/billy/git/Robotics-Studio-2/install/onrobot_driver/include/onrobot_driver/Modbus/docs/html/server_8hpp_source.html
[0.540s] -- Up-to-date symlink: /home/billy/git/Robotics-Studio-2/install/onrobot_driver/include/onrobot_driver/Modbus/docs/html/splitbar.png
[0.540s] -- Up-to-date symlink: /home/billy/git/Robotics-Studio-2/install/onrobot_driver/include/onrobot_driver/Modbus/docs/html/splitbard.png
[0.540s] -- Up-to-date symlink: /home/billy/git/Robotics-Studio-2/install/onrobot_driver/include/onrobot_driver/Modbus/docs/html/sync_off.png
[0.540s] -- Up-to-date symlink: /home/billy/git/Robotics-Studio-2/install/onrobot_driver/include/onrobot_driver/Modbus/docs/html/sync_on.png
[0.540s] -- Up-to-date symlink: /home/billy/git/Robotics-Studio-2/install/onrobot_driver/include/onrobot_driver/Modbus/docs/html/tab_a.png
[0.540s] -- Up-to-date symlink: /home/billy/git/Robotics-Studio-2/install/onrobot_driver/include/onrobot_driver/Modbus/docs/html/tab_ad.png
[0.540s] -- Up-to-date symlink: /home/billy/git/Robotics-Studio-2/install/onrobot_driver/include/onrobot_driver/Modbus/docs/html/tab_b.png
[0.541s] -- Up-to-date symlink: /home/billy/git/Robotics-Studio-2/install/onrobot_driver/include/onrobot_driver/Modbus/docs/html/tab_bd.png
[0.541s] -- Up-to-date symlink: /home/billy/git/Robotics-Studio-2/install/onrobot_driver/include/onrobot_driver/Modbus/docs/html/tab_h.png
[0.541s] -- Up-to-date symlink: /home/billy/git/Robotics-Studio-2/install/onrobot_driver/include/onrobot_driver/Modbus/docs/html/tab_hd.png
[0.541s] -- Up-to-date symlink: /home/billy/git/Robotics-Studio-2/install/onrobot_driver/include/onrobot_driver/Modbus/docs/html/tab_s.png
[0.541s] -- Up-to-date symlink: /home/billy/git/Robotics-Studio-2/install/onrobot_driver/include/onrobot_driver/Modbus/docs/html/tab_sd.png
[0.541s] -- Up-to-date symlink: /home/billy/git/Robotics-Studio-2/install/onrobot_driver/include/onrobot_driver/Modbus/docs/html/tabs.css
[0.541s] -- Up-to-date symlink: /home/billy/git/Robotics-Studio-2/install/onrobot_driver/include/onrobot_driver/Modbus/example/main.cpp
[0.542s] -- Up-to-date symlink: /home/billy/git/Robotics-Studio-2/install/onrobot_driver/include/onrobot_driver/Modbus/include/MB/Serial/connection.hpp
[0.542s] -- Up-to-date symlink: /home/billy/git/Robotics-Studio-2/install/onrobot_driver/include/onrobot_driver/Modbus/include/MB/TCP/connection.hpp
[0.542s] -- Up-to-date symlink: /home/billy/git/Robotics-Studio-2/install/onrobot_driver/include/onrobot_driver/Modbus/include/MB/TCP/server.hpp
[0.542s] -- Up-to-date symlink: /home/billy/git/Robotics-Studio-2/install/onrobot_driver/include/onrobot_driver/Modbus/include/MB/crc.hpp
[0.542s] -- Up-to-date symlink: /home/billy/git/Robotics-Studio-2/install/onrobot_driver/include/onrobot_driver/Modbus/include/MB/modbusCell.hpp
[0.543s] -- Up-to-date symlink: /home/billy/git/Robotics-Studio-2/install/onrobot_driver/include/onrobot_driver/Modbus/include/MB/modbusException.hpp
[0.543s] -- Up-to-date symlink: /home/billy/git/Robotics-Studio-2/install/onrobot_driver/include/onrobot_driver/Modbus/include/MB/modbusRequest.hpp
[0.543s] -- Up-to-date symlink: /home/billy/git/Robotics-Studio-2/install/onrobot_driver/include/onrobot_driver/Modbus/include/MB/modbusResponse.hpp
[0.543s] -- Up-to-date symlink: /home/billy/git/Robotics-Studio-2/install/onrobot_driver/include/onrobot_driver/Modbus/include/MB/modbusUtils.hpp
[0.544s] -- Up-to-date symlink: /home/billy/git/Robotics-Studio-2/install/onrobot_driver/include/onrobot_driver/Modbus/reformat-all.sh
[0.544s] -- Up-to-date symlink: /home/billy/git/Robotics-Studio-2/install/onrobot_driver/include/onrobot_driver/Modbus/shell.nix
[0.545s] -- Up-to-date symlink: /home/billy/git/Robotics-Studio-2/install/onrobot_driver/include/onrobot_driver/Modbus/src/CMakeLists.txt
[0.545s] -- Up-to-date symlink: /home/billy/git/Robotics-Studio-2/install/onrobot_driver/include/onrobot_driver/Modbus/src/Serial/CMakeLists.txt
[0.545s] -- Up-to-date symlink: /home/billy/git/Robotics-Studio-2/install/onrobot_driver/include/onrobot_driver/Modbus/src/Serial/connection.cpp
[0.545s] -- Up-to-date symlink: /home/billy/git/Robotics-Studio-2/install/onrobot_driver/include/onrobot_driver/Modbus/src/TCP/CMakeLists.txt
[0.545s] -- Up-to-date symlink: /home/billy/git/Robotics-Studio-2/install/onrobot_driver/include/onrobot_driver/Modbus/src/TCP/connection.cpp
[0.546s] -- Up-to-date symlink: /home/billy/git/Robotics-Studio-2/install/onrobot_driver/include/onrobot_driver/Modbus/src/TCP/server.cpp
[0.546s] -- Up-to-date symlink: /home/billy/git/Robotics-Studio-2/install/onrobot_driver/include/onrobot_driver/Modbus/src/crc.cpp
[0.546s] -- Up-to-date symlink: /home/billy/git/Robotics-Studio-2/install/onrobot_driver/include/onrobot_driver/Modbus/src/modbusException.cpp
[0.546s] -- Up-to-date symlink: /home/billy/git/Robotics-Studio-2/install/onrobot_driver/include/onrobot_driver/Modbus/src/modbusRequest.cpp
[0.547s] -- Up-to-date symlink: /home/billy/git/Robotics-Studio-2/install/onrobot_driver/include/onrobot_driver/Modbus/src/modbusResponse.cpp
[0.547s] -- Up-to-date symlink: /home/billy/git/Robotics-Studio-2/install/onrobot_driver/include/onrobot_driver/Modbus/tests/CMakeLists.txt
[0.547s] -- Up-to-date symlink: /home/billy/git/Robotics-Studio-2/install/onrobot_driver/include/onrobot_driver/Modbus/tests/MB/ModbusCellTests.cpp
[0.547s] -- Up-to-date symlink: /home/billy/git/Robotics-Studio-2/install/onrobot_driver/include/onrobot_driver/Modbus/tests/MB/ModbusExceptionTests.cpp
[0.548s] -- Up-to-date symlink: /home/billy/git/Robotics-Studio-2/install/onrobot_driver/include/onrobot_driver/Modbus/tests/MB/ModbusFunctionalTests.cpp
[0.548s] -- Up-to-date symlink: /home/billy/git/Robotics-Studio-2/install/onrobot_driver/include/onrobot_driver/Modbus/tests/MB/ModbusRequestTests.cpp
[0.549s] -- Up-to-date symlink: /home/billy/git/Robotics-Studio-2/install/onrobot_driver/include/onrobot_driver/Modbus/tests/MB/ModbusResponseTests.cpp
[0.549s] -- Up-to-date symlink: /home/billy/git/Robotics-Studio-2/install/onrobot_driver/include/onrobot_driver/Modbus/tests/main.cpp
[0.550s] -- Up-to-date symlink: /home/billy/git/Robotics-Studio-2/install/onrobot_driver/include/onrobot_driver/RG.hpp
[0.550s] -- Up-to-date symlink: /home/billy/git/Robotics-Studio-2/install/onrobot_driver/include/onrobot_driver/SerialConnectionWrapper.hpp
[0.550s] -- Up-to-date symlink: /home/billy/git/Robotics-Studio-2/install/onrobot_driver/include/onrobot_driver/TCPConnectionWrapper.hpp
[0.551s] -- Up-to-date symlink: /home/billy/git/Robotics-Studio-2/install/onrobot_driver/include/onrobot_driver/rg_hardware_interface.hpp
[0.552s] -- Up-to-date symlink: /home/billy/git/Robotics-Studio-2/install/onrobot_driver/share/onrobot_driver/launch/onrobot_control.launch.py
[0.552s] -- Up-to-date symlink: /home/billy/git/Robotics-Studio-2/install/onrobot_driver/share/onrobot_driver/config/rg_controllers.yaml
[0.553s] -- Up-to-date symlink: /home/billy/git/Robotics-Studio-2/install/onrobot_driver/share/ament_index/resource_index/package_run_dependencies/onrobot_driver
[0.553s] -- Up-to-date symlink: /home/billy/git/Robotics-Studio-2/install/onrobot_driver/share/ament_index/resource_index/parent_prefix_path/onrobot_driver
[0.554s] -- Up-to-date symlink: /home/billy/git/Robotics-Studio-2/install/onrobot_driver/share/onrobot_driver/environment/ament_prefix_path.sh
[0.554s] -- Up-to-date symlink: /home/billy/git/Robotics-Studio-2/install/onrobot_driver/share/onrobot_driver/environment/ament_prefix_path.dsv
[0.554s] -- Up-to-date symlink: /home/billy/git/Robotics-Studio-2/install/onrobot_driver/share/onrobot_driver/environment/path.sh
[0.555s] -- Up-to-date symlink: /home/billy/git/Robotics-Studio-2/install/onrobot_driver/share/onrobot_driver/environment/path.dsv
[0.555s] -- Up-to-date symlink: /home/billy/git/Robotics-Studio-2/install/onrobot_driver/share/onrobot_driver/local_setup.bash
[0.555s] -- Up-to-date symlink: /home/billy/git/Robotics-Studio-2/install/onrobot_driver/share/onrobot_driver/local_setup.sh
[0.556s] -- Up-to-date symlink: /home/billy/git/Robotics-Studio-2/install/onrobot_driver/share/onrobot_driver/local_setup.zsh
[0.556s] -- Up-to-date symlink: /home/billy/git/Robotics-Studio-2/install/onrobot_driver/share/onrobot_driver/local_setup.dsv
[0.557s] -- Symlinking: /home/billy/git/Robotics-Studio-2/install/onrobot_driver/share/onrobot_driver/package.dsv
[0.576s] -- Up-to-date symlink: /home/billy/git/Robotics-Studio-2/install/onrobot_driver/share/ament_index/resource_index/packages/onrobot_driver
[0.576s] -- Up-to-date symlink: /home/billy/git/Robotics-Studio-2/install/onrobot_driver/share/ament_index/resource_index/hardware_interface__pluginlib__plugin/onrobot_driver
[0.577s] -- Up-to-date symlink: /home/billy/git/Robotics-Studio-2/install/onrobot_driver/share/onrobot_driver/cmake/ament_cmake_export_include_directories-extras.cmake
[0.577s] -- Up-to-date symlink: /home/billy/git/Robotics-Studio-2/install/onrobot_driver/share/onrobot_driver/cmake/ament_cmake_export_libraries-extras.cmake
[0.577s] -- Up-to-date symlink: /home/billy/git/Robotics-Studio-2/install/onrobot_driver/share/onrobot_driver/cmake/ament_cmake_export_dependencies-extras.cmake
[0.578s] -- Up-to-date symlink: /home/billy/git/Robotics-Studio-2/install/onrobot_driver/share/onrobot_driver/cmake/onrobot_driverConfig.cmake
[0.578s] -- Up-to-date symlink: /home/billy/git/Robotics-Studio-2/install/onrobot_driver/share/onrobot_driver/cmake/onrobot_driverConfig-version.cmake
[0.579s] -- Up-to-date symlink: /home/billy/git/Robotics-Studio-2/install/onrobot_driver/share/onrobot_driver/package.xml
[0.585s] Invoked command in '/home/billy/git/Robotics-Studio-2/build/onrobot_driver' returned '0': CMAKE_PREFIX_PATH=/home/billy/git/Robotics-Studio-2/install/onrobot_description:/home/billy/install/object_msgs:/home/billy/git/Robotics-Studio-2/install/ur_onrobot_moveit_config:/home/billy/git/Robotics-Studio-2/install/ur_onrobot_control:/home/billy/git/Robotics-Studio-2/install/ur_onrobot_description:/home/billy/git/Robotics-Studio-2/install/onrobot_driver:/home/billy/git/Robotics-Studio-2/install/object_msgs:/opt/ros/humble /usr/bin/cmake --install /home/billy/git/Robotics-Studio-2/build/onrobot_driver
