[0.032s] Invoking command in '/home/billy/git/Robotics-Studio-2/build/ur_description_local': CMAKE_PREFIX_PATH=${CMAKE_PREFIX_PATH}:/opt/ros/humble /usr/bin/cmake --build /home/billy/git/Robotics-Studio-2/build/ur_description_local -- -j16 -l16
[0.114s] Invoked command in '/home/billy/git/Robotics-Studio-2/build/ur_description_local' returned '0': CMAKE_PREFIX_PATH=${CMAKE_PREFIX_PATH}:/opt/ros/humble /usr/bin/cmake --build /home/billy/git/Robotics-Studio-2/build/ur_description_local -- -j16 -l16
[0.119s] Invoking command in '/home/billy/git/Robotics-Studio-2/build/ur_description_local': CMAKE_PREFIX_PATH=${CMAKE_PREFIX_PATH}:/opt/ros/humble /usr/bin/cmake --install /home/billy/git/Robotics-Studio-2/build/ur_description_local
[0.129s] -- Install configuration: ""
[0.130s] -- Execute custom install script
[0.135s] -- Symlinking: /home/billy/git/Robotics-Studio-2/install/ur_description_local/share/ur_description_local/config/initial_positions.yaml
[0.150s] -- Symlinking: /home/billy/git/Robotics-Studio-2/install/ur_description_local/share/ur_description_local/config/initial_positions.yaml:Zone.Identifier
[0.171s] -- Symlinking: /home/billy/git/Robotics-Studio-2/install/ur_description_local/share/ur_description_local/config/ur10/default_kinematics.yaml
[0.184s] -- Symlinking: /home/billy/git/Robotics-Studio-2/install/ur_description_local/share/ur_description_local/config/ur10/default_kinematics.yaml:Zone.Identifier
[0.199s] -- Symlinking: /home/billy/git/Robotics-Studio-2/install/ur_description_local/share/ur_description_local/config/ur10/joint_limits.yaml
[0.212s] -- Symlinking: /home/billy/git/Robotics-Studio-2/install/ur_description_local/share/ur_description_local/config/ur10/joint_limits.yaml:Zone.Identifier
[0.226s] -- Symlinking: /home/billy/git/Robotics-Studio-2/install/ur_description_local/share/ur_description_local/config/ur10/physical_parameters.yaml
[0.238s] -- Symlinking: /home/billy/git/Robotics-Studio-2/install/ur_description_local/share/ur_description_local/config/ur10/physical_parameters.yaml:Zone.Identifier
[0.250s] -- Symlinking: /home/billy/git/Robotics-Studio-2/install/ur_description_local/share/ur_description_local/config/ur10/visual_parameters.yaml
[0.260s] -- Symlinking: /home/billy/git/Robotics-Studio-2/install/ur_description_local/share/ur_description_local/config/ur10/visual_parameters.yaml:Zone.Identifier
[0.272s] -- Symlinking: /home/billy/git/Robotics-Studio-2/install/ur_description_local/share/ur_description_local/config/ur10e/default_kinematics.yaml
[0.286s] -- Symlinking: /home/billy/git/Robotics-Studio-2/install/ur_description_local/share/ur_description_local/config/ur10e/default_kinematics.yaml:Zone.Identifier
[0.299s] -- Symlinking: /home/billy/git/Robotics-Studio-2/install/ur_description_local/share/ur_description_local/config/ur10e/joint_limits.yaml
[0.311s] -- Symlinking: /home/billy/git/Robotics-Studio-2/install/ur_description_local/share/ur_description_local/config/ur10e/joint_limits.yaml:Zone.Identifier
[0.328s] -- Symlinking: /home/billy/git/Robotics-Studio-2/install/ur_description_local/share/ur_description_local/config/ur10e/physical_parameters.yaml
[0.344s] -- Symlinking: /home/billy/git/Robotics-Studio-2/install/ur_description_local/share/ur_description_local/config/ur10e/physical_parameters.yaml:Zone.Identifier
[0.359s] -- Symlinking: /home/billy/git/Robotics-Studio-2/install/ur_description_local/share/ur_description_local/config/ur10e/visual_parameters.yaml
[0.376s] -- Symlinking: /home/billy/git/Robotics-Studio-2/install/ur_description_local/share/ur_description_local/config/ur10e/visual_parameters.yaml:Zone.Identifier
[0.395s] -- Symlinking: /home/billy/git/Robotics-Studio-2/install/ur_description_local/share/ur_description_local/config/ur12e/default_kinematics.yaml
[0.413s] -- Symlinking: /home/billy/git/Robotics-Studio-2/install/ur_description_local/share/ur_description_local/config/ur12e/default_kinematics.yaml:Zone.Identifier
[0.430s] -- Symlinking: /home/billy/git/Robotics-Studio-2/install/ur_description_local/share/ur_description_local/config/ur12e/joint_limits.yaml
[0.445s] -- Symlinking: /home/billy/git/Robotics-Studio-2/install/ur_description_local/share/ur_description_local/config/ur12e/joint_limits.yaml:Zone.Identifier
[0.461s] -- Symlinking: /home/billy/git/Robotics-Studio-2/install/ur_description_local/share/ur_description_local/config/ur12e/physical_parameters.yaml
[0.477s] -- Symlinking: /home/billy/git/Robotics-Studio-2/install/ur_description_local/share/ur_description_local/config/ur12e/physical_parameters.yaml:Zone.Identifier
[0.490s] -- Symlinking: /home/billy/git/Robotics-Studio-2/install/ur_description_local/share/ur_description_local/config/ur12e/visual_parameters.yaml
[0.504s] -- Symlinking: /home/billy/git/Robotics-Studio-2/install/ur_description_local/share/ur_description_local/config/ur12e/visual_parameters.yaml:Zone.Identifier
[0.517s] -- Symlinking: /home/billy/git/Robotics-Studio-2/install/ur_description_local/share/ur_description_local/config/ur15/default_kinematics.yaml
[0.535s] -- Symlinking: /home/billy/git/Robotics-Studio-2/install/ur_description_local/share/ur_description_local/config/ur15/default_kinematics.yaml:Zone.Identifier
[0.547s] -- Symlinking: /home/billy/git/Robotics-Studio-2/install/ur_description_local/share/ur_description_local/config/ur15/joint_limits.yaml
[0.560s] -- Symlinking: /home/billy/git/Robotics-Studio-2/install/ur_description_local/share/ur_description_local/config/ur15/joint_limits.yaml:Zone.Identifier
[0.571s] -- Symlinking: /home/billy/git/Robotics-Studio-2/install/ur_description_local/share/ur_description_local/config/ur15/physical_parameters.yaml
[0.582s] -- Symlinking: /home/billy/git/Robotics-Studio-2/install/ur_description_local/share/ur_description_local/config/ur15/physical_parameters.yaml:Zone.Identifier
[0.595s] -- Symlinking: /home/billy/git/Robotics-Studio-2/install/ur_description_local/share/ur_description_local/config/ur15/visual_parameters.yaml
[0.607s] -- Symlinking: /home/billy/git/Robotics-Studio-2/install/ur_description_local/share/ur_description_local/config/ur15/visual_parameters.yaml:Zone.Identifier
[0.618s] -- Symlinking: /home/billy/git/Robotics-Studio-2/install/ur_description_local/share/ur_description_local/config/ur16e/default_kinematics.yaml
[0.629s] -- Symlinking: /home/billy/git/Robotics-Studio-2/install/ur_description_local/share/ur_description_local/config/ur16e/default_kinematics.yaml:Zone.Identifier
[0.640s] -- Symlinking: /home/billy/git/Robotics-Studio-2/install/ur_description_local/share/ur_description_local/config/ur16e/joint_limits.yaml
[0.651s] -- Symlinking: /home/billy/git/Robotics-Studio-2/install/ur_description_local/share/ur_description_local/config/ur16e/joint_limits.yaml:Zone.Identifier
[0.663s] -- Symlinking: /home/billy/git/Robotics-Studio-2/install/ur_description_local/share/ur_description_local/config/ur16e/physical_parameters.yaml
[0.674s] -- Symlinking: /home/billy/git/Robotics-Studio-2/install/ur_description_local/share/ur_description_local/config/ur16e/physical_parameters.yaml:Zone.Identifier
[0.686s] -- Symlinking: /home/billy/git/Robotics-Studio-2/install/ur_description_local/share/ur_description_local/config/ur16e/visual_parameters.yaml
[0.699s] -- Symlinking: /home/billy/git/Robotics-Studio-2/install/ur_description_local/share/ur_description_local/config/ur16e/visual_parameters.yaml:Zone.Identifier
[0.714s] -- Symlinking: /home/billy/git/Robotics-Studio-2/install/ur_description_local/share/ur_description_local/config/ur18/default_kinematics.yaml
[0.727s] -- Symlinking: /home/billy/git/Robotics-Studio-2/install/ur_description_local/share/ur_description_local/config/ur18/default_kinematics.yaml:Zone.Identifier
[0.741s] -- Symlinking: /home/billy/git/Robotics-Studio-2/install/ur_description_local/share/ur_description_local/config/ur18/joint_limits.yaml
[0.751s] -- Symlinking: /home/billy/git/Robotics-Studio-2/install/ur_description_local/share/ur_description_local/config/ur18/joint_limits.yaml:Zone.Identifier
[0.764s] -- Symlinking: /home/billy/git/Robotics-Studio-2/install/ur_description_local/share/ur_description_local/config/ur18/physical_parameters.yaml
[0.775s] -- Symlinking: /home/billy/git/Robotics-Studio-2/install/ur_description_local/share/ur_description_local/config/ur18/physical_parameters.yaml:Zone.Identifier
[0.787s] -- Symlinking: /home/billy/git/Robotics-Studio-2/install/ur_description_local/share/ur_description_local/config/ur18/visual_parameters.yaml
[0.798s] -- Symlinking: /home/billy/git/Robotics-Studio-2/install/ur_description_local/share/ur_description_local/config/ur18/visual_parameters.yaml:Zone.Identifier
[0.810s] -- Symlinking: /home/billy/git/Robotics-Studio-2/install/ur_description_local/share/ur_description_local/config/ur20/default_kinematics.yaml
[0.821s] -- Symlinking: /home/billy/git/Robotics-Studio-2/install/ur_description_local/share/ur_description_local/config/ur20/default_kinematics.yaml:Zone.Identifier
[0.831s] -- Symlinking: /home/billy/git/Robotics-Studio-2/install/ur_description_local/share/ur_description_local/config/ur20/joint_limits.yaml
[0.842s] -- Symlinking: /home/billy/git/Robotics-Studio-2/install/ur_description_local/share/ur_description_local/config/ur20/joint_limits.yaml:Zone.Identifier
[0.852s] -- Symlinking: /home/billy/git/Robotics-Studio-2/install/ur_description_local/share/ur_description_local/config/ur20/physical_parameters.yaml
[0.862s] -- Symlinking: /home/billy/git/Robotics-Studio-2/install/ur_description_local/share/ur_description_local/config/ur20/physical_parameters.yaml:Zone.Identifier
[0.873s] -- Symlinking: /home/billy/git/Robotics-Studio-2/install/ur_description_local/share/ur_description_local/config/ur20/visual_parameters.yaml
[0.886s] -- Symlinking: /home/billy/git/Robotics-Studio-2/install/ur_description_local/share/ur_description_local/config/ur20/visual_parameters.yaml:Zone.Identifier
[0.896s] -- Symlinking: /home/billy/git/Robotics-Studio-2/install/ur_description_local/share/ur_description_local/config/ur3/default_kinematics.yaml
[0.907s] -- Symlinking: /home/billy/git/Robotics-Studio-2/install/ur_description_local/share/ur_description_local/config/ur3/default_kinematics.yaml:Zone.Identifier
[0.918s] -- Symlinking: /home/billy/git/Robotics-Studio-2/install/ur_description_local/share/ur_description_local/config/ur3/joint_limits.yaml
[0.928s] -- Symlinking: /home/billy/git/Robotics-Studio-2/install/ur_description_local/share/ur_description_local/config/ur3/joint_limits.yaml:Zone.Identifier
[0.939s] -- Symlinking: /home/billy/git/Robotics-Studio-2/install/ur_description_local/share/ur_description_local/config/ur3/physical_parameters.yaml
[0.950s] -- Symlinking: /home/billy/git/Robotics-Studio-2/install/ur_description_local/share/ur_description_local/config/ur3/physical_parameters.yaml:Zone.Identifier
[0.962s] -- Symlinking: /home/billy/git/Robotics-Studio-2/install/ur_description_local/share/ur_description_local/config/ur3/visual_parameters.yaml
[0.973s] -- Symlinking: /home/billy/git/Robotics-Studio-2/install/ur_description_local/share/ur_description_local/config/ur3/visual_parameters.yaml:Zone.Identifier
[0.987s] -- Symlinking: /home/billy/git/Robotics-Studio-2/install/ur_description_local/share/ur_description_local/config/ur30/default_kinematics.yaml
[0.999s] -- Symlinking: /home/billy/git/Robotics-Studio-2/install/ur_description_local/share/ur_description_local/config/ur30/default_kinematics.yaml:Zone.Identifier
[1.010s] -- Symlinking: /home/billy/git/Robotics-Studio-2/install/ur_description_local/share/ur_description_local/config/ur30/joint_limits.yaml
[1.021s] -- Symlinking: /home/billy/git/Robotics-Studio-2/install/ur_description_local/share/ur_description_local/config/ur30/joint_limits.yaml:Zone.Identifier
[1.033s] -- Symlinking: /home/billy/git/Robotics-Studio-2/install/ur_description_local/share/ur_description_local/config/ur30/physical_parameters.yaml
[1.045s] -- Symlinking: /home/billy/git/Robotics-Studio-2/install/ur_description_local/share/ur_description_local/config/ur30/physical_parameters.yaml:Zone.Identifier
[1.056s] -- Symlinking: /home/billy/git/Robotics-Studio-2/install/ur_description_local/share/ur_description_local/config/ur30/visual_parameters.yaml
[1.067s] -- Symlinking: /home/billy/git/Robotics-Studio-2/install/ur_description_local/share/ur_description_local/config/ur30/visual_parameters.yaml:Zone.Identifier
[1.079s] -- Symlinking: /home/billy/git/Robotics-Studio-2/install/ur_description_local/share/ur_description_local/config/ur3e/default_kinematics.yaml
[1.093s] -- Symlinking: /home/billy/git/Robotics-Studio-2/install/ur_description_local/share/ur_description_local/config/ur3e/default_kinematics.yaml:Zone.Identifier
[1.103s] -- Symlinking: /home/billy/git/Robotics-Studio-2/install/ur_description_local/share/ur_description_local/config/ur3e/joint_limits.yaml
[1.115s] -- Symlinking: /home/billy/git/Robotics-Studio-2/install/ur_description_local/share/ur_description_local/config/ur3e/joint_limits.yaml:Zone.Identifier
[1.126s] -- Symlinking: /home/billy/git/Robotics-Studio-2/install/ur_description_local/share/ur_description_local/config/ur3e/physical_parameters.yaml
[1.137s] -- Symlinking: /home/billy/git/Robotics-Studio-2/install/ur_description_local/share/ur_description_local/config/ur3e/physical_parameters.yaml:Zone.Identifier
[1.149s] -- Symlinking: /home/billy/git/Robotics-Studio-2/install/ur_description_local/share/ur_description_local/config/ur3e/visual_parameters.yaml
[1.161s] -- Symlinking: /home/billy/git/Robotics-Studio-2/install/ur_description_local/share/ur_description_local/config/ur3e/visual_parameters.yaml:Zone.Identifier
[1.175s] -- Symlinking: /home/billy/git/Robotics-Studio-2/install/ur_description_local/share/ur_description_local/config/ur5/default_kinematics.yaml
[1.188s] -- Symlinking: /home/billy/git/Robotics-Studio-2/install/ur_description_local/share/ur_description_local/config/ur5/default_kinematics.yaml:Zone.Identifier
[1.202s] -- Symlinking: /home/billy/git/Robotics-Studio-2/install/ur_description_local/share/ur_description_local/config/ur5/joint_limits.yaml
[1.215s] -- Symlinking: /home/billy/git/Robotics-Studio-2/install/ur_description_local/share/ur_description_local/config/ur5/joint_limits.yaml:Zone.Identifier
[1.228s] -- Symlinking: /home/billy/git/Robotics-Studio-2/install/ur_description_local/share/ur_description_local/config/ur5/physical_parameters.yaml
[1.240s] -- Symlinking: /home/billy/git/Robotics-Studio-2/install/ur_description_local/share/ur_description_local/config/ur5/physical_parameters.yaml:Zone.Identifier
[1.252s] -- Symlinking: /home/billy/git/Robotics-Studio-2/install/ur_description_local/share/ur_description_local/config/ur5/visual_parameters.yaml
[1.263s] -- Symlinking: /home/billy/git/Robotics-Studio-2/install/ur_description_local/share/ur_description_local/config/ur5/visual_parameters.yaml:Zone.Identifier
[1.277s] -- Symlinking: /home/billy/git/Robotics-Studio-2/install/ur_description_local/share/ur_description_local/config/ur5e/default_kinematics.yaml
[1.288s] -- Symlinking: /home/billy/git/Robotics-Studio-2/install/ur_description_local/share/ur_description_local/config/ur5e/default_kinematics.yaml:Zone.Identifier
[1.300s] -- Symlinking: /home/billy/git/Robotics-Studio-2/install/ur_description_local/share/ur_description_local/config/ur5e/joint_limits.yaml
[1.312s] -- Symlinking: /home/billy/git/Robotics-Studio-2/install/ur_description_local/share/ur_description_local/config/ur5e/joint_limits.yaml:Zone.Identifier
[1.324s] -- Symlinking: /home/billy/git/Robotics-Studio-2/install/ur_description_local/share/ur_description_local/config/ur5e/physical_parameters.yaml
[1.335s] -- Symlinking: /home/billy/git/Robotics-Studio-2/install/ur_description_local/share/ur_description_local/config/ur5e/physical_parameters.yaml:Zone.Identifier
[1.346s] -- Symlinking: /home/billy/git/Robotics-Studio-2/install/ur_description_local/share/ur_description_local/config/ur5e/visual_parameters.yaml
[1.358s] -- Symlinking: /home/billy/git/Robotics-Studio-2/install/ur_description_local/share/ur_description_local/config/ur5e/visual_parameters.yaml:Zone.Identifier
[1.371s] -- Symlinking: /home/billy/git/Robotics-Studio-2/install/ur_description_local/share/ur_description_local/config/ur7e/default_kinematics.yaml
[1.382s] -- Symlinking: /home/billy/git/Robotics-Studio-2/install/ur_description_local/share/ur_description_local/config/ur7e/default_kinematics.yaml:Zone.Identifier
[1.396s] -- Symlinking: /home/billy/git/Robotics-Studio-2/install/ur_description_local/share/ur_description_local/config/ur7e/joint_limits.yaml
[1.408s] -- Symlinking: /home/billy/git/Robotics-Studio-2/install/ur_description_local/share/ur_description_local/config/ur7e/joint_limits.yaml:Zone.Identifier
[1.420s] -- Symlinking: /home/billy/git/Robotics-Studio-2/install/ur_description_local/share/ur_description_local/config/ur7e/physical_parameters.yaml
[1.433s] -- Symlinking: /home/billy/git/Robotics-Studio-2/install/ur_description_local/share/ur_description_local/config/ur7e/physical_parameters.yaml:Zone.Identifier
[1.445s] -- Symlinking: /home/billy/git/Robotics-Studio-2/install/ur_description_local/share/ur_description_local/config/ur7e/visual_parameters.yaml
[1.457s] -- Symlinking: /home/billy/git/Robotics-Studio-2/install/ur_description_local/share/ur_description_local/config/ur7e/visual_parameters.yaml:Zone.Identifier
[1.469s] -- Symlinking: /home/billy/git/Robotics-Studio-2/install/ur_description_local/share/ur_description_local/config/ur8long/default_kinematics.yaml
[1.482s] -- Symlinking: /home/billy/git/Robotics-Studio-2/install/ur_description_local/share/ur_description_local/config/ur8long/default_kinematics.yaml:Zone.Identifier
[1.496s] -- Symlinking: /home/billy/git/Robotics-Studio-2/install/ur_description_local/share/ur_description_local/config/ur8long/joint_limits.yaml
[1.508s] -- Symlinking: /home/billy/git/Robotics-Studio-2/install/ur_description_local/share/ur_description_local/config/ur8long/joint_limits.yaml:Zone.Identifier
[1.519s] -- Symlinking: /home/billy/git/Robotics-Studio-2/install/ur_description_local/share/ur_description_local/config/ur8long/physical_parameters.yaml
[1.532s] -- Symlinking: /home/billy/git/Robotics-Studio-2/install/ur_description_local/share/ur_description_local/config/ur8long/physical_parameters.yaml:Zone.Identifier
[1.546s] -- Symlinking: /home/billy/git/Robotics-Studio-2/install/ur_description_local/share/ur_description_local/config/ur8long/visual_parameters.yaml
[1.561s] -- Symlinking: /home/billy/git/Robotics-Studio-2/install/ur_description_local/share/ur_description_local/config/ur8long/visual_parameters.yaml:Zone.Identifier
[1.575s] -- Symlinking: /home/billy/git/Robotics-Studio-2/install/ur_description_local/share/ur_description_local/launch/view_ur.launch.py
[1.588s] -- Symlinking: /home/billy/git/Robotics-Studio-2/install/ur_description_local/share/ur_description_local/launch/view_ur.launch.py:Zone.Identifier
[1.607s] -- Symlinking: /home/billy/git/Robotics-Studio-2/install/ur_description_local/share/ur_description_local/meshes/ur10/collision/base.stl
[1.620s] -- Symlinking: /home/billy/git/Robotics-Studio-2/install/ur_description_local/share/ur_description_local/meshes/ur10/collision/base.stl:Zone.Identifier
[1.637s] -- Symlinking: /home/billy/git/Robotics-Studio-2/install/ur_description_local/share/ur_description_local/meshes/ur10/collision/forearm.stl
[1.655s] -- Symlinking: /home/billy/git/Robotics-Studio-2/install/ur_description_local/share/ur_description_local/meshes/ur10/collision/forearm.stl:Zone.Identifier
[1.674s] -- Symlinking: /home/billy/git/Robotics-Studio-2/install/ur_description_local/share/ur_description_local/meshes/ur10/collision/shoulder.stl
[1.692s] -- Symlinking: /home/billy/git/Robotics-Studio-2/install/ur_description_local/share/ur_description_local/meshes/ur10/collision/shoulder.stl:Zone.Identifier
[1.710s] -- Symlinking: /home/billy/git/Robotics-Studio-2/install/ur_description_local/share/ur_description_local/meshes/ur10/collision/upperarm.stl
[1.723s] -- Symlinking: /home/billy/git/Robotics-Studio-2/install/ur_description_local/share/ur_description_local/meshes/ur10/collision/upperarm.stl:Zone.Identifier
[1.734s] -- Symlinking: /home/billy/git/Robotics-Studio-2/install/ur_description_local/share/ur_description_local/meshes/ur10/collision/wrist1.stl
[1.747s] -- Symlinking: /home/billy/git/Robotics-Studio-2/install/ur_description_local/share/ur_description_local/meshes/ur10/collision/wrist1.stl:Zone.Identifier
[1.761s] -- Symlinking: /home/billy/git/Robotics-Studio-2/install/ur_description_local/share/ur_description_local/meshes/ur10/collision/wrist2.stl
[1.773s] -- Symlinking: /home/billy/git/Robotics-Studio-2/install/ur_description_local/share/ur_description_local/meshes/ur10/collision/wrist2.stl:Zone.Identifier
[1.790s] -- Symlinking: /home/billy/git/Robotics-Studio-2/install/ur_description_local/share/ur_description_local/meshes/ur10/collision/wrist3.stl
[1.802s] -- Symlinking: /home/billy/git/Robotics-Studio-2/install/ur_description_local/share/ur_description_local/meshes/ur10/collision/wrist3.stl:Zone.Identifier
[1.814s] -- Symlinking: /home/billy/git/Robotics-Studio-2/install/ur_description_local/share/ur_description_local/meshes/ur10/visual/base.dae
[1.826s] -- Symlinking: /home/billy/git/Robotics-Studio-2/install/ur_description_local/share/ur_description_local/meshes/ur10/visual/base.dae:Zone.Identifier
[1.839s] -- Symlinking: /home/billy/git/Robotics-Studio-2/install/ur_description_local/share/ur_description_local/meshes/ur10/visual/forearm.dae
[1.852s] -- Symlinking: /home/billy/git/Robotics-Studio-2/install/ur_description_local/share/ur_description_local/meshes/ur10/visual/forearm.dae:Zone.Identifier
[1.864s] -- Symlinking: /home/billy/git/Robotics-Studio-2/install/ur_description_local/share/ur_description_local/meshes/ur10/visual/shoulder.dae
[1.876s] -- Symlinking: /home/billy/git/Robotics-Studio-2/install/ur_description_local/share/ur_description_local/meshes/ur10/visual/shoulder.dae:Zone.Identifier
[1.888s] -- Symlinking: /home/billy/git/Robotics-Studio-2/install/ur_description_local/share/ur_description_local/meshes/ur10/visual/upperarm.dae
[1.900s] -- Symlinking: /home/billy/git/Robotics-Studio-2/install/ur_description_local/share/ur_description_local/meshes/ur10/visual/upperarm.dae:Zone.Identifier
[1.912s] -- Symlinking: /home/billy/git/Robotics-Studio-2/install/ur_description_local/share/ur_description_local/meshes/ur10/visual/wrist1.dae
[1.924s] -- Symlinking: /home/billy/git/Robotics-Studio-2/install/ur_description_local/share/ur_description_local/meshes/ur10/visual/wrist1.dae:Zone.Identifier
[1.936s] -- Symlinking: /home/billy/git/Robotics-Studio-2/install/ur_description_local/share/ur_description_local/meshes/ur10/visual/wrist2.dae
[1.949s] -- Symlinking: /home/billy/git/Robotics-Studio-2/install/ur_description_local/share/ur_description_local/meshes/ur10/visual/wrist2.dae:Zone.Identifier
[1.960s] -- Symlinking: /home/billy/git/Robotics-Studio-2/install/ur_description_local/share/ur_description_local/meshes/ur10/visual/wrist3.dae
[1.973s] -- Symlinking: /home/billy/git/Robotics-Studio-2/install/ur_description_local/share/ur_description_local/meshes/ur10/visual/wrist3.dae:Zone.Identifier
[1.987s] -- Symlinking: /home/billy/git/Robotics-Studio-2/install/ur_description_local/share/ur_description_local/meshes/ur10e/collision/base.stl
[1.999s] -- Symlinking: /home/billy/git/Robotics-Studio-2/install/ur_description_local/share/ur_description_local/meshes/ur10e/collision/base.stl:Zone.Identifier
[2.010s] -- Symlinking: /home/billy/git/Robotics-Studio-2/install/ur_description_local/share/ur_description_local/meshes/ur10e/collision/forearm.stl
[2.022s] -- Symlinking: /home/billy/git/Robotics-Studio-2/install/ur_description_local/share/ur_description_local/meshes/ur10e/collision/forearm.stl:Zone.Identifier
[2.035s] -- Symlinking: /home/billy/git/Robotics-Studio-2/install/ur_description_local/share/ur_description_local/meshes/ur10e/collision/shoulder.stl
[2.048s] -- Symlinking: /home/billy/git/Robotics-Studio-2/install/ur_description_local/share/ur_description_local/meshes/ur10e/collision/shoulder.stl:Zone.Identifier
[2.062s] -- Symlinking: /home/billy/git/Robotics-Studio-2/install/ur_description_local/share/ur_description_local/meshes/ur10e/collision/upperarm.stl
[2.074s] -- Symlinking: /home/billy/git/Robotics-Studio-2/install/ur_description_local/share/ur_description_local/meshes/ur10e/collision/upperarm.stl:Zone.Identifier
[2.088s] -- Symlinking: /home/billy/git/Robotics-Studio-2/install/ur_description_local/share/ur_description_local/meshes/ur10e/collision/wrist1.stl
[2.100s] -- Symlinking: /home/billy/git/Robotics-Studio-2/install/ur_description_local/share/ur_description_local/meshes/ur10e/collision/wrist1.stl:Zone.Identifier
[2.114s] -- Symlinking: /home/billy/git/Robotics-Studio-2/install/ur_description_local/share/ur_description_local/meshes/ur10e/collision/wrist2.stl
[2.125s] -- Symlinking: /home/billy/git/Robotics-Studio-2/install/ur_description_local/share/ur_description_local/meshes/ur10e/collision/wrist2.stl:Zone.Identifier
[2.139s] -- Symlinking: /home/billy/git/Robotics-Studio-2/install/ur_description_local/share/ur_description_local/meshes/ur10e/collision/wrist3.stl
[2.152s] -- Symlinking: /home/billy/git/Robotics-Studio-2/install/ur_description_local/share/ur_description_local/meshes/ur10e/collision/wrist3.stl:Zone.Identifier
[2.164s] -- Symlinking: /home/billy/git/Robotics-Studio-2/install/ur_description_local/share/ur_description_local/meshes/ur10e/visual/base.dae
[2.177s] -- Symlinking: /home/billy/git/Robotics-Studio-2/install/ur_description_local/share/ur_description_local/meshes/ur10e/visual/base.dae:Zone.Identifier
[2.190s] -- Symlinking: /home/billy/git/Robotics-Studio-2/install/ur_description_local/share/ur_description_local/meshes/ur10e/visual/forearm.dae
[2.203s] -- Symlinking: /home/billy/git/Robotics-Studio-2/install/ur_description_local/share/ur_description_local/meshes/ur10e/visual/forearm.dae:Zone.Identifier
[2.216s] -- Symlinking: /home/billy/git/Robotics-Studio-2/install/ur_description_local/share/ur_description_local/meshes/ur10e/visual/shoulder.dae
[2.228s] -- Symlinking: /home/billy/git/Robotics-Studio-2/install/ur_description_local/share/ur_description_local/meshes/ur10e/visual/shoulder.dae:Zone.Identifier
[2.239s] -- Symlinking: /home/billy/git/Robotics-Studio-2/install/ur_description_local/share/ur_description_local/meshes/ur10e/visual/upperarm.dae
[2.251s] -- Symlinking: /home/billy/git/Robotics-Studio-2/install/ur_description_local/share/ur_description_local/meshes/ur10e/visual/upperarm.dae:Zone.Identifier
[2.264s] -- Symlinking: /home/billy/git/Robotics-Studio-2/install/ur_description_local/share/ur_description_local/meshes/ur10e/visual/wrist1.dae
[2.276s] -- Symlinking: /home/billy/git/Robotics-Studio-2/install/ur_description_local/share/ur_description_local/meshes/ur10e/visual/wrist1.dae:Zone.Identifier
[2.290s] -- Symlinking: /home/billy/git/Robotics-Studio-2/install/ur_description_local/share/ur_description_local/meshes/ur10e/visual/wrist2.dae
[2.302s] -- Symlinking: /home/billy/git/Robotics-Studio-2/install/ur_description_local/share/ur_description_local/meshes/ur10e/visual/wrist2.dae:Zone.Identifier
[2.314s] -- Symlinking: /home/billy/git/Robotics-Studio-2/install/ur_description_local/share/ur_description_local/meshes/ur10e/visual/wrist3.dae
[2.327s] -- Symlinking: /home/billy/git/Robotics-Studio-2/install/ur_description_local/share/ur_description_local/meshes/ur10e/visual/wrist3.dae:Zone.Identifier
[2.339s] -- Symlinking: /home/billy/git/Robotics-Studio-2/install/ur_description_local/share/ur_description_local/meshes/ur15/LICENSE.txt
[2.352s] -- Symlinking: /home/billy/git/Robotics-Studio-2/install/ur_description_local/share/ur_description_local/meshes/ur15/LICENSE.txt:Zone.Identifier
[2.365s] -- Symlinking: /home/billy/git/Robotics-Studio-2/install/ur_description_local/share/ur_description_local/meshes/ur15/collision/base.stl
[2.380s] -- Symlinking: /home/billy/git/Robotics-Studio-2/install/ur_description_local/share/ur_description_local/meshes/ur15/collision/base.stl:Zone.Identifier
[2.394s] -- Symlinking: /home/billy/git/Robotics-Studio-2/install/ur_description_local/share/ur_description_local/meshes/ur15/collision/forearm.stl
[2.407s] -- Symlinking: /home/billy/git/Robotics-Studio-2/install/ur_description_local/share/ur_description_local/meshes/ur15/collision/forearm.stl:Zone.Identifier
[2.421s] -- Symlinking: /home/billy/git/Robotics-Studio-2/install/ur_description_local/share/ur_description_local/meshes/ur15/collision/shoulder.stl
[2.435s] -- Symlinking: /home/billy/git/Robotics-Studio-2/install/ur_description_local/share/ur_description_local/meshes/ur15/collision/shoulder.stl:Zone.Identifier
[2.448s] -- Symlinking: /home/billy/git/Robotics-Studio-2/install/ur_description_local/share/ur_description_local/meshes/ur15/collision/upperarm.stl
[2.462s] -- Symlinking: /home/billy/git/Robotics-Studio-2/install/ur_description_local/share/ur_description_local/meshes/ur15/collision/upperarm.stl:Zone.Identifier
[2.475s] -- Symlinking: /home/billy/git/Robotics-Studio-2/install/ur_description_local/share/ur_description_local/meshes/ur15/collision/wrist1.stl
[2.491s] -- Symlinking: /home/billy/git/Robotics-Studio-2/install/ur_description_local/share/ur_description_local/meshes/ur15/collision/wrist1.stl:Zone.Identifier
[2.503s] -- Symlinking: /home/billy/git/Robotics-Studio-2/install/ur_description_local/share/ur_description_local/meshes/ur15/collision/wrist2.stl
[2.514s] -- Symlinking: /home/billy/git/Robotics-Studio-2/install/ur_description_local/share/ur_description_local/meshes/ur15/collision/wrist2.stl:Zone.Identifier
[2.527s] -- Symlinking: /home/billy/git/Robotics-Studio-2/install/ur_description_local/share/ur_description_local/meshes/ur15/collision/wrist3.stl
[2.540s] -- Symlinking: /home/billy/git/Robotics-Studio-2/install/ur_description_local/share/ur_description_local/meshes/ur15/collision/wrist3.stl:Zone.Identifier
[2.553s] -- Symlinking: /home/billy/git/Robotics-Studio-2/install/ur_description_local/share/ur_description_local/meshes/ur15/visual/UR15_DIFF_8bit_2K.jpg
[2.564s] -- Symlinking: /home/billy/git/Robotics-Studio-2/install/ur_description_local/share/ur_description_local/meshes/ur15/visual/UR15_DIFF_8bit_2K.jpg:Zone.Identifier
[2.578s] -- Symlinking: /home/billy/git/Robotics-Studio-2/install/ur_description_local/share/ur_description_local/meshes/ur15/visual/base.dae
[2.591s] -- Symlinking: /home/billy/git/Robotics-Studio-2/install/ur_description_local/share/ur_description_local/meshes/ur15/visual/base.dae:Zone.Identifier
[2.603s] -- Symlinking: /home/billy/git/Robotics-Studio-2/install/ur_description_local/share/ur_description_local/meshes/ur15/visual/forearm.dae
[2.615s] -- Symlinking: /home/billy/git/Robotics-Studio-2/install/ur_description_local/share/ur_description_local/meshes/ur15/visual/forearm.dae:Zone.Identifier
[2.628s] -- Symlinking: /home/billy/git/Robotics-Studio-2/install/ur_description_local/share/ur_description_local/meshes/ur15/visual/shoulder.dae
[2.640s] -- Symlinking: /home/billy/git/Robotics-Studio-2/install/ur_description_local/share/ur_description_local/meshes/ur15/visual/shoulder.dae:Zone.Identifier
[2.653s] -- Symlinking: /home/billy/git/Robotics-Studio-2/install/ur_description_local/share/ur_description_local/meshes/ur15/visual/upperarm.dae
[2.666s] -- Symlinking: /home/billy/git/Robotics-Studio-2/install/ur_description_local/share/ur_description_local/meshes/ur15/visual/upperarm.dae:Zone.Identifier
[2.680s] -- Symlinking: /home/billy/git/Robotics-Studio-2/install/ur_description_local/share/ur_description_local/meshes/ur15/visual/wrist1.dae
[2.694s] -- Symlinking: /home/billy/git/Robotics-Studio-2/install/ur_description_local/share/ur_description_local/meshes/ur15/visual/wrist1.dae:Zone.Identifier
[2.707s] -- Symlinking: /home/billy/git/Robotics-Studio-2/install/ur_description_local/share/ur_description_local/meshes/ur15/visual/wrist2.dae
[2.720s] -- Symlinking: /home/billy/git/Robotics-Studio-2/install/ur_description_local/share/ur_description_local/meshes/ur15/visual/wrist2.dae:Zone.Identifier
[2.733s] -- Symlinking: /home/billy/git/Robotics-Studio-2/install/ur_description_local/share/ur_description_local/meshes/ur15/visual/wrist3.dae
[2.746s] -- Symlinking: /home/billy/git/Robotics-Studio-2/install/ur_description_local/share/ur_description_local/meshes/ur15/visual/wrist3.dae:Zone.Identifier
[2.759s] -- Symlinking: /home/billy/git/Robotics-Studio-2/install/ur_description_local/share/ur_description_local/meshes/ur16e/collision/forearm.stl
[2.772s] -- Symlinking: /home/billy/git/Robotics-Studio-2/install/ur_description_local/share/ur_description_local/meshes/ur16e/collision/forearm.stl:Zone.Identifier
[2.784s] -- Symlinking: /home/billy/git/Robotics-Studio-2/install/ur_description_local/share/ur_description_local/meshes/ur16e/collision/upperarm.stl
[2.797s] -- Symlinking: /home/billy/git/Robotics-Studio-2/install/ur_description_local/share/ur_description_local/meshes/ur16e/collision/upperarm.stl:Zone.Identifier
[2.810s] -- Symlinking: /home/billy/git/Robotics-Studio-2/install/ur_description_local/share/ur_description_local/meshes/ur16e/visual/forearm.dae
[2.823s] -- Symlinking: /home/billy/git/Robotics-Studio-2/install/ur_description_local/share/ur_description_local/meshes/ur16e/visual/forearm.dae:Zone.Identifier
[2.835s] -- Symlinking: /home/billy/git/Robotics-Studio-2/install/ur_description_local/share/ur_description_local/meshes/ur16e/visual/upperarm.dae
[2.847s] -- Symlinking: /home/billy/git/Robotics-Studio-2/install/ur_description_local/share/ur_description_local/meshes/ur16e/visual/upperarm.dae:Zone.Identifier
[2.859s] -- Symlinking: /home/billy/git/Robotics-Studio-2/install/ur_description_local/share/ur_description_local/meshes/ur18/LICENSE.txt
[2.871s] -- Symlinking: /home/billy/git/Robotics-Studio-2/install/ur_description_local/share/ur_description_local/meshes/ur18/LICENSE.txt:Zone.Identifier
[2.883s] -- Symlinking: /home/billy/git/Robotics-Studio-2/install/ur_description_local/share/ur_description_local/meshes/ur18/collision/forearm.stl
[2.896s] -- Symlinking: /home/billy/git/Robotics-Studio-2/install/ur_description_local/share/ur_description_local/meshes/ur18/collision/forearm.stl:Zone.Identifier
[2.908s] -- Symlinking: /home/billy/git/Robotics-Studio-2/install/ur_description_local/share/ur_description_local/meshes/ur18/collision/upperarm.stl
[2.919s] -- Symlinking: /home/billy/git/Robotics-Studio-2/install/ur_description_local/share/ur_description_local/meshes/ur18/collision/upperarm.stl:Zone.Identifier
[2.934s] -- Symlinking: /home/billy/git/Robotics-Studio-2/install/ur_description_local/share/ur_description_local/meshes/ur18/visual/UR18_DIFF_8bit_2K.jpg
[2.945s] -- Symlinking: /home/billy/git/Robotics-Studio-2/install/ur_description_local/share/ur_description_local/meshes/ur18/visual/UR18_DIFF_8bit_2K.jpg:Zone.Identifier
[2.957s] -- Symlinking: /home/billy/git/Robotics-Studio-2/install/ur_description_local/share/ur_description_local/meshes/ur18/visual/forearm.dae
[2.969s] -- Symlinking: /home/billy/git/Robotics-Studio-2/install/ur_description_local/share/ur_description_local/meshes/ur18/visual/forearm.dae:Zone.Identifier
[2.980s] -- Symlinking: /home/billy/git/Robotics-Studio-2/install/ur_description_local/share/ur_description_local/meshes/ur18/visual/upperarm.dae
[2.992s] -- Symlinking: /home/billy/git/Robotics-Studio-2/install/ur_description_local/share/ur_description_local/meshes/ur18/visual/upperarm.dae:Zone.Identifier
[3.004s] -- Symlinking: /home/billy/git/Robotics-Studio-2/install/ur_description_local/share/ur_description_local/meshes/ur20/LICENSE.txt
[3.015s] -- Symlinking: /home/billy/git/Robotics-Studio-2/install/ur_description_local/share/ur_description_local/meshes/ur20/LICENSE.txt:Zone.Identifier
[3.027s] -- Symlinking: /home/billy/git/Robotics-Studio-2/install/ur_description_local/share/ur_description_local/meshes/ur20/collision/base.stl
[3.039s] -- Symlinking: /home/billy/git/Robotics-Studio-2/install/ur_description_local/share/ur_description_local/meshes/ur20/collision/base.stl:Zone.Identifier
[3.051s] -- Symlinking: /home/billy/git/Robotics-Studio-2/install/ur_description_local/share/ur_description_local/meshes/ur20/collision/forearm.stl
[3.063s] -- Symlinking: /home/billy/git/Robotics-Studio-2/install/ur_description_local/share/ur_description_local/meshes/ur20/collision/forearm.stl:Zone.Identifier
[3.075s] -- Symlinking: /home/billy/git/Robotics-Studio-2/install/ur_description_local/share/ur_description_local/meshes/ur20/collision/shoulder.stl
[3.087s] -- Symlinking: /home/billy/git/Robotics-Studio-2/install/ur_description_local/share/ur_description_local/meshes/ur20/collision/shoulder.stl:Zone.Identifier
[3.101s] -- Symlinking: /home/billy/git/Robotics-Studio-2/install/ur_description_local/share/ur_description_local/meshes/ur20/collision/upperarm.stl
[3.113s] -- Symlinking: /home/billy/git/Robotics-Studio-2/install/ur_description_local/share/ur_description_local/meshes/ur20/collision/upperarm.stl:Zone.Identifier
[3.125s] -- Symlinking: /home/billy/git/Robotics-Studio-2/install/ur_description_local/share/ur_description_local/meshes/ur20/collision/wrist1.stl
[3.137s] -- Symlinking: /home/billy/git/Robotics-Studio-2/install/ur_description_local/share/ur_description_local/meshes/ur20/collision/wrist1.stl:Zone.Identifier
[3.149s] -- Symlinking: /home/billy/git/Robotics-Studio-2/install/ur_description_local/share/ur_description_local/meshes/ur20/collision/wrist2.stl
[3.161s] -- Symlinking: /home/billy/git/Robotics-Studio-2/install/ur_description_local/share/ur_description_local/meshes/ur20/collision/wrist2.stl:Zone.Identifier
[3.173s] -- Symlinking: /home/billy/git/Robotics-Studio-2/install/ur_description_local/share/ur_description_local/meshes/ur20/collision/wrist3.stl
[3.184s] -- Symlinking: /home/billy/git/Robotics-Studio-2/install/ur_description_local/share/ur_description_local/meshes/ur20/collision/wrist3.stl:Zone.Identifier
[3.198s] -- Symlinking: /home/billy/git/Robotics-Studio-2/install/ur_description_local/share/ur_description_local/meshes/ur20/visual/UR20_DIFF_8bit_2K.png
[3.209s] -- Symlinking: /home/billy/git/Robotics-Studio-2/install/ur_description_local/share/ur_description_local/meshes/ur20/visual/UR20_DIFF_8bit_2K.png:Zone.Identifier
[3.221s] -- Symlinking: /home/billy/git/Robotics-Studio-2/install/ur_description_local/share/ur_description_local/meshes/ur20/visual/base.dae
[3.235s] -- Symlinking: /home/billy/git/Robotics-Studio-2/install/ur_description_local/share/ur_description_local/meshes/ur20/visual/base.dae:Zone.Identifier
[3.246s] -- Symlinking: /home/billy/git/Robotics-Studio-2/install/ur_description_local/share/ur_description_local/meshes/ur20/visual/forearm.dae
[3.257s] -- Symlinking: /home/billy/git/Robotics-Studio-2/install/ur_description_local/share/ur_description_local/meshes/ur20/visual/forearm.dae:Zone.Identifier
[3.268s] -- Symlinking: /home/billy/git/Robotics-Studio-2/install/ur_description_local/share/ur_description_local/meshes/ur20/visual/shoulder.dae
[3.279s] -- Symlinking: /home/billy/git/Robotics-Studio-2/install/ur_description_local/share/ur_description_local/meshes/ur20/visual/shoulder.dae:Zone.Identifier
[3.293s] -- Symlinking: /home/billy/git/Robotics-Studio-2/install/ur_description_local/share/ur_description_local/meshes/ur20/visual/upperarm.dae
[3.306s] -- Symlinking: /home/billy/git/Robotics-Studio-2/install/ur_description_local/share/ur_description_local/meshes/ur20/visual/upperarm.dae:Zone.Identifier
[3.317s] -- Symlinking: /home/billy/git/Robotics-Studio-2/install/ur_description_local/share/ur_description_local/meshes/ur20/visual/wrist1.dae
[3.328s] -- Symlinking: /home/billy/git/Robotics-Studio-2/install/ur_description_local/share/ur_description_local/meshes/ur20/visual/wrist1.dae:Zone.Identifier
[3.340s] -- Symlinking: /home/billy/git/Robotics-Studio-2/install/ur_description_local/share/ur_description_local/meshes/ur20/visual/wrist2.dae
[3.350s] -- Symlinking: /home/billy/git/Robotics-Studio-2/install/ur_description_local/share/ur_description_local/meshes/ur20/visual/wrist2.dae:Zone.Identifier
[3.361s] -- Symlinking: /home/billy/git/Robotics-Studio-2/install/ur_description_local/share/ur_description_local/meshes/ur20/visual/wrist3.dae
[3.372s] -- Symlinking: /home/billy/git/Robotics-Studio-2/install/ur_description_local/share/ur_description_local/meshes/ur20/visual/wrist3.dae:Zone.Identifier
[3.383s] -- Symlinking: /home/billy/git/Robotics-Studio-2/install/ur_description_local/share/ur_description_local/meshes/ur3/collision/base.stl
[3.396s] -- Symlinking: /home/billy/git/Robotics-Studio-2/install/ur_description_local/share/ur_description_local/meshes/ur3/collision/base.stl:Zone.Identifier
[3.407s] -- Symlinking: /home/billy/git/Robotics-Studio-2/install/ur_description_local/share/ur_description_local/meshes/ur3/collision/forearm.stl
[3.418s] -- Symlinking: /home/billy/git/Robotics-Studio-2/install/ur_description_local/share/ur_description_local/meshes/ur3/collision/forearm.stl:Zone.Identifier
[3.429s] -- Symlinking: /home/billy/git/Robotics-Studio-2/install/ur_description_local/share/ur_description_local/meshes/ur3/collision/shoulder.stl
[3.441s] -- Symlinking: /home/billy/git/Robotics-Studio-2/install/ur_description_local/share/ur_description_local/meshes/ur3/collision/shoulder.stl:Zone.Identifier
[3.452s] -- Symlinking: /home/billy/git/Robotics-Studio-2/install/ur_description_local/share/ur_description_local/meshes/ur3/collision/upperarm.stl
[3.463s] -- Symlinking: /home/billy/git/Robotics-Studio-2/install/ur_description_local/share/ur_description_local/meshes/ur3/collision/upperarm.stl:Zone.Identifier
[3.474s] -- Symlinking: /home/billy/git/Robotics-Studio-2/install/ur_description_local/share/ur_description_local/meshes/ur3/collision/wrist1.stl
[3.485s] -- Symlinking: /home/billy/git/Robotics-Studio-2/install/ur_description_local/share/ur_description_local/meshes/ur3/collision/wrist1.stl:Zone.Identifier
[3.499s] -- Symlinking: /home/billy/git/Robotics-Studio-2/install/ur_description_local/share/ur_description_local/meshes/ur3/collision/wrist2.stl
[3.510s] -- Symlinking: /home/billy/git/Robotics-Studio-2/install/ur_description_local/share/ur_description_local/meshes/ur3/collision/wrist2.stl:Zone.Identifier
[3.522s] -- Symlinking: /home/billy/git/Robotics-Studio-2/install/ur_description_local/share/ur_description_local/meshes/ur3/collision/wrist3.stl
[3.532s] -- Symlinking: /home/billy/git/Robotics-Studio-2/install/ur_description_local/share/ur_description_local/meshes/ur3/collision/wrist3.stl:Zone.Identifier
[3.543s] -- Symlinking: /home/billy/git/Robotics-Studio-2/install/ur_description_local/share/ur_description_local/meshes/ur3/visual/base.dae
[3.554s] -- Symlinking: /home/billy/git/Robotics-Studio-2/install/ur_description_local/share/ur_description_local/meshes/ur3/visual/base.dae:Zone.Identifier
[3.565s] -- Symlinking: /home/billy/git/Robotics-Studio-2/install/ur_description_local/share/ur_description_local/meshes/ur3/visual/forearm.dae
[3.576s] -- Symlinking: /home/billy/git/Robotics-Studio-2/install/ur_description_local/share/ur_description_local/meshes/ur3/visual/forearm.dae:Zone.Identifier
[3.586s] -- Symlinking: /home/billy/git/Robotics-Studio-2/install/ur_description_local/share/ur_description_local/meshes/ur3/visual/shoulder.dae
[3.600s] -- Symlinking: /home/billy/git/Robotics-Studio-2/install/ur_description_local/share/ur_description_local/meshes/ur3/visual/shoulder.dae:Zone.Identifier
[3.613s] -- Symlinking: /home/billy/git/Robotics-Studio-2/install/ur_description_local/share/ur_description_local/meshes/ur3/visual/upperarm.dae
[3.625s] -- Symlinking: /home/billy/git/Robotics-Studio-2/install/ur_description_local/share/ur_description_local/meshes/ur3/visual/upperarm.dae:Zone.Identifier
[3.636s] -- Symlinking: /home/billy/git/Robotics-Studio-2/install/ur_description_local/share/ur_description_local/meshes/ur3/visual/wrist1.dae
[3.648s] -- Symlinking: /home/billy/git/Robotics-Studio-2/install/ur_description_local/share/ur_description_local/meshes/ur3/visual/wrist1.dae:Zone.Identifier
[3.659s] -- Symlinking: /home/billy/git/Robotics-Studio-2/install/ur_description_local/share/ur_description_local/meshes/ur3/visual/wrist2.dae
[3.671s] -- Symlinking: /home/billy/git/Robotics-Studio-2/install/ur_description_local/share/ur_description_local/meshes/ur3/visual/wrist2.dae:Zone.Identifier
[3.684s] -- Symlinking: /home/billy/git/Robotics-Studio-2/install/ur_description_local/share/ur_description_local/meshes/ur3/visual/wrist3.dae
[3.702s] -- Symlinking: /home/billy/git/Robotics-Studio-2/install/ur_description_local/share/ur_description_local/meshes/ur3/visual/wrist3.dae:Zone.Identifier
[3.716s] -- Symlinking: /home/billy/git/Robotics-Studio-2/install/ur_description_local/share/ur_description_local/meshes/ur30/LICENSE.txt
[3.728s] -- Symlinking: /home/billy/git/Robotics-Studio-2/install/ur_description_local/share/ur_description_local/meshes/ur30/LICENSE.txt:Zone.Identifier
[3.742s] -- Symlinking: /home/billy/git/Robotics-Studio-2/install/ur_description_local/share/ur_description_local/meshes/ur30/collision/forearm.stl
[3.753s] -- Symlinking: /home/billy/git/Robotics-Studio-2/install/ur_description_local/share/ur_description_local/meshes/ur30/collision/forearm.stl:Zone.Identifier
[3.765s] -- Symlinking: /home/billy/git/Robotics-Studio-2/install/ur_description_local/share/ur_description_local/meshes/ur30/collision/upperarm.stl
[3.776s] -- Symlinking: /home/billy/git/Robotics-Studio-2/install/ur_description_local/share/ur_description_local/meshes/ur30/collision/upperarm.stl:Zone.Identifier
[3.790s] -- Symlinking: /home/billy/git/Robotics-Studio-2/install/ur_description_local/share/ur_description_local/meshes/ur30/visual/UR30_DIFF_8bit_2K.png
[3.801s] -- Symlinking: /home/billy/git/Robotics-Studio-2/install/ur_description_local/share/ur_description_local/meshes/ur30/visual/UR30_DIFF_8bit_2K.png:Zone.Identifier
[3.814s] -- Symlinking: /home/billy/git/Robotics-Studio-2/install/ur_description_local/share/ur_description_local/meshes/ur30/visual/forearm.dae
[3.826s] -- Symlinking: /home/billy/git/Robotics-Studio-2/install/ur_description_local/share/ur_description_local/meshes/ur30/visual/forearm.dae:Zone.Identifier
[3.837s] -- Symlinking: /home/billy/git/Robotics-Studio-2/install/ur_description_local/share/ur_description_local/meshes/ur30/visual/upperarm.dae
[3.849s] -- Symlinking: /home/billy/git/Robotics-Studio-2/install/ur_description_local/share/ur_description_local/meshes/ur30/visual/upperarm.dae:Zone.Identifier
[3.861s] -- Symlinking: /home/billy/git/Robotics-Studio-2/install/ur_description_local/share/ur_description_local/meshes/ur3e/collision/base.stl
[3.871s] -- Symlinking: /home/billy/git/Robotics-Studio-2/install/ur_description_local/share/ur_description_local/meshes/ur3e/collision/base.stl:Zone.Identifier
[3.884s] -- Symlinking: /home/billy/git/Robotics-Studio-2/install/ur_description_local/share/ur_description_local/meshes/ur3e/collision/forearm.stl
[3.897s] -- Symlinking: /home/billy/git/Robotics-Studio-2/install/ur_description_local/share/ur_description_local/meshes/ur3e/collision/forearm.stl:Zone.Identifier
[3.908s] -- Symlinking: /home/billy/git/Robotics-Studio-2/install/ur_description_local/share/ur_description_local/meshes/ur3e/collision/shoulder.stl
[3.936s] -- Symlinking: /home/billy/git/Robotics-Studio-2/install/ur_description_local/share/ur_description_local/meshes/ur3e/collision/shoulder.stl:Zone.Identifier
[3.943s] -- Symlinking: /home/billy/git/Robotics-Studio-2/install/ur_description_local/share/ur_description_local/meshes/ur3e/collision/upperarm.stl
[3.956s] -- Symlinking: /home/billy/git/Robotics-Studio-2/install/ur_description_local/share/ur_description_local/meshes/ur3e/collision/upperarm.stl:Zone.Identifier
[3.968s] -- Symlinking: /home/billy/git/Robotics-Studio-2/install/ur_description_local/share/ur_description_local/meshes/ur3e/collision/wrist1.stl
[3.980s] -- Symlinking: /home/billy/git/Robotics-Studio-2/install/ur_description_local/share/ur_description_local/meshes/ur3e/collision/wrist1.stl:Zone.Identifier
[3.994s] -- Symlinking: /home/billy/git/Robotics-Studio-2/install/ur_description_local/share/ur_description_local/meshes/ur3e/collision/wrist2.stl
[4.006s] -- Symlinking: /home/billy/git/Robotics-Studio-2/install/ur_description_local/share/ur_description_local/meshes/ur3e/collision/wrist2.stl:Zone.Identifier
[4.020s] -- Symlinking: /home/billy/git/Robotics-Studio-2/install/ur_description_local/share/ur_description_local/meshes/ur3e/collision/wrist3.stl
[4.035s] -- Symlinking: /home/billy/git/Robotics-Studio-2/install/ur_description_local/share/ur_description_local/meshes/ur3e/collision/wrist3.stl:Zone.Identifier
[4.047s] -- Symlinking: /home/billy/git/Robotics-Studio-2/install/ur_description_local/share/ur_description_local/meshes/ur3e/visual/base.dae
[4.060s] -- Symlinking: /home/billy/git/Robotics-Studio-2/install/ur_description_local/share/ur_description_local/meshes/ur3e/visual/base.dae:Zone.Identifier
[4.072s] -- Symlinking: /home/billy/git/Robotics-Studio-2/install/ur_description_local/share/ur_description_local/meshes/ur3e/visual/forearm.dae
[4.084s] -- Symlinking: /home/billy/git/Robotics-Studio-2/install/ur_description_local/share/ur_description_local/meshes/ur3e/visual/forearm.dae:Zone.Identifier
[4.097s] -- Symlinking: /home/billy/git/Robotics-Studio-2/install/ur_description_local/share/ur_description_local/meshes/ur3e/visual/shoulder.dae
[4.109s] -- Symlinking: /home/billy/git/Robotics-Studio-2/install/ur_description_local/share/ur_description_local/meshes/ur3e/visual/shoulder.dae:Zone.Identifier
[4.123s] -- Symlinking: /home/billy/git/Robotics-Studio-2/install/ur_description_local/share/ur_description_local/meshes/ur3e/visual/upperarm.dae
[4.133s] -- Symlinking: /home/billy/git/Robotics-Studio-2/install/ur_description_local/share/ur_description_local/meshes/ur3e/visual/upperarm.dae:Zone.Identifier
[4.143s] -- Symlinking: /home/billy/git/Robotics-Studio-2/install/ur_description_local/share/ur_description_local/meshes/ur3e/visual/wrist1.dae
[4.154s] -- Symlinking: /home/billy/git/Robotics-Studio-2/install/ur_description_local/share/ur_description_local/meshes/ur3e/visual/wrist1.dae:Zone.Identifier
[4.165s] -- Symlinking: /home/billy/git/Robotics-Studio-2/install/ur_description_local/share/ur_description_local/meshes/ur3e/visual/wrist2.dae
[4.176s] -- Symlinking: /home/billy/git/Robotics-Studio-2/install/ur_description_local/share/ur_description_local/meshes/ur3e/visual/wrist2.dae:Zone.Identifier
[4.188s] -- Symlinking: /home/billy/git/Robotics-Studio-2/install/ur_description_local/share/ur_description_local/meshes/ur3e/visual/wrist3.dae
[4.202s] -- Symlinking: /home/billy/git/Robotics-Studio-2/install/ur_description_local/share/ur_description_local/meshes/ur3e/visual/wrist3.dae:Zone.Identifier
[4.213s] -- Symlinking: /home/billy/git/Robotics-Studio-2/install/ur_description_local/share/ur_description_local/meshes/ur5/collision/base.stl
[4.223s] -- Symlinking: /home/billy/git/Robotics-Studio-2/install/ur_description_local/share/ur_description_local/meshes/ur5/collision/base.stl:Zone.Identifier
[4.236s] -- Symlinking: /home/billy/git/Robotics-Studio-2/install/ur_description_local/share/ur_description_local/meshes/ur5/collision/forearm.stl
[4.247s] -- Symlinking: /home/billy/git/Robotics-Studio-2/install/ur_description_local/share/ur_description_local/meshes/ur5/collision/forearm.stl:Zone.Identifier
[4.259s] -- Symlinking: /home/billy/git/Robotics-Studio-2/install/ur_description_local/share/ur_description_local/meshes/ur5/collision/shoulder.stl
[4.270s] -- Symlinking: /home/billy/git/Robotics-Studio-2/install/ur_description_local/share/ur_description_local/meshes/ur5/collision/shoulder.stl:Zone.Identifier
[4.283s] -- Symlinking: /home/billy/git/Robotics-Studio-2/install/ur_description_local/share/ur_description_local/meshes/ur5/collision/upperarm.stl
[4.294s] -- Symlinking: /home/billy/git/Robotics-Studio-2/install/ur_description_local/share/ur_description_local/meshes/ur5/collision/upperarm.stl:Zone.Identifier
[4.305s] -- Symlinking: /home/billy/git/Robotics-Studio-2/install/ur_description_local/share/ur_description_local/meshes/ur5/collision/wrist1.stl
[4.317s] -- Symlinking: /home/billy/git/Robotics-Studio-2/install/ur_description_local/share/ur_description_local/meshes/ur5/collision/wrist1.stl:Zone.Identifier
[4.328s] -- Symlinking: /home/billy/git/Robotics-Studio-2/install/ur_description_local/share/ur_description_local/meshes/ur5/collision/wrist2.stl
[4.340s] -- Symlinking: /home/billy/git/Robotics-Studio-2/install/ur_description_local/share/ur_description_local/meshes/ur5/collision/wrist2.stl:Zone.Identifier
[4.351s] -- Symlinking: /home/billy/git/Robotics-Studio-2/install/ur_description_local/share/ur_description_local/meshes/ur5/collision/wrist3.stl
[4.362s] -- Symlinking: /home/billy/git/Robotics-Studio-2/install/ur_description_local/share/ur_description_local/meshes/ur5/collision/wrist3.stl:Zone.Identifier
[4.377s] -- Symlinking: /home/billy/git/Robotics-Studio-2/install/ur_description_local/share/ur_description_local/meshes/ur5/visual/base.dae
[4.390s] -- Symlinking: /home/billy/git/Robotics-Studio-2/install/ur_description_local/share/ur_description_local/meshes/ur5/visual/base.dae:Zone.Identifier
[4.403s] -- Symlinking: /home/billy/git/Robotics-Studio-2/install/ur_description_local/share/ur_description_local/meshes/ur5/visual/forearm.dae
[4.415s] -- Symlinking: /home/billy/git/Robotics-Studio-2/install/ur_description_local/share/ur_description_local/meshes/ur5/visual/forearm.dae:Zone.Identifier
[4.428s] -- Symlinking: /home/billy/git/Robotics-Studio-2/install/ur_description_local/share/ur_description_local/meshes/ur5/visual/shoulder.dae
[4.439s] -- Symlinking: /home/billy/git/Robotics-Studio-2/install/ur_description_local/share/ur_description_local/meshes/ur5/visual/shoulder.dae:Zone.Identifier
[4.451s] -- Symlinking: /home/billy/git/Robotics-Studio-2/install/ur_description_local/share/ur_description_local/meshes/ur5/visual/upperarm.dae
[4.463s] -- Symlinking: /home/billy/git/Robotics-Studio-2/install/ur_description_local/share/ur_description_local/meshes/ur5/visual/upperarm.dae:Zone.Identifier
[4.476s] -- Symlinking: /home/billy/git/Robotics-Studio-2/install/ur_description_local/share/ur_description_local/meshes/ur5/visual/wrist1.dae
[4.487s] -- Symlinking: /home/billy/git/Robotics-Studio-2/install/ur_description_local/share/ur_description_local/meshes/ur5/visual/wrist1.dae:Zone.Identifier
[4.502s] -- Symlinking: /home/billy/git/Robotics-Studio-2/install/ur_description_local/share/ur_description_local/meshes/ur5/visual/wrist2.dae
[4.515s] -- Symlinking: /home/billy/git/Robotics-Studio-2/install/ur_description_local/share/ur_description_local/meshes/ur5/visual/wrist2.dae:Zone.Identifier
[4.528s] -- Symlinking: /home/billy/git/Robotics-Studio-2/install/ur_description_local/share/ur_description_local/meshes/ur5/visual/wrist3.dae
[4.540s] -- Symlinking: /home/billy/git/Robotics-Studio-2/install/ur_description_local/share/ur_description_local/meshes/ur5/visual/wrist3.dae:Zone.Identifier
[4.556s] -- Symlinking: /home/billy/git/Robotics-Studio-2/install/ur_description_local/share/ur_description_local/meshes/ur5e/collision/base.stl
[4.567s] -- Symlinking: /home/billy/git/Robotics-Studio-2/install/ur_description_local/share/ur_description_local/meshes/ur5e/collision/base.stl:Zone.Identifier
[4.580s] -- Symlinking: /home/billy/git/Robotics-Studio-2/install/ur_description_local/share/ur_description_local/meshes/ur5e/collision/forearm.stl
[4.593s] -- Symlinking: /home/billy/git/Robotics-Studio-2/install/ur_description_local/share/ur_description_local/meshes/ur5e/collision/forearm.stl:Zone.Identifier
[4.606s] -- Symlinking: /home/billy/git/Robotics-Studio-2/install/ur_description_local/share/ur_description_local/meshes/ur5e/collision/shoulder.stl
[4.621s] -- Symlinking: /home/billy/git/Robotics-Studio-2/install/ur_description_local/share/ur_description_local/meshes/ur5e/collision/shoulder.stl:Zone.Identifier
[4.636s] -- Symlinking: /home/billy/git/Robotics-Studio-2/install/ur_description_local/share/ur_description_local/meshes/ur5e/collision/upperarm.stl
[4.650s] -- Symlinking: /home/billy/git/Robotics-Studio-2/install/ur_description_local/share/ur_description_local/meshes/ur5e/collision/upperarm.stl:Zone.Identifier
[4.664s] -- Symlinking: /home/billy/git/Robotics-Studio-2/install/ur_description_local/share/ur_description_local/meshes/ur5e/collision/wrist1.stl
[4.677s] -- Symlinking: /home/billy/git/Robotics-Studio-2/install/ur_description_local/share/ur_description_local/meshes/ur5e/collision/wrist1.stl:Zone.Identifier
[4.693s] -- Symlinking: /home/billy/git/Robotics-Studio-2/install/ur_description_local/share/ur_description_local/meshes/ur5e/collision/wrist2.stl
[4.709s] -- Symlinking: /home/billy/git/Robotics-Studio-2/install/ur_description_local/share/ur_description_local/meshes/ur5e/collision/wrist2.stl:Zone.Identifier
[4.723s] -- Symlinking: /home/billy/git/Robotics-Studio-2/install/ur_description_local/share/ur_description_local/meshes/ur5e/collision/wrist3.stl
[4.736s] -- Symlinking: /home/billy/git/Robotics-Studio-2/install/ur_description_local/share/ur_description_local/meshes/ur5e/collision/wrist3.stl:Zone.Identifier
[4.754s] -- Symlinking: /home/billy/git/Robotics-Studio-2/install/ur_description_local/share/ur_description_local/meshes/ur5e/visual/base.dae
[4.771s] -- Symlinking: /home/billy/git/Robotics-Studio-2/install/ur_description_local/share/ur_description_local/meshes/ur5e/visual/base.dae:Zone.Identifier
[4.785s] -- Symlinking: /home/billy/git/Robotics-Studio-2/install/ur_description_local/share/ur_description_local/meshes/ur5e/visual/forearm.dae
[4.800s] -- Symlinking: /home/billy/git/Robotics-Studio-2/install/ur_description_local/share/ur_description_local/meshes/ur5e/visual/forearm.dae:Zone.Identifier
[4.814s] -- Symlinking: /home/billy/git/Robotics-Studio-2/install/ur_description_local/share/ur_description_local/meshes/ur5e/visual/shoulder.dae
[4.827s] -- Symlinking: /home/billy/git/Robotics-Studio-2/install/ur_description_local/share/ur_description_local/meshes/ur5e/visual/shoulder.dae:Zone.Identifier
[4.840s] -- Symlinking: /home/billy/git/Robotics-Studio-2/install/ur_description_local/share/ur_description_local/meshes/ur5e/visual/upperarm.dae
[4.857s] -- Symlinking: /home/billy/git/Robotics-Studio-2/install/ur_description_local/share/ur_description_local/meshes/ur5e/visual/upperarm.dae:Zone.Identifier
[4.871s] -- Symlinking: /home/billy/git/Robotics-Studio-2/install/ur_description_local/share/ur_description_local/meshes/ur5e/visual/wrist1.dae
[4.885s] -- Symlinking: /home/billy/git/Robotics-Studio-2/install/ur_description_local/share/ur_description_local/meshes/ur5e/visual/wrist1.dae:Zone.Identifier
[4.900s] -- Symlinking: /home/billy/git/Robotics-Studio-2/install/ur_description_local/share/ur_description_local/meshes/ur5e/visual/wrist2.dae
[4.913s] -- Symlinking: /home/billy/git/Robotics-Studio-2/install/ur_description_local/share/ur_description_local/meshes/ur5e/visual/wrist2.dae:Zone.Identifier
[4.927s] -- Symlinking: /home/billy/git/Robotics-Studio-2/install/ur_description_local/share/ur_description_local/meshes/ur5e/visual/wrist3.dae
[4.940s] -- Symlinking: /home/billy/git/Robotics-Studio-2/install/ur_description_local/share/ur_description_local/meshes/ur5e/visual/wrist3.dae:Zone.Identifier
[4.952s] -- Symlinking: /home/billy/git/Robotics-Studio-2/install/ur_description_local/share/ur_description_local/meshes/ur8long/LICENSE.txt
[4.970s] -- Symlinking: /home/billy/git/Robotics-Studio-2/install/ur_description_local/share/ur_description_local/meshes/ur8long/LICENSE.txt:Zone.Identifier
[4.986s] -- Symlinking: /home/billy/git/Robotics-Studio-2/install/ur_description_local/share/ur_description_local/meshes/ur8long/collision/forearm.stl
[5.001s] -- Symlinking: /home/billy/git/Robotics-Studio-2/install/ur_description_local/share/ur_description_local/meshes/ur8long/collision/forearm.stl:Zone.Identifier
[5.014s] -- Symlinking: /home/billy/git/Robotics-Studio-2/install/ur_description_local/share/ur_description_local/meshes/ur8long/collision/upperarm.stl
[5.029s] -- Symlinking: /home/billy/git/Robotics-Studio-2/install/ur_description_local/share/ur_description_local/meshes/ur8long/collision/upperarm.stl:Zone.Identifier
[5.041s] -- Symlinking: /home/billy/git/Robotics-Studio-2/install/ur_description_local/share/ur_description_local/meshes/ur8long/visual/UR8Long_DIFF_8bit_2K.jpg
[5.053s] -- Symlinking: /home/billy/git/Robotics-Studio-2/install/ur_description_local/share/ur_description_local/meshes/ur8long/visual/UR8Long_DIFF_8bit_2K.jpg:Zone.Identifier
[5.065s] -- Symlinking: /home/billy/git/Robotics-Studio-2/install/ur_description_local/share/ur_description_local/meshes/ur8long/visual/forearm.dae
[5.076s] -- Symlinking: /home/billy/git/Robotics-Studio-2/install/ur_description_local/share/ur_description_local/meshes/ur8long/visual/forearm.dae:Zone.Identifier
[5.090s] -- Symlinking: /home/billy/git/Robotics-Studio-2/install/ur_description_local/share/ur_description_local/meshes/ur8long/visual/upperarm.dae
[5.103s] -- Symlinking: /home/billy/git/Robotics-Studio-2/install/ur_description_local/share/ur_description_local/meshes/ur8long/visual/upperarm.dae:Zone.Identifier
[5.119s] -- Symlinking: /home/billy/git/Robotics-Studio-2/install/ur_description_local/share/ur_description_local/rviz/view_robot.rviz
[5.131s] -- Symlinking: /home/billy/git/Robotics-Studio-2/install/ur_description_local/share/ur_description_local/rviz/view_robot.rviz:Zone.Identifier
[5.144s] -- Symlinking: /home/billy/git/Robotics-Studio-2/install/ur_description_local/share/ur_description_local/urdf/inc/ur_common.xacro
[5.156s] -- Symlinking: /home/billy/git/Robotics-Studio-2/install/ur_description_local/share/ur_description_local/urdf/inc/ur_common.xacro:Zone.Identifier
[5.171s] -- Symlinking: /home/billy/git/Robotics-Studio-2/install/ur_description_local/share/ur_description_local/urdf/inc/ur_transmissions.xacro
[5.196s] -- Symlinking: /home/billy/git/Robotics-Studio-2/install/ur_description_local/share/ur_description_local/urdf/inc/ur_transmissions.xacro:Zone.Identifier
[5.216s] -- Symlinking: /home/billy/git/Robotics-Studio-2/install/ur_description_local/share/ur_description_local/urdf/ur.ros2_control.xacro
[5.241s] -- Symlinking: /home/billy/git/Robotics-Studio-2/install/ur_description_local/share/ur_description_local/urdf/ur.urdf.xacro
[5.258s] -- Symlinking: /home/billy/git/Robotics-Studio-2/install/ur_description_local/share/ur_description_local/urdf/ur_macro.xacro
[5.277s] -- Symlinking: /home/billy/git/Robotics-Studio-2/install/ur_description_local/share/ament_index/resource_index/package_run_dependencies/ur_description_local
[5.291s] -- Symlinking: /home/billy/git/Robotics-Studio-2/install/ur_description_local/share/ament_index/resource_index/parent_prefix_path/ur_description_local
[5.303s] -- Symlinking: /home/billy/git/Robotics-Studio-2/install/ur_description_local/share/ur_description_local/environment/ament_prefix_path.sh
[5.316s] -- Symlinking: /home/billy/git/Robotics-Studio-2/install/ur_description_local/share/ur_description_local/environment/ament_prefix_path.dsv
[5.328s] -- Symlinking: /home/billy/git/Robotics-Studio-2/install/ur_description_local/share/ur_description_local/environment/path.sh
[5.340s] -- Symlinking: /home/billy/git/Robotics-Studio-2/install/ur_description_local/share/ur_description_local/environment/path.dsv
[5.352s] -- Symlinking: /home/billy/git/Robotics-Studio-2/install/ur_description_local/share/ur_description_local/local_setup.bash
[5.364s] -- Symlinking: /home/billy/git/Robotics-Studio-2/install/ur_description_local/share/ur_description_local/local_setup.sh
[5.376s] -- Symlinking: /home/billy/git/Robotics-Studio-2/install/ur_description_local/share/ur_description_local/local_setup.zsh
[5.389s] -- Symlinking: /home/billy/git/Robotics-Studio-2/install/ur_description_local/share/ur_description_local/local_setup.dsv
[5.402s] -- Symlinking: /home/billy/git/Robotics-Studio-2/install/ur_description_local/share/ur_description_local/package.dsv
[5.415s] -- Symlinking: /home/billy/git/Robotics-Studio-2/install/ur_description_local/share/ament_index/resource_index/packages/ur_description_local
[5.429s] -- Symlinking: /home/billy/git/Robotics-Studio-2/install/ur_description_local/share/ur_description_local/cmake/ur_description_localConfig.cmake
[5.443s] -- Symlinking: /home/billy/git/Robotics-Studio-2/install/ur_description_local/share/ur_description_local/cmake/ur_description_localConfig.cmake
[5.457s] -- Symlinking: /home/billy/git/Robotics-Studio-2/install/ur_description_local/share/ur_description_local/cmake/ur_description_localConfig-version.cmake
[5.470s] -- Symlinking: /home/billy/git/Robotics-Studio-2/install/ur_description_local/share/ur_description_local/package.xml
[5.486s] Invoked command in '/home/billy/git/Robotics-Studio-2/build/ur_description_local' returned '0': CMAKE_PREFIX_PATH=${CMAKE_PREFIX_PATH}:/opt/ros/humble /usr/bin/cmake --install /home/billy/git/Robotics-Studio-2/build/ur_description_local
