[0.357s] DEBUG:colcon:Command line arguments: ['/usr/bin/colcon', 'build', '--packages-select', 'ur_description_local']
[0.357s] DEBUG:colcon:Parsed command line arguments: Namespace(log_base=None, log_level=None, verb_name='build', build_base='build', install_base='install', merge_install=False, symlink_install=False, test_result_base=None, continue_on_error=False, executor='parallel', parallel_workers=16, event_handlers=None, ignore_user_meta=False, metas=['./colcon.meta'], base_paths=['.'], packages_ignore=None, packages_ignore_regex=None, paths=None, packages_up_to=None, packages_up_to_regex=None, packages_above=None, packages_above_and_dependencies=None, packages_above_depth=None, packages_select_by_dep=None, packages_skip_by_dep=None, packages_skip_up_to=None, packages_select_build_failed=False, packages_skip_build_finished=False, packages_select_test_failures=False, packages_skip_test_passed=False, packages_select=['ur_description_local'], packages_skip=None, packages_select_regex=None, packages_skip_regex=None, packages_start=None, packages_end=None, allow_overriding=[], cmake_args=None, cmake_target=None, cmake_target_skip_unavailable=False, cmake_clean_cache=False, cmake_clean_first=False, cmake_force_configure=False, ament_cmake_args=None, catkin_cmake_args=None, catkin_skip_building_tests=False, mixin_files=None, mixin=None, verb_parser=<colcon_mixin.mixin.mixin_argument.MixinArgumentDecorator object at 0x74dbad263a90>, verb_extension=<colcon_core.verb.build.BuildVerb object at 0x74dbad220100>, main=<bound method BuildVerb.main of <colcon_core.verb.build.BuildVerb object at 0x74dbad220100>>, mixin_verb=('build',))
[0.707s] Level 1:colcon.colcon_core.package_discovery:discover_packages(colcon_meta) check parameters
[0.707s] Level 1:colcon.colcon_core.package_discovery:discover_packages(recursive) check parameters
[0.707s] Level 1:colcon.colcon_core.package_discovery:discover_packages(ignore) check parameters
[0.707s] Level 1:colcon.colcon_core.package_discovery:discover_packages(path) check parameters
[0.707s] Level 1:colcon.colcon_core.package_discovery:discover_packages(colcon_meta) discover
[0.707s] Level 1:colcon.colcon_core.package_discovery:discover_packages(recursive) discover
[0.708s] INFO:colcon.colcon_core.package_discovery:Crawling recursively for packages in '/home/billy/git/Robotics-Studio-2'
[0.708s] Level 1:colcon.colcon_core.package_identification:_identify(.) by extensions ['ignore', 'ignore_ament_install']
[0.708s] Level 1:colcon.colcon_core.package_identification:_identify(.) by extension 'ignore'
[0.708s] Level 1:colcon.colcon_core.package_identification:_identify(.) by extension 'ignore_ament_install'
[0.708s] Level 1:colcon.colcon_core.package_identification:_identify(.) by extensions ['colcon_pkg']
[0.709s] Level 1:colcon.colcon_core.package_identification:_identify(.) by extension 'colcon_pkg'
[0.709s] Level 1:colcon.colcon_core.package_identification:_identify(.) by extensions ['colcon_meta']
[0.709s] Level 1:colcon.colcon_core.package_identification:_identify(.) by extension 'colcon_meta'
[0.709s] Level 1:colcon.colcon_core.package_identification:_identify(.) by extensions ['ros']
[0.709s] Level 1:colcon.colcon_core.package_identification:_identify(.) by extension 'ros'
[0.734s] Level 1:colcon.colcon_core.package_identification:_identify(.) by extensions ['cmake', 'python']
[0.734s] Level 1:colcon.colcon_core.package_identification:_identify(.) by extension 'cmake'
[0.734s] Level 1:colcon.colcon_core.package_identification:_identify(.) by extension 'python'
[0.734s] Level 1:colcon.colcon_core.package_identification:_identify(.) by extensions ['python_setup_py']
[0.734s] Level 1:colcon.colcon_core.package_identification:_identify(.) by extension 'python_setup_py'
[0.734s] Level 1:colcon.colcon_core.package_identification:_identify(build) by extensions ['ignore', 'ignore_ament_install']
[0.735s] Level 1:colcon.colcon_core.package_identification:_identify(build) by extension 'ignore'
[0.735s] Level 1:colcon.colcon_core.package_identification:_identify(build) ignored
[0.735s] Level 1:colcon.colcon_core.package_identification:_identify(install) by extensions ['ignore', 'ignore_ament_install']
[0.735s] Level 1:colcon.colcon_core.package_identification:_identify(install) by extension 'ignore'
[0.735s] Level 1:colcon.colcon_core.package_identification:_identify(install) ignored
[0.736s] Level 1:colcon.colcon_core.package_identification:_identify(log) by extensions ['ignore', 'ignore_ament_install']
[0.736s] Level 1:colcon.colcon_core.package_identification:_identify(log) by extension 'ignore'
[0.736s] Level 1:colcon.colcon_core.package_identification:_identify(log) ignored
[0.736s] Level 1:colcon.colcon_core.package_identification:_identify(src) by extensions ['ignore', 'ignore_ament_install']
[0.736s] Level 1:colcon.colcon_core.package_identification:_identify(src) by extension 'ignore'
[0.737s] Level 1:colcon.colcon_core.package_identification:_identify(src) by extension 'ignore_ament_install'
[0.737s] Level 1:colcon.colcon_core.package_identification:_identify(src) by extensions ['colcon_pkg']
[0.737s] Level 1:colcon.colcon_core.package_identification:_identify(src) by extension 'colcon_pkg'
[0.737s] Level 1:colcon.colcon_core.package_identification:_identify(src) by extensions ['colcon_meta']
[0.737s] Level 1:colcon.colcon_core.package_identification:_identify(src) by extension 'colcon_meta'
[0.737s] Level 1:colcon.colcon_core.package_identification:_identify(src) by extensions ['ros']
[0.738s] Level 1:colcon.colcon_core.package_identification:_identify(src) by extension 'ros'
[0.738s] Level 1:colcon.colcon_core.package_identification:_identify(src) by extensions ['cmake', 'python']
[0.738s] Level 1:colcon.colcon_core.package_identification:_identify(src) by extension 'cmake'
[0.738s] Level 1:colcon.colcon_core.package_identification:_identify(src) by extension 'python'
[0.738s] Level 1:colcon.colcon_core.package_identification:_identify(src) by extensions ['python_setup_py']
[0.738s] Level 1:colcon.colcon_core.package_identification:_identify(src) by extension 'python_setup_py'
[0.739s] Level 1:colcon.colcon_core.package_identification:_identify(src/object_msgs) by extensions ['ignore', 'ignore_ament_install']
[0.739s] Level 1:colcon.colcon_core.package_identification:_identify(src/object_msgs) by extension 'ignore'
[0.739s] Level 1:colcon.colcon_core.package_identification:_identify(src/object_msgs) by extension 'ignore_ament_install'
[0.739s] Level 1:colcon.colcon_core.package_identification:_identify(src/object_msgs) by extensions ['colcon_pkg']
[0.739s] Level 1:colcon.colcon_core.package_identification:_identify(src/object_msgs) by extension 'colcon_pkg'
[0.739s] Level 1:colcon.colcon_core.package_identification:_identify(src/object_msgs) by extensions ['colcon_meta']
[0.739s] Level 1:colcon.colcon_core.package_identification:_identify(src/object_msgs) by extension 'colcon_meta'
[0.740s] Level 1:colcon.colcon_core.package_identification:_identify(src/object_msgs) by extensions ['ros']
[0.740s] Level 1:colcon.colcon_core.package_identification:_identify(src/object_msgs) by extension 'ros'
[0.772s] DEBUG:colcon.colcon_core.package_identification:Package 'src/object_msgs' with type 'ros.ament_cmake' and name 'object_msgs'
[0.773s] Level 1:colcon.colcon_core.package_identification:_identify(src/onrobot_description) by extensions ['ignore', 'ignore_ament_install']
[0.773s] Level 1:colcon.colcon_core.package_identification:_identify(src/onrobot_description) by extension 'ignore'
[0.773s] Level 1:colcon.colcon_core.package_identification:_identify(src/onrobot_description) by extension 'ignore_ament_install'
[0.773s] Level 1:colcon.colcon_core.package_identification:_identify(src/onrobot_description) by extensions ['colcon_pkg']
[0.773s] Level 1:colcon.colcon_core.package_identification:_identify(src/onrobot_description) by extension 'colcon_pkg'
[0.773s] Level 1:colcon.colcon_core.package_identification:_identify(src/onrobot_description) by extensions ['colcon_meta']
[0.773s] Level 1:colcon.colcon_core.package_identification:_identify(src/onrobot_description) by extension 'colcon_meta'
[0.773s] Level 1:colcon.colcon_core.package_identification:_identify(src/onrobot_description) by extensions ['ros']
[0.773s] Level 1:colcon.colcon_core.package_identification:_identify(src/onrobot_description) by extension 'ros'
[0.774s] DEBUG:colcon.colcon_core.package_identification:Package 'src/onrobot_description' with type 'ros.ament_cmake' and name 'onrobot_description'
[0.775s] Level 1:colcon.colcon_core.package_identification:_identify(src/onrobot_driver) by extensions ['ignore', 'ignore_ament_install']
[0.775s] Level 1:colcon.colcon_core.package_identification:_identify(src/onrobot_driver) by extension 'ignore'
[0.775s] Level 1:colcon.colcon_core.package_identification:_identify(src/onrobot_driver) by extension 'ignore_ament_install'
[0.775s] Level 1:colcon.colcon_core.package_identification:_identify(src/onrobot_driver) by extensions ['colcon_pkg']
[0.775s] Level 1:colcon.colcon_core.package_identification:_identify(src/onrobot_driver) by extension 'colcon_pkg'
[0.775s] Level 1:colcon.colcon_core.package_identification:_identify(src/onrobot_driver) by extensions ['colcon_meta']
[0.775s] Level 1:colcon.colcon_core.package_identification:_identify(src/onrobot_driver) by extension 'colcon_meta'
[0.775s] Level 1:colcon.colcon_core.package_identification:_identify(src/onrobot_driver) by extensions ['ros']
[0.775s] Level 1:colcon.colcon_core.package_identification:_identify(src/onrobot_driver) by extension 'ros'
[0.777s] DEBUG:colcon.colcon_core.package_identification:Package 'src/onrobot_driver' with type 'ros.ament_cmake' and name 'onrobot_driver'
[0.777s] Level 1:colcon.colcon_core.package_identification:_identify(src/ur3_demo_cpp) by extensions ['ignore', 'ignore_ament_install']
[0.778s] Level 1:colcon.colcon_core.package_identification:_identify(src/ur3_demo_cpp) by extension 'ignore'
[0.778s] Level 1:colcon.colcon_core.package_identification:_identify(src/ur3_demo_cpp) by extension 'ignore_ament_install'
[0.778s] Level 1:colcon.colcon_core.package_identification:_identify(src/ur3_demo_cpp) by extensions ['colcon_pkg']
[0.778s] Level 1:colcon.colcon_core.package_identification:_identify(src/ur3_demo_cpp) by extension 'colcon_pkg'
[0.778s] Level 1:colcon.colcon_core.package_identification:_identify(src/ur3_demo_cpp) by extensions ['colcon_meta']
[0.778s] Level 1:colcon.colcon_core.package_identification:_identify(src/ur3_demo_cpp) by extension 'colcon_meta'
[0.778s] Level 1:colcon.colcon_core.package_identification:_identify(src/ur3_demo_cpp) by extensions ['ros']
[0.778s] Level 1:colcon.colcon_core.package_identification:_identify(src/ur3_demo_cpp) by extension 'ros'
[0.780s] DEBUG:colcon.colcon_core.package_identification:Package 'src/ur3_demo_cpp' with type 'ros.ament_cmake' and name 'ur3_demo_cpp'
[0.780s] Level 1:colcon.colcon_core.package_identification:_identify(src/ur_description_local) by extensions ['ignore', 'ignore_ament_install']
[0.780s] Level 1:colcon.colcon_core.package_identification:_identify(src/ur_description_local) by extension 'ignore'
[0.780s] Level 1:colcon.colcon_core.package_identification:_identify(src/ur_description_local) by extension 'ignore_ament_install'
[0.780s] Level 1:colcon.colcon_core.package_identification:_identify(src/ur_description_local) by extensions ['colcon_pkg']
[0.780s] Level 1:colcon.colcon_core.package_identification:_identify(src/ur_description_local) by extension 'colcon_pkg'
[0.781s] Level 1:colcon.colcon_core.package_identification:_identify(src/ur_description_local) by extensions ['colcon_meta']
[0.781s] Level 1:colcon.colcon_core.package_identification:_identify(src/ur_description_local) by extension 'colcon_meta'
[0.781s] Level 1:colcon.colcon_core.package_identification:_identify(src/ur_description_local) by extensions ['ros']
[0.781s] Level 1:colcon.colcon_core.package_identification:_identify(src/ur_description_local) by extension 'ros'
[0.783s] DEBUG:colcon.colcon_core.package_identification:Package 'src/ur_description_local' with type 'ros.ament_cmake' and name 'ur_description_local'
[0.784s] Level 1:colcon.colcon_core.package_identification:_identify(src/ur_gripper_demo) by extensions ['ignore', 'ignore_ament_install']
[0.784s] Level 1:colcon.colcon_core.package_identification:_identify(src/ur_gripper_demo) by extension 'ignore'
[0.784s] Level 1:colcon.colcon_core.package_identification:_identify(src/ur_gripper_demo) by extension 'ignore_ament_install'
[0.784s] Level 1:colcon.colcon_core.package_identification:_identify(src/ur_gripper_demo) by extensions ['colcon_pkg']
[0.784s] Level 1:colcon.colcon_core.package_identification:_identify(src/ur_gripper_demo) by extension 'colcon_pkg'
[0.784s] Level 1:colcon.colcon_core.package_identification:_identify(src/ur_gripper_demo) by extensions ['colcon_meta']
[0.784s] Level 1:colcon.colcon_core.package_identification:_identify(src/ur_gripper_demo) by extension 'colcon_meta'
[0.784s] Level 1:colcon.colcon_core.package_identification:_identify(src/ur_gripper_demo) by extensions ['ros']
[0.784s] Level 1:colcon.colcon_core.package_identification:_identify(src/ur_gripper_demo) by extension 'ros'
[0.786s] DEBUG:colcon.colcon_core.package_identification:Package 'src/ur_gripper_demo' with type 'ros.ament_cmake' and name 'ur_gripper_demo'
[0.786s] Level 1:colcon.colcon_core.package_identification:_identify(src/ur_onrobot) by extensions ['ignore', 'ignore_ament_install']
[0.786s] Level 1:colcon.colcon_core.package_identification:_identify(src/ur_onrobot) by extension 'ignore'
[0.786s] Level 1:colcon.colcon_core.package_identification:_identify(src/ur_onrobot) by extension 'ignore_ament_install'
[0.786s] Level 1:colcon.colcon_core.package_identification:_identify(src/ur_onrobot) by extensions ['colcon_pkg']
[0.786s] Level 1:colcon.colcon_core.package_identification:_identify(src/ur_onrobot) by extension 'colcon_pkg'
[0.786s] Level 1:colcon.colcon_core.package_identification:_identify(src/ur_onrobot) by extensions ['colcon_meta']
[0.786s] Level 1:colcon.colcon_core.package_identification:_identify(src/ur_onrobot) by extension 'colcon_meta'
[0.786s] Level 1:colcon.colcon_core.package_identification:_identify(src/ur_onrobot) by extensions ['ros']
[0.786s] Level 1:colcon.colcon_core.package_identification:_identify(src/ur_onrobot) by extension 'ros'
[0.786s] Level 1:colcon.colcon_core.package_identification:_identify(src/ur_onrobot) by extensions ['cmake', 'python']
[0.787s] Level 1:colcon.colcon_core.package_identification:_identify(src/ur_onrobot) by extension 'cmake'
[0.787s] Level 1:colcon.colcon_core.package_identification:_identify(src/ur_onrobot) by extension 'python'
[0.787s] Level 1:colcon.colcon_core.package_identification:_identify(src/ur_onrobot) by extensions ['python_setup_py']
[0.787s] Level 1:colcon.colcon_core.package_identification:_identify(src/ur_onrobot) by extension 'python_setup_py'
[0.787s] Level 1:colcon.colcon_core.package_identification:_identify(src/ur_onrobot/doc) by extensions ['ignore', 'ignore_ament_install']
[0.787s] Level 1:colcon.colcon_core.package_identification:_identify(src/ur_onrobot/doc) by extension 'ignore'
[0.788s] Level 1:colcon.colcon_core.package_identification:_identify(src/ur_onrobot/doc) by extension 'ignore_ament_install'
[0.788s] Level 1:colcon.colcon_core.package_identification:_identify(src/ur_onrobot/doc) by extensions ['colcon_pkg']
[0.788s] Level 1:colcon.colcon_core.package_identification:_identify(src/ur_onrobot/doc) by extension 'colcon_pkg'
[0.788s] Level 1:colcon.colcon_core.package_identification:_identify(src/ur_onrobot/doc) by extensions ['colcon_meta']
[0.788s] Level 1:colcon.colcon_core.package_identification:_identify(src/ur_onrobot/doc) by extension 'colcon_meta'
[0.788s] Level 1:colcon.colcon_core.package_identification:_identify(src/ur_onrobot/doc) by extensions ['ros']
[0.788s] Level 1:colcon.colcon_core.package_identification:_identify(src/ur_onrobot/doc) by extension 'ros'
[0.788s] Level 1:colcon.colcon_core.package_identification:_identify(src/ur_onrobot/doc) by extensions ['cmake', 'python']
[0.788s] Level 1:colcon.colcon_core.package_identification:_identify(src/ur_onrobot/doc) by extension 'cmake'
[0.789s] Level 1:colcon.colcon_core.package_identification:_identify(src/ur_onrobot/doc) by extension 'python'
[0.789s] Level 1:colcon.colcon_core.package_identification:_identify(src/ur_onrobot/doc) by extensions ['python_setup_py']
[0.789s] Level 1:colcon.colcon_core.package_identification:_identify(src/ur_onrobot/doc) by extension 'python_setup_py'
[0.789s] Level 1:colcon.colcon_core.package_identification:_identify(src/ur_onrobot/doc/images) by extensions ['ignore', 'ignore_ament_install']
[0.789s] Level 1:colcon.colcon_core.package_identification:_identify(src/ur_onrobot/doc/images) by extension 'ignore'
[0.789s] Level 1:colcon.colcon_core.package_identification:_identify(src/ur_onrobot/doc/images) by extension 'ignore_ament_install'
[0.789s] Level 1:colcon.colcon_core.package_identification:_identify(src/ur_onrobot/doc/images) by extensions ['colcon_pkg']
[0.789s] Level 1:colcon.colcon_core.package_identification:_identify(src/ur_onrobot/doc/images) by extension 'colcon_pkg'
[0.790s] Level 1:colcon.colcon_core.package_identification:_identify(src/ur_onrobot/doc/images) by extensions ['colcon_meta']
[0.790s] Level 1:colcon.colcon_core.package_identification:_identify(src/ur_onrobot/doc/images) by extension 'colcon_meta'
[0.790s] Level 1:colcon.colcon_core.package_identification:_identify(src/ur_onrobot/doc/images) by extensions ['ros']
[0.790s] Level 1:colcon.colcon_core.package_identification:_identify(src/ur_onrobot/doc/images) by extension 'ros'
[0.790s] Level 1:colcon.colcon_core.package_identification:_identify(src/ur_onrobot/doc/images) by extensions ['cmake', 'python']
[0.790s] Level 1:colcon.colcon_core.package_identification:_identify(src/ur_onrobot/doc/images) by extension 'cmake'
[0.790s] Level 1:colcon.colcon_core.package_identification:_identify(src/ur_onrobot/doc/images) by extension 'python'
[0.790s] Level 1:colcon.colcon_core.package_identification:_identify(src/ur_onrobot/doc/images) by extensions ['python_setup_py']
[0.790s] Level 1:colcon.colcon_core.package_identification:_identify(src/ur_onrobot/doc/images) by extension 'python_setup_py'
[0.791s] Level 1:colcon.colcon_core.package_identification:_identify(src/ur_onrobot/ur_onrobot_control) by extensions ['ignore', 'ignore_ament_install']
[0.791s] Level 1:colcon.colcon_core.package_identification:_identify(src/ur_onrobot/ur_onrobot_control) by extension 'ignore'
[0.792s] Level 1:colcon.colcon_core.package_identification:_identify(src/ur_onrobot/ur_onrobot_control) by extension 'ignore_ament_install'
[0.792s] Level 1:colcon.colcon_core.package_identification:_identify(src/ur_onrobot/ur_onrobot_control) by extensions ['colcon_pkg']
[0.792s] Level 1:colcon.colcon_core.package_identification:_identify(src/ur_onrobot/ur_onrobot_control) by extension 'colcon_pkg'
[0.792s] Level 1:colcon.colcon_core.package_identification:_identify(src/ur_onrobot/ur_onrobot_control) by extensions ['colcon_meta']
[0.792s] Level 1:colcon.colcon_core.package_identification:_identify(src/ur_onrobot/ur_onrobot_control) by extension 'colcon_meta'
[0.792s] Level 1:colcon.colcon_core.package_identification:_identify(src/ur_onrobot/ur_onrobot_control) by extensions ['ros']
[0.792s] Level 1:colcon.colcon_core.package_identification:_identify(src/ur_onrobot/ur_onrobot_control) by extension 'ros'
[0.793s] DEBUG:colcon.colcon_core.package_identification:Package 'src/ur_onrobot/ur_onrobot_control' with type 'ros.ament_cmake' and name 'ur_onrobot_control'
[0.794s] Level 1:colcon.colcon_core.package_identification:_identify(src/ur_onrobot/ur_onrobot_description) by extensions ['ignore', 'ignore_ament_install']
[0.794s] Level 1:colcon.colcon_core.package_identification:_identify(src/ur_onrobot/ur_onrobot_description) by extension 'ignore'
[0.794s] Level 1:colcon.colcon_core.package_identification:_identify(src/ur_onrobot/ur_onrobot_description) by extension 'ignore_ament_install'
[0.794s] Level 1:colcon.colcon_core.package_identification:_identify(src/ur_onrobot/ur_onrobot_description) by extensions ['colcon_pkg']
[0.794s] Level 1:colcon.colcon_core.package_identification:_identify(src/ur_onrobot/ur_onrobot_description) by extension 'colcon_pkg'
[0.794s] Level 1:colcon.colcon_core.package_identification:_identify(src/ur_onrobot/ur_onrobot_description) by extensions ['colcon_meta']
[0.795s] Level 1:colcon.colcon_core.package_identification:_identify(src/ur_onrobot/ur_onrobot_description) by extension 'colcon_meta'
[0.795s] Level 1:colcon.colcon_core.package_identification:_identify(src/ur_onrobot/ur_onrobot_description) by extensions ['ros']
[0.795s] Level 1:colcon.colcon_core.package_identification:_identify(src/ur_onrobot/ur_onrobot_description) by extension 'ros'
[0.795s] DEBUG:colcon.colcon_core.package_identification:Package 'src/ur_onrobot/ur_onrobot_description' with type 'ros.ament_cmake' and name 'ur_onrobot_description'
[0.796s] Level 1:colcon.colcon_core.package_identification:_identify(src/ur_onrobot/ur_onrobot_moveit_config) by extensions ['ignore', 'ignore_ament_install']
[0.796s] Level 1:colcon.colcon_core.package_identification:_identify(src/ur_onrobot/ur_onrobot_moveit_config) by extension 'ignore'
[0.796s] Level 1:colcon.colcon_core.package_identification:_identify(src/ur_onrobot/ur_onrobot_moveit_config) by extension 'ignore_ament_install'
[0.796s] Level 1:colcon.colcon_core.package_identification:_identify(src/ur_onrobot/ur_onrobot_moveit_config) by extensions ['colcon_pkg']
[0.796s] Level 1:colcon.colcon_core.package_identification:_identify(src/ur_onrobot/ur_onrobot_moveit_config) by extension 'colcon_pkg'
[0.796s] Level 1:colcon.colcon_core.package_identification:_identify(src/ur_onrobot/ur_onrobot_moveit_config) by extensions ['colcon_meta']
[0.797s] Level 1:colcon.colcon_core.package_identification:_identify(src/ur_onrobot/ur_onrobot_moveit_config) by extension 'colcon_meta'
[0.797s] Level 1:colcon.colcon_core.package_identification:_identify(src/ur_onrobot/ur_onrobot_moveit_config) by extensions ['ros']
[0.797s] Level 1:colcon.colcon_core.package_identification:_identify(src/ur_onrobot/ur_onrobot_moveit_config) by extension 'ros'
[0.798s] DEBUG:colcon.colcon_core.package_identification:Package 'src/ur_onrobot/ur_onrobot_moveit_config' with type 'ros.ament_cmake' and name 'ur_onrobot_moveit_config'
[0.798s] Level 1:colcon.colcon_core.package_discovery:discover_packages(recursive) using defaults
[0.798s] Level 1:colcon.colcon_core.package_discovery:discover_packages(ignore) discover
[0.798s] Level 1:colcon.colcon_core.package_discovery:discover_packages(ignore) using defaults
[0.798s] Level 1:colcon.colcon_core.package_discovery:discover_packages(path) discover
[0.799s] Level 1:colcon.colcon_core.package_discovery:discover_packages(path) using defaults
[0.835s] INFO:colcon.colcon_core.package_selection:Skipping not selected package 'object_msgs' in 'src/object_msgs'
[0.835s] INFO:colcon.colcon_core.package_selection:Skipping not selected package 'onrobot_description' in 'src/onrobot_description'
[0.835s] INFO:colcon.colcon_core.package_selection:Skipping not selected package 'ur3_demo_cpp' in 'src/ur3_demo_cpp'
[0.835s] INFO:colcon.colcon_core.package_selection:Skipping not selected package 'ur_gripper_demo' in 'src/ur_gripper_demo'
[0.835s] INFO:colcon.colcon_core.package_selection:Skipping not selected package 'onrobot_driver' in 'src/onrobot_driver'
[0.835s] INFO:colcon.colcon_core.package_selection:Skipping not selected package 'ur_onrobot_description' in 'src/ur_onrobot/ur_onrobot_description'
[0.835s] INFO:colcon.colcon_core.package_selection:Skipping not selected package 'ur_onrobot_control' in 'src/ur_onrobot/ur_onrobot_control'
[0.835s] INFO:colcon.colcon_core.package_selection:Skipping not selected package 'ur_onrobot_moveit_config' in 'src/ur_onrobot/ur_onrobot_moveit_config'
[0.836s] Level 1:colcon.colcon_core.package_discovery:discover_packages(prefix_path) check parameters
[0.836s] Level 1:colcon.colcon_core.package_discovery:discover_packages(prefix_path) discover
[0.841s] DEBUG:colcon.colcon_installed_package_information.package_discovery:Found 8 installed packages in /home/billy/git/Robotics-Studio-2/install
[0.843s] DEBUG:colcon.colcon_installed_package_information.package_discovery:Found 3 installed packages in /home/billy/install
[0.848s] DEBUG:colcon.colcon_installed_package_information.package_discovery:Found 477 installed packages in /opt/ros/humble
[0.852s] Level 1:colcon.colcon_core.package_discovery:discover_packages(prefix_path) using defaults
[0.943s] Level 5:colcon.colcon_core.verb:set package 'ur_description_local' build argument 'cmake_args' from command line to 'None'
[0.944s] Level 5:colcon.colcon_core.verb:set package 'ur_description_local' build argument 'cmake_target' from command line to 'None'
[0.944s] Level 5:colcon.colcon_core.verb:set package 'ur_description_local' build argument 'cmake_target_skip_unavailable' from command line to 'False'
[0.944s] Level 5:colcon.colcon_core.verb:set package 'ur_description_local' build argument 'cmake_clean_cache' from command line to 'False'
[0.944s] Level 5:colcon.colcon_core.verb:set package 'ur_description_local' build argument 'cmake_clean_first' from command line to 'False'
[0.944s] Level 5:colcon.colcon_core.verb:set package 'ur_description_local' build argument 'cmake_force_configure' from command line to 'False'
[0.944s] Level 5:colcon.colcon_core.verb:set package 'ur_description_local' build argument 'ament_cmake_args' from command line to 'None'
[0.944s] Level 5:colcon.colcon_core.verb:set package 'ur_description_local' build argument 'catkin_cmake_args' from command line to 'None'
[0.944s] Level 5:colcon.colcon_core.verb:set package 'ur_description_local' build argument 'catkin_skip_building_tests' from command line to 'False'
[0.944s] DEBUG:colcon.colcon_core.verb:Building package 'ur_description_local' with the following arguments: {'ament_cmake_args': None, 'build_base': '/home/billy/git/Robotics-Studio-2/build/ur_description_local', 'catkin_cmake_args': None, 'catkin_skip_building_tests': False, 'cmake_args': None, 'cmake_clean_cache': False, 'cmake_clean_first': False, 'cmake_force_configure': False, 'cmake_target': None, 'cmake_target_skip_unavailable': False, 'install_base': '/home/billy/git/Robotics-Studio-2/install/ur_description_local', 'merge_install': False, 'path': '/home/billy/git/Robotics-Studio-2/src/ur_description_local', 'symlink_install': False, 'test_result_base': None}
[0.944s] INFO:colcon.colcon_core.executor:Executing jobs using 'parallel' executor
[0.946s] DEBUG:colcon.colcon_parallel_executor.executor.parallel:run_until_complete
[0.947s] INFO:colcon.colcon_ros.task.ament_cmake.build:Building ROS package in '/home/billy/git/Robotics-Studio-2/src/ur_description_local' with build type 'ament_cmake'
[0.947s] INFO:colcon.colcon_cmake.task.cmake.build:Building CMake package in '/home/billy/git/Robotics-Studio-2/src/ur_description_local'
[0.954s] INFO:colcon.colcon_core.plugin_system:Skipping extension 'colcon_core.shell.bat': Not used on non-Windows systems
[0.954s] INFO:colcon.colcon_core.shell:Skip shell extension 'powershell' for command environment: Not usable outside of PowerShell
[0.954s] DEBUG:colcon.colcon_core.shell:Skip shell extension 'dsv' for command environment
[0.988s] DEBUG:colcon.colcon_core.event_handler.log_command:Invoking command in '/home/billy/git/Robotics-Studio-2/build/ur_description_local': CMAKE_PREFIX_PATH=${CMAKE_PREFIX_PATH}:/opt/ros/humble /usr/bin/cmake /home/billy/git/Robotics-Studio-2/src/ur_description_local -DCMAKE_INSTALL_PREFIX=/home/billy/git/Robotics-Studio-2/install/ur_description_local
[1.012s] Level 1:colcon.colcon_core.environment:create_environment_scripts_only(ur_description_local)
[1.013s] DEBUG:colcon.colcon_core.event_handler.log_command:Invoked command in '/home/billy/git/Robotics-Studio-2/build/ur_description_local' returned '1': CMAKE_PREFIX_PATH=${CMAKE_PREFIX_PATH}:/opt/ros/humble /usr/bin/cmake /home/billy/git/Robotics-Studio-2/src/ur_description_local -DCMAKE_INSTALL_PREFIX=/home/billy/git/Robotics-Studio-2/install/ur_description_local
[1.017s] Level 1:colcon.colcon_core.environment:checking '/home/billy/git/Robotics-Studio-2/install/ur_description_local' for CMake module files
[1.018s] Level 1:colcon.colcon_core.environment:checking '/home/billy/git/Robotics-Studio-2/install/ur_description_local' for CMake config files
[1.019s] Level 1:colcon.colcon_core.environment:checking '/home/billy/git/Robotics-Studio-2/install/ur_description_local/bin'
[1.019s] Level 1:colcon.colcon_core.environment:checking '/home/billy/git/Robotics-Studio-2/install/ur_description_local/lib/pkgconfig/ur_description_local.pc'
[1.019s] Level 1:colcon.colcon_core.environment:checking '/home/billy/git/Robotics-Studio-2/install/ur_description_local/lib/python3.10/site-packages'
[1.019s] Level 1:colcon.colcon_core.environment:checking '/home/billy/git/Robotics-Studio-2/install/ur_description_local/bin'
[1.020s] INFO:colcon.colcon_core.shell:Creating package script '/home/billy/git/Robotics-Studio-2/install/ur_description_local/share/ur_description_local/package.ps1'
[1.026s] INFO:colcon.colcon_core.shell:Creating package descriptor '/home/billy/git/Robotics-Studio-2/install/ur_description_local/share/ur_description_local/package.dsv'
[1.027s] INFO:colcon.colcon_core.shell:Creating package script '/home/billy/git/Robotics-Studio-2/install/ur_description_local/share/ur_description_local/package.sh'
[1.028s] INFO:colcon.colcon_core.shell:Creating package script '/home/billy/git/Robotics-Studio-2/install/ur_description_local/share/ur_description_local/package.bash'
[1.030s] INFO:colcon.colcon_core.shell:Creating package script '/home/billy/git/Robotics-Studio-2/install/ur_description_local/share/ur_description_local/package.zsh'
[1.031s] Level 1:colcon.colcon_core.environment:create_file_with_runtime_dependencies(/home/billy/git/Robotics-Studio-2/install/ur_description_local/share/colcon-core/packages/ur_description_local)
[1.045s] DEBUG:colcon.colcon_parallel_executor.executor.parallel:closing loop
[1.046s] DEBUG:colcon.colcon_parallel_executor.executor.parallel:loop closed
[1.046s] DEBUG:colcon.colcon_parallel_executor.executor.parallel:run_until_complete finished with '1'
[1.046s] DEBUG:colcon.colcon_core.event_reactor:joining thread
[1.110s] INFO:colcon.colcon_core.plugin_system:Skipping extension 'colcon_notification.desktop_notification.notify_send': Could not find 'notify-send'
[1.110s] INFO:colcon.colcon_core.plugin_system:Skipping extension 'colcon_notification.desktop_notification.terminal_notifier': Not used on non-Darwin systems
[1.110s] INFO:colcon.colcon_core.plugin_system:Skipping extension 'colcon_notification.desktop_notification.win32': Not used on non-Windows systems
[1.111s] INFO:colcon.colcon_notification.desktop_notification:Sending desktop notification using 'notify2'
[1.114s] DEBUG:colcon.colcon_notification.desktop_notification.notify2:Failed to initialize notify2: org.freedesktop.DBus.Error.ServiceUnknown: The name org.freedesktop.Notifications was not provided by any .service files
[1.115s] DEBUG:colcon.colcon_core.event_reactor:joined thread
[1.116s] INFO:colcon.colcon_core.shell:Creating prefix script '/home/billy/git/Robotics-Studio-2/install/local_setup.ps1'
[1.118s] INFO:colcon.colcon_core.shell:Creating prefix util module '/home/billy/git/Robotics-Studio-2/install/_local_setup_util_ps1.py'
[1.120s] INFO:colcon.colcon_core.shell:Creating prefix chain script '/home/billy/git/Robotics-Studio-2/install/setup.ps1'
[1.122s] INFO:colcon.colcon_core.shell:Creating prefix script '/home/billy/git/Robotics-Studio-2/install/local_setup.sh'
[1.123s] INFO:colcon.colcon_core.shell:Creating prefix util module '/home/billy/git/Robotics-Studio-2/install/_local_setup_util_sh.py'
[1.124s] INFO:colcon.colcon_core.shell:Creating prefix chain script '/home/billy/git/Robotics-Studio-2/install/setup.sh'
[1.126s] INFO:colcon.colcon_core.shell:Creating prefix script '/home/billy/git/Robotics-Studio-2/install/local_setup.bash'
[1.127s] INFO:colcon.colcon_core.shell:Creating prefix chain script '/home/billy/git/Robotics-Studio-2/install/setup.bash'
[1.130s] INFO:colcon.colcon_core.shell:Creating prefix script '/home/billy/git/Robotics-Studio-2/install/local_setup.zsh'
[1.130s] INFO:colcon.colcon_core.shell:Creating prefix chain script '/home/billy/git/Robotics-Studio-2/install/setup.zsh'
