[0.066s] Invoking command in '/home/billy/git/Robotics-Studio-2/build/ur_onrobot_description': CMAKE_PREFIX_PATH=/home/billy/git/Robotics-Studio-2/install/onrobot_description:/home/billy/install/object_msgs:/home/billy/git/Robotics-Studio-2/install/ur_onrobot_moveit_config:/home/billy/git/Robotics-Studio-2/install/ur_onrobot_control:/home/billy/git/Robotics-Studio-2/install/ur_onrobot_description:/home/billy/git/Robotics-Studio-2/install/onrobot_driver:/home/billy/git/Robotics-Studio-2/install/object_msgs:/opt/ros/humble /usr/bin/cmake --build /home/billy/git/Robotics-Studio-2/build/ur_onrobot_description -- -j16 -l16
[0.152s] Invoked command in '/home/billy/git/Robotics-Studio-2/build/ur_onrobot_description' returned '0': CMAKE_PREFIX_PATH=/home/billy/git/Robotics-Studio-2/install/onrobot_description:/home/billy/install/object_msgs:/home/billy/git/Robotics-Studio-2/install/ur_onrobot_moveit_config:/home/billy/git/Robotics-Studio-2/install/ur_onrobot_control:/home/billy/git/Robotics-Studio-2/install/ur_onrobot_description:/home/billy/git/Robotics-Studio-2/install/onrobot_driver:/home/billy/git/Robotics-Studio-2/install/object_msgs:/opt/ros/humble /usr/bin/cmake --build /home/billy/git/Robotics-Studio-2/build/ur_onrobot_description -- -j16 -l16
[0.156s] Invoking command in '/home/billy/git/Robotics-Studio-2/build/ur_onrobot_description': CMAKE_PREFIX_PATH=/home/billy/git/Robotics-Studio-2/install/onrobot_description:/home/billy/install/object_msgs:/home/billy/git/Robotics-Studio-2/install/ur_onrobot_moveit_config:/home/billy/git/Robotics-Studio-2/install/ur_onrobot_control:/home/billy/git/Robotics-Studio-2/install/ur_onrobot_description:/home/billy/git/Robotics-Studio-2/install/onrobot_driver:/home/billy/git/Robotics-Studio-2/install/object_msgs:/opt/ros/humble /usr/bin/cmake --install /home/billy/git/Robotics-Studio-2/build/ur_onrobot_description
[0.169s] -- Install configuration: ""
[0.170s] -- Execute custom install script
[0.170s] -- Up-to-date symlink: /home/billy/git/Robotics-Studio-2/install/ur_onrobot_description/share/ur_onrobot_description/launch/view_robot.launch.py
[0.171s] -- Up-to-date symlink: /home/billy/git/Robotics-Studio-2/install/ur_onrobot_description/share/ur_onrobot_description/rviz/view_robot.rviz
[0.172s] -- Up-to-date symlink: /home/billy/git/Robotics-Studio-2/install/ur_onrobot_description/share/ur_onrobot_description/urdf/ur_onrobot.urdf.xacro
[0.172s] -- Up-to-date symlink: /home/billy/git/Robotics-Studio-2/install/ur_onrobot_description/share/ur_onrobot_description/urdf/ur_onrobot_macro.xacro
[0.172s] -- Up-to-date symlink: /home/billy/git/Robotics-Studio-2/install/ur_onrobot_description/share/ament_index/resource_index/package_run_dependencies/ur_onrobot_description
[0.173s] -- Up-to-date symlink: /home/billy/git/Robotics-Studio-2/install/ur_onrobot_description/share/ament_index/resource_index/parent_prefix_path/ur_onrobot_description
[0.173s] -- Up-to-date symlink: /home/billy/git/Robotics-Studio-2/install/ur_onrobot_description/share/ur_onrobot_description/environment/ament_prefix_path.sh
[0.174s] -- Up-to-date symlink: /home/billy/git/Robotics-Studio-2/install/ur_onrobot_description/share/ur_onrobot_description/environment/ament_prefix_path.dsv
[0.174s] -- Up-to-date symlink: /home/billy/git/Robotics-Studio-2/install/ur_onrobot_description/share/ur_onrobot_description/environment/path.sh
[0.175s] -- Up-to-date symlink: /home/billy/git/Robotics-Studio-2/install/ur_onrobot_description/share/ur_onrobot_description/environment/path.dsv
[0.175s] -- Up-to-date symlink: /home/billy/git/Robotics-Studio-2/install/ur_onrobot_description/share/ur_onrobot_description/local_setup.bash
[0.176s] -- Up-to-date symlink: /home/billy/git/Robotics-Studio-2/install/ur_onrobot_description/share/ur_onrobot_description/local_setup.sh
[0.176s] -- Up-to-date symlink: /home/billy/git/Robotics-Studio-2/install/ur_onrobot_description/share/ur_onrobot_description/local_setup.zsh
[0.176s] -- Up-to-date symlink: /home/billy/git/Robotics-Studio-2/install/ur_onrobot_description/share/ur_onrobot_description/local_setup.dsv
[0.177s] -- Symlinking: /home/billy/git/Robotics-Studio-2/install/ur_onrobot_description/share/ur_onrobot_description/package.dsv
[0.195s] -- Up-to-date symlink: /home/billy/git/Robotics-Studio-2/install/ur_onrobot_description/share/ament_index/resource_index/packages/ur_onrobot_description
[0.196s] -- Up-to-date symlink: /home/billy/git/Robotics-Studio-2/install/ur_onrobot_description/share/ur_onrobot_description/cmake/ur_onrobot_descriptionConfig.cmake
[0.196s] -- Up-to-date symlink: /home/billy/git/Robotics-Studio-2/install/ur_onrobot_description/share/ur_onrobot_description/cmake/ur_onrobot_descriptionConfig-version.cmake
[0.196s] -- Up-to-date symlink: /home/billy/git/Robotics-Studio-2/install/ur_onrobot_description/share/ur_onrobot_description/package.xml
[0.201s] Invoked command in '/home/billy/git/Robotics-Studio-2/build/ur_onrobot_description' returned '0': CMAKE_PREFIX_PATH=/home/billy/git/Robotics-Studio-2/install/onrobot_description:/home/billy/install/object_msgs:/home/billy/git/Robotics-Studio-2/install/ur_onrobot_moveit_config:/home/billy/git/Robotics-Studio-2/install/ur_onrobot_control:/home/billy/git/Robotics-Studio-2/install/ur_onrobot_description:/home/billy/git/Robotics-Studio-2/install/onrobot_driver:/home/billy/git/Robotics-Studio-2/install/object_msgs:/opt/ros/humble /usr/bin/cmake --install /home/billy/git/Robotics-Studio-2/build/ur_onrobot_description
