[0.164s] Invoking command in '/home/billy/git/Robotics-Studio-2/build/ur_onrobot_control': CMAKE_PREFIX_PATH=/home/billy/git/Robotics-Studio-2/install/ur_onrobot_description:/home/billy/git/Robotics-Studio-2/install/onrobot_driver:/home/billy/git/Robotics-Studio-2/install/onrobot_description:/home/billy/install/object_msgs:/home/billy/git/Robotics-Studio-2/install/ur_onrobot_moveit_config:/home/billy/git/Robotics-Studio-2/install/ur_onrobot_control:/home/billy/git/Robotics-Studio-2/install/object_msgs:/opt/ros/humble LD_LIBRARY_PATH=/home/billy/git/Robotics-Studio-2/install/onrobot_driver/lib:/home/billy/install/object_msgs/lib:/home/billy/git/Robotics-Studio-2/install/object_msgs/lib:/usr/lib/x86_64-linux-gnu/gazebo-11/plugins:/opt/ros/humble/opt/rviz_ogre_vendor/lib:/opt/ros/humble/lib/x86_64-linux-gnu:/opt/ros/humble/lib /usr/bin/cmake --build /home/billy/git/Robotics-Studio-2/build/ur_onrobot_control -- -j16 -l16
[0.259s] Invoked command in '/home/billy/git/Robotics-Studio-2/build/ur_onrobot_control' returned '0': CMAKE_PREFIX_PATH=/home/billy/git/Robotics-Studio-2/install/ur_onrobot_description:/home/billy/git/Robotics-Studio-2/install/onrobot_driver:/home/billy/git/Robotics-Studio-2/install/onrobot_description:/home/billy/install/object_msgs:/home/billy/git/Robotics-Studio-2/install/ur_onrobot_moveit_config:/home/billy/git/Robotics-Studio-2/install/ur_onrobot_control:/home/billy/git/Robotics-Studio-2/install/object_msgs:/opt/ros/humble LD_LIBRARY_PATH=/home/billy/git/Robotics-Studio-2/install/onrobot_driver/lib:/home/billy/install/object_msgs/lib:/home/billy/git/Robotics-Studio-2/install/object_msgs/lib:/usr/lib/x86_64-linux-gnu/gazebo-11/plugins:/opt/ros/humble/opt/rviz_ogre_vendor/lib:/opt/ros/humble/lib/x86_64-linux-gnu:/opt/ros/humble/lib /usr/bin/cmake --build /home/billy/git/Robotics-Studio-2/build/ur_onrobot_control -- -j16 -l16
[0.264s] Invoking command in '/home/billy/git/Robotics-Studio-2/build/ur_onrobot_control': CMAKE_PREFIX_PATH=/home/billy/git/Robotics-Studio-2/install/ur_onrobot_description:/home/billy/git/Robotics-Studio-2/install/onrobot_driver:/home/billy/git/Robotics-Studio-2/install/onrobot_description:/home/billy/install/object_msgs:/home/billy/git/Robotics-Studio-2/install/ur_onrobot_moveit_config:/home/billy/git/Robotics-Studio-2/install/ur_onrobot_control:/home/billy/git/Robotics-Studio-2/install/object_msgs:/opt/ros/humble LD_LIBRARY_PATH=/home/billy/git/Robotics-Studio-2/install/onrobot_driver/lib:/home/billy/install/object_msgs/lib:/home/billy/git/Robotics-Studio-2/install/object_msgs/lib:/usr/lib/x86_64-linux-gnu/gazebo-11/plugins:/opt/ros/humble/opt/rviz_ogre_vendor/lib:/opt/ros/humble/lib/x86_64-linux-gnu:/opt/ros/humble/lib /usr/bin/cmake --install /home/billy/git/Robotics-Studio-2/build/ur_onrobot_control
[0.278s] -- Install configuration: ""
[0.279s] -- Execute custom install script
[0.280s] -- Up-to-date symlink: /home/billy/git/Robotics-Studio-2/install/ur_onrobot_control/share/ur_onrobot_control/launch/start_robot.launch.py
[0.280s] -- Up-to-date symlink: /home/billy/git/Robotics-Studio-2/install/ur_onrobot_control/share/ur_onrobot_control/config/ur_onrobot_controllers.yaml
[0.280s] -- Up-to-date symlink: /home/billy/git/Robotics-Studio-2/install/ur_onrobot_control/share/ament_index/resource_index/package_run_dependencies/ur_onrobot_control
[0.281s] -- Up-to-date symlink: /home/billy/git/Robotics-Studio-2/install/ur_onrobot_control/share/ament_index/resource_index/parent_prefix_path/ur_onrobot_control
[0.281s] -- Up-to-date symlink: /home/billy/git/Robotics-Studio-2/install/ur_onrobot_control/share/ur_onrobot_control/environment/ament_prefix_path.sh
[0.282s] -- Up-to-date symlink: /home/billy/git/Robotics-Studio-2/install/ur_onrobot_control/share/ur_onrobot_control/environment/ament_prefix_path.dsv
[0.282s] -- Up-to-date symlink: /home/billy/git/Robotics-Studio-2/install/ur_onrobot_control/share/ur_onrobot_control/environment/path.sh
[0.283s] -- Up-to-date symlink: /home/billy/git/Robotics-Studio-2/install/ur_onrobot_control/share/ur_onrobot_control/environment/path.dsv
[0.284s] -- Up-to-date symlink: /home/billy/git/Robotics-Studio-2/install/ur_onrobot_control/share/ur_onrobot_control/local_setup.bash
[0.284s] -- Up-to-date symlink: /home/billy/git/Robotics-Studio-2/install/ur_onrobot_control/share/ur_onrobot_control/local_setup.sh
[0.284s] -- Up-to-date symlink: /home/billy/git/Robotics-Studio-2/install/ur_onrobot_control/share/ur_onrobot_control/local_setup.zsh
[0.285s] -- Up-to-date symlink: /home/billy/git/Robotics-Studio-2/install/ur_onrobot_control/share/ur_onrobot_control/local_setup.dsv
[0.285s] -- Symlinking: /home/billy/git/Robotics-Studio-2/install/ur_onrobot_control/share/ur_onrobot_control/package.dsv
[0.306s] -- Up-to-date symlink: /home/billy/git/Robotics-Studio-2/install/ur_onrobot_control/share/ament_index/resource_index/packages/ur_onrobot_control
[0.306s] -- Up-to-date symlink: /home/billy/git/Robotics-Studio-2/install/ur_onrobot_control/share/ur_onrobot_control/cmake/ur_onrobot_controlConfig.cmake
[0.306s] -- Up-to-date symlink: /home/billy/git/Robotics-Studio-2/install/ur_onrobot_control/share/ur_onrobot_control/cmake/ur_onrobot_controlConfig-version.cmake
[0.307s] -- Up-to-date symlink: /home/billy/git/Robotics-Studio-2/install/ur_onrobot_control/share/ur_onrobot_control/package.xml
[0.312s] Invoked command in '/home/billy/git/Robotics-Studio-2/build/ur_onrobot_control' returned '0': CMAKE_PREFIX_PATH=/home/billy/git/Robotics-Studio-2/install/ur_onrobot_description:/home/billy/git/Robotics-Studio-2/install/onrobot_driver:/home/billy/git/Robotics-Studio-2/install/onrobot_description:/home/billy/install/object_msgs:/home/billy/git/Robotics-Studio-2/install/ur_onrobot_moveit_config:/home/billy/git/Robotics-Studio-2/install/ur_onrobot_control:/home/billy/git/Robotics-Studio-2/install/object_msgs:/opt/ros/humble LD_LIBRARY_PATH=/home/billy/git/Robotics-Studio-2/install/onrobot_driver/lib:/home/billy/install/object_msgs/lib:/home/billy/git/Robotics-Studio-2/install/object_msgs/lib:/usr/lib/x86_64-linux-gnu/gazebo-11/plugins:/opt/ros/humble/opt/rviz_ogre_vendor/lib:/opt/ros/humble/lib/x86_64-linux-gnu:/opt/ros/humble/lib /usr/bin/cmake --install /home/billy/git/Robotics-Studio-2/build/ur_onrobot_control
