[35m[1mConsolidate compiler generated dependencies of target panda_demo_node[0m
[ 50%] [32m[1mLinking CXX executable panda_demo_node[0m
[100%] Built target panda_demo_node
-- Install configuration: ""
-- Execute custom install script
-- Symlinking: /home/billy/git/Robotics-Studio-2/install/ur3_demo_cpp/lib/ur3_demo_cpp/panda_demo_node
-- Symlinking: /home/billy/git/Robotics-Studio-2/install/ur3_demo_cpp/share/ur3_demo_cpp/launch/ur_moveit.launch.py
-- Symlinking: /home/billy/git/Robotics-Studio-2/install/ur3_demo_cpp/share/ament_index/resource_index/package_run_dependencies/ur3_demo_cpp
-- Symlinking: /home/billy/git/Robotics-Studio-2/install/ur3_demo_cpp/share/ament_index/resource_index/parent_prefix_path/ur3_demo_cpp
-- Symlinking: /home/billy/git/Robotics-Studio-2/install/ur3_demo_cpp/share/ur3_demo_cpp/environment/ament_prefix_path.sh
-- Symlinking: /home/billy/git/Robotics-Studio-2/install/ur3_demo_cpp/share/ur3_demo_cpp/environment/ament_prefix_path.dsv
-- Symlinking: /home/billy/git/Robotics-Studio-2/install/ur3_demo_cpp/share/ur3_demo_cpp/environment/path.sh
-- Symlinking: /home/billy/git/Robotics-Studio-2/install/ur3_demo_cpp/share/ur3_demo_cpp/environment/path.dsv
-- Symlinking: /home/billy/git/Robotics-Studio-2/install/ur3_demo_cpp/share/ur3_demo_cpp/local_setup.bash
-- Symlinking: /home/billy/git/Robotics-Studio-2/install/ur3_demo_cpp/share/ur3_demo_cpp/local_setup.sh
-- Symlinking: /home/billy/git/Robotics-Studio-2/install/ur3_demo_cpp/share/ur3_demo_cpp/local_setup.zsh
-- Symlinking: /home/billy/git/Robotics-Studio-2/install/ur3_demo_cpp/share/ur3_demo_cpp/local_setup.dsv
-- Symlinking: /home/billy/git/Robotics-Studio-2/install/ur3_demo_cpp/share/ur3_demo_cpp/package.dsv
-- Symlinking: /home/billy/git/Robotics-Studio-2/install/ur3_demo_cpp/share/ament_index/resource_index/packages/ur3_demo_cpp
-- Symlinking: /home/billy/git/Robotics-Studio-2/install/ur3_demo_cpp/share/ur3_demo_cpp/cmake/ur3_demo_cppConfig.cmake
-- Symlinking: /home/billy/git/Robotics-Studio-2/install/ur3_demo_cpp/share/ur3_demo_cpp/cmake/ur3_demo_cppConfig-version.cmake
-- Symlinking: /home/billy/git/Robotics-Studio-2/install/ur3_demo_cpp/share/ur3_demo_cpp/package.xml
