[01m[K/home/billy/git/Robotics-Studio-2/src/ur_gripper_demo/src/pick_n_place_try2_1.cpp:[m[K In function ‘[01m[Kvoid loadBinPoses(const string&)[m[K’:
[01m[K/home/billy/git/Robotics-Studio-2/src/ur_gripper_demo/src/pick_n_place_try2_1.cpp:186:5:[m[K [01;31m[Kerror: [m[K‘[01m[Knlohmann[m[K’ has not been declared
  186 |     [01;31m[Knlohmann[m[K::json j;
      |     [01;31m[K^~~~~~~~[m[K
[01m[K/home/billy/git/Robotics-Studio-2/src/ur_gripper_demo/src/pick_n_place_try2_1.cpp:187:11:[m[K [01;31m[Kerror: [m[K‘[01m[Kj[m[K’ was not declared in this scope; did you mean ‘[01m[Kjn[m[K’?
  187 |     in >> [01;31m[Kj[m[K;
      |           [01;31m[K^[m[K
      |           [32m[Kjn[m[K
[01m[K/home/billy/git/Robotics-Studio-2/src/ur_gripper_demo/src/pick_n_place_try2_1.cpp:[m[K In function ‘[01m[Kvoid saveBinPose(const string&, const Pose&, const string&)[m[K’:
[01m[K/home/billy/git/Robotics-Studio-2/src/ur_gripper_demo/src/pick_n_place_try2_1.cpp:222:5:[m[K [01;31m[Kerror: [m[K‘[01m[Knlohmann[m[K’ has not been declared
  222 |     [01;31m[Knlohmann[m[K::json j;
      |     [01;31m[K^~~~~~~~[m[K
[01m[K/home/billy/git/Robotics-Studio-2/src/ur_gripper_demo/src/pick_n_place_try2_1.cpp:232:9:[m[K [01;31m[Kerror: [m[K‘[01m[Kj[m[K’ was not declared in this scope
  232 |         [01;31m[Kj[m[K[k] = {
      |         [01;31m[K^[m[K
[01m[K/home/billy/git/Robotics-Studio-2/src/ur_gripper_demo/src/pick_n_place_try2_1.cpp:239:12:[m[K [01;31m[Kerror: [m[K‘[01m[Kj[m[K’ was not declared in this scope; did you mean ‘[01m[Kjn[m[K’?
  239 |     out << [01;31m[Kj[m[K.dump(4);
      |            [01;31m[K^[m[K
      |            [32m[Kjn[m[K
[01m[K/home/billy/git/Robotics-Studio-2/src/ur_gripper_demo/src/pick_n_place_try2_1.cpp:[m[K In function ‘[01m[KGraspGeometry computeGraspGeometry(const Object&)[m[K’:
[01m[K/home/billy/git/Robotics-Studio-2/src/ur_gripper_demo/src/pick_n_place_try2_1.cpp:521:10:[m[K [01;31m[Kerror: [m[Kredeclaration of ‘[01m[Kbool tall_object[m[K’
  521 |     bool [01;31m[Ktall_object[m[K  = height > 0.05;
      |          [01;31m[K^~~~~~~~~~~[m[K
[01m[K/home/billy/git/Robotics-Studio-2/src/ur_gripper_demo/src/pick_n_place_try2_1.cpp:520:10:[m[K [01;36m[Knote: [m[K‘[01m[Kbool tall_object[m[K’ previously declared here
  520 |     bool [01;36m[Ktall_object[m[K  = height > xy_max * 1.2;
      |          [01;36m[K^~~~~~~~~~~[m[K
In file included from [01m[K/opt/ros/humble/include/rclcpp/rclcpp/logging.hpp:24[m[K,
                 from [01m[K/opt/ros/humble/include/rclcpp/rclcpp/client.hpp:40[m[K,
                 from [01m[K/opt/ros/humble/include/rclcpp/rclcpp/callback_group.hpp:24[m[K,
                 from [01m[K/opt/ros/humble/include/rclcpp/rclcpp/any_executable.hpp:20[m[K,
                 from [01m[K/opt/ros/humble/include/rclcpp/rclcpp/memory_strategy.hpp:25[m[K,
                 from [01m[K/opt/ros/humble/include/rclcpp/rclcpp/memory_strategies.hpp:18[m[K,
                 from [01m[K/opt/ros/humble/include/rclcpp/rclcpp/executor_options.hpp:20[m[K,
                 from [01m[K/opt/ros/humble/include/rclcpp/rclcpp/executor.hpp:37[m[K,
                 from [01m[K/opt/ros/humble/include/rclcpp/rclcpp/executors/multi_threaded_executor.hpp:25[m[K,
                 from [01m[K/opt/ros/humble/include/rclcpp/rclcpp/executors.hpp:21[m[K,
                 from [01m[K/opt/ros/humble/include/rclcpp/rclcpp/rclcpp.hpp:155[m[K,
                 from [01m[K/home/billy/git/Robotics-Studio-2/src/ur_gripper_demo/src/pick_n_place_try2_1.cpp:1[m[K:
[01m[K/home/billy/git/Robotics-Studio-2/src/ur_gripper_demo/src/pick_n_place_try2_1.cpp:[m[K In function ‘[01m[Kvoid MainLoop(moveit::planning_interface::MoveGroupInterface&, const SharedPtr&, moveit::planning_interface::PlanningSceneInterface&, const ObjectArray&, const PoseArray&)[m[K’:
[01m[K/home/billy/git/Robotics-Studio-2/src/ur_gripper_demo/src/pick_n_place_try2_1.cpp:1108:85:[m[K [01;31m[Kerror: [m[Krequest for member ‘[01m[Kc_str[m[K’ in ‘[01m[Kr.ResolvedObject::grasp.GraspGeometry::strategy[m[K’, which is of non-class type ‘[01m[Kconst GraspStrategy[m[K’
 1108 |             RCLCPP_INFO(LOGGER, "Skipping unknonwn strategy'%s' ", r.grasp.strategy.[01;31m[Kc_str[m[K());
      |                                                                                     [01;31m[K^~~~~[m[K
[01m[K/home/billy/git/Robotics-Studio-2/src/ur_gripper_demo/src/pick_n_place_try2_1.cpp:1109:21:[m[K [01;31m[Kerror: [m[Kexpected ‘[01m[K;[m[K’ before ‘[01m[K}[m[K’ token
 1109 |             continue
      |                     [01;31m[K^[m[K
      |                     [32m[K;[m[K
 1110 |         [32m[K}[m[K
      |         [32m[K~[m[K            
[01m[K/home/billy/git/Robotics-Studio-2/src/ur_gripper_demo/src/pick_n_place_try2_1.cpp:1113:60:[m[K [01;31m[Kerror: [m[Kinvalid initialization of reference of type ‘[01m[Kconst string&[m[K’ {aka ‘[01m[Kconst std::__cxx11::basic_string<char>&[m[K’} from expression of type ‘[01m[Kmoveit::planning_interface::MoveGroupInterface[m[K’
 1113 |         geometry_msgs::msg::Pose bin_pose = getDropOffPose([01;31m[Karm[m[K, r.bin_index);
      |                                                            [01;31m[K^~~[m[K
[01m[K/home/billy/git/Robotics-Studio-2/src/ur_gripper_demo/src/pick_n_place_try2_1.cpp:244:60:[m[K [01;36m[Knote: [m[Kin passing argument 1 of ‘[01m[Kgeometry_msgs::msg::Pose getDropOffPose(const string&)[m[K’
  244 | geometry_msgs::msg::Pose getDropOffPose([01;36m[Kconst std::string& class_name[m[K)
      |                                         [01;36m[K~~~~~~~~~~~~~~~~~~~^~~~~~~~~~[m[K
[01m[K/home/billy/git/Robotics-Studio-2/src/ur_gripper_demo/src/pick_n_place_try2_1.cpp:[m[K In function ‘[01m[Kvoid handleCommand(const string&, moveit::planning_interface::MoveGroupInterface&, const SharedPtr&)[m[K’:
[01m[K/home/billy/git/Robotics-Studio-2/src/ur_gripper_demo/src/pick_n_place_try2_1.cpp:1150:20:[m[K [01;31m[Kerror: [m[Ktoo few arguments to function ‘[01m[Kvoid saveBinPose(const string&, const Pose&, const string&)[m[K’
 1150 |         [01;31m[KsaveBinPose(label, p)[m[K;
      |         [01;31m[K~~~~~~~~~~~^~~~~~~~~~[m[K
[01m[K/home/billy/git/Robotics-Studio-2/src/ur_gripper_demo/src/pick_n_place_try2_1.cpp:213:6:[m[K [01;36m[Knote: [m[Kdeclared here
  213 | void [01;36m[KsaveBinPose[m[K(
      |      [01;36m[K^~~~~~~~~~~[m[K
[01m[K/home/billy/git/Robotics-Studio-2/src/ur_gripper_demo/src/pick_n_place_try2_1.cpp:[m[K In lambda function:
[01m[K/home/billy/git/Robotics-Studio-2/src/ur_gripper_demo/src/pick_n_place_try2_1.cpp:1229:34:[m[K [01;31m[Kerror: [m[K‘[01m[Karm[m[K’ was not declared in this scope
 1229 |         handleCommand(msg->data, [01;31m[Karm[m[K, gripper_pub);
      |                                  [01;31m[K^~~[m[K
gmake[2]: *** [CMakeFiles/gripper_pick_place.dir/build.make:76: CMakeFiles/gripper_pick_place.dir/src/pick_n_place_try2_1.cpp.o] Error 1
gmake[1]: *** [CMakeFiles/Makefile2:220: CMakeFiles/gripper_pick_place.dir/all] Error 2
gmake: *** [Makefile:146: all] Error 2
