-- Found ament_cmake: 1.3.13 (/opt/ros/humble/share/ament_cmake/cmake)
-- Override CMake install command with custom implementation using symlinks instead of copying resources
-- Found rclcpp: 16.0.18 (/opt/ros/humble/share/rclcpp/cmake)
-- Found rosidl_generator_c: 3.1.8 (/opt/ros/humble/share/rosidl_generator_c/cmake)
-- Found rosidl_adapter: 3.1.8 (/opt/ros/humble/share/rosidl_adapter/cmake)
-- Found rosidl_generator_cpp: 3.1.8 (/opt/ros/humble/share/rosidl_generator_cpp/cmake)
-- Using all available rosidl_typesupport_c: rosidl_typesupport_fastrtps_c;rosidl_typesupport_introspection_c
-- Using all available rosidl_typesupport_cpp: rosidl_typesupport_fastrtps_cpp;rosidl_typesupport_introspection_cpp
-- Found rmw_implementation_cmake: 6.1.2 (/opt/ros/humble/share/rmw_implementation_cmake/cmake)
-- Found rmw_fastrtps_cpp: 6.2.10 (/opt/ros/humble/share/rmw_fastrtps_cpp/cmake)
-- Using RMW implementation 'rmw_fastrtps_cpp' as default
-- Found geometry_msgs: 4.9.1 (/opt/ros/humble/share/geometry_msgs/cmake)
-- Found moveit_core: 2.5.9 (/opt/ros/humble/share/moveit_core/cmake)
-- Found Boost: /usr/lib/x86_64-linux-gnu/cmake/Boost-1.74.0/BoostConfig.cmake (found version "1.74.0") found components: chrono date_time filesystem iostreams program_options regex serialization system thread 
-- Found parameter_traits: 0.6.0 (/opt/ros/humble/share/parameter_traits/cmake)
-- Found rclcpp_lifecycle: 16.0.18 (/opt/ros/humble/share/rclcpp_lifecycle/cmake)
-- Found Boost: /usr/lib/x86_64-linux-gnu/cmake/Boost-1.74.0/BoostConfig.cmake (found version "1.74.0") found components: filesystem 
-- library: /usr/lib/x86_64-linux-gnu/libcurl.so
-- Ensuring Eigen3 include directory is part of orocos-kdl CMake target
-- Found moveit_ros_planning: 2.5.9 (/opt/ros/humble/share/moveit_ros_planning/cmake)
-- Found Boost: /usr/lib/x86_64-linux-gnu/cmake/Boost-1.74.0/BoostConfig.cmake (found version "1.74.0") found components: system filesystem date_time program_options thread chrono 
-- Found moveit_ros_planning_interface: 2.5.9 (/opt/ros/humble/share/moveit_ros_planning_interface/cmake)
-- Found Boost: /usr/lib/x86_64-linux-gnu/cmake/Boost-1.74.0/BoostConfig.cmake (found version "1.74.0") found components: date_time filesystem program_options system thread 
-- Found Boost: /usr/lib/x86_64-linux-gnu/cmake/Boost-1.74.0/BoostConfig.cmake (found version "1.74.0") found components: thread system filesystem regex date_time program_options 
-- Found Boost: /usr/lib/x86_64-linux-gnu/cmake/Boost-1.74.0/BoostConfig.cmake (found version "1.74.0") found components: system filesystem date_time program_options thread 
-- Found moveit_visual_tools: 4.1.2 (/opt/ros/humble/share/moveit_visual_tools/cmake)
-- Setting assimp_DIR to: '/opt/ros/humble/share/rviz_assimp_vendor/cmake/../../../opt/rviz_assimp_vendor/lib/cmake/assimp-4.1'
-- Setting OGRE_DIR to: '/opt/ros/humble/share/rviz_ogre_vendor/cmake/../../../opt/rviz_ogre_vendor/lib/OGRE/cmake'
-- Found OGRE
--   static     : OFF
--   components : HLMS;MeshLodGenerator;Overlay;Paging;Property;RTShaderSystem;Terrain;Volume
--   plugins    : Plugin_BSPSceneManager;Plugin_OctreeSceneManager;Plugin_PCZSceneManager;Plugin_ParticleFX;RenderSystem_GL;RenderSystem_GL3Plus;Codec_STBI
--   media      : /opt/ros/humble/opt/rviz_ogre_vendor/share/OGRE/Media
-- OGRE_LIBRARIES: OgreHLMS;OgreMeshLodGenerator;OgreOverlay;OgrePaging;OgreProperty;OgreRTShaderSystem;OgreTerrain;OgreVolume;OgreMain
-- OGRE_LIBRARY_DIRS: /opt/ros/humble/opt/rviz_ogre_vendor/lib
-- OGRE_PLUGINS: Plugin_BSPSceneManager;Plugin_OctreeSceneManager;Plugin_PCZSceneManager;Plugin_ParticleFX;RenderSystem_GL;RenderSystem_GL3Plus;Codec_STBI
-- OGRE_PLUGIN_DIR: /opt/ros/humble/opt/rviz_ogre_vendor/lib/OGRE
-- rviz_ogre_vendor::OgreOverlay for IMPORTED_LOCATION_RELEASE: /opt/ros/humble/opt/rviz_ogre_vendor/lib/libOgreOverlay.so
-- rviz_ogre_vendor::OgreOverlay for IMPORTED_LOCATION_DEBUG: /opt/ros/humble/opt/rviz_ogre_vendor/lib/libOgreOverlay.so
-- rviz_ogre_vendor::OgreMain for IMPORTED_LOCATION_RELEASE: /opt/ros/humble/opt/rviz_ogre_vendor/lib/libOgreMain.so
-- rviz_ogre_vendor::OgreMain for IMPORTED_LOCATION_DEBUG: /opt/ros/humble/opt/rviz_ogre_vendor/lib/libOgreMain.so
-- Found rclpy: 3.3.20 (/opt/ros/humble/share/rclpy/cmake)
-- Found object_msgs: 0.0.1 (/home/billy/git/Robotics-Studio-2/install/object_msgs/share/object_msgs/cmake)
-- Configuring done
-- Generating done
-- Build files have been written to: /home/billy/git/Robotics-Studio-2/build/ur_gripper_demo
[35m[1mConsolidate compiler generated dependencies of target gripper_demo_node[0m
[ 25%] [32mBuilding CXX object CMakeFiles/gripper_pick_place.dir/src/pick_n_place_try2_1.cpp.o[0m
[ 25%] Built target ament_cmake_python_symlink_ur_gripper_demo
[ 75%] Built target gripper_demo_node
running egg_info
writing ur_gripper_demo.egg-info/PKG-INFO
writing dependency_links to ur_gripper_demo.egg-info/dependency_links.txt
writing top-level names to ur_gripper_demo.egg-info/top_level.txt
reading manifest file 'ur_gripper_demo.egg-info/SOURCES.txt'
writing manifest file 'ur_gripper_demo.egg-info/SOURCES.txt'
[ 75%] Built target ament_cmake_python_build_ur_gripper_demo_egg
[01m[K/home/billy/git/Robotics-Studio-2/src/ur_gripper_demo/src/pick_n_place_try2_1.cpp:[m[K In function ‘[01m[Kvoid loadBinPoses(const string&)[m[K’:
[01m[K/home/billy/git/Robotics-Studio-2/src/ur_gripper_demo/src/pick_n_place_try2_1.cpp:186:5:[m[K [01;31m[Kerror: [m[K‘[01m[Knlohmann[m[K’ has not been declared
  186 |     [01;31m[Knlohmann[m[K::json j;
      |     [01;31m[K^~~~~~~~[m[K
[01m[K/home/billy/git/Robotics-Studio-2/src/ur_gripper_demo/src/pick_n_place_try2_1.cpp:187:11:[m[K [01;31m[Kerror: [m[K‘[01m[Kj[m[K’ was not declared in this scope; did you mean ‘[01m[Kjn[m[K’?
  187 |     in >> [01;31m[Kj[m[K;
      |           [01;31m[K^[m[K
      |           [32m[Kjn[m[K
[01m[K/home/billy/git/Robotics-Studio-2/src/ur_gripper_demo/src/pick_n_place_try2_1.cpp:[m[K In function ‘[01m[Kvoid saveBinPose(const string&, const Pose&, const string&)[m[K’:
[01m[K/home/billy/git/Robotics-Studio-2/src/ur_gripper_demo/src/pick_n_place_try2_1.cpp:222:5:[m[K [01;31m[Kerror: [m[K‘[01m[Knlohmann[m[K’ has not been declared
  222 |     [01;31m[Knlohmann[m[K::json j;
      |     [01;31m[K^~~~~~~~[m[K
[01m[K/home/billy/git/Robotics-Studio-2/src/ur_gripper_demo/src/pick_n_place_try2_1.cpp:232:9:[m[K [01;31m[Kerror: [m[K‘[01m[Kj[m[K’ was not declared in this scope
  232 |         [01;31m[Kj[m[K[k] = {
      |         [01;31m[K^[m[K
[01m[K/home/billy/git/Robotics-Studio-2/src/ur_gripper_demo/src/pick_n_place_try2_1.cpp:239:12:[m[K [01;31m[Kerror: [m[K‘[01m[Kj[m[K’ was not declared in this scope; did you mean ‘[01m[Kjn[m[K’?
  239 |     out << [01;31m[Kj[m[K.dump(4);
      |            [01;31m[K^[m[K
      |            [32m[Kjn[m[K
[01m[K/home/billy/git/Robotics-Studio-2/src/ur_gripper_demo/src/pick_n_place_try2_1.cpp:[m[K In function ‘[01m[KGraspGeometry computeGraspGeometry(const Object&)[m[K’:
[01m[K/home/billy/git/Robotics-Studio-2/src/ur_gripper_demo/src/pick_n_place_try2_1.cpp:521:10:[m[K [01;31m[Kerror: [m[Kredeclaration of ‘[01m[Kbool tall_object[m[K’
  521 |     bool [01;31m[Ktall_object[m[K  = height > 0.05;
      |          [01;31m[K^~~~~~~~~~~[m[K
[01m[K/home/billy/git/Robotics-Studio-2/src/ur_gripper_demo/src/pick_n_place_try2_1.cpp:520:10:[m[K [01;36m[Knote: [m[K‘[01m[Kbool tall_object[m[K’ previously declared here
  520 |     bool [01;36m[Ktall_object[m[K  = height > xy_max * 1.2;
      |          [01;36m[K^~~~~~~~~~~[m[K
In file included from [01m[K/opt/ros/humble/include/rclcpp/rclcpp/logging.hpp:24[m[K,
                 from [01m[K/opt/ros/humble/include/rclcpp/rclcpp/client.hpp:40[m[K,
                 from [01m[K/opt/ros/humble/include/rclcpp/rclcpp/callback_group.hpp:24[m[K,
                 from [01m[K/opt/ros/humble/include/rclcpp/rclcpp/any_executable.hpp:20[m[K,
                 from [01m[K/opt/ros/humble/include/rclcpp/rclcpp/memory_strategy.hpp:25[m[K,
                 from [01m[K/opt/ros/humble/include/rclcpp/rclcpp/memory_strategies.hpp:18[m[K,
                 from [01m[K/opt/ros/humble/include/rclcpp/rclcpp/executor_options.hpp:20[m[K,
                 from [01m[K/opt/ros/humble/include/rclcpp/rclcpp/executor.hpp:37[m[K,
                 from [01m[K/opt/ros/humble/include/rclcpp/rclcpp/executors/multi_threaded_executor.hpp:25[m[K,
                 from [01m[K/opt/ros/humble/include/rclcpp/rclcpp/executors.hpp:21[m[K,
                 from [01m[K/opt/ros/humble/include/rclcpp/rclcpp/rclcpp.hpp:155[m[K,
                 from [01m[K/home/billy/git/Robotics-Studio-2/src/ur_gripper_demo/src/pick_n_place_try2_1.cpp:1[m[K:
[01m[K/home/billy/git/Robotics-Studio-2/src/ur_gripper_demo/src/pick_n_place_try2_1.cpp:[m[K In function ‘[01m[Kvoid MainLoop(moveit::planning_interface::MoveGroupInterface&, const SharedPtr&, moveit::planning_interface::PlanningSceneInterface&, const ObjectArray&, const PoseArray&)[m[K’:
[01m[K/home/billy/git/Robotics-Studio-2/src/ur_gripper_demo/src/pick_n_place_try2_1.cpp:1108:85:[m[K [01;31m[Kerror: [m[Krequest for member ‘[01m[Kc_str[m[K’ in ‘[01m[Kr.ResolvedObject::grasp.GraspGeometry::strategy[m[K’, which is of non-class type ‘[01m[Kconst GraspStrategy[m[K’
 1108 |             RCLCPP_INFO(LOGGER, "Skipping unknonwn strategy'%s' ", r.grasp.strategy.[01;31m[Kc_str[m[K());
      |                                                                                     [01;31m[K^~~~~[m[K
[01m[K/home/billy/git/Robotics-Studio-2/src/ur_gripper_demo/src/pick_n_place_try2_1.cpp:1109:21:[m[K [01;31m[Kerror: [m[Kexpected ‘[01m[K;[m[K’ before ‘[01m[K}[m[K’ token
 1109 |             continue
      |                     [01;31m[K^[m[K
      |                     [32m[K;[m[K
 1110 |         [32m[K}[m[K
      |         [32m[K~[m[K            
[01m[K/home/billy/git/Robotics-Studio-2/src/ur_gripper_demo/src/pick_n_place_try2_1.cpp:1113:60:[m[K [01;31m[Kerror: [m[Kinvalid initialization of reference of type ‘[01m[Kconst string&[m[K’ {aka ‘[01m[Kconst std::__cxx11::basic_string<char>&[m[K’} from expression of type ‘[01m[Kmoveit::planning_interface::MoveGroupInterface[m[K’
 1113 |         geometry_msgs::msg::Pose bin_pose = getDropOffPose([01;31m[Karm[m[K, r.bin_index);
      |                                                            [01;31m[K^~~[m[K
[01m[K/home/billy/git/Robotics-Studio-2/src/ur_gripper_demo/src/pick_n_place_try2_1.cpp:244:60:[m[K [01;36m[Knote: [m[Kin passing argument 1 of ‘[01m[Kgeometry_msgs::msg::Pose getDropOffPose(const string&)[m[K’
  244 | geometry_msgs::msg::Pose getDropOffPose([01;36m[Kconst std::string& class_name[m[K)
      |                                         [01;36m[K~~~~~~~~~~~~~~~~~~~^~~~~~~~~~[m[K
[01m[K/home/billy/git/Robotics-Studio-2/src/ur_gripper_demo/src/pick_n_place_try2_1.cpp:[m[K In function ‘[01m[Kvoid handleCommand(const string&, moveit::planning_interface::MoveGroupInterface&, const SharedPtr&)[m[K’:
[01m[K/home/billy/git/Robotics-Studio-2/src/ur_gripper_demo/src/pick_n_place_try2_1.cpp:1150:20:[m[K [01;31m[Kerror: [m[Ktoo few arguments to function ‘[01m[Kvoid saveBinPose(const string&, const Pose&, const string&)[m[K’
 1150 |         [01;31m[KsaveBinPose(label, p)[m[K;
      |         [01;31m[K~~~~~~~~~~~^~~~~~~~~~[m[K
[01m[K/home/billy/git/Robotics-Studio-2/src/ur_gripper_demo/src/pick_n_place_try2_1.cpp:213:6:[m[K [01;36m[Knote: [m[Kdeclared here
  213 | void [01;36m[KsaveBinPose[m[K(
      |      [01;36m[K^~~~~~~~~~~[m[K
[01m[K/home/billy/git/Robotics-Studio-2/src/ur_gripper_demo/src/pick_n_place_try2_1.cpp:[m[K In lambda function:
[01m[K/home/billy/git/Robotics-Studio-2/src/ur_gripper_demo/src/pick_n_place_try2_1.cpp:1229:34:[m[K [01;31m[Kerror: [m[K‘[01m[Karm[m[K’ was not declared in this scope
 1229 |         handleCommand(msg->data, [01;31m[Karm[m[K, gripper_pub);
      |                                  [01;31m[K^~~[m[K
gmake[2]: *** [CMakeFiles/gripper_pick_place.dir/build.make:76: CMakeFiles/gripper_pick_place.dir/src/pick_n_place_try2_1.cpp.o] Error 1
gmake[1]: *** [CMakeFiles/Makefile2:220: CMakeFiles/gripper_pick_place.dir/all] Error 2
gmake: *** [Makefile:146: all] Error 2
