[0.056s] Invoking command in '/home/billy/git/Robotics-Studio-2/build/ur_gripper_demo': CMAKE_PREFIX_PATH=/home/billy/git/Robotics-Studio-2/install/object_msgs:/home/billy/git/Robotics-Studio-2/install/ur_onrobot_moveit_config:/home/billy/git/Robotics-Studio-2/install/ur_onrobot_control:/home/billy/git/Robotics-Studio-2/install/ur_onrobot_description:/home/billy/git/Robotics-Studio-2/install/ur_gripper_demo:/home/billy/git/Robotics-Studio-2/install/ur_description_local:/home/billy/git/Robotics-Studio-2/install/ur3_demo_cpp:/home/billy/git/Robotics-Studio-2/install/moveit_task_constructor_visualization:/home/billy/git/Robotics-Studio-2/install/moveit_task_constructor_demo:/home/billy/git/Robotics-Studio-2/install/moveit_task_constructor_capabilities:/home/billy/git/Robotics-Studio-2/install/moveit_task_constructor_core:/home/billy/git/Robotics-Studio-2/install/rviz_marker_tools:/home/billy/git/Robotics-Studio-2/install/onrobot_driver:/home/billy/git/Robotics-Studio-2/install/onrobot_description:/home/billy/git/Robotics-Studio-2/install/moveit_task_constructor_msgs:/opt/ros/humble LD_LIBRARY_PATH=/home/billy/git/Robotics-Studio-2/install/object_msgs/lib:/home/billy/git/Robotics-Studio-2/install/moveit_task_constructor_visualization/lib:/home/billy/git/Robotics-Studio-2/install/moveit_task_constructor_demo/lib:/home/billy/git/Robotics-Studio-2/install/moveit_task_constructor_capabilities/lib:/home/billy/git/Robotics-Studio-2/install/moveit_task_constructor_core/lib:/home/billy/git/Robotics-Studio-2/install/rviz_marker_tools/lib:/home/billy/git/Robotics-Studio-2/install/onrobot_driver/lib:/home/billy/git/Robotics-Studio-2/install/moveit_task_constructor_msgs/lib:/usr/lib/x86_64-linux-gnu/gazebo-11/plugins:/opt/ros/humble/opt/rviz_ogre_vendor/lib:/opt/ros/humble/lib/x86_64-linux-gnu:/opt/ros/humble/lib /usr/bin/cmake --build /home/billy/git/Robotics-Studio-2/build/ur_gripper_demo -- -j16 -l16
[0.106s] -- Found ament_cmake: 1.3.13 (/opt/ros/humble/share/ament_cmake/cmake)
[0.252s] -- Override CMake install command with custom implementation using symlinks instead of copying resources
[0.259s] -- Found rclcpp: 16.0.18 (/opt/ros/humble/share/rclcpp/cmake)
[0.352s] -- Found rosidl_generator_c: 3.1.8 (/opt/ros/humble/share/rosidl_generator_c/cmake)
[0.354s] -- Found rosidl_adapter: 3.1.8 (/opt/ros/humble/share/rosidl_adapter/cmake)
[0.359s] -- Found rosidl_generator_cpp: 3.1.8 (/opt/ros/humble/share/rosidl_generator_cpp/cmake)
[0.366s] -- Using all available rosidl_typesupport_c: rosidl_typesupport_fastrtps_c;rosidl_typesupport_introspection_c
[0.375s] -- Using all available rosidl_typesupport_cpp: rosidl_typesupport_fastrtps_cpp;rosidl_typesupport_introspection_cpp
[0.399s] -- Found rmw_implementation_cmake: 6.1.2 (/opt/ros/humble/share/rmw_implementation_cmake/cmake)
[0.400s] -- Found rmw_fastrtps_cpp: 6.2.10 (/opt/ros/humble/share/rmw_fastrtps_cpp/cmake)
[3.514s] -- Using RMW implementation 'rmw_fastrtps_cpp' as default
[3.552s] -- Found geometry_msgs: 4.9.1 (/opt/ros/humble/share/geometry_msgs/cmake)
[3.561s] -- Found moveit_core: 2.5.9 (/opt/ros/humble/share/moveit_core/cmake)
[3.574s] -- Found Boost: /usr/lib/x86_64-linux-gnu/cmake/Boost-1.74.0/BoostConfig.cmake (found version "1.74.0") found components: chrono date_time filesystem iostreams program_options regex serialization system thread 
[4.122s] -- Found parameter_traits: 0.6.0 (/opt/ros/humble/share/parameter_traits/cmake)
[4.127s] -- Found rclcpp_lifecycle: 16.0.18 (/opt/ros/humble/share/rclcpp_lifecycle/cmake)
[4.145s] -- Found Boost: /usr/lib/x86_64-linux-gnu/cmake/Boost-1.74.0/BoostConfig.cmake (found version "1.74.0") found components: filesystem 
[4.994s] -- library: /usr/lib/x86_64-linux-gnu/libcurl.so
[5.036s] -- Ensuring Eigen3 include directory is part of orocos-kdl CMake target
[5.892s] -- Found moveit_ros_planning: 2.5.9 (/opt/ros/humble/share/moveit_ros_planning/cmake)
[5.896s] -- Found Boost: /usr/lib/x86_64-linux-gnu/cmake/Boost-1.74.0/BoostConfig.cmake (found version "1.74.0") found components: system filesystem date_time program_options thread chrono 
[5.912s] -- Found moveit_ros_planning_interface: 2.5.9 (/opt/ros/humble/share/moveit_ros_planning_interface/cmake)
[5.916s] -- Found Boost: /usr/lib/x86_64-linux-gnu/cmake/Boost-1.74.0/BoostConfig.cmake (found version "1.74.0") found components: date_time filesystem program_options system thread 
[5.926s] -- Found Boost: /usr/lib/x86_64-linux-gnu/cmake/Boost-1.74.0/BoostConfig.cmake (found version "1.74.0") found components: thread system filesystem regex date_time program_options 
[5.940s] -- Found Boost: /usr/lib/x86_64-linux-gnu/cmake/Boost-1.74.0/BoostConfig.cmake (found version "1.74.0") found components: system filesystem date_time program_options thread 
[5.959s] -- Found moveit_visual_tools: 4.1.2 (/opt/ros/humble/share/moveit_visual_tools/cmake)
[6.034s] -- Setting assimp_DIR to: '/opt/ros/humble/share/rviz_assimp_vendor/cmake/../../../opt/rviz_assimp_vendor/lib/cmake/assimp-4.1'
[6.039s] -- Setting OGRE_DIR to: '/opt/ros/humble/share/rviz_ogre_vendor/cmake/../../../opt/rviz_ogre_vendor/lib/OGRE/cmake'
[6.040s] -- Found OGRE
[6.040s] --   static     : OFF
[6.040s] --   components : HLMS;MeshLodGenerator;Overlay;Paging;Property;RTShaderSystem;Terrain;Volume
[6.040s] --   plugins    : Plugin_BSPSceneManager;Plugin_OctreeSceneManager;Plugin_PCZSceneManager;Plugin_ParticleFX;RenderSystem_GL;RenderSystem_GL3Plus;Codec_STBI
[6.040s] --   media      : /opt/ros/humble/opt/rviz_ogre_vendor/share/OGRE/Media
[6.040s] -- OGRE_LIBRARIES: OgreHLMS;OgreMeshLodGenerator;OgreOverlay;OgrePaging;OgreProperty;OgreRTShaderSystem;OgreTerrain;OgreVolume;OgreMain
[6.041s] -- OGRE_LIBRARY_DIRS: /opt/ros/humble/opt/rviz_ogre_vendor/lib
[6.041s] -- OGRE_PLUGINS: Plugin_BSPSceneManager;Plugin_OctreeSceneManager;Plugin_PCZSceneManager;Plugin_ParticleFX;RenderSystem_GL;RenderSystem_GL3Plus;Codec_STBI
[6.041s] -- OGRE_PLUGIN_DIR: /opt/ros/humble/opt/rviz_ogre_vendor/lib/OGRE
[6.041s] -- rviz_ogre_vendor::OgreOverlay for IMPORTED_LOCATION_RELEASE: /opt/ros/humble/opt/rviz_ogre_vendor/lib/libOgreOverlay.so
[6.041s] -- rviz_ogre_vendor::OgreOverlay for IMPORTED_LOCATION_DEBUG: /opt/ros/humble/opt/rviz_ogre_vendor/lib/libOgreOverlay.so
[6.041s] -- rviz_ogre_vendor::OgreMain for IMPORTED_LOCATION_RELEASE: /opt/ros/humble/opt/rviz_ogre_vendor/lib/libOgreMain.so
[6.041s] -- rviz_ogre_vendor::OgreMain for IMPORTED_LOCATION_DEBUG: /opt/ros/humble/opt/rviz_ogre_vendor/lib/libOgreMain.so
[7.090s] -- Found rclpy: 3.3.20 (/opt/ros/humble/share/rclpy/cmake)
[7.090s] -- Found object_msgs: 0.0.1 (/home/billy/git/Robotics-Studio-2/install/object_msgs/share/object_msgs/cmake)
[7.224s] [31mCMake Error at /opt/ros/humble/share/ament_cmake_python/cmake/ament_python_install_package.cmake:106 (add_custom_target):
[7.224s]   add_custom_target cannot create target
[7.224s]   "ament_cmake_python_symlink_ur_gripper_demo" because another target with
[7.225s]   the same name already exists.  The existing target is a custom target
[7.225s]   created in source directory
[7.225s]   "/home/billy/git/Robotics-Studio-2/src/ur_gripper_demo".  See documentation
[7.225s]   for policy CMP0002 for more details.
[7.225s] Call Stack (most recent call first):
[7.225s]   /opt/ros/humble/share/ament_cmake_python/cmake/ament_python_install_package.cmake:39 (_ament_cmake_python_install_package)
[7.225s]   CMakeLists.txt:36 (ament_python_install_package)
[7.225s] 
[7.225s] [0m
[7.225s] [31mCMake Error at /opt/ros/humble/share/ament_cmake_python/cmake/ament_python_install_package.cmake:141 (add_custom_target):
[7.225s]   add_custom_target cannot create target
[7.225s]   "ament_cmake_python_build_ur_gripper_demo_egg" because another target with
[7.225s]   the same name already exists.  The existing target is a custom target
[7.225s]   created in source directory
[7.225s]   "/home/billy/git/Robotics-Studio-2/src/ur_gripper_demo".  See documentation
[7.225s]   for policy CMP0002 for more details.
[7.225s] Call Stack (most recent call first):
[7.225s]   /opt/ros/humble/share/ament_cmake_python/cmake/ament_python_install_package.cmake:39 (_ament_cmake_python_install_package)
[7.225s]   CMakeLists.txt:36 (ament_python_install_package)
[7.225s] 
[7.225s] [0m
[7.296s] -- Configuring incomplete, errors occurred!
[7.296s] See also "/home/billy/git/Robotics-Studio-2/build/ur_gripper_demo/CMakeFiles/CMakeOutput.log".
[7.315s] gmake: *** [Makefile:336: cmake_check_build_system] Error 1
[7.319s] Invoked command in '/home/billy/git/Robotics-Studio-2/build/ur_gripper_demo' returned '2': CMAKE_PREFIX_PATH=/home/billy/git/Robotics-Studio-2/install/object_msgs:/home/billy/git/Robotics-Studio-2/install/ur_onrobot_moveit_config:/home/billy/git/Robotics-Studio-2/install/ur_onrobot_control:/home/billy/git/Robotics-Studio-2/install/ur_onrobot_description:/home/billy/git/Robotics-Studio-2/install/ur_gripper_demo:/home/billy/git/Robotics-Studio-2/install/ur_description_local:/home/billy/git/Robotics-Studio-2/install/ur3_demo_cpp:/home/billy/git/Robotics-Studio-2/install/moveit_task_constructor_visualization:/home/billy/git/Robotics-Studio-2/install/moveit_task_constructor_demo:/home/billy/git/Robotics-Studio-2/install/moveit_task_constructor_capabilities:/home/billy/git/Robotics-Studio-2/install/moveit_task_constructor_core:/home/billy/git/Robotics-Studio-2/install/rviz_marker_tools:/home/billy/git/Robotics-Studio-2/install/onrobot_driver:/home/billy/git/Robotics-Studio-2/install/onrobot_description:/home/billy/git/Robotics-Studio-2/install/moveit_task_constructor_msgs:/opt/ros/humble LD_LIBRARY_PATH=/home/billy/git/Robotics-Studio-2/install/object_msgs/lib:/home/billy/git/Robotics-Studio-2/install/moveit_task_constructor_visualization/lib:/home/billy/git/Robotics-Studio-2/install/moveit_task_constructor_demo/lib:/home/billy/git/Robotics-Studio-2/install/moveit_task_constructor_capabilities/lib:/home/billy/git/Robotics-Studio-2/install/moveit_task_constructor_core/lib:/home/billy/git/Robotics-Studio-2/install/rviz_marker_tools/lib:/home/billy/git/Robotics-Studio-2/install/onrobot_driver/lib:/home/billy/git/Robotics-Studio-2/install/moveit_task_constructor_msgs/lib:/usr/lib/x86_64-linux-gnu/gazebo-11/plugins:/opt/ros/humble/opt/rviz_ogre_vendor/lib:/opt/ros/humble/lib/x86_64-linux-gnu:/opt/ros/humble/lib /usr/bin/cmake --build /home/billy/git/Robotics-Studio-2/build/ur_gripper_demo -- -j16 -l16
