[31mCMake Error at /opt/ros/humble/share/ament_cmake_python/cmake/ament_python_install_package.cmake:106 (add_custom_target):
  add_custom_target cannot create target
  "ament_cmake_python_symlink_ur_gripper_demo" because another target with
  the same name already exists.  The existing target is a custom target
  created in source directory
  "/home/billy/git/Robotics-Studio-2/src/ur_gripper_demo".  See documentation
  for policy CMP0002 for more details.
Call Stack (most recent call first):
  /opt/ros/humble/share/ament_cmake_python/cmake/ament_python_install_package.cmake:39 (_ament_cmake_python_install_package)
  CMakeLists.txt:36 (ament_python_install_package)

[0m
[31mCMake Error at /opt/ros/humble/share/ament_cmake_python/cmake/ament_python_install_package.cmake:141 (add_custom_target):
  add_custom_target cannot create target
  "ament_cmake_python_build_ur_gripper_demo_egg" because another target with
  the same name already exists.  The existing target is a custom target
  created in source directory
  "/home/billy/git/Robotics-Studio-2/src/ur_gripper_demo".  See documentation
  for policy CMP0002 for more details.
Call Stack (most recent call first):
  /opt/ros/humble/share/ament_cmake_python/cmake/ament_python_install_package.cmake:39 (_ament_cmake_python_install_package)
  CMakeLists.txt:36 (ament_python_install_package)

[0m
gmake: *** [Makefile:336: cmake_check_build_system] Error 1
