[0.218s] Invoking command in '/home/billy/git/Robotics-Studio-2/build/ur_onrobot_control': CMAKE_PREFIX_PATH=/home/billy/git/Robotics-Studio-2/install/ur_onrobot_description:/home/billy/git/Robotics-Studio-2/install/onrobot_driver:/home/billy/git/Robotics-Studio-2/install/onrobot_description:/home/billy/git/Robotics-Studio-2/install/ur_description_local:/home/billy/git/Robotics-Studio-2/install/ur_onrobot_moveit_config:/home/billy/git/Robotics-Studio-2/install/ur_onrobot_control:/home/billy/git/Robotics-Studio-2/install/ur_gripper_demo:/home/billy/git/Robotics-Studio-2/install/ur3_demo_cpp:/home/billy/git/Robotics-Studio-2/install/object_msgs:/home/billy/install/object_msgs:/opt/ros/humble /usr/bin/cmake --build /home/billy/git/Robotics-Studio-2/build/ur_onrobot_control -- -j16 -l16
[0.324s] Invoked command in '/home/billy/git/Robotics-Studio-2/build/ur_onrobot_control' returned '0': CMAKE_PREFIX_PATH=/home/billy/git/Robotics-Studio-2/install/ur_onrobot_description:/home/billy/git/Robotics-Studio-2/install/onrobot_driver:/home/billy/git/Robotics-Studio-2/install/onrobot_description:/home/billy/git/Robotics-Studio-2/install/ur_description_local:/home/billy/git/Robotics-Studio-2/install/ur_onrobot_moveit_config:/home/billy/git/Robotics-Studio-2/install/ur_onrobot_control:/home/billy/git/Robotics-Studio-2/install/ur_gripper_demo:/home/billy/git/Robotics-Studio-2/install/ur3_demo_cpp:/home/billy/git/Robotics-Studio-2/install/object_msgs:/home/billy/install/object_msgs:/opt/ros/humble /usr/bin/cmake --build /home/billy/git/Robotics-Studio-2/build/ur_onrobot_control -- -j16 -l16
[0.327s] Invoking command in '/home/billy/git/Robotics-Studio-2/build/ur_onrobot_control': CMAKE_PREFIX_PATH=/home/billy/git/Robotics-Studio-2/install/ur_onrobot_description:/home/billy/git/Robotics-Studio-2/install/onrobot_driver:/home/billy/git/Robotics-Studio-2/install/onrobot_description:/home/billy/git/Robotics-Studio-2/install/ur_description_local:/home/billy/git/Robotics-Studio-2/install/ur_onrobot_moveit_config:/home/billy/git/Robotics-Studio-2/install/ur_onrobot_control:/home/billy/git/Robotics-Studio-2/install/ur_gripper_demo:/home/billy/git/Robotics-Studio-2/install/ur3_demo_cpp:/home/billy/git/Robotics-Studio-2/install/object_msgs:/home/billy/install/object_msgs:/opt/ros/humble /usr/bin/cmake --install /home/billy/git/Robotics-Studio-2/build/ur_onrobot_control
[0.351s] -- Install configuration: ""
[0.352s] -- Execute custom install script
[0.353s] -- Up-to-date symlink: /home/billy/git/Robotics-Studio-2/install/ur_onrobot_control/share/ur_onrobot_control/launch/start_robot.launch.py
[0.354s] -- Up-to-date symlink: /home/billy/git/Robotics-Studio-2/install/ur_onrobot_control/share/ur_onrobot_control/config/ur_onrobot_controllers.yaml
[0.354s] -- Up-to-date symlink: /home/billy/git/Robotics-Studio-2/install/ur_onrobot_control/share/ament_index/resource_index/package_run_dependencies/ur_onrobot_control
[0.355s] -- Up-to-date symlink: /home/billy/git/Robotics-Studio-2/install/ur_onrobot_control/share/ament_index/resource_index/parent_prefix_path/ur_onrobot_control
[0.355s] -- Up-to-date symlink: /home/billy/git/Robotics-Studio-2/install/ur_onrobot_control/share/ur_onrobot_control/environment/ament_prefix_path.sh
[0.356s] -- Up-to-date symlink: /home/billy/git/Robotics-Studio-2/install/ur_onrobot_control/share/ur_onrobot_control/environment/ament_prefix_path.dsv
[0.356s] -- Up-to-date symlink: /home/billy/git/Robotics-Studio-2/install/ur_onrobot_control/share/ur_onrobot_control/environment/path.sh
[0.357s] -- Up-to-date symlink: /home/billy/git/Robotics-Studio-2/install/ur_onrobot_control/share/ur_onrobot_control/environment/path.dsv
[0.357s] -- Up-to-date symlink: /home/billy/git/Robotics-Studio-2/install/ur_onrobot_control/share/ur_onrobot_control/local_setup.bash
[0.357s] -- Up-to-date symlink: /home/billy/git/Robotics-Studio-2/install/ur_onrobot_control/share/ur_onrobot_control/local_setup.sh
[0.358s] -- Up-to-date symlink: /home/billy/git/Robotics-Studio-2/install/ur_onrobot_control/share/ur_onrobot_control/local_setup.zsh
[0.358s] -- Up-to-date symlink: /home/billy/git/Robotics-Studio-2/install/ur_onrobot_control/share/ur_onrobot_control/local_setup.dsv
[0.359s] -- Symlinking: /home/billy/git/Robotics-Studio-2/install/ur_onrobot_control/share/ur_onrobot_control/package.dsv
[0.388s] -- Up-to-date symlink: /home/billy/git/Robotics-Studio-2/install/ur_onrobot_control/share/ament_index/resource_index/packages/ur_onrobot_control
[0.388s] -- Up-to-date symlink: /home/billy/git/Robotics-Studio-2/install/ur_onrobot_control/share/ur_onrobot_control/cmake/ur_onrobot_controlConfig.cmake
[0.388s] -- Up-to-date symlink: /home/billy/git/Robotics-Studio-2/install/ur_onrobot_control/share/ur_onrobot_control/cmake/ur_onrobot_controlConfig-version.cmake
[0.389s] -- Up-to-date symlink: /home/billy/git/Robotics-Studio-2/install/ur_onrobot_control/share/ur_onrobot_control/package.xml
[0.395s] Invoked command in '/home/billy/git/Robotics-Studio-2/build/ur_onrobot_control' returned '0': CMAKE_PREFIX_PATH=/home/billy/git/Robotics-Studio-2/install/ur_onrobot_description:/home/billy/git/Robotics-Studio-2/install/onrobot_driver:/home/billy/git/Robotics-Studio-2/install/onrobot_description:/home/billy/git/Robotics-Studio-2/install/ur_description_local:/home/billy/git/Robotics-Studio-2/install/ur_onrobot_moveit_config:/home/billy/git/Robotics-Studio-2/install/ur_onrobot_control:/home/billy/git/Robotics-Studio-2/install/ur_gripper_demo:/home/billy/git/Robotics-Studio-2/install/ur3_demo_cpp:/home/billy/git/Robotics-Studio-2/install/object_msgs:/home/billy/install/object_msgs:/opt/ros/humble /usr/bin/cmake --install /home/billy/git/Robotics-Studio-2/build/ur_onrobot_control
