[0.033s] Invoking command in '/home/billy/git/Robotics-Studio-2/build/ur_description_local': CMAKE_PREFIX_PATH=${CMAKE_PREFIX_PATH}:/opt/ros/humble /usr/bin/cmake /home/billy/git/Robotics-Studio-2/src/ur_description_local -DCMAKE_INSTALL_PREFIX=/home/billy/git/Robotics-Studio-2/install/ur_description_local
[0.512s] -- The C compiler identification is GNU 11.4.0
[1.203s] -- The CXX compiler identification is GNU 11.4.0
[1.670s] -- Detecting C compiler ABI info
[1.981s] -- Detecting C compiler ABI info - done
[1.994s] -- Check for working C compiler: /usr/bin/cc - skipped
[1.996s] -- Detecting C compile features
[1.998s] -- Detecting C compile features - done
[2.005s] -- Detecting CXX compiler ABI info
[2.315s] -- Detecting CXX compiler ABI info - done
[2.327s] -- Check for working CXX compiler: /usr/bin/c++ - skipped
[2.327s] -- Detecting CXX compile features
[2.328s] -- Detecting CXX compile features - done
[2.341s] -- Found ament_cmake: 1.3.13 (/opt/ros/humble/share/ament_cmake/cmake)
[2.697s] -- Found Python3: /usr/bin/python3 (found version "3.10.12") found components: Interpreter 
[3.125s] -- Configuring done
[3.143s] -- Generating done
[3.152s] -- Build files have been written to: /home/billy/git/Robotics-Studio-2/build/ur_description_local
[3.164s] Invoked command in '/home/billy/git/Robotics-Studio-2/build/ur_description_local' returned '0': CMAKE_PREFIX_PATH=${CMAKE_PREFIX_PATH}:/opt/ros/humble /usr/bin/cmake /home/billy/git/Robotics-Studio-2/src/ur_description_local -DCMAKE_INSTALL_PREFIX=/home/billy/git/Robotics-Studio-2/install/ur_description_local
[3.169s] Invoking command in '/home/billy/git/Robotics-Studio-2/build/ur_description_local': CMAKE_PREFIX_PATH=${CMAKE_PREFIX_PATH}:/opt/ros/humble /usr/bin/cmake --build /home/billy/git/Robotics-Studio-2/build/ur_description_local -- -j16 -l16
[3.261s] Invoked command in '/home/billy/git/Robotics-Studio-2/build/ur_description_local' returned '0': CMAKE_PREFIX_PATH=${CMAKE_PREFIX_PATH}:/opt/ros/humble /usr/bin/cmake --build /home/billy/git/Robotics-Studio-2/build/ur_description_local -- -j16 -l16
[3.288s] Invoking command in '/home/billy/git/Robotics-Studio-2/build/ur_description_local': CMAKE_PREFIX_PATH=${CMAKE_PREFIX_PATH}:/opt/ros/humble /usr/bin/cmake --install /home/billy/git/Robotics-Studio-2/build/ur_description_local
[3.307s] -- Install configuration: ""
[3.308s] -- Installing: /home/billy/git/Robotics-Studio-2/install/ur_description_local/share/ur_description_local/config
[3.311s] -- Installing: /home/billy/git/Robotics-Studio-2/install/ur_description_local/share/ur_description_local/config/initial_positions.yaml
[3.311s] -- Installing: /home/billy/git/Robotics-Studio-2/install/ur_description_local/share/ur_description_local/config/ur18
[3.312s] -- Installing: /home/billy/git/Robotics-Studio-2/install/ur_description_local/share/ur_description_local/config/ur18/default_kinematics.yaml:Zone.Identifier
[3.313s] -- Installing: /home/billy/git/Robotics-Studio-2/install/ur_description_local/share/ur_description_local/config/ur18/joint_limits.yaml:Zone.Identifier
[3.313s] -- Installing: /home/billy/git/Robotics-Studio-2/install/ur_description_local/share/ur_description_local/config/ur18/joint_limits.yaml
[3.314s] -- Installing: /home/billy/git/Robotics-Studio-2/install/ur_description_local/share/ur_description_local/config/ur18/visual_parameters.yaml:Zone.Identifier
[3.315s] -- Installing: /home/billy/git/Robotics-Studio-2/install/ur_description_local/share/ur_description_local/config/ur18/default_kinematics.yaml
[3.315s] -- Installing: /home/billy/git/Robotics-Studio-2/install/ur_description_local/share/ur_description_local/config/ur18/physical_parameters.yaml
[3.316s] -- Installing: /home/billy/git/Robotics-Studio-2/install/ur_description_local/share/ur_description_local/config/ur18/visual_parameters.yaml
[3.316s] -- Installing: /home/billy/git/Robotics-Studio-2/install/ur_description_local/share/ur_description_local/config/ur18/physical_parameters.yaml:Zone.Identifier
[3.317s] -- Installing: /home/billy/git/Robotics-Studio-2/install/ur_description_local/share/ur_description_local/config/ur3e
[3.318s] -- Installing: /home/billy/git/Robotics-Studio-2/install/ur_description_local/share/ur_description_local/config/ur3e/default_kinematics.yaml:Zone.Identifier
[3.319s] -- Installing: /home/billy/git/Robotics-Studio-2/install/ur_description_local/share/ur_description_local/config/ur3e/joint_limits.yaml:Zone.Identifier
[3.319s] -- Installing: /home/billy/git/Robotics-Studio-2/install/ur_description_local/share/ur_description_local/config/ur3e/joint_limits.yaml
[3.320s] -- Installing: /home/billy/git/Robotics-Studio-2/install/ur_description_local/share/ur_description_local/config/ur3e/visual_parameters.yaml:Zone.Identifier
[3.320s] -- Installing: /home/billy/git/Robotics-Studio-2/install/ur_description_local/share/ur_description_local/config/ur3e/default_kinematics.yaml
[3.320s] -- Installing: /home/billy/git/Robotics-Studio-2/install/ur_description_local/share/ur_description_local/config/ur3e/physical_parameters.yaml
[3.321s] -- Installing: /home/billy/git/Robotics-Studio-2/install/ur_description_local/share/ur_description_local/config/ur3e/visual_parameters.yaml
[3.322s] -- Installing: /home/billy/git/Robotics-Studio-2/install/ur_description_local/share/ur_description_local/config/ur3e/physical_parameters.yaml:Zone.Identifier
[3.322s] -- Installing: /home/billy/git/Robotics-Studio-2/install/ur_description_local/share/ur_description_local/config/ur5
[3.323s] -- Installing: /home/billy/git/Robotics-Studio-2/install/ur_description_local/share/ur_description_local/config/ur5/default_kinematics.yaml:Zone.Identifier
[3.324s] -- Installing: /home/billy/git/Robotics-Studio-2/install/ur_description_local/share/ur_description_local/config/ur5/joint_limits.yaml:Zone.Identifier
[3.324s] -- Installing: /home/billy/git/Robotics-Studio-2/install/ur_description_local/share/ur_description_local/config/ur5/joint_limits.yaml
[3.325s] -- Installing: /home/billy/git/Robotics-Studio-2/install/ur_description_local/share/ur_description_local/config/ur5/visual_parameters.yaml:Zone.Identifier
[3.325s] -- Installing: /home/billy/git/Robotics-Studio-2/install/ur_description_local/share/ur_description_local/config/ur5/default_kinematics.yaml
[3.326s] -- Installing: /home/billy/git/Robotics-Studio-2/install/ur_description_local/share/ur_description_local/config/ur5/physical_parameters.yaml
[3.326s] -- Installing: /home/billy/git/Robotics-Studio-2/install/ur_description_local/share/ur_description_local/config/ur5/visual_parameters.yaml
[3.327s] -- Installing: /home/billy/git/Robotics-Studio-2/install/ur_description_local/share/ur_description_local/config/ur5/physical_parameters.yaml:Zone.Identifier
[3.327s] -- Installing: /home/billy/git/Robotics-Studio-2/install/ur_description_local/share/ur_description_local/config/ur10e
[3.328s] -- Installing: /home/billy/git/Robotics-Studio-2/install/ur_description_local/share/ur_description_local/config/ur10e/default_kinematics.yaml:Zone.Identifier
[3.329s] -- Installing: /home/billy/git/Robotics-Studio-2/install/ur_description_local/share/ur_description_local/config/ur10e/joint_limits.yaml:Zone.Identifier
[3.329s] -- Installing: /home/billy/git/Robotics-Studio-2/install/ur_description_local/share/ur_description_local/config/ur10e/joint_limits.yaml
[3.330s] -- Installing: /home/billy/git/Robotics-Studio-2/install/ur_description_local/share/ur_description_local/config/ur10e/visual_parameters.yaml:Zone.Identifier
[3.330s] -- Installing: /home/billy/git/Robotics-Studio-2/install/ur_description_local/share/ur_description_local/config/ur10e/default_kinematics.yaml
[3.331s] -- Installing: /home/billy/git/Robotics-Studio-2/install/ur_description_local/share/ur_description_local/config/ur10e/physical_parameters.yaml
[3.331s] -- Installing: /home/billy/git/Robotics-Studio-2/install/ur_description_local/share/ur_description_local/config/ur10e/visual_parameters.yaml
[3.331s] -- Installing: /home/billy/git/Robotics-Studio-2/install/ur_description_local/share/ur_description_local/config/ur10e/physical_parameters.yaml:Zone.Identifier
[3.332s] -- Installing: /home/billy/git/Robotics-Studio-2/install/ur_description_local/share/ur_description_local/config/ur10
[3.334s] -- Installing: /home/billy/git/Robotics-Studio-2/install/ur_description_local/share/ur_description_local/config/ur10/default_kinematics.yaml:Zone.Identifier
[3.335s] -- Installing: /home/billy/git/Robotics-Studio-2/install/ur_description_local/share/ur_description_local/config/ur10/joint_limits.yaml:Zone.Identifier
[3.335s] -- Installing: /home/billy/git/Robotics-Studio-2/install/ur_description_local/share/ur_description_local/config/ur10/joint_limits.yaml
[3.336s] -- Installing: /home/billy/git/Robotics-Studio-2/install/ur_description_local/share/ur_description_local/config/ur10/visual_parameters.yaml:Zone.Identifier
[3.336s] -- Installing: /home/billy/git/Robotics-Studio-2/install/ur_description_local/share/ur_description_local/config/ur10/default_kinematics.yaml
[3.337s] -- Installing: /home/billy/git/Robotics-Studio-2/install/ur_description_local/share/ur_description_local/config/ur10/physical_parameters.yaml
[3.337s] -- Installing: /home/billy/git/Robotics-Studio-2/install/ur_description_local/share/ur_description_local/config/ur10/visual_parameters.yaml
[3.338s] -- Installing: /home/billy/git/Robotics-Studio-2/install/ur_description_local/share/ur_description_local/config/ur10/physical_parameters.yaml:Zone.Identifier
[3.338s] -- Installing: /home/billy/git/Robotics-Studio-2/install/ur_description_local/share/ur_description_local/config/ur5e
[3.341s] -- Installing: /home/billy/git/Robotics-Studio-2/install/ur_description_local/share/ur_description_local/config/ur5e/default_kinematics.yaml:Zone.Identifier
[3.341s] -- Installing: /home/billy/git/Robotics-Studio-2/install/ur_description_local/share/ur_description_local/config/ur5e/joint_limits.yaml:Zone.Identifier
[3.341s] -- Installing: /home/billy/git/Robotics-Studio-2/install/ur_description_local/share/ur_description_local/config/ur5e/joint_limits.yaml
[3.343s] -- Installing: /home/billy/git/Robotics-Studio-2/install/ur_description_local/share/ur_description_local/config/ur5e/visual_parameters.yaml:Zone.Identifier
[3.343s] -- Installing: /home/billy/git/Robotics-Studio-2/install/ur_description_local/share/ur_description_local/config/ur5e/default_kinematics.yaml
[3.344s] -- Installing: /home/billy/git/Robotics-Studio-2/install/ur_description_local/share/ur_description_local/config/ur5e/physical_parameters.yaml
[3.345s] -- Installing: /home/billy/git/Robotics-Studio-2/install/ur_description_local/share/ur_description_local/config/ur5e/visual_parameters.yaml
[3.346s] -- Installing: /home/billy/git/Robotics-Studio-2/install/ur_description_local/share/ur_description_local/config/ur5e/physical_parameters.yaml:Zone.Identifier
[3.346s] -- Installing: /home/billy/git/Robotics-Studio-2/install/ur_description_local/share/ur_description_local/config/ur7e
[3.347s] -- Installing: /home/billy/git/Robotics-Studio-2/install/ur_description_local/share/ur_description_local/config/ur7e/default_kinematics.yaml:Zone.Identifier
[3.348s] -- Installing: /home/billy/git/Robotics-Studio-2/install/ur_description_local/share/ur_description_local/config/ur7e/joint_limits.yaml:Zone.Identifier
[3.349s] -- Installing: /home/billy/git/Robotics-Studio-2/install/ur_description_local/share/ur_description_local/config/ur7e/joint_limits.yaml
[3.349s] -- Installing: /home/billy/git/Robotics-Studio-2/install/ur_description_local/share/ur_description_local/config/ur7e/visual_parameters.yaml:Zone.Identifier
[3.350s] -- Installing: /home/billy/git/Robotics-Studio-2/install/ur_description_local/share/ur_description_local/config/ur7e/default_kinematics.yaml
[3.351s] -- Installing: /home/billy/git/Robotics-Studio-2/install/ur_description_local/share/ur_description_local/config/ur7e/physical_parameters.yaml
[3.351s] -- Installing: /home/billy/git/Robotics-Studio-2/install/ur_description_local/share/ur_description_local/config/ur7e/visual_parameters.yaml
[3.351s] -- Installing: /home/billy/git/Robotics-Studio-2/install/ur_description_local/share/ur_description_local/config/ur7e/physical_parameters.yaml:Zone.Identifier
[3.352s] -- Installing: /home/billy/git/Robotics-Studio-2/install/ur_description_local/share/ur_description_local/config/ur3
[3.354s] -- Installing: /home/billy/git/Robotics-Studio-2/install/ur_description_local/share/ur_description_local/config/ur3/default_kinematics.yaml:Zone.Identifier
[3.354s] -- Installing: /home/billy/git/Robotics-Studio-2/install/ur_description_local/share/ur_description_local/config/ur3/joint_limits.yaml:Zone.Identifier
[3.354s] -- Installing: /home/billy/git/Robotics-Studio-2/install/ur_description_local/share/ur_description_local/config/ur3/joint_limits.yaml
[3.355s] -- Installing: /home/billy/git/Robotics-Studio-2/install/ur_description_local/share/ur_description_local/config/ur3/visual_parameters.yaml:Zone.Identifier
[3.356s] -- Installing: /home/billy/git/Robotics-Studio-2/install/ur_description_local/share/ur_description_local/config/ur3/default_kinematics.yaml
[3.356s] -- Installing: /home/billy/git/Robotics-Studio-2/install/ur_description_local/share/ur_description_local/config/ur3/physical_parameters.yaml
[3.356s] -- Installing: /home/billy/git/Robotics-Studio-2/install/ur_description_local/share/ur_description_local/config/ur3/visual_parameters.yaml
[3.357s] -- Installing: /home/billy/git/Robotics-Studio-2/install/ur_description_local/share/ur_description_local/config/ur3/physical_parameters.yaml:Zone.Identifier
[3.357s] -- Installing: /home/billy/git/Robotics-Studio-2/install/ur_description_local/share/ur_description_local/config/ur8long
[3.359s] -- Installing: /home/billy/git/Robotics-Studio-2/install/ur_description_local/share/ur_description_local/config/ur8long/default_kinematics.yaml:Zone.Identifier
[3.359s] -- Installing: /home/billy/git/Robotics-Studio-2/install/ur_description_local/share/ur_description_local/config/ur8long/joint_limits.yaml:Zone.Identifier
[3.359s] -- Installing: /home/billy/git/Robotics-Studio-2/install/ur_description_local/share/ur_description_local/config/ur8long/joint_limits.yaml
[3.360s] -- Installing: /home/billy/git/Robotics-Studio-2/install/ur_description_local/share/ur_description_local/config/ur8long/visual_parameters.yaml:Zone.Identifier
[3.360s] -- Installing: /home/billy/git/Robotics-Studio-2/install/ur_description_local/share/ur_description_local/config/ur8long/default_kinematics.yaml
[3.361s] -- Installing: /home/billy/git/Robotics-Studio-2/install/ur_description_local/share/ur_description_local/config/ur8long/physical_parameters.yaml
[3.361s] -- Installing: /home/billy/git/Robotics-Studio-2/install/ur_description_local/share/ur_description_local/config/ur8long/visual_parameters.yaml
[3.361s] -- Installing: /home/billy/git/Robotics-Studio-2/install/ur_description_local/share/ur_description_local/config/ur8long/physical_parameters.yaml:Zone.Identifier
[3.362s] -- Installing: /home/billy/git/Robotics-Studio-2/install/ur_description_local/share/ur_description_local/config/ur15
[3.363s] -- Installing: /home/billy/git/Robotics-Studio-2/install/ur_description_local/share/ur_description_local/config/ur15/default_kinematics.yaml:Zone.Identifier
[3.364s] -- Installing: /home/billy/git/Robotics-Studio-2/install/ur_description_local/share/ur_description_local/config/ur15/joint_limits.yaml:Zone.Identifier
[3.365s] -- Installing: /home/billy/git/Robotics-Studio-2/install/ur_description_local/share/ur_description_local/config/ur15/joint_limits.yaml
[3.365s] -- Installing: /home/billy/git/Robotics-Studio-2/install/ur_description_local/share/ur_description_local/config/ur15/visual_parameters.yaml:Zone.Identifier
[3.365s] -- Installing: /home/billy/git/Robotics-Studio-2/install/ur_description_local/share/ur_description_local/config/ur15/default_kinematics.yaml
[3.366s] -- Installing: /home/billy/git/Robotics-Studio-2/install/ur_description_local/share/ur_description_local/config/ur15/physical_parameters.yaml
[3.366s] -- Installing: /home/billy/git/Robotics-Studio-2/install/ur_description_local/share/ur_description_local/config/ur15/visual_parameters.yaml
[3.366s] -- Installing: /home/billy/git/Robotics-Studio-2/install/ur_description_local/share/ur_description_local/config/ur15/physical_parameters.yaml:Zone.Identifier
[3.367s] -- Installing: /home/billy/git/Robotics-Studio-2/install/ur_description_local/share/ur_description_local/config/ur16e
[3.369s] -- Installing: /home/billy/git/Robotics-Studio-2/install/ur_description_local/share/ur_description_local/config/ur16e/default_kinematics.yaml:Zone.Identifier
[3.370s] -- Installing: /home/billy/git/Robotics-Studio-2/install/ur_description_local/share/ur_description_local/config/ur16e/joint_limits.yaml:Zone.Identifier
[3.371s] -- Installing: /home/billy/git/Robotics-Studio-2/install/ur_description_local/share/ur_description_local/config/ur16e/joint_limits.yaml
[3.372s] -- Installing: /home/billy/git/Robotics-Studio-2/install/ur_description_local/share/ur_description_local/config/ur16e/visual_parameters.yaml:Zone.Identifier
[3.372s] -- Installing: /home/billy/git/Robotics-Studio-2/install/ur_description_local/share/ur_description_local/config/ur16e/default_kinematics.yaml
[3.372s] -- Installing: /home/billy/git/Robotics-Studio-2/install/ur_description_local/share/ur_description_local/config/ur16e/physical_parameters.yaml
[3.373s] -- Installing: /home/billy/git/Robotics-Studio-2/install/ur_description_local/share/ur_description_local/config/ur16e/visual_parameters.yaml
[3.374s] -- Installing: /home/billy/git/Robotics-Studio-2/install/ur_description_local/share/ur_description_local/config/ur16e/physical_parameters.yaml:Zone.Identifier
[3.374s] -- Installing: /home/billy/git/Robotics-Studio-2/install/ur_description_local/share/ur_description_local/config/ur30
[3.376s] -- Installing: /home/billy/git/Robotics-Studio-2/install/ur_description_local/share/ur_description_local/config/ur30/default_kinematics.yaml:Zone.Identifier
[3.376s] -- Installing: /home/billy/git/Robotics-Studio-2/install/ur_description_local/share/ur_description_local/config/ur30/joint_limits.yaml:Zone.Identifier
[3.377s] -- Installing: /home/billy/git/Robotics-Studio-2/install/ur_description_local/share/ur_description_local/config/ur30/joint_limits.yaml
[3.377s] -- Installing: /home/billy/git/Robotics-Studio-2/install/ur_description_local/share/ur_description_local/config/ur30/visual_parameters.yaml:Zone.Identifier
[3.378s] -- Installing: /home/billy/git/Robotics-Studio-2/install/ur_description_local/share/ur_description_local/config/ur30/default_kinematics.yaml
[3.378s] -- Installing: /home/billy/git/Robotics-Studio-2/install/ur_description_local/share/ur_description_local/config/ur30/physical_parameters.yaml
[3.378s] -- Installing: /home/billy/git/Robotics-Studio-2/install/ur_description_local/share/ur_description_local/config/ur30/visual_parameters.yaml
[3.379s] -- Installing: /home/billy/git/Robotics-Studio-2/install/ur_description_local/share/ur_description_local/config/ur30/physical_parameters.yaml:Zone.Identifier
[3.380s] -- Installing: /home/billy/git/Robotics-Studio-2/install/ur_description_local/share/ur_description_local/config/ur12e
[3.381s] -- Installing: /home/billy/git/Robotics-Studio-2/install/ur_description_local/share/ur_description_local/config/ur12e/default_kinematics.yaml:Zone.Identifier
[3.382s] -- Installing: /home/billy/git/Robotics-Studio-2/install/ur_description_local/share/ur_description_local/config/ur12e/joint_limits.yaml:Zone.Identifier
[3.382s] -- Installing: /home/billy/git/Robotics-Studio-2/install/ur_description_local/share/ur_description_local/config/ur12e/joint_limits.yaml
[3.382s] -- Installing: /home/billy/git/Robotics-Studio-2/install/ur_description_local/share/ur_description_local/config/ur12e/visual_parameters.yaml:Zone.Identifier
[3.382s] -- Installing: /home/billy/git/Robotics-Studio-2/install/ur_description_local/share/ur_description_local/config/ur12e/default_kinematics.yaml
[3.383s] -- Installing: /home/billy/git/Robotics-Studio-2/install/ur_description_local/share/ur_description_local/config/ur12e/physical_parameters.yaml
[3.383s] -- Installing: /home/billy/git/Robotics-Studio-2/install/ur_description_local/share/ur_description_local/config/ur12e/visual_parameters.yaml
[3.384s] -- Installing: /home/billy/git/Robotics-Studio-2/install/ur_description_local/share/ur_description_local/config/ur12e/physical_parameters.yaml:Zone.Identifier
[3.384s] -- Installing: /home/billy/git/Robotics-Studio-2/install/ur_description_local/share/ur_description_local/config/initial_positions.yaml:Zone.Identifier
[3.384s] -- Installing: /home/billy/git/Robotics-Studio-2/install/ur_description_local/share/ur_description_local/config/ur20
[3.386s] -- Installing: /home/billy/git/Robotics-Studio-2/install/ur_description_local/share/ur_description_local/config/ur20/default_kinematics.yaml:Zone.Identifier
[3.387s] -- Installing: /home/billy/git/Robotics-Studio-2/install/ur_description_local/share/ur_description_local/config/ur20/joint_limits.yaml:Zone.Identifier
[3.387s] -- Installing: /home/billy/git/Robotics-Studio-2/install/ur_description_local/share/ur_description_local/config/ur20/joint_limits.yaml
[3.387s] -- Installing: /home/billy/git/Robotics-Studio-2/install/ur_description_local/share/ur_description_local/config/ur20/visual_parameters.yaml:Zone.Identifier
[3.388s] -- Installing: /home/billy/git/Robotics-Studio-2/install/ur_description_local/share/ur_description_local/config/ur20/default_kinematics.yaml
[3.388s] -- Installing: /home/billy/git/Robotics-Studio-2/install/ur_description_local/share/ur_description_local/config/ur20/physical_parameters.yaml
[3.389s] -- Installing: /home/billy/git/Robotics-Studio-2/install/ur_description_local/share/ur_description_local/config/ur20/visual_parameters.yaml
[3.389s] -- Installing: /home/billy/git/Robotics-Studio-2/install/ur_description_local/share/ur_description_local/config/ur20/physical_parameters.yaml:Zone.Identifier
[3.389s] -- Installing: /home/billy/git/Robotics-Studio-2/install/ur_description_local/share/ur_description_local/launch
[3.391s] -- Installing: /home/billy/git/Robotics-Studio-2/install/ur_description_local/share/ur_description_local/launch/view_ur.launch.py
[3.391s] -- Installing: /home/billy/git/Robotics-Studio-2/install/ur_description_local/share/ur_description_local/launch/view_ur.launch.py:Zone.Identifier
[3.391s] -- Installing: /home/billy/git/Robotics-Studio-2/install/ur_description_local/share/ur_description_local/meshes
[3.393s] -- Installing: /home/billy/git/Robotics-Studio-2/install/ur_description_local/share/ur_description_local/meshes/ur18
[3.394s] -- Installing: /home/billy/git/Robotics-Studio-2/install/ur_description_local/share/ur_description_local/meshes/ur18/LICENSE.txt
[3.394s] -- Installing: /home/billy/git/Robotics-Studio-2/install/ur_description_local/share/ur_description_local/meshes/ur18/LICENSE.txt:Zone.Identifier
[3.395s] -- Installing: /home/billy/git/Robotics-Studio-2/install/ur_description_local/share/ur_description_local/meshes/ur18/collision
[3.396s] -- Installing: /home/billy/git/Robotics-Studio-2/install/ur_description_local/share/ur_description_local/meshes/ur18/collision/forearm.stl
[3.397s] -- Installing: /home/billy/git/Robotics-Studio-2/install/ur_description_local/share/ur_description_local/meshes/ur18/collision/forearm.stl:Zone.Identifier
[3.398s] -- Installing: /home/billy/git/Robotics-Studio-2/install/ur_description_local/share/ur_description_local/meshes/ur18/collision/upperarm.stl
[3.398s] -- Installing: /home/billy/git/Robotics-Studio-2/install/ur_description_local/share/ur_description_local/meshes/ur18/collision/upperarm.stl:Zone.Identifier
[3.399s] -- Installing: /home/billy/git/Robotics-Studio-2/install/ur_description_local/share/ur_description_local/meshes/ur18/visual
[3.400s] -- Installing: /home/billy/git/Robotics-Studio-2/install/ur_description_local/share/ur_description_local/meshes/ur18/visual/UR18_DIFF_8bit_2K.jpg
[3.402s] -- Installing: /home/billy/git/Robotics-Studio-2/install/ur_description_local/share/ur_description_local/meshes/ur18/visual/upperarm.dae:Zone.Identifier
[3.402s] -- Installing: /home/billy/git/Robotics-Studio-2/install/ur_description_local/share/ur_description_local/meshes/ur18/visual/upperarm.dae
[3.406s] -- Installing: /home/billy/git/Robotics-Studio-2/install/ur_description_local/share/ur_description_local/meshes/ur18/visual/UR18_DIFF_8bit_2K.jpg:Zone.Identifier
[3.406s] -- Installing: /home/billy/git/Robotics-Studio-2/install/ur_description_local/share/ur_description_local/meshes/ur18/visual/forearm.dae:Zone.Identifier
[3.407s] -- Installing: /home/billy/git/Robotics-Studio-2/install/ur_description_local/share/ur_description_local/meshes/ur18/visual/forearm.dae
[3.411s] -- Installing: /home/billy/git/Robotics-Studio-2/install/ur_description_local/share/ur_description_local/meshes/ur3e
[3.412s] -- Installing: /home/billy/git/Robotics-Studio-2/install/ur_description_local/share/ur_description_local/meshes/ur3e/collision
[3.413s] -- Installing: /home/billy/git/Robotics-Studio-2/install/ur_description_local/share/ur_description_local/meshes/ur3e/collision/base.stl
[3.413s] -- Installing: /home/billy/git/Robotics-Studio-2/install/ur_description_local/share/ur_description_local/meshes/ur3e/collision/base.stl:Zone.Identifier
[3.414s] -- Installing: /home/billy/git/Robotics-Studio-2/install/ur_description_local/share/ur_description_local/meshes/ur3e/collision/wrist2.stl
[3.415s] -- Installing: /home/billy/git/Robotics-Studio-2/install/ur_description_local/share/ur_description_local/meshes/ur3e/collision/shoulder.stl
[3.416s] -- Installing: /home/billy/git/Robotics-Studio-2/install/ur_description_local/share/ur_description_local/meshes/ur3e/collision/forearm.stl
[3.416s] -- Installing: /home/billy/git/Robotics-Studio-2/install/ur_description_local/share/ur_description_local/meshes/ur3e/collision/forearm.stl:Zone.Identifier
[3.416s] -- Installing: /home/billy/git/Robotics-Studio-2/install/ur_description_local/share/ur_description_local/meshes/ur3e/collision/wrist3.stl
[3.417s] -- Installing: /home/billy/git/Robotics-Studio-2/install/ur_description_local/share/ur_description_local/meshes/ur3e/collision/upperarm.stl
[3.418s] -- Installing: /home/billy/git/Robotics-Studio-2/install/ur_description_local/share/ur_description_local/meshes/ur3e/collision/wrist1.stl:Zone.Identifier
[3.418s] -- Installing: /home/billy/git/Robotics-Studio-2/install/ur_description_local/share/ur_description_local/meshes/ur3e/collision/shoulder.stl:Zone.Identifier
[3.418s] -- Installing: /home/billy/git/Robotics-Studio-2/install/ur_description_local/share/ur_description_local/meshes/ur3e/collision/wrist2.stl:Zone.Identifier
[3.420s] -- Installing: /home/billy/git/Robotics-Studio-2/install/ur_description_local/share/ur_description_local/meshes/ur3e/collision/wrist3.stl:Zone.Identifier
[3.420s] -- Installing: /home/billy/git/Robotics-Studio-2/install/ur_description_local/share/ur_description_local/meshes/ur3e/collision/upperarm.stl:Zone.Identifier
[3.421s] -- Installing: /home/billy/git/Robotics-Studio-2/install/ur_description_local/share/ur_description_local/meshes/ur3e/collision/wrist1.stl
[3.422s] -- Installing: /home/billy/git/Robotics-Studio-2/install/ur_description_local/share/ur_description_local/meshes/ur3e/visual
[3.424s] -- Installing: /home/billy/git/Robotics-Studio-2/install/ur_description_local/share/ur_description_local/meshes/ur3e/visual/wrist2.dae
[3.431s] -- Installing: /home/billy/git/Robotics-Studio-2/install/ur_description_local/share/ur_description_local/meshes/ur3e/visual/base.dae
[3.432s] -- Installing: /home/billy/git/Robotics-Studio-2/install/ur_description_local/share/ur_description_local/meshes/ur3e/visual/upperarm.dae:Zone.Identifier
[3.432s] -- Installing: /home/billy/git/Robotics-Studio-2/install/ur_description_local/share/ur_description_local/meshes/ur3e/visual/upperarm.dae
[3.449s] -- Installing: /home/billy/git/Robotics-Studio-2/install/ur_description_local/share/ur_description_local/meshes/ur3e/visual/wrist1.dae:Zone.Identifier
[3.449s] -- Installing: /home/billy/git/Robotics-Studio-2/install/ur_description_local/share/ur_description_local/meshes/ur3e/visual/wrist3.dae:Zone.Identifier
[3.450s] -- Installing: /home/billy/git/Robotics-Studio-2/install/ur_description_local/share/ur_description_local/meshes/ur3e/visual/wrist1.dae
[3.456s] -- Installing: /home/billy/git/Robotics-Studio-2/install/ur_description_local/share/ur_description_local/meshes/ur3e/visual/wrist3.dae
[3.456s] -- Installing: /home/billy/git/Robotics-Studio-2/install/ur_description_local/share/ur_description_local/meshes/ur3e/visual/shoulder.dae:Zone.Identifier
[3.457s] -- Installing: /home/billy/git/Robotics-Studio-2/install/ur_description_local/share/ur_description_local/meshes/ur3e/visual/shoulder.dae
[3.466s] -- Installing: /home/billy/git/Robotics-Studio-2/install/ur_description_local/share/ur_description_local/meshes/ur3e/visual/forearm.dae:Zone.Identifier
[3.467s] -- Installing: /home/billy/git/Robotics-Studio-2/install/ur_description_local/share/ur_description_local/meshes/ur3e/visual/forearm.dae
[3.474s] -- Installing: /home/billy/git/Robotics-Studio-2/install/ur_description_local/share/ur_description_local/meshes/ur3e/visual/base.dae:Zone.Identifier
[3.475s] -- Installing: /home/billy/git/Robotics-Studio-2/install/ur_description_local/share/ur_description_local/meshes/ur3e/visual/wrist2.dae:Zone.Identifier
[3.475s] -- Installing: /home/billy/git/Robotics-Studio-2/install/ur_description_local/share/ur_description_local/meshes/ur5
[3.478s] -- Installing: /home/billy/git/Robotics-Studio-2/install/ur_description_local/share/ur_description_local/meshes/ur5/collision
[3.479s] -- Installing: /home/billy/git/Robotics-Studio-2/install/ur_description_local/share/ur_description_local/meshes/ur5/collision/base.stl
[3.480s] -- Installing: /home/billy/git/Robotics-Studio-2/install/ur_description_local/share/ur_description_local/meshes/ur5/collision/base.stl:Zone.Identifier
[3.480s] -- Installing: /home/billy/git/Robotics-Studio-2/install/ur_description_local/share/ur_description_local/meshes/ur5/collision/wrist2.stl
[3.481s] -- Installing: /home/billy/git/Robotics-Studio-2/install/ur_description_local/share/ur_description_local/meshes/ur5/collision/shoulder.stl
[3.481s] -- Installing: /home/billy/git/Robotics-Studio-2/install/ur_description_local/share/ur_description_local/meshes/ur5/collision/forearm.stl
[3.482s] -- Installing: /home/billy/git/Robotics-Studio-2/install/ur_description_local/share/ur_description_local/meshes/ur5/collision/forearm.stl:Zone.Identifier
[3.482s] -- Installing: /home/billy/git/Robotics-Studio-2/install/ur_description_local/share/ur_description_local/meshes/ur5/collision/wrist3.stl
[3.483s] -- Installing: /home/billy/git/Robotics-Studio-2/install/ur_description_local/share/ur_description_local/meshes/ur5/collision/upperarm.stl
[3.484s] -- Installing: /home/billy/git/Robotics-Studio-2/install/ur_description_local/share/ur_description_local/meshes/ur5/collision/wrist1.stl:Zone.Identifier
[3.484s] -- Installing: /home/billy/git/Robotics-Studio-2/install/ur_description_local/share/ur_description_local/meshes/ur5/collision/shoulder.stl:Zone.Identifier
[3.484s] -- Installing: /home/billy/git/Robotics-Studio-2/install/ur_description_local/share/ur_description_local/meshes/ur5/collision/wrist2.stl:Zone.Identifier
[3.485s] -- Installing: /home/billy/git/Robotics-Studio-2/install/ur_description_local/share/ur_description_local/meshes/ur5/collision/wrist3.stl:Zone.Identifier
[3.485s] -- Installing: /home/billy/git/Robotics-Studio-2/install/ur_description_local/share/ur_description_local/meshes/ur5/collision/upperarm.stl:Zone.Identifier
[3.486s] -- Installing: /home/billy/git/Robotics-Studio-2/install/ur_description_local/share/ur_description_local/meshes/ur5/collision/wrist1.stl
[3.486s] -- Installing: /home/billy/git/Robotics-Studio-2/install/ur_description_local/share/ur_description_local/meshes/ur5/visual
[3.487s] -- Installing: /home/billy/git/Robotics-Studio-2/install/ur_description_local/share/ur_description_local/meshes/ur5/visual/wrist2.dae
[3.494s] -- Installing: /home/billy/git/Robotics-Studio-2/install/ur_description_local/share/ur_description_local/meshes/ur5/visual/base.dae
[3.495s] -- Installing: /home/billy/git/Robotics-Studio-2/install/ur_description_local/share/ur_description_local/meshes/ur5/visual/upperarm.dae:Zone.Identifier
[3.495s] -- Installing: /home/billy/git/Robotics-Studio-2/install/ur_description_local/share/ur_description_local/meshes/ur5/visual/upperarm.dae
[3.507s] -- Installing: /home/billy/git/Robotics-Studio-2/install/ur_description_local/share/ur_description_local/meshes/ur5/visual/wrist1.dae:Zone.Identifier
[3.507s] -- Installing: /home/billy/git/Robotics-Studio-2/install/ur_description_local/share/ur_description_local/meshes/ur5/visual/wrist3.dae:Zone.Identifier
[3.507s] -- Installing: /home/billy/git/Robotics-Studio-2/install/ur_description_local/share/ur_description_local/meshes/ur5/visual/wrist1.dae
[3.514s] -- Installing: /home/billy/git/Robotics-Studio-2/install/ur_description_local/share/ur_description_local/meshes/ur5/visual/wrist3.dae
[3.515s] -- Installing: /home/billy/git/Robotics-Studio-2/install/ur_description_local/share/ur_description_local/meshes/ur5/visual/shoulder.dae:Zone.Identifier
[3.515s] -- Installing: /home/billy/git/Robotics-Studio-2/install/ur_description_local/share/ur_description_local/meshes/ur5/visual/shoulder.dae
[3.522s] -- Installing: /home/billy/git/Robotics-Studio-2/install/ur_description_local/share/ur_description_local/meshes/ur5/visual/forearm.dae:Zone.Identifier
[3.522s] -- Installing: /home/billy/git/Robotics-Studio-2/install/ur_description_local/share/ur_description_local/meshes/ur5/visual/forearm.dae
[3.529s] -- Installing: /home/billy/git/Robotics-Studio-2/install/ur_description_local/share/ur_description_local/meshes/ur5/visual/base.dae:Zone.Identifier
[3.530s] -- Installing: /home/billy/git/Robotics-Studio-2/install/ur_description_local/share/ur_description_local/meshes/ur5/visual/wrist2.dae:Zone.Identifier
[3.530s] -- Installing: /home/billy/git/Robotics-Studio-2/install/ur_description_local/share/ur_description_local/meshes/ur10e
[3.532s] -- Installing: /home/billy/git/Robotics-Studio-2/install/ur_description_local/share/ur_description_local/meshes/ur10e/collision
[3.533s] -- Installing: /home/billy/git/Robotics-Studio-2/install/ur_description_local/share/ur_description_local/meshes/ur10e/collision/base.stl
[3.533s] -- Installing: /home/billy/git/Robotics-Studio-2/install/ur_description_local/share/ur_description_local/meshes/ur10e/collision/base.stl:Zone.Identifier
[3.534s] -- Installing: /home/billy/git/Robotics-Studio-2/install/ur_description_local/share/ur_description_local/meshes/ur10e/collision/wrist2.stl
[3.535s] -- Installing: /home/billy/git/Robotics-Studio-2/install/ur_description_local/share/ur_description_local/meshes/ur10e/collision/shoulder.stl
[3.536s] -- Installing: /home/billy/git/Robotics-Studio-2/install/ur_description_local/share/ur_description_local/meshes/ur10e/collision/forearm.stl
[3.537s] -- Installing: /home/billy/git/Robotics-Studio-2/install/ur_description_local/share/ur_description_local/meshes/ur10e/collision/forearm.stl:Zone.Identifier
[3.538s] -- Installing: /home/billy/git/Robotics-Studio-2/install/ur_description_local/share/ur_description_local/meshes/ur10e/collision/wrist3.stl
[3.539s] -- Installing: /home/billy/git/Robotics-Studio-2/install/ur_description_local/share/ur_description_local/meshes/ur10e/collision/upperarm.stl
[3.540s] -- Installing: /home/billy/git/Robotics-Studio-2/install/ur_description_local/share/ur_description_local/meshes/ur10e/collision/wrist1.stl:Zone.Identifier
[3.540s] -- Installing: /home/billy/git/Robotics-Studio-2/install/ur_description_local/share/ur_description_local/meshes/ur10e/collision/shoulder.stl:Zone.Identifier
[3.540s] -- Installing: /home/billy/git/Robotics-Studio-2/install/ur_description_local/share/ur_description_local/meshes/ur10e/collision/wrist2.stl:Zone.Identifier
[3.541s] -- Installing: /home/billy/git/Robotics-Studio-2/install/ur_description_local/share/ur_description_local/meshes/ur10e/collision/wrist3.stl:Zone.Identifier
[3.543s] -- Installing: /home/billy/git/Robotics-Studio-2/install/ur_description_local/share/ur_description_local/meshes/ur10e/collision/upperarm.stl:Zone.Identifier
[3.543s] -- Installing: /home/billy/git/Robotics-Studio-2/install/ur_description_local/share/ur_description_local/meshes/ur10e/collision/wrist1.stl
[3.544s] -- Installing: /home/billy/git/Robotics-Studio-2/install/ur_description_local/share/ur_description_local/meshes/ur10e/visual
[3.550s] -- Installing: /home/billy/git/Robotics-Studio-2/install/ur_description_local/share/ur_description_local/meshes/ur10e/visual/wrist2.dae
[3.557s] -- Installing: /home/billy/git/Robotics-Studio-2/install/ur_description_local/share/ur_description_local/meshes/ur10e/visual/base.dae
[3.559s] -- Installing: /home/billy/git/Robotics-Studio-2/install/ur_description_local/share/ur_description_local/meshes/ur10e/visual/upperarm.dae:Zone.Identifier
[3.560s] -- Installing: /home/billy/git/Robotics-Studio-2/install/ur_description_local/share/ur_description_local/meshes/ur10e/visual/upperarm.dae
[3.579s] -- Installing: /home/billy/git/Robotics-Studio-2/install/ur_description_local/share/ur_description_local/meshes/ur10e/visual/wrist1.dae:Zone.Identifier
[3.579s] -- Installing: /home/billy/git/Robotics-Studio-2/install/ur_description_local/share/ur_description_local/meshes/ur10e/visual/wrist3.dae:Zone.Identifier
[3.580s] -- Installing: /home/billy/git/Robotics-Studio-2/install/ur_description_local/share/ur_description_local/meshes/ur10e/visual/wrist1.dae
[3.588s] -- Installing: /home/billy/git/Robotics-Studio-2/install/ur_description_local/share/ur_description_local/meshes/ur10e/visual/wrist3.dae
[3.588s] -- Installing: /home/billy/git/Robotics-Studio-2/install/ur_description_local/share/ur_description_local/meshes/ur10e/visual/shoulder.dae:Zone.Identifier
[3.589s] -- Installing: /home/billy/git/Robotics-Studio-2/install/ur_description_local/share/ur_description_local/meshes/ur10e/visual/shoulder.dae
[3.604s] -- Installing: /home/billy/git/Robotics-Studio-2/install/ur_description_local/share/ur_description_local/meshes/ur10e/visual/forearm.dae:Zone.Identifier
[3.604s] -- Installing: /home/billy/git/Robotics-Studio-2/install/ur_description_local/share/ur_description_local/meshes/ur10e/visual/forearm.dae
[3.612s] -- Installing: /home/billy/git/Robotics-Studio-2/install/ur_description_local/share/ur_description_local/meshes/ur10e/visual/base.dae:Zone.Identifier
[3.612s] -- Installing: /home/billy/git/Robotics-Studio-2/install/ur_description_local/share/ur_description_local/meshes/ur10e/visual/wrist2.dae:Zone.Identifier
[3.613s] -- Installing: /home/billy/git/Robotics-Studio-2/install/ur_description_local/share/ur_description_local/meshes/ur10
[3.614s] -- Installing: /home/billy/git/Robotics-Studio-2/install/ur_description_local/share/ur_description_local/meshes/ur10/collision
[3.615s] -- Installing: /home/billy/git/Robotics-Studio-2/install/ur_description_local/share/ur_description_local/meshes/ur10/collision/base.stl
[3.616s] -- Installing: /home/billy/git/Robotics-Studio-2/install/ur_description_local/share/ur_description_local/meshes/ur10/collision/base.stl:Zone.Identifier
[3.617s] -- Installing: /home/billy/git/Robotics-Studio-2/install/ur_description_local/share/ur_description_local/meshes/ur10/collision/wrist2.stl
[3.618s] -- Installing: /home/billy/git/Robotics-Studio-2/install/ur_description_local/share/ur_description_local/meshes/ur10/collision/shoulder.stl
[3.619s] -- Installing: /home/billy/git/Robotics-Studio-2/install/ur_description_local/share/ur_description_local/meshes/ur10/collision/forearm.stl
[3.619s] -- Installing: /home/billy/git/Robotics-Studio-2/install/ur_description_local/share/ur_description_local/meshes/ur10/collision/forearm.stl:Zone.Identifier
[3.620s] -- Installing: /home/billy/git/Robotics-Studio-2/install/ur_description_local/share/ur_description_local/meshes/ur10/collision/wrist3.stl
[3.621s] -- Installing: /home/billy/git/Robotics-Studio-2/install/ur_description_local/share/ur_description_local/meshes/ur10/collision/upperarm.stl
[3.622s] -- Installing: /home/billy/git/Robotics-Studio-2/install/ur_description_local/share/ur_description_local/meshes/ur10/collision/wrist1.stl:Zone.Identifier
[3.622s] -- Installing: /home/billy/git/Robotics-Studio-2/install/ur_description_local/share/ur_description_local/meshes/ur10/collision/shoulder.stl:Zone.Identifier
[3.622s] -- Installing: /home/billy/git/Robotics-Studio-2/install/ur_description_local/share/ur_description_local/meshes/ur10/collision/wrist2.stl:Zone.Identifier
[3.623s] -- Installing: /home/billy/git/Robotics-Studio-2/install/ur_description_local/share/ur_description_local/meshes/ur10/collision/wrist3.stl:Zone.Identifier
[3.623s] -- Installing: /home/billy/git/Robotics-Studio-2/install/ur_description_local/share/ur_description_local/meshes/ur10/collision/upperarm.stl:Zone.Identifier
[3.624s] -- Installing: /home/billy/git/Robotics-Studio-2/install/ur_description_local/share/ur_description_local/meshes/ur10/collision/wrist1.stl
[3.625s] -- Installing: /home/billy/git/Robotics-Studio-2/install/ur_description_local/share/ur_description_local/meshes/ur10/visual
[3.626s] -- Installing: /home/billy/git/Robotics-Studio-2/install/ur_description_local/share/ur_description_local/meshes/ur10/visual/wrist2.dae
[3.640s] -- Installing: /home/billy/git/Robotics-Studio-2/install/ur_description_local/share/ur_description_local/meshes/ur10/visual/base.dae
[3.641s] -- Installing: /home/billy/git/Robotics-Studio-2/install/ur_description_local/share/ur_description_local/meshes/ur10/visual/upperarm.dae:Zone.Identifier
[3.642s] -- Installing: /home/billy/git/Robotics-Studio-2/install/ur_description_local/share/ur_description_local/meshes/ur10/visual/upperarm.dae
[3.656s] -- Installing: /home/billy/git/Robotics-Studio-2/install/ur_description_local/share/ur_description_local/meshes/ur10/visual/wrist1.dae:Zone.Identifier
[3.656s] -- Installing: /home/billy/git/Robotics-Studio-2/install/ur_description_local/share/ur_description_local/meshes/ur10/visual/wrist3.dae:Zone.Identifier
[3.656s] -- Installing: /home/billy/git/Robotics-Studio-2/install/ur_description_local/share/ur_description_local/meshes/ur10/visual/wrist1.dae
[3.664s] -- Installing: /home/billy/git/Robotics-Studio-2/install/ur_description_local/share/ur_description_local/meshes/ur10/visual/wrist3.dae
[3.664s] -- Installing: /home/billy/git/Robotics-Studio-2/install/ur_description_local/share/ur_description_local/meshes/ur10/visual/shoulder.dae:Zone.Identifier
[3.665s] -- Installing: /home/billy/git/Robotics-Studio-2/install/ur_description_local/share/ur_description_local/meshes/ur10/visual/shoulder.dae
[3.672s] -- Installing: /home/billy/git/Robotics-Studio-2/install/ur_description_local/share/ur_description_local/meshes/ur10/visual/forearm.dae:Zone.Identifier
[3.672s] -- Installing: /home/billy/git/Robotics-Studio-2/install/ur_description_local/share/ur_description_local/meshes/ur10/visual/forearm.dae
[3.685s] -- Installing: /home/billy/git/Robotics-Studio-2/install/ur_description_local/share/ur_description_local/meshes/ur10/visual/base.dae:Zone.Identifier
[3.685s] -- Installing: /home/billy/git/Robotics-Studio-2/install/ur_description_local/share/ur_description_local/meshes/ur10/visual/wrist2.dae:Zone.Identifier
[3.685s] -- Installing: /home/billy/git/Robotics-Studio-2/install/ur_description_local/share/ur_description_local/meshes/ur5e
[3.688s] -- Installing: /home/billy/git/Robotics-Studio-2/install/ur_description_local/share/ur_description_local/meshes/ur5e/collision
[3.689s] -- Installing: /home/billy/git/Robotics-Studio-2/install/ur_description_local/share/ur_description_local/meshes/ur5e/collision/base.stl
[3.690s] -- Installing: /home/billy/git/Robotics-Studio-2/install/ur_description_local/share/ur_description_local/meshes/ur5e/collision/base.stl:Zone.Identifier
[3.690s] -- Installing: /home/billy/git/Robotics-Studio-2/install/ur_description_local/share/ur_description_local/meshes/ur5e/collision/wrist2.stl
[3.691s] -- Installing: /home/billy/git/Robotics-Studio-2/install/ur_description_local/share/ur_description_local/meshes/ur5e/collision/shoulder.stl
[3.692s] -- Installing: /home/billy/git/Robotics-Studio-2/install/ur_description_local/share/ur_description_local/meshes/ur5e/collision/forearm.stl
[3.693s] -- Installing: /home/billy/git/Robotics-Studio-2/install/ur_description_local/share/ur_description_local/meshes/ur5e/collision/forearm.stl:Zone.Identifier
[3.693s] -- Installing: /home/billy/git/Robotics-Studio-2/install/ur_description_local/share/ur_description_local/meshes/ur5e/collision/wrist3.stl
[3.694s] -- Installing: /home/billy/git/Robotics-Studio-2/install/ur_description_local/share/ur_description_local/meshes/ur5e/collision/upperarm.stl
[3.695s] -- Installing: /home/billy/git/Robotics-Studio-2/install/ur_description_local/share/ur_description_local/meshes/ur5e/collision/wrist1.stl:Zone.Identifier
[3.696s] -- Installing: /home/billy/git/Robotics-Studio-2/install/ur_description_local/share/ur_description_local/meshes/ur5e/collision/shoulder.stl:Zone.Identifier
[3.698s] -- Installing: /home/billy/git/Robotics-Studio-2/install/ur_description_local/share/ur_description_local/meshes/ur5e/collision/wrist2.stl:Zone.Identifier
[3.700s] -- Installing: /home/billy/git/Robotics-Studio-2/install/ur_description_local/share/ur_description_local/meshes/ur5e/collision/wrist3.stl:Zone.Identifier
[3.700s] -- Installing: /home/billy/git/Robotics-Studio-2/install/ur_description_local/share/ur_description_local/meshes/ur5e/collision/upperarm.stl:Zone.Identifier
[3.701s] -- Installing: /home/billy/git/Robotics-Studio-2/install/ur_description_local/share/ur_description_local/meshes/ur5e/collision/wrist1.stl
[3.701s] -- Installing: /home/billy/git/Robotics-Studio-2/install/ur_description_local/share/ur_description_local/meshes/ur5e/visual
[3.703s] -- Installing: /home/billy/git/Robotics-Studio-2/install/ur_description_local/share/ur_description_local/meshes/ur5e/visual/wrist2.dae
[3.710s] -- Installing: /home/billy/git/Robotics-Studio-2/install/ur_description_local/share/ur_description_local/meshes/ur5e/visual/base.dae
[3.712s] -- Installing: /home/billy/git/Robotics-Studio-2/install/ur_description_local/share/ur_description_local/meshes/ur5e/visual/upperarm.dae:Zone.Identifier
[3.713s] -- Installing: /home/billy/git/Robotics-Studio-2/install/ur_description_local/share/ur_description_local/meshes/ur5e/visual/upperarm.dae
[3.728s] -- Installing: /home/billy/git/Robotics-Studio-2/install/ur_description_local/share/ur_description_local/meshes/ur5e/visual/wrist1.dae:Zone.Identifier
[3.729s] -- Installing: /home/billy/git/Robotics-Studio-2/install/ur_description_local/share/ur_description_local/meshes/ur5e/visual/wrist3.dae:Zone.Identifier
[3.729s] -- Installing: /home/billy/git/Robotics-Studio-2/install/ur_description_local/share/ur_description_local/meshes/ur5e/visual/wrist1.dae
[3.737s] -- Installing: /home/billy/git/Robotics-Studio-2/install/ur_description_local/share/ur_description_local/meshes/ur5e/visual/wrist3.dae
[3.737s] -- Installing: /home/billy/git/Robotics-Studio-2/install/ur_description_local/share/ur_description_local/meshes/ur5e/visual/shoulder.dae:Zone.Identifier
[3.738s] -- Installing: /home/billy/git/Robotics-Studio-2/install/ur_description_local/share/ur_description_local/meshes/ur5e/visual/shoulder.dae
[3.748s] -- Installing: /home/billy/git/Robotics-Studio-2/install/ur_description_local/share/ur_description_local/meshes/ur5e/visual/forearm.dae:Zone.Identifier
[3.748s] -- Installing: /home/billy/git/Robotics-Studio-2/install/ur_description_local/share/ur_description_local/meshes/ur5e/visual/forearm.dae
[3.754s] -- Installing: /home/billy/git/Robotics-Studio-2/install/ur_description_local/share/ur_description_local/meshes/ur5e/visual/base.dae:Zone.Identifier
[3.754s] -- Installing: /home/billy/git/Robotics-Studio-2/install/ur_description_local/share/ur_description_local/meshes/ur5e/visual/wrist2.dae:Zone.Identifier
[3.755s] -- Installing: /home/billy/git/Robotics-Studio-2/install/ur_description_local/share/ur_description_local/meshes/ur3
[3.757s] -- Installing: /home/billy/git/Robotics-Studio-2/install/ur_description_local/share/ur_description_local/meshes/ur3/collision
[3.758s] -- Installing: /home/billy/git/Robotics-Studio-2/install/ur_description_local/share/ur_description_local/meshes/ur3/collision/base.stl
[3.760s] -- Installing: /home/billy/git/Robotics-Studio-2/install/ur_description_local/share/ur_description_local/meshes/ur3/collision/base.stl:Zone.Identifier
[3.761s] -- Installing: /home/billy/git/Robotics-Studio-2/install/ur_description_local/share/ur_description_local/meshes/ur3/collision/wrist2.stl
[3.762s] -- Installing: /home/billy/git/Robotics-Studio-2/install/ur_description_local/share/ur_description_local/meshes/ur3/collision/shoulder.stl
[3.765s] -- Installing: /home/billy/git/Robotics-Studio-2/install/ur_description_local/share/ur_description_local/meshes/ur3/collision/forearm.stl
[3.766s] -- Installing: /home/billy/git/Robotics-Studio-2/install/ur_description_local/share/ur_description_local/meshes/ur3/collision/forearm.stl:Zone.Identifier
[3.767s] -- Installing: /home/billy/git/Robotics-Studio-2/install/ur_description_local/share/ur_description_local/meshes/ur3/collision/wrist3.stl
[3.767s] -- Installing: /home/billy/git/Robotics-Studio-2/install/ur_description_local/share/ur_description_local/meshes/ur3/collision/upperarm.stl
[3.771s] -- Installing: /home/billy/git/Robotics-Studio-2/install/ur_description_local/share/ur_description_local/meshes/ur3/collision/wrist1.stl:Zone.Identifier
[3.771s] -- Installing: /home/billy/git/Robotics-Studio-2/install/ur_description_local/share/ur_description_local/meshes/ur3/collision/shoulder.stl:Zone.Identifier
[3.771s] -- Installing: /home/billy/git/Robotics-Studio-2/install/ur_description_local/share/ur_description_local/meshes/ur3/collision/wrist2.stl:Zone.Identifier
[3.772s] -- Installing: /home/billy/git/Robotics-Studio-2/install/ur_description_local/share/ur_description_local/meshes/ur3/collision/wrist3.stl:Zone.Identifier
[3.772s] -- Installing: /home/billy/git/Robotics-Studio-2/install/ur_description_local/share/ur_description_local/meshes/ur3/collision/upperarm.stl:Zone.Identifier
[3.773s] -- Installing: /home/billy/git/Robotics-Studio-2/install/ur_description_local/share/ur_description_local/meshes/ur3/collision/wrist1.stl
[3.774s] -- Installing: /home/billy/git/Robotics-Studio-2/install/ur_description_local/share/ur_description_local/meshes/ur3/visual
[3.776s] -- Installing: /home/billy/git/Robotics-Studio-2/install/ur_description_local/share/ur_description_local/meshes/ur3/visual/wrist2.dae
[3.781s] -- Installing: /home/billy/git/Robotics-Studio-2/install/ur_description_local/share/ur_description_local/meshes/ur3/visual/base.dae
[3.784s] -- Installing: /home/billy/git/Robotics-Studio-2/install/ur_description_local/share/ur_description_local/meshes/ur3/visual/upperarm.dae:Zone.Identifier
[3.785s] -- Installing: /home/billy/git/Robotics-Studio-2/install/ur_description_local/share/ur_description_local/meshes/ur3/visual/upperarm.dae
[3.796s] -- Installing: /home/billy/git/Robotics-Studio-2/install/ur_description_local/share/ur_description_local/meshes/ur3/visual/wrist1.dae:Zone.Identifier
[3.797s] -- Installing: /home/billy/git/Robotics-Studio-2/install/ur_description_local/share/ur_description_local/meshes/ur3/visual/wrist3.dae:Zone.Identifier
[3.797s] -- Installing: /home/billy/git/Robotics-Studio-2/install/ur_description_local/share/ur_description_local/meshes/ur3/visual/wrist1.dae
[3.801s] -- Installing: /home/billy/git/Robotics-Studio-2/install/ur_description_local/share/ur_description_local/meshes/ur3/visual/wrist3.dae
[3.802s] -- Installing: /home/billy/git/Robotics-Studio-2/install/ur_description_local/share/ur_description_local/meshes/ur3/visual/shoulder.dae:Zone.Identifier
[3.803s] -- Installing: /home/billy/git/Robotics-Studio-2/install/ur_description_local/share/ur_description_local/meshes/ur3/visual/shoulder.dae
[3.813s] -- Installing: /home/billy/git/Robotics-Studio-2/install/ur_description_local/share/ur_description_local/meshes/ur3/visual/forearm.dae:Zone.Identifier
[3.814s] -- Installing: /home/billy/git/Robotics-Studio-2/install/ur_description_local/share/ur_description_local/meshes/ur3/visual/forearm.dae
[3.819s] -- Installing: /home/billy/git/Robotics-Studio-2/install/ur_description_local/share/ur_description_local/meshes/ur3/visual/base.dae:Zone.Identifier
[3.819s] -- Installing: /home/billy/git/Robotics-Studio-2/install/ur_description_local/share/ur_description_local/meshes/ur3/visual/wrist2.dae:Zone.Identifier
[3.820s] -- Installing: /home/billy/git/Robotics-Studio-2/install/ur_description_local/share/ur_description_local/meshes/ur8long
[3.822s] -- Installing: /home/billy/git/Robotics-Studio-2/install/ur_description_local/share/ur_description_local/meshes/ur8long/LICENSE.txt
[3.823s] -- Installing: /home/billy/git/Robotics-Studio-2/install/ur_description_local/share/ur_description_local/meshes/ur8long/LICENSE.txt:Zone.Identifier
[3.824s] -- Installing: /home/billy/git/Robotics-Studio-2/install/ur_description_local/share/ur_description_local/meshes/ur8long/collision
[3.825s] -- Installing: /home/billy/git/Robotics-Studio-2/install/ur_description_local/share/ur_description_local/meshes/ur8long/collision/forearm.stl
[3.826s] -- Installing: /home/billy/git/Robotics-Studio-2/install/ur_description_local/share/ur_description_local/meshes/ur8long/collision/forearm.stl:Zone.Identifier
[3.827s] -- Installing: /home/billy/git/Robotics-Studio-2/install/ur_description_local/share/ur_description_local/meshes/ur8long/collision/upperarm.stl
[3.828s] -- Installing: /home/billy/git/Robotics-Studio-2/install/ur_description_local/share/ur_description_local/meshes/ur8long/collision/upperarm.stl:Zone.Identifier
[3.828s] -- Installing: /home/billy/git/Robotics-Studio-2/install/ur_description_local/share/ur_description_local/meshes/ur8long/visual
[3.830s] -- Installing: /home/billy/git/Robotics-Studio-2/install/ur_description_local/share/ur_description_local/meshes/ur8long/visual/UR8Long_DIFF_8bit_2K.jpg
[3.832s] -- Installing: /home/billy/git/Robotics-Studio-2/install/ur_description_local/share/ur_description_local/meshes/ur8long/visual/upperarm.dae:Zone.Identifier
[3.832s] -- Installing: /home/billy/git/Robotics-Studio-2/install/ur_description_local/share/ur_description_local/meshes/ur8long/visual/upperarm.dae
[3.835s] -- Installing: /home/billy/git/Robotics-Studio-2/install/ur_description_local/share/ur_description_local/meshes/ur8long/visual/UR8Long_DIFF_8bit_2K.jpg:Zone.Identifier
[3.835s] -- Installing: /home/billy/git/Robotics-Studio-2/install/ur_description_local/share/ur_description_local/meshes/ur8long/visual/forearm.dae:Zone.Identifier
[3.836s] -- Installing: /home/billy/git/Robotics-Studio-2/install/ur_description_local/share/ur_description_local/meshes/ur8long/visual/forearm.dae
[3.839s] -- Installing: /home/billy/git/Robotics-Studio-2/install/ur_description_local/share/ur_description_local/meshes/ur15
[3.841s] -- Installing: /home/billy/git/Robotics-Studio-2/install/ur_description_local/share/ur_description_local/meshes/ur15/LICENSE.txt
[3.842s] -- Installing: /home/billy/git/Robotics-Studio-2/install/ur_description_local/share/ur_description_local/meshes/ur15/LICENSE.txt:Zone.Identifier
[3.842s] -- Installing: /home/billy/git/Robotics-Studio-2/install/ur_description_local/share/ur_description_local/meshes/ur15/collision
[3.843s] -- Installing: /home/billy/git/Robotics-Studio-2/install/ur_description_local/share/ur_description_local/meshes/ur15/collision/base.stl
[3.845s] -- Installing: /home/billy/git/Robotics-Studio-2/install/ur_description_local/share/ur_description_local/meshes/ur15/collision/base.stl:Zone.Identifier
[3.845s] -- Installing: /home/billy/git/Robotics-Studio-2/install/ur_description_local/share/ur_description_local/meshes/ur15/collision/wrist2.stl
[3.846s] -- Installing: /home/billy/git/Robotics-Studio-2/install/ur_description_local/share/ur_description_local/meshes/ur15/collision/shoulder.stl
[3.848s] -- Installing: /home/billy/git/Robotics-Studio-2/install/ur_description_local/share/ur_description_local/meshes/ur15/collision/forearm.stl
[3.848s] -- Installing: /home/billy/git/Robotics-Studio-2/install/ur_description_local/share/ur_description_local/meshes/ur15/collision/forearm.stl:Zone.Identifier
[3.849s] -- Installing: /home/billy/git/Robotics-Studio-2/install/ur_description_local/share/ur_description_local/meshes/ur15/collision/wrist3.stl
[3.849s] -- Installing: /home/billy/git/Robotics-Studio-2/install/ur_description_local/share/ur_description_local/meshes/ur15/collision/upperarm.stl
[3.850s] -- Installing: /home/billy/git/Robotics-Studio-2/install/ur_description_local/share/ur_description_local/meshes/ur15/collision/wrist1.stl:Zone.Identifier
[3.851s] -- Installing: /home/billy/git/Robotics-Studio-2/install/ur_description_local/share/ur_description_local/meshes/ur15/collision/shoulder.stl:Zone.Identifier
[3.851s] -- Installing: /home/billy/git/Robotics-Studio-2/install/ur_description_local/share/ur_description_local/meshes/ur15/collision/wrist2.stl:Zone.Identifier
[3.852s] -- Installing: /home/billy/git/Robotics-Studio-2/install/ur_description_local/share/ur_description_local/meshes/ur15/collision/wrist3.stl:Zone.Identifier
[3.852s] -- Installing: /home/billy/git/Robotics-Studio-2/install/ur_description_local/share/ur_description_local/meshes/ur15/collision/upperarm.stl:Zone.Identifier
[3.853s] -- Installing: /home/billy/git/Robotics-Studio-2/install/ur_description_local/share/ur_description_local/meshes/ur15/collision/wrist1.stl
[3.853s] -- Installing: /home/billy/git/Robotics-Studio-2/install/ur_description_local/share/ur_description_local/meshes/ur15/visual
[3.855s] -- Installing: /home/billy/git/Robotics-Studio-2/install/ur_description_local/share/ur_description_local/meshes/ur15/visual/wrist2.dae
[3.857s] -- Installing: /home/billy/git/Robotics-Studio-2/install/ur_description_local/share/ur_description_local/meshes/ur15/visual/base.dae
[3.859s] -- Installing: /home/billy/git/Robotics-Studio-2/install/ur_description_local/share/ur_description_local/meshes/ur15/visual/upperarm.dae:Zone.Identifier
[3.860s] -- Installing: /home/billy/git/Robotics-Studio-2/install/ur_description_local/share/ur_description_local/meshes/ur15/visual/upperarm.dae
[3.863s] -- Installing: /home/billy/git/Robotics-Studio-2/install/ur_description_local/share/ur_description_local/meshes/ur15/visual/UR15_DIFF_8bit_2K.jpg
[3.866s] -- Installing: /home/billy/git/Robotics-Studio-2/install/ur_description_local/share/ur_description_local/meshes/ur15/visual/wrist1.dae:Zone.Identifier
[3.866s] -- Installing: /home/billy/git/Robotics-Studio-2/install/ur_description_local/share/ur_description_local/meshes/ur15/visual/wrist3.dae:Zone.Identifier
[3.866s] -- Installing: /home/billy/git/Robotics-Studio-2/install/ur_description_local/share/ur_description_local/meshes/ur15/visual/wrist1.dae
[3.868s] -- Installing: /home/billy/git/Robotics-Studio-2/install/ur_description_local/share/ur_description_local/meshes/ur15/visual/wrist3.dae
[3.869s] -- Installing: /home/billy/git/Robotics-Studio-2/install/ur_description_local/share/ur_description_local/meshes/ur15/visual/shoulder.dae:Zone.Identifier
[3.870s] -- Installing: /home/billy/git/Robotics-Studio-2/install/ur_description_local/share/ur_description_local/meshes/ur15/visual/shoulder.dae
[3.871s] -- Installing: /home/billy/git/Robotics-Studio-2/install/ur_description_local/share/ur_description_local/meshes/ur15/visual/forearm.dae:Zone.Identifier
[3.871s] -- Installing: /home/billy/git/Robotics-Studio-2/install/ur_description_local/share/ur_description_local/meshes/ur15/visual/forearm.dae
[3.874s] -- Installing: /home/billy/git/Robotics-Studio-2/install/ur_description_local/share/ur_description_local/meshes/ur15/visual/base.dae:Zone.Identifier
[3.875s] -- Installing: /home/billy/git/Robotics-Studio-2/install/ur_description_local/share/ur_description_local/meshes/ur15/visual/wrist2.dae:Zone.Identifier
[3.875s] -- Installing: /home/billy/git/Robotics-Studio-2/install/ur_description_local/share/ur_description_local/meshes/ur15/visual/UR15_DIFF_8bit_2K.jpg:Zone.Identifier
[3.876s] -- Installing: /home/billy/git/Robotics-Studio-2/install/ur_description_local/share/ur_description_local/meshes/ur16e
[3.877s] -- Installing: /home/billy/git/Robotics-Studio-2/install/ur_description_local/share/ur_description_local/meshes/ur16e/collision
[3.878s] -- Installing: /home/billy/git/Robotics-Studio-2/install/ur_description_local/share/ur_description_local/meshes/ur16e/collision/forearm.stl
[3.879s] -- Installing: /home/billy/git/Robotics-Studio-2/install/ur_description_local/share/ur_description_local/meshes/ur16e/collision/forearm.stl:Zone.Identifier
[3.880s] -- Installing: /home/billy/git/Robotics-Studio-2/install/ur_description_local/share/ur_description_local/meshes/ur16e/collision/upperarm.stl
[3.881s] -- Installing: /home/billy/git/Robotics-Studio-2/install/ur_description_local/share/ur_description_local/meshes/ur16e/collision/upperarm.stl:Zone.Identifier
[3.881s] -- Installing: /home/billy/git/Robotics-Studio-2/install/ur_description_local/share/ur_description_local/meshes/ur16e/visual
[3.882s] -- Installing: /home/billy/git/Robotics-Studio-2/install/ur_description_local/share/ur_description_local/meshes/ur16e/visual/upperarm.dae:Zone.Identifier
[3.883s] -- Installing: /home/billy/git/Robotics-Studio-2/install/ur_description_local/share/ur_description_local/meshes/ur16e/visual/upperarm.dae
[3.902s] -- Installing: /home/billy/git/Robotics-Studio-2/install/ur_description_local/share/ur_description_local/meshes/ur16e/visual/forearm.dae:Zone.Identifier
[3.902s] -- Installing: /home/billy/git/Robotics-Studio-2/install/ur_description_local/share/ur_description_local/meshes/ur16e/visual/forearm.dae
[3.910s] -- Installing: /home/billy/git/Robotics-Studio-2/install/ur_description_local/share/ur_description_local/meshes/ur30
[3.910s] -- Installing: /home/billy/git/Robotics-Studio-2/install/ur_description_local/share/ur_description_local/meshes/ur30/LICENSE.txt
[3.911s] -- Installing: /home/billy/git/Robotics-Studio-2/install/ur_description_local/share/ur_description_local/meshes/ur30/LICENSE.txt:Zone.Identifier
[3.911s] -- Installing: /home/billy/git/Robotics-Studio-2/install/ur_description_local/share/ur_description_local/meshes/ur30/collision
[3.912s] -- Installing: /home/billy/git/Robotics-Studio-2/install/ur_description_local/share/ur_description_local/meshes/ur30/collision/forearm.stl
[3.913s] -- Installing: /home/billy/git/Robotics-Studio-2/install/ur_description_local/share/ur_description_local/meshes/ur30/collision/forearm.stl:Zone.Identifier
[3.914s] -- Installing: /home/billy/git/Robotics-Studio-2/install/ur_description_local/share/ur_description_local/meshes/ur30/collision/upperarm.stl
[3.914s] -- Installing: /home/billy/git/Robotics-Studio-2/install/ur_description_local/share/ur_description_local/meshes/ur30/collision/upperarm.stl:Zone.Identifier
[3.915s] -- Installing: /home/billy/git/Robotics-Studio-2/install/ur_description_local/share/ur_description_local/meshes/ur30/visual
[3.916s] -- Installing: /home/billy/git/Robotics-Studio-2/install/ur_description_local/share/ur_description_local/meshes/ur30/visual/UR30_DIFF_8bit_2K.png:Zone.Identifier
[3.916s] -- Installing: /home/billy/git/Robotics-Studio-2/install/ur_description_local/share/ur_description_local/meshes/ur30/visual/upperarm.dae:Zone.Identifier
[3.916s] -- Installing: /home/billy/git/Robotics-Studio-2/install/ur_description_local/share/ur_description_local/meshes/ur30/visual/upperarm.dae
[3.920s] -- Installing: /home/billy/git/Robotics-Studio-2/install/ur_description_local/share/ur_description_local/meshes/ur30/visual/UR30_DIFF_8bit_2K.png
[3.927s] -- Installing: /home/billy/git/Robotics-Studio-2/install/ur_description_local/share/ur_description_local/meshes/ur30/visual/forearm.dae:Zone.Identifier
[3.927s] -- Installing: /home/billy/git/Robotics-Studio-2/install/ur_description_local/share/ur_description_local/meshes/ur30/visual/forearm.dae
[3.932s] -- Installing: /home/billy/git/Robotics-Studio-2/install/ur_description_local/share/ur_description_local/meshes/ur20
[3.934s] -- Installing: /home/billy/git/Robotics-Studio-2/install/ur_description_local/share/ur_description_local/meshes/ur20/LICENSE.txt
[3.934s] -- Installing: /home/billy/git/Robotics-Studio-2/install/ur_description_local/share/ur_description_local/meshes/ur20/LICENSE.txt:Zone.Identifier
[3.935s] -- Installing: /home/billy/git/Robotics-Studio-2/install/ur_description_local/share/ur_description_local/meshes/ur20/collision
[3.936s] -- Installing: /home/billy/git/Robotics-Studio-2/install/ur_description_local/share/ur_description_local/meshes/ur20/collision/base.stl
[3.936s] -- Installing: /home/billy/git/Robotics-Studio-2/install/ur_description_local/share/ur_description_local/meshes/ur20/collision/base.stl:Zone.Identifier
[3.937s] -- Installing: /home/billy/git/Robotics-Studio-2/install/ur_description_local/share/ur_description_local/meshes/ur20/collision/wrist2.stl
[3.938s] -- Installing: /home/billy/git/Robotics-Studio-2/install/ur_description_local/share/ur_description_local/meshes/ur20/collision/shoulder.stl
[3.938s] -- Installing: /home/billy/git/Robotics-Studio-2/install/ur_description_local/share/ur_description_local/meshes/ur20/collision/forearm.stl
[3.939s] -- Installing: /home/billy/git/Robotics-Studio-2/install/ur_description_local/share/ur_description_local/meshes/ur20/collision/forearm.stl:Zone.Identifier
[3.939s] -- Installing: /home/billy/git/Robotics-Studio-2/install/ur_description_local/share/ur_description_local/meshes/ur20/collision/wrist3.stl
[3.940s] -- Installing: /home/billy/git/Robotics-Studio-2/install/ur_description_local/share/ur_description_local/meshes/ur20/collision/upperarm.stl
[3.941s] -- Installing: /home/billy/git/Robotics-Studio-2/install/ur_description_local/share/ur_description_local/meshes/ur20/collision/wrist1.stl:Zone.Identifier
[3.941s] -- Installing: /home/billy/git/Robotics-Studio-2/install/ur_description_local/share/ur_description_local/meshes/ur20/collision/shoulder.stl:Zone.Identifier
[3.942s] -- Installing: /home/billy/git/Robotics-Studio-2/install/ur_description_local/share/ur_description_local/meshes/ur20/collision/wrist2.stl:Zone.Identifier
[3.942s] -- Installing: /home/billy/git/Robotics-Studio-2/install/ur_description_local/share/ur_description_local/meshes/ur20/collision/wrist3.stl:Zone.Identifier
[3.943s] -- Installing: /home/billy/git/Robotics-Studio-2/install/ur_description_local/share/ur_description_local/meshes/ur20/collision/upperarm.stl:Zone.Identifier
[3.944s] -- Installing: /home/billy/git/Robotics-Studio-2/install/ur_description_local/share/ur_description_local/meshes/ur20/collision/wrist1.stl
[3.944s] -- Installing: /home/billy/git/Robotics-Studio-2/install/ur_description_local/share/ur_description_local/meshes/ur20/visual
[3.946s] -- Installing: /home/billy/git/Robotics-Studio-2/install/ur_description_local/share/ur_description_local/meshes/ur20/visual/wrist2.dae
[3.948s] -- Installing: /home/billy/git/Robotics-Studio-2/install/ur_description_local/share/ur_description_local/meshes/ur20/visual/base.dae
[3.951s] -- Installing: /home/billy/git/Robotics-Studio-2/install/ur_description_local/share/ur_description_local/meshes/ur20/visual/upperarm.dae:Zone.Identifier
[3.951s] -- Installing: /home/billy/git/Robotics-Studio-2/install/ur_description_local/share/ur_description_local/meshes/ur20/visual/upperarm.dae
[3.955s] -- Installing: /home/billy/git/Robotics-Studio-2/install/ur_description_local/share/ur_description_local/meshes/ur20/visual/UR20_DIFF_8bit_2K.png
[3.964s] -- Installing: /home/billy/git/Robotics-Studio-2/install/ur_description_local/share/ur_description_local/meshes/ur20/visual/wrist1.dae:Zone.Identifier
[3.964s] -- Installing: /home/billy/git/Robotics-Studio-2/install/ur_description_local/share/ur_description_local/meshes/ur20/visual/wrist3.dae:Zone.Identifier
[3.964s] -- Installing: /home/billy/git/Robotics-Studio-2/install/ur_description_local/share/ur_description_local/meshes/ur20/visual/wrist1.dae
[3.967s] -- Installing: /home/billy/git/Robotics-Studio-2/install/ur_description_local/share/ur_description_local/meshes/ur20/visual/wrist3.dae
[3.969s] -- Installing: /home/billy/git/Robotics-Studio-2/install/ur_description_local/share/ur_description_local/meshes/ur20/visual/shoulder.dae:Zone.Identifier
[3.970s] -- Installing: /home/billy/git/Robotics-Studio-2/install/ur_description_local/share/ur_description_local/meshes/ur20/visual/shoulder.dae
[3.972s] -- Installing: /home/billy/git/Robotics-Studio-2/install/ur_description_local/share/ur_description_local/meshes/ur20/visual/forearm.dae:Zone.Identifier
[3.972s] -- Installing: /home/billy/git/Robotics-Studio-2/install/ur_description_local/share/ur_description_local/meshes/ur20/visual/UR20_DIFF_8bit_2K.png:Zone.Identifier
[3.973s] -- Installing: /home/billy/git/Robotics-Studio-2/install/ur_description_local/share/ur_description_local/meshes/ur20/visual/forearm.dae
[3.977s] -- Installing: /home/billy/git/Robotics-Studio-2/install/ur_description_local/share/ur_description_local/meshes/ur20/visual/base.dae:Zone.Identifier
[3.978s] -- Installing: /home/billy/git/Robotics-Studio-2/install/ur_description_local/share/ur_description_local/meshes/ur20/visual/wrist2.dae:Zone.Identifier
[3.978s] -- Installing: /home/billy/git/Robotics-Studio-2/install/ur_description_local/share/ur_description_local/rviz
[3.980s] -- Installing: /home/billy/git/Robotics-Studio-2/install/ur_description_local/share/ur_description_local/rviz/view_robot.rviz:Zone.Identifier
[3.980s] -- Installing: /home/billy/git/Robotics-Studio-2/install/ur_description_local/share/ur_description_local/rviz/view_robot.rviz
[3.980s] -- Installing: /home/billy/git/Robotics-Studio-2/install/ur_description_local/share/ur_description_local/urdf
[3.982s] -- Installing: /home/billy/git/Robotics-Studio-2/install/ur_description_local/share/ur_description_local/urdf/ur_macro.xacro
[3.983s] -- Installing: /home/billy/git/Robotics-Studio-2/install/ur_description_local/share/ur_description_local/urdf/ur.urdf.xacro
[3.983s] -- Installing: /home/billy/git/Robotics-Studio-2/install/ur_description_local/share/ur_description_local/urdf/ur.ros2_control.xacro:Zone.Identifier
[3.984s] -- Installing: /home/billy/git/Robotics-Studio-2/install/ur_description_local/share/ur_description_local/urdf/ur.ros2_control.xacro
[3.984s] -- Installing: /home/billy/git/Robotics-Studio-2/install/ur_description_local/share/ur_description_local/urdf/ur.urdf.xacro:Zone.Identifier
[3.985s] -- Installing: /home/billy/git/Robotics-Studio-2/install/ur_description_local/share/ur_description_local/urdf/inc
[3.986s] -- Installing: /home/billy/git/Robotics-Studio-2/install/ur_description_local/share/ur_description_local/urdf/inc/ur_common.xacro
[3.986s] -- Installing: /home/billy/git/Robotics-Studio-2/install/ur_description_local/share/ur_description_local/urdf/inc/ur_transmissions.xacro
[3.987s] -- Installing: /home/billy/git/Robotics-Studio-2/install/ur_description_local/share/ur_description_local/urdf/inc/ur_transmissions.xacro:Zone.Identifier
[3.987s] -- Installing: /home/billy/git/Robotics-Studio-2/install/ur_description_local/share/ur_description_local/urdf/inc/ur_common.xacro:Zone.Identifier
[3.987s] -- Installing: /home/billy/git/Robotics-Studio-2/install/ur_description_local/share/ur_description_local/urdf/ur_macro.xacro:Zone.Identifier
[3.991s] -- Installing: /home/billy/git/Robotics-Studio-2/install/ur_description_local/share/ament_index/resource_index/package_run_dependencies/ur_description_local
[3.993s] -- Installing: /home/billy/git/Robotics-Studio-2/install/ur_description_local/share/ament_index/resource_index/parent_prefix_path/ur_description_local
[3.997s] -- Installing: /home/billy/git/Robotics-Studio-2/install/ur_description_local/share/ur_description_local/environment/ament_prefix_path.sh
[3.997s] -- Installing: /home/billy/git/Robotics-Studio-2/install/ur_description_local/share/ur_description_local/environment/ament_prefix_path.dsv
[3.998s] -- Installing: /home/billy/git/Robotics-Studio-2/install/ur_description_local/share/ur_description_local/environment/path.sh
[3.998s] -- Installing: /home/billy/git/Robotics-Studio-2/install/ur_description_local/share/ur_description_local/environment/path.dsv
[3.999s] -- Installing: /home/billy/git/Robotics-Studio-2/install/ur_description_local/share/ur_description_local/local_setup.bash
[4.001s] -- Installing: /home/billy/git/Robotics-Studio-2/install/ur_description_local/share/ur_description_local/local_setup.sh
[4.001s] -- Installing: /home/billy/git/Robotics-Studio-2/install/ur_description_local/share/ur_description_local/local_setup.zsh
[4.001s] -- Installing: /home/billy/git/Robotics-Studio-2/install/ur_description_local/share/ur_description_local/local_setup.dsv
[4.001s] -- Installing: /home/billy/git/Robotics-Studio-2/install/ur_description_local/share/ur_description_local/package.dsv
[4.003s] -- Installing: /home/billy/git/Robotics-Studio-2/install/ur_description_local/share/ament_index/resource_index/packages/ur_description_local
[4.004s] -- Installing: /home/billy/git/Robotics-Studio-2/install/ur_description_local/share/ur_description_local/cmake/ur_description_localConfig.cmake
[4.005s] -- Installing: /home/billy/git/Robotics-Studio-2/install/ur_description_local/share/ur_description_local/cmake/ur_description_localConfig.cmake
[4.005s] -- Installing: /home/billy/git/Robotics-Studio-2/install/ur_description_local/share/ur_description_local/cmake/ur_description_localConfig-version.cmake
[4.006s] -- Installing: /home/billy/git/Robotics-Studio-2/install/ur_description_local/share/ur_description_local/package.xml
[4.014s] Invoked command in '/home/billy/git/Robotics-Studio-2/build/ur_description_local' returned '0': CMAKE_PREFIX_PATH=${CMAKE_PREFIX_PATH}:/opt/ros/humble /usr/bin/cmake --install /home/billy/git/Robotics-Studio-2/build/ur_description_local
