[0.071s] Invoking command in '/home/billy/git/Robotics-Studio-2/build/ur_gripper_demo': CMAKE_PREFIX_PATH=${CMAKE_PREFIX_PATH}:/opt/ros/humble /usr/bin/cmake --build /home/billy/git/Robotics-Studio-2/build/ur_gripper_demo -- -j16 -l16
[0.212s] [35m[1mConsolidate compiler generated dependencies of target gripper_pick_place[0m
[0.282s] [  0%] Built target ament_cmake_python_symlink_ur_gripper_demo
[0.365s] [ 50%] Built target gripper_demo_node
[0.394s] [100%] Built target gripper_pick_place
[0.749s] running egg_info
[0.751s] writing ur_gripper_demo.egg-info/PKG-INFO
[0.751s] writing dependency_links to ur_gripper_demo.egg-info/dependency_links.txt
[0.752s] writing top-level names to ur_gripper_demo.egg-info/top_level.txt
[0.759s] reading manifest file 'ur_gripper_demo.egg-info/SOURCES.txt'
[0.760s] writing manifest file 'ur_gripper_demo.egg-info/SOURCES.txt'
[0.830s] [100%] Built target ament_cmake_python_build_ur_gripper_demo_egg
[0.857s] Invoked command in '/home/billy/git/Robotics-Studio-2/build/ur_gripper_demo' returned '0': CMAKE_PREFIX_PATH=${CMAKE_PREFIX_PATH}:/opt/ros/humble /usr/bin/cmake --build /home/billy/git/Robotics-Studio-2/build/ur_gripper_demo -- -j16 -l16
[0.863s] Invoking command in '/home/billy/git/Robotics-Studio-2/build/ur_gripper_demo': CMAKE_PREFIX_PATH=${CMAKE_PREFIX_PATH}:/opt/ros/humble /usr/bin/cmake --install /home/billy/git/Robotics-Studio-2/build/ur_gripper_demo
[0.880s] -- Install configuration: ""
[0.881s] -- Execute custom install script
[0.882s] -- Up-to-date symlink: /home/billy/git/Robotics-Studio-2/install/ur_gripper_demo/share/ur_gripper_demo/environment/pythonpath.sh
[0.882s] -- Up-to-date symlink: /home/billy/git/Robotics-Studio-2/install/ur_gripper_demo/share/ur_gripper_demo/environment/pythonpath.dsv
[0.883s] -- Up-to-date symlink: /home/billy/git/Robotics-Studio-2/install/ur_gripper_demo/local/lib/python3.10/dist-packages/ur_gripper_demo-0.0.0-py3.10.egg-info/PKG-INFO
[0.883s] -- Up-to-date symlink: /home/billy/git/Robotics-Studio-2/install/ur_gripper_demo/local/lib/python3.10/dist-packages/ur_gripper_demo-0.0.0-py3.10.egg-info/SOURCES.txt
[0.884s] -- Up-to-date symlink: /home/billy/git/Robotics-Studio-2/install/ur_gripper_demo/local/lib/python3.10/dist-packages/ur_gripper_demo-0.0.0-py3.10.egg-info/dependency_links.txt
[0.884s] -- Up-to-date symlink: /home/billy/git/Robotics-Studio-2/install/ur_gripper_demo/local/lib/python3.10/dist-packages/ur_gripper_demo-0.0.0-py3.10.egg-info/top_level.txt
[0.885s] [33mCMake Warning (dev) at ament_cmake_symlink_install/ament_cmake_symlink_install.cmake:67 (file):
[0.885s]   Policy CMP0009 is not set: FILE GLOB_RECURSE calls should not follow
[0.885s]   symlinks by default.  Run "cmake --help-policy CMP0009" for policy details.
[0.885s]   Use the cmake_policy command to set the policy and suppress this warning.
[0.885s] Call Stack (most recent call first):
[0.886s]   ament_cmake_symlink_install/ament_cmake_symlink_install.cmake:328 (ament_cmake_symlink_install_directory)
[0.886s]   cmake_install.cmake:46 (include)
[0.887s] This warning is for project developers.  Use -Wno-dev to suppress it.
[0.887s] [0m
[0.887s] [33mCMake Warning (dev) at ament_cmake_symlink_install/ament_cmake_symlink_install.cmake:78 (file):
[0.887s]   Policy CMP0009 is not set: FILE GLOB_RECURSE calls should not follow
[0.887s]   symlinks by default.  Run "cmake --help-policy CMP0009" for policy details.
[0.887s]   Use the cmake_policy command to set the policy and suppress this warning.
[0.888s] Call Stack (most recent call first):
[0.888s]   ament_cmake_symlink_install/ament_cmake_symlink_install.cmake:328 (ament_cmake_symlink_install_directory)
[0.888s]   cmake_install.cmake:46 (include)
[0.888s] This warning is for project developers.  Use -Wno-dev to suppress it.
[0.888s] [0m
[0.888s] [33mCMake Warning (dev) at ament_cmake_symlink_install/ament_cmake_symlink_install.cmake:78 (file):
[0.888s]   Policy CMP0009 is not set: FILE GLOB_RECURSE calls should not follow
[0.889s]   symlinks by default.  Run "cmake --help-policy CMP0009" for policy details.
[0.889s]   Use the cmake_policy command to set the policy and suppress this warning.
[0.889s] Call Stack (most recent call first):
[0.889s]   ament_cmake_symlink_install/ament_cmake_symlink_install.cmake:328 (ament_cmake_symlink_install_directory)
[0.890s]   cmake_install.cmake:46 (include)
[0.890s] This warning is for project developers.  Use -Wno-dev to suppress it.
[0.890s] [0m
[0.891s] -- Up-to-date symlink: /home/billy/git/Robotics-Studio-2/install/ur_gripper_demo/local/lib/python3.10/dist-packages/ur_gripper_demo/__init__.py
[0.891s] -- Up-to-date symlink: /home/billy/git/Robotics-Studio-2/install/ur_gripper_demo/local/lib/python3.10/dist-packages/ur_gripper_demo/build/.built_by
[0.891s] -- Up-to-date symlink: /home/billy/git/Robotics-Studio-2/install/ur_gripper_demo/local/lib/python3.10/dist-packages/ur_gripper_demo/build/COLCON_IGNORE
[0.891s] -- Up-to-date symlink: /home/billy/git/Robotics-Studio-2/install/ur_gripper_demo/local/lib/python3.10/dist-packages/ur_gripper_demo/install/.colcon_install_layout
[0.891s] -- Up-to-date symlink: /home/billy/git/Robotics-Studio-2/install/ur_gripper_demo/local/lib/python3.10/dist-packages/ur_gripper_demo/install/COLCON_IGNORE
[0.891s] -- Up-to-date symlink: /home/billy/git/Robotics-Studio-2/install/ur_gripper_demo/local/lib/python3.10/dist-packages/ur_gripper_demo/install/_local_setup_util_ps1.py
[0.892s] -- Up-to-date symlink: /home/billy/git/Robotics-Studio-2/install/ur_gripper_demo/local/lib/python3.10/dist-packages/ur_gripper_demo/install/_local_setup_util_sh.py
[0.892s] -- Up-to-date symlink: /home/billy/git/Robotics-Studio-2/install/ur_gripper_demo/local/lib/python3.10/dist-packages/ur_gripper_demo/install/local_setup.bash
[0.892s] -- Up-to-date symlink: /home/billy/git/Robotics-Studio-2/install/ur_gripper_demo/local/lib/python3.10/dist-packages/ur_gripper_demo/install/local_setup.ps1
[0.893s] -- Up-to-date symlink: /home/billy/git/Robotics-Studio-2/install/ur_gripper_demo/local/lib/python3.10/dist-packages/ur_gripper_demo/install/local_setup.sh
[0.893s] -- Up-to-date symlink: /home/billy/git/Robotics-Studio-2/install/ur_gripper_demo/local/lib/python3.10/dist-packages/ur_gripper_demo/install/local_setup.zsh
[0.893s] -- Up-to-date symlink: /home/billy/git/Robotics-Studio-2/install/ur_gripper_demo/local/lib/python3.10/dist-packages/ur_gripper_demo/install/setup.bash
[0.894s] -- Up-to-date symlink: /home/billy/git/Robotics-Studio-2/install/ur_gripper_demo/local/lib/python3.10/dist-packages/ur_gripper_demo/install/setup.ps1
[0.894s] -- Up-to-date symlink: /home/billy/git/Robotics-Studio-2/install/ur_gripper_demo/local/lib/python3.10/dist-packages/ur_gripper_demo/install/setup.sh
[0.894s] -- Up-to-date symlink: /home/billy/git/Robotics-Studio-2/install/ur_gripper_demo/local/lib/python3.10/dist-packages/ur_gripper_demo/install/setup.zsh
[0.894s] -- Up-to-date symlink: /home/billy/git/Robotics-Studio-2/install/ur_gripper_demo/local/lib/python3.10/dist-packages/ur_gripper_demo/log/COLCON_IGNORE
[0.894s] -- Up-to-date symlink: /home/billy/git/Robotics-Studio-2/install/ur_gripper_demo/local/lib/python3.10/dist-packages/ur_gripper_demo/log/build_2026-03-31_14-24-55/events.log
[0.894s] -- Up-to-date symlink: /home/billy/git/Robotics-Studio-2/install/ur_gripper_demo/local/lib/python3.10/dist-packages/ur_gripper_demo/log/build_2026-03-31_14-24-55/logger_all.log
[0.895s] -- Up-to-date symlink: /home/billy/git/Robotics-Studio-2/install/ur_gripper_demo/local/lib/python3.10/dist-packages/ur_gripper_demo/log/build_2026-03-31_14-24-57/events.log
[0.895s] -- Up-to-date symlink: /home/billy/git/Robotics-Studio-2/install/ur_gripper_demo/local/lib/python3.10/dist-packages/ur_gripper_demo/log/build_2026-03-31_14-24-57/logger_all.log
[0.895s] -- Up-to-date symlink: /home/billy/git/Robotics-Studio-2/install/ur_gripper_demo/local/lib/python3.10/dist-packages/ur_gripper_demo/log/build_2026-03-31_14-25-55/events.log
[0.895s] -- Up-to-date symlink: /home/billy/git/Robotics-Studio-2/install/ur_gripper_demo/local/lib/python3.10/dist-packages/ur_gripper_demo/log/build_2026-03-31_14-25-55/logger_all.log
[0.896s] -- Up-to-date symlink: /home/billy/git/Robotics-Studio-2/install/ur_gripper_demo/local/lib/python3.10/dist-packages/ur_gripper_demo/log/latest/events.log
[0.896s] -- Up-to-date symlink: /home/billy/git/Robotics-Studio-2/install/ur_gripper_demo/local/lib/python3.10/dist-packages/ur_gripper_demo/log/latest/logger_all.log
[0.897s] -- Up-to-date symlink: /home/billy/git/Robotics-Studio-2/install/ur_gripper_demo/local/lib/python3.10/dist-packages/ur_gripper_demo/log/latest_build/events.log
[0.897s] -- Up-to-date symlink: /home/billy/git/Robotics-Studio-2/install/ur_gripper_demo/local/lib/python3.10/dist-packages/ur_gripper_demo/log/latest_build/logger_all.log
[0.898s] -- Up-to-date symlink: /home/billy/git/Robotics-Studio-2/install/ur_gripper_demo/lib/ur_gripper_demo/test_helper.py
[0.899s] -- Up-to-date symlink: /home/billy/git/Robotics-Studio-2/install/ur_gripper_demo/lib/ur_gripper_demo/gripper_demo_node
[0.899s] -- Up-to-date symlink: /home/billy/git/Robotics-Studio-2/install/ur_gripper_demo/lib/ur_gripper_demo/gripper_pick_place
[0.900s] -- Up-to-date symlink: /home/billy/git/Robotics-Studio-2/install/ur_gripper_demo/share/ur_gripper_demo/launch/ur_moveit.launch.py
[0.900s] -- Up-to-date symlink: /home/billy/git/Robotics-Studio-2/install/ur_gripper_demo/share/ament_index/resource_index/package_run_dependencies/ur_gripper_demo
[0.901s] -- Up-to-date symlink: /home/billy/git/Robotics-Studio-2/install/ur_gripper_demo/share/ament_index/resource_index/parent_prefix_path/ur_gripper_demo
[0.901s] -- Up-to-date symlink: /home/billy/git/Robotics-Studio-2/install/ur_gripper_demo/share/ur_gripper_demo/environment/ament_prefix_path.sh
[0.902s] -- Up-to-date symlink: /home/billy/git/Robotics-Studio-2/install/ur_gripper_demo/share/ur_gripper_demo/environment/ament_prefix_path.dsv
[0.902s] -- Up-to-date symlink: /home/billy/git/Robotics-Studio-2/install/ur_gripper_demo/share/ur_gripper_demo/environment/path.sh
[0.903s] -- Up-to-date symlink: /home/billy/git/Robotics-Studio-2/install/ur_gripper_demo/share/ur_gripper_demo/environment/path.dsv
[0.903s] -- Up-to-date symlink: /home/billy/git/Robotics-Studio-2/install/ur_gripper_demo/share/ur_gripper_demo/local_setup.bash
[0.904s] -- Up-to-date symlink: /home/billy/git/Robotics-Studio-2/install/ur_gripper_demo/share/ur_gripper_demo/local_setup.sh
[0.904s] -- Up-to-date symlink: /home/billy/git/Robotics-Studio-2/install/ur_gripper_demo/share/ur_gripper_demo/local_setup.zsh
[0.905s] -- Up-to-date symlink: /home/billy/git/Robotics-Studio-2/install/ur_gripper_demo/share/ur_gripper_demo/local_setup.dsv
[0.905s] -- Symlinking: /home/billy/git/Robotics-Studio-2/install/ur_gripper_demo/share/ur_gripper_demo/package.dsv
[0.931s] -- Up-to-date symlink: /home/billy/git/Robotics-Studio-2/install/ur_gripper_demo/share/ament_index/resource_index/packages/ur_gripper_demo
[0.932s] -- Up-to-date symlink: /home/billy/git/Robotics-Studio-2/install/ur_gripper_demo/share/ur_gripper_demo/cmake/ur_gripper_demoConfig.cmake
[0.932s] -- Up-to-date symlink: /home/billy/git/Robotics-Studio-2/install/ur_gripper_demo/share/ur_gripper_demo/cmake/ur_gripper_demoConfig-version.cmake
[0.932s] -- Up-to-date symlink: /home/billy/git/Robotics-Studio-2/install/ur_gripper_demo/share/ur_gripper_demo/package.xml
[0.998s] Listing '/home/billy/git/Robotics-Studio-2/install/ur_gripper_demo/local/lib/python3.10/dist-packages/ur_gripper_demo'...
[0.999s] Listing '/home/billy/git/Robotics-Studio-2/install/ur_gripper_demo/local/lib/python3.10/dist-packages/ur_gripper_demo/build'...
[0.999s] Listing '/home/billy/git/Robotics-Studio-2/install/ur_gripper_demo/local/lib/python3.10/dist-packages/ur_gripper_demo/install'...
[0.999s] Listing '/home/billy/git/Robotics-Studio-2/install/ur_gripper_demo/local/lib/python3.10/dist-packages/ur_gripper_demo/log'...
[0.999s] Listing '/home/billy/git/Robotics-Studio-2/install/ur_gripper_demo/local/lib/python3.10/dist-packages/ur_gripper_demo/log/build_2026-03-31_14-24-55'...
[0.999s] Listing '/home/billy/git/Robotics-Studio-2/install/ur_gripper_demo/local/lib/python3.10/dist-packages/ur_gripper_demo/log/build_2026-03-31_14-24-57'...
[0.999s] Listing '/home/billy/git/Robotics-Studio-2/install/ur_gripper_demo/local/lib/python3.10/dist-packages/ur_gripper_demo/log/build_2026-03-31_14-25-55'...
[0.999s] Listing '/home/billy/git/Robotics-Studio-2/install/ur_gripper_demo/local/lib/python3.10/dist-packages/ur_gripper_demo/log/latest'...
[1.000s] Listing '/home/billy/git/Robotics-Studio-2/install/ur_gripper_demo/local/lib/python3.10/dist-packages/ur_gripper_demo/log/latest_build'...
[1.017s] Invoked command in '/home/billy/git/Robotics-Studio-2/build/ur_gripper_demo' returned '0': CMAKE_PREFIX_PATH=${CMAKE_PREFIX_PATH}:/opt/ros/humble /usr/bin/cmake --install /home/billy/git/Robotics-Studio-2/build/ur_gripper_demo
