[0.067s] Invoking command in '/home/billy/git/Robotics-Studio-2/build/ur_gripper_demo': CMAKE_PREFIX_PATH=/home/billy/git/Robotics-Studio-2/install/object_msgs:/home/billy/git/Robotics-Studio-2/install/ur_onrobot_moveit_config:/home/billy/git/Robotics-Studio-2/install/ur_onrobot_control:/home/billy/git/Robotics-Studio-2/install/ur_onrobot_description:/home/billy/git/Robotics-Studio-2/install/ur_gripper_demo:/home/billy/git/Robotics-Studio-2/install/ur_description_local:/home/billy/git/Robotics-Studio-2/install/ur3_demo_cpp:/home/billy/git/Robotics-Studio-2/install/moveit_task_constructor_visualization:/home/billy/git/Robotics-Studio-2/install/moveit_task_constructor_demo:/home/billy/git/Robotics-Studio-2/install/moveit_task_constructor_capabilities:/home/billy/git/Robotics-Studio-2/install/moveit_task_constructor_core:/home/billy/git/Robotics-Studio-2/install/rviz_marker_tools:/home/billy/git/Robotics-Studio-2/install/onrobot_driver:/home/billy/git/Robotics-Studio-2/install/onrobot_description:/home/billy/git/Robotics-Studio-2/install/moveit_task_constructor_msgs:/opt/ros/humble LD_LIBRARY_PATH=/home/billy/git/Robotics-Studio-2/install/object_msgs/lib:/home/billy/git/Robotics-Studio-2/install/moveit_task_constructor_visualization/lib:/home/billy/git/Robotics-Studio-2/install/moveit_task_constructor_demo/lib:/home/billy/git/Robotics-Studio-2/install/moveit_task_constructor_capabilities/lib:/home/billy/git/Robotics-Studio-2/install/moveit_task_constructor_core/lib:/home/billy/git/Robotics-Studio-2/install/rviz_marker_tools/lib:/home/billy/git/Robotics-Studio-2/install/onrobot_driver/lib:/home/billy/git/Robotics-Studio-2/install/moveit_task_constructor_msgs/lib:/usr/lib/x86_64-linux-gnu/gazebo-11/plugins:/opt/ros/humble/opt/rviz_ogre_vendor/lib:/opt/ros/humble/lib/x86_64-linux-gnu:/opt/ros/humble/lib /usr/bin/cmake --build /home/billy/git/Robotics-Studio-2/build/ur_gripper_demo -- -j16 -l16
[0.162s] [  0%] Built target ament_cmake_python_symlink_ur_gripper_demo
[0.165s] [100%] Built target gripper_pick_place
[0.165s] [100%] Built target gripper_demo_node
[0.373s] running egg_info
[0.375s] writing ur_gripper_demo.egg-info/PKG-INFO
[0.375s] writing dependency_links to ur_gripper_demo.egg-info/dependency_links.txt
[0.375s] writing top-level names to ur_gripper_demo.egg-info/top_level.txt
[0.379s] reading manifest file 'ur_gripper_demo.egg-info/SOURCES.txt'
[0.379s] writing manifest file 'ur_gripper_demo.egg-info/SOURCES.txt'
[0.410s] [100%] Built target ament_cmake_python_build_ur_gripper_demo_egg
[0.429s] Invoked command in '/home/billy/git/Robotics-Studio-2/build/ur_gripper_demo' returned '0': CMAKE_PREFIX_PATH=/home/billy/git/Robotics-Studio-2/install/object_msgs:/home/billy/git/Robotics-Studio-2/install/ur_onrobot_moveit_config:/home/billy/git/Robotics-Studio-2/install/ur_onrobot_control:/home/billy/git/Robotics-Studio-2/install/ur_onrobot_description:/home/billy/git/Robotics-Studio-2/install/ur_gripper_demo:/home/billy/git/Robotics-Studio-2/install/ur_description_local:/home/billy/git/Robotics-Studio-2/install/ur3_demo_cpp:/home/billy/git/Robotics-Studio-2/install/moveit_task_constructor_visualization:/home/billy/git/Robotics-Studio-2/install/moveit_task_constructor_demo:/home/billy/git/Robotics-Studio-2/install/moveit_task_constructor_capabilities:/home/billy/git/Robotics-Studio-2/install/moveit_task_constructor_core:/home/billy/git/Robotics-Studio-2/install/rviz_marker_tools:/home/billy/git/Robotics-Studio-2/install/onrobot_driver:/home/billy/git/Robotics-Studio-2/install/onrobot_description:/home/billy/git/Robotics-Studio-2/install/moveit_task_constructor_msgs:/opt/ros/humble LD_LIBRARY_PATH=/home/billy/git/Robotics-Studio-2/install/object_msgs/lib:/home/billy/git/Robotics-Studio-2/install/moveit_task_constructor_visualization/lib:/home/billy/git/Robotics-Studio-2/install/moveit_task_constructor_demo/lib:/home/billy/git/Robotics-Studio-2/install/moveit_task_constructor_capabilities/lib:/home/billy/git/Robotics-Studio-2/install/moveit_task_constructor_core/lib:/home/billy/git/Robotics-Studio-2/install/rviz_marker_tools/lib:/home/billy/git/Robotics-Studio-2/install/onrobot_driver/lib:/home/billy/git/Robotics-Studio-2/install/moveit_task_constructor_msgs/lib:/usr/lib/x86_64-linux-gnu/gazebo-11/plugins:/opt/ros/humble/opt/rviz_ogre_vendor/lib:/opt/ros/humble/lib/x86_64-linux-gnu:/opt/ros/humble/lib /usr/bin/cmake --build /home/billy/git/Robotics-Studio-2/build/ur_gripper_demo -- -j16 -l16
[0.444s] Invoking command in '/home/billy/git/Robotics-Studio-2/build/ur_gripper_demo': CMAKE_PREFIX_PATH=/home/billy/git/Robotics-Studio-2/install/object_msgs:/home/billy/git/Robotics-Studio-2/install/ur_onrobot_moveit_config:/home/billy/git/Robotics-Studio-2/install/ur_onrobot_control:/home/billy/git/Robotics-Studio-2/install/ur_onrobot_description:/home/billy/git/Robotics-Studio-2/install/ur_gripper_demo:/home/billy/git/Robotics-Studio-2/install/ur_description_local:/home/billy/git/Robotics-Studio-2/install/ur3_demo_cpp:/home/billy/git/Robotics-Studio-2/install/moveit_task_constructor_visualization:/home/billy/git/Robotics-Studio-2/install/moveit_task_constructor_demo:/home/billy/git/Robotics-Studio-2/install/moveit_task_constructor_capabilities:/home/billy/git/Robotics-Studio-2/install/moveit_task_constructor_core:/home/billy/git/Robotics-Studio-2/install/rviz_marker_tools:/home/billy/git/Robotics-Studio-2/install/onrobot_driver:/home/billy/git/Robotics-Studio-2/install/onrobot_description:/home/billy/git/Robotics-Studio-2/install/moveit_task_constructor_msgs:/opt/ros/humble LD_LIBRARY_PATH=/home/billy/git/Robotics-Studio-2/install/object_msgs/lib:/home/billy/git/Robotics-Studio-2/install/moveit_task_constructor_visualization/lib:/home/billy/git/Robotics-Studio-2/install/moveit_task_constructor_demo/lib:/home/billy/git/Robotics-Studio-2/install/moveit_task_constructor_capabilities/lib:/home/billy/git/Robotics-Studio-2/install/moveit_task_constructor_core/lib:/home/billy/git/Robotics-Studio-2/install/rviz_marker_tools/lib:/home/billy/git/Robotics-Studio-2/install/onrobot_driver/lib:/home/billy/git/Robotics-Studio-2/install/moveit_task_constructor_msgs/lib:/usr/lib/x86_64-linux-gnu/gazebo-11/plugins:/opt/ros/humble/opt/rviz_ogre_vendor/lib:/opt/ros/humble/lib/x86_64-linux-gnu:/opt/ros/humble/lib /usr/bin/cmake --install /home/billy/git/Robotics-Studio-2/build/ur_gripper_demo
[0.453s] -- Install configuration: ""
[0.453s] -- Execute custom install script
[0.454s] -- Up-to-date symlink: /home/billy/git/Robotics-Studio-2/install/ur_gripper_demo/share/ur_gripper_demo/environment/pythonpath.sh
[0.454s] -- Up-to-date symlink: /home/billy/git/Robotics-Studio-2/install/ur_gripper_demo/share/ur_gripper_demo/environment/pythonpath.dsv
[0.455s] -- Up-to-date symlink: /home/billy/git/Robotics-Studio-2/install/ur_gripper_demo/local/lib/python3.10/dist-packages/ur_gripper_demo-0.0.0-py3.10.egg-info/PKG-INFO
[0.455s] -- Up-to-date symlink: /home/billy/git/Robotics-Studio-2/install/ur_gripper_demo/local/lib/python3.10/dist-packages/ur_gripper_demo-0.0.0-py3.10.egg-info/SOURCES.txt
[0.455s] -- Up-to-date symlink: /home/billy/git/Robotics-Studio-2/install/ur_gripper_demo/local/lib/python3.10/dist-packages/ur_gripper_demo-0.0.0-py3.10.egg-info/dependency_links.txt
[0.455s] -- Up-to-date symlink: /home/billy/git/Robotics-Studio-2/install/ur_gripper_demo/local/lib/python3.10/dist-packages/ur_gripper_demo-0.0.0-py3.10.egg-info/top_level.txt
[0.456s] [33mCMake Warning (dev) at ament_cmake_symlink_install/ament_cmake_symlink_install.cmake:67 (file):
[0.456s]   Policy CMP0009 is not set: FILE GLOB_RECURSE calls should not follow
[0.457s]   symlinks by default.  Run "cmake --help-policy CMP0009" for policy details.
[0.457s]   Use the cmake_policy command to set the policy and suppress this warning.
[0.457s] Call Stack (most recent call first):
[0.457s]   ament_cmake_symlink_install/ament_cmake_symlink_install.cmake:328 (ament_cmake_symlink_install_directory)
[0.457s]   cmake_install.cmake:46 (include)
[0.457s] This warning is for project developers.  Use -Wno-dev to suppress it.
[0.457s] [0m
[0.458s] [33mCMake Warning (dev) at ament_cmake_symlink_install/ament_cmake_symlink_install.cmake:78 (file):
[0.458s]   Policy CMP0009 is not set: FILE GLOB_RECURSE calls should not follow
[0.458s]   symlinks by default.  Run "cmake --help-policy CMP0009" for policy details.
[0.458s]   Use the cmake_policy command to set the policy and suppress this warning.
[0.458s] Call Stack (most recent call first):
[0.458s]   ament_cmake_symlink_install/ament_cmake_symlink_install.cmake:328 (ament_cmake_symlink_install_directory)
[0.459s]   cmake_install.cmake:46 (include)
[0.459s] This warning is for project developers.  Use -Wno-dev to suppress it.
[0.459s] [0m
[0.459s] [33mCMake Warning (dev) at ament_cmake_symlink_install/ament_cmake_symlink_install.cmake:78 (file):
[0.459s]   Policy CMP0009 is not set: FILE GLOB_RECURSE calls should not follow
[0.459s]   symlinks by default.  Run "cmake --help-policy CMP0009" for policy details.
[0.459s]   Use the cmake_policy command to set the policy and suppress this warning.
[0.459s] Call Stack (most recent call first):
[0.460s]   ament_cmake_symlink_install/ament_cmake_symlink_install.cmake:328 (ament_cmake_symlink_install_directory)
[0.460s]   cmake_install.cmake:46 (include)
[0.460s] This warning is for project developers.  Use -Wno-dev to suppress it.
[0.460s] [0m
[0.460s] -- Up-to-date symlink: /home/billy/git/Robotics-Studio-2/install/ur_gripper_demo/local/lib/python3.10/dist-packages/ur_gripper_demo/__init__.py
[0.460s] -- Up-to-date symlink: /home/billy/git/Robotics-Studio-2/install/ur_gripper_demo/local/lib/python3.10/dist-packages/ur_gripper_demo/build/.built_by
[0.461s] -- Up-to-date symlink: /home/billy/git/Robotics-Studio-2/install/ur_gripper_demo/local/lib/python3.10/dist-packages/ur_gripper_demo/build/COLCON_IGNORE
[0.461s] -- Up-to-date symlink: /home/billy/git/Robotics-Studio-2/install/ur_gripper_demo/local/lib/python3.10/dist-packages/ur_gripper_demo/install/.colcon_install_layout
[0.461s] -- Up-to-date symlink: /home/billy/git/Robotics-Studio-2/install/ur_gripper_demo/local/lib/python3.10/dist-packages/ur_gripper_demo/install/COLCON_IGNORE
[0.461s] -- Up-to-date symlink: /home/billy/git/Robotics-Studio-2/install/ur_gripper_demo/local/lib/python3.10/dist-packages/ur_gripper_demo/install/_local_setup_util_ps1.py
[0.461s] -- Up-to-date symlink: /home/billy/git/Robotics-Studio-2/install/ur_gripper_demo/local/lib/python3.10/dist-packages/ur_gripper_demo/install/_local_setup_util_sh.py
[0.462s] -- Up-to-date symlink: /home/billy/git/Robotics-Studio-2/install/ur_gripper_demo/local/lib/python3.10/dist-packages/ur_gripper_demo/install/local_setup.bash
[0.462s] -- Up-to-date symlink: /home/billy/git/Robotics-Studio-2/install/ur_gripper_demo/local/lib/python3.10/dist-packages/ur_gripper_demo/install/local_setup.ps1
[0.462s] -- Up-to-date symlink: /home/billy/git/Robotics-Studio-2/install/ur_gripper_demo/local/lib/python3.10/dist-packages/ur_gripper_demo/install/local_setup.sh
[0.462s] -- Up-to-date symlink: /home/billy/git/Robotics-Studio-2/install/ur_gripper_demo/local/lib/python3.10/dist-packages/ur_gripper_demo/install/local_setup.zsh
[0.462s] -- Up-to-date symlink: /home/billy/git/Robotics-Studio-2/install/ur_gripper_demo/local/lib/python3.10/dist-packages/ur_gripper_demo/install/setup.bash
[0.462s] -- Up-to-date symlink: /home/billy/git/Robotics-Studio-2/install/ur_gripper_demo/local/lib/python3.10/dist-packages/ur_gripper_demo/install/setup.ps1
[0.462s] -- Up-to-date symlink: /home/billy/git/Robotics-Studio-2/install/ur_gripper_demo/local/lib/python3.10/dist-packages/ur_gripper_demo/install/setup.sh
[0.463s] -- Up-to-date symlink: /home/billy/git/Robotics-Studio-2/install/ur_gripper_demo/local/lib/python3.10/dist-packages/ur_gripper_demo/install/setup.zsh
[0.463s] -- Up-to-date symlink: /home/billy/git/Robotics-Studio-2/install/ur_gripper_demo/local/lib/python3.10/dist-packages/ur_gripper_demo/log/COLCON_IGNORE
[0.463s] -- Up-to-date symlink: /home/billy/git/Robotics-Studio-2/install/ur_gripper_demo/local/lib/python3.10/dist-packages/ur_gripper_demo/log/build_2026-03-31_14-24-55/events.log
[0.463s] -- Up-to-date symlink: /home/billy/git/Robotics-Studio-2/install/ur_gripper_demo/local/lib/python3.10/dist-packages/ur_gripper_demo/log/build_2026-03-31_14-24-55/logger_all.log
[0.464s] -- Up-to-date symlink: /home/billy/git/Robotics-Studio-2/install/ur_gripper_demo/local/lib/python3.10/dist-packages/ur_gripper_demo/log/build_2026-03-31_14-24-57/events.log
[0.464s] -- Up-to-date symlink: /home/billy/git/Robotics-Studio-2/install/ur_gripper_demo/local/lib/python3.10/dist-packages/ur_gripper_demo/log/build_2026-03-31_14-24-57/logger_all.log
[0.464s] -- Up-to-date symlink: /home/billy/git/Robotics-Studio-2/install/ur_gripper_demo/local/lib/python3.10/dist-packages/ur_gripper_demo/log/build_2026-03-31_14-25-55/events.log
[0.464s] -- Up-to-date symlink: /home/billy/git/Robotics-Studio-2/install/ur_gripper_demo/local/lib/python3.10/dist-packages/ur_gripper_demo/log/build_2026-03-31_14-25-55/logger_all.log
[0.464s] -- Up-to-date symlink: /home/billy/git/Robotics-Studio-2/install/ur_gripper_demo/local/lib/python3.10/dist-packages/ur_gripper_demo/log/latest/events.log
[0.464s] -- Up-to-date symlink: /home/billy/git/Robotics-Studio-2/install/ur_gripper_demo/local/lib/python3.10/dist-packages/ur_gripper_demo/log/latest/logger_all.log
[0.465s] -- Up-to-date symlink: /home/billy/git/Robotics-Studio-2/install/ur_gripper_demo/local/lib/python3.10/dist-packages/ur_gripper_demo/log/latest_build/events.log
[0.465s] -- Up-to-date symlink: /home/billy/git/Robotics-Studio-2/install/ur_gripper_demo/local/lib/python3.10/dist-packages/ur_gripper_demo/log/latest_build/logger_all.log
[0.465s] -- Up-to-date symlink: /home/billy/git/Robotics-Studio-2/install/ur_gripper_demo/lib/ur_gripper_demo/test_helper.py
[0.465s] -- Up-to-date symlink: /home/billy/git/Robotics-Studio-2/install/ur_gripper_demo/share/ur_gripper_demo/meshes/UR3eTrolley_decimated.dae
[0.466s] -- Up-to-date symlink: /home/billy/git/Robotics-Studio-2/install/ur_gripper_demo/lib/ur_gripper_demo/scripts/plastic_detections_translator.py
[0.466s] -- Up-to-date symlink: /home/billy/git/Robotics-Studio-2/install/ur_gripper_demo/lib/ur_gripper_demo/gripper_demo_node
[0.467s] -- Up-to-date symlink: /home/billy/git/Robotics-Studio-2/install/ur_gripper_demo/lib/ur_gripper_demo/gripper_pick_place
[0.467s] -- Up-to-date symlink: /home/billy/git/Robotics-Studio-2/install/ur_gripper_demo/share/ur_gripper_demo/launch/ur_moveit.launch.py
[0.468s] -- Up-to-date symlink: /home/billy/git/Robotics-Studio-2/install/ur_gripper_demo/share/ament_index/resource_index/package_run_dependencies/ur_gripper_demo
[0.468s] -- Up-to-date symlink: /home/billy/git/Robotics-Studio-2/install/ur_gripper_demo/share/ament_index/resource_index/parent_prefix_path/ur_gripper_demo
[0.468s] -- Up-to-date symlink: /home/billy/git/Robotics-Studio-2/install/ur_gripper_demo/share/ur_gripper_demo/environment/ament_prefix_path.sh
[0.468s] -- Up-to-date symlink: /home/billy/git/Robotics-Studio-2/install/ur_gripper_demo/share/ur_gripper_demo/environment/ament_prefix_path.dsv
[0.469s] -- Up-to-date symlink: /home/billy/git/Robotics-Studio-2/install/ur_gripper_demo/share/ur_gripper_demo/environment/path.sh
[0.469s] -- Up-to-date symlink: /home/billy/git/Robotics-Studio-2/install/ur_gripper_demo/share/ur_gripper_demo/environment/path.dsv
[0.469s] -- Up-to-date symlink: /home/billy/git/Robotics-Studio-2/install/ur_gripper_demo/share/ur_gripper_demo/local_setup.bash
[0.470s] -- Up-to-date symlink: /home/billy/git/Robotics-Studio-2/install/ur_gripper_demo/share/ur_gripper_demo/local_setup.sh
[0.470s] -- Up-to-date symlink: /home/billy/git/Robotics-Studio-2/install/ur_gripper_demo/share/ur_gripper_demo/local_setup.zsh
[0.470s] -- Up-to-date symlink: /home/billy/git/Robotics-Studio-2/install/ur_gripper_demo/share/ur_gripper_demo/local_setup.dsv
[0.470s] -- Symlinking: /home/billy/git/Robotics-Studio-2/install/ur_gripper_demo/share/ur_gripper_demo/package.dsv
[0.485s] -- Up-to-date symlink: /home/billy/git/Robotics-Studio-2/install/ur_gripper_demo/share/ament_index/resource_index/packages/ur_gripper_demo
[0.485s] -- Up-to-date symlink: /home/billy/git/Robotics-Studio-2/install/ur_gripper_demo/share/ur_gripper_demo/cmake/ur_gripper_demoConfig.cmake
[0.486s] -- Up-to-date symlink: /home/billy/git/Robotics-Studio-2/install/ur_gripper_demo/share/ur_gripper_demo/cmake/ur_gripper_demoConfig-version.cmake
[0.486s] -- Up-to-date symlink: /home/billy/git/Robotics-Studio-2/install/ur_gripper_demo/share/ur_gripper_demo/package.xml
[0.520s] Listing '/home/billy/git/Robotics-Studio-2/install/ur_gripper_demo/local/lib/python3.10/dist-packages/ur_gripper_demo'...
[0.520s] Listing '/home/billy/git/Robotics-Studio-2/install/ur_gripper_demo/local/lib/python3.10/dist-packages/ur_gripper_demo/build'...
[0.520s] Listing '/home/billy/git/Robotics-Studio-2/install/ur_gripper_demo/local/lib/python3.10/dist-packages/ur_gripper_demo/install'...
[0.520s] Listing '/home/billy/git/Robotics-Studio-2/install/ur_gripper_demo/local/lib/python3.10/dist-packages/ur_gripper_demo/log'...
[0.521s] Listing '/home/billy/git/Robotics-Studio-2/install/ur_gripper_demo/local/lib/python3.10/dist-packages/ur_gripper_demo/log/build_2026-03-31_14-24-55'...
[0.521s] Listing '/home/billy/git/Robotics-Studio-2/install/ur_gripper_demo/local/lib/python3.10/dist-packages/ur_gripper_demo/log/build_2026-03-31_14-24-57'...
[0.521s] Listing '/home/billy/git/Robotics-Studio-2/install/ur_gripper_demo/local/lib/python3.10/dist-packages/ur_gripper_demo/log/build_2026-03-31_14-25-55'...
[0.521s] Listing '/home/billy/git/Robotics-Studio-2/install/ur_gripper_demo/local/lib/python3.10/dist-packages/ur_gripper_demo/log/latest'...
[0.521s] Listing '/home/billy/git/Robotics-Studio-2/install/ur_gripper_demo/local/lib/python3.10/dist-packages/ur_gripper_demo/log/latest_build'...
[0.533s] Invoked command in '/home/billy/git/Robotics-Studio-2/build/ur_gripper_demo' returned '0': CMAKE_PREFIX_PATH=/home/billy/git/Robotics-Studio-2/install/object_msgs:/home/billy/git/Robotics-Studio-2/install/ur_onrobot_moveit_config:/home/billy/git/Robotics-Studio-2/install/ur_onrobot_control:/home/billy/git/Robotics-Studio-2/install/ur_onrobot_description:/home/billy/git/Robotics-Studio-2/install/ur_gripper_demo:/home/billy/git/Robotics-Studio-2/install/ur_description_local:/home/billy/git/Robotics-Studio-2/install/ur3_demo_cpp:/home/billy/git/Robotics-Studio-2/install/moveit_task_constructor_visualization:/home/billy/git/Robotics-Studio-2/install/moveit_task_constructor_demo:/home/billy/git/Robotics-Studio-2/install/moveit_task_constructor_capabilities:/home/billy/git/Robotics-Studio-2/install/moveit_task_constructor_core:/home/billy/git/Robotics-Studio-2/install/rviz_marker_tools:/home/billy/git/Robotics-Studio-2/install/onrobot_driver:/home/billy/git/Robotics-Studio-2/install/onrobot_description:/home/billy/git/Robotics-Studio-2/install/moveit_task_constructor_msgs:/opt/ros/humble LD_LIBRARY_PATH=/home/billy/git/Robotics-Studio-2/install/object_msgs/lib:/home/billy/git/Robotics-Studio-2/install/moveit_task_constructor_visualization/lib:/home/billy/git/Robotics-Studio-2/install/moveit_task_constructor_demo/lib:/home/billy/git/Robotics-Studio-2/install/moveit_task_constructor_capabilities/lib:/home/billy/git/Robotics-Studio-2/install/moveit_task_constructor_core/lib:/home/billy/git/Robotics-Studio-2/install/rviz_marker_tools/lib:/home/billy/git/Robotics-Studio-2/install/onrobot_driver/lib:/home/billy/git/Robotics-Studio-2/install/moveit_task_constructor_msgs/lib:/usr/lib/x86_64-linux-gnu/gazebo-11/plugins:/opt/ros/humble/opt/rviz_ogre_vendor/lib:/opt/ros/humble/lib/x86_64-linux-gnu:/opt/ros/humble/lib /usr/bin/cmake --install /home/billy/git/Robotics-Studio-2/build/ur_gripper_demo
