[0.055s] Invoking command in '/home/billy/git/Robotics-Studio-2/build/onrobot_description': CMAKE_PREFIX_PATH=/opt/ros/humble /usr/bin/cmake /home/billy/git/Robotics-Studio-2/src/onrobot_description -DCMAKE_EXPORT_COMPILE_COMMANDS=ON -DAMENT_CMAKE_SYMLINK_INSTALL=1 -DCMAKE_INSTALL_PREFIX=/home/billy/git/Robotics-Studio-2/install/onrobot_description
[0.371s] -- The C compiler identification is GNU 11.4.0
[0.875s] -- The CXX compiler identification is GNU 11.4.0
[1.220s] -- Detecting C compiler ABI info
[1.448s] -- Detecting C compiler ABI info - done
[1.460s] -- Check for working C compiler: /usr/bin/cc - skipped
[1.494s] -- Detecting C compile features
[1.494s] -- Detecting C compile features - done
[1.500s] -- Detecting CXX compiler ABI info
[1.725s] -- Detecting CXX compiler ABI info - done
[1.738s] -- Check for working CXX compiler: /usr/bin/c++ - skipped
[1.738s] -- Detecting CXX compile features
[1.739s] -- Detecting CXX compile features - done
[1.744s] -- Found ament_cmake: 1.3.13 (/opt/ros/humble/share/ament_cmake/cmake)
[2.012s] -- Found Python3: /usr/bin/python3 (found version "3.10.12") found components: Interpreter 
[2.115s] -- Override CMake install command with custom implementation using symlinks instead of copying resources
[2.204s] -- Found ament_lint_auto: 0.12.15 (/opt/ros/humble/share/ament_lint_auto/cmake)
[3.495s] -- Added test 'copyright' to check source files copyright and LICENSE
[3.519s] -- Added test 'flake8' to check Python code syntax and style conventions
[3.524s] -- Added test 'lint_cmake' to check CMake code style
[3.527s] -- Added test 'pep257' to check Python code against some of the docstring style conventions in PEP 257
[3.540s] -- Added test 'xmllint' to check XML markup files
[3.543s] -- Configuring done
[3.555s] -- Generating done
[3.556s] [33mCMake Warning:
[3.556s]   Manually-specified variables were not used by the project:
[3.556s] 
[3.556s]     CMAKE_EXPORT_COMPILE_COMMANDS
[3.556s] 
[3.556s] [0m
[3.558s] -- Build files have been written to: /home/billy/git/Robotics-Studio-2/build/onrobot_description
[3.567s] Invoked command in '/home/billy/git/Robotics-Studio-2/build/onrobot_description' returned '0': CMAKE_PREFIX_PATH=/opt/ros/humble /usr/bin/cmake /home/billy/git/Robotics-Studio-2/src/onrobot_description -DCMAKE_EXPORT_COMPILE_COMMANDS=ON -DAMENT_CMAKE_SYMLINK_INSTALL=1 -DCMAKE_INSTALL_PREFIX=/home/billy/git/Robotics-Studio-2/install/onrobot_description
[3.571s] Invoking command in '/home/billy/git/Robotics-Studio-2/build/onrobot_description': CMAKE_PREFIX_PATH=/opt/ros/humble /usr/bin/cmake --build /home/billy/git/Robotics-Studio-2/build/onrobot_description -- -j16 -l16
[3.650s] Invoked command in '/home/billy/git/Robotics-Studio-2/build/onrobot_description' returned '0': CMAKE_PREFIX_PATH=/opt/ros/humble /usr/bin/cmake --build /home/billy/git/Robotics-Studio-2/build/onrobot_description -- -j16 -l16
[3.670s] Invoking command in '/home/billy/git/Robotics-Studio-2/build/onrobot_description': CMAKE_PREFIX_PATH=/opt/ros/humble /usr/bin/cmake --install /home/billy/git/Robotics-Studio-2/build/onrobot_description
[3.687s] -- Install configuration: ""
[3.689s] -- Execute custom install script
[3.694s] -- Symlinking: /home/billy/git/Robotics-Studio-2/install/onrobot_description/share/onrobot_description/launch/view_onrobot.launch.py
[3.720s] -- Symlinking: /home/billy/git/Robotics-Studio-2/install/onrobot_description/share/onrobot_description/meshes/rg2/collision/base_link.stl
[3.737s] -- Symlinking: /home/billy/git/Robotics-Studio-2/install/onrobot_description/share/onrobot_description/meshes/rg2/collision/inner_finger.stl
[3.756s] -- Symlinking: /home/billy/git/Robotics-Studio-2/install/onrobot_description/share/onrobot_description/meshes/rg2/collision/inner_knuckle.stl
[3.775s] -- Symlinking: /home/billy/git/Robotics-Studio-2/install/onrobot_description/share/onrobot_description/meshes/rg2/collision/outer_knuckle.stl
[3.795s] -- Symlinking: /home/billy/git/Robotics-Studio-2/install/onrobot_description/share/onrobot_description/meshes/rg2/visual/base_link.stl
[3.813s] -- Symlinking: /home/billy/git/Robotics-Studio-2/install/onrobot_description/share/onrobot_description/meshes/rg2/visual/inner_finger.stl
[3.834s] -- Symlinking: /home/billy/git/Robotics-Studio-2/install/onrobot_description/share/onrobot_description/meshes/rg2/visual/inner_knuckle.stl
[3.852s] -- Symlinking: /home/billy/git/Robotics-Studio-2/install/onrobot_description/share/onrobot_description/meshes/rg2/visual/outer_knuckle.stl
[3.872s] -- Symlinking: /home/billy/git/Robotics-Studio-2/install/onrobot_description/share/onrobot_description/meshes/rg6/collision/base_link.stl
[3.890s] -- Symlinking: /home/billy/git/Robotics-Studio-2/install/onrobot_description/share/onrobot_description/meshes/rg6/collision/inner_finger.stl
[3.912s] -- Symlinking: /home/billy/git/Robotics-Studio-2/install/onrobot_description/share/onrobot_description/meshes/rg6/collision/inner_knuckle.stl
[3.931s] -- Symlinking: /home/billy/git/Robotics-Studio-2/install/onrobot_description/share/onrobot_description/meshes/rg6/collision/outer_knuckle.stl
[3.958s] -- Symlinking: /home/billy/git/Robotics-Studio-2/install/onrobot_description/share/onrobot_description/meshes/rg6/visual/base_link.stl
[3.980s] -- Symlinking: /home/billy/git/Robotics-Studio-2/install/onrobot_description/share/onrobot_description/meshes/rg6/visual/inner_finger.stl
[3.999s] -- Symlinking: /home/billy/git/Robotics-Studio-2/install/onrobot_description/share/onrobot_description/meshes/rg6/visual/inner_knuckle.stl
[4.016s] -- Symlinking: /home/billy/git/Robotics-Studio-2/install/onrobot_description/share/onrobot_description/meshes/rg6/visual/outer_knuckle.stl
[4.034s] -- Symlinking: /home/billy/git/Robotics-Studio-2/install/onrobot_description/share/onrobot_description/rviz/view_onrobot.rviz
[4.054s] -- Symlinking: /home/billy/git/Robotics-Studio-2/install/onrobot_description/share/onrobot_description/urdf/inc/rg_common.xacro
[4.071s] -- Symlinking: /home/billy/git/Robotics-Studio-2/install/onrobot_description/share/onrobot_description/urdf/onrobot.urdf.xacro
[4.088s] -- Symlinking: /home/billy/git/Robotics-Studio-2/install/onrobot_description/share/onrobot_description/urdf/onrobot_macro.xacro
[4.105s] -- Symlinking: /home/billy/git/Robotics-Studio-2/install/onrobot_description/share/onrobot_description/urdf/rg2_macro.xacro
[4.123s] -- Symlinking: /home/billy/git/Robotics-Studio-2/install/onrobot_description/share/onrobot_description/urdf/rg6_macro.xacro
[4.141s] -- Symlinking: /home/billy/git/Robotics-Studio-2/install/onrobot_description/share/ament_index/resource_index/package_run_dependencies/onrobot_description
[4.158s] -- Symlinking: /home/billy/git/Robotics-Studio-2/install/onrobot_description/share/ament_index/resource_index/parent_prefix_path/onrobot_description
[4.177s] -- Symlinking: /home/billy/git/Robotics-Studio-2/install/onrobot_description/share/onrobot_description/environment/ament_prefix_path.sh
[4.194s] -- Symlinking: /home/billy/git/Robotics-Studio-2/install/onrobot_description/share/onrobot_description/environment/ament_prefix_path.dsv
[4.210s] -- Symlinking: /home/billy/git/Robotics-Studio-2/install/onrobot_description/share/onrobot_description/environment/path.sh
[4.227s] -- Symlinking: /home/billy/git/Robotics-Studio-2/install/onrobot_description/share/onrobot_description/environment/path.dsv
[4.244s] -- Symlinking: /home/billy/git/Robotics-Studio-2/install/onrobot_description/share/onrobot_description/local_setup.bash
[4.260s] -- Symlinking: /home/billy/git/Robotics-Studio-2/install/onrobot_description/share/onrobot_description/local_setup.sh
[4.278s] -- Symlinking: /home/billy/git/Robotics-Studio-2/install/onrobot_description/share/onrobot_description/local_setup.zsh
[4.297s] -- Symlinking: /home/billy/git/Robotics-Studio-2/install/onrobot_description/share/onrobot_description/local_setup.dsv
[4.316s] -- Symlinking: /home/billy/git/Robotics-Studio-2/install/onrobot_description/share/onrobot_description/package.dsv
[4.335s] -- Symlinking: /home/billy/git/Robotics-Studio-2/install/onrobot_description/share/ament_index/resource_index/packages/onrobot_description
[4.354s] -- Symlinking: /home/billy/git/Robotics-Studio-2/install/onrobot_description/share/onrobot_description/cmake/onrobot_descriptionConfig.cmake
[4.375s] -- Symlinking: /home/billy/git/Robotics-Studio-2/install/onrobot_description/share/onrobot_description/cmake/onrobot_descriptionConfig-version.cmake
[4.397s] -- Symlinking: /home/billy/git/Robotics-Studio-2/install/onrobot_description/share/onrobot_description/package.xml
[4.423s] Invoked command in '/home/billy/git/Robotics-Studio-2/build/onrobot_description' returned '0': CMAKE_PREFIX_PATH=/opt/ros/humble /usr/bin/cmake --install /home/billy/git/Robotics-Studio-2/build/onrobot_description
