[0.041s] Invoking command in '/home/billy/git/Robotics-Studio-2/build/object_msgs': CMAKE_PREFIX_PATH=/opt/ros/humble /usr/bin/cmake --build /home/billy/git/Robotics-Studio-2/build/object_msgs -- -j16 -l16
[0.125s] [35m[1mConsolidate compiler generated dependencies of target object_msgs__rosidl_generator_c[0m
[0.153s] [  2%] Built target object_msgs__cpp
[0.154s] [ 12%] Built target object_msgs__rosidl_generator_c
[0.170s] [ 12%] Built target ament_cmake_python_symlink_object_msgs
[0.180s] [35m[1mConsolidate compiler generated dependencies of target object_msgs__rosidl_typesupport_cpp[0m
[0.181s] [35m[1mConsolidate compiler generated dependencies of target object_msgs__rosidl_typesupport_fastrtps_cpp[0m
[0.181s] [35m[1mConsolidate compiler generated dependencies of target object_msgs__rosidl_typesupport_introspection_cpp[0m
[0.197s] [35m[1mConsolidate compiler generated dependencies of target object_msgs__rosidl_typesupport_introspection_c[0m
[0.198s] [35m[1mConsolidate compiler generated dependencies of target object_msgs__rosidl_typesupport_fastrtps_c[0m
[0.205s] [35m[1mConsolidate compiler generated dependencies of target object_msgs__rosidl_typesupport_c[0m
[0.218s] [ 23%] Built target object_msgs__rosidl_typesupport_cpp
[0.220s] [ 33%] Built target object_msgs__rosidl_typesupport_fastrtps_cpp
[0.223s] [ 43%] Built target object_msgs__rosidl_typesupport_introspection_cpp
[0.229s] [ 53%] Built target object_msgs__rosidl_typesupport_introspection_c
[0.236s] [ 64%] Built target object_msgs__rosidl_typesupport_c
[0.236s] [ 74%] Built target object_msgs__rosidl_typesupport_fastrtps_c
[0.279s] [ 74%] Built target object_msgs
[0.329s] [ 76%] Built target object_msgs__py
[0.350s] [35m[1mConsolidate compiler generated dependencies of target object_msgs__rosidl_generator_py[0m
[0.379s] [ 84%] Built target object_msgs__rosidl_generator_py
[0.401s] [35m[1mConsolidate compiler generated dependencies of target object_msgs__rosidl_typesupport_introspection_c__pyext[0m
[0.401s] [35m[1mConsolidate compiler generated dependencies of target object_msgs__rosidl_typesupport_fastrtps_c__pyext[0m
[0.401s] [35m[1mConsolidate compiler generated dependencies of target object_msgs__rosidl_typesupport_c__pyext[0m
[0.428s] [ 92%] Built target object_msgs__rosidl_typesupport_fastrtps_c__pyext
[0.428s] [ 94%] Built target object_msgs__rosidl_typesupport_introspection_c__pyext
[0.432s] [100%] Built target object_msgs__rosidl_typesupport_c__pyext
[0.609s] running egg_info
[0.610s] writing object_msgs.egg-info/PKG-INFO
[0.610s] writing dependency_links to object_msgs.egg-info/dependency_links.txt
[0.610s] writing top-level names to object_msgs.egg-info/top_level.txt
[0.613s] reading manifest file 'object_msgs.egg-info/SOURCES.txt'
[0.614s] writing manifest file 'object_msgs.egg-info/SOURCES.txt'
[0.668s] [100%] Built target ament_cmake_python_build_object_msgs_egg
[0.702s] Invoked command in '/home/billy/git/Robotics-Studio-2/build/object_msgs' returned '0': CMAKE_PREFIX_PATH=/opt/ros/humble /usr/bin/cmake --build /home/billy/git/Robotics-Studio-2/build/object_msgs -- -j16 -l16
[0.714s] Invoking command in '/home/billy/git/Robotics-Studio-2/build/object_msgs': CMAKE_PREFIX_PATH=/opt/ros/humble /usr/bin/cmake --install /home/billy/git/Robotics-Studio-2/build/object_msgs
[0.723s] -- Install configuration: ""
[0.725s] -- Execute custom install script
[0.726s] -- Up-to-date symlink: /home/billy/git/Robotics-Studio-2/install/object_msgs/share/ament_index/resource_index/rosidl_interfaces/object_msgs
[0.726s] -- Up-to-date symlink: /home/billy/git/Robotics-Studio-2/install/object_msgs/include/object_msgs/object_msgs/msg/detail/object__functions.h
[0.727s] -- Up-to-date symlink: /home/billy/git/Robotics-Studio-2/install/object_msgs/include/object_msgs/object_msgs/msg/detail/object__struct.h
[0.728s] -- Up-to-date symlink: /home/billy/git/Robotics-Studio-2/install/object_msgs/include/object_msgs/object_msgs/msg/detail/object__type_support.h
[0.728s] -- Up-to-date symlink: /home/billy/git/Robotics-Studio-2/install/object_msgs/include/object_msgs/object_msgs/msg/detail/object_array__functions.h
[0.730s] -- Up-to-date symlink: /home/billy/git/Robotics-Studio-2/install/object_msgs/include/object_msgs/object_msgs/msg/detail/object_array__struct.h
[0.730s] -- Up-to-date symlink: /home/billy/git/Robotics-Studio-2/install/object_msgs/include/object_msgs/object_msgs/msg/detail/object_array__type_support.h
[0.732s] -- Up-to-date symlink: /home/billy/git/Robotics-Studio-2/install/object_msgs/include/object_msgs/object_msgs/msg/object.h
[0.732s] -- Up-to-date symlink: /home/billy/git/Robotics-Studio-2/install/object_msgs/include/object_msgs/object_msgs/msg/object_array.h
[0.733s] -- Up-to-date symlink: /home/billy/git/Robotics-Studio-2/install/object_msgs/include/object_msgs/object_msgs/msg/rosidl_generator_c__visibility_control.h
[0.735s] -- Up-to-date symlink: /home/billy/git/Robotics-Studio-2/install/object_msgs/share/object_msgs/environment/library_path.sh
[0.735s] -- Up-to-date symlink: /home/billy/git/Robotics-Studio-2/install/object_msgs/share/object_msgs/environment/library_path.dsv
[0.735s] -- Up-to-date symlink: /home/billy/git/Robotics-Studio-2/install/object_msgs/include/object_msgs/object_msgs/msg/detail/object__rosidl_typesupport_fastrtps_c.h
[0.736s] -- Up-to-date symlink: /home/billy/git/Robotics-Studio-2/install/object_msgs/include/object_msgs/object_msgs/msg/detail/object_array__rosidl_typesupport_fastrtps_c.h
[0.736s] -- Up-to-date symlink: /home/billy/git/Robotics-Studio-2/install/object_msgs/include/object_msgs/object_msgs/msg/rosidl_typesupport_fastrtps_c__visibility_control.h
[0.737s] -- Up-to-date symlink: /home/billy/git/Robotics-Studio-2/install/object_msgs/include/object_msgs/object_msgs/msg/detail/object__rosidl_typesupport_introspection_c.h
[0.737s] -- Up-to-date symlink: /home/billy/git/Robotics-Studio-2/install/object_msgs/include/object_msgs/object_msgs/msg/detail/object_array__rosidl_typesupport_introspection_c.h
[0.738s] -- Up-to-date symlink: /home/billy/git/Robotics-Studio-2/install/object_msgs/include/object_msgs/object_msgs/msg/rosidl_typesupport_introspection_c__visibility_control.h
[0.739s] -- Up-to-date symlink: /home/billy/git/Robotics-Studio-2/install/object_msgs/include/object_msgs/object_msgs/msg/detail/object__builder.hpp
[0.742s] -- Up-to-date symlink: /home/billy/git/Robotics-Studio-2/install/object_msgs/include/object_msgs/object_msgs/msg/detail/object__struct.hpp
[0.742s] -- Up-to-date symlink: /home/billy/git/Robotics-Studio-2/install/object_msgs/include/object_msgs/object_msgs/msg/detail/object__traits.hpp
[0.743s] -- Up-to-date symlink: /home/billy/git/Robotics-Studio-2/install/object_msgs/include/object_msgs/object_msgs/msg/detail/object__type_support.hpp
[0.743s] -- Up-to-date symlink: /home/billy/git/Robotics-Studio-2/install/object_msgs/include/object_msgs/object_msgs/msg/detail/object_array__builder.hpp
[0.743s] -- Up-to-date symlink: /home/billy/git/Robotics-Studio-2/install/object_msgs/include/object_msgs/object_msgs/msg/detail/object_array__struct.hpp
[0.743s] -- Up-to-date symlink: /home/billy/git/Robotics-Studio-2/install/object_msgs/include/object_msgs/object_msgs/msg/detail/object_array__traits.hpp
[0.744s] -- Up-to-date symlink: /home/billy/git/Robotics-Studio-2/install/object_msgs/include/object_msgs/object_msgs/msg/detail/object_array__type_support.hpp
[0.745s] -- Up-to-date symlink: /home/billy/git/Robotics-Studio-2/install/object_msgs/include/object_msgs/object_msgs/msg/object.hpp
[0.745s] -- Up-to-date symlink: /home/billy/git/Robotics-Studio-2/install/object_msgs/include/object_msgs/object_msgs/msg/object_array.hpp
[0.746s] -- Up-to-date symlink: /home/billy/git/Robotics-Studio-2/install/object_msgs/include/object_msgs/object_msgs/msg/rosidl_generator_cpp__visibility_control.hpp
[0.746s] -- Up-to-date symlink: /home/billy/git/Robotics-Studio-2/install/object_msgs/include/object_msgs/object_msgs/msg/detail/object__rosidl_typesupport_fastrtps_cpp.hpp
[0.746s] -- Up-to-date symlink: /home/billy/git/Robotics-Studio-2/install/object_msgs/include/object_msgs/object_msgs/msg/detail/object_array__rosidl_typesupport_fastrtps_cpp.hpp
[0.750s] -- Up-to-date symlink: /home/billy/git/Robotics-Studio-2/install/object_msgs/include/object_msgs/object_msgs/msg/rosidl_typesupport_fastrtps_cpp__visibility_control.h
[0.751s] -- Up-to-date symlink: /home/billy/git/Robotics-Studio-2/install/object_msgs/include/object_msgs/object_msgs/msg/detail/object__rosidl_typesupport_introspection_cpp.hpp
[0.751s] -- Up-to-date symlink: /home/billy/git/Robotics-Studio-2/install/object_msgs/include/object_msgs/object_msgs/msg/detail/object_array__rosidl_typesupport_introspection_cpp.hpp
[0.752s] -- Up-to-date symlink: /home/billy/git/Robotics-Studio-2/install/object_msgs/share/object_msgs/environment/pythonpath.sh
[0.752s] -- Up-to-date symlink: /home/billy/git/Robotics-Studio-2/install/object_msgs/share/object_msgs/environment/pythonpath.dsv
[0.752s] -- Up-to-date symlink: /home/billy/git/Robotics-Studio-2/install/object_msgs/local/lib/python3.10/dist-packages/object_msgs-0.0.1-py3.10.egg-info/PKG-INFO
[0.753s] -- Up-to-date symlink: /home/billy/git/Robotics-Studio-2/install/object_msgs/local/lib/python3.10/dist-packages/object_msgs-0.0.1-py3.10.egg-info/SOURCES.txt
[0.753s] -- Up-to-date symlink: /home/billy/git/Robotics-Studio-2/install/object_msgs/local/lib/python3.10/dist-packages/object_msgs-0.0.1-py3.10.egg-info/dependency_links.txt
[0.754s] -- Up-to-date symlink: /home/billy/git/Robotics-Studio-2/install/object_msgs/local/lib/python3.10/dist-packages/object_msgs-0.0.1-py3.10.egg-info/top_level.txt
[0.757s] -- Up-to-date symlink: /home/billy/git/Robotics-Studio-2/install/object_msgs/local/lib/python3.10/dist-packages/object_msgs/__init__.py
[0.757s] -- Up-to-date symlink: /home/billy/git/Robotics-Studio-2/install/object_msgs/local/lib/python3.10/dist-packages/object_msgs/_object_msgs_s.ep.rosidl_typesupport_c.c
[0.757s] -- Up-to-date symlink: /home/billy/git/Robotics-Studio-2/install/object_msgs/local/lib/python3.10/dist-packages/object_msgs/_object_msgs_s.ep.rosidl_typesupport_fastrtps_c.c
[0.757s] -- Up-to-date symlink: /home/billy/git/Robotics-Studio-2/install/object_msgs/local/lib/python3.10/dist-packages/object_msgs/_object_msgs_s.ep.rosidl_typesupport_introspection_c.c
[0.757s] -- Up-to-date symlink: /home/billy/git/Robotics-Studio-2/install/object_msgs/local/lib/python3.10/dist-packages/object_msgs/libobject_msgs__rosidl_generator_py.so
[0.758s] -- Up-to-date symlink: /home/billy/git/Robotics-Studio-2/install/object_msgs/local/lib/python3.10/dist-packages/object_msgs/msg/__init__.py
[0.758s] -- Up-to-date symlink: /home/billy/git/Robotics-Studio-2/install/object_msgs/local/lib/python3.10/dist-packages/object_msgs/msg/_object.py
[0.758s] -- Up-to-date symlink: /home/billy/git/Robotics-Studio-2/install/object_msgs/local/lib/python3.10/dist-packages/object_msgs/msg/_object_array.py
[0.758s] -- Up-to-date symlink: /home/billy/git/Robotics-Studio-2/install/object_msgs/local/lib/python3.10/dist-packages/object_msgs/msg/_object_array_s.c
[0.758s] -- Up-to-date symlink: /home/billy/git/Robotics-Studio-2/install/object_msgs/local/lib/python3.10/dist-packages/object_msgs/msg/_object_s.c
[0.759s] -- Up-to-date symlink: /home/billy/git/Robotics-Studio-2/install/object_msgs/local/lib/python3.10/dist-packages/object_msgs/object_msgs_s__rosidl_typesupport_c.cpython-310-x86_64-linux-gnu.so
[0.759s] -- Up-to-date symlink: /home/billy/git/Robotics-Studio-2/install/object_msgs/local/lib/python3.10/dist-packages/object_msgs/object_msgs_s__rosidl_typesupport_fastrtps_c.cpython-310-x86_64-linux-gnu.so
[0.759s] -- Up-to-date symlink: /home/billy/git/Robotics-Studio-2/install/object_msgs/local/lib/python3.10/dist-packages/object_msgs/object_msgs_s__rosidl_typesupport_introspection_c.cpython-310-x86_64-linux-gnu.so
[0.759s] -- Up-to-date symlink: /home/billy/git/Robotics-Studio-2/install/object_msgs/local/lib/python3.10/dist-packages/object_msgs/object_msgs_s__rosidl_typesupport_fastrtps_c.cpython-310-x86_64-linux-gnu.so
[0.760s] -- Up-to-date symlink: /home/billy/git/Robotics-Studio-2/install/object_msgs/local/lib/python3.10/dist-packages/object_msgs/object_msgs_s__rosidl_typesupport_introspection_c.cpython-310-x86_64-linux-gnu.so
[0.760s] -- Up-to-date symlink: /home/billy/git/Robotics-Studio-2/install/object_msgs/local/lib/python3.10/dist-packages/object_msgs/object_msgs_s__rosidl_typesupport_c.cpython-310-x86_64-linux-gnu.so
[0.760s] -- Up-to-date symlink: /home/billy/git/Robotics-Studio-2/install/object_msgs/share/object_msgs/msg/Object.idl
[0.760s] -- Up-to-date symlink: /home/billy/git/Robotics-Studio-2/install/object_msgs/share/object_msgs/msg/ObjectArray.idl
[0.760s] -- Up-to-date symlink: /home/billy/git/Robotics-Studio-2/install/object_msgs/share/object_msgs/msg/Object.msg
[0.761s] -- Up-to-date symlink: /home/billy/git/Robotics-Studio-2/install/object_msgs/share/object_msgs/msg/ObjectArray.msg
[0.765s] -- Up-to-date symlink: /home/billy/git/Robotics-Studio-2/install/object_msgs/share/ament_index/resource_index/package_run_dependencies/object_msgs
[0.766s] -- Up-to-date symlink: /home/billy/git/Robotics-Studio-2/install/object_msgs/share/ament_index/resource_index/parent_prefix_path/object_msgs
[0.767s] -- Up-to-date symlink: /home/billy/git/Robotics-Studio-2/install/object_msgs/share/object_msgs/environment/ament_prefix_path.sh
[0.768s] -- Up-to-date symlink: /home/billy/git/Robotics-Studio-2/install/object_msgs/share/object_msgs/environment/ament_prefix_path.dsv
[0.768s] -- Up-to-date symlink: /home/billy/git/Robotics-Studio-2/install/object_msgs/share/object_msgs/environment/path.sh
[0.768s] -- Up-to-date symlink: /home/billy/git/Robotics-Studio-2/install/object_msgs/share/object_msgs/environment/path.dsv
[0.768s] -- Up-to-date symlink: /home/billy/git/Robotics-Studio-2/install/object_msgs/share/object_msgs/local_setup.bash
[0.769s] -- Up-to-date symlink: /home/billy/git/Robotics-Studio-2/install/object_msgs/share/object_msgs/local_setup.sh
[0.769s] -- Up-to-date symlink: /home/billy/git/Robotics-Studio-2/install/object_msgs/share/object_msgs/local_setup.zsh
[0.769s] -- Up-to-date symlink: /home/billy/git/Robotics-Studio-2/install/object_msgs/share/object_msgs/local_setup.dsv
[0.770s] -- Symlinking: /home/billy/git/Robotics-Studio-2/install/object_msgs/share/object_msgs/package.dsv
[0.786s] -- Up-to-date symlink: /home/billy/git/Robotics-Studio-2/install/object_msgs/share/ament_index/resource_index/packages/object_msgs
[0.787s] -- Up-to-date symlink: /home/billy/git/Robotics-Studio-2/install/object_msgs/share/object_msgs/cmake/rosidl_cmake-extras.cmake
[0.787s] -- Up-to-date symlink: /home/billy/git/Robotics-Studio-2/install/object_msgs/share/object_msgs/cmake/ament_cmake_export_dependencies-extras.cmake
[0.788s] -- Up-to-date symlink: /home/billy/git/Robotics-Studio-2/install/object_msgs/share/object_msgs/cmake/ament_cmake_export_include_directories-extras.cmake
[0.788s] -- Up-to-date symlink: /home/billy/git/Robotics-Studio-2/install/object_msgs/share/object_msgs/cmake/ament_cmake_export_libraries-extras.cmake
[0.790s] -- Up-to-date symlink: /home/billy/git/Robotics-Studio-2/install/object_msgs/share/object_msgs/cmake/ament_cmake_export_targets-extras.cmake
[0.790s] -- Up-to-date symlink: /home/billy/git/Robotics-Studio-2/install/object_msgs/share/object_msgs/cmake/rosidl_cmake_export_typesupport_targets-extras.cmake
[0.790s] -- Up-to-date symlink: /home/billy/git/Robotics-Studio-2/install/object_msgs/share/object_msgs/cmake/rosidl_cmake_export_typesupport_libraries-extras.cmake
[0.791s] -- Up-to-date symlink: /home/billy/git/Robotics-Studio-2/install/object_msgs/share/object_msgs/cmake/object_msgsConfig.cmake
[0.794s] -- Up-to-date symlink: /home/billy/git/Robotics-Studio-2/install/object_msgs/share/object_msgs/cmake/object_msgsConfig-version.cmake
[0.794s] -- Up-to-date symlink: /home/billy/git/Robotics-Studio-2/install/object_msgs/share/object_msgs/package.xml
[0.794s] -- Up-to-date: /home/billy/git/Robotics-Studio-2/install/object_msgs/lib/libobject_msgs__rosidl_generator_c.so
[0.794s] -- Up-to-date: /home/billy/git/Robotics-Studio-2/install/object_msgs/lib/libobject_msgs__rosidl_typesupport_fastrtps_c.so
[0.794s] -- Up-to-date: /home/billy/git/Robotics-Studio-2/install/object_msgs/lib/libobject_msgs__rosidl_typesupport_introspection_c.so
[0.794s] -- Up-to-date: /home/billy/git/Robotics-Studio-2/install/object_msgs/lib/libobject_msgs__rosidl_typesupport_c.so
[0.794s] -- Up-to-date: /home/billy/git/Robotics-Studio-2/install/object_msgs/lib/libobject_msgs__rosidl_typesupport_fastrtps_cpp.so
[0.794s] -- Up-to-date: /home/billy/git/Robotics-Studio-2/install/object_msgs/lib/libobject_msgs__rosidl_typesupport_introspection_cpp.so
[0.796s] -- Up-to-date: /home/billy/git/Robotics-Studio-2/install/object_msgs/lib/libobject_msgs__rosidl_typesupport_cpp.so
[0.835s] Listing '/home/billy/git/Robotics-Studio-2/install/object_msgs/local/lib/python3.10/dist-packages/object_msgs'...
[0.835s] Listing '/home/billy/git/Robotics-Studio-2/install/object_msgs/local/lib/python3.10/dist-packages/object_msgs/msg'...
[0.843s] -- Up-to-date: /home/billy/git/Robotics-Studio-2/install/object_msgs/lib/libobject_msgs__rosidl_generator_py.so
[0.844s] -- Up-to-date: /home/billy/git/Robotics-Studio-2/install/object_msgs/share/object_msgs/cmake/export_object_msgs__rosidl_generator_cExport.cmake
[0.844s] -- Up-to-date: /home/billy/git/Robotics-Studio-2/install/object_msgs/share/object_msgs/cmake/export_object_msgs__rosidl_generator_cExport-noconfig.cmake
[0.844s] -- Up-to-date: /home/billy/git/Robotics-Studio-2/install/object_msgs/share/object_msgs/cmake/export_object_msgs__rosidl_typesupport_fastrtps_cExport.cmake
[0.845s] -- Up-to-date: /home/billy/git/Robotics-Studio-2/install/object_msgs/share/object_msgs/cmake/export_object_msgs__rosidl_typesupport_fastrtps_cExport-noconfig.cmake
[0.845s] -- Up-to-date: /home/billy/git/Robotics-Studio-2/install/object_msgs/share/object_msgs/cmake/object_msgs__rosidl_typesupport_introspection_cExport.cmake
[0.846s] -- Up-to-date: /home/billy/git/Robotics-Studio-2/install/object_msgs/share/object_msgs/cmake/object_msgs__rosidl_typesupport_introspection_cExport-noconfig.cmake
[0.846s] -- Up-to-date: /home/billy/git/Robotics-Studio-2/install/object_msgs/share/object_msgs/cmake/object_msgs__rosidl_typesupport_cExport.cmake
[0.847s] -- Up-to-date: /home/billy/git/Robotics-Studio-2/install/object_msgs/share/object_msgs/cmake/object_msgs__rosidl_typesupport_cExport-noconfig.cmake
[0.848s] -- Up-to-date: /home/billy/git/Robotics-Studio-2/install/object_msgs/share/object_msgs/cmake/export_object_msgs__rosidl_generator_cppExport.cmake
[0.848s] -- Up-to-date: /home/billy/git/Robotics-Studio-2/install/object_msgs/share/object_msgs/cmake/export_object_msgs__rosidl_typesupport_fastrtps_cppExport.cmake
[0.848s] -- Up-to-date: /home/billy/git/Robotics-Studio-2/install/object_msgs/share/object_msgs/cmake/export_object_msgs__rosidl_typesupport_fastrtps_cppExport-noconfig.cmake
[0.848s] -- Up-to-date: /home/billy/git/Robotics-Studio-2/install/object_msgs/share/object_msgs/cmake/object_msgs__rosidl_typesupport_introspection_cppExport.cmake
[0.849s] -- Up-to-date: /home/billy/git/Robotics-Studio-2/install/object_msgs/share/object_msgs/cmake/object_msgs__rosidl_typesupport_introspection_cppExport-noconfig.cmake
[0.849s] -- Up-to-date: /home/billy/git/Robotics-Studio-2/install/object_msgs/share/object_msgs/cmake/object_msgs__rosidl_typesupport_cppExport.cmake
[0.849s] -- Up-to-date: /home/billy/git/Robotics-Studio-2/install/object_msgs/share/object_msgs/cmake/object_msgs__rosidl_typesupport_cppExport-noconfig.cmake
[0.850s] -- Up-to-date: /home/billy/git/Robotics-Studio-2/install/object_msgs/share/object_msgs/cmake/export_object_msgs__rosidl_generator_pyExport.cmake
[0.850s] -- Up-to-date: /home/billy/git/Robotics-Studio-2/install/object_msgs/share/object_msgs/cmake/export_object_msgs__rosidl_generator_pyExport-noconfig.cmake
[0.865s] Invoked command in '/home/billy/git/Robotics-Studio-2/build/object_msgs' returned '0': CMAKE_PREFIX_PATH=/opt/ros/humble /usr/bin/cmake --install /home/billy/git/Robotics-Studio-2/build/object_msgs
