[ 35%] Built target Modbus_Core
[ 71%] Built target Modbus_TCP
[ 71%] Built target Modbus_Serial
[ 78%] Built target Modbus
[100%] Built target onrobot_driver_plugin
-- Install configuration: ""
-- Execute custom install script
-- Symlinking: /home/billy/git/Robotics-Studio-2/install/onrobot_driver/share/onrobot_driver//rg_hardware_interface.xml
-- Symlinking: /home/billy/git/Robotics-Studio-2/install/onrobot_driver/lib/libonrobot_driver_plugin.so
-- Symlinking: /home/billy/git/Robotics-Studio-2/install/onrobot_driver/include/onrobot_driver/IModbusConnection.hpp
-- Symlinking: /home/billy/git/Robotics-Studio-2/install/onrobot_driver/include/onrobot_driver/Modbus/.clang-format
-- Symlinking: /home/billy/git/Robotics-Studio-2/install/onrobot_driver/include/onrobot_driver/Modbus/.git
-- Symlinking: /home/billy/git/Robotics-Studio-2/install/onrobot_driver/include/onrobot_driver/Modbus/CMakeLists.txt
-- Symlinking: /home/billy/git/Robotics-Studio-2/install/onrobot_driver/include/onrobot_driver/Modbus/Doxyfile
-- Symlinking: /home/billy/git/Robotics-Studio-2/install/onrobot_driver/include/onrobot_driver/Modbus/LICENSE
-- Symlinking: /home/billy/git/Robotics-Studio-2/install/onrobot_driver/include/onrobot_driver/Modbus/README.md
-- Symlinking: /home/billy/git/Robotics-Studio-2/install/onrobot_driver/include/onrobot_driver/Modbus/docs/html/Serial_2connection_8hpp_source.html
-- Symlinking: /home/billy/git/Robotics-Studio-2/install/onrobot_driver/include/onrobot_driver/Modbus/docs/html/TCP_2connection_8hpp_source.html
-- Symlinking: /home/billy/git/Robotics-Studio-2/install/onrobot_driver/include/onrobot_driver/Modbus/docs/html/annotated.html
-- Symlinking: /home/billy/git/Robotics-Studio-2/install/onrobot_driver/include/onrobot_driver/Modbus/docs/html/bc_s.png
-- Symlinking: /home/billy/git/Robotics-Studio-2/install/onrobot_driver/include/onrobot_driver/Modbus/docs/html/bc_sd.png
-- Symlinking: /home/billy/git/Robotics-Studio-2/install/onrobot_driver/include/onrobot_driver/Modbus/docs/html/bdwn.png
-- Symlinking: /home/billy/git/Robotics-Studio-2/install/onrobot_driver/include/onrobot_driver/Modbus/docs/html/classMB_1_1ModbusCell-members.html
-- Symlinking: /home/billy/git/Robotics-Studio-2/install/onrobot_driver/include/onrobot_driver/Modbus/docs/html/classMB_1_1ModbusCell.html
-- Symlinking: /home/billy/git/Robotics-Studio-2/install/onrobot_driver/include/onrobot_driver/Modbus/docs/html/classMB_1_1ModbusException-members.html
-- Symlinking: /home/billy/git/Robotics-Studio-2/install/onrobot_driver/include/onrobot_driver/Modbus/docs/html/classMB_1_1ModbusException.html
-- Symlinking: /home/billy/git/Robotics-Studio-2/install/onrobot_driver/include/onrobot_driver/Modbus/docs/html/classMB_1_1ModbusException.png
-- Symlinking: /home/billy/git/Robotics-Studio-2/install/onrobot_driver/include/onrobot_driver/Modbus/docs/html/classMB_1_1ModbusRequest-members.html
-- Symlinking: /home/billy/git/Robotics-Studio-2/install/onrobot_driver/include/onrobot_driver/Modbus/docs/html/classMB_1_1ModbusRequest.html
-- Symlinking: /home/billy/git/Robotics-Studio-2/install/onrobot_driver/include/onrobot_driver/Modbus/docs/html/classMB_1_1ModbusResponse-members.html
-- Symlinking: /home/billy/git/Robotics-Studio-2/install/onrobot_driver/include/onrobot_driver/Modbus/docs/html/classMB_1_1ModbusResponse.html
-- Symlinking: /home/billy/git/Robotics-Studio-2/install/onrobot_driver/include/onrobot_driver/Modbus/docs/html/classMB_1_1Serial_1_1Connection-members.html
-- Symlinking: /home/billy/git/Robotics-Studio-2/install/onrobot_driver/include/onrobot_driver/Modbus/docs/html/classMB_1_1Serial_1_1Connection.html
-- Symlinking: /home/billy/git/Robotics-Studio-2/install/onrobot_driver/include/onrobot_driver/Modbus/docs/html/classMB_1_1TCP_1_1Connection-members.html
-- Symlinking: /home/billy/git/Robotics-Studio-2/install/onrobot_driver/include/onrobot_driver/Modbus/docs/html/classMB_1_1TCP_1_1Connection.html
-- Symlinking: /home/billy/git/Robotics-Studio-2/install/onrobot_driver/include/onrobot_driver/Modbus/docs/html/classMB_1_1TCP_1_1Server-members.html
-- Symlinking: /home/billy/git/Robotics-Studio-2/install/onrobot_driver/include/onrobot_driver/Modbus/docs/html/classMB_1_1TCP_1_1Server.html
-- Symlinking: /home/billy/git/Robotics-Studio-2/install/onrobot_driver/include/onrobot_driver/Modbus/docs/html/classes.html
-- Symlinking: /home/billy/git/Robotics-Studio-2/install/onrobot_driver/include/onrobot_driver/Modbus/docs/html/clipboard.js
-- Symlinking: /home/billy/git/Robotics-Studio-2/install/onrobot_driver/include/onrobot_driver/Modbus/docs/html/closed.png
-- Symlinking: /home/billy/git/Robotics-Studio-2/install/onrobot_driver/include/onrobot_driver/Modbus/docs/html/cookie.js
-- Symlinking: /home/billy/git/Robotics-Studio-2/install/onrobot_driver/include/onrobot_driver/Modbus/docs/html/crc_8hpp_source.html
-- Symlinking: /home/billy/git/Robotics-Studio-2/install/onrobot_driver/include/onrobot_driver/Modbus/docs/html/deprecated.html
-- Symlinking: /home/billy/git/Robotics-Studio-2/install/onrobot_driver/include/onrobot_driver/Modbus/docs/html/dir_5c4711b76244cf820e6fc766a3eae98f.html
-- Symlinking: /home/billy/git/Robotics-Studio-2/install/onrobot_driver/include/onrobot_driver/Modbus/docs/html/dir_68267d1309a1af8e8297ef4c3efbcdba.html
-- Symlinking: /home/billy/git/Robotics-Studio-2/install/onrobot_driver/include/onrobot_driver/Modbus/docs/html/dir_89deb882b528f943e97271a20701dad4.html
-- Symlinking: /home/billy/git/Robotics-Studio-2/install/onrobot_driver/include/onrobot_driver/Modbus/docs/html/dir_bce4fe468017adc58bf81882531ea016.html
-- Symlinking: /home/billy/git/Robotics-Studio-2/install/onrobot_driver/include/onrobot_driver/Modbus/docs/html/dir_d44c64559bbebec7f509842c48db8b23.html
-- Symlinking: /home/billy/git/Robotics-Studio-2/install/onrobot_driver/include/onrobot_driver/Modbus/docs/html/dir_f8aebf652183de33714d471cbd098255.html
-- Symlinking: /home/billy/git/Robotics-Studio-2/install/onrobot_driver/include/onrobot_driver/Modbus/docs/html/dir_fa17a7b3bf7c731ce009520520ae23a8.html
-- Symlinking: /home/billy/git/Robotics-Studio-2/install/onrobot_driver/include/onrobot_driver/Modbus/docs/html/doc.png
-- Symlinking: /home/billy/git/Robotics-Studio-2/install/onrobot_driver/include/onrobot_driver/Modbus/docs/html/doc.svg
-- Symlinking: /home/billy/git/Robotics-Studio-2/install/onrobot_driver/include/onrobot_driver/Modbus/docs/html/docd.svg
-- Symlinking: /home/billy/git/Robotics-Studio-2/install/onrobot_driver/include/onrobot_driver/Modbus/docs/html/doxygen.css
-- Symlinking: /home/billy/git/Robotics-Studio-2/install/onrobot_driver/include/onrobot_driver/Modbus/docs/html/doxygen.svg
-- Symlinking: /home/billy/git/Robotics-Studio-2/install/onrobot_driver/include/onrobot_driver/Modbus/docs/html/doxygen_crawl.html
-- Symlinking: /home/billy/git/Robotics-Studio-2/install/onrobot_driver/include/onrobot_driver/Modbus/docs/html/dynsections.js
-- Symlinking: /home/billy/git/Robotics-Studio-2/install/onrobot_driver/include/onrobot_driver/Modbus/docs/html/files.html
-- Symlinking: /home/billy/git/Robotics-Studio-2/install/onrobot_driver/include/onrobot_driver/Modbus/docs/html/folderclosed.png
-- Symlinking: /home/billy/git/Robotics-Studio-2/install/onrobot_driver/include/onrobot_driver/Modbus/docs/html/folderclosed.svg
-- Symlinking: /home/billy/git/Robotics-Studio-2/install/onrobot_driver/include/onrobot_driver/Modbus/docs/html/folderclosedd.svg
-- Symlinking: /home/billy/git/Robotics-Studio-2/install/onrobot_driver/include/onrobot_driver/Modbus/docs/html/folderopen.png
-- Symlinking: /home/billy/git/Robotics-Studio-2/install/onrobot_driver/include/onrobot_driver/Modbus/docs/html/folderopen.svg
-- Symlinking: /home/billy/git/Robotics-Studio-2/install/onrobot_driver/include/onrobot_driver/Modbus/docs/html/folderopend.svg
-- Symlinking: /home/billy/git/Robotics-Studio-2/install/onrobot_driver/include/onrobot_driver/Modbus/docs/html/functions.html
-- Symlinking: /home/billy/git/Robotics-Studio-2/install/onrobot_driver/include/onrobot_driver/Modbus/docs/html/functions_func.html
-- Symlinking: /home/billy/git/Robotics-Studio-2/install/onrobot_driver/include/onrobot_driver/Modbus/docs/html/group__MB.html
-- Symlinking: /home/billy/git/Robotics-Studio-2/install/onrobot_driver/include/onrobot_driver/Modbus/docs/html/hierarchy.html
-- Symlinking: /home/billy/git/Robotics-Studio-2/install/onrobot_driver/include/onrobot_driver/Modbus/docs/html/index.html
-- Symlinking: /home/billy/git/Robotics-Studio-2/install/onrobot_driver/include/onrobot_driver/Modbus/docs/html/jquery.js
-- Symlinking: /home/billy/git/Robotics-Studio-2/install/onrobot_driver/include/onrobot_driver/Modbus/docs/html/menu.js
-- Symlinking: /home/billy/git/Robotics-Studio-2/install/onrobot_driver/include/onrobot_driver/Modbus/docs/html/menudata.js
-- Symlinking: /home/billy/git/Robotics-Studio-2/install/onrobot_driver/include/onrobot_driver/Modbus/docs/html/minus.svg
-- Symlinking: /home/billy/git/Robotics-Studio-2/install/onrobot_driver/include/onrobot_driver/Modbus/docs/html/minusd.svg
-- Symlinking: /home/billy/git/Robotics-Studio-2/install/onrobot_driver/include/onrobot_driver/Modbus/docs/html/modbusCell_8hpp_source.html
-- Symlinking: /home/billy/git/Robotics-Studio-2/install/onrobot_driver/include/onrobot_driver/Modbus/docs/html/modbusException_8hpp_source.html
-- Symlinking: /home/billy/git/Robotics-Studio-2/install/onrobot_driver/include/onrobot_driver/Modbus/docs/html/modbusRequest_8hpp_source.html
-- Symlinking: /home/billy/git/Robotics-Studio-2/install/onrobot_driver/include/onrobot_driver/Modbus/docs/html/modbusResponse_8hpp_source.html
-- Symlinking: /home/billy/git/Robotics-Studio-2/install/onrobot_driver/include/onrobot_driver/Modbus/docs/html/modbusUtils_8hpp_source.html
-- Symlinking: /home/billy/git/Robotics-Studio-2/install/onrobot_driver/include/onrobot_driver/Modbus/docs/html/modules.html
-- Symlinking: /home/billy/git/Robotics-Studio-2/install/onrobot_driver/include/onrobot_driver/Modbus/docs/html/namespaceMB.html
-- Symlinking: /home/billy/git/Robotics-Studio-2/install/onrobot_driver/include/onrobot_driver/Modbus/docs/html/namespaceMB_1_1CRC.html
-- Symlinking: /home/billy/git/Robotics-Studio-2/install/onrobot_driver/include/onrobot_driver/Modbus/docs/html/namespaceMB_1_1utils.html
-- Symlinking: /home/billy/git/Robotics-Studio-2/install/onrobot_driver/include/onrobot_driver/Modbus/docs/html/namespacemembers.html
-- Symlinking: /home/billy/git/Robotics-Studio-2/install/onrobot_driver/include/onrobot_driver/Modbus/docs/html/namespacemembers_enum.html
-- Symlinking: /home/billy/git/Robotics-Studio-2/install/onrobot_driver/include/onrobot_driver/Modbus/docs/html/namespacemembers_func.html
-- Symlinking: /home/billy/git/Robotics-Studio-2/install/onrobot_driver/include/onrobot_driver/Modbus/docs/html/namespaces.html
-- Symlinking: /home/billy/git/Robotics-Studio-2/install/onrobot_driver/include/onrobot_driver/Modbus/docs/html/nav_f.png
-- Symlinking: /home/billy/git/Robotics-Studio-2/install/onrobot_driver/include/onrobot_driver/Modbus/docs/html/nav_fd.png
-- Symlinking: /home/billy/git/Robotics-Studio-2/install/onrobot_driver/include/onrobot_driver/Modbus/docs/html/nav_g.png
-- Symlinking: /home/billy/git/Robotics-Studio-2/install/onrobot_driver/include/onrobot_driver/Modbus/docs/html/nav_h.png
-- Symlinking: /home/billy/git/Robotics-Studio-2/install/onrobot_driver/include/onrobot_driver/Modbus/docs/html/nav_hd.png
-- Symlinking: /home/billy/git/Robotics-Studio-2/install/onrobot_driver/include/onrobot_driver/Modbus/docs/html/open.png
-- Symlinking: /home/billy/git/Robotics-Studio-2/install/onrobot_driver/include/onrobot_driver/Modbus/docs/html/pages.html
-- Symlinking: /home/billy/git/Robotics-Studio-2/install/onrobot_driver/include/onrobot_driver/Modbus/docs/html/plus.svg
-- Symlinking: /home/billy/git/Robotics-Studio-2/install/onrobot_driver/include/onrobot_driver/Modbus/docs/html/plusd.svg
-- Symlinking: /home/billy/git/Robotics-Studio-2/install/onrobot_driver/include/onrobot_driver/Modbus/docs/html/search/all_0.html
-- Symlinking: /home/billy/git/Robotics-Studio-2/install/onrobot_driver/include/onrobot_driver/Modbus/docs/html/search/all_0.js
-- Symlinking: /home/billy/git/Robotics-Studio-2/install/onrobot_driver/include/onrobot_driver/Modbus/docs/html/search/all_1.html
-- Symlinking: /home/billy/git/Robotics-Studio-2/install/onrobot_driver/include/onrobot_driver/Modbus/docs/html/search/all_1.js
-- Symlinking: /home/billy/git/Robotics-Studio-2/install/onrobot_driver/include/onrobot_driver/Modbus/docs/html/search/all_10.js
-- Symlinking: /home/billy/git/Robotics-Studio-2/install/onrobot_driver/include/onrobot_driver/Modbus/docs/html/search/all_11.js
-- Symlinking: /home/billy/git/Robotics-Studio-2/install/onrobot_driver/include/onrobot_driver/Modbus/docs/html/search/all_2.html
-- Symlinking: /home/billy/git/Robotics-Studio-2/install/onrobot_driver/include/onrobot_driver/Modbus/docs/html/search/all_2.js
-- Symlinking: /home/billy/git/Robotics-Studio-2/install/onrobot_driver/include/onrobot_driver/Modbus/docs/html/search/all_3.html
-- Symlinking: /home/billy/git/Robotics-Studio-2/install/onrobot_driver/include/onrobot_driver/Modbus/docs/html/search/all_3.js
-- Symlinking: /home/billy/git/Robotics-Studio-2/install/onrobot_driver/include/onrobot_driver/Modbus/docs/html/search/all_4.html
-- Symlinking: /home/billy/git/Robotics-Studio-2/install/onrobot_driver/include/onrobot_driver/Modbus/docs/html/search/all_4.js
-- Symlinking: /home/billy/git/Robotics-Studio-2/install/onrobot_driver/include/onrobot_driver/Modbus/docs/html/search/all_5.html
-- Symlinking: /home/billy/git/Robotics-Studio-2/install/onrobot_driver/include/onrobot_driver/Modbus/docs/html/search/all_5.js
-- Symlinking: /home/billy/git/Robotics-Studio-2/install/onrobot_driver/include/onrobot_driver/Modbus/docs/html/search/all_6.html
-- Symlinking: /home/billy/git/Robotics-Studio-2/install/onrobot_driver/include/onrobot_driver/Modbus/docs/html/search/all_6.js
-- Symlinking: /home/billy/git/Robotics-Studio-2/install/onrobot_driver/include/onrobot_driver/Modbus/docs/html/search/all_7.html
-- Symlinking: /home/billy/git/Robotics-Studio-2/install/onrobot_driver/include/onrobot_driver/Modbus/docs/html/search/all_7.js
-- Symlinking: /home/billy/git/Robotics-Studio-2/install/onrobot_driver/include/onrobot_driver/Modbus/docs/html/search/all_8.html
-- Symlinking: /home/billy/git/Robotics-Studio-2/install/onrobot_driver/include/onrobot_driver/Modbus/docs/html/search/all_8.js
-- Symlinking: /home/billy/git/Robotics-Studio-2/install/onrobot_driver/include/onrobot_driver/Modbus/docs/html/search/all_9.html
-- Symlinking: /home/billy/git/Robotics-Studio-2/install/onrobot_driver/include/onrobot_driver/Modbus/docs/html/search/all_9.js
-- Symlinking: /home/billy/git/Robotics-Studio-2/install/onrobot_driver/include/onrobot_driver/Modbus/docs/html/search/all_a.js
-- Symlinking: /home/billy/git/Robotics-Studio-2/install/onrobot_driver/include/onrobot_driver/Modbus/docs/html/search/all_b.js
-- Symlinking: /home/billy/git/Robotics-Studio-2/install/onrobot_driver/include/onrobot_driver/Modbus/docs/html/search/all_c.js
-- Symlinking: /home/billy/git/Robotics-Studio-2/install/onrobot_driver/include/onrobot_driver/Modbus/docs/html/search/all_d.js
-- Symlinking: /home/billy/git/Robotics-Studio-2/install/onrobot_driver/include/onrobot_driver/Modbus/docs/html/search/all_e.js
-- Symlinking: /home/billy/git/Robotics-Studio-2/install/onrobot_driver/include/onrobot_driver/Modbus/docs/html/search/all_f.js
-- Symlinking: /home/billy/git/Robotics-Studio-2/install/onrobot_driver/include/onrobot_driver/Modbus/docs/html/search/classes_0.html
-- Symlinking: /home/billy/git/Robotics-Studio-2/install/onrobot_driver/include/onrobot_driver/Modbus/docs/html/search/classes_0.js
-- Symlinking: /home/billy/git/Robotics-Studio-2/install/onrobot_driver/include/onrobot_driver/Modbus/docs/html/search/classes_1.html
-- Symlinking: /home/billy/git/Robotics-Studio-2/install/onrobot_driver/include/onrobot_driver/Modbus/docs/html/search/classes_1.js
-- Symlinking: /home/billy/git/Robotics-Studio-2/install/onrobot_driver/include/onrobot_driver/Modbus/docs/html/search/classes_2.html
-- Symlinking: /home/billy/git/Robotics-Studio-2/install/onrobot_driver/include/onrobot_driver/Modbus/docs/html/search/classes_2.js
-- Symlinking: /home/billy/git/Robotics-Studio-2/install/onrobot_driver/include/onrobot_driver/Modbus/docs/html/search/close.svg
-- Symlinking: /home/billy/git/Robotics-Studio-2/install/onrobot_driver/include/onrobot_driver/Modbus/docs/html/search/enums_0.html
-- Symlinking: /home/billy/git/Robotics-Studio-2/install/onrobot_driver/include/onrobot_driver/Modbus/docs/html/search/enums_0.js
-- Symlinking: /home/billy/git/Robotics-Studio-2/install/onrobot_driver/include/onrobot_driver/Modbus/docs/html/search/functions_0.html
-- Symlinking: /home/billy/git/Robotics-Studio-2/install/onrobot_driver/include/onrobot_driver/Modbus/docs/html/search/functions_0.js
-- Symlinking: /home/billy/git/Robotics-Studio-2/install/onrobot_driver/include/onrobot_driver/Modbus/docs/html/search/functions_1.html
-- Symlinking: /home/billy/git/Robotics-Studio-2/install/onrobot_driver/include/onrobot_driver/Modbus/docs/html/search/functions_1.js
-- Symlinking: /home/billy/git/Robotics-Studio-2/install/onrobot_driver/include/onrobot_driver/Modbus/docs/html/search/functions_2.html
-- Symlinking: /home/billy/git/Robotics-Studio-2/install/onrobot_driver/include/onrobot_driver/Modbus/docs/html/search/functions_2.js
-- Symlinking: /home/billy/git/Robotics-Studio-2/install/onrobot_driver/include/onrobot_driver/Modbus/docs/html/search/functions_3.html
-- Symlinking: /home/billy/git/Robotics-Studio-2/install/onrobot_driver/include/onrobot_driver/Modbus/docs/html/search/functions_3.js
-- Symlinking: /home/billy/git/Robotics-Studio-2/install/onrobot_driver/include/onrobot_driver/Modbus/docs/html/search/functions_4.html
-- Symlinking: /home/billy/git/Robotics-Studio-2/install/onrobot_driver/include/onrobot_driver/Modbus/docs/html/search/functions_4.js
-- Symlinking: /home/billy/git/Robotics-Studio-2/install/onrobot_driver/include/onrobot_driver/Modbus/docs/html/search/functions_5.html
-- Symlinking: /home/billy/git/Robotics-Studio-2/install/onrobot_driver/include/onrobot_driver/Modbus/docs/html/search/functions_5.js
-- Symlinking: /home/billy/git/Robotics-Studio-2/install/onrobot_driver/include/onrobot_driver/Modbus/docs/html/search/functions_6.html
-- Symlinking: /home/billy/git/Robotics-Studio-2/install/onrobot_driver/include/onrobot_driver/Modbus/docs/html/search/functions_6.js
-- Symlinking: /home/billy/git/Robotics-Studio-2/install/onrobot_driver/include/onrobot_driver/Modbus/docs/html/search/functions_7.html
-- Symlinking: /home/billy/git/Robotics-Studio-2/install/onrobot_driver/include/onrobot_driver/Modbus/docs/html/search/functions_7.js
-- Symlinking: /home/billy/git/Robotics-Studio-2/install/onrobot_driver/include/onrobot_driver/Modbus/docs/html/search/functions_8.html
-- Symlinking: /home/billy/git/Robotics-Studio-2/install/onrobot_driver/include/onrobot_driver/Modbus/docs/html/search/functions_8.js
-- Symlinking: /home/billy/git/Robotics-Studio-2/install/onrobot_driver/include/onrobot_driver/Modbus/docs/html/search/functions_9.html
-- Symlinking: /home/billy/git/Robotics-Studio-2/install/onrobot_driver/include/onrobot_driver/Modbus/docs/html/search/functions_9.js
-- Symlinking: /home/billy/git/Robotics-Studio-2/install/onrobot_driver/include/onrobot_driver/Modbus/docs/html/search/functions_a.js
-- Symlinking: /home/billy/git/Robotics-Studio-2/install/onrobot_driver/include/onrobot_driver/Modbus/docs/html/search/mag.svg
-- Symlinking: /home/billy/git/Robotics-Studio-2/install/onrobot_driver/include/onrobot_driver/Modbus/docs/html/search/mag_d.svg
-- Symlinking: /home/billy/git/Robotics-Studio-2/install/onrobot_driver/include/onrobot_driver/Modbus/docs/html/search/mag_sel.svg
-- Symlinking: /home/billy/git/Robotics-Studio-2/install/onrobot_driver/include/onrobot_driver/Modbus/docs/html/search/mag_seld.svg
-- Symlinking: /home/billy/git/Robotics-Studio-2/install/onrobot_driver/include/onrobot_driver/Modbus/docs/html/search/namespaces_0.html
-- Symlinking: /home/billy/git/Robotics-Studio-2/install/onrobot_driver/include/onrobot_driver/Modbus/docs/html/search/namespaces_0.js
-- Symlinking: /home/billy/git/Robotics-Studio-2/install/onrobot_driver/include/onrobot_driver/Modbus/docs/html/search/nomatches.html
-- Symlinking: /home/billy/git/Robotics-Studio-2/install/onrobot_driver/include/onrobot_driver/Modbus/docs/html/search/pages_0.js
-- Symlinking: /home/billy/git/Robotics-Studio-2/install/onrobot_driver/include/onrobot_driver/Modbus/docs/html/search/pages_1.js
-- Symlinking: /home/billy/git/Robotics-Studio-2/install/onrobot_driver/include/onrobot_driver/Modbus/docs/html/search/pages_2.js
-- Symlinking: /home/billy/git/Robotics-Studio-2/install/onrobot_driver/include/onrobot_driver/Modbus/docs/html/search/pages_3.js
-- Symlinking: /home/billy/git/Robotics-Studio-2/install/onrobot_driver/include/onrobot_driver/Modbus/docs/html/search/search.css
-- Symlinking: /home/billy/git/Robotics-Studio-2/install/onrobot_driver/include/onrobot_driver/Modbus/docs/html/search/search.js
-- Symlinking: /home/billy/git/Robotics-Studio-2/install/onrobot_driver/include/onrobot_driver/Modbus/docs/html/search/search_l.png
-- Symlinking: /home/billy/git/Robotics-Studio-2/install/onrobot_driver/include/onrobot_driver/Modbus/docs/html/search/search_m.png
-- Symlinking: /home/billy/git/Robotics-Studio-2/install/onrobot_driver/include/onrobot_driver/Modbus/docs/html/search/search_r.png
-- Symlinking: /home/billy/git/Robotics-Studio-2/install/onrobot_driver/include/onrobot_driver/Modbus/docs/html/search/searchdata.js
-- Symlinking: /home/billy/git/Robotics-Studio-2/install/onrobot_driver/include/onrobot_driver/Modbus/docs/html/server_8hpp_source.html
-- Symlinking: /home/billy/git/Robotics-Studio-2/install/onrobot_driver/include/onrobot_driver/Modbus/docs/html/splitbar.png
-- Symlinking: /home/billy/git/Robotics-Studio-2/install/onrobot_driver/include/onrobot_driver/Modbus/docs/html/splitbard.png
-- Symlinking: /home/billy/git/Robotics-Studio-2/install/onrobot_driver/include/onrobot_driver/Modbus/docs/html/sync_off.png
-- Symlinking: /home/billy/git/Robotics-Studio-2/install/onrobot_driver/include/onrobot_driver/Modbus/docs/html/sync_on.png
-- Symlinking: /home/billy/git/Robotics-Studio-2/install/onrobot_driver/include/onrobot_driver/Modbus/docs/html/tab_a.png
-- Symlinking: /home/billy/git/Robotics-Studio-2/install/onrobot_driver/include/onrobot_driver/Modbus/docs/html/tab_ad.png
-- Symlinking: /home/billy/git/Robotics-Studio-2/install/onrobot_driver/include/onrobot_driver/Modbus/docs/html/tab_b.png
-- Symlinking: /home/billy/git/Robotics-Studio-2/install/onrobot_driver/include/onrobot_driver/Modbus/docs/html/tab_bd.png
-- Symlinking: /home/billy/git/Robotics-Studio-2/install/onrobot_driver/include/onrobot_driver/Modbus/docs/html/tab_h.png
-- Symlinking: /home/billy/git/Robotics-Studio-2/install/onrobot_driver/include/onrobot_driver/Modbus/docs/html/tab_hd.png
-- Symlinking: /home/billy/git/Robotics-Studio-2/install/onrobot_driver/include/onrobot_driver/Modbus/docs/html/tab_s.png
-- Symlinking: /home/billy/git/Robotics-Studio-2/install/onrobot_driver/include/onrobot_driver/Modbus/docs/html/tab_sd.png
-- Symlinking: /home/billy/git/Robotics-Studio-2/install/onrobot_driver/include/onrobot_driver/Modbus/docs/html/tabs.css
-- Symlinking: /home/billy/git/Robotics-Studio-2/install/onrobot_driver/include/onrobot_driver/Modbus/example/main.cpp
-- Symlinking: /home/billy/git/Robotics-Studio-2/install/onrobot_driver/include/onrobot_driver/Modbus/include/MB/Serial/connection.hpp
-- Symlinking: /home/billy/git/Robotics-Studio-2/install/onrobot_driver/include/onrobot_driver/Modbus/include/MB/TCP/connection.hpp
-- Symlinking: /home/billy/git/Robotics-Studio-2/install/onrobot_driver/include/onrobot_driver/Modbus/include/MB/TCP/server.hpp
-- Symlinking: /home/billy/git/Robotics-Studio-2/install/onrobot_driver/include/onrobot_driver/Modbus/include/MB/crc.hpp
-- Symlinking: /home/billy/git/Robotics-Studio-2/install/onrobot_driver/include/onrobot_driver/Modbus/include/MB/modbusCell.hpp
-- Symlinking: /home/billy/git/Robotics-Studio-2/install/onrobot_driver/include/onrobot_driver/Modbus/include/MB/modbusException.hpp
-- Symlinking: /home/billy/git/Robotics-Studio-2/install/onrobot_driver/include/onrobot_driver/Modbus/include/MB/modbusRequest.hpp
-- Symlinking: /home/billy/git/Robotics-Studio-2/install/onrobot_driver/include/onrobot_driver/Modbus/include/MB/modbusResponse.hpp
-- Symlinking: /home/billy/git/Robotics-Studio-2/install/onrobot_driver/include/onrobot_driver/Modbus/include/MB/modbusUtils.hpp
-- Symlinking: /home/billy/git/Robotics-Studio-2/install/onrobot_driver/include/onrobot_driver/Modbus/reformat-all.sh
-- Symlinking: /home/billy/git/Robotics-Studio-2/install/onrobot_driver/include/onrobot_driver/Modbus/shell.nix
-- Symlinking: /home/billy/git/Robotics-Studio-2/install/onrobot_driver/include/onrobot_driver/Modbus/src/CMakeLists.txt
-- Symlinking: /home/billy/git/Robotics-Studio-2/install/onrobot_driver/include/onrobot_driver/Modbus/src/Serial/CMakeLists.txt
-- Symlinking: /home/billy/git/Robotics-Studio-2/install/onrobot_driver/include/onrobot_driver/Modbus/src/Serial/connection.cpp
-- Symlinking: /home/billy/git/Robotics-Studio-2/install/onrobot_driver/include/onrobot_driver/Modbus/src/TCP/CMakeLists.txt
-- Symlinking: /home/billy/git/Robotics-Studio-2/install/onrobot_driver/include/onrobot_driver/Modbus/src/TCP/connection.cpp
-- Symlinking: /home/billy/git/Robotics-Studio-2/install/onrobot_driver/include/onrobot_driver/Modbus/src/TCP/server.cpp
-- Symlinking: /home/billy/git/Robotics-Studio-2/install/onrobot_driver/include/onrobot_driver/Modbus/src/crc.cpp
-- Symlinking: /home/billy/git/Robotics-Studio-2/install/onrobot_driver/include/onrobot_driver/Modbus/src/modbusException.cpp
-- Symlinking: /home/billy/git/Robotics-Studio-2/install/onrobot_driver/include/onrobot_driver/Modbus/src/modbusRequest.cpp
-- Symlinking: /home/billy/git/Robotics-Studio-2/install/onrobot_driver/include/onrobot_driver/Modbus/src/modbusResponse.cpp
-- Symlinking: /home/billy/git/Robotics-Studio-2/install/onrobot_driver/include/onrobot_driver/Modbus/tests/CMakeLists.txt
-- Symlinking: /home/billy/git/Robotics-Studio-2/install/onrobot_driver/include/onrobot_driver/Modbus/tests/MB/ModbusCellTests.cpp
-- Symlinking: /home/billy/git/Robotics-Studio-2/install/onrobot_driver/include/onrobot_driver/Modbus/tests/MB/ModbusExceptionTests.cpp
-- Symlinking: /home/billy/git/Robotics-Studio-2/install/onrobot_driver/include/onrobot_driver/Modbus/tests/MB/ModbusFunctionalTests.cpp
-- Symlinking: /home/billy/git/Robotics-Studio-2/install/onrobot_driver/include/onrobot_driver/Modbus/tests/MB/ModbusRequestTests.cpp
-- Symlinking: /home/billy/git/Robotics-Studio-2/install/onrobot_driver/include/onrobot_driver/Modbus/tests/MB/ModbusResponseTests.cpp
-- Symlinking: /home/billy/git/Robotics-Studio-2/install/onrobot_driver/include/onrobot_driver/Modbus/tests/main.cpp
-- Symlinking: /home/billy/git/Robotics-Studio-2/install/onrobot_driver/include/onrobot_driver/RG.hpp
-- Symlinking: /home/billy/git/Robotics-Studio-2/install/onrobot_driver/include/onrobot_driver/SerialConnectionWrapper.hpp
-- Symlinking: /home/billy/git/Robotics-Studio-2/install/onrobot_driver/include/onrobot_driver/TCPConnectionWrapper.hpp
-- Symlinking: /home/billy/git/Robotics-Studio-2/install/onrobot_driver/include/onrobot_driver/rg_hardware_interface.hpp
-- Symlinking: /home/billy/git/Robotics-Studio-2/install/onrobot_driver/share/onrobot_driver/environment/library_path.sh
-- Symlinking: /home/billy/git/Robotics-Studio-2/install/onrobot_driver/share/onrobot_driver/environment/library_path.dsv
-- Up-to-date symlink: /home/billy/git/Robotics-Studio-2/install/onrobot_driver/include/onrobot_driver/IModbusConnection.hpp
-- Up-to-date symlink: /home/billy/git/Robotics-Studio-2/install/onrobot_driver/include/onrobot_driver/Modbus/.clang-format
-- Up-to-date symlink: /home/billy/git/Robotics-Studio-2/install/onrobot_driver/include/onrobot_driver/Modbus/.git
-- Up-to-date symlink: /home/billy/git/Robotics-Studio-2/install/onrobot_driver/include/onrobot_driver/Modbus/CMakeLists.txt
-- Up-to-date symlink: /home/billy/git/Robotics-Studio-2/install/onrobot_driver/include/onrobot_driver/Modbus/Doxyfile
-- Up-to-date symlink: /home/billy/git/Robotics-Studio-2/install/onrobot_driver/include/onrobot_driver/Modbus/LICENSE
-- Up-to-date symlink: /home/billy/git/Robotics-Studio-2/install/onrobot_driver/include/onrobot_driver/Modbus/README.md
-- Up-to-date symlink: /home/billy/git/Robotics-Studio-2/install/onrobot_driver/include/onrobot_driver/Modbus/docs/html/Serial_2connection_8hpp_source.html
-- Up-to-date symlink: /home/billy/git/Robotics-Studio-2/install/onrobot_driver/include/onrobot_driver/Modbus/docs/html/TCP_2connection_8hpp_source.html
-- Up-to-date symlink: /home/billy/git/Robotics-Studio-2/install/onrobot_driver/include/onrobot_driver/Modbus/docs/html/annotated.html
-- Up-to-date symlink: /home/billy/git/Robotics-Studio-2/install/onrobot_driver/include/onrobot_driver/Modbus/docs/html/bc_s.png
-- Up-to-date symlink: /home/billy/git/Robotics-Studio-2/install/onrobot_driver/include/onrobot_driver/Modbus/docs/html/bc_sd.png
-- Up-to-date symlink: /home/billy/git/Robotics-Studio-2/install/onrobot_driver/include/onrobot_driver/Modbus/docs/html/bdwn.png
-- Up-to-date symlink: /home/billy/git/Robotics-Studio-2/install/onrobot_driver/include/onrobot_driver/Modbus/docs/html/classMB_1_1ModbusCell-members.html
-- Up-to-date symlink: /home/billy/git/Robotics-Studio-2/install/onrobot_driver/include/onrobot_driver/Modbus/docs/html/classMB_1_1ModbusCell.html
-- Up-to-date symlink: /home/billy/git/Robotics-Studio-2/install/onrobot_driver/include/onrobot_driver/Modbus/docs/html/classMB_1_1ModbusException-members.html
-- Up-to-date symlink: /home/billy/git/Robotics-Studio-2/install/onrobot_driver/include/onrobot_driver/Modbus/docs/html/classMB_1_1ModbusException.html
-- Up-to-date symlink: /home/billy/git/Robotics-Studio-2/install/onrobot_driver/include/onrobot_driver/Modbus/docs/html/classMB_1_1ModbusException.png
-- Up-to-date symlink: /home/billy/git/Robotics-Studio-2/install/onrobot_driver/include/onrobot_driver/Modbus/docs/html/classMB_1_1ModbusRequest-members.html
-- Up-to-date symlink: /home/billy/git/Robotics-Studio-2/install/onrobot_driver/include/onrobot_driver/Modbus/docs/html/classMB_1_1ModbusRequest.html
-- Up-to-date symlink: /home/billy/git/Robotics-Studio-2/install/onrobot_driver/include/onrobot_driver/Modbus/docs/html/classMB_1_1ModbusResponse-members.html
-- Up-to-date symlink: /home/billy/git/Robotics-Studio-2/install/onrobot_driver/include/onrobot_driver/Modbus/docs/html/classMB_1_1ModbusResponse.html
-- Up-to-date symlink: /home/billy/git/Robotics-Studio-2/install/onrobot_driver/include/onrobot_driver/Modbus/docs/html/classMB_1_1Serial_1_1Connection-members.html
-- Up-to-date symlink: /home/billy/git/Robotics-Studio-2/install/onrobot_driver/include/onrobot_driver/Modbus/docs/html/classMB_1_1Serial_1_1Connection.html
-- Up-to-date symlink: /home/billy/git/Robotics-Studio-2/install/onrobot_driver/include/onrobot_driver/Modbus/docs/html/classMB_1_1TCP_1_1Connection-members.html
-- Up-to-date symlink: /home/billy/git/Robotics-Studio-2/install/onrobot_driver/include/onrobot_driver/Modbus/docs/html/classMB_1_1TCP_1_1Connection.html
-- Up-to-date symlink: /home/billy/git/Robotics-Studio-2/install/onrobot_driver/include/onrobot_driver/Modbus/docs/html/classMB_1_1TCP_1_1Server-members.html
-- Up-to-date symlink: /home/billy/git/Robotics-Studio-2/install/onrobot_driver/include/onrobot_driver/Modbus/docs/html/classMB_1_1TCP_1_1Server.html
-- Up-to-date symlink: /home/billy/git/Robotics-Studio-2/install/onrobot_driver/include/onrobot_driver/Modbus/docs/html/classes.html
-- Up-to-date symlink: /home/billy/git/Robotics-Studio-2/install/onrobot_driver/include/onrobot_driver/Modbus/docs/html/clipboard.js
-- Up-to-date symlink: /home/billy/git/Robotics-Studio-2/install/onrobot_driver/include/onrobot_driver/Modbus/docs/html/closed.png
-- Up-to-date symlink: /home/billy/git/Robotics-Studio-2/install/onrobot_driver/include/onrobot_driver/Modbus/docs/html/cookie.js
-- Up-to-date symlink: /home/billy/git/Robotics-Studio-2/install/onrobot_driver/include/onrobot_driver/Modbus/docs/html/crc_8hpp_source.html
-- Up-to-date symlink: /home/billy/git/Robotics-Studio-2/install/onrobot_driver/include/onrobot_driver/Modbus/docs/html/deprecated.html
-- Up-to-date symlink: /home/billy/git/Robotics-Studio-2/install/onrobot_driver/include/onrobot_driver/Modbus/docs/html/dir_5c4711b76244cf820e6fc766a3eae98f.html
-- Up-to-date symlink: /home/billy/git/Robotics-Studio-2/install/onrobot_driver/include/onrobot_driver/Modbus/docs/html/dir_68267d1309a1af8e8297ef4c3efbcdba.html
-- Up-to-date symlink: /home/billy/git/Robotics-Studio-2/install/onrobot_driver/include/onrobot_driver/Modbus/docs/html/dir_89deb882b528f943e97271a20701dad4.html
-- Up-to-date symlink: /home/billy/git/Robotics-Studio-2/install/onrobot_driver/include/onrobot_driver/Modbus/docs/html/dir_bce4fe468017adc58bf81882531ea016.html
-- Up-to-date symlink: /home/billy/git/Robotics-Studio-2/install/onrobot_driver/include/onrobot_driver/Modbus/docs/html/dir_d44c64559bbebec7f509842c48db8b23.html
-- Up-to-date symlink: /home/billy/git/Robotics-Studio-2/install/onrobot_driver/include/onrobot_driver/Modbus/docs/html/dir_f8aebf652183de33714d471cbd098255.html
-- Up-to-date symlink: /home/billy/git/Robotics-Studio-2/install/onrobot_driver/include/onrobot_driver/Modbus/docs/html/dir_fa17a7b3bf7c731ce009520520ae23a8.html
-- Up-to-date symlink: /home/billy/git/Robotics-Studio-2/install/onrobot_driver/include/onrobot_driver/Modbus/docs/html/doc.png
-- Up-to-date symlink: /home/billy/git/Robotics-Studio-2/install/onrobot_driver/include/onrobot_driver/Modbus/docs/html/doc.svg
-- Up-to-date symlink: /home/billy/git/Robotics-Studio-2/install/onrobot_driver/include/onrobot_driver/Modbus/docs/html/docd.svg
-- Up-to-date symlink: /home/billy/git/Robotics-Studio-2/install/onrobot_driver/include/onrobot_driver/Modbus/docs/html/doxygen.css
-- Up-to-date symlink: /home/billy/git/Robotics-Studio-2/install/onrobot_driver/include/onrobot_driver/Modbus/docs/html/doxygen.svg
-- Up-to-date symlink: /home/billy/git/Robotics-Studio-2/install/onrobot_driver/include/onrobot_driver/Modbus/docs/html/doxygen_crawl.html
-- Up-to-date symlink: /home/billy/git/Robotics-Studio-2/install/onrobot_driver/include/onrobot_driver/Modbus/docs/html/dynsections.js
-- Up-to-date symlink: /home/billy/git/Robotics-Studio-2/install/onrobot_driver/include/onrobot_driver/Modbus/docs/html/files.html
-- Up-to-date symlink: /home/billy/git/Robotics-Studio-2/install/onrobot_driver/include/onrobot_driver/Modbus/docs/html/folderclosed.png
-- Up-to-date symlink: /home/billy/git/Robotics-Studio-2/install/onrobot_driver/include/onrobot_driver/Modbus/docs/html/folderclosed.svg
-- Up-to-date symlink: /home/billy/git/Robotics-Studio-2/install/onrobot_driver/include/onrobot_driver/Modbus/docs/html/folderclosedd.svg
-- Up-to-date symlink: /home/billy/git/Robotics-Studio-2/install/onrobot_driver/include/onrobot_driver/Modbus/docs/html/folderopen.png
-- Up-to-date symlink: /home/billy/git/Robotics-Studio-2/install/onrobot_driver/include/onrobot_driver/Modbus/docs/html/folderopen.svg
-- Up-to-date symlink: /home/billy/git/Robotics-Studio-2/install/onrobot_driver/include/onrobot_driver/Modbus/docs/html/folderopend.svg
-- Up-to-date symlink: /home/billy/git/Robotics-Studio-2/install/onrobot_driver/include/onrobot_driver/Modbus/docs/html/functions.html
-- Up-to-date symlink: /home/billy/git/Robotics-Studio-2/install/onrobot_driver/include/onrobot_driver/Modbus/docs/html/functions_func.html
-- Up-to-date symlink: /home/billy/git/Robotics-Studio-2/install/onrobot_driver/include/onrobot_driver/Modbus/docs/html/group__MB.html
-- Up-to-date symlink: /home/billy/git/Robotics-Studio-2/install/onrobot_driver/include/onrobot_driver/Modbus/docs/html/hierarchy.html
-- Up-to-date symlink: /home/billy/git/Robotics-Studio-2/install/onrobot_driver/include/onrobot_driver/Modbus/docs/html/index.html
-- Up-to-date symlink: /home/billy/git/Robotics-Studio-2/install/onrobot_driver/include/onrobot_driver/Modbus/docs/html/jquery.js
-- Up-to-date symlink: /home/billy/git/Robotics-Studio-2/install/onrobot_driver/include/onrobot_driver/Modbus/docs/html/menu.js
-- Up-to-date symlink: /home/billy/git/Robotics-Studio-2/install/onrobot_driver/include/onrobot_driver/Modbus/docs/html/menudata.js
-- Up-to-date symlink: /home/billy/git/Robotics-Studio-2/install/onrobot_driver/include/onrobot_driver/Modbus/docs/html/minus.svg
-- Up-to-date symlink: /home/billy/git/Robotics-Studio-2/install/onrobot_driver/include/onrobot_driver/Modbus/docs/html/minusd.svg
-- Up-to-date symlink: /home/billy/git/Robotics-Studio-2/install/onrobot_driver/include/onrobot_driver/Modbus/docs/html/modbusCell_8hpp_source.html
-- Up-to-date symlink: /home/billy/git/Robotics-Studio-2/install/onrobot_driver/include/onrobot_driver/Modbus/docs/html/modbusException_8hpp_source.html
-- Up-to-date symlink: /home/billy/git/Robotics-Studio-2/install/onrobot_driver/include/onrobot_driver/Modbus/docs/html/modbusRequest_8hpp_source.html
-- Up-to-date symlink: /home/billy/git/Robotics-Studio-2/install/onrobot_driver/include/onrobot_driver/Modbus/docs/html/modbusResponse_8hpp_source.html
-- Up-to-date symlink: /home/billy/git/Robotics-Studio-2/install/onrobot_driver/include/onrobot_driver/Modbus/docs/html/modbusUtils_8hpp_source.html
-- Up-to-date symlink: /home/billy/git/Robotics-Studio-2/install/onrobot_driver/include/onrobot_driver/Modbus/docs/html/modules.html
-- Up-to-date symlink: /home/billy/git/Robotics-Studio-2/install/onrobot_driver/include/onrobot_driver/Modbus/docs/html/namespaceMB.html
-- Up-to-date symlink: /home/billy/git/Robotics-Studio-2/install/onrobot_driver/include/onrobot_driver/Modbus/docs/html/namespaceMB_1_1CRC.html
-- Up-to-date symlink: /home/billy/git/Robotics-Studio-2/install/onrobot_driver/include/onrobot_driver/Modbus/docs/html/namespaceMB_1_1utils.html
-- Up-to-date symlink: /home/billy/git/Robotics-Studio-2/install/onrobot_driver/include/onrobot_driver/Modbus/docs/html/namespacemembers.html
-- Up-to-date symlink: /home/billy/git/Robotics-Studio-2/install/onrobot_driver/include/onrobot_driver/Modbus/docs/html/namespacemembers_enum.html
-- Up-to-date symlink: /home/billy/git/Robotics-Studio-2/install/onrobot_driver/include/onrobot_driver/Modbus/docs/html/namespacemembers_func.html
-- Up-to-date symlink: /home/billy/git/Robotics-Studio-2/install/onrobot_driver/include/onrobot_driver/Modbus/docs/html/namespaces.html
-- Up-to-date symlink: /home/billy/git/Robotics-Studio-2/install/onrobot_driver/include/onrobot_driver/Modbus/docs/html/nav_f.png
-- Up-to-date symlink: /home/billy/git/Robotics-Studio-2/install/onrobot_driver/include/onrobot_driver/Modbus/docs/html/nav_fd.png
-- Up-to-date symlink: /home/billy/git/Robotics-Studio-2/install/onrobot_driver/include/onrobot_driver/Modbus/docs/html/nav_g.png
-- Up-to-date symlink: /home/billy/git/Robotics-Studio-2/install/onrobot_driver/include/onrobot_driver/Modbus/docs/html/nav_h.png
-- Up-to-date symlink: /home/billy/git/Robotics-Studio-2/install/onrobot_driver/include/onrobot_driver/Modbus/docs/html/nav_hd.png
-- Up-to-date symlink: /home/billy/git/Robotics-Studio-2/install/onrobot_driver/include/onrobot_driver/Modbus/docs/html/open.png
-- Up-to-date symlink: /home/billy/git/Robotics-Studio-2/install/onrobot_driver/include/onrobot_driver/Modbus/docs/html/pages.html
-- Up-to-date symlink: /home/billy/git/Robotics-Studio-2/install/onrobot_driver/include/onrobot_driver/Modbus/docs/html/plus.svg
-- Up-to-date symlink: /home/billy/git/Robotics-Studio-2/install/onrobot_driver/include/onrobot_driver/Modbus/docs/html/plusd.svg
-- Up-to-date symlink: /home/billy/git/Robotics-Studio-2/install/onrobot_driver/include/onrobot_driver/Modbus/docs/html/search/all_0.html
-- Up-to-date symlink: /home/billy/git/Robotics-Studio-2/install/onrobot_driver/include/onrobot_driver/Modbus/docs/html/search/all_0.js
-- Up-to-date symlink: /home/billy/git/Robotics-Studio-2/install/onrobot_driver/include/onrobot_driver/Modbus/docs/html/search/all_1.html
-- Up-to-date symlink: /home/billy/git/Robotics-Studio-2/install/onrobot_driver/include/onrobot_driver/Modbus/docs/html/search/all_1.js
-- Up-to-date symlink: /home/billy/git/Robotics-Studio-2/install/onrobot_driver/include/onrobot_driver/Modbus/docs/html/search/all_10.js
-- Up-to-date symlink: /home/billy/git/Robotics-Studio-2/install/onrobot_driver/include/onrobot_driver/Modbus/docs/html/search/all_11.js
-- Up-to-date symlink: /home/billy/git/Robotics-Studio-2/install/onrobot_driver/include/onrobot_driver/Modbus/docs/html/search/all_2.html
-- Up-to-date symlink: /home/billy/git/Robotics-Studio-2/install/onrobot_driver/include/onrobot_driver/Modbus/docs/html/search/all_2.js
-- Up-to-date symlink: /home/billy/git/Robotics-Studio-2/install/onrobot_driver/include/onrobot_driver/Modbus/docs/html/search/all_3.html
-- Up-to-date symlink: /home/billy/git/Robotics-Studio-2/install/onrobot_driver/include/onrobot_driver/Modbus/docs/html/search/all_3.js
-- Up-to-date symlink: /home/billy/git/Robotics-Studio-2/install/onrobot_driver/include/onrobot_driver/Modbus/docs/html/search/all_4.html
-- Up-to-date symlink: /home/billy/git/Robotics-Studio-2/install/onrobot_driver/include/onrobot_driver/Modbus/docs/html/search/all_4.js
-- Up-to-date symlink: /home/billy/git/Robotics-Studio-2/install/onrobot_driver/include/onrobot_driver/Modbus/docs/html/search/all_5.html
-- Up-to-date symlink: /home/billy/git/Robotics-Studio-2/install/onrobot_driver/include/onrobot_driver/Modbus/docs/html/search/all_5.js
-- Up-to-date symlink: /home/billy/git/Robotics-Studio-2/install/onrobot_driver/include/onrobot_driver/Modbus/docs/html/search/all_6.html
-- Up-to-date symlink: /home/billy/git/Robotics-Studio-2/install/onrobot_driver/include/onrobot_driver/Modbus/docs/html/search/all_6.js
-- Up-to-date symlink: /home/billy/git/Robotics-Studio-2/install/onrobot_driver/include/onrobot_driver/Modbus/docs/html/search/all_7.html
-- Up-to-date symlink: /home/billy/git/Robotics-Studio-2/install/onrobot_driver/include/onrobot_driver/Modbus/docs/html/search/all_7.js
-- Up-to-date symlink: /home/billy/git/Robotics-Studio-2/install/onrobot_driver/include/onrobot_driver/Modbus/docs/html/search/all_8.html
-- Up-to-date symlink: /home/billy/git/Robotics-Studio-2/install/onrobot_driver/include/onrobot_driver/Modbus/docs/html/search/all_8.js
-- Up-to-date symlink: /home/billy/git/Robotics-Studio-2/install/onrobot_driver/include/onrobot_driver/Modbus/docs/html/search/all_9.html
-- Up-to-date symlink: /home/billy/git/Robotics-Studio-2/install/onrobot_driver/include/onrobot_driver/Modbus/docs/html/search/all_9.js
-- Up-to-date symlink: /home/billy/git/Robotics-Studio-2/install/onrobot_driver/include/onrobot_driver/Modbus/docs/html/search/all_a.js
-- Up-to-date symlink: /home/billy/git/Robotics-Studio-2/install/onrobot_driver/include/onrobot_driver/Modbus/docs/html/search/all_b.js
-- Up-to-date symlink: /home/billy/git/Robotics-Studio-2/install/onrobot_driver/include/onrobot_driver/Modbus/docs/html/search/all_c.js
-- Up-to-date symlink: /home/billy/git/Robotics-Studio-2/install/onrobot_driver/include/onrobot_driver/Modbus/docs/html/search/all_d.js
-- Up-to-date symlink: /home/billy/git/Robotics-Studio-2/install/onrobot_driver/include/onrobot_driver/Modbus/docs/html/search/all_e.js
-- Up-to-date symlink: /home/billy/git/Robotics-Studio-2/install/onrobot_driver/include/onrobot_driver/Modbus/docs/html/search/all_f.js
-- Up-to-date symlink: /home/billy/git/Robotics-Studio-2/install/onrobot_driver/include/onrobot_driver/Modbus/docs/html/search/classes_0.html
-- Up-to-date symlink: /home/billy/git/Robotics-Studio-2/install/onrobot_driver/include/onrobot_driver/Modbus/docs/html/search/classes_0.js
-- Up-to-date symlink: /home/billy/git/Robotics-Studio-2/install/onrobot_driver/include/onrobot_driver/Modbus/docs/html/search/classes_1.html
-- Up-to-date symlink: /home/billy/git/Robotics-Studio-2/install/onrobot_driver/include/onrobot_driver/Modbus/docs/html/search/classes_1.js
-- Up-to-date symlink: /home/billy/git/Robotics-Studio-2/install/onrobot_driver/include/onrobot_driver/Modbus/docs/html/search/classes_2.html
-- Up-to-date symlink: /home/billy/git/Robotics-Studio-2/install/onrobot_driver/include/onrobot_driver/Modbus/docs/html/search/classes_2.js
-- Up-to-date symlink: /home/billy/git/Robotics-Studio-2/install/onrobot_driver/include/onrobot_driver/Modbus/docs/html/search/close.svg
-- Up-to-date symlink: /home/billy/git/Robotics-Studio-2/install/onrobot_driver/include/onrobot_driver/Modbus/docs/html/search/enums_0.html
-- Up-to-date symlink: /home/billy/git/Robotics-Studio-2/install/onrobot_driver/include/onrobot_driver/Modbus/docs/html/search/enums_0.js
-- Up-to-date symlink: /home/billy/git/Robotics-Studio-2/install/onrobot_driver/include/onrobot_driver/Modbus/docs/html/search/functions_0.html
-- Up-to-date symlink: /home/billy/git/Robotics-Studio-2/install/onrobot_driver/include/onrobot_driver/Modbus/docs/html/search/functions_0.js
-- Up-to-date symlink: /home/billy/git/Robotics-Studio-2/install/onrobot_driver/include/onrobot_driver/Modbus/docs/html/search/functions_1.html
-- Up-to-date symlink: /home/billy/git/Robotics-Studio-2/install/onrobot_driver/include/onrobot_driver/Modbus/docs/html/search/functions_1.js
-- Up-to-date symlink: /home/billy/git/Robotics-Studio-2/install/onrobot_driver/include/onrobot_driver/Modbus/docs/html/search/functions_2.html
-- Up-to-date symlink: /home/billy/git/Robotics-Studio-2/install/onrobot_driver/include/onrobot_driver/Modbus/docs/html/search/functions_2.js
-- Up-to-date symlink: /home/billy/git/Robotics-Studio-2/install/onrobot_driver/include/onrobot_driver/Modbus/docs/html/search/functions_3.html
-- Up-to-date symlink: /home/billy/git/Robotics-Studio-2/install/onrobot_driver/include/onrobot_driver/Modbus/docs/html/search/functions_3.js
-- Up-to-date symlink: /home/billy/git/Robotics-Studio-2/install/onrobot_driver/include/onrobot_driver/Modbus/docs/html/search/functions_4.html
-- Up-to-date symlink: /home/billy/git/Robotics-Studio-2/install/onrobot_driver/include/onrobot_driver/Modbus/docs/html/search/functions_4.js
-- Up-to-date symlink: /home/billy/git/Robotics-Studio-2/install/onrobot_driver/include/onrobot_driver/Modbus/docs/html/search/functions_5.html
-- Up-to-date symlink: /home/billy/git/Robotics-Studio-2/install/onrobot_driver/include/onrobot_driver/Modbus/docs/html/search/functions_5.js
-- Up-to-date symlink: /home/billy/git/Robotics-Studio-2/install/onrobot_driver/include/onrobot_driver/Modbus/docs/html/search/functions_6.html
-- Up-to-date symlink: /home/billy/git/Robotics-Studio-2/install/onrobot_driver/include/onrobot_driver/Modbus/docs/html/search/functions_6.js
-- Up-to-date symlink: /home/billy/git/Robotics-Studio-2/install/onrobot_driver/include/onrobot_driver/Modbus/docs/html/search/functions_7.html
-- Up-to-date symlink: /home/billy/git/Robotics-Studio-2/install/onrobot_driver/include/onrobot_driver/Modbus/docs/html/search/functions_7.js
-- Up-to-date symlink: /home/billy/git/Robotics-Studio-2/install/onrobot_driver/include/onrobot_driver/Modbus/docs/html/search/functions_8.html
-- Up-to-date symlink: /home/billy/git/Robotics-Studio-2/install/onrobot_driver/include/onrobot_driver/Modbus/docs/html/search/functions_8.js
-- Up-to-date symlink: /home/billy/git/Robotics-Studio-2/install/onrobot_driver/include/onrobot_driver/Modbus/docs/html/search/functions_9.html
-- Up-to-date symlink: /home/billy/git/Robotics-Studio-2/install/onrobot_driver/include/onrobot_driver/Modbus/docs/html/search/functions_9.js
-- Up-to-date symlink: /home/billy/git/Robotics-Studio-2/install/onrobot_driver/include/onrobot_driver/Modbus/docs/html/search/functions_a.js
-- Up-to-date symlink: /home/billy/git/Robotics-Studio-2/install/onrobot_driver/include/onrobot_driver/Modbus/docs/html/search/mag.svg
-- Up-to-date symlink: /home/billy/git/Robotics-Studio-2/install/onrobot_driver/include/onrobot_driver/Modbus/docs/html/search/mag_d.svg
-- Up-to-date symlink: /home/billy/git/Robotics-Studio-2/install/onrobot_driver/include/onrobot_driver/Modbus/docs/html/search/mag_sel.svg
-- Up-to-date symlink: /home/billy/git/Robotics-Studio-2/install/onrobot_driver/include/onrobot_driver/Modbus/docs/html/search/mag_seld.svg
-- Up-to-date symlink: /home/billy/git/Robotics-Studio-2/install/onrobot_driver/include/onrobot_driver/Modbus/docs/html/search/namespaces_0.html
-- Up-to-date symlink: /home/billy/git/Robotics-Studio-2/install/onrobot_driver/include/onrobot_driver/Modbus/docs/html/search/namespaces_0.js
-- Up-to-date symlink: /home/billy/git/Robotics-Studio-2/install/onrobot_driver/include/onrobot_driver/Modbus/docs/html/search/nomatches.html
-- Up-to-date symlink: /home/billy/git/Robotics-Studio-2/install/onrobot_driver/include/onrobot_driver/Modbus/docs/html/search/pages_0.js
-- Up-to-date symlink: /home/billy/git/Robotics-Studio-2/install/onrobot_driver/include/onrobot_driver/Modbus/docs/html/search/pages_1.js
-- Up-to-date symlink: /home/billy/git/Robotics-Studio-2/install/onrobot_driver/include/onrobot_driver/Modbus/docs/html/search/pages_2.js
-- Up-to-date symlink: /home/billy/git/Robotics-Studio-2/install/onrobot_driver/include/onrobot_driver/Modbus/docs/html/search/pages_3.js
-- Up-to-date symlink: /home/billy/git/Robotics-Studio-2/install/onrobot_driver/include/onrobot_driver/Modbus/docs/html/search/search.css
-- Up-to-date symlink: /home/billy/git/Robotics-Studio-2/install/onrobot_driver/include/onrobot_driver/Modbus/docs/html/search/search.js
-- Up-to-date symlink: /home/billy/git/Robotics-Studio-2/install/onrobot_driver/include/onrobot_driver/Modbus/docs/html/search/search_l.png
-- Up-to-date symlink: /home/billy/git/Robotics-Studio-2/install/onrobot_driver/include/onrobot_driver/Modbus/docs/html/search/search_m.png
-- Up-to-date symlink: /home/billy/git/Robotics-Studio-2/install/onrobot_driver/include/onrobot_driver/Modbus/docs/html/search/search_r.png
-- Up-to-date symlink: /home/billy/git/Robotics-Studio-2/install/onrobot_driver/include/onrobot_driver/Modbus/docs/html/search/searchdata.js
-- Up-to-date symlink: /home/billy/git/Robotics-Studio-2/install/onrobot_driver/include/onrobot_driver/Modbus/docs/html/server_8hpp_source.html
-- Up-to-date symlink: /home/billy/git/Robotics-Studio-2/install/onrobot_driver/include/onrobot_driver/Modbus/docs/html/splitbar.png
-- Up-to-date symlink: /home/billy/git/Robotics-Studio-2/install/onrobot_driver/include/onrobot_driver/Modbus/docs/html/splitbard.png
-- Up-to-date symlink: /home/billy/git/Robotics-Studio-2/install/onrobot_driver/include/onrobot_driver/Modbus/docs/html/sync_off.png
-- Up-to-date symlink: /home/billy/git/Robotics-Studio-2/install/onrobot_driver/include/onrobot_driver/Modbus/docs/html/sync_on.png
-- Up-to-date symlink: /home/billy/git/Robotics-Studio-2/install/onrobot_driver/include/onrobot_driver/Modbus/docs/html/tab_a.png
-- Up-to-date symlink: /home/billy/git/Robotics-Studio-2/install/onrobot_driver/include/onrobot_driver/Modbus/docs/html/tab_ad.png
-- Up-to-date symlink: /home/billy/git/Robotics-Studio-2/install/onrobot_driver/include/onrobot_driver/Modbus/docs/html/tab_b.png
-- Up-to-date symlink: /home/billy/git/Robotics-Studio-2/install/onrobot_driver/include/onrobot_driver/Modbus/docs/html/tab_bd.png
-- Up-to-date symlink: /home/billy/git/Robotics-Studio-2/install/onrobot_driver/include/onrobot_driver/Modbus/docs/html/tab_h.png
-- Up-to-date symlink: /home/billy/git/Robotics-Studio-2/install/onrobot_driver/include/onrobot_driver/Modbus/docs/html/tab_hd.png
-- Up-to-date symlink: /home/billy/git/Robotics-Studio-2/install/onrobot_driver/include/onrobot_driver/Modbus/docs/html/tab_s.png
-- Up-to-date symlink: /home/billy/git/Robotics-Studio-2/install/onrobot_driver/include/onrobot_driver/Modbus/docs/html/tab_sd.png
-- Up-to-date symlink: /home/billy/git/Robotics-Studio-2/install/onrobot_driver/include/onrobot_driver/Modbus/docs/html/tabs.css
-- Up-to-date symlink: /home/billy/git/Robotics-Studio-2/install/onrobot_driver/include/onrobot_driver/Modbus/example/main.cpp
-- Up-to-date symlink: /home/billy/git/Robotics-Studio-2/install/onrobot_driver/include/onrobot_driver/Modbus/include/MB/Serial/connection.hpp
-- Up-to-date symlink: /home/billy/git/Robotics-Studio-2/install/onrobot_driver/include/onrobot_driver/Modbus/include/MB/TCP/connection.hpp
-- Up-to-date symlink: /home/billy/git/Robotics-Studio-2/install/onrobot_driver/include/onrobot_driver/Modbus/include/MB/TCP/server.hpp
-- Up-to-date symlink: /home/billy/git/Robotics-Studio-2/install/onrobot_driver/include/onrobot_driver/Modbus/include/MB/crc.hpp
-- Up-to-date symlink: /home/billy/git/Robotics-Studio-2/install/onrobot_driver/include/onrobot_driver/Modbus/include/MB/modbusCell.hpp
-- Up-to-date symlink: /home/billy/git/Robotics-Studio-2/install/onrobot_driver/include/onrobot_driver/Modbus/include/MB/modbusException.hpp
-- Up-to-date symlink: /home/billy/git/Robotics-Studio-2/install/onrobot_driver/include/onrobot_driver/Modbus/include/MB/modbusRequest.hpp
-- Up-to-date symlink: /home/billy/git/Robotics-Studio-2/install/onrobot_driver/include/onrobot_driver/Modbus/include/MB/modbusResponse.hpp
-- Up-to-date symlink: /home/billy/git/Robotics-Studio-2/install/onrobot_driver/include/onrobot_driver/Modbus/include/MB/modbusUtils.hpp
-- Up-to-date symlink: /home/billy/git/Robotics-Studio-2/install/onrobot_driver/include/onrobot_driver/Modbus/reformat-all.sh
-- Up-to-date symlink: /home/billy/git/Robotics-Studio-2/install/onrobot_driver/include/onrobot_driver/Modbus/shell.nix
-- Up-to-date symlink: /home/billy/git/Robotics-Studio-2/install/onrobot_driver/include/onrobot_driver/Modbus/src/CMakeLists.txt
-- Up-to-date symlink: /home/billy/git/Robotics-Studio-2/install/onrobot_driver/include/onrobot_driver/Modbus/src/Serial/CMakeLists.txt
-- Up-to-date symlink: /home/billy/git/Robotics-Studio-2/install/onrobot_driver/include/onrobot_driver/Modbus/src/Serial/connection.cpp
-- Up-to-date symlink: /home/billy/git/Robotics-Studio-2/install/onrobot_driver/include/onrobot_driver/Modbus/src/TCP/CMakeLists.txt
-- Up-to-date symlink: /home/billy/git/Robotics-Studio-2/install/onrobot_driver/include/onrobot_driver/Modbus/src/TCP/connection.cpp
-- Up-to-date symlink: /home/billy/git/Robotics-Studio-2/install/onrobot_driver/include/onrobot_driver/Modbus/src/TCP/server.cpp
-- Up-to-date symlink: /home/billy/git/Robotics-Studio-2/install/onrobot_driver/include/onrobot_driver/Modbus/src/crc.cpp
-- Up-to-date symlink: /home/billy/git/Robotics-Studio-2/install/onrobot_driver/include/onrobot_driver/Modbus/src/modbusException.cpp
-- Up-to-date symlink: /home/billy/git/Robotics-Studio-2/install/onrobot_driver/include/onrobot_driver/Modbus/src/modbusRequest.cpp
-- Up-to-date symlink: /home/billy/git/Robotics-Studio-2/install/onrobot_driver/include/onrobot_driver/Modbus/src/modbusResponse.cpp
-- Up-to-date symlink: /home/billy/git/Robotics-Studio-2/install/onrobot_driver/include/onrobot_driver/Modbus/tests/CMakeLists.txt
-- Up-to-date symlink: /home/billy/git/Robotics-Studio-2/install/onrobot_driver/include/onrobot_driver/Modbus/tests/MB/ModbusCellTests.cpp
-- Up-to-date symlink: /home/billy/git/Robotics-Studio-2/install/onrobot_driver/include/onrobot_driver/Modbus/tests/MB/ModbusExceptionTests.cpp
-- Up-to-date symlink: /home/billy/git/Robotics-Studio-2/install/onrobot_driver/include/onrobot_driver/Modbus/tests/MB/ModbusFunctionalTests.cpp
-- Up-to-date symlink: /home/billy/git/Robotics-Studio-2/install/onrobot_driver/include/onrobot_driver/Modbus/tests/MB/ModbusRequestTests.cpp
-- Up-to-date symlink: /home/billy/git/Robotics-Studio-2/install/onrobot_driver/include/onrobot_driver/Modbus/tests/MB/ModbusResponseTests.cpp
-- Up-to-date symlink: /home/billy/git/Robotics-Studio-2/install/onrobot_driver/include/onrobot_driver/Modbus/tests/main.cpp
-- Up-to-date symlink: /home/billy/git/Robotics-Studio-2/install/onrobot_driver/include/onrobot_driver/RG.hpp
-- Up-to-date symlink: /home/billy/git/Robotics-Studio-2/install/onrobot_driver/include/onrobot_driver/SerialConnectionWrapper.hpp
-- Up-to-date symlink: /home/billy/git/Robotics-Studio-2/install/onrobot_driver/include/onrobot_driver/TCPConnectionWrapper.hpp
-- Up-to-date symlink: /home/billy/git/Robotics-Studio-2/install/onrobot_driver/include/onrobot_driver/rg_hardware_interface.hpp
-- Symlinking: /home/billy/git/Robotics-Studio-2/install/onrobot_driver/share/onrobot_driver/launch/onrobot_control.launch.py
-- Symlinking: /home/billy/git/Robotics-Studio-2/install/onrobot_driver/share/onrobot_driver/config/rg_controllers.yaml
-- Symlinking: /home/billy/git/Robotics-Studio-2/install/onrobot_driver/share/ament_index/resource_index/package_run_dependencies/onrobot_driver
-- Symlinking: /home/billy/git/Robotics-Studio-2/install/onrobot_driver/share/ament_index/resource_index/parent_prefix_path/onrobot_driver
-- Symlinking: /home/billy/git/Robotics-Studio-2/install/onrobot_driver/share/onrobot_driver/environment/ament_prefix_path.sh
-- Symlinking: /home/billy/git/Robotics-Studio-2/install/onrobot_driver/share/onrobot_driver/environment/ament_prefix_path.dsv
-- Symlinking: /home/billy/git/Robotics-Studio-2/install/onrobot_driver/share/onrobot_driver/environment/path.sh
-- Symlinking: /home/billy/git/Robotics-Studio-2/install/onrobot_driver/share/onrobot_driver/environment/path.dsv
-- Symlinking: /home/billy/git/Robotics-Studio-2/install/onrobot_driver/share/onrobot_driver/local_setup.bash
-- Symlinking: /home/billy/git/Robotics-Studio-2/install/onrobot_driver/share/onrobot_driver/local_setup.sh
-- Symlinking: /home/billy/git/Robotics-Studio-2/install/onrobot_driver/share/onrobot_driver/local_setup.zsh
-- Symlinking: /home/billy/git/Robotics-Studio-2/install/onrobot_driver/share/onrobot_driver/local_setup.dsv
-- Symlinking: /home/billy/git/Robotics-Studio-2/install/onrobot_driver/share/onrobot_driver/package.dsv
-- Symlinking: /home/billy/git/Robotics-Studio-2/install/onrobot_driver/share/ament_index/resource_index/packages/onrobot_driver
-- Symlinking: /home/billy/git/Robotics-Studio-2/install/onrobot_driver/share/ament_index/resource_index/hardware_interface__pluginlib__plugin/onrobot_driver
-- Symlinking: /home/billy/git/Robotics-Studio-2/install/onrobot_driver/share/onrobot_driver/cmake/ament_cmake_export_include_directories-extras.cmake
-- Symlinking: /home/billy/git/Robotics-Studio-2/install/onrobot_driver/share/onrobot_driver/cmake/ament_cmake_export_libraries-extras.cmake
-- Symlinking: /home/billy/git/Robotics-Studio-2/install/onrobot_driver/share/onrobot_driver/cmake/ament_cmake_export_dependencies-extras.cmake
-- Symlinking: /home/billy/git/Robotics-Studio-2/install/onrobot_driver/share/onrobot_driver/cmake/onrobot_driverConfig.cmake
-- Symlinking: /home/billy/git/Robotics-Studio-2/install/onrobot_driver/share/onrobot_driver/cmake/onrobot_driverConfig-version.cmake
-- Symlinking: /home/billy/git/Robotics-Studio-2/install/onrobot_driver/share/onrobot_driver/package.xml
