[0.042s] Invoking command in '/home/billy/git/Robotics-Studio-2/build/onrobot_driver': CMAKE_PREFIX_PATH=/home/billy/git/Robotics-Studio-2/install/onrobot_description:/home/billy/git/Robotics-Studio-2/install/ur_onrobot_moveit_config:/home/billy/git/Robotics-Studio-2/install/ur_onrobot_control:/home/billy/git/Robotics-Studio-2/install/ur_onrobot_description:/home/billy/git/Robotics-Studio-2/install/ur_gripper_demo:/home/billy/git/Robotics-Studio-2/install/ur_description_local:/home/billy/git/Robotics-Studio-2/install/ur3_demo_cpp:/home/billy/git/Robotics-Studio-2/install/moveit_task_constructor_visualization:/home/billy/git/Robotics-Studio-2/install/moveit_task_constructor_demo:/home/billy/git/Robotics-Studio-2/install/moveit_task_constructor_capabilities:/home/billy/git/Robotics-Studio-2/install/moveit_task_constructor_core:/home/billy/git/Robotics-Studio-2/install/rviz_marker_tools:/home/billy/git/Robotics-Studio-2/install/onrobot_driver:/home/billy/git/Robotics-Studio-2/install/object_msgs:/home/billy/git/Robotics-Studio-2/install/moveit_task_constructor_msgs:/opt/ros/humble /usr/bin/cmake --build /home/billy/git/Robotics-Studio-2/build/onrobot_driver -- -j16 -l16
[0.142s] [ 35%] Built target Modbus_Core
[0.177s] [ 71%] Built target Modbus_TCP
[0.177s] [ 71%] Built target Modbus_Serial
[0.208s] [ 78%] Built target Modbus
[0.261s] [100%] Built target onrobot_driver_plugin
[0.276s] Invoked command in '/home/billy/git/Robotics-Studio-2/build/onrobot_driver' returned '0': CMAKE_PREFIX_PATH=/home/billy/git/Robotics-Studio-2/install/onrobot_description:/home/billy/git/Robotics-Studio-2/install/ur_onrobot_moveit_config:/home/billy/git/Robotics-Studio-2/install/ur_onrobot_control:/home/billy/git/Robotics-Studio-2/install/ur_onrobot_description:/home/billy/git/Robotics-Studio-2/install/ur_gripper_demo:/home/billy/git/Robotics-Studio-2/install/ur_description_local:/home/billy/git/Robotics-Studio-2/install/ur3_demo_cpp:/home/billy/git/Robotics-Studio-2/install/moveit_task_constructor_visualization:/home/billy/git/Robotics-Studio-2/install/moveit_task_constructor_demo:/home/billy/git/Robotics-Studio-2/install/moveit_task_constructor_capabilities:/home/billy/git/Robotics-Studio-2/install/moveit_task_constructor_core:/home/billy/git/Robotics-Studio-2/install/rviz_marker_tools:/home/billy/git/Robotics-Studio-2/install/onrobot_driver:/home/billy/git/Robotics-Studio-2/install/object_msgs:/home/billy/git/Robotics-Studio-2/install/moveit_task_constructor_msgs:/opt/ros/humble /usr/bin/cmake --build /home/billy/git/Robotics-Studio-2/build/onrobot_driver -- -j16 -l16
[0.282s] Invoking command in '/home/billy/git/Robotics-Studio-2/build/onrobot_driver': CMAKE_PREFIX_PATH=/home/billy/git/Robotics-Studio-2/install/onrobot_description:/home/billy/git/Robotics-Studio-2/install/ur_onrobot_moveit_config:/home/billy/git/Robotics-Studio-2/install/ur_onrobot_control:/home/billy/git/Robotics-Studio-2/install/ur_onrobot_description:/home/billy/git/Robotics-Studio-2/install/ur_gripper_demo:/home/billy/git/Robotics-Studio-2/install/ur_description_local:/home/billy/git/Robotics-Studio-2/install/ur3_demo_cpp:/home/billy/git/Robotics-Studio-2/install/moveit_task_constructor_visualization:/home/billy/git/Robotics-Studio-2/install/moveit_task_constructor_demo:/home/billy/git/Robotics-Studio-2/install/moveit_task_constructor_capabilities:/home/billy/git/Robotics-Studio-2/install/moveit_task_constructor_core:/home/billy/git/Robotics-Studio-2/install/rviz_marker_tools:/home/billy/git/Robotics-Studio-2/install/onrobot_driver:/home/billy/git/Robotics-Studio-2/install/object_msgs:/home/billy/git/Robotics-Studio-2/install/moveit_task_constructor_msgs:/opt/ros/humble /usr/bin/cmake --install /home/billy/git/Robotics-Studio-2/build/onrobot_driver
[0.293s] -- Install configuration: ""
[0.294s] -- Execute custom install script
[0.296s] -- Symlinking: /home/billy/git/Robotics-Studio-2/install/onrobot_driver/share/onrobot_driver//rg_hardware_interface.xml
[0.310s] -- Symlinking: /home/billy/git/Robotics-Studio-2/install/onrobot_driver/lib/libonrobot_driver_plugin.so
[0.326s] -- Symlinking: /home/billy/git/Robotics-Studio-2/install/onrobot_driver/include/onrobot_driver/IModbusConnection.hpp
[0.341s] -- Symlinking: /home/billy/git/Robotics-Studio-2/install/onrobot_driver/include/onrobot_driver/Modbus/.clang-format
[0.354s] -- Symlinking: /home/billy/git/Robotics-Studio-2/install/onrobot_driver/include/onrobot_driver/Modbus/.git
[0.365s] -- Symlinking: /home/billy/git/Robotics-Studio-2/install/onrobot_driver/include/onrobot_driver/Modbus/CMakeLists.txt
[0.378s] -- Symlinking: /home/billy/git/Robotics-Studio-2/install/onrobot_driver/include/onrobot_driver/Modbus/Doxyfile
[0.389s] -- Symlinking: /home/billy/git/Robotics-Studio-2/install/onrobot_driver/include/onrobot_driver/Modbus/LICENSE
[0.402s] -- Symlinking: /home/billy/git/Robotics-Studio-2/install/onrobot_driver/include/onrobot_driver/Modbus/README.md
[0.415s] -- Symlinking: /home/billy/git/Robotics-Studio-2/install/onrobot_driver/include/onrobot_driver/Modbus/docs/html/Serial_2connection_8hpp_source.html
[0.427s] -- Symlinking: /home/billy/git/Robotics-Studio-2/install/onrobot_driver/include/onrobot_driver/Modbus/docs/html/TCP_2connection_8hpp_source.html
[0.439s] -- Symlinking: /home/billy/git/Robotics-Studio-2/install/onrobot_driver/include/onrobot_driver/Modbus/docs/html/annotated.html
[0.451s] -- Symlinking: /home/billy/git/Robotics-Studio-2/install/onrobot_driver/include/onrobot_driver/Modbus/docs/html/bc_s.png
[0.463s] -- Symlinking: /home/billy/git/Robotics-Studio-2/install/onrobot_driver/include/onrobot_driver/Modbus/docs/html/bc_sd.png
[0.476s] -- Symlinking: /home/billy/git/Robotics-Studio-2/install/onrobot_driver/include/onrobot_driver/Modbus/docs/html/bdwn.png
[0.489s] -- Symlinking: /home/billy/git/Robotics-Studio-2/install/onrobot_driver/include/onrobot_driver/Modbus/docs/html/classMB_1_1ModbusCell-members.html
[0.504s] -- Symlinking: /home/billy/git/Robotics-Studio-2/install/onrobot_driver/include/onrobot_driver/Modbus/docs/html/classMB_1_1ModbusCell.html
[0.516s] -- Symlinking: /home/billy/git/Robotics-Studio-2/install/onrobot_driver/include/onrobot_driver/Modbus/docs/html/classMB_1_1ModbusException-members.html
[0.530s] -- Symlinking: /home/billy/git/Robotics-Studio-2/install/onrobot_driver/include/onrobot_driver/Modbus/docs/html/classMB_1_1ModbusException.html
[0.542s] -- Symlinking: /home/billy/git/Robotics-Studio-2/install/onrobot_driver/include/onrobot_driver/Modbus/docs/html/classMB_1_1ModbusException.png
[0.554s] -- Symlinking: /home/billy/git/Robotics-Studio-2/install/onrobot_driver/include/onrobot_driver/Modbus/docs/html/classMB_1_1ModbusRequest-members.html
[0.566s] -- Symlinking: /home/billy/git/Robotics-Studio-2/install/onrobot_driver/include/onrobot_driver/Modbus/docs/html/classMB_1_1ModbusRequest.html
[0.579s] -- Symlinking: /home/billy/git/Robotics-Studio-2/install/onrobot_driver/include/onrobot_driver/Modbus/docs/html/classMB_1_1ModbusResponse-members.html
[0.590s] -- Symlinking: /home/billy/git/Robotics-Studio-2/install/onrobot_driver/include/onrobot_driver/Modbus/docs/html/classMB_1_1ModbusResponse.html
[0.602s] -- Symlinking: /home/billy/git/Robotics-Studio-2/install/onrobot_driver/include/onrobot_driver/Modbus/docs/html/classMB_1_1Serial_1_1Connection-members.html
[0.614s] -- Symlinking: /home/billy/git/Robotics-Studio-2/install/onrobot_driver/include/onrobot_driver/Modbus/docs/html/classMB_1_1Serial_1_1Connection.html
[0.626s] -- Symlinking: /home/billy/git/Robotics-Studio-2/install/onrobot_driver/include/onrobot_driver/Modbus/docs/html/classMB_1_1TCP_1_1Connection-members.html
[0.637s] -- Symlinking: /home/billy/git/Robotics-Studio-2/install/onrobot_driver/include/onrobot_driver/Modbus/docs/html/classMB_1_1TCP_1_1Connection.html
[0.648s] -- Symlinking: /home/billy/git/Robotics-Studio-2/install/onrobot_driver/include/onrobot_driver/Modbus/docs/html/classMB_1_1TCP_1_1Server-members.html
[0.660s] -- Symlinking: /home/billy/git/Robotics-Studio-2/install/onrobot_driver/include/onrobot_driver/Modbus/docs/html/classMB_1_1TCP_1_1Server.html
[0.671s] -- Symlinking: /home/billy/git/Robotics-Studio-2/install/onrobot_driver/include/onrobot_driver/Modbus/docs/html/classes.html
[0.684s] -- Symlinking: /home/billy/git/Robotics-Studio-2/install/onrobot_driver/include/onrobot_driver/Modbus/docs/html/clipboard.js
[0.698s] -- Symlinking: /home/billy/git/Robotics-Studio-2/install/onrobot_driver/include/onrobot_driver/Modbus/docs/html/closed.png
[0.709s] -- Symlinking: /home/billy/git/Robotics-Studio-2/install/onrobot_driver/include/onrobot_driver/Modbus/docs/html/cookie.js
[0.722s] -- Symlinking: /home/billy/git/Robotics-Studio-2/install/onrobot_driver/include/onrobot_driver/Modbus/docs/html/crc_8hpp_source.html
[0.735s] -- Symlinking: /home/billy/git/Robotics-Studio-2/install/onrobot_driver/include/onrobot_driver/Modbus/docs/html/deprecated.html
[0.747s] -- Symlinking: /home/billy/git/Robotics-Studio-2/install/onrobot_driver/include/onrobot_driver/Modbus/docs/html/dir_5c4711b76244cf820e6fc766a3eae98f.html
[0.759s] -- Symlinking: /home/billy/git/Robotics-Studio-2/install/onrobot_driver/include/onrobot_driver/Modbus/docs/html/dir_68267d1309a1af8e8297ef4c3efbcdba.html
[0.771s] -- Symlinking: /home/billy/git/Robotics-Studio-2/install/onrobot_driver/include/onrobot_driver/Modbus/docs/html/dir_89deb882b528f943e97271a20701dad4.html
[0.784s] -- Symlinking: /home/billy/git/Robotics-Studio-2/install/onrobot_driver/include/onrobot_driver/Modbus/docs/html/dir_bce4fe468017adc58bf81882531ea016.html
[0.797s] -- Symlinking: /home/billy/git/Robotics-Studio-2/install/onrobot_driver/include/onrobot_driver/Modbus/docs/html/dir_d44c64559bbebec7f509842c48db8b23.html
[0.809s] -- Symlinking: /home/billy/git/Robotics-Studio-2/install/onrobot_driver/include/onrobot_driver/Modbus/docs/html/dir_f8aebf652183de33714d471cbd098255.html
[0.822s] -- Symlinking: /home/billy/git/Robotics-Studio-2/install/onrobot_driver/include/onrobot_driver/Modbus/docs/html/dir_fa17a7b3bf7c731ce009520520ae23a8.html
[0.836s] -- Symlinking: /home/billy/git/Robotics-Studio-2/install/onrobot_driver/include/onrobot_driver/Modbus/docs/html/doc.png
[0.851s] -- Symlinking: /home/billy/git/Robotics-Studio-2/install/onrobot_driver/include/onrobot_driver/Modbus/docs/html/doc.svg
[0.863s] -- Symlinking: /home/billy/git/Robotics-Studio-2/install/onrobot_driver/include/onrobot_driver/Modbus/docs/html/docd.svg
[0.876s] -- Symlinking: /home/billy/git/Robotics-Studio-2/install/onrobot_driver/include/onrobot_driver/Modbus/docs/html/doxygen.css
[0.888s] -- Symlinking: /home/billy/git/Robotics-Studio-2/install/onrobot_driver/include/onrobot_driver/Modbus/docs/html/doxygen.svg
[0.901s] -- Symlinking: /home/billy/git/Robotics-Studio-2/install/onrobot_driver/include/onrobot_driver/Modbus/docs/html/doxygen_crawl.html
[0.915s] -- Symlinking: /home/billy/git/Robotics-Studio-2/install/onrobot_driver/include/onrobot_driver/Modbus/docs/html/dynsections.js
[0.928s] -- Symlinking: /home/billy/git/Robotics-Studio-2/install/onrobot_driver/include/onrobot_driver/Modbus/docs/html/files.html
[0.945s] -- Symlinking: /home/billy/git/Robotics-Studio-2/install/onrobot_driver/include/onrobot_driver/Modbus/docs/html/folderclosed.png
[0.962s] -- Symlinking: /home/billy/git/Robotics-Studio-2/install/onrobot_driver/include/onrobot_driver/Modbus/docs/html/folderclosed.svg
[0.981s] -- Symlinking: /home/billy/git/Robotics-Studio-2/install/onrobot_driver/include/onrobot_driver/Modbus/docs/html/folderclosedd.svg
[0.999s] -- Symlinking: /home/billy/git/Robotics-Studio-2/install/onrobot_driver/include/onrobot_driver/Modbus/docs/html/folderopen.png
[1.016s] -- Symlinking: /home/billy/git/Robotics-Studio-2/install/onrobot_driver/include/onrobot_driver/Modbus/docs/html/folderopen.svg
[1.028s] -- Symlinking: /home/billy/git/Robotics-Studio-2/install/onrobot_driver/include/onrobot_driver/Modbus/docs/html/folderopend.svg
[1.040s] -- Symlinking: /home/billy/git/Robotics-Studio-2/install/onrobot_driver/include/onrobot_driver/Modbus/docs/html/functions.html
[1.055s] -- Symlinking: /home/billy/git/Robotics-Studio-2/install/onrobot_driver/include/onrobot_driver/Modbus/docs/html/functions_func.html
[1.067s] -- Symlinking: /home/billy/git/Robotics-Studio-2/install/onrobot_driver/include/onrobot_driver/Modbus/docs/html/group__MB.html
[1.079s] -- Symlinking: /home/billy/git/Robotics-Studio-2/install/onrobot_driver/include/onrobot_driver/Modbus/docs/html/hierarchy.html
[1.091s] -- Symlinking: /home/billy/git/Robotics-Studio-2/install/onrobot_driver/include/onrobot_driver/Modbus/docs/html/index.html
[1.103s] -- Symlinking: /home/billy/git/Robotics-Studio-2/install/onrobot_driver/include/onrobot_driver/Modbus/docs/html/jquery.js
[1.115s] -- Symlinking: /home/billy/git/Robotics-Studio-2/install/onrobot_driver/include/onrobot_driver/Modbus/docs/html/menu.js
[1.128s] -- Symlinking: /home/billy/git/Robotics-Studio-2/install/onrobot_driver/include/onrobot_driver/Modbus/docs/html/menudata.js
[1.141s] -- Symlinking: /home/billy/git/Robotics-Studio-2/install/onrobot_driver/include/onrobot_driver/Modbus/docs/html/minus.svg
[1.154s] -- Symlinking: /home/billy/git/Robotics-Studio-2/install/onrobot_driver/include/onrobot_driver/Modbus/docs/html/minusd.svg
[1.166s] -- Symlinking: /home/billy/git/Robotics-Studio-2/install/onrobot_driver/include/onrobot_driver/Modbus/docs/html/modbusCell_8hpp_source.html
[1.178s] -- Symlinking: /home/billy/git/Robotics-Studio-2/install/onrobot_driver/include/onrobot_driver/Modbus/docs/html/modbusException_8hpp_source.html
[1.189s] -- Symlinking: /home/billy/git/Robotics-Studio-2/install/onrobot_driver/include/onrobot_driver/Modbus/docs/html/modbusRequest_8hpp_source.html
[1.202s] -- Symlinking: /home/billy/git/Robotics-Studio-2/install/onrobot_driver/include/onrobot_driver/Modbus/docs/html/modbusResponse_8hpp_source.html
[1.213s] -- Symlinking: /home/billy/git/Robotics-Studio-2/install/onrobot_driver/include/onrobot_driver/Modbus/docs/html/modbusUtils_8hpp_source.html
[1.226s] -- Symlinking: /home/billy/git/Robotics-Studio-2/install/onrobot_driver/include/onrobot_driver/Modbus/docs/html/modules.html
[1.238s] -- Symlinking: /home/billy/git/Robotics-Studio-2/install/onrobot_driver/include/onrobot_driver/Modbus/docs/html/namespaceMB.html
[1.251s] -- Symlinking: /home/billy/git/Robotics-Studio-2/install/onrobot_driver/include/onrobot_driver/Modbus/docs/html/namespaceMB_1_1CRC.html
[1.262s] -- Symlinking: /home/billy/git/Robotics-Studio-2/install/onrobot_driver/include/onrobot_driver/Modbus/docs/html/namespaceMB_1_1utils.html
[1.275s] -- Symlinking: /home/billy/git/Robotics-Studio-2/install/onrobot_driver/include/onrobot_driver/Modbus/docs/html/namespacemembers.html
[1.289s] -- Symlinking: /home/billy/git/Robotics-Studio-2/install/onrobot_driver/include/onrobot_driver/Modbus/docs/html/namespacemembers_enum.html
[1.301s] -- Symlinking: /home/billy/git/Robotics-Studio-2/install/onrobot_driver/include/onrobot_driver/Modbus/docs/html/namespacemembers_func.html
[1.312s] -- Symlinking: /home/billy/git/Robotics-Studio-2/install/onrobot_driver/include/onrobot_driver/Modbus/docs/html/namespaces.html
[1.324s] -- Symlinking: /home/billy/git/Robotics-Studio-2/install/onrobot_driver/include/onrobot_driver/Modbus/docs/html/nav_f.png
[1.337s] -- Symlinking: /home/billy/git/Robotics-Studio-2/install/onrobot_driver/include/onrobot_driver/Modbus/docs/html/nav_fd.png
[1.350s] -- Symlinking: /home/billy/git/Robotics-Studio-2/install/onrobot_driver/include/onrobot_driver/Modbus/docs/html/nav_g.png
[1.364s] -- Symlinking: /home/billy/git/Robotics-Studio-2/install/onrobot_driver/include/onrobot_driver/Modbus/docs/html/nav_h.png
[1.376s] -- Symlinking: /home/billy/git/Robotics-Studio-2/install/onrobot_driver/include/onrobot_driver/Modbus/docs/html/nav_hd.png
[1.390s] -- Symlinking: /home/billy/git/Robotics-Studio-2/install/onrobot_driver/include/onrobot_driver/Modbus/docs/html/open.png
[1.402s] -- Symlinking: /home/billy/git/Robotics-Studio-2/install/onrobot_driver/include/onrobot_driver/Modbus/docs/html/pages.html
[1.415s] -- Symlinking: /home/billy/git/Robotics-Studio-2/install/onrobot_driver/include/onrobot_driver/Modbus/docs/html/plus.svg
[1.427s] -- Symlinking: /home/billy/git/Robotics-Studio-2/install/onrobot_driver/include/onrobot_driver/Modbus/docs/html/plusd.svg
[1.441s] -- Symlinking: /home/billy/git/Robotics-Studio-2/install/onrobot_driver/include/onrobot_driver/Modbus/docs/html/search/all_0.html
[1.453s] -- Symlinking: /home/billy/git/Robotics-Studio-2/install/onrobot_driver/include/onrobot_driver/Modbus/docs/html/search/all_0.js
[1.466s] -- Symlinking: /home/billy/git/Robotics-Studio-2/install/onrobot_driver/include/onrobot_driver/Modbus/docs/html/search/all_1.html
[1.479s] -- Symlinking: /home/billy/git/Robotics-Studio-2/install/onrobot_driver/include/onrobot_driver/Modbus/docs/html/search/all_1.js
[1.492s] -- Symlinking: /home/billy/git/Robotics-Studio-2/install/onrobot_driver/include/onrobot_driver/Modbus/docs/html/search/all_10.js
[1.504s] -- Symlinking: /home/billy/git/Robotics-Studio-2/install/onrobot_driver/include/onrobot_driver/Modbus/docs/html/search/all_11.js
[1.518s] -- Symlinking: /home/billy/git/Robotics-Studio-2/install/onrobot_driver/include/onrobot_driver/Modbus/docs/html/search/all_2.html
[1.529s] -- Symlinking: /home/billy/git/Robotics-Studio-2/install/onrobot_driver/include/onrobot_driver/Modbus/docs/html/search/all_2.js
[1.541s] -- Symlinking: /home/billy/git/Robotics-Studio-2/install/onrobot_driver/include/onrobot_driver/Modbus/docs/html/search/all_3.html
[1.553s] -- Symlinking: /home/billy/git/Robotics-Studio-2/install/onrobot_driver/include/onrobot_driver/Modbus/docs/html/search/all_3.js
[1.565s] -- Symlinking: /home/billy/git/Robotics-Studio-2/install/onrobot_driver/include/onrobot_driver/Modbus/docs/html/search/all_4.html
[1.578s] -- Symlinking: /home/billy/git/Robotics-Studio-2/install/onrobot_driver/include/onrobot_driver/Modbus/docs/html/search/all_4.js
[1.591s] -- Symlinking: /home/billy/git/Robotics-Studio-2/install/onrobot_driver/include/onrobot_driver/Modbus/docs/html/search/all_5.html
[1.604s] -- Symlinking: /home/billy/git/Robotics-Studio-2/install/onrobot_driver/include/onrobot_driver/Modbus/docs/html/search/all_5.js
[1.616s] -- Symlinking: /home/billy/git/Robotics-Studio-2/install/onrobot_driver/include/onrobot_driver/Modbus/docs/html/search/all_6.html
[1.629s] -- Symlinking: /home/billy/git/Robotics-Studio-2/install/onrobot_driver/include/onrobot_driver/Modbus/docs/html/search/all_6.js
[1.641s] -- Symlinking: /home/billy/git/Robotics-Studio-2/install/onrobot_driver/include/onrobot_driver/Modbus/docs/html/search/all_7.html
[1.654s] -- Symlinking: /home/billy/git/Robotics-Studio-2/install/onrobot_driver/include/onrobot_driver/Modbus/docs/html/search/all_7.js
[1.666s] -- Symlinking: /home/billy/git/Robotics-Studio-2/install/onrobot_driver/include/onrobot_driver/Modbus/docs/html/search/all_8.html
[1.679s] -- Symlinking: /home/billy/git/Robotics-Studio-2/install/onrobot_driver/include/onrobot_driver/Modbus/docs/html/search/all_8.js
[1.694s] -- Symlinking: /home/billy/git/Robotics-Studio-2/install/onrobot_driver/include/onrobot_driver/Modbus/docs/html/search/all_9.html
[1.708s] -- Symlinking: /home/billy/git/Robotics-Studio-2/install/onrobot_driver/include/onrobot_driver/Modbus/docs/html/search/all_9.js
[1.720s] -- Symlinking: /home/billy/git/Robotics-Studio-2/install/onrobot_driver/include/onrobot_driver/Modbus/docs/html/search/all_a.js
[1.734s] -- Symlinking: /home/billy/git/Robotics-Studio-2/install/onrobot_driver/include/onrobot_driver/Modbus/docs/html/search/all_b.js
[1.747s] -- Symlinking: /home/billy/git/Robotics-Studio-2/install/onrobot_driver/include/onrobot_driver/Modbus/docs/html/search/all_c.js
[1.760s] -- Symlinking: /home/billy/git/Robotics-Studio-2/install/onrobot_driver/include/onrobot_driver/Modbus/docs/html/search/all_d.js
[1.777s] -- Symlinking: /home/billy/git/Robotics-Studio-2/install/onrobot_driver/include/onrobot_driver/Modbus/docs/html/search/all_e.js
[1.791s] -- Symlinking: /home/billy/git/Robotics-Studio-2/install/onrobot_driver/include/onrobot_driver/Modbus/docs/html/search/all_f.js
[1.803s] -- Symlinking: /home/billy/git/Robotics-Studio-2/install/onrobot_driver/include/onrobot_driver/Modbus/docs/html/search/classes_0.html
[1.815s] -- Symlinking: /home/billy/git/Robotics-Studio-2/install/onrobot_driver/include/onrobot_driver/Modbus/docs/html/search/classes_0.js
[1.829s] -- Symlinking: /home/billy/git/Robotics-Studio-2/install/onrobot_driver/include/onrobot_driver/Modbus/docs/html/search/classes_1.html
[1.842s] -- Symlinking: /home/billy/git/Robotics-Studio-2/install/onrobot_driver/include/onrobot_driver/Modbus/docs/html/search/classes_1.js
[1.854s] -- Symlinking: /home/billy/git/Robotics-Studio-2/install/onrobot_driver/include/onrobot_driver/Modbus/docs/html/search/classes_2.html
[1.866s] -- Symlinking: /home/billy/git/Robotics-Studio-2/install/onrobot_driver/include/onrobot_driver/Modbus/docs/html/search/classes_2.js
[1.880s] -- Symlinking: /home/billy/git/Robotics-Studio-2/install/onrobot_driver/include/onrobot_driver/Modbus/docs/html/search/close.svg
[1.893s] -- Symlinking: /home/billy/git/Robotics-Studio-2/install/onrobot_driver/include/onrobot_driver/Modbus/docs/html/search/enums_0.html
[1.905s] -- Symlinking: /home/billy/git/Robotics-Studio-2/install/onrobot_driver/include/onrobot_driver/Modbus/docs/html/search/enums_0.js
[1.917s] -- Symlinking: /home/billy/git/Robotics-Studio-2/install/onrobot_driver/include/onrobot_driver/Modbus/docs/html/search/functions_0.html
[1.930s] -- Symlinking: /home/billy/git/Robotics-Studio-2/install/onrobot_driver/include/onrobot_driver/Modbus/docs/html/search/functions_0.js
[1.942s] -- Symlinking: /home/billy/git/Robotics-Studio-2/install/onrobot_driver/include/onrobot_driver/Modbus/docs/html/search/functions_1.html
[1.955s] -- Symlinking: /home/billy/git/Robotics-Studio-2/install/onrobot_driver/include/onrobot_driver/Modbus/docs/html/search/functions_1.js
[1.968s] -- Symlinking: /home/billy/git/Robotics-Studio-2/install/onrobot_driver/include/onrobot_driver/Modbus/docs/html/search/functions_2.html
[1.982s] -- Symlinking: /home/billy/git/Robotics-Studio-2/install/onrobot_driver/include/onrobot_driver/Modbus/docs/html/search/functions_2.js
[1.996s] -- Symlinking: /home/billy/git/Robotics-Studio-2/install/onrobot_driver/include/onrobot_driver/Modbus/docs/html/search/functions_3.html
[2.009s] -- Symlinking: /home/billy/git/Robotics-Studio-2/install/onrobot_driver/include/onrobot_driver/Modbus/docs/html/search/functions_3.js
[2.022s] -- Symlinking: /home/billy/git/Robotics-Studio-2/install/onrobot_driver/include/onrobot_driver/Modbus/docs/html/search/functions_4.html
[2.034s] -- Symlinking: /home/billy/git/Robotics-Studio-2/install/onrobot_driver/include/onrobot_driver/Modbus/docs/html/search/functions_4.js
[2.047s] -- Symlinking: /home/billy/git/Robotics-Studio-2/install/onrobot_driver/include/onrobot_driver/Modbus/docs/html/search/functions_5.html
[2.060s] -- Symlinking: /home/billy/git/Robotics-Studio-2/install/onrobot_driver/include/onrobot_driver/Modbus/docs/html/search/functions_5.js
[2.074s] -- Symlinking: /home/billy/git/Robotics-Studio-2/install/onrobot_driver/include/onrobot_driver/Modbus/docs/html/search/functions_6.html
[2.085s] -- Symlinking: /home/billy/git/Robotics-Studio-2/install/onrobot_driver/include/onrobot_driver/Modbus/docs/html/search/functions_6.js
[2.098s] -- Symlinking: /home/billy/git/Robotics-Studio-2/install/onrobot_driver/include/onrobot_driver/Modbus/docs/html/search/functions_7.html
[2.111s] -- Symlinking: /home/billy/git/Robotics-Studio-2/install/onrobot_driver/include/onrobot_driver/Modbus/docs/html/search/functions_7.js
[2.125s] -- Symlinking: /home/billy/git/Robotics-Studio-2/install/onrobot_driver/include/onrobot_driver/Modbus/docs/html/search/functions_8.html
[2.137s] -- Symlinking: /home/billy/git/Robotics-Studio-2/install/onrobot_driver/include/onrobot_driver/Modbus/docs/html/search/functions_8.js
[2.148s] -- Symlinking: /home/billy/git/Robotics-Studio-2/install/onrobot_driver/include/onrobot_driver/Modbus/docs/html/search/functions_9.html
[2.160s] -- Symlinking: /home/billy/git/Robotics-Studio-2/install/onrobot_driver/include/onrobot_driver/Modbus/docs/html/search/functions_9.js
[2.172s] -- Symlinking: /home/billy/git/Robotics-Studio-2/install/onrobot_driver/include/onrobot_driver/Modbus/docs/html/search/functions_a.js
[2.185s] -- Symlinking: /home/billy/git/Robotics-Studio-2/install/onrobot_driver/include/onrobot_driver/Modbus/docs/html/search/mag.svg
[2.198s] -- Symlinking: /home/billy/git/Robotics-Studio-2/install/onrobot_driver/include/onrobot_driver/Modbus/docs/html/search/mag_d.svg
[2.209s] -- Symlinking: /home/billy/git/Robotics-Studio-2/install/onrobot_driver/include/onrobot_driver/Modbus/docs/html/search/mag_sel.svg
[2.221s] -- Symlinking: /home/billy/git/Robotics-Studio-2/install/onrobot_driver/include/onrobot_driver/Modbus/docs/html/search/mag_seld.svg
[2.233s] -- Symlinking: /home/billy/git/Robotics-Studio-2/install/onrobot_driver/include/onrobot_driver/Modbus/docs/html/search/namespaces_0.html
[2.247s] -- Symlinking: /home/billy/git/Robotics-Studio-2/install/onrobot_driver/include/onrobot_driver/Modbus/docs/html/search/namespaces_0.js
[2.259s] -- Symlinking: /home/billy/git/Robotics-Studio-2/install/onrobot_driver/include/onrobot_driver/Modbus/docs/html/search/nomatches.html
[2.271s] -- Symlinking: /home/billy/git/Robotics-Studio-2/install/onrobot_driver/include/onrobot_driver/Modbus/docs/html/search/pages_0.js
[2.282s] -- Symlinking: /home/billy/git/Robotics-Studio-2/install/onrobot_driver/include/onrobot_driver/Modbus/docs/html/search/pages_1.js
[2.294s] -- Symlinking: /home/billy/git/Robotics-Studio-2/install/onrobot_driver/include/onrobot_driver/Modbus/docs/html/search/pages_2.js
[2.305s] -- Symlinking: /home/billy/git/Robotics-Studio-2/install/onrobot_driver/include/onrobot_driver/Modbus/docs/html/search/pages_3.js
[2.317s] -- Symlinking: /home/billy/git/Robotics-Studio-2/install/onrobot_driver/include/onrobot_driver/Modbus/docs/html/search/search.css
[2.329s] -- Symlinking: /home/billy/git/Robotics-Studio-2/install/onrobot_driver/include/onrobot_driver/Modbus/docs/html/search/search.js
[2.341s] -- Symlinking: /home/billy/git/Robotics-Studio-2/install/onrobot_driver/include/onrobot_driver/Modbus/docs/html/search/search_l.png
[2.352s] -- Symlinking: /home/billy/git/Robotics-Studio-2/install/onrobot_driver/include/onrobot_driver/Modbus/docs/html/search/search_m.png
[2.365s] -- Symlinking: /home/billy/git/Robotics-Studio-2/install/onrobot_driver/include/onrobot_driver/Modbus/docs/html/search/search_r.png
[2.377s] -- Symlinking: /home/billy/git/Robotics-Studio-2/install/onrobot_driver/include/onrobot_driver/Modbus/docs/html/search/searchdata.js
[2.389s] -- Symlinking: /home/billy/git/Robotics-Studio-2/install/onrobot_driver/include/onrobot_driver/Modbus/docs/html/server_8hpp_source.html
[2.402s] -- Symlinking: /home/billy/git/Robotics-Studio-2/install/onrobot_driver/include/onrobot_driver/Modbus/docs/html/splitbar.png
[2.415s] -- Symlinking: /home/billy/git/Robotics-Studio-2/install/onrobot_driver/include/onrobot_driver/Modbus/docs/html/splitbard.png
[2.427s] -- Symlinking: /home/billy/git/Robotics-Studio-2/install/onrobot_driver/include/onrobot_driver/Modbus/docs/html/sync_off.png
[2.439s] -- Symlinking: /home/billy/git/Robotics-Studio-2/install/onrobot_driver/include/onrobot_driver/Modbus/docs/html/sync_on.png
[2.451s] -- Symlinking: /home/billy/git/Robotics-Studio-2/install/onrobot_driver/include/onrobot_driver/Modbus/docs/html/tab_a.png
[2.463s] -- Symlinking: /home/billy/git/Robotics-Studio-2/install/onrobot_driver/include/onrobot_driver/Modbus/docs/html/tab_ad.png
[2.475s] -- Symlinking: /home/billy/git/Robotics-Studio-2/install/onrobot_driver/include/onrobot_driver/Modbus/docs/html/tab_b.png
[2.486s] -- Symlinking: /home/billy/git/Robotics-Studio-2/install/onrobot_driver/include/onrobot_driver/Modbus/docs/html/tab_bd.png
[2.499s] -- Symlinking: /home/billy/git/Robotics-Studio-2/install/onrobot_driver/include/onrobot_driver/Modbus/docs/html/tab_h.png
[2.511s] -- Symlinking: /home/billy/git/Robotics-Studio-2/install/onrobot_driver/include/onrobot_driver/Modbus/docs/html/tab_hd.png
[2.522s] -- Symlinking: /home/billy/git/Robotics-Studio-2/install/onrobot_driver/include/onrobot_driver/Modbus/docs/html/tab_s.png
[2.536s] -- Symlinking: /home/billy/git/Robotics-Studio-2/install/onrobot_driver/include/onrobot_driver/Modbus/docs/html/tab_sd.png
[2.548s] -- Symlinking: /home/billy/git/Robotics-Studio-2/install/onrobot_driver/include/onrobot_driver/Modbus/docs/html/tabs.css
[2.559s] -- Symlinking: /home/billy/git/Robotics-Studio-2/install/onrobot_driver/include/onrobot_driver/Modbus/example/main.cpp
[2.571s] -- Symlinking: /home/billy/git/Robotics-Studio-2/install/onrobot_driver/include/onrobot_driver/Modbus/include/MB/Serial/connection.hpp
[2.581s] -- Symlinking: /home/billy/git/Robotics-Studio-2/install/onrobot_driver/include/onrobot_driver/Modbus/include/MB/TCP/connection.hpp
[2.595s] -- Symlinking: /home/billy/git/Robotics-Studio-2/install/onrobot_driver/include/onrobot_driver/Modbus/include/MB/TCP/server.hpp
[2.607s] -- Symlinking: /home/billy/git/Robotics-Studio-2/install/onrobot_driver/include/onrobot_driver/Modbus/include/MB/crc.hpp
[2.619s] -- Symlinking: /home/billy/git/Robotics-Studio-2/install/onrobot_driver/include/onrobot_driver/Modbus/include/MB/modbusCell.hpp
[2.629s] -- Symlinking: /home/billy/git/Robotics-Studio-2/install/onrobot_driver/include/onrobot_driver/Modbus/include/MB/modbusException.hpp
[2.642s] -- Symlinking: /home/billy/git/Robotics-Studio-2/install/onrobot_driver/include/onrobot_driver/Modbus/include/MB/modbusRequest.hpp
[2.652s] -- Symlinking: /home/billy/git/Robotics-Studio-2/install/onrobot_driver/include/onrobot_driver/Modbus/include/MB/modbusResponse.hpp
[2.663s] -- Symlinking: /home/billy/git/Robotics-Studio-2/install/onrobot_driver/include/onrobot_driver/Modbus/include/MB/modbusUtils.hpp
[2.673s] -- Symlinking: /home/billy/git/Robotics-Studio-2/install/onrobot_driver/include/onrobot_driver/Modbus/reformat-all.sh
[2.684s] -- Symlinking: /home/billy/git/Robotics-Studio-2/install/onrobot_driver/include/onrobot_driver/Modbus/shell.nix
[2.698s] -- Symlinking: /home/billy/git/Robotics-Studio-2/install/onrobot_driver/include/onrobot_driver/Modbus/src/CMakeLists.txt
[2.709s] -- Symlinking: /home/billy/git/Robotics-Studio-2/install/onrobot_driver/include/onrobot_driver/Modbus/src/Serial/CMakeLists.txt
[2.720s] -- Symlinking: /home/billy/git/Robotics-Studio-2/install/onrobot_driver/include/onrobot_driver/Modbus/src/Serial/connection.cpp
[2.731s] -- Symlinking: /home/billy/git/Robotics-Studio-2/install/onrobot_driver/include/onrobot_driver/Modbus/src/TCP/CMakeLists.txt
[2.743s] -- Symlinking: /home/billy/git/Robotics-Studio-2/install/onrobot_driver/include/onrobot_driver/Modbus/src/TCP/connection.cpp
[2.754s] -- Symlinking: /home/billy/git/Robotics-Studio-2/install/onrobot_driver/include/onrobot_driver/Modbus/src/TCP/server.cpp
[2.764s] -- Symlinking: /home/billy/git/Robotics-Studio-2/install/onrobot_driver/include/onrobot_driver/Modbus/src/crc.cpp
[2.775s] -- Symlinking: /home/billy/git/Robotics-Studio-2/install/onrobot_driver/include/onrobot_driver/Modbus/src/modbusException.cpp
[2.787s] -- Symlinking: /home/billy/git/Robotics-Studio-2/install/onrobot_driver/include/onrobot_driver/Modbus/src/modbusRequest.cpp
[2.801s] -- Symlinking: /home/billy/git/Robotics-Studio-2/install/onrobot_driver/include/onrobot_driver/Modbus/src/modbusResponse.cpp
[2.812s] -- Symlinking: /home/billy/git/Robotics-Studio-2/install/onrobot_driver/include/onrobot_driver/Modbus/tests/CMakeLists.txt
[2.824s] -- Symlinking: /home/billy/git/Robotics-Studio-2/install/onrobot_driver/include/onrobot_driver/Modbus/tests/MB/ModbusCellTests.cpp
[2.834s] -- Symlinking: /home/billy/git/Robotics-Studio-2/install/onrobot_driver/include/onrobot_driver/Modbus/tests/MB/ModbusExceptionTests.cpp
[2.845s] -- Symlinking: /home/billy/git/Robotics-Studio-2/install/onrobot_driver/include/onrobot_driver/Modbus/tests/MB/ModbusFunctionalTests.cpp
[2.856s] -- Symlinking: /home/billy/git/Robotics-Studio-2/install/onrobot_driver/include/onrobot_driver/Modbus/tests/MB/ModbusRequestTests.cpp
[2.867s] -- Symlinking: /home/billy/git/Robotics-Studio-2/install/onrobot_driver/include/onrobot_driver/Modbus/tests/MB/ModbusResponseTests.cpp
[2.877s] -- Symlinking: /home/billy/git/Robotics-Studio-2/install/onrobot_driver/include/onrobot_driver/Modbus/tests/main.cpp
[2.888s] -- Symlinking: /home/billy/git/Robotics-Studio-2/install/onrobot_driver/include/onrobot_driver/RG.hpp
[2.902s] -- Symlinking: /home/billy/git/Robotics-Studio-2/install/onrobot_driver/include/onrobot_driver/SerialConnectionWrapper.hpp
[2.914s] -- Symlinking: /home/billy/git/Robotics-Studio-2/install/onrobot_driver/include/onrobot_driver/TCPConnectionWrapper.hpp
[2.927s] -- Symlinking: /home/billy/git/Robotics-Studio-2/install/onrobot_driver/include/onrobot_driver/rg_hardware_interface.hpp
[2.939s] -- Symlinking: /home/billy/git/Robotics-Studio-2/install/onrobot_driver/share/onrobot_driver/environment/library_path.sh
[2.950s] -- Symlinking: /home/billy/git/Robotics-Studio-2/install/onrobot_driver/share/onrobot_driver/environment/library_path.dsv
[2.963s] -- Up-to-date symlink: /home/billy/git/Robotics-Studio-2/install/onrobot_driver/include/onrobot_driver/IModbusConnection.hpp
[2.963s] -- Up-to-date symlink: /home/billy/git/Robotics-Studio-2/install/onrobot_driver/include/onrobot_driver/Modbus/.clang-format
[2.963s] -- Up-to-date symlink: /home/billy/git/Robotics-Studio-2/install/onrobot_driver/include/onrobot_driver/Modbus/.git
[2.963s] -- Up-to-date symlink: /home/billy/git/Robotics-Studio-2/install/onrobot_driver/include/onrobot_driver/Modbus/CMakeLists.txt
[2.963s] -- Up-to-date symlink: /home/billy/git/Robotics-Studio-2/install/onrobot_driver/include/onrobot_driver/Modbus/Doxyfile
[2.964s] -- Up-to-date symlink: /home/billy/git/Robotics-Studio-2/install/onrobot_driver/include/onrobot_driver/Modbus/LICENSE
[2.964s] -- Up-to-date symlink: /home/billy/git/Robotics-Studio-2/install/onrobot_driver/include/onrobot_driver/Modbus/README.md
[2.964s] -- Up-to-date symlink: /home/billy/git/Robotics-Studio-2/install/onrobot_driver/include/onrobot_driver/Modbus/docs/html/Serial_2connection_8hpp_source.html
[2.964s] -- Up-to-date symlink: /home/billy/git/Robotics-Studio-2/install/onrobot_driver/include/onrobot_driver/Modbus/docs/html/TCP_2connection_8hpp_source.html
[2.964s] -- Up-to-date symlink: /home/billy/git/Robotics-Studio-2/install/onrobot_driver/include/onrobot_driver/Modbus/docs/html/annotated.html
[2.964s] -- Up-to-date symlink: /home/billy/git/Robotics-Studio-2/install/onrobot_driver/include/onrobot_driver/Modbus/docs/html/bc_s.png
[2.965s] -- Up-to-date symlink: /home/billy/git/Robotics-Studio-2/install/onrobot_driver/include/onrobot_driver/Modbus/docs/html/bc_sd.png
[2.965s] -- Up-to-date symlink: /home/billy/git/Robotics-Studio-2/install/onrobot_driver/include/onrobot_driver/Modbus/docs/html/bdwn.png
[2.965s] -- Up-to-date symlink: /home/billy/git/Robotics-Studio-2/install/onrobot_driver/include/onrobot_driver/Modbus/docs/html/classMB_1_1ModbusCell-members.html
[2.965s] -- Up-to-date symlink: /home/billy/git/Robotics-Studio-2/install/onrobot_driver/include/onrobot_driver/Modbus/docs/html/classMB_1_1ModbusCell.html
[2.965s] -- Up-to-date symlink: /home/billy/git/Robotics-Studio-2/install/onrobot_driver/include/onrobot_driver/Modbus/docs/html/classMB_1_1ModbusException-members.html
[2.966s] -- Up-to-date symlink: /home/billy/git/Robotics-Studio-2/install/onrobot_driver/include/onrobot_driver/Modbus/docs/html/classMB_1_1ModbusException.html
[2.966s] -- Up-to-date symlink: /home/billy/git/Robotics-Studio-2/install/onrobot_driver/include/onrobot_driver/Modbus/docs/html/classMB_1_1ModbusException.png
[2.966s] -- Up-to-date symlink: /home/billy/git/Robotics-Studio-2/install/onrobot_driver/include/onrobot_driver/Modbus/docs/html/classMB_1_1ModbusRequest-members.html
[2.966s] -- Up-to-date symlink: /home/billy/git/Robotics-Studio-2/install/onrobot_driver/include/onrobot_driver/Modbus/docs/html/classMB_1_1ModbusRequest.html
[2.966s] -- Up-to-date symlink: /home/billy/git/Robotics-Studio-2/install/onrobot_driver/include/onrobot_driver/Modbus/docs/html/classMB_1_1ModbusResponse-members.html
[2.967s] -- Up-to-date symlink: /home/billy/git/Robotics-Studio-2/install/onrobot_driver/include/onrobot_driver/Modbus/docs/html/classMB_1_1ModbusResponse.html
[2.967s] -- Up-to-date symlink: /home/billy/git/Robotics-Studio-2/install/onrobot_driver/include/onrobot_driver/Modbus/docs/html/classMB_1_1Serial_1_1Connection-members.html
[2.967s] -- Up-to-date symlink: /home/billy/git/Robotics-Studio-2/install/onrobot_driver/include/onrobot_driver/Modbus/docs/html/classMB_1_1Serial_1_1Connection.html
[2.968s] -- Up-to-date symlink: /home/billy/git/Robotics-Studio-2/install/onrobot_driver/include/onrobot_driver/Modbus/docs/html/classMB_1_1TCP_1_1Connection-members.html
[2.968s] -- Up-to-date symlink: /home/billy/git/Robotics-Studio-2/install/onrobot_driver/include/onrobot_driver/Modbus/docs/html/classMB_1_1TCP_1_1Connection.html
[2.968s] -- Up-to-date symlink: /home/billy/git/Robotics-Studio-2/install/onrobot_driver/include/onrobot_driver/Modbus/docs/html/classMB_1_1TCP_1_1Server-members.html
[2.968s] -- Up-to-date symlink: /home/billy/git/Robotics-Studio-2/install/onrobot_driver/include/onrobot_driver/Modbus/docs/html/classMB_1_1TCP_1_1Server.html
[2.969s] -- Up-to-date symlink: /home/billy/git/Robotics-Studio-2/install/onrobot_driver/include/onrobot_driver/Modbus/docs/html/classes.html
[2.969s] -- Up-to-date symlink: /home/billy/git/Robotics-Studio-2/install/onrobot_driver/include/onrobot_driver/Modbus/docs/html/clipboard.js
[2.969s] -- Up-to-date symlink: /home/billy/git/Robotics-Studio-2/install/onrobot_driver/include/onrobot_driver/Modbus/docs/html/closed.png
[2.969s] -- Up-to-date symlink: /home/billy/git/Robotics-Studio-2/install/onrobot_driver/include/onrobot_driver/Modbus/docs/html/cookie.js
[2.969s] -- Up-to-date symlink: /home/billy/git/Robotics-Studio-2/install/onrobot_driver/include/onrobot_driver/Modbus/docs/html/crc_8hpp_source.html
[2.969s] -- Up-to-date symlink: /home/billy/git/Robotics-Studio-2/install/onrobot_driver/include/onrobot_driver/Modbus/docs/html/deprecated.html
[2.970s] -- Up-to-date symlink: /home/billy/git/Robotics-Studio-2/install/onrobot_driver/include/onrobot_driver/Modbus/docs/html/dir_5c4711b76244cf820e6fc766a3eae98f.html
[2.970s] -- Up-to-date symlink: /home/billy/git/Robotics-Studio-2/install/onrobot_driver/include/onrobot_driver/Modbus/docs/html/dir_68267d1309a1af8e8297ef4c3efbcdba.html
[2.970s] -- Up-to-date symlink: /home/billy/git/Robotics-Studio-2/install/onrobot_driver/include/onrobot_driver/Modbus/docs/html/dir_89deb882b528f943e97271a20701dad4.html
[2.970s] -- Up-to-date symlink: /home/billy/git/Robotics-Studio-2/install/onrobot_driver/include/onrobot_driver/Modbus/docs/html/dir_bce4fe468017adc58bf81882531ea016.html
[2.970s] -- Up-to-date symlink: /home/billy/git/Robotics-Studio-2/install/onrobot_driver/include/onrobot_driver/Modbus/docs/html/dir_d44c64559bbebec7f509842c48db8b23.html
[2.971s] -- Up-to-date symlink: /home/billy/git/Robotics-Studio-2/install/onrobot_driver/include/onrobot_driver/Modbus/docs/html/dir_f8aebf652183de33714d471cbd098255.html
[2.971s] -- Up-to-date symlink: /home/billy/git/Robotics-Studio-2/install/onrobot_driver/include/onrobot_driver/Modbus/docs/html/dir_fa17a7b3bf7c731ce009520520ae23a8.html
[2.971s] -- Up-to-date symlink: /home/billy/git/Robotics-Studio-2/install/onrobot_driver/include/onrobot_driver/Modbus/docs/html/doc.png
[2.971s] -- Up-to-date symlink: /home/billy/git/Robotics-Studio-2/install/onrobot_driver/include/onrobot_driver/Modbus/docs/html/doc.svg
[2.971s] -- Up-to-date symlink: /home/billy/git/Robotics-Studio-2/install/onrobot_driver/include/onrobot_driver/Modbus/docs/html/docd.svg
[2.971s] -- Up-to-date symlink: /home/billy/git/Robotics-Studio-2/install/onrobot_driver/include/onrobot_driver/Modbus/docs/html/doxygen.css
[2.972s] -- Up-to-date symlink: /home/billy/git/Robotics-Studio-2/install/onrobot_driver/include/onrobot_driver/Modbus/docs/html/doxygen.svg
[2.972s] -- Up-to-date symlink: /home/billy/git/Robotics-Studio-2/install/onrobot_driver/include/onrobot_driver/Modbus/docs/html/doxygen_crawl.html
[2.972s] -- Up-to-date symlink: /home/billy/git/Robotics-Studio-2/install/onrobot_driver/include/onrobot_driver/Modbus/docs/html/dynsections.js
[2.972s] -- Up-to-date symlink: /home/billy/git/Robotics-Studio-2/install/onrobot_driver/include/onrobot_driver/Modbus/docs/html/files.html
[2.972s] -- Up-to-date symlink: /home/billy/git/Robotics-Studio-2/install/onrobot_driver/include/onrobot_driver/Modbus/docs/html/folderclosed.png
[2.973s] -- Up-to-date symlink: /home/billy/git/Robotics-Studio-2/install/onrobot_driver/include/onrobot_driver/Modbus/docs/html/folderclosed.svg
[2.973s] -- Up-to-date symlink: /home/billy/git/Robotics-Studio-2/install/onrobot_driver/include/onrobot_driver/Modbus/docs/html/folderclosedd.svg
[2.973s] -- Up-to-date symlink: /home/billy/git/Robotics-Studio-2/install/onrobot_driver/include/onrobot_driver/Modbus/docs/html/folderopen.png
[2.973s] -- Up-to-date symlink: /home/billy/git/Robotics-Studio-2/install/onrobot_driver/include/onrobot_driver/Modbus/docs/html/folderopen.svg
[2.973s] -- Up-to-date symlink: /home/billy/git/Robotics-Studio-2/install/onrobot_driver/include/onrobot_driver/Modbus/docs/html/folderopend.svg
[2.973s] -- Up-to-date symlink: /home/billy/git/Robotics-Studio-2/install/onrobot_driver/include/onrobot_driver/Modbus/docs/html/functions.html
[2.974s] -- Up-to-date symlink: /home/billy/git/Robotics-Studio-2/install/onrobot_driver/include/onrobot_driver/Modbus/docs/html/functions_func.html
[2.974s] -- Up-to-date symlink: /home/billy/git/Robotics-Studio-2/install/onrobot_driver/include/onrobot_driver/Modbus/docs/html/group__MB.html
[2.974s] -- Up-to-date symlink: /home/billy/git/Robotics-Studio-2/install/onrobot_driver/include/onrobot_driver/Modbus/docs/html/hierarchy.html
[2.974s] -- Up-to-date symlink: /home/billy/git/Robotics-Studio-2/install/onrobot_driver/include/onrobot_driver/Modbus/docs/html/index.html
[2.974s] -- Up-to-date symlink: /home/billy/git/Robotics-Studio-2/install/onrobot_driver/include/onrobot_driver/Modbus/docs/html/jquery.js
[2.975s] -- Up-to-date symlink: /home/billy/git/Robotics-Studio-2/install/onrobot_driver/include/onrobot_driver/Modbus/docs/html/menu.js
[2.975s] -- Up-to-date symlink: /home/billy/git/Robotics-Studio-2/install/onrobot_driver/include/onrobot_driver/Modbus/docs/html/menudata.js
[2.975s] -- Up-to-date symlink: /home/billy/git/Robotics-Studio-2/install/onrobot_driver/include/onrobot_driver/Modbus/docs/html/minus.svg
[2.975s] -- Up-to-date symlink: /home/billy/git/Robotics-Studio-2/install/onrobot_driver/include/onrobot_driver/Modbus/docs/html/minusd.svg
[2.975s] -- Up-to-date symlink: /home/billy/git/Robotics-Studio-2/install/onrobot_driver/include/onrobot_driver/Modbus/docs/html/modbusCell_8hpp_source.html
[2.975s] -- Up-to-date symlink: /home/billy/git/Robotics-Studio-2/install/onrobot_driver/include/onrobot_driver/Modbus/docs/html/modbusException_8hpp_source.html
[2.976s] -- Up-to-date symlink: /home/billy/git/Robotics-Studio-2/install/onrobot_driver/include/onrobot_driver/Modbus/docs/html/modbusRequest_8hpp_source.html
[2.976s] -- Up-to-date symlink: /home/billy/git/Robotics-Studio-2/install/onrobot_driver/include/onrobot_driver/Modbus/docs/html/modbusResponse_8hpp_source.html
[2.976s] -- Up-to-date symlink: /home/billy/git/Robotics-Studio-2/install/onrobot_driver/include/onrobot_driver/Modbus/docs/html/modbusUtils_8hpp_source.html
[2.976s] -- Up-to-date symlink: /home/billy/git/Robotics-Studio-2/install/onrobot_driver/include/onrobot_driver/Modbus/docs/html/modules.html
[2.976s] -- Up-to-date symlink: /home/billy/git/Robotics-Studio-2/install/onrobot_driver/include/onrobot_driver/Modbus/docs/html/namespaceMB.html
[2.977s] -- Up-to-date symlink: /home/billy/git/Robotics-Studio-2/install/onrobot_driver/include/onrobot_driver/Modbus/docs/html/namespaceMB_1_1CRC.html
[2.977s] -- Up-to-date symlink: /home/billy/git/Robotics-Studio-2/install/onrobot_driver/include/onrobot_driver/Modbus/docs/html/namespaceMB_1_1utils.html
[2.977s] -- Up-to-date symlink: /home/billy/git/Robotics-Studio-2/install/onrobot_driver/include/onrobot_driver/Modbus/docs/html/namespacemembers.html
[2.977s] -- Up-to-date symlink: /home/billy/git/Robotics-Studio-2/install/onrobot_driver/include/onrobot_driver/Modbus/docs/html/namespacemembers_enum.html
[2.977s] -- Up-to-date symlink: /home/billy/git/Robotics-Studio-2/install/onrobot_driver/include/onrobot_driver/Modbus/docs/html/namespacemembers_func.html
[2.978s] -- Up-to-date symlink: /home/billy/git/Robotics-Studio-2/install/onrobot_driver/include/onrobot_driver/Modbus/docs/html/namespaces.html
[2.978s] -- Up-to-date symlink: /home/billy/git/Robotics-Studio-2/install/onrobot_driver/include/onrobot_driver/Modbus/docs/html/nav_f.png
[2.978s] -- Up-to-date symlink: /home/billy/git/Robotics-Studio-2/install/onrobot_driver/include/onrobot_driver/Modbus/docs/html/nav_fd.png
[2.978s] -- Up-to-date symlink: /home/billy/git/Robotics-Studio-2/install/onrobot_driver/include/onrobot_driver/Modbus/docs/html/nav_g.png
[2.978s] -- Up-to-date symlink: /home/billy/git/Robotics-Studio-2/install/onrobot_driver/include/onrobot_driver/Modbus/docs/html/nav_h.png
[2.978s] -- Up-to-date symlink: /home/billy/git/Robotics-Studio-2/install/onrobot_driver/include/onrobot_driver/Modbus/docs/html/nav_hd.png
[2.979s] -- Up-to-date symlink: /home/billy/git/Robotics-Studio-2/install/onrobot_driver/include/onrobot_driver/Modbus/docs/html/open.png
[2.979s] -- Up-to-date symlink: /home/billy/git/Robotics-Studio-2/install/onrobot_driver/include/onrobot_driver/Modbus/docs/html/pages.html
[2.979s] -- Up-to-date symlink: /home/billy/git/Robotics-Studio-2/install/onrobot_driver/include/onrobot_driver/Modbus/docs/html/plus.svg
[2.979s] -- Up-to-date symlink: /home/billy/git/Robotics-Studio-2/install/onrobot_driver/include/onrobot_driver/Modbus/docs/html/plusd.svg
[2.979s] -- Up-to-date symlink: /home/billy/git/Robotics-Studio-2/install/onrobot_driver/include/onrobot_driver/Modbus/docs/html/search/all_0.html
[2.980s] -- Up-to-date symlink: /home/billy/git/Robotics-Studio-2/install/onrobot_driver/include/onrobot_driver/Modbus/docs/html/search/all_0.js
[2.980s] -- Up-to-date symlink: /home/billy/git/Robotics-Studio-2/install/onrobot_driver/include/onrobot_driver/Modbus/docs/html/search/all_1.html
[2.980s] -- Up-to-date symlink: /home/billy/git/Robotics-Studio-2/install/onrobot_driver/include/onrobot_driver/Modbus/docs/html/search/all_1.js
[2.980s] -- Up-to-date symlink: /home/billy/git/Robotics-Studio-2/install/onrobot_driver/include/onrobot_driver/Modbus/docs/html/search/all_10.js
[2.980s] -- Up-to-date symlink: /home/billy/git/Robotics-Studio-2/install/onrobot_driver/include/onrobot_driver/Modbus/docs/html/search/all_11.js
[2.981s] -- Up-to-date symlink: /home/billy/git/Robotics-Studio-2/install/onrobot_driver/include/onrobot_driver/Modbus/docs/html/search/all_2.html
[2.981s] -- Up-to-date symlink: /home/billy/git/Robotics-Studio-2/install/onrobot_driver/include/onrobot_driver/Modbus/docs/html/search/all_2.js
[2.981s] -- Up-to-date symlink: /home/billy/git/Robotics-Studio-2/install/onrobot_driver/include/onrobot_driver/Modbus/docs/html/search/all_3.html
[2.981s] -- Up-to-date symlink: /home/billy/git/Robotics-Studio-2/install/onrobot_driver/include/onrobot_driver/Modbus/docs/html/search/all_3.js
[2.981s] -- Up-to-date symlink: /home/billy/git/Robotics-Studio-2/install/onrobot_driver/include/onrobot_driver/Modbus/docs/html/search/all_4.html
[2.982s] -- Up-to-date symlink: /home/billy/git/Robotics-Studio-2/install/onrobot_driver/include/onrobot_driver/Modbus/docs/html/search/all_4.js
[2.982s] -- Up-to-date symlink: /home/billy/git/Robotics-Studio-2/install/onrobot_driver/include/onrobot_driver/Modbus/docs/html/search/all_5.html
[2.982s] -- Up-to-date symlink: /home/billy/git/Robotics-Studio-2/install/onrobot_driver/include/onrobot_driver/Modbus/docs/html/search/all_5.js
[2.982s] -- Up-to-date symlink: /home/billy/git/Robotics-Studio-2/install/onrobot_driver/include/onrobot_driver/Modbus/docs/html/search/all_6.html
[2.982s] -- Up-to-date symlink: /home/billy/git/Robotics-Studio-2/install/onrobot_driver/include/onrobot_driver/Modbus/docs/html/search/all_6.js
[2.983s] -- Up-to-date symlink: /home/billy/git/Robotics-Studio-2/install/onrobot_driver/include/onrobot_driver/Modbus/docs/html/search/all_7.html
[2.983s] -- Up-to-date symlink: /home/billy/git/Robotics-Studio-2/install/onrobot_driver/include/onrobot_driver/Modbus/docs/html/search/all_7.js
[2.983s] -- Up-to-date symlink: /home/billy/git/Robotics-Studio-2/install/onrobot_driver/include/onrobot_driver/Modbus/docs/html/search/all_8.html
[2.983s] -- Up-to-date symlink: /home/billy/git/Robotics-Studio-2/install/onrobot_driver/include/onrobot_driver/Modbus/docs/html/search/all_8.js
[2.983s] -- Up-to-date symlink: /home/billy/git/Robotics-Studio-2/install/onrobot_driver/include/onrobot_driver/Modbus/docs/html/search/all_9.html
[2.983s] -- Up-to-date symlink: /home/billy/git/Robotics-Studio-2/install/onrobot_driver/include/onrobot_driver/Modbus/docs/html/search/all_9.js
[2.984s] -- Up-to-date symlink: /home/billy/git/Robotics-Studio-2/install/onrobot_driver/include/onrobot_driver/Modbus/docs/html/search/all_a.js
[2.984s] -- Up-to-date symlink: /home/billy/git/Robotics-Studio-2/install/onrobot_driver/include/onrobot_driver/Modbus/docs/html/search/all_b.js
[2.984s] -- Up-to-date symlink: /home/billy/git/Robotics-Studio-2/install/onrobot_driver/include/onrobot_driver/Modbus/docs/html/search/all_c.js
[2.984s] -- Up-to-date symlink: /home/billy/git/Robotics-Studio-2/install/onrobot_driver/include/onrobot_driver/Modbus/docs/html/search/all_d.js
[2.984s] -- Up-to-date symlink: /home/billy/git/Robotics-Studio-2/install/onrobot_driver/include/onrobot_driver/Modbus/docs/html/search/all_e.js
[2.985s] -- Up-to-date symlink: /home/billy/git/Robotics-Studio-2/install/onrobot_driver/include/onrobot_driver/Modbus/docs/html/search/all_f.js
[2.985s] -- Up-to-date symlink: /home/billy/git/Robotics-Studio-2/install/onrobot_driver/include/onrobot_driver/Modbus/docs/html/search/classes_0.html
[2.985s] -- Up-to-date symlink: /home/billy/git/Robotics-Studio-2/install/onrobot_driver/include/onrobot_driver/Modbus/docs/html/search/classes_0.js
[2.985s] -- Up-to-date symlink: /home/billy/git/Robotics-Studio-2/install/onrobot_driver/include/onrobot_driver/Modbus/docs/html/search/classes_1.html
[2.985s] -- Up-to-date symlink: /home/billy/git/Robotics-Studio-2/install/onrobot_driver/include/onrobot_driver/Modbus/docs/html/search/classes_1.js
[2.986s] -- Up-to-date symlink: /home/billy/git/Robotics-Studio-2/install/onrobot_driver/include/onrobot_driver/Modbus/docs/html/search/classes_2.html
[2.986s] -- Up-to-date symlink: /home/billy/git/Robotics-Studio-2/install/onrobot_driver/include/onrobot_driver/Modbus/docs/html/search/classes_2.js
[2.986s] -- Up-to-date symlink: /home/billy/git/Robotics-Studio-2/install/onrobot_driver/include/onrobot_driver/Modbus/docs/html/search/close.svg
[2.986s] -- Up-to-date symlink: /home/billy/git/Robotics-Studio-2/install/onrobot_driver/include/onrobot_driver/Modbus/docs/html/search/enums_0.html
[2.987s] -- Up-to-date symlink: /home/billy/git/Robotics-Studio-2/install/onrobot_driver/include/onrobot_driver/Modbus/docs/html/search/enums_0.js
[2.987s] -- Up-to-date symlink: /home/billy/git/Robotics-Studio-2/install/onrobot_driver/include/onrobot_driver/Modbus/docs/html/search/functions_0.html
[2.987s] -- Up-to-date symlink: /home/billy/git/Robotics-Studio-2/install/onrobot_driver/include/onrobot_driver/Modbus/docs/html/search/functions_0.js
[2.987s] -- Up-to-date symlink: /home/billy/git/Robotics-Studio-2/install/onrobot_driver/include/onrobot_driver/Modbus/docs/html/search/functions_1.html
[2.987s] -- Up-to-date symlink: /home/billy/git/Robotics-Studio-2/install/onrobot_driver/include/onrobot_driver/Modbus/docs/html/search/functions_1.js
[2.987s] -- Up-to-date symlink: /home/billy/git/Robotics-Studio-2/install/onrobot_driver/include/onrobot_driver/Modbus/docs/html/search/functions_2.html
[2.988s] -- Up-to-date symlink: /home/billy/git/Robotics-Studio-2/install/onrobot_driver/include/onrobot_driver/Modbus/docs/html/search/functions_2.js
[2.988s] -- Up-to-date symlink: /home/billy/git/Robotics-Studio-2/install/onrobot_driver/include/onrobot_driver/Modbus/docs/html/search/functions_3.html
[2.988s] -- Up-to-date symlink: /home/billy/git/Robotics-Studio-2/install/onrobot_driver/include/onrobot_driver/Modbus/docs/html/search/functions_3.js
[2.988s] -- Up-to-date symlink: /home/billy/git/Robotics-Studio-2/install/onrobot_driver/include/onrobot_driver/Modbus/docs/html/search/functions_4.html
[2.989s] -- Up-to-date symlink: /home/billy/git/Robotics-Studio-2/install/onrobot_driver/include/onrobot_driver/Modbus/docs/html/search/functions_4.js
[2.989s] -- Up-to-date symlink: /home/billy/git/Robotics-Studio-2/install/onrobot_driver/include/onrobot_driver/Modbus/docs/html/search/functions_5.html
[2.989s] -- Up-to-date symlink: /home/billy/git/Robotics-Studio-2/install/onrobot_driver/include/onrobot_driver/Modbus/docs/html/search/functions_5.js
[2.991s] -- Up-to-date symlink: /home/billy/git/Robotics-Studio-2/install/onrobot_driver/include/onrobot_driver/Modbus/docs/html/search/functions_6.html
[2.991s] -- Up-to-date symlink: /home/billy/git/Robotics-Studio-2/install/onrobot_driver/include/onrobot_driver/Modbus/docs/html/search/functions_6.js
[2.991s] -- Up-to-date symlink: /home/billy/git/Robotics-Studio-2/install/onrobot_driver/include/onrobot_driver/Modbus/docs/html/search/functions_7.html
[2.991s] -- Up-to-date symlink: /home/billy/git/Robotics-Studio-2/install/onrobot_driver/include/onrobot_driver/Modbus/docs/html/search/functions_7.js
[2.991s] -- Up-to-date symlink: /home/billy/git/Robotics-Studio-2/install/onrobot_driver/include/onrobot_driver/Modbus/docs/html/search/functions_8.html
[2.992s] -- Up-to-date symlink: /home/billy/git/Robotics-Studio-2/install/onrobot_driver/include/onrobot_driver/Modbus/docs/html/search/functions_8.js
[2.992s] -- Up-to-date symlink: /home/billy/git/Robotics-Studio-2/install/onrobot_driver/include/onrobot_driver/Modbus/docs/html/search/functions_9.html
[2.992s] -- Up-to-date symlink: /home/billy/git/Robotics-Studio-2/install/onrobot_driver/include/onrobot_driver/Modbus/docs/html/search/functions_9.js
[2.992s] -- Up-to-date symlink: /home/billy/git/Robotics-Studio-2/install/onrobot_driver/include/onrobot_driver/Modbus/docs/html/search/functions_a.js
[2.992s] -- Up-to-date symlink: /home/billy/git/Robotics-Studio-2/install/onrobot_driver/include/onrobot_driver/Modbus/docs/html/search/mag.svg
[2.993s] -- Up-to-date symlink: /home/billy/git/Robotics-Studio-2/install/onrobot_driver/include/onrobot_driver/Modbus/docs/html/search/mag_d.svg
[2.993s] -- Up-to-date symlink: /home/billy/git/Robotics-Studio-2/install/onrobot_driver/include/onrobot_driver/Modbus/docs/html/search/mag_sel.svg
[2.993s] -- Up-to-date symlink: /home/billy/git/Robotics-Studio-2/install/onrobot_driver/include/onrobot_driver/Modbus/docs/html/search/mag_seld.svg
[2.993s] -- Up-to-date symlink: /home/billy/git/Robotics-Studio-2/install/onrobot_driver/include/onrobot_driver/Modbus/docs/html/search/namespaces_0.html
[2.993s] -- Up-to-date symlink: /home/billy/git/Robotics-Studio-2/install/onrobot_driver/include/onrobot_driver/Modbus/docs/html/search/namespaces_0.js
[2.994s] -- Up-to-date symlink: /home/billy/git/Robotics-Studio-2/install/onrobot_driver/include/onrobot_driver/Modbus/docs/html/search/nomatches.html
[2.994s] -- Up-to-date symlink: /home/billy/git/Robotics-Studio-2/install/onrobot_driver/include/onrobot_driver/Modbus/docs/html/search/pages_0.js
[2.994s] -- Up-to-date symlink: /home/billy/git/Robotics-Studio-2/install/onrobot_driver/include/onrobot_driver/Modbus/docs/html/search/pages_1.js
[2.994s] -- Up-to-date symlink: /home/billy/git/Robotics-Studio-2/install/onrobot_driver/include/onrobot_driver/Modbus/docs/html/search/pages_2.js
[2.994s] -- Up-to-date symlink: /home/billy/git/Robotics-Studio-2/install/onrobot_driver/include/onrobot_driver/Modbus/docs/html/search/pages_3.js
[2.995s] -- Up-to-date symlink: /home/billy/git/Robotics-Studio-2/install/onrobot_driver/include/onrobot_driver/Modbus/docs/html/search/search.css
[2.995s] -- Up-to-date symlink: /home/billy/git/Robotics-Studio-2/install/onrobot_driver/include/onrobot_driver/Modbus/docs/html/search/search.js
[2.995s] -- Up-to-date symlink: /home/billy/git/Robotics-Studio-2/install/onrobot_driver/include/onrobot_driver/Modbus/docs/html/search/search_l.png
[2.995s] -- Up-to-date symlink: /home/billy/git/Robotics-Studio-2/install/onrobot_driver/include/onrobot_driver/Modbus/docs/html/search/search_m.png
[2.995s] -- Up-to-date symlink: /home/billy/git/Robotics-Studio-2/install/onrobot_driver/include/onrobot_driver/Modbus/docs/html/search/search_r.png
[2.996s] -- Up-to-date symlink: /home/billy/git/Robotics-Studio-2/install/onrobot_driver/include/onrobot_driver/Modbus/docs/html/search/searchdata.js
[2.996s] -- Up-to-date symlink: /home/billy/git/Robotics-Studio-2/install/onrobot_driver/include/onrobot_driver/Modbus/docs/html/server_8hpp_source.html
[2.996s] -- Up-to-date symlink: /home/billy/git/Robotics-Studio-2/install/onrobot_driver/include/onrobot_driver/Modbus/docs/html/splitbar.png
[2.996s] -- Up-to-date symlink: /home/billy/git/Robotics-Studio-2/install/onrobot_driver/include/onrobot_driver/Modbus/docs/html/splitbard.png
[2.996s] -- Up-to-date symlink: /home/billy/git/Robotics-Studio-2/install/onrobot_driver/include/onrobot_driver/Modbus/docs/html/sync_off.png
[2.997s] -- Up-to-date symlink: /home/billy/git/Robotics-Studio-2/install/onrobot_driver/include/onrobot_driver/Modbus/docs/html/sync_on.png
[2.997s] -- Up-to-date symlink: /home/billy/git/Robotics-Studio-2/install/onrobot_driver/include/onrobot_driver/Modbus/docs/html/tab_a.png
[2.997s] -- Up-to-date symlink: /home/billy/git/Robotics-Studio-2/install/onrobot_driver/include/onrobot_driver/Modbus/docs/html/tab_ad.png
[2.997s] -- Up-to-date symlink: /home/billy/git/Robotics-Studio-2/install/onrobot_driver/include/onrobot_driver/Modbus/docs/html/tab_b.png
[2.998s] -- Up-to-date symlink: /home/billy/git/Robotics-Studio-2/install/onrobot_driver/include/onrobot_driver/Modbus/docs/html/tab_bd.png
[2.998s] -- Up-to-date symlink: /home/billy/git/Robotics-Studio-2/install/onrobot_driver/include/onrobot_driver/Modbus/docs/html/tab_h.png
[2.998s] -- Up-to-date symlink: /home/billy/git/Robotics-Studio-2/install/onrobot_driver/include/onrobot_driver/Modbus/docs/html/tab_hd.png
[2.998s] -- Up-to-date symlink: /home/billy/git/Robotics-Studio-2/install/onrobot_driver/include/onrobot_driver/Modbus/docs/html/tab_s.png
[2.998s] -- Up-to-date symlink: /home/billy/git/Robotics-Studio-2/install/onrobot_driver/include/onrobot_driver/Modbus/docs/html/tab_sd.png
[2.999s] -- Up-to-date symlink: /home/billy/git/Robotics-Studio-2/install/onrobot_driver/include/onrobot_driver/Modbus/docs/html/tabs.css
[2.999s] -- Up-to-date symlink: /home/billy/git/Robotics-Studio-2/install/onrobot_driver/include/onrobot_driver/Modbus/example/main.cpp
[2.999s] -- Up-to-date symlink: /home/billy/git/Robotics-Studio-2/install/onrobot_driver/include/onrobot_driver/Modbus/include/MB/Serial/connection.hpp
[2.999s] -- Up-to-date symlink: /home/billy/git/Robotics-Studio-2/install/onrobot_driver/include/onrobot_driver/Modbus/include/MB/TCP/connection.hpp
[3.000s] -- Up-to-date symlink: /home/billy/git/Robotics-Studio-2/install/onrobot_driver/include/onrobot_driver/Modbus/include/MB/TCP/server.hpp
[3.000s] -- Up-to-date symlink: /home/billy/git/Robotics-Studio-2/install/onrobot_driver/include/onrobot_driver/Modbus/include/MB/crc.hpp
[3.000s] -- Up-to-date symlink: /home/billy/git/Robotics-Studio-2/install/onrobot_driver/include/onrobot_driver/Modbus/include/MB/modbusCell.hpp
[3.000s] -- Up-to-date symlink: /home/billy/git/Robotics-Studio-2/install/onrobot_driver/include/onrobot_driver/Modbus/include/MB/modbusException.hpp
[3.001s] -- Up-to-date symlink: /home/billy/git/Robotics-Studio-2/install/onrobot_driver/include/onrobot_driver/Modbus/include/MB/modbusRequest.hpp
[3.001s] -- Up-to-date symlink: /home/billy/git/Robotics-Studio-2/install/onrobot_driver/include/onrobot_driver/Modbus/include/MB/modbusResponse.hpp
[3.001s] -- Up-to-date symlink: /home/billy/git/Robotics-Studio-2/install/onrobot_driver/include/onrobot_driver/Modbus/include/MB/modbusUtils.hpp
[3.001s] -- Up-to-date symlink: /home/billy/git/Robotics-Studio-2/install/onrobot_driver/include/onrobot_driver/Modbus/reformat-all.sh
[3.001s] -- Up-to-date symlink: /home/billy/git/Robotics-Studio-2/install/onrobot_driver/include/onrobot_driver/Modbus/shell.nix
[3.002s] -- Up-to-date symlink: /home/billy/git/Robotics-Studio-2/install/onrobot_driver/include/onrobot_driver/Modbus/src/CMakeLists.txt
[3.002s] -- Up-to-date symlink: /home/billy/git/Robotics-Studio-2/install/onrobot_driver/include/onrobot_driver/Modbus/src/Serial/CMakeLists.txt
[3.002s] -- Up-to-date symlink: /home/billy/git/Robotics-Studio-2/install/onrobot_driver/include/onrobot_driver/Modbus/src/Serial/connection.cpp
[3.002s] -- Up-to-date symlink: /home/billy/git/Robotics-Studio-2/install/onrobot_driver/include/onrobot_driver/Modbus/src/TCP/CMakeLists.txt
[3.003s] -- Up-to-date symlink: /home/billy/git/Robotics-Studio-2/install/onrobot_driver/include/onrobot_driver/Modbus/src/TCP/connection.cpp
[3.003s] -- Up-to-date symlink: /home/billy/git/Robotics-Studio-2/install/onrobot_driver/include/onrobot_driver/Modbus/src/TCP/server.cpp
[3.003s] -- Up-to-date symlink: /home/billy/git/Robotics-Studio-2/install/onrobot_driver/include/onrobot_driver/Modbus/src/crc.cpp
[3.003s] -- Up-to-date symlink: /home/billy/git/Robotics-Studio-2/install/onrobot_driver/include/onrobot_driver/Modbus/src/modbusException.cpp
[3.004s] -- Up-to-date symlink: /home/billy/git/Robotics-Studio-2/install/onrobot_driver/include/onrobot_driver/Modbus/src/modbusRequest.cpp
[3.004s] -- Up-to-date symlink: /home/billy/git/Robotics-Studio-2/install/onrobot_driver/include/onrobot_driver/Modbus/src/modbusResponse.cpp
[3.004s] -- Up-to-date symlink: /home/billy/git/Robotics-Studio-2/install/onrobot_driver/include/onrobot_driver/Modbus/tests/CMakeLists.txt
[3.004s] -- Up-to-date symlink: /home/billy/git/Robotics-Studio-2/install/onrobot_driver/include/onrobot_driver/Modbus/tests/MB/ModbusCellTests.cpp
[3.005s] -- Up-to-date symlink: /home/billy/git/Robotics-Studio-2/install/onrobot_driver/include/onrobot_driver/Modbus/tests/MB/ModbusExceptionTests.cpp
[3.005s] -- Up-to-date symlink: /home/billy/git/Robotics-Studio-2/install/onrobot_driver/include/onrobot_driver/Modbus/tests/MB/ModbusFunctionalTests.cpp
[3.005s] -- Up-to-date symlink: /home/billy/git/Robotics-Studio-2/install/onrobot_driver/include/onrobot_driver/Modbus/tests/MB/ModbusRequestTests.cpp
[3.005s] -- Up-to-date symlink: /home/billy/git/Robotics-Studio-2/install/onrobot_driver/include/onrobot_driver/Modbus/tests/MB/ModbusResponseTests.cpp
[3.006s] -- Up-to-date symlink: /home/billy/git/Robotics-Studio-2/install/onrobot_driver/include/onrobot_driver/Modbus/tests/main.cpp
[3.006s] -- Up-to-date symlink: /home/billy/git/Robotics-Studio-2/install/onrobot_driver/include/onrobot_driver/RG.hpp
[3.006s] -- Up-to-date symlink: /home/billy/git/Robotics-Studio-2/install/onrobot_driver/include/onrobot_driver/SerialConnectionWrapper.hpp
[3.006s] -- Up-to-date symlink: /home/billy/git/Robotics-Studio-2/install/onrobot_driver/include/onrobot_driver/TCPConnectionWrapper.hpp
[3.006s] -- Up-to-date symlink: /home/billy/git/Robotics-Studio-2/install/onrobot_driver/include/onrobot_driver/rg_hardware_interface.hpp
[3.008s] -- Symlinking: /home/billy/git/Robotics-Studio-2/install/onrobot_driver/share/onrobot_driver/launch/onrobot_control.launch.py
[3.021s] -- Symlinking: /home/billy/git/Robotics-Studio-2/install/onrobot_driver/share/onrobot_driver/config/rg_controllers.yaml
[3.034s] -- Symlinking: /home/billy/git/Robotics-Studio-2/install/onrobot_driver/share/ament_index/resource_index/package_run_dependencies/onrobot_driver
[3.047s] -- Symlinking: /home/billy/git/Robotics-Studio-2/install/onrobot_driver/share/ament_index/resource_index/parent_prefix_path/onrobot_driver
[3.059s] -- Symlinking: /home/billy/git/Robotics-Studio-2/install/onrobot_driver/share/onrobot_driver/environment/ament_prefix_path.sh
[3.070s] -- Symlinking: /home/billy/git/Robotics-Studio-2/install/onrobot_driver/share/onrobot_driver/environment/ament_prefix_path.dsv
[3.082s] -- Symlinking: /home/billy/git/Robotics-Studio-2/install/onrobot_driver/share/onrobot_driver/environment/path.sh
[3.094s] -- Symlinking: /home/billy/git/Robotics-Studio-2/install/onrobot_driver/share/onrobot_driver/environment/path.dsv
[3.105s] -- Symlinking: /home/billy/git/Robotics-Studio-2/install/onrobot_driver/share/onrobot_driver/local_setup.bash
[3.116s] -- Symlinking: /home/billy/git/Robotics-Studio-2/install/onrobot_driver/share/onrobot_driver/local_setup.sh
[3.128s] -- Symlinking: /home/billy/git/Robotics-Studio-2/install/onrobot_driver/share/onrobot_driver/local_setup.zsh
[3.140s] -- Symlinking: /home/billy/git/Robotics-Studio-2/install/onrobot_driver/share/onrobot_driver/local_setup.dsv
[3.151s] -- Symlinking: /home/billy/git/Robotics-Studio-2/install/onrobot_driver/share/onrobot_driver/package.dsv
[3.162s] -- Symlinking: /home/billy/git/Robotics-Studio-2/install/onrobot_driver/share/ament_index/resource_index/packages/onrobot_driver
[3.174s] -- Symlinking: /home/billy/git/Robotics-Studio-2/install/onrobot_driver/share/ament_index/resource_index/hardware_interface__pluginlib__plugin/onrobot_driver
[3.186s] -- Symlinking: /home/billy/git/Robotics-Studio-2/install/onrobot_driver/share/onrobot_driver/cmake/ament_cmake_export_include_directories-extras.cmake
[3.199s] -- Symlinking: /home/billy/git/Robotics-Studio-2/install/onrobot_driver/share/onrobot_driver/cmake/ament_cmake_export_libraries-extras.cmake
[3.210s] -- Symlinking: /home/billy/git/Robotics-Studio-2/install/onrobot_driver/share/onrobot_driver/cmake/ament_cmake_export_dependencies-extras.cmake
[3.237s] -- Symlinking: /home/billy/git/Robotics-Studio-2/install/onrobot_driver/share/onrobot_driver/cmake/onrobot_driverConfig.cmake
[3.238s] -- Symlinking: /home/billy/git/Robotics-Studio-2/install/onrobot_driver/share/onrobot_driver/cmake/onrobot_driverConfig-version.cmake
[3.247s] -- Symlinking: /home/billy/git/Robotics-Studio-2/install/onrobot_driver/share/onrobot_driver/package.xml
[3.263s] Invoked command in '/home/billy/git/Robotics-Studio-2/build/onrobot_driver' returned '0': CMAKE_PREFIX_PATH=/home/billy/git/Robotics-Studio-2/install/onrobot_description:/home/billy/git/Robotics-Studio-2/install/ur_onrobot_moveit_config:/home/billy/git/Robotics-Studio-2/install/ur_onrobot_control:/home/billy/git/Robotics-Studio-2/install/ur_onrobot_description:/home/billy/git/Robotics-Studio-2/install/ur_gripper_demo:/home/billy/git/Robotics-Studio-2/install/ur_description_local:/home/billy/git/Robotics-Studio-2/install/ur3_demo_cpp:/home/billy/git/Robotics-Studio-2/install/moveit_task_constructor_visualization:/home/billy/git/Robotics-Studio-2/install/moveit_task_constructor_demo:/home/billy/git/Robotics-Studio-2/install/moveit_task_constructor_capabilities:/home/billy/git/Robotics-Studio-2/install/moveit_task_constructor_core:/home/billy/git/Robotics-Studio-2/install/rviz_marker_tools:/home/billy/git/Robotics-Studio-2/install/onrobot_driver:/home/billy/git/Robotics-Studio-2/install/object_msgs:/home/billy/git/Robotics-Studio-2/install/moveit_task_constructor_msgs:/opt/ros/humble /usr/bin/cmake --install /home/billy/git/Robotics-Studio-2/build/onrobot_driver
