[0.269s] Invoking command in '/home/billy/git/Robotics-Studio-2/build/ur_onrobot_moveit_config': CMAKE_PREFIX_PATH=/home/billy/git/Robotics-Studio-2/install/ur_onrobot_control:/home/billy/git/Robotics-Studio-2/install/ur_onrobot_description:/home/billy/git/Robotics-Studio-2/install/onrobot_driver:/home/billy/git/Robotics-Studio-2/install/onrobot_description:/home/billy/git/Robotics-Studio-2/install/ur_description_local:/home/billy/git/Robotics-Studio-2/install/ur_onrobot_moveit_config:/home/billy/git/Robotics-Studio-2/install/ur_gripper_demo:/home/billy/git/Robotics-Studio-2/install/ur3_demo_cpp:/home/billy/git/Robotics-Studio-2/install/object_msgs:/home/billy/install/object_msgs:/opt/ros/humble /usr/bin/cmake --build /home/billy/git/Robotics-Studio-2/build/ur_onrobot_moveit_config -- -j16 -l16
[0.421s] Built target ament_cmake_python_symlink_ur_onrobot_moveit_config
[0.922s] running egg_info
[0.924s] writing ur_onrobot_moveit_config.egg-info/PKG-INFO
[0.925s] writing dependency_links to ur_onrobot_moveit_config.egg-info/dependency_links.txt
[0.925s] writing top-level names to ur_onrobot_moveit_config.egg-info/top_level.txt
[0.931s] reading manifest file 'ur_onrobot_moveit_config.egg-info/SOURCES.txt'
[0.935s] writing manifest file 'ur_onrobot_moveit_config.egg-info/SOURCES.txt'
[1.014s] Built target ament_cmake_python_build_ur_onrobot_moveit_config_egg
[1.047s] Invoked command in '/home/billy/git/Robotics-Studio-2/build/ur_onrobot_moveit_config' returned '0': CMAKE_PREFIX_PATH=/home/billy/git/Robotics-Studio-2/install/ur_onrobot_control:/home/billy/git/Robotics-Studio-2/install/ur_onrobot_description:/home/billy/git/Robotics-Studio-2/install/onrobot_driver:/home/billy/git/Robotics-Studio-2/install/onrobot_description:/home/billy/git/Robotics-Studio-2/install/ur_description_local:/home/billy/git/Robotics-Studio-2/install/ur_onrobot_moveit_config:/home/billy/git/Robotics-Studio-2/install/ur_gripper_demo:/home/billy/git/Robotics-Studio-2/install/ur3_demo_cpp:/home/billy/git/Robotics-Studio-2/install/object_msgs:/home/billy/install/object_msgs:/opt/ros/humble /usr/bin/cmake --build /home/billy/git/Robotics-Studio-2/build/ur_onrobot_moveit_config -- -j16 -l16
[1.050s] Invoking command in '/home/billy/git/Robotics-Studio-2/build/ur_onrobot_moveit_config': CMAKE_PREFIX_PATH=/home/billy/git/Robotics-Studio-2/install/ur_onrobot_control:/home/billy/git/Robotics-Studio-2/install/ur_onrobot_description:/home/billy/git/Robotics-Studio-2/install/onrobot_driver:/home/billy/git/Robotics-Studio-2/install/onrobot_description:/home/billy/git/Robotics-Studio-2/install/ur_description_local:/home/billy/git/Robotics-Studio-2/install/ur_onrobot_moveit_config:/home/billy/git/Robotics-Studio-2/install/ur_gripper_demo:/home/billy/git/Robotics-Studio-2/install/ur3_demo_cpp:/home/billy/git/Robotics-Studio-2/install/object_msgs:/home/billy/install/object_msgs:/opt/ros/humble /usr/bin/cmake --install /home/billy/git/Robotics-Studio-2/build/ur_onrobot_moveit_config
[1.071s] -- Install configuration: ""
[1.072s] -- Execute custom install script
[1.073s] -- Up-to-date symlink: /home/billy/git/Robotics-Studio-2/install/ur_onrobot_moveit_config/share/ur_onrobot_moveit_config/config/controllers.yaml
[1.074s] -- Up-to-date symlink: /home/billy/git/Robotics-Studio-2/install/ur_onrobot_moveit_config/share/ur_onrobot_moveit_config/config/joint_limits.yaml
[1.074s] -- Up-to-date symlink: /home/billy/git/Robotics-Studio-2/install/ur_onrobot_moveit_config/share/ur_onrobot_moveit_config/config/kinematics.yaml
[1.074s] -- Up-to-date symlink: /home/billy/git/Robotics-Studio-2/install/ur_onrobot_moveit_config/share/ur_onrobot_moveit_config/config/ompl_planning.yaml
[1.074s] -- Up-to-date symlink: /home/billy/git/Robotics-Studio-2/install/ur_onrobot_moveit_config/share/ur_onrobot_moveit_config/config/ur_onrobot_servo.yaml
[1.075s] -- Up-to-date symlink: /home/billy/git/Robotics-Studio-2/install/ur_onrobot_moveit_config/share/ur_onrobot_moveit_config/launch/ur_onrobot_moveit.launch.py
[1.076s] -- Up-to-date symlink: /home/billy/git/Robotics-Studio-2/install/ur_onrobot_moveit_config/share/ur_onrobot_moveit_config/rviz/view_robot.rviz
[1.076s] -- Up-to-date symlink: /home/billy/git/Robotics-Studio-2/install/ur_onrobot_moveit_config/share/ur_onrobot_moveit_config/srdf/ur_onrobot.srdf.xacro
[1.076s] -- Up-to-date symlink: /home/billy/git/Robotics-Studio-2/install/ur_onrobot_moveit_config/share/ur_onrobot_moveit_config/srdf/ur_onrobot_macro.srdf.xacro
[1.077s] -- Up-to-date symlink: /home/billy/git/Robotics-Studio-2/install/ur_onrobot_moveit_config/share/ur_onrobot_moveit_config/environment/pythonpath.sh
[1.077s] -- Up-to-date symlink: /home/billy/git/Robotics-Studio-2/install/ur_onrobot_moveit_config/share/ur_onrobot_moveit_config/environment/pythonpath.dsv
[1.078s] -- Up-to-date symlink: /home/billy/git/Robotics-Studio-2/install/ur_onrobot_moveit_config/local/lib/python3.10/dist-packages/ur_onrobot_moveit_config-0.0.1-py3.10.egg-info/PKG-INFO
[1.078s] -- Up-to-date symlink: /home/billy/git/Robotics-Studio-2/install/ur_onrobot_moveit_config/local/lib/python3.10/dist-packages/ur_onrobot_moveit_config-0.0.1-py3.10.egg-info/SOURCES.txt
[1.079s] -- Up-to-date symlink: /home/billy/git/Robotics-Studio-2/install/ur_onrobot_moveit_config/local/lib/python3.10/dist-packages/ur_onrobot_moveit_config-0.0.1-py3.10.egg-info/dependency_links.txt
[1.079s] -- Up-to-date symlink: /home/billy/git/Robotics-Studio-2/install/ur_onrobot_moveit_config/local/lib/python3.10/dist-packages/ur_onrobot_moveit_config-0.0.1-py3.10.egg-info/top_level.txt
[1.080s] -- Up-to-date symlink: /home/billy/git/Robotics-Studio-2/install/ur_onrobot_moveit_config/local/lib/python3.10/dist-packages/ur_onrobot_moveit_config/__init__.py
[1.080s] -- Up-to-date symlink: /home/billy/git/Robotics-Studio-2/install/ur_onrobot_moveit_config/local/lib/python3.10/dist-packages/ur_onrobot_moveit_config/launch_common.py
[1.081s] -- Up-to-date symlink: /home/billy/git/Robotics-Studio-2/install/ur_onrobot_moveit_config/local/lib/python3.10/dist-packages/launch_common.py
[1.082s] -- Up-to-date symlink: /home/billy/git/Robotics-Studio-2/install/ur_onrobot_moveit_config/share/ament_index/resource_index/package_run_dependencies/ur_onrobot_moveit_config
[1.082s] -- Up-to-date symlink: /home/billy/git/Robotics-Studio-2/install/ur_onrobot_moveit_config/share/ament_index/resource_index/parent_prefix_path/ur_onrobot_moveit_config
[1.083s] -- Up-to-date symlink: /home/billy/git/Robotics-Studio-2/install/ur_onrobot_moveit_config/share/ur_onrobot_moveit_config/environment/ament_prefix_path.sh
[1.083s] -- Up-to-date symlink: /home/billy/git/Robotics-Studio-2/install/ur_onrobot_moveit_config/share/ur_onrobot_moveit_config/environment/ament_prefix_path.dsv
[1.084s] -- Up-to-date symlink: /home/billy/git/Robotics-Studio-2/install/ur_onrobot_moveit_config/share/ur_onrobot_moveit_config/environment/path.sh
[1.084s] -- Up-to-date symlink: /home/billy/git/Robotics-Studio-2/install/ur_onrobot_moveit_config/share/ur_onrobot_moveit_config/environment/path.dsv
[1.085s] -- Up-to-date symlink: /home/billy/git/Robotics-Studio-2/install/ur_onrobot_moveit_config/share/ur_onrobot_moveit_config/local_setup.bash
[1.086s] -- Up-to-date symlink: /home/billy/git/Robotics-Studio-2/install/ur_onrobot_moveit_config/share/ur_onrobot_moveit_config/local_setup.sh
[1.086s] -- Up-to-date symlink: /home/billy/git/Robotics-Studio-2/install/ur_onrobot_moveit_config/share/ur_onrobot_moveit_config/local_setup.zsh
[1.087s] -- Up-to-date symlink: /home/billy/git/Robotics-Studio-2/install/ur_onrobot_moveit_config/share/ur_onrobot_moveit_config/local_setup.dsv
[1.087s] -- Symlinking: /home/billy/git/Robotics-Studio-2/install/ur_onrobot_moveit_config/share/ur_onrobot_moveit_config/package.dsv
[1.115s] -- Up-to-date symlink: /home/billy/git/Robotics-Studio-2/install/ur_onrobot_moveit_config/share/ament_index/resource_index/packages/ur_onrobot_moveit_config
[1.116s] -- Up-to-date symlink: /home/billy/git/Robotics-Studio-2/install/ur_onrobot_moveit_config/share/ur_onrobot_moveit_config/cmake/ur_onrobot_moveit_configConfig.cmake
[1.116s] -- Up-to-date symlink: /home/billy/git/Robotics-Studio-2/install/ur_onrobot_moveit_config/share/ur_onrobot_moveit_config/cmake/ur_onrobot_moveit_configConfig-version.cmake
[1.117s] -- Up-to-date symlink: /home/billy/git/Robotics-Studio-2/install/ur_onrobot_moveit_config/share/ur_onrobot_moveit_config/package.xml
[1.184s] Listing '/home/billy/git/Robotics-Studio-2/install/ur_onrobot_moveit_config/local/lib/python3.10/dist-packages/ur_onrobot_moveit_config'...
[1.286s] Invoked command in '/home/billy/git/Robotics-Studio-2/build/ur_onrobot_moveit_config' returned '0': CMAKE_PREFIX_PATH=/home/billy/git/Robotics-Studio-2/install/ur_onrobot_control:/home/billy/git/Robotics-Studio-2/install/ur_onrobot_description:/home/billy/git/Robotics-Studio-2/install/onrobot_driver:/home/billy/git/Robotics-Studio-2/install/onrobot_description:/home/billy/git/Robotics-Studio-2/install/ur_description_local:/home/billy/git/Robotics-Studio-2/install/ur_onrobot_moveit_config:/home/billy/git/Robotics-Studio-2/install/ur_gripper_demo:/home/billy/git/Robotics-Studio-2/install/ur3_demo_cpp:/home/billy/git/Robotics-Studio-2/install/object_msgs:/home/billy/install/object_msgs:/opt/ros/humble /usr/bin/cmake --install /home/billy/git/Robotics-Studio-2/build/ur_onrobot_moveit_config
