[35m[1mConsolidate compiler generated dependencies of target gripper_pick_place[0m
[  0%] Built target ament_cmake_python_symlink_ur_gripper_demo
[ 50%] Built target gripper_demo_node
[ 75%] [32mBuilding CXX object CMakeFiles/gripper_pick_place.dir/src/pick_n_place_try2_1.cpp.o[0m
running egg_info
writing ur_gripper_demo.egg-info/PKG-INFO
writing dependency_links to ur_gripper_demo.egg-info/dependency_links.txt
writing top-level names to ur_gripper_demo.egg-info/top_level.txt
reading manifest file 'ur_gripper_demo.egg-info/SOURCES.txt'
writing manifest file 'ur_gripper_demo.egg-info/SOURCES.txt'
[ 75%] Built target ament_cmake_python_build_ur_gripper_demo_egg
[01m[K/home/billy/git/Robotics-Studio-2/src/ur_gripper_demo/src/pick_n_place_try2_1.cpp:[m[K In function ‘[01m[Kvoid sendToGUI(const string&)[m[K’:
[01m[K/home/billy/git/Robotics-Studio-2/src/ur_gripper_demo/src/pick_n_place_try2_1.cpp:1250:1:[m[K [01;31m[Kerror: [m[Ka function-definition is not allowed here before ‘[01m[K{[m[K’ token
 1250 | [01;31m[K{[m[K
      | [01;31m[K^[m[K
[01m[K/home/billy/git/Robotics-Studio-2/src/ur_gripper_demo/src/pick_n_place_try2_1.cpp:1409:2:[m[K [01;31m[Kerror: [m[Kexpected ‘[01m[K}[m[K’ at end of input
 1409 | }
      |  [01;31m[K^[m[K
[01m[K/home/billy/git/Robotics-Studio-2/src/ur_gripper_demo/src/pick_n_place_try2_1.cpp:1242:39:[m[K [01;36m[Knote: [m[Kto match this ‘[01m[K{[m[K’
 1242 | void sendToGUI(const std::string& msg)[01;36m[K{[m[K
      |                                       [01;36m[K^[m[K
gmake[2]: *** [CMakeFiles/gripper_pick_place.dir/build.make:76: CMakeFiles/gripper_pick_place.dir/src/pick_n_place_try2_1.cpp.o] Error 1
gmake[1]: *** [CMakeFiles/Makefile2:220: CMakeFiles/gripper_pick_place.dir/all] Error 2
gmake: *** [Makefile:146: all] Error 2
