[0.271s] DEBUG:colcon:Command line arguments: ['/usr/bin/colcon', 'build', '--symlink-install', '--cmake-args', '-DCMAKE_EXPORT_COMPILE_COMMANDS=ON']
[0.271s] DEBUG:colcon:Parsed command line arguments: Namespace(log_base=None, log_level=None, verb_name='build', build_base='build', install_base='install', merge_install=False, symlink_install=True, test_result_base=None, continue_on_error=False, executor='parallel', parallel_workers=16, event_handlers=None, ignore_user_meta=False, metas=['./colcon.meta'], base_paths=['.'], packages_ignore=None, packages_ignore_regex=None, paths=None, packages_up_to=None, packages_up_to_regex=None, packages_above=None, packages_above_and_dependencies=None, packages_above_depth=None, packages_select_by_dep=None, packages_skip_by_dep=None, packages_skip_up_to=None, packages_select_build_failed=False, packages_skip_build_finished=False, packages_select_test_failures=False, packages_skip_test_passed=False, packages_select=None, packages_skip=None, packages_select_regex=None, packages_skip_regex=None, packages_start=None, packages_end=None, allow_overriding=[], cmake_args=['-DCMAKE_EXPORT_COMPILE_COMMANDS=ON'], cmake_target=None, cmake_target_skip_unavailable=False, cmake_clean_cache=False, cmake_clean_first=False, cmake_force_configure=False, ament_cmake_args=None, catkin_cmake_args=None, catkin_skip_building_tests=False, mixin_files=None, mixin=None, verb_parser=<colcon_mixin.mixin.mixin_argument.MixinArgumentDecorator object at 0x7e74ae356aa0>, verb_extension=<colcon_core.verb.build.BuildVerb object at 0x7e74ae318250>, main=<bound method BuildVerb.main of <colcon_core.verb.build.BuildVerb object at 0x7e74ae318250>>, mixin_verb=('build',))
[0.530s] Level 1:colcon.colcon_core.package_discovery:discover_packages(colcon_meta) check parameters
[0.530s] Level 1:colcon.colcon_core.package_discovery:discover_packages(recursive) check parameters
[0.530s] Level 1:colcon.colcon_core.package_discovery:discover_packages(ignore) check parameters
[0.530s] Level 1:colcon.colcon_core.package_discovery:discover_packages(path) check parameters
[0.530s] Level 1:colcon.colcon_core.package_discovery:discover_packages(colcon_meta) discover
[0.530s] Level 1:colcon.colcon_core.package_discovery:discover_packages(recursive) discover
[0.530s] INFO:colcon.colcon_core.package_discovery:Crawling recursively for packages in '/home/billy/git/Robotics-Studio-2'
[0.530s] Level 1:colcon.colcon_core.package_identification:_identify(.) by extensions ['ignore', 'ignore_ament_install']
[0.530s] Level 1:colcon.colcon_core.package_identification:_identify(.) by extension 'ignore'
[0.531s] Level 1:colcon.colcon_core.package_identification:_identify(.) by extension 'ignore_ament_install'
[0.531s] Level 1:colcon.colcon_core.package_identification:_identify(.) by extensions ['colcon_pkg']
[0.531s] Level 1:colcon.colcon_core.package_identification:_identify(.) by extension 'colcon_pkg'
[0.531s] Level 1:colcon.colcon_core.package_identification:_identify(.) by extensions ['colcon_meta']
[0.531s] Level 1:colcon.colcon_core.package_identification:_identify(.) by extension 'colcon_meta'
[0.531s] Level 1:colcon.colcon_core.package_identification:_identify(.) by extensions ['ros']
[0.531s] Level 1:colcon.colcon_core.package_identification:_identify(.) by extension 'ros'
[0.545s] Level 1:colcon.colcon_core.package_identification:_identify(.) by extensions ['cmake', 'python']
[0.545s] Level 1:colcon.colcon_core.package_identification:_identify(.) by extension 'cmake'
[0.545s] Level 1:colcon.colcon_core.package_identification:_identify(.) by extension 'python'
[0.546s] Level 1:colcon.colcon_core.package_identification:_identify(.) by extensions ['python_setup_py']
[0.546s] Level 1:colcon.colcon_core.package_identification:_identify(.) by extension 'python_setup_py'
[0.546s] Level 1:colcon.colcon_core.package_identification:_identify(build) by extensions ['ignore', 'ignore_ament_install']
[0.546s] Level 1:colcon.colcon_core.package_identification:_identify(build) by extension 'ignore'
[0.546s] Level 1:colcon.colcon_core.package_identification:_identify(build) ignored
[0.546s] Level 1:colcon.colcon_core.package_identification:_identify(install) by extensions ['ignore', 'ignore_ament_install']
[0.546s] Level 1:colcon.colcon_core.package_identification:_identify(install) by extension 'ignore'
[0.547s] Level 1:colcon.colcon_core.package_identification:_identify(install) ignored
[0.547s] Level 1:colcon.colcon_core.package_identification:_identify(log) by extensions ['ignore', 'ignore_ament_install']
[0.547s] Level 1:colcon.colcon_core.package_identification:_identify(log) by extension 'ignore'
[0.547s] Level 1:colcon.colcon_core.package_identification:_identify(log) ignored
[0.547s] Level 1:colcon.colcon_core.package_identification:_identify(src) by extensions ['ignore', 'ignore_ament_install']
[0.547s] Level 1:colcon.colcon_core.package_identification:_identify(src) by extension 'ignore'
[0.547s] Level 1:colcon.colcon_core.package_identification:_identify(src) by extension 'ignore_ament_install'
[0.547s] Level 1:colcon.colcon_core.package_identification:_identify(src) by extensions ['colcon_pkg']
[0.548s] Level 1:colcon.colcon_core.package_identification:_identify(src) by extension 'colcon_pkg'
[0.548s] Level 1:colcon.colcon_core.package_identification:_identify(src) by extensions ['colcon_meta']
[0.548s] Level 1:colcon.colcon_core.package_identification:_identify(src) by extension 'colcon_meta'
[0.548s] Level 1:colcon.colcon_core.package_identification:_identify(src) by extensions ['ros']
[0.548s] Level 1:colcon.colcon_core.package_identification:_identify(src) by extension 'ros'
[0.548s] Level 1:colcon.colcon_core.package_identification:_identify(src) by extensions ['cmake', 'python']
[0.548s] Level 1:colcon.colcon_core.package_identification:_identify(src) by extension 'cmake'
[0.548s] Level 1:colcon.colcon_core.package_identification:_identify(src) by extension 'python'
[0.548s] Level 1:colcon.colcon_core.package_identification:_identify(src) by extensions ['python_setup_py']
[0.548s] Level 1:colcon.colcon_core.package_identification:_identify(src) by extension 'python_setup_py'
[0.548s] Level 1:colcon.colcon_core.package_identification:_identify(src/object_msgs) by extensions ['ignore', 'ignore_ament_install']
[0.549s] Level 1:colcon.colcon_core.package_identification:_identify(src/object_msgs) by extension 'ignore'
[0.549s] Level 1:colcon.colcon_core.package_identification:_identify(src/object_msgs) by extension 'ignore_ament_install'
[0.549s] Level 1:colcon.colcon_core.package_identification:_identify(src/object_msgs) by extensions ['colcon_pkg']
[0.549s] Level 1:colcon.colcon_core.package_identification:_identify(src/object_msgs) by extension 'colcon_pkg'
[0.549s] Level 1:colcon.colcon_core.package_identification:_identify(src/object_msgs) by extensions ['colcon_meta']
[0.549s] Level 1:colcon.colcon_core.package_identification:_identify(src/object_msgs) by extension 'colcon_meta'
[0.549s] Level 1:colcon.colcon_core.package_identification:_identify(src/object_msgs) by extensions ['ros']
[0.549s] Level 1:colcon.colcon_core.package_identification:_identify(src/object_msgs) by extension 'ros'
[0.554s] DEBUG:colcon.colcon_core.package_identification:Package 'src/object_msgs' with type 'ros.ament_cmake' and name 'object_msgs'
[0.554s] Level 1:colcon.colcon_core.package_identification:_identify(src/onrobot_description) by extensions ['ignore', 'ignore_ament_install']
[0.554s] Level 1:colcon.colcon_core.package_identification:_identify(src/onrobot_description) by extension 'ignore'
[0.554s] Level 1:colcon.colcon_core.package_identification:_identify(src/onrobot_description) by extension 'ignore_ament_install'
[0.554s] Level 1:colcon.colcon_core.package_identification:_identify(src/onrobot_description) by extensions ['colcon_pkg']
[0.554s] Level 1:colcon.colcon_core.package_identification:_identify(src/onrobot_description) by extension 'colcon_pkg'
[0.554s] Level 1:colcon.colcon_core.package_identification:_identify(src/onrobot_description) by extensions ['colcon_meta']
[0.555s] Level 1:colcon.colcon_core.package_identification:_identify(src/onrobot_description) by extension 'colcon_meta'
[0.555s] Level 1:colcon.colcon_core.package_identification:_identify(src/onrobot_description) by extensions ['ros']
[0.555s] Level 1:colcon.colcon_core.package_identification:_identify(src/onrobot_description) by extension 'ros'
[0.556s] DEBUG:colcon.colcon_core.package_identification:Package 'src/onrobot_description' with type 'ros.ament_cmake' and name 'onrobot_description'
[0.556s] Level 1:colcon.colcon_core.package_identification:_identify(src/onrobot_driver) by extensions ['ignore', 'ignore_ament_install']
[0.556s] Level 1:colcon.colcon_core.package_identification:_identify(src/onrobot_driver) by extension 'ignore'
[0.557s] Level 1:colcon.colcon_core.package_identification:_identify(src/onrobot_driver) by extension 'ignore_ament_install'
[0.557s] Level 1:colcon.colcon_core.package_identification:_identify(src/onrobot_driver) by extensions ['colcon_pkg']
[0.557s] Level 1:colcon.colcon_core.package_identification:_identify(src/onrobot_driver) by extension 'colcon_pkg'
[0.557s] Level 1:colcon.colcon_core.package_identification:_identify(src/onrobot_driver) by extensions ['colcon_meta']
[0.557s] Level 1:colcon.colcon_core.package_identification:_identify(src/onrobot_driver) by extension 'colcon_meta'
[0.557s] Level 1:colcon.colcon_core.package_identification:_identify(src/onrobot_driver) by extensions ['ros']
[0.557s] Level 1:colcon.colcon_core.package_identification:_identify(src/onrobot_driver) by extension 'ros'
[0.560s] DEBUG:colcon.colcon_core.package_identification:Package 'src/onrobot_driver' with type 'ros.ament_cmake' and name 'onrobot_driver'
[0.560s] Level 1:colcon.colcon_core.package_identification:_identify(src/ur3_demo_cpp) by extensions ['ignore', 'ignore_ament_install']
[0.560s] Level 1:colcon.colcon_core.package_identification:_identify(src/ur3_demo_cpp) by extension 'ignore'
[0.560s] Level 1:colcon.colcon_core.package_identification:_identify(src/ur3_demo_cpp) by extension 'ignore_ament_install'
[0.560s] Level 1:colcon.colcon_core.package_identification:_identify(src/ur3_demo_cpp) by extensions ['colcon_pkg']
[0.560s] Level 1:colcon.colcon_core.package_identification:_identify(src/ur3_demo_cpp) by extension 'colcon_pkg'
[0.560s] Level 1:colcon.colcon_core.package_identification:_identify(src/ur3_demo_cpp) by extensions ['colcon_meta']
[0.561s] Level 1:colcon.colcon_core.package_identification:_identify(src/ur3_demo_cpp) by extension 'colcon_meta'
[0.561s] Level 1:colcon.colcon_core.package_identification:_identify(src/ur3_demo_cpp) by extensions ['ros']
[0.561s] Level 1:colcon.colcon_core.package_identification:_identify(src/ur3_demo_cpp) by extension 'ros'
[0.562s] DEBUG:colcon.colcon_core.package_identification:Package 'src/ur3_demo_cpp' with type 'ros.ament_cmake' and name 'ur3_demo_cpp'
[0.562s] Level 1:colcon.colcon_core.package_identification:_identify(src/ur_gripper_demo) by extensions ['ignore', 'ignore_ament_install']
[0.563s] Level 1:colcon.colcon_core.package_identification:_identify(src/ur_gripper_demo) by extension 'ignore'
[0.563s] Level 1:colcon.colcon_core.package_identification:_identify(src/ur_gripper_demo) by extension 'ignore_ament_install'
[0.563s] Level 1:colcon.colcon_core.package_identification:_identify(src/ur_gripper_demo) by extensions ['colcon_pkg']
[0.563s] Level 1:colcon.colcon_core.package_identification:_identify(src/ur_gripper_demo) by extension 'colcon_pkg'
[0.563s] Level 1:colcon.colcon_core.package_identification:_identify(src/ur_gripper_demo) by extensions ['colcon_meta']
[0.563s] Level 1:colcon.colcon_core.package_identification:_identify(src/ur_gripper_demo) by extension 'colcon_meta'
[0.563s] Level 1:colcon.colcon_core.package_identification:_identify(src/ur_gripper_demo) by extensions ['ros']
[0.563s] Level 1:colcon.colcon_core.package_identification:_identify(src/ur_gripper_demo) by extension 'ros'
[0.565s] DEBUG:colcon.colcon_core.package_identification:Package 'src/ur_gripper_demo' with type 'ros.ament_cmake' and name 'ur_gripper_demo'
[0.566s] Level 1:colcon.colcon_core.package_identification:_identify(src/ur_onrobot) by extensions ['ignore', 'ignore_ament_install']
[0.566s] Level 1:colcon.colcon_core.package_identification:_identify(src/ur_onrobot) by extension 'ignore'
[0.566s] Level 1:colcon.colcon_core.package_identification:_identify(src/ur_onrobot) by extension 'ignore_ament_install'
[0.566s] Level 1:colcon.colcon_core.package_identification:_identify(src/ur_onrobot) by extensions ['colcon_pkg']
[0.566s] Level 1:colcon.colcon_core.package_identification:_identify(src/ur_onrobot) by extension 'colcon_pkg'
[0.566s] Level 1:colcon.colcon_core.package_identification:_identify(src/ur_onrobot) by extensions ['colcon_meta']
[0.566s] Level 1:colcon.colcon_core.package_identification:_identify(src/ur_onrobot) by extension 'colcon_meta'
[0.566s] Level 1:colcon.colcon_core.package_identification:_identify(src/ur_onrobot) by extensions ['ros']
[0.566s] Level 1:colcon.colcon_core.package_identification:_identify(src/ur_onrobot) by extension 'ros'
[0.567s] Level 1:colcon.colcon_core.package_identification:_identify(src/ur_onrobot) by extensions ['cmake', 'python']
[0.567s] Level 1:colcon.colcon_core.package_identification:_identify(src/ur_onrobot) by extension 'cmake'
[0.567s] Level 1:colcon.colcon_core.package_identification:_identify(src/ur_onrobot) by extension 'python'
[0.567s] Level 1:colcon.colcon_core.package_identification:_identify(src/ur_onrobot) by extensions ['python_setup_py']
[0.567s] Level 1:colcon.colcon_core.package_identification:_identify(src/ur_onrobot) by extension 'python_setup_py'
[0.567s] Level 1:colcon.colcon_core.package_identification:_identify(src/ur_onrobot/doc) by extensions ['ignore', 'ignore_ament_install']
[0.567s] Level 1:colcon.colcon_core.package_identification:_identify(src/ur_onrobot/doc) by extension 'ignore'
[0.568s] Level 1:colcon.colcon_core.package_identification:_identify(src/ur_onrobot/doc) by extension 'ignore_ament_install'
[0.568s] Level 1:colcon.colcon_core.package_identification:_identify(src/ur_onrobot/doc) by extensions ['colcon_pkg']
[0.568s] Level 1:colcon.colcon_core.package_identification:_identify(src/ur_onrobot/doc) by extension 'colcon_pkg'
[0.568s] Level 1:colcon.colcon_core.package_identification:_identify(src/ur_onrobot/doc) by extensions ['colcon_meta']
[0.568s] Level 1:colcon.colcon_core.package_identification:_identify(src/ur_onrobot/doc) by extension 'colcon_meta'
[0.568s] Level 1:colcon.colcon_core.package_identification:_identify(src/ur_onrobot/doc) by extensions ['ros']
[0.568s] Level 1:colcon.colcon_core.package_identification:_identify(src/ur_onrobot/doc) by extension 'ros'
[0.568s] Level 1:colcon.colcon_core.package_identification:_identify(src/ur_onrobot/doc) by extensions ['cmake', 'python']
[0.568s] Level 1:colcon.colcon_core.package_identification:_identify(src/ur_onrobot/doc) by extension 'cmake'
[0.569s] Level 1:colcon.colcon_core.package_identification:_identify(src/ur_onrobot/doc) by extension 'python'
[0.569s] Level 1:colcon.colcon_core.package_identification:_identify(src/ur_onrobot/doc) by extensions ['python_setup_py']
[0.569s] Level 1:colcon.colcon_core.package_identification:_identify(src/ur_onrobot/doc) by extension 'python_setup_py'
[0.569s] Level 1:colcon.colcon_core.package_identification:_identify(src/ur_onrobot/doc/images) by extensions ['ignore', 'ignore_ament_install']
[0.569s] Level 1:colcon.colcon_core.package_identification:_identify(src/ur_onrobot/doc/images) by extension 'ignore'
[0.569s] Level 1:colcon.colcon_core.package_identification:_identify(src/ur_onrobot/doc/images) by extension 'ignore_ament_install'
[0.569s] Level 1:colcon.colcon_core.package_identification:_identify(src/ur_onrobot/doc/images) by extensions ['colcon_pkg']
[0.569s] Level 1:colcon.colcon_core.package_identification:_identify(src/ur_onrobot/doc/images) by extension 'colcon_pkg'
[0.569s] Level 1:colcon.colcon_core.package_identification:_identify(src/ur_onrobot/doc/images) by extensions ['colcon_meta']
[0.569s] Level 1:colcon.colcon_core.package_identification:_identify(src/ur_onrobot/doc/images) by extension 'colcon_meta'
[0.569s] Level 1:colcon.colcon_core.package_identification:_identify(src/ur_onrobot/doc/images) by extensions ['ros']
[0.570s] Level 1:colcon.colcon_core.package_identification:_identify(src/ur_onrobot/doc/images) by extension 'ros'
[0.570s] Level 1:colcon.colcon_core.package_identification:_identify(src/ur_onrobot/doc/images) by extensions ['cmake', 'python']
[0.570s] Level 1:colcon.colcon_core.package_identification:_identify(src/ur_onrobot/doc/images) by extension 'cmake'
[0.570s] Level 1:colcon.colcon_core.package_identification:_identify(src/ur_onrobot/doc/images) by extension 'python'
[0.570s] Level 1:colcon.colcon_core.package_identification:_identify(src/ur_onrobot/doc/images) by extensions ['python_setup_py']
[0.570s] Level 1:colcon.colcon_core.package_identification:_identify(src/ur_onrobot/doc/images) by extension 'python_setup_py'
[0.570s] Level 1:colcon.colcon_core.package_identification:_identify(src/ur_onrobot/ur_onrobot_control) by extensions ['ignore', 'ignore_ament_install']
[0.570s] Level 1:colcon.colcon_core.package_identification:_identify(src/ur_onrobot/ur_onrobot_control) by extension 'ignore'
[0.570s] Level 1:colcon.colcon_core.package_identification:_identify(src/ur_onrobot/ur_onrobot_control) by extension 'ignore_ament_install'
[0.570s] Level 1:colcon.colcon_core.package_identification:_identify(src/ur_onrobot/ur_onrobot_control) by extensions ['colcon_pkg']
[0.570s] Level 1:colcon.colcon_core.package_identification:_identify(src/ur_onrobot/ur_onrobot_control) by extension 'colcon_pkg'
[0.570s] Level 1:colcon.colcon_core.package_identification:_identify(src/ur_onrobot/ur_onrobot_control) by extensions ['colcon_meta']
[0.570s] Level 1:colcon.colcon_core.package_identification:_identify(src/ur_onrobot/ur_onrobot_control) by extension 'colcon_meta'
[0.570s] Level 1:colcon.colcon_core.package_identification:_identify(src/ur_onrobot/ur_onrobot_control) by extensions ['ros']
[0.570s] Level 1:colcon.colcon_core.package_identification:_identify(src/ur_onrobot/ur_onrobot_control) by extension 'ros'
[0.573s] DEBUG:colcon.colcon_core.package_identification:Package 'src/ur_onrobot/ur_onrobot_control' with type 'ros.ament_cmake' and name 'ur_onrobot_control'
[0.573s] Level 1:colcon.colcon_core.package_identification:_identify(src/ur_onrobot/ur_onrobot_description) by extensions ['ignore', 'ignore_ament_install']
[0.573s] Level 1:colcon.colcon_core.package_identification:_identify(src/ur_onrobot/ur_onrobot_description) by extension 'ignore'
[0.573s] Level 1:colcon.colcon_core.package_identification:_identify(src/ur_onrobot/ur_onrobot_description) by extension 'ignore_ament_install'
[0.573s] Level 1:colcon.colcon_core.package_identification:_identify(src/ur_onrobot/ur_onrobot_description) by extensions ['colcon_pkg']
[0.573s] Level 1:colcon.colcon_core.package_identification:_identify(src/ur_onrobot/ur_onrobot_description) by extension 'colcon_pkg'
[0.574s] Level 1:colcon.colcon_core.package_identification:_identify(src/ur_onrobot/ur_onrobot_description) by extensions ['colcon_meta']
[0.574s] Level 1:colcon.colcon_core.package_identification:_identify(src/ur_onrobot/ur_onrobot_description) by extension 'colcon_meta'
[0.574s] Level 1:colcon.colcon_core.package_identification:_identify(src/ur_onrobot/ur_onrobot_description) by extensions ['ros']
[0.574s] Level 1:colcon.colcon_core.package_identification:_identify(src/ur_onrobot/ur_onrobot_description) by extension 'ros'
[0.574s] DEBUG:colcon.colcon_core.package_identification:Package 'src/ur_onrobot/ur_onrobot_description' with type 'ros.ament_cmake' and name 'ur_onrobot_description'
[0.575s] Level 1:colcon.colcon_core.package_identification:_identify(src/ur_onrobot/ur_onrobot_moveit_config) by extensions ['ignore', 'ignore_ament_install']
[0.575s] Level 1:colcon.colcon_core.package_identification:_identify(src/ur_onrobot/ur_onrobot_moveit_config) by extension 'ignore'
[0.575s] Level 1:colcon.colcon_core.package_identification:_identify(src/ur_onrobot/ur_onrobot_moveit_config) by extension 'ignore_ament_install'
[0.575s] Level 1:colcon.colcon_core.package_identification:_identify(src/ur_onrobot/ur_onrobot_moveit_config) by extensions ['colcon_pkg']
[0.575s] Level 1:colcon.colcon_core.package_identification:_identify(src/ur_onrobot/ur_onrobot_moveit_config) by extension 'colcon_pkg'
[0.575s] Level 1:colcon.colcon_core.package_identification:_identify(src/ur_onrobot/ur_onrobot_moveit_config) by extensions ['colcon_meta']
[0.575s] Level 1:colcon.colcon_core.package_identification:_identify(src/ur_onrobot/ur_onrobot_moveit_config) by extension 'colcon_meta'
[0.575s] Level 1:colcon.colcon_core.package_identification:_identify(src/ur_onrobot/ur_onrobot_moveit_config) by extensions ['ros']
[0.575s] Level 1:colcon.colcon_core.package_identification:_identify(src/ur_onrobot/ur_onrobot_moveit_config) by extension 'ros'
[0.576s] DEBUG:colcon.colcon_core.package_identification:Package 'src/ur_onrobot/ur_onrobot_moveit_config' with type 'ros.ament_cmake' and name 'ur_onrobot_moveit_config'
[0.576s] Level 1:colcon.colcon_core.package_discovery:discover_packages(recursive) using defaults
[0.576s] Level 1:colcon.colcon_core.package_discovery:discover_packages(ignore) discover
[0.576s] Level 1:colcon.colcon_core.package_discovery:discover_packages(ignore) using defaults
[0.576s] Level 1:colcon.colcon_core.package_discovery:discover_packages(path) discover
[0.576s] Level 1:colcon.colcon_core.package_discovery:discover_packages(path) using defaults
[0.619s] Level 1:colcon.colcon_core.package_discovery:discover_packages(prefix_path) check parameters
[0.619s] Level 1:colcon.colcon_core.package_discovery:discover_packages(prefix_path) discover
[0.624s] DEBUG:colcon.colcon_installed_package_information.package_discovery:Found 477 installed packages in /opt/ros/humble
[0.627s] Level 1:colcon.colcon_core.package_discovery:discover_packages(prefix_path) using defaults
[0.711s] Level 5:colcon.colcon_core.verb:set package 'object_msgs' build argument 'cmake_args' from command line to '['-DCMAKE_EXPORT_COMPILE_COMMANDS=ON']'
[0.711s] Level 5:colcon.colcon_core.verb:set package 'object_msgs' build argument 'cmake_target' from command line to 'None'
[0.711s] Level 5:colcon.colcon_core.verb:set package 'object_msgs' build argument 'cmake_target_skip_unavailable' from command line to 'False'
[0.711s] Level 5:colcon.colcon_core.verb:set package 'object_msgs' build argument 'cmake_clean_cache' from command line to 'False'
[0.711s] Level 5:colcon.colcon_core.verb:set package 'object_msgs' build argument 'cmake_clean_first' from command line to 'False'
[0.711s] Level 5:colcon.colcon_core.verb:set package 'object_msgs' build argument 'cmake_force_configure' from command line to 'False'
[0.711s] Level 5:colcon.colcon_core.verb:set package 'object_msgs' build argument 'ament_cmake_args' from command line to 'None'
[0.711s] Level 5:colcon.colcon_core.verb:set package 'object_msgs' build argument 'catkin_cmake_args' from command line to 'None'
[0.711s] Level 5:colcon.colcon_core.verb:set package 'object_msgs' build argument 'catkin_skip_building_tests' from command line to 'False'
[0.711s] DEBUG:colcon.colcon_core.verb:Building package 'object_msgs' with the following arguments: {'ament_cmake_args': None, 'build_base': '/home/billy/git/Robotics-Studio-2/build/object_msgs', 'catkin_cmake_args': None, 'catkin_skip_building_tests': False, 'cmake_args': ['-DCMAKE_EXPORT_COMPILE_COMMANDS=ON'], 'cmake_clean_cache': False, 'cmake_clean_first': False, 'cmake_force_configure': False, 'cmake_target': None, 'cmake_target_skip_unavailable': False, 'install_base': '/home/billy/git/Robotics-Studio-2/install/object_msgs', 'merge_install': False, 'path': '/home/billy/git/Robotics-Studio-2/src/object_msgs', 'symlink_install': True, 'test_result_base': None}
[0.712s] Level 5:colcon.colcon_core.verb:set package 'onrobot_description' build argument 'cmake_args' from command line to '['-DCMAKE_EXPORT_COMPILE_COMMANDS=ON']'
[0.712s] Level 5:colcon.colcon_core.verb:set package 'onrobot_description' build argument 'cmake_target' from command line to 'None'
[0.712s] Level 5:colcon.colcon_core.verb:set package 'onrobot_description' build argument 'cmake_target_skip_unavailable' from command line to 'False'
[0.712s] Level 5:colcon.colcon_core.verb:set package 'onrobot_description' build argument 'cmake_clean_cache' from command line to 'False'
[0.712s] Level 5:colcon.colcon_core.verb:set package 'onrobot_description' build argument 'cmake_clean_first' from command line to 'False'
[0.712s] Level 5:colcon.colcon_core.verb:set package 'onrobot_description' build argument 'cmake_force_configure' from command line to 'False'
[0.712s] Level 5:colcon.colcon_core.verb:set package 'onrobot_description' build argument 'ament_cmake_args' from command line to 'None'
[0.712s] Level 5:colcon.colcon_core.verb:set package 'onrobot_description' build argument 'catkin_cmake_args' from command line to 'None'
[0.712s] Level 5:colcon.colcon_core.verb:set package 'onrobot_description' build argument 'catkin_skip_building_tests' from command line to 'False'
[0.712s] DEBUG:colcon.colcon_core.verb:Building package 'onrobot_description' with the following arguments: {'ament_cmake_args': None, 'build_base': '/home/billy/git/Robotics-Studio-2/build/onrobot_description', 'catkin_cmake_args': None, 'catkin_skip_building_tests': False, 'cmake_args': ['-DCMAKE_EXPORT_COMPILE_COMMANDS=ON'], 'cmake_clean_cache': False, 'cmake_clean_first': False, 'cmake_force_configure': False, 'cmake_target': None, 'cmake_target_skip_unavailable': False, 'install_base': '/home/billy/git/Robotics-Studio-2/install/onrobot_description', 'merge_install': False, 'path': '/home/billy/git/Robotics-Studio-2/src/onrobot_description', 'symlink_install': True, 'test_result_base': None}
[0.712s] Level 5:colcon.colcon_core.verb:set package 'ur3_demo_cpp' build argument 'cmake_args' from command line to '['-DCMAKE_EXPORT_COMPILE_COMMANDS=ON']'
[0.713s] Level 5:colcon.colcon_core.verb:set package 'ur3_demo_cpp' build argument 'cmake_target' from command line to 'None'
[0.713s] Level 5:colcon.colcon_core.verb:set package 'ur3_demo_cpp' build argument 'cmake_target_skip_unavailable' from command line to 'False'
[0.713s] Level 5:colcon.colcon_core.verb:set package 'ur3_demo_cpp' build argument 'cmake_clean_cache' from command line to 'False'
[0.713s] Level 5:colcon.colcon_core.verb:set package 'ur3_demo_cpp' build argument 'cmake_clean_first' from command line to 'False'
[0.713s] Level 5:colcon.colcon_core.verb:set package 'ur3_demo_cpp' build argument 'cmake_force_configure' from command line to 'False'
[0.713s] Level 5:colcon.colcon_core.verb:set package 'ur3_demo_cpp' build argument 'ament_cmake_args' from command line to 'None'
[0.713s] Level 5:colcon.colcon_core.verb:set package 'ur3_demo_cpp' build argument 'catkin_cmake_args' from command line to 'None'
[0.713s] Level 5:colcon.colcon_core.verb:set package 'ur3_demo_cpp' build argument 'catkin_skip_building_tests' from command line to 'False'
[0.713s] DEBUG:colcon.colcon_core.verb:Building package 'ur3_demo_cpp' with the following arguments: {'ament_cmake_args': None, 'build_base': '/home/billy/git/Robotics-Studio-2/build/ur3_demo_cpp', 'catkin_cmake_args': None, 'catkin_skip_building_tests': False, 'cmake_args': ['-DCMAKE_EXPORT_COMPILE_COMMANDS=ON'], 'cmake_clean_cache': False, 'cmake_clean_first': False, 'cmake_force_configure': False, 'cmake_target': None, 'cmake_target_skip_unavailable': False, 'install_base': '/home/billy/git/Robotics-Studio-2/install/ur3_demo_cpp', 'merge_install': False, 'path': '/home/billy/git/Robotics-Studio-2/src/ur3_demo_cpp', 'symlink_install': True, 'test_result_base': None}
[0.713s] Level 5:colcon.colcon_core.verb:set package 'ur_gripper_demo' build argument 'cmake_args' from command line to '['-DCMAKE_EXPORT_COMPILE_COMMANDS=ON']'
[0.713s] Level 5:colcon.colcon_core.verb:set package 'ur_gripper_demo' build argument 'cmake_target' from command line to 'None'
[0.713s] Level 5:colcon.colcon_core.verb:set package 'ur_gripper_demo' build argument 'cmake_target_skip_unavailable' from command line to 'False'
[0.714s] Level 5:colcon.colcon_core.verb:set package 'ur_gripper_demo' build argument 'cmake_clean_cache' from command line to 'False'
[0.714s] Level 5:colcon.colcon_core.verb:set package 'ur_gripper_demo' build argument 'cmake_clean_first' from command line to 'False'
[0.714s] Level 5:colcon.colcon_core.verb:set package 'ur_gripper_demo' build argument 'cmake_force_configure' from command line to 'False'
[0.714s] Level 5:colcon.colcon_core.verb:set package 'ur_gripper_demo' build argument 'ament_cmake_args' from command line to 'None'
[0.714s] Level 5:colcon.colcon_core.verb:set package 'ur_gripper_demo' build argument 'catkin_cmake_args' from command line to 'None'
[0.714s] Level 5:colcon.colcon_core.verb:set package 'ur_gripper_demo' build argument 'catkin_skip_building_tests' from command line to 'False'
[0.714s] DEBUG:colcon.colcon_core.verb:Building package 'ur_gripper_demo' with the following arguments: {'ament_cmake_args': None, 'build_base': '/home/billy/git/Robotics-Studio-2/build/ur_gripper_demo', 'catkin_cmake_args': None, 'catkin_skip_building_tests': False, 'cmake_args': ['-DCMAKE_EXPORT_COMPILE_COMMANDS=ON'], 'cmake_clean_cache': False, 'cmake_clean_first': False, 'cmake_force_configure': False, 'cmake_target': None, 'cmake_target_skip_unavailable': False, 'install_base': '/home/billy/git/Robotics-Studio-2/install/ur_gripper_demo', 'merge_install': False, 'path': '/home/billy/git/Robotics-Studio-2/src/ur_gripper_demo', 'symlink_install': True, 'test_result_base': None}
[0.714s] Level 5:colcon.colcon_core.verb:set package 'onrobot_driver' build argument 'cmake_args' from command line to '['-DCMAKE_EXPORT_COMPILE_COMMANDS=ON']'
[0.714s] Level 5:colcon.colcon_core.verb:set package 'onrobot_driver' build argument 'cmake_target' from command line to 'None'
[0.714s] Level 5:colcon.colcon_core.verb:set package 'onrobot_driver' build argument 'cmake_target_skip_unavailable' from command line to 'False'
[0.714s] Level 5:colcon.colcon_core.verb:set package 'onrobot_driver' build argument 'cmake_clean_cache' from command line to 'False'
[0.714s] Level 5:colcon.colcon_core.verb:set package 'onrobot_driver' build argument 'cmake_clean_first' from command line to 'False'
[0.714s] Level 5:colcon.colcon_core.verb:set package 'onrobot_driver' build argument 'cmake_force_configure' from command line to 'False'
[0.714s] Level 5:colcon.colcon_core.verb:set package 'onrobot_driver' build argument 'ament_cmake_args' from command line to 'None'
[0.714s] Level 5:colcon.colcon_core.verb:set package 'onrobot_driver' build argument 'catkin_cmake_args' from command line to 'None'
[0.715s] Level 5:colcon.colcon_core.verb:set package 'onrobot_driver' build argument 'catkin_skip_building_tests' from command line to 'False'
[0.715s] DEBUG:colcon.colcon_core.verb:Building package 'onrobot_driver' with the following arguments: {'ament_cmake_args': None, 'build_base': '/home/billy/git/Robotics-Studio-2/build/onrobot_driver', 'catkin_cmake_args': None, 'catkin_skip_building_tests': False, 'cmake_args': ['-DCMAKE_EXPORT_COMPILE_COMMANDS=ON'], 'cmake_clean_cache': False, 'cmake_clean_first': False, 'cmake_force_configure': False, 'cmake_target': None, 'cmake_target_skip_unavailable': False, 'install_base': '/home/billy/git/Robotics-Studio-2/install/onrobot_driver', 'merge_install': False, 'path': '/home/billy/git/Robotics-Studio-2/src/onrobot_driver', 'symlink_install': True, 'test_result_base': None}
[0.715s] Level 5:colcon.colcon_core.verb:set package 'ur_onrobot_description' build argument 'cmake_args' from command line to '['-DCMAKE_EXPORT_COMPILE_COMMANDS=ON']'
[0.715s] Level 5:colcon.colcon_core.verb:set package 'ur_onrobot_description' build argument 'cmake_target' from command line to 'None'
[0.715s] Level 5:colcon.colcon_core.verb:set package 'ur_onrobot_description' build argument 'cmake_target_skip_unavailable' from command line to 'False'
[0.715s] Level 5:colcon.colcon_core.verb:set package 'ur_onrobot_description' build argument 'cmake_clean_cache' from command line to 'False'
[0.715s] Level 5:colcon.colcon_core.verb:set package 'ur_onrobot_description' build argument 'cmake_clean_first' from command line to 'False'
[0.715s] Level 5:colcon.colcon_core.verb:set package 'ur_onrobot_description' build argument 'cmake_force_configure' from command line to 'False'
[0.715s] Level 5:colcon.colcon_core.verb:set package 'ur_onrobot_description' build argument 'ament_cmake_args' from command line to 'None'
[0.715s] Level 5:colcon.colcon_core.verb:set package 'ur_onrobot_description' build argument 'catkin_cmake_args' from command line to 'None'
[0.716s] Level 5:colcon.colcon_core.verb:set package 'ur_onrobot_description' build argument 'catkin_skip_building_tests' from command line to 'False'
[0.716s] DEBUG:colcon.colcon_core.verb:Building package 'ur_onrobot_description' with the following arguments: {'ament_cmake_args': None, 'build_base': '/home/billy/git/Robotics-Studio-2/build/ur_onrobot_description', 'catkin_cmake_args': None, 'catkin_skip_building_tests': False, 'cmake_args': ['-DCMAKE_EXPORT_COMPILE_COMMANDS=ON'], 'cmake_clean_cache': False, 'cmake_clean_first': False, 'cmake_force_configure': False, 'cmake_target': None, 'cmake_target_skip_unavailable': False, 'install_base': '/home/billy/git/Robotics-Studio-2/install/ur_onrobot_description', 'merge_install': False, 'path': '/home/billy/git/Robotics-Studio-2/src/ur_onrobot/ur_onrobot_description', 'symlink_install': True, 'test_result_base': None}
[0.716s] Level 5:colcon.colcon_core.verb:set package 'ur_onrobot_control' build argument 'cmake_args' from command line to '['-DCMAKE_EXPORT_COMPILE_COMMANDS=ON']'
[0.716s] Level 5:colcon.colcon_core.verb:set package 'ur_onrobot_control' build argument 'cmake_target' from command line to 'None'
[0.716s] Level 5:colcon.colcon_core.verb:set package 'ur_onrobot_control' build argument 'cmake_target_skip_unavailable' from command line to 'False'
[0.716s] Level 5:colcon.colcon_core.verb:set package 'ur_onrobot_control' build argument 'cmake_clean_cache' from command line to 'False'
[0.716s] Level 5:colcon.colcon_core.verb:set package 'ur_onrobot_control' build argument 'cmake_clean_first' from command line to 'False'
[0.716s] Level 5:colcon.colcon_core.verb:set package 'ur_onrobot_control' build argument 'cmake_force_configure' from command line to 'False'
[0.717s] Level 5:colcon.colcon_core.verb:set package 'ur_onrobot_control' build argument 'ament_cmake_args' from command line to 'None'
[0.717s] Level 5:colcon.colcon_core.verb:set package 'ur_onrobot_control' build argument 'catkin_cmake_args' from command line to 'None'
[0.717s] Level 5:colcon.colcon_core.verb:set package 'ur_onrobot_control' build argument 'catkin_skip_building_tests' from command line to 'False'
[0.717s] DEBUG:colcon.colcon_core.verb:Building package 'ur_onrobot_control' with the following arguments: {'ament_cmake_args': None, 'build_base': '/home/billy/git/Robotics-Studio-2/build/ur_onrobot_control', 'catkin_cmake_args': None, 'catkin_skip_building_tests': False, 'cmake_args': ['-DCMAKE_EXPORT_COMPILE_COMMANDS=ON'], 'cmake_clean_cache': False, 'cmake_clean_first': False, 'cmake_force_configure': False, 'cmake_target': None, 'cmake_target_skip_unavailable': False, 'install_base': '/home/billy/git/Robotics-Studio-2/install/ur_onrobot_control', 'merge_install': False, 'path': '/home/billy/git/Robotics-Studio-2/src/ur_onrobot/ur_onrobot_control', 'symlink_install': True, 'test_result_base': None}
[0.717s] Level 5:colcon.colcon_core.verb:set package 'ur_onrobot_moveit_config' build argument 'cmake_args' from command line to '['-DCMAKE_EXPORT_COMPILE_COMMANDS=ON']'
[0.717s] Level 5:colcon.colcon_core.verb:set package 'ur_onrobot_moveit_config' build argument 'cmake_target' from command line to 'None'
[0.718s] Level 5:colcon.colcon_core.verb:set package 'ur_onrobot_moveit_config' build argument 'cmake_target_skip_unavailable' from command line to 'False'
[0.718s] Level 5:colcon.colcon_core.verb:set package 'ur_onrobot_moveit_config' build argument 'cmake_clean_cache' from command line to 'False'
[0.718s] Level 5:colcon.colcon_core.verb:set package 'ur_onrobot_moveit_config' build argument 'cmake_clean_first' from command line to 'False'
[0.718s] Level 5:colcon.colcon_core.verb:set package 'ur_onrobot_moveit_config' build argument 'cmake_force_configure' from command line to 'False'
[0.718s] Level 5:colcon.colcon_core.verb:set package 'ur_onrobot_moveit_config' build argument 'ament_cmake_args' from command line to 'None'
[0.718s] Level 5:colcon.colcon_core.verb:set package 'ur_onrobot_moveit_config' build argument 'catkin_cmake_args' from command line to 'None'
[0.718s] Level 5:colcon.colcon_core.verb:set package 'ur_onrobot_moveit_config' build argument 'catkin_skip_building_tests' from command line to 'False'
[0.718s] DEBUG:colcon.colcon_core.verb:Building package 'ur_onrobot_moveit_config' with the following arguments: {'ament_cmake_args': None, 'build_base': '/home/billy/git/Robotics-Studio-2/build/ur_onrobot_moveit_config', 'catkin_cmake_args': None, 'catkin_skip_building_tests': False, 'cmake_args': ['-DCMAKE_EXPORT_COMPILE_COMMANDS=ON'], 'cmake_clean_cache': False, 'cmake_clean_first': False, 'cmake_force_configure': False, 'cmake_target': None, 'cmake_target_skip_unavailable': False, 'install_base': '/home/billy/git/Robotics-Studio-2/install/ur_onrobot_moveit_config', 'merge_install': False, 'path': '/home/billy/git/Robotics-Studio-2/src/ur_onrobot/ur_onrobot_moveit_config', 'symlink_install': True, 'test_result_base': None}
[0.718s] INFO:colcon.colcon_core.executor:Executing jobs using 'parallel' executor
[0.720s] DEBUG:colcon.colcon_parallel_executor.executor.parallel:run_until_complete
[0.720s] INFO:colcon.colcon_ros.task.ament_cmake.build:Building ROS package in '/home/billy/git/Robotics-Studio-2/src/onrobot_description' with build type 'ament_cmake'
[0.721s] INFO:colcon.colcon_cmake.task.cmake.build:Building CMake package in '/home/billy/git/Robotics-Studio-2/src/onrobot_description'
[0.725s] INFO:colcon.colcon_core.plugin_system:Skipping extension 'colcon_core.shell.bat': Not used on non-Windows systems
[0.725s] INFO:colcon.colcon_core.shell:Skip shell extension 'powershell' for command environment: Not usable outside of PowerShell
[0.725s] DEBUG:colcon.colcon_core.shell:Skip shell extension 'dsv' for command environment
[0.731s] INFO:colcon.colcon_ros.task.ament_cmake.build:Building ROS package in '/home/billy/git/Robotics-Studio-2/src/object_msgs' with build type 'ament_cmake'
[0.734s] INFO:colcon.colcon_cmake.task.cmake.build:Building CMake package in '/home/billy/git/Robotics-Studio-2/src/object_msgs'
[0.734s] INFO:colcon.colcon_core.shell:Skip shell extension 'powershell' for command environment: Not usable outside of PowerShell
[0.735s] DEBUG:colcon.colcon_core.shell:Skip shell extension 'dsv' for command environment
[0.741s] INFO:colcon.colcon_ros.task.ament_cmake.build:Building ROS package in '/home/billy/git/Robotics-Studio-2/src/ur3_demo_cpp' with build type 'ament_cmake'
[0.741s] INFO:colcon.colcon_cmake.task.cmake.build:Building CMake package in '/home/billy/git/Robotics-Studio-2/src/ur3_demo_cpp'
[0.742s] INFO:colcon.colcon_core.shell:Skip shell extension 'powershell' for command environment: Not usable outside of PowerShell
[0.742s] DEBUG:colcon.colcon_core.shell:Skip shell extension 'dsv' for command environment
[0.747s] INFO:colcon.colcon_ros.task.ament_cmake.build:Building ROS package in '/home/billy/git/Robotics-Studio-2/src/ur_gripper_demo' with build type 'ament_cmake'
[0.748s] INFO:colcon.colcon_cmake.task.cmake.build:Building CMake package in '/home/billy/git/Robotics-Studio-2/src/ur_gripper_demo'
[0.748s] INFO:colcon.colcon_core.shell:Skip shell extension 'powershell' for command environment: Not usable outside of PowerShell
[0.749s] DEBUG:colcon.colcon_core.shell:Skip shell extension 'dsv' for command environment
[0.768s] DEBUG:colcon.colcon_core.event_handler.log_command:Invoking command in '/home/billy/git/Robotics-Studio-2/build/onrobot_description': CMAKE_PREFIX_PATH=/opt/ros/humble /usr/bin/cmake --build /home/billy/git/Robotics-Studio-2/build/onrobot_description -- -j16 -l16
[0.776s] DEBUG:colcon.colcon_core.event_handler.log_command:Invoking command in '/home/billy/git/Robotics-Studio-2/build/object_msgs': CMAKE_PREFIX_PATH=/opt/ros/humble /usr/bin/cmake --build /home/billy/git/Robotics-Studio-2/build/object_msgs -- -j16 -l16
[0.784s] DEBUG:colcon.colcon_core.event_handler.log_command:Invoking command in '/home/billy/git/Robotics-Studio-2/build/ur3_demo_cpp': CMAKE_PREFIX_PATH=/opt/ros/humble /usr/bin/cmake --build /home/billy/git/Robotics-Studio-2/build/ur3_demo_cpp -- -j16 -l16
[0.791s] DEBUG:colcon.colcon_core.event_handler.log_command:Invoking command in '/home/billy/git/Robotics-Studio-2/build/ur_gripper_demo': CMAKE_PREFIX_PATH=/opt/ros/humble /usr/bin/cmake /home/billy/git/Robotics-Studio-2/src/ur_gripper_demo -DCMAKE_EXPORT_COMPILE_COMMANDS=ON -DAMENT_CMAKE_SYMLINK_INSTALL=1 -DCMAKE_INSTALL_PREFIX=/home/billy/git/Robotics-Studio-2/install/ur_gripper_demo
[0.854s] DEBUG:colcon.colcon_core.event_handler.log_command:Invoked command in '/home/billy/git/Robotics-Studio-2/build/onrobot_description' returned '0': CMAKE_PREFIX_PATH=/opt/ros/humble /usr/bin/cmake --build /home/billy/git/Robotics-Studio-2/build/onrobot_description -- -j16 -l16
[0.876s] DEBUG:colcon.colcon_core.event_handler.log_command:Invoking command in '/home/billy/git/Robotics-Studio-2/build/onrobot_description': CMAKE_PREFIX_PATH=/opt/ros/humble /usr/bin/cmake --install /home/billy/git/Robotics-Studio-2/build/onrobot_description
[0.945s] Level 1:colcon.colcon_core.environment:create_environment_scripts_only(onrobot_description)
[0.946s] DEBUG:colcon.colcon_core.event_handler.log_command:Invoked command in '/home/billy/git/Robotics-Studio-2/build/onrobot_description' returned '0': CMAKE_PREFIX_PATH=/opt/ros/humble /usr/bin/cmake --install /home/billy/git/Robotics-Studio-2/build/onrobot_description
[0.951s] Level 1:colcon.colcon_core.environment:checking '/home/billy/git/Robotics-Studio-2/install/onrobot_description' for CMake module files
[0.953s] Level 1:colcon.colcon_core.environment:checking '/home/billy/git/Robotics-Studio-2/install/onrobot_description' for CMake config files
[0.955s] Level 1:colcon.colcon_core.shell:create_environment_hook('onrobot_description', 'cmake_prefix_path')
[0.956s] INFO:colcon.colcon_core.shell:Creating environment hook '/home/billy/git/Robotics-Studio-2/install/onrobot_description/share/onrobot_description/hook/cmake_prefix_path.ps1'
[0.958s] INFO:colcon.colcon_core.shell:Creating environment descriptor '/home/billy/git/Robotics-Studio-2/install/onrobot_description/share/onrobot_description/hook/cmake_prefix_path.dsv'
[0.959s] INFO:colcon.colcon_core.shell:Creating environment hook '/home/billy/git/Robotics-Studio-2/install/onrobot_description/share/onrobot_description/hook/cmake_prefix_path.sh'
[0.960s] Level 1:colcon.colcon_core.environment:checking '/home/billy/git/Robotics-Studio-2/install/onrobot_description/bin'
[0.960s] Level 1:colcon.colcon_core.environment:checking '/home/billy/git/Robotics-Studio-2/install/onrobot_description/lib/pkgconfig/onrobot_description.pc'
[0.961s] Level 1:colcon.colcon_core.environment:checking '/home/billy/git/Robotics-Studio-2/install/onrobot_description/lib/python3.10/site-packages'
[0.961s] Level 1:colcon.colcon_core.environment:checking '/home/billy/git/Robotics-Studio-2/install/onrobot_description/bin'
[0.962s] INFO:colcon.colcon_core.shell:Creating package script '/home/billy/git/Robotics-Studio-2/install/onrobot_description/share/onrobot_description/package.ps1'
[0.964s] INFO:colcon.colcon_core.shell:Creating package descriptor '/home/billy/git/Robotics-Studio-2/install/onrobot_description/share/onrobot_description/package.dsv'
[0.965s] INFO:colcon.colcon_core.shell:Creating package script '/home/billy/git/Robotics-Studio-2/install/onrobot_description/share/onrobot_description/package.sh'
[0.967s] INFO:colcon.colcon_core.shell:Creating package script '/home/billy/git/Robotics-Studio-2/install/onrobot_description/share/onrobot_description/package.bash'
[0.969s] INFO:colcon.colcon_core.shell:Creating package script '/home/billy/git/Robotics-Studio-2/install/onrobot_description/share/onrobot_description/package.zsh'
[0.971s] Level 1:colcon.colcon_core.environment:create_file_with_runtime_dependencies(/home/billy/git/Robotics-Studio-2/install/onrobot_description/share/colcon-core/packages/onrobot_description)
[0.972s] Level 1:colcon.colcon_core.environment:create_environment_scripts_only(onrobot_description)
[0.973s] Level 1:colcon.colcon_core.environment:checking '/home/billy/git/Robotics-Studio-2/install/onrobot_description' for CMake module files
[0.973s] Level 1:colcon.colcon_core.environment:checking '/home/billy/git/Robotics-Studio-2/install/onrobot_description' for CMake config files
[0.974s] Level 1:colcon.colcon_core.shell:create_environment_hook('onrobot_description', 'cmake_prefix_path')
[0.975s] INFO:colcon.colcon_core.shell:Creating environment hook '/home/billy/git/Robotics-Studio-2/install/onrobot_description/share/onrobot_description/hook/cmake_prefix_path.ps1'
[0.975s] INFO:colcon.colcon_core.shell:Creating environment descriptor '/home/billy/git/Robotics-Studio-2/install/onrobot_description/share/onrobot_description/hook/cmake_prefix_path.dsv'
[0.976s] INFO:colcon.colcon_core.shell:Creating environment hook '/home/billy/git/Robotics-Studio-2/install/onrobot_description/share/onrobot_description/hook/cmake_prefix_path.sh'
[0.977s] Level 1:colcon.colcon_core.environment:checking '/home/billy/git/Robotics-Studio-2/install/onrobot_description/bin'
[0.977s] Level 1:colcon.colcon_core.environment:checking '/home/billy/git/Robotics-Studio-2/install/onrobot_description/lib/pkgconfig/onrobot_description.pc'
[0.977s] Level 1:colcon.colcon_core.environment:checking '/home/billy/git/Robotics-Studio-2/install/onrobot_description/lib/python3.10/site-packages'
[0.978s] Level 1:colcon.colcon_core.environment:checking '/home/billy/git/Robotics-Studio-2/install/onrobot_description/bin'
[0.978s] INFO:colcon.colcon_core.shell:Creating package script '/home/billy/git/Robotics-Studio-2/install/onrobot_description/share/onrobot_description/package.ps1'
[0.979s] INFO:colcon.colcon_core.shell:Creating package descriptor '/home/billy/git/Robotics-Studio-2/install/onrobot_description/share/onrobot_description/package.dsv'
[0.979s] INFO:colcon.colcon_core.shell:Creating package script '/home/billy/git/Robotics-Studio-2/install/onrobot_description/share/onrobot_description/package.sh'
[0.980s] INFO:colcon.colcon_core.shell:Creating package script '/home/billy/git/Robotics-Studio-2/install/onrobot_description/share/onrobot_description/package.bash'
[0.980s] INFO:colcon.colcon_core.shell:Creating package script '/home/billy/git/Robotics-Studio-2/install/onrobot_description/share/onrobot_description/package.zsh'
[0.981s] Level 1:colcon.colcon_core.environment:create_file_with_runtime_dependencies(/home/billy/git/Robotics-Studio-2/install/onrobot_description/share/colcon-core/packages/onrobot_description)
[0.982s] INFO:colcon.colcon_ros.task.ament_cmake.build:Building ROS package in '/home/billy/git/Robotics-Studio-2/src/onrobot_driver' with build type 'ament_cmake'
[0.982s] INFO:colcon.colcon_cmake.task.cmake.build:Building CMake package in '/home/billy/git/Robotics-Studio-2/src/onrobot_driver'
[0.983s] INFO:colcon.colcon_core.shell:Skip shell extension 'powershell' for command environment: Not usable outside of PowerShell
[0.983s] DEBUG:colcon.colcon_core.shell:Skip shell extension 'dsv' for command environment
[0.991s] INFO:colcon.colcon_ros.task.ament_cmake.build:Building ROS package in '/home/billy/git/Robotics-Studio-2/src/ur_onrobot/ur_onrobot_description' with build type 'ament_cmake'
[0.991s] INFO:colcon.colcon_cmake.task.cmake.build:Building CMake package in '/home/billy/git/Robotics-Studio-2/src/ur_onrobot/ur_onrobot_description'
[0.991s] INFO:colcon.colcon_core.shell:Skip shell extension 'powershell' for command environment: Not usable outside of PowerShell
[0.992s] DEBUG:colcon.colcon_core.shell:Skip shell extension 'dsv' for command environment
[1.039s] DEBUG:colcon.colcon_core.event_handler.log_command:Invoking command in '/home/billy/git/Robotics-Studio-2/build/onrobot_driver': AMENT_PREFIX_PATH=/home/billy/git/Robotics-Studio-2/install/onrobot_description:${AMENT_PREFIX_PATH} CMAKE_PREFIX_PATH=/home/billy/git/Robotics-Studio-2/install/onrobot_description:/opt/ros/humble /usr/bin/cmake --build /home/billy/git/Robotics-Studio-2/build/onrobot_driver -- -j16 -l16
[1.047s] DEBUG:colcon.colcon_core.event_handler.log_command:Invoking command in '/home/billy/git/Robotics-Studio-2/build/ur_onrobot_description': AMENT_PREFIX_PATH=/home/billy/git/Robotics-Studio-2/install/onrobot_description:${AMENT_PREFIX_PATH} CMAKE_PREFIX_PATH=/home/billy/git/Robotics-Studio-2/install/onrobot_description:/opt/ros/humble /usr/bin/cmake --build /home/billy/git/Robotics-Studio-2/build/ur_onrobot_description -- -j16 -l16
[1.123s] DEBUG:colcon.colcon_core.event_handler.log_command:Invoked command in '/home/billy/git/Robotics-Studio-2/build/ur_onrobot_description' returned '0': AMENT_PREFIX_PATH=/home/billy/git/Robotics-Studio-2/install/onrobot_description:${AMENT_PREFIX_PATH} CMAKE_PREFIX_PATH=/home/billy/git/Robotics-Studio-2/install/onrobot_description:/opt/ros/humble /usr/bin/cmake --build /home/billy/git/Robotics-Studio-2/build/ur_onrobot_description -- -j16 -l16
[1.127s] DEBUG:colcon.colcon_core.event_handler.log_command:Invoking command in '/home/billy/git/Robotics-Studio-2/build/ur_onrobot_description': AMENT_PREFIX_PATH=/home/billy/git/Robotics-Studio-2/install/onrobot_description:${AMENT_PREFIX_PATH} CMAKE_PREFIX_PATH=/home/billy/git/Robotics-Studio-2/install/onrobot_description:/opt/ros/humble /usr/bin/cmake --install /home/billy/git/Robotics-Studio-2/build/ur_onrobot_description
[1.171s] Level 1:colcon.colcon_core.environment:create_environment_scripts_only(ur_onrobot_description)
[1.172s] DEBUG:colcon.colcon_core.event_handler.log_command:Invoked command in '/home/billy/git/Robotics-Studio-2/build/ur_onrobot_description' returned '0': AMENT_PREFIX_PATH=/home/billy/git/Robotics-Studio-2/install/onrobot_description:${AMENT_PREFIX_PATH} CMAKE_PREFIX_PATH=/home/billy/git/Robotics-Studio-2/install/onrobot_description:/opt/ros/humble /usr/bin/cmake --install /home/billy/git/Robotics-Studio-2/build/ur_onrobot_description
[1.172s] Level 1:colcon.colcon_core.environment:checking '/home/billy/git/Robotics-Studio-2/install/ur_onrobot_description' for CMake module files
[1.173s] Level 1:colcon.colcon_core.environment:checking '/home/billy/git/Robotics-Studio-2/install/ur_onrobot_description' for CMake config files
[1.174s] Level 1:colcon.colcon_core.shell:create_environment_hook('ur_onrobot_description', 'cmake_prefix_path')
[1.174s] INFO:colcon.colcon_core.shell:Creating environment hook '/home/billy/git/Robotics-Studio-2/install/ur_onrobot_description/share/ur_onrobot_description/hook/cmake_prefix_path.ps1'
[1.175s] INFO:colcon.colcon_core.shell:Creating environment descriptor '/home/billy/git/Robotics-Studio-2/install/ur_onrobot_description/share/ur_onrobot_description/hook/cmake_prefix_path.dsv'
[1.176s] INFO:colcon.colcon_core.shell:Creating environment hook '/home/billy/git/Robotics-Studio-2/install/ur_onrobot_description/share/ur_onrobot_description/hook/cmake_prefix_path.sh'
[1.177s] Level 1:colcon.colcon_core.environment:checking '/home/billy/git/Robotics-Studio-2/install/ur_onrobot_description/bin'
[1.177s] Level 1:colcon.colcon_core.environment:checking '/home/billy/git/Robotics-Studio-2/install/ur_onrobot_description/lib/pkgconfig/ur_onrobot_description.pc'
[1.177s] Level 1:colcon.colcon_core.environment:checking '/home/billy/git/Robotics-Studio-2/install/ur_onrobot_description/lib/python3.10/site-packages'
[1.177s] Level 1:colcon.colcon_core.environment:checking '/home/billy/git/Robotics-Studio-2/install/ur_onrobot_description/bin'
[1.178s] INFO:colcon.colcon_core.shell:Creating package script '/home/billy/git/Robotics-Studio-2/install/ur_onrobot_description/share/ur_onrobot_description/package.ps1'
[1.178s] INFO:colcon.colcon_core.shell:Creating package descriptor '/home/billy/git/Robotics-Studio-2/install/ur_onrobot_description/share/ur_onrobot_description/package.dsv'
[1.179s] INFO:colcon.colcon_core.shell:Creating package script '/home/billy/git/Robotics-Studio-2/install/ur_onrobot_description/share/ur_onrobot_description/package.sh'
[1.179s] INFO:colcon.colcon_core.shell:Creating package script '/home/billy/git/Robotics-Studio-2/install/ur_onrobot_description/share/ur_onrobot_description/package.bash'
[1.180s] INFO:colcon.colcon_core.shell:Creating package script '/home/billy/git/Robotics-Studio-2/install/ur_onrobot_description/share/ur_onrobot_description/package.zsh'
[1.181s] Level 1:colcon.colcon_core.environment:create_file_with_runtime_dependencies(/home/billy/git/Robotics-Studio-2/install/ur_onrobot_description/share/colcon-core/packages/ur_onrobot_description)
[1.183s] Level 1:colcon.colcon_core.environment:create_environment_scripts_only(ur_onrobot_description)
[1.183s] Level 1:colcon.colcon_core.environment:checking '/home/billy/git/Robotics-Studio-2/install/ur_onrobot_description' for CMake module files
[1.185s] Level 1:colcon.colcon_core.environment:checking '/home/billy/git/Robotics-Studio-2/install/ur_onrobot_description' for CMake config files
[1.185s] Level 1:colcon.colcon_core.shell:create_environment_hook('ur_onrobot_description', 'cmake_prefix_path')
[1.186s] INFO:colcon.colcon_core.shell:Creating environment hook '/home/billy/git/Robotics-Studio-2/install/ur_onrobot_description/share/ur_onrobot_description/hook/cmake_prefix_path.ps1'
[1.187s] INFO:colcon.colcon_core.shell:Creating environment descriptor '/home/billy/git/Robotics-Studio-2/install/ur_onrobot_description/share/ur_onrobot_description/hook/cmake_prefix_path.dsv'
[1.187s] INFO:colcon.colcon_core.shell:Creating environment hook '/home/billy/git/Robotics-Studio-2/install/ur_onrobot_description/share/ur_onrobot_description/hook/cmake_prefix_path.sh'
[1.188s] Level 1:colcon.colcon_core.environment:checking '/home/billy/git/Robotics-Studio-2/install/ur_onrobot_description/bin'
[1.188s] Level 1:colcon.colcon_core.environment:checking '/home/billy/git/Robotics-Studio-2/install/ur_onrobot_description/lib/pkgconfig/ur_onrobot_description.pc'
[1.189s] Level 1:colcon.colcon_core.environment:checking '/home/billy/git/Robotics-Studio-2/install/ur_onrobot_description/lib/python3.10/site-packages'
[1.189s] Level 1:colcon.colcon_core.environment:checking '/home/billy/git/Robotics-Studio-2/install/ur_onrobot_description/bin'
[1.190s] INFO:colcon.colcon_core.shell:Creating package script '/home/billy/git/Robotics-Studio-2/install/ur_onrobot_description/share/ur_onrobot_description/package.ps1'
[1.190s] INFO:colcon.colcon_core.shell:Creating package descriptor '/home/billy/git/Robotics-Studio-2/install/ur_onrobot_description/share/ur_onrobot_description/package.dsv'
[1.191s] INFO:colcon.colcon_core.shell:Creating package script '/home/billy/git/Robotics-Studio-2/install/ur_onrobot_description/share/ur_onrobot_description/package.sh'
[1.192s] INFO:colcon.colcon_core.shell:Creating package script '/home/billy/git/Robotics-Studio-2/install/ur_onrobot_description/share/ur_onrobot_description/package.bash'
[1.193s] INFO:colcon.colcon_core.shell:Creating package script '/home/billy/git/Robotics-Studio-2/install/ur_onrobot_description/share/ur_onrobot_description/package.zsh'
[1.193s] Level 1:colcon.colcon_core.environment:create_file_with_runtime_dependencies(/home/billy/git/Robotics-Studio-2/install/ur_onrobot_description/share/colcon-core/packages/ur_onrobot_description)
[1.355s] DEBUG:colcon.colcon_core.event_handler.log_command:Invoked command in '/home/billy/git/Robotics-Studio-2/build/onrobot_driver' returned '0': AMENT_PREFIX_PATH=/home/billy/git/Robotics-Studio-2/install/onrobot_description:${AMENT_PREFIX_PATH} CMAKE_PREFIX_PATH=/home/billy/git/Robotics-Studio-2/install/onrobot_description:/opt/ros/humble /usr/bin/cmake --build /home/billy/git/Robotics-Studio-2/build/onrobot_driver -- -j16 -l16
[1.357s] DEBUG:colcon.colcon_core.event_handler.log_command:Invoking command in '/home/billy/git/Robotics-Studio-2/build/onrobot_driver': AMENT_PREFIX_PATH=/home/billy/git/Robotics-Studio-2/install/onrobot_description:${AMENT_PREFIX_PATH} CMAKE_PREFIX_PATH=/home/billy/git/Robotics-Studio-2/install/onrobot_description:/opt/ros/humble /usr/bin/cmake --install /home/billy/git/Robotics-Studio-2/build/onrobot_driver
[1.437s] DEBUG:colcon.colcon_core.event_handler.log_command:Invoked command in '/home/billy/git/Robotics-Studio-2/build/object_msgs' returned '0': CMAKE_PREFIX_PATH=/opt/ros/humble /usr/bin/cmake --build /home/billy/git/Robotics-Studio-2/build/object_msgs -- -j16 -l16
[1.450s] DEBUG:colcon.colcon_core.event_handler.log_command:Invoking command in '/home/billy/git/Robotics-Studio-2/build/object_msgs': CMAKE_PREFIX_PATH=/opt/ros/humble /usr/bin/cmake --install /home/billy/git/Robotics-Studio-2/build/object_msgs
[1.536s] Level 1:colcon.colcon_core.environment:create_environment_scripts_only(onrobot_driver)
[1.537s] Level 1:colcon.colcon_core.environment:checking '/home/billy/git/Robotics-Studio-2/install/onrobot_driver' for CMake module files
[1.544s] DEBUG:colcon.colcon_core.event_handler.log_command:Invoked command in '/home/billy/git/Robotics-Studio-2/build/onrobot_driver' returned '0': AMENT_PREFIX_PATH=/home/billy/git/Robotics-Studio-2/install/onrobot_description:${AMENT_PREFIX_PATH} CMAKE_PREFIX_PATH=/home/billy/git/Robotics-Studio-2/install/onrobot_description:/opt/ros/humble /usr/bin/cmake --install /home/billy/git/Robotics-Studio-2/build/onrobot_driver
[1.545s] Level 1:colcon.colcon_core.environment:checking '/home/billy/git/Robotics-Studio-2/install/onrobot_driver' for CMake config files
[1.549s] Level 1:colcon.colcon_core.shell:create_environment_hook('onrobot_driver', 'cmake_prefix_path')
[1.549s] INFO:colcon.colcon_core.shell:Creating environment hook '/home/billy/git/Robotics-Studio-2/install/onrobot_driver/share/onrobot_driver/hook/cmake_prefix_path.ps1'
[1.551s] INFO:colcon.colcon_core.shell:Creating environment descriptor '/home/billy/git/Robotics-Studio-2/install/onrobot_driver/share/onrobot_driver/hook/cmake_prefix_path.dsv'
[1.552s] INFO:colcon.colcon_core.shell:Creating environment hook '/home/billy/git/Robotics-Studio-2/install/onrobot_driver/share/onrobot_driver/hook/cmake_prefix_path.sh'
[1.553s] Level 1:colcon.colcon_core.environment:checking '/home/billy/git/Robotics-Studio-2/install/onrobot_driver/lib'
[1.554s] Level 1:colcon.colcon_core.shell:create_environment_hook('onrobot_driver', 'ld_library_path_lib')
[1.554s] INFO:colcon.colcon_core.shell:Creating environment hook '/home/billy/git/Robotics-Studio-2/install/onrobot_driver/share/onrobot_driver/hook/ld_library_path_lib.ps1'
[1.554s] INFO:colcon.colcon_core.shell:Creating environment descriptor '/home/billy/git/Robotics-Studio-2/install/onrobot_driver/share/onrobot_driver/hook/ld_library_path_lib.dsv'
[1.555s] INFO:colcon.colcon_core.shell:Creating environment hook '/home/billy/git/Robotics-Studio-2/install/onrobot_driver/share/onrobot_driver/hook/ld_library_path_lib.sh'
[1.555s] Level 1:colcon.colcon_core.environment:checking '/home/billy/git/Robotics-Studio-2/install/onrobot_driver/bin'
[1.555s] Level 1:colcon.colcon_core.environment:checking '/home/billy/git/Robotics-Studio-2/install/onrobot_driver/lib/pkgconfig/onrobot_driver.pc'
[1.556s] Level 1:colcon.colcon_core.environment:checking '/home/billy/git/Robotics-Studio-2/install/onrobot_driver/lib/python3.10/site-packages'
[1.556s] Level 1:colcon.colcon_core.environment:checking '/home/billy/git/Robotics-Studio-2/install/onrobot_driver/bin'
[1.557s] INFO:colcon.colcon_core.shell:Creating package script '/home/billy/git/Robotics-Studio-2/install/onrobot_driver/share/onrobot_driver/package.ps1'
[1.557s] INFO:colcon.colcon_core.shell:Creating package descriptor '/home/billy/git/Robotics-Studio-2/install/onrobot_driver/share/onrobot_driver/package.dsv'
[1.558s] INFO:colcon.colcon_core.shell:Creating package script '/home/billy/git/Robotics-Studio-2/install/onrobot_driver/share/onrobot_driver/package.sh'
[1.558s] INFO:colcon.colcon_core.shell:Creating package script '/home/billy/git/Robotics-Studio-2/install/onrobot_driver/share/onrobot_driver/package.bash'
[1.559s] INFO:colcon.colcon_core.shell:Creating package script '/home/billy/git/Robotics-Studio-2/install/onrobot_driver/share/onrobot_driver/package.zsh'
[1.559s] Level 1:colcon.colcon_core.environment:create_file_with_runtime_dependencies(/home/billy/git/Robotics-Studio-2/install/onrobot_driver/share/colcon-core/packages/onrobot_driver)
[1.561s] Level 1:colcon.colcon_core.environment:create_environment_scripts_only(onrobot_driver)
[1.562s] Level 1:colcon.colcon_core.environment:checking '/home/billy/git/Robotics-Studio-2/install/onrobot_driver' for CMake module files
[1.562s] Level 1:colcon.colcon_core.environment:checking '/home/billy/git/Robotics-Studio-2/install/onrobot_driver' for CMake config files
[1.566s] Level 1:colcon.colcon_core.shell:create_environment_hook('onrobot_driver', 'cmake_prefix_path')
[1.567s] INFO:colcon.colcon_core.shell:Creating environment hook '/home/billy/git/Robotics-Studio-2/install/onrobot_driver/share/onrobot_driver/hook/cmake_prefix_path.ps1'
[1.568s] INFO:colcon.colcon_core.shell:Creating environment descriptor '/home/billy/git/Robotics-Studio-2/install/onrobot_driver/share/onrobot_driver/hook/cmake_prefix_path.dsv'
[1.568s] INFO:colcon.colcon_core.shell:Creating environment hook '/home/billy/git/Robotics-Studio-2/install/onrobot_driver/share/onrobot_driver/hook/cmake_prefix_path.sh'
[1.570s] Level 1:colcon.colcon_core.environment:checking '/home/billy/git/Robotics-Studio-2/install/onrobot_driver/lib'
[1.571s] Level 1:colcon.colcon_core.shell:create_environment_hook('onrobot_driver', 'ld_library_path_lib')
[1.571s] INFO:colcon.colcon_core.shell:Creating environment hook '/home/billy/git/Robotics-Studio-2/install/onrobot_driver/share/onrobot_driver/hook/ld_library_path_lib.ps1'
[1.571s] INFO:colcon.colcon_core.shell:Creating environment descriptor '/home/billy/git/Robotics-Studio-2/install/onrobot_driver/share/onrobot_driver/hook/ld_library_path_lib.dsv'
[1.572s] INFO:colcon.colcon_core.shell:Creating environment hook '/home/billy/git/Robotics-Studio-2/install/onrobot_driver/share/onrobot_driver/hook/ld_library_path_lib.sh'
[1.573s] Level 1:colcon.colcon_core.environment:checking '/home/billy/git/Robotics-Studio-2/install/onrobot_driver/bin'
[1.573s] Level 1:colcon.colcon_core.environment:checking '/home/billy/git/Robotics-Studio-2/install/onrobot_driver/lib/pkgconfig/onrobot_driver.pc'
[1.573s] Level 1:colcon.colcon_core.environment:checking '/home/billy/git/Robotics-Studio-2/install/onrobot_driver/lib/python3.10/site-packages'
[1.573s] Level 1:colcon.colcon_core.environment:checking '/home/billy/git/Robotics-Studio-2/install/onrobot_driver/bin'
[1.574s] INFO:colcon.colcon_core.shell:Creating package script '/home/billy/git/Robotics-Studio-2/install/onrobot_driver/share/onrobot_driver/package.ps1'
[1.574s] INFO:colcon.colcon_core.shell:Creating package descriptor '/home/billy/git/Robotics-Studio-2/install/onrobot_driver/share/onrobot_driver/package.dsv'
[1.575s] INFO:colcon.colcon_core.shell:Creating package script '/home/billy/git/Robotics-Studio-2/install/onrobot_driver/share/onrobot_driver/package.sh'
[1.576s] INFO:colcon.colcon_core.shell:Creating package script '/home/billy/git/Robotics-Studio-2/install/onrobot_driver/share/onrobot_driver/package.bash'
[1.576s] INFO:colcon.colcon_core.shell:Creating package script '/home/billy/git/Robotics-Studio-2/install/onrobot_driver/share/onrobot_driver/package.zsh'
[1.581s] Level 1:colcon.colcon_core.environment:create_file_with_runtime_dependencies(/home/billy/git/Robotics-Studio-2/install/onrobot_driver/share/colcon-core/packages/onrobot_driver)
[1.586s] INFO:colcon.colcon_ros.task.ament_cmake.build:Building ROS package in '/home/billy/git/Robotics-Studio-2/src/ur_onrobot/ur_onrobot_control' with build type 'ament_cmake'
[1.586s] INFO:colcon.colcon_cmake.task.cmake.build:Building CMake package in '/home/billy/git/Robotics-Studio-2/src/ur_onrobot/ur_onrobot_control'
[1.586s] INFO:colcon.colcon_core.shell:Skip shell extension 'powershell' for command environment: Not usable outside of PowerShell
[1.586s] DEBUG:colcon.colcon_core.shell:Skip shell extension 'dsv' for command environment
[1.597s] Level 1:colcon.colcon_core.environment:create_environment_scripts_only(object_msgs)
[1.598s] Level 1:colcon.colcon_core.environment:checking '/home/billy/git/Robotics-Studio-2/install/object_msgs' for CMake module files
[1.599s] DEBUG:colcon.colcon_core.event_handler.log_command:Invoked command in '/home/billy/git/Robotics-Studio-2/build/object_msgs' returned '0': CMAKE_PREFIX_PATH=/opt/ros/humble /usr/bin/cmake --install /home/billy/git/Robotics-Studio-2/build/object_msgs
[1.601s] Level 1:colcon.colcon_core.environment:checking '/home/billy/git/Robotics-Studio-2/install/object_msgs' for CMake config files
[1.603s] Level 1:colcon.colcon_core.shell:create_environment_hook('object_msgs', 'cmake_prefix_path')
[1.603s] INFO:colcon.colcon_core.shell:Creating environment hook '/home/billy/git/Robotics-Studio-2/install/object_msgs/share/object_msgs/hook/cmake_prefix_path.ps1'
[1.604s] INFO:colcon.colcon_core.shell:Creating environment descriptor '/home/billy/git/Robotics-Studio-2/install/object_msgs/share/object_msgs/hook/cmake_prefix_path.dsv'
[1.605s] INFO:colcon.colcon_core.shell:Creating environment hook '/home/billy/git/Robotics-Studio-2/install/object_msgs/share/object_msgs/hook/cmake_prefix_path.sh'
[1.605s] Level 1:colcon.colcon_core.environment:checking '/home/billy/git/Robotics-Studio-2/install/object_msgs/lib'
[1.606s] Level 1:colcon.colcon_core.shell:create_environment_hook('object_msgs', 'ld_library_path_lib')
[1.606s] INFO:colcon.colcon_core.shell:Creating environment hook '/home/billy/git/Robotics-Studio-2/install/object_msgs/share/object_msgs/hook/ld_library_path_lib.ps1'
[1.607s] INFO:colcon.colcon_core.shell:Creating environment descriptor '/home/billy/git/Robotics-Studio-2/install/object_msgs/share/object_msgs/hook/ld_library_path_lib.dsv'
[1.607s] INFO:colcon.colcon_core.shell:Creating environment hook '/home/billy/git/Robotics-Studio-2/install/object_msgs/share/object_msgs/hook/ld_library_path_lib.sh'
[1.608s] Level 1:colcon.colcon_core.environment:checking '/home/billy/git/Robotics-Studio-2/install/object_msgs/bin'
[1.608s] Level 1:colcon.colcon_core.environment:checking '/home/billy/git/Robotics-Studio-2/install/object_msgs/lib/pkgconfig/object_msgs.pc'
[1.608s] Level 1:colcon.colcon_core.environment:checking '/home/billy/git/Robotics-Studio-2/install/object_msgs/lib/python3.10/site-packages'
[1.609s] Level 1:colcon.colcon_core.environment:checking '/home/billy/git/Robotics-Studio-2/install/object_msgs/bin'
[1.609s] INFO:colcon.colcon_core.shell:Creating package script '/home/billy/git/Robotics-Studio-2/install/object_msgs/share/object_msgs/package.ps1'
[1.610s] INFO:colcon.colcon_core.shell:Creating package descriptor '/home/billy/git/Robotics-Studio-2/install/object_msgs/share/object_msgs/package.dsv'
[1.611s] INFO:colcon.colcon_core.shell:Creating package script '/home/billy/git/Robotics-Studio-2/install/object_msgs/share/object_msgs/package.sh'
[1.611s] INFO:colcon.colcon_core.shell:Creating package script '/home/billy/git/Robotics-Studio-2/install/object_msgs/share/object_msgs/package.bash'
[1.612s] INFO:colcon.colcon_core.shell:Creating package script '/home/billy/git/Robotics-Studio-2/install/object_msgs/share/object_msgs/package.zsh'
[1.612s] Level 1:colcon.colcon_core.environment:create_file_with_runtime_dependencies(/home/billy/git/Robotics-Studio-2/install/object_msgs/share/colcon-core/packages/object_msgs)
[1.613s] Level 1:colcon.colcon_core.environment:create_environment_scripts_only(object_msgs)
[1.614s] Level 1:colcon.colcon_core.environment:checking '/home/billy/git/Robotics-Studio-2/install/object_msgs' for CMake module files
[1.615s] Level 1:colcon.colcon_core.environment:checking '/home/billy/git/Robotics-Studio-2/install/object_msgs' for CMake config files
[1.618s] Level 1:colcon.colcon_core.shell:create_environment_hook('object_msgs', 'cmake_prefix_path')
[1.618s] INFO:colcon.colcon_core.shell:Creating environment hook '/home/billy/git/Robotics-Studio-2/install/object_msgs/share/object_msgs/hook/cmake_prefix_path.ps1'
[1.619s] INFO:colcon.colcon_core.shell:Creating environment descriptor '/home/billy/git/Robotics-Studio-2/install/object_msgs/share/object_msgs/hook/cmake_prefix_path.dsv'
[1.620s] INFO:colcon.colcon_core.shell:Creating environment hook '/home/billy/git/Robotics-Studio-2/install/object_msgs/share/object_msgs/hook/cmake_prefix_path.sh'
[1.621s] Level 1:colcon.colcon_core.environment:checking '/home/billy/git/Robotics-Studio-2/install/object_msgs/lib'
[1.622s] Level 1:colcon.colcon_core.shell:create_environment_hook('object_msgs', 'ld_library_path_lib')
[1.622s] INFO:colcon.colcon_core.shell:Creating environment hook '/home/billy/git/Robotics-Studio-2/install/object_msgs/share/object_msgs/hook/ld_library_path_lib.ps1'
[1.623s] INFO:colcon.colcon_core.shell:Creating environment descriptor '/home/billy/git/Robotics-Studio-2/install/object_msgs/share/object_msgs/hook/ld_library_path_lib.dsv'
[1.624s] INFO:colcon.colcon_core.shell:Creating environment hook '/home/billy/git/Robotics-Studio-2/install/object_msgs/share/object_msgs/hook/ld_library_path_lib.sh'
[1.624s] Level 1:colcon.colcon_core.environment:checking '/home/billy/git/Robotics-Studio-2/install/object_msgs/bin'
[1.624s] Level 1:colcon.colcon_core.environment:checking '/home/billy/git/Robotics-Studio-2/install/object_msgs/lib/pkgconfig/object_msgs.pc'
[1.625s] Level 1:colcon.colcon_core.environment:checking '/home/billy/git/Robotics-Studio-2/install/object_msgs/lib/python3.10/site-packages'
[1.625s] Level 1:colcon.colcon_core.environment:checking '/home/billy/git/Robotics-Studio-2/install/object_msgs/bin'
[1.626s] INFO:colcon.colcon_core.shell:Creating package script '/home/billy/git/Robotics-Studio-2/install/object_msgs/share/object_msgs/package.ps1'
[1.626s] INFO:colcon.colcon_core.shell:Creating package descriptor '/home/billy/git/Robotics-Studio-2/install/object_msgs/share/object_msgs/package.dsv'
[1.627s] INFO:colcon.colcon_core.shell:Creating package script '/home/billy/git/Robotics-Studio-2/install/object_msgs/share/object_msgs/package.sh'
[1.628s] INFO:colcon.colcon_core.shell:Creating package script '/home/billy/git/Robotics-Studio-2/install/object_msgs/share/object_msgs/package.bash'
[1.628s] INFO:colcon.colcon_core.shell:Creating package script '/home/billy/git/Robotics-Studio-2/install/object_msgs/share/object_msgs/package.zsh'
[1.629s] Level 1:colcon.colcon_core.environment:create_file_with_runtime_dependencies(/home/billy/git/Robotics-Studio-2/install/object_msgs/share/colcon-core/packages/object_msgs)
[1.811s] DEBUG:colcon.colcon_core.event_handler.log_command:Invoking command in '/home/billy/git/Robotics-Studio-2/build/ur_onrobot_control': AMENT_PREFIX_PATH=/home/billy/git/Robotics-Studio-2/install/ur_onrobot_description:/home/billy/git/Robotics-Studio-2/install/onrobot_driver:/home/billy/git/Robotics-Studio-2/install/onrobot_description:${AMENT_PREFIX_PATH} CMAKE_PREFIX_PATH=/home/billy/git/Robotics-Studio-2/install/ur_onrobot_description:/home/billy/git/Robotics-Studio-2/install/onrobot_driver:/home/billy/git/Robotics-Studio-2/install/onrobot_description:/opt/ros/humble LD_LIBRARY_PATH=/home/billy/git/Robotics-Studio-2/install/onrobot_driver/lib:${LD_LIBRARY_PATH} /usr/bin/cmake /home/billy/git/Robotics-Studio-2/src/ur_onrobot/ur_onrobot_control -DCMAKE_EXPORT_COMPILE_COMMANDS=ON -DAMENT_CMAKE_SYMLINK_INSTALL=1 -DCMAKE_INSTALL_PREFIX=/home/billy/git/Robotics-Studio-2/install/ur_onrobot_control
[4.007s] DEBUG:colcon.colcon_core.event_handler.log_command:Invoked command in '/home/billy/git/Robotics-Studio-2/build/ur_onrobot_control' returned '0': AMENT_PREFIX_PATH=/home/billy/git/Robotics-Studio-2/install/ur_onrobot_description:/home/billy/git/Robotics-Studio-2/install/onrobot_driver:/home/billy/git/Robotics-Studio-2/install/onrobot_description:${AMENT_PREFIX_PATH} CMAKE_PREFIX_PATH=/home/billy/git/Robotics-Studio-2/install/ur_onrobot_description:/home/billy/git/Robotics-Studio-2/install/onrobot_driver:/home/billy/git/Robotics-Studio-2/install/onrobot_description:/opt/ros/humble LD_LIBRARY_PATH=/home/billy/git/Robotics-Studio-2/install/onrobot_driver/lib:${LD_LIBRARY_PATH} /usr/bin/cmake /home/billy/git/Robotics-Studio-2/src/ur_onrobot/ur_onrobot_control -DCMAKE_EXPORT_COMPILE_COMMANDS=ON -DAMENT_CMAKE_SYMLINK_INSTALL=1 -DCMAKE_INSTALL_PREFIX=/home/billy/git/Robotics-Studio-2/install/ur_onrobot_control
[4.010s] DEBUG:colcon.colcon_core.event_handler.log_command:Invoking command in '/home/billy/git/Robotics-Studio-2/build/ur_onrobot_control': AMENT_PREFIX_PATH=/home/billy/git/Robotics-Studio-2/install/ur_onrobot_description:/home/billy/git/Robotics-Studio-2/install/onrobot_driver:/home/billy/git/Robotics-Studio-2/install/onrobot_description:${AMENT_PREFIX_PATH} CMAKE_PREFIX_PATH=/home/billy/git/Robotics-Studio-2/install/ur_onrobot_description:/home/billy/git/Robotics-Studio-2/install/onrobot_driver:/home/billy/git/Robotics-Studio-2/install/onrobot_description:/opt/ros/humble LD_LIBRARY_PATH=/home/billy/git/Robotics-Studio-2/install/onrobot_driver/lib:${LD_LIBRARY_PATH} /usr/bin/cmake --build /home/billy/git/Robotics-Studio-2/build/ur_onrobot_control -- -j16 -l16
[4.080s] DEBUG:colcon.colcon_core.event_handler.log_command:Invoked command in '/home/billy/git/Robotics-Studio-2/build/ur_onrobot_control' returned '0': AMENT_PREFIX_PATH=/home/billy/git/Robotics-Studio-2/install/ur_onrobot_description:/home/billy/git/Robotics-Studio-2/install/onrobot_driver:/home/billy/git/Robotics-Studio-2/install/onrobot_description:${AMENT_PREFIX_PATH} CMAKE_PREFIX_PATH=/home/billy/git/Robotics-Studio-2/install/ur_onrobot_description:/home/billy/git/Robotics-Studio-2/install/onrobot_driver:/home/billy/git/Robotics-Studio-2/install/onrobot_description:/opt/ros/humble LD_LIBRARY_PATH=/home/billy/git/Robotics-Studio-2/install/onrobot_driver/lib:${LD_LIBRARY_PATH} /usr/bin/cmake --build /home/billy/git/Robotics-Studio-2/build/ur_onrobot_control -- -j16 -l16
[4.083s] DEBUG:colcon.colcon_core.event_handler.log_command:Invoking command in '/home/billy/git/Robotics-Studio-2/build/ur_onrobot_control': AMENT_PREFIX_PATH=/home/billy/git/Robotics-Studio-2/install/ur_onrobot_description:/home/billy/git/Robotics-Studio-2/install/onrobot_driver:/home/billy/git/Robotics-Studio-2/install/onrobot_description:${AMENT_PREFIX_PATH} CMAKE_PREFIX_PATH=/home/billy/git/Robotics-Studio-2/install/ur_onrobot_description:/home/billy/git/Robotics-Studio-2/install/onrobot_driver:/home/billy/git/Robotics-Studio-2/install/onrobot_description:/opt/ros/humble LD_LIBRARY_PATH=/home/billy/git/Robotics-Studio-2/install/onrobot_driver/lib:${LD_LIBRARY_PATH} /usr/bin/cmake --install /home/billy/git/Robotics-Studio-2/build/ur_onrobot_control
[4.411s] Level 1:colcon.colcon_core.environment:create_environment_scripts_only(ur_onrobot_control)
[4.412s] Level 1:colcon.colcon_core.environment:checking '/home/billy/git/Robotics-Studio-2/install/ur_onrobot_control' for CMake module files
[4.412s] DEBUG:colcon.colcon_core.event_handler.log_command:Invoked command in '/home/billy/git/Robotics-Studio-2/build/ur_onrobot_control' returned '0': AMENT_PREFIX_PATH=/home/billy/git/Robotics-Studio-2/install/ur_onrobot_description:/home/billy/git/Robotics-Studio-2/install/onrobot_driver:/home/billy/git/Robotics-Studio-2/install/onrobot_description:${AMENT_PREFIX_PATH} CMAKE_PREFIX_PATH=/home/billy/git/Robotics-Studio-2/install/ur_onrobot_description:/home/billy/git/Robotics-Studio-2/install/onrobot_driver:/home/billy/git/Robotics-Studio-2/install/onrobot_description:/opt/ros/humble LD_LIBRARY_PATH=/home/billy/git/Robotics-Studio-2/install/onrobot_driver/lib:${LD_LIBRARY_PATH} /usr/bin/cmake --install /home/billy/git/Robotics-Studio-2/build/ur_onrobot_control
[4.413s] Level 1:colcon.colcon_core.environment:checking '/home/billy/git/Robotics-Studio-2/install/ur_onrobot_control' for CMake config files
[4.414s] Level 1:colcon.colcon_core.shell:create_environment_hook('ur_onrobot_control', 'cmake_prefix_path')
[4.415s] INFO:colcon.colcon_core.shell:Creating environment hook '/home/billy/git/Robotics-Studio-2/install/ur_onrobot_control/share/ur_onrobot_control/hook/cmake_prefix_path.ps1'
[4.417s] INFO:colcon.colcon_core.shell:Creating environment descriptor '/home/billy/git/Robotics-Studio-2/install/ur_onrobot_control/share/ur_onrobot_control/hook/cmake_prefix_path.dsv'
[4.418s] INFO:colcon.colcon_core.shell:Creating environment hook '/home/billy/git/Robotics-Studio-2/install/ur_onrobot_control/share/ur_onrobot_control/hook/cmake_prefix_path.sh'
[4.419s] Level 1:colcon.colcon_core.environment:checking '/home/billy/git/Robotics-Studio-2/install/ur_onrobot_control/bin'
[4.419s] Level 1:colcon.colcon_core.environment:checking '/home/billy/git/Robotics-Studio-2/install/ur_onrobot_control/lib/pkgconfig/ur_onrobot_control.pc'
[4.420s] Level 1:colcon.colcon_core.environment:checking '/home/billy/git/Robotics-Studio-2/install/ur_onrobot_control/lib/python3.10/site-packages'
[4.420s] Level 1:colcon.colcon_core.environment:checking '/home/billy/git/Robotics-Studio-2/install/ur_onrobot_control/bin'
[4.421s] INFO:colcon.colcon_core.shell:Creating package script '/home/billy/git/Robotics-Studio-2/install/ur_onrobot_control/share/ur_onrobot_control/package.ps1'
[4.422s] INFO:colcon.colcon_core.shell:Creating package descriptor '/home/billy/git/Robotics-Studio-2/install/ur_onrobot_control/share/ur_onrobot_control/package.dsv'
[4.422s] INFO:colcon.colcon_core.shell:Creating package script '/home/billy/git/Robotics-Studio-2/install/ur_onrobot_control/share/ur_onrobot_control/package.sh'
[4.423s] INFO:colcon.colcon_core.shell:Creating package script '/home/billy/git/Robotics-Studio-2/install/ur_onrobot_control/share/ur_onrobot_control/package.bash'
[4.423s] INFO:colcon.colcon_core.shell:Creating package script '/home/billy/git/Robotics-Studio-2/install/ur_onrobot_control/share/ur_onrobot_control/package.zsh'
[4.424s] Level 1:colcon.colcon_core.environment:create_file_with_runtime_dependencies(/home/billy/git/Robotics-Studio-2/install/ur_onrobot_control/share/colcon-core/packages/ur_onrobot_control)
[4.426s] Level 1:colcon.colcon_core.environment:create_environment_scripts_only(ur_onrobot_control)
[4.427s] Level 1:colcon.colcon_core.environment:checking '/home/billy/git/Robotics-Studio-2/install/ur_onrobot_control' for CMake module files
[4.428s] Level 1:colcon.colcon_core.environment:checking '/home/billy/git/Robotics-Studio-2/install/ur_onrobot_control' for CMake config files
[4.428s] Level 1:colcon.colcon_core.shell:create_environment_hook('ur_onrobot_control', 'cmake_prefix_path')
[4.429s] INFO:colcon.colcon_core.shell:Creating environment hook '/home/billy/git/Robotics-Studio-2/install/ur_onrobot_control/share/ur_onrobot_control/hook/cmake_prefix_path.ps1'
[4.429s] INFO:colcon.colcon_core.shell:Creating environment descriptor '/home/billy/git/Robotics-Studio-2/install/ur_onrobot_control/share/ur_onrobot_control/hook/cmake_prefix_path.dsv'
[4.430s] INFO:colcon.colcon_core.shell:Creating environment hook '/home/billy/git/Robotics-Studio-2/install/ur_onrobot_control/share/ur_onrobot_control/hook/cmake_prefix_path.sh'
[4.431s] Level 1:colcon.colcon_core.environment:checking '/home/billy/git/Robotics-Studio-2/install/ur_onrobot_control/bin'
[4.431s] Level 1:colcon.colcon_core.environment:checking '/home/billy/git/Robotics-Studio-2/install/ur_onrobot_control/lib/pkgconfig/ur_onrobot_control.pc'
[4.431s] Level 1:colcon.colcon_core.environment:checking '/home/billy/git/Robotics-Studio-2/install/ur_onrobot_control/lib/python3.10/site-packages'
[4.432s] Level 1:colcon.colcon_core.environment:checking '/home/billy/git/Robotics-Studio-2/install/ur_onrobot_control/bin'
[4.432s] INFO:colcon.colcon_core.shell:Creating package script '/home/billy/git/Robotics-Studio-2/install/ur_onrobot_control/share/ur_onrobot_control/package.ps1'
[4.434s] INFO:colcon.colcon_core.shell:Creating package descriptor '/home/billy/git/Robotics-Studio-2/install/ur_onrobot_control/share/ur_onrobot_control/package.dsv'
[4.435s] INFO:colcon.colcon_core.shell:Creating package script '/home/billy/git/Robotics-Studio-2/install/ur_onrobot_control/share/ur_onrobot_control/package.sh'
[4.436s] INFO:colcon.colcon_core.shell:Creating package script '/home/billy/git/Robotics-Studio-2/install/ur_onrobot_control/share/ur_onrobot_control/package.bash'
[4.437s] INFO:colcon.colcon_core.shell:Creating package script '/home/billy/git/Robotics-Studio-2/install/ur_onrobot_control/share/ur_onrobot_control/package.zsh'
[4.437s] Level 1:colcon.colcon_core.environment:create_file_with_runtime_dependencies(/home/billy/git/Robotics-Studio-2/install/ur_onrobot_control/share/colcon-core/packages/ur_onrobot_control)
[4.438s] INFO:colcon.colcon_ros.task.ament_cmake.build:Building ROS package in '/home/billy/git/Robotics-Studio-2/src/ur_onrobot/ur_onrobot_moveit_config' with build type 'ament_cmake'
[4.439s] INFO:colcon.colcon_cmake.task.cmake.build:Building CMake package in '/home/billy/git/Robotics-Studio-2/src/ur_onrobot/ur_onrobot_moveit_config'
[4.439s] INFO:colcon.colcon_core.shell:Skip shell extension 'powershell' for command environment: Not usable outside of PowerShell
[4.440s] DEBUG:colcon.colcon_core.shell:Skip shell extension 'dsv' for command environment
[4.704s] DEBUG:colcon.colcon_core.event_handler.log_command:Invoking command in '/home/billy/git/Robotics-Studio-2/build/ur_onrobot_moveit_config': AMENT_PREFIX_PATH=/home/billy/git/Robotics-Studio-2/install/ur_onrobot_control:/home/billy/git/Robotics-Studio-2/install/ur_onrobot_description:/home/billy/git/Robotics-Studio-2/install/onrobot_driver:/home/billy/git/Robotics-Studio-2/install/onrobot_description:${AMENT_PREFIX_PATH} CMAKE_PREFIX_PATH=/home/billy/git/Robotics-Studio-2/install/ur_onrobot_control:/home/billy/git/Robotics-Studio-2/install/ur_onrobot_description:/home/billy/git/Robotics-Studio-2/install/onrobot_driver:/home/billy/git/Robotics-Studio-2/install/onrobot_description:/opt/ros/humble LD_LIBRARY_PATH=/home/billy/git/Robotics-Studio-2/install/onrobot_driver/lib:${LD_LIBRARY_PATH} /usr/bin/cmake /home/billy/git/Robotics-Studio-2/src/ur_onrobot/ur_onrobot_moveit_config -DCMAKE_EXPORT_COMPILE_COMMANDS=ON -DAMENT_CMAKE_SYMLINK_INSTALL=1 -DCMAKE_INSTALL_PREFIX=/home/billy/git/Robotics-Studio-2/install/ur_onrobot_moveit_config
[7.187s] DEBUG:colcon.colcon_core.event_handler.log_command:Invoked command in '/home/billy/git/Robotics-Studio-2/build/ur_onrobot_moveit_config' returned '0': AMENT_PREFIX_PATH=/home/billy/git/Robotics-Studio-2/install/ur_onrobot_control:/home/billy/git/Robotics-Studio-2/install/ur_onrobot_description:/home/billy/git/Robotics-Studio-2/install/onrobot_driver:/home/billy/git/Robotics-Studio-2/install/onrobot_description:${AMENT_PREFIX_PATH} CMAKE_PREFIX_PATH=/home/billy/git/Robotics-Studio-2/install/ur_onrobot_control:/home/billy/git/Robotics-Studio-2/install/ur_onrobot_description:/home/billy/git/Robotics-Studio-2/install/onrobot_driver:/home/billy/git/Robotics-Studio-2/install/onrobot_description:/opt/ros/humble LD_LIBRARY_PATH=/home/billy/git/Robotics-Studio-2/install/onrobot_driver/lib:${LD_LIBRARY_PATH} /usr/bin/cmake /home/billy/git/Robotics-Studio-2/src/ur_onrobot/ur_onrobot_moveit_config -DCMAKE_EXPORT_COMPILE_COMMANDS=ON -DAMENT_CMAKE_SYMLINK_INSTALL=1 -DCMAKE_INSTALL_PREFIX=/home/billy/git/Robotics-Studio-2/install/ur_onrobot_moveit_config
[7.191s] DEBUG:colcon.colcon_core.event_handler.log_command:Invoking command in '/home/billy/git/Robotics-Studio-2/build/ur_onrobot_moveit_config': AMENT_PREFIX_PATH=/home/billy/git/Robotics-Studio-2/install/ur_onrobot_control:/home/billy/git/Robotics-Studio-2/install/ur_onrobot_description:/home/billy/git/Robotics-Studio-2/install/onrobot_driver:/home/billy/git/Robotics-Studio-2/install/onrobot_description:${AMENT_PREFIX_PATH} CMAKE_PREFIX_PATH=/home/billy/git/Robotics-Studio-2/install/ur_onrobot_control:/home/billy/git/Robotics-Studio-2/install/ur_onrobot_description:/home/billy/git/Robotics-Studio-2/install/onrobot_driver:/home/billy/git/Robotics-Studio-2/install/onrobot_description:/opt/ros/humble LD_LIBRARY_PATH=/home/billy/git/Robotics-Studio-2/install/onrobot_driver/lib:${LD_LIBRARY_PATH} /usr/bin/cmake --build /home/billy/git/Robotics-Studio-2/build/ur_onrobot_moveit_config -- -j16 -l16
[7.859s] DEBUG:colcon.colcon_core.event_handler.log_command:Invoked command in '/home/billy/git/Robotics-Studio-2/build/ur_onrobot_moveit_config' returned '0': AMENT_PREFIX_PATH=/home/billy/git/Robotics-Studio-2/install/ur_onrobot_control:/home/billy/git/Robotics-Studio-2/install/ur_onrobot_description:/home/billy/git/Robotics-Studio-2/install/onrobot_driver:/home/billy/git/Robotics-Studio-2/install/onrobot_description:${AMENT_PREFIX_PATH} CMAKE_PREFIX_PATH=/home/billy/git/Robotics-Studio-2/install/ur_onrobot_control:/home/billy/git/Robotics-Studio-2/install/ur_onrobot_description:/home/billy/git/Robotics-Studio-2/install/onrobot_driver:/home/billy/git/Robotics-Studio-2/install/onrobot_description:/opt/ros/humble LD_LIBRARY_PATH=/home/billy/git/Robotics-Studio-2/install/onrobot_driver/lib:${LD_LIBRARY_PATH} /usr/bin/cmake --build /home/billy/git/Robotics-Studio-2/build/ur_onrobot_moveit_config -- -j16 -l16
[7.864s] DEBUG:colcon.colcon_core.event_handler.log_command:Invoking command in '/home/billy/git/Robotics-Studio-2/build/ur_onrobot_moveit_config': AMENT_PREFIX_PATH=/home/billy/git/Robotics-Studio-2/install/ur_onrobot_control:/home/billy/git/Robotics-Studio-2/install/ur_onrobot_description:/home/billy/git/Robotics-Studio-2/install/onrobot_driver:/home/billy/git/Robotics-Studio-2/install/onrobot_description:${AMENT_PREFIX_PATH} CMAKE_PREFIX_PATH=/home/billy/git/Robotics-Studio-2/install/ur_onrobot_control:/home/billy/git/Robotics-Studio-2/install/ur_onrobot_description:/home/billy/git/Robotics-Studio-2/install/onrobot_driver:/home/billy/git/Robotics-Studio-2/install/onrobot_description:/opt/ros/humble LD_LIBRARY_PATH=/home/billy/git/Robotics-Studio-2/install/onrobot_driver/lib:${LD_LIBRARY_PATH} /usr/bin/cmake --install /home/billy/git/Robotics-Studio-2/build/ur_onrobot_moveit_config
[8.807s] Level 1:colcon.colcon_core.environment:create_environment_scripts_only(ur_onrobot_moveit_config)
[8.808s] Level 1:colcon.colcon_core.environment:checking '/home/billy/git/Robotics-Studio-2/install/ur_onrobot_moveit_config' for CMake module files
[8.809s] DEBUG:colcon.colcon_core.event_handler.log_command:Invoked command in '/home/billy/git/Robotics-Studio-2/build/ur_onrobot_moveit_config' returned '0': AMENT_PREFIX_PATH=/home/billy/git/Robotics-Studio-2/install/ur_onrobot_control:/home/billy/git/Robotics-Studio-2/install/ur_onrobot_description:/home/billy/git/Robotics-Studio-2/install/onrobot_driver:/home/billy/git/Robotics-Studio-2/install/onrobot_description:${AMENT_PREFIX_PATH} CMAKE_PREFIX_PATH=/home/billy/git/Robotics-Studio-2/install/ur_onrobot_control:/home/billy/git/Robotics-Studio-2/install/ur_onrobot_description:/home/billy/git/Robotics-Studio-2/install/onrobot_driver:/home/billy/git/Robotics-Studio-2/install/onrobot_description:/opt/ros/humble LD_LIBRARY_PATH=/home/billy/git/Robotics-Studio-2/install/onrobot_driver/lib:${LD_LIBRARY_PATH} /usr/bin/cmake --install /home/billy/git/Robotics-Studio-2/build/ur_onrobot_moveit_config
[8.810s] Level 1:colcon.colcon_core.environment:checking '/home/billy/git/Robotics-Studio-2/install/ur_onrobot_moveit_config' for CMake config files
[8.811s] Level 1:colcon.colcon_core.shell:create_environment_hook('ur_onrobot_moveit_config', 'cmake_prefix_path')
[8.812s] INFO:colcon.colcon_core.shell:Creating environment hook '/home/billy/git/Robotics-Studio-2/install/ur_onrobot_moveit_config/share/ur_onrobot_moveit_config/hook/cmake_prefix_path.ps1'
[8.813s] INFO:colcon.colcon_core.shell:Creating environment descriptor '/home/billy/git/Robotics-Studio-2/install/ur_onrobot_moveit_config/share/ur_onrobot_moveit_config/hook/cmake_prefix_path.dsv'
[8.814s] INFO:colcon.colcon_core.shell:Creating environment hook '/home/billy/git/Robotics-Studio-2/install/ur_onrobot_moveit_config/share/ur_onrobot_moveit_config/hook/cmake_prefix_path.sh'
[8.815s] Level 1:colcon.colcon_core.environment:checking '/home/billy/git/Robotics-Studio-2/install/ur_onrobot_moveit_config/bin'
[8.815s] Level 1:colcon.colcon_core.environment:checking '/home/billy/git/Robotics-Studio-2/install/ur_onrobot_moveit_config/lib/pkgconfig/ur_onrobot_moveit_config.pc'
[8.815s] Level 1:colcon.colcon_core.environment:checking '/home/billy/git/Robotics-Studio-2/install/ur_onrobot_moveit_config/lib/python3.10/site-packages'
[8.816s] Level 1:colcon.colcon_core.environment:checking '/home/billy/git/Robotics-Studio-2/install/ur_onrobot_moveit_config/bin'
[8.817s] INFO:colcon.colcon_core.shell:Creating package script '/home/billy/git/Robotics-Studio-2/install/ur_onrobot_moveit_config/share/ur_onrobot_moveit_config/package.ps1'
[8.818s] INFO:colcon.colcon_core.shell:Creating package descriptor '/home/billy/git/Robotics-Studio-2/install/ur_onrobot_moveit_config/share/ur_onrobot_moveit_config/package.dsv'
[8.819s] INFO:colcon.colcon_core.shell:Creating package script '/home/billy/git/Robotics-Studio-2/install/ur_onrobot_moveit_config/share/ur_onrobot_moveit_config/package.sh'
[8.819s] INFO:colcon.colcon_core.shell:Creating package script '/home/billy/git/Robotics-Studio-2/install/ur_onrobot_moveit_config/share/ur_onrobot_moveit_config/package.bash'
[8.820s] INFO:colcon.colcon_core.shell:Creating package script '/home/billy/git/Robotics-Studio-2/install/ur_onrobot_moveit_config/share/ur_onrobot_moveit_config/package.zsh'
[8.820s] Level 1:colcon.colcon_core.environment:create_file_with_runtime_dependencies(/home/billy/git/Robotics-Studio-2/install/ur_onrobot_moveit_config/share/colcon-core/packages/ur_onrobot_moveit_config)
[8.823s] Level 1:colcon.colcon_core.environment:create_environment_scripts_only(ur_onrobot_moveit_config)
[8.823s] Level 1:colcon.colcon_core.environment:checking '/home/billy/git/Robotics-Studio-2/install/ur_onrobot_moveit_config' for CMake module files
[8.824s] Level 1:colcon.colcon_core.environment:checking '/home/billy/git/Robotics-Studio-2/install/ur_onrobot_moveit_config' for CMake config files
[8.825s] Level 1:colcon.colcon_core.shell:create_environment_hook('ur_onrobot_moveit_config', 'cmake_prefix_path')
[8.826s] INFO:colcon.colcon_core.shell:Creating environment hook '/home/billy/git/Robotics-Studio-2/install/ur_onrobot_moveit_config/share/ur_onrobot_moveit_config/hook/cmake_prefix_path.ps1'
[8.827s] INFO:colcon.colcon_core.shell:Creating environment descriptor '/home/billy/git/Robotics-Studio-2/install/ur_onrobot_moveit_config/share/ur_onrobot_moveit_config/hook/cmake_prefix_path.dsv'
[8.828s] INFO:colcon.colcon_core.shell:Creating environment hook '/home/billy/git/Robotics-Studio-2/install/ur_onrobot_moveit_config/share/ur_onrobot_moveit_config/hook/cmake_prefix_path.sh'
[8.829s] Level 1:colcon.colcon_core.environment:checking '/home/billy/git/Robotics-Studio-2/install/ur_onrobot_moveit_config/bin'
[8.829s] Level 1:colcon.colcon_core.environment:checking '/home/billy/git/Robotics-Studio-2/install/ur_onrobot_moveit_config/lib/pkgconfig/ur_onrobot_moveit_config.pc'
[8.829s] Level 1:colcon.colcon_core.environment:checking '/home/billy/git/Robotics-Studio-2/install/ur_onrobot_moveit_config/lib/python3.10/site-packages'
[8.830s] Level 1:colcon.colcon_core.environment:checking '/home/billy/git/Robotics-Studio-2/install/ur_onrobot_moveit_config/bin'
[8.831s] INFO:colcon.colcon_core.shell:Creating package script '/home/billy/git/Robotics-Studio-2/install/ur_onrobot_moveit_config/share/ur_onrobot_moveit_config/package.ps1'
[8.832s] INFO:colcon.colcon_core.shell:Creating package descriptor '/home/billy/git/Robotics-Studio-2/install/ur_onrobot_moveit_config/share/ur_onrobot_moveit_config/package.dsv'
[8.833s] INFO:colcon.colcon_core.shell:Creating package script '/home/billy/git/Robotics-Studio-2/install/ur_onrobot_moveit_config/share/ur_onrobot_moveit_config/package.sh'
[8.834s] INFO:colcon.colcon_core.shell:Creating package script '/home/billy/git/Robotics-Studio-2/install/ur_onrobot_moveit_config/share/ur_onrobot_moveit_config/package.bash'
[8.835s] INFO:colcon.colcon_core.shell:Creating package script '/home/billy/git/Robotics-Studio-2/install/ur_onrobot_moveit_config/share/ur_onrobot_moveit_config/package.zsh'
[8.836s] Level 1:colcon.colcon_core.environment:create_file_with_runtime_dependencies(/home/billy/git/Robotics-Studio-2/install/ur_onrobot_moveit_config/share/colcon-core/packages/ur_onrobot_moveit_config)
[19.200s] DEBUG:colcon.colcon_core.event_handler.log_command:Invoked command in '/home/billy/git/Robotics-Studio-2/build/ur_gripper_demo' returned '1': CMAKE_PREFIX_PATH=/opt/ros/humble /usr/bin/cmake /home/billy/git/Robotics-Studio-2/src/ur_gripper_demo -DCMAKE_EXPORT_COMPILE_COMMANDS=ON -DAMENT_CMAKE_SYMLINK_INSTALL=1 -DCMAKE_INSTALL_PREFIX=/home/billy/git/Robotics-Studio-2/install/ur_gripper_demo
[19.229s] Level 1:colcon.colcon_core.environment:create_environment_scripts_only(ur_gripper_demo)
[19.229s] Level 1:colcon.colcon_core.environment:checking '/home/billy/git/Robotics-Studio-2/install/ur_gripper_demo' for CMake module files
[19.230s] Level 1:colcon.colcon_core.environment:checking '/home/billy/git/Robotics-Studio-2/install/ur_gripper_demo' for CMake config files
[19.231s] Level 1:colcon.colcon_core.environment:checking '/home/billy/git/Robotics-Studio-2/install/ur_gripper_demo/bin'
[19.231s] Level 1:colcon.colcon_core.environment:checking '/home/billy/git/Robotics-Studio-2/install/ur_gripper_demo/lib/pkgconfig/ur_gripper_demo.pc'
[19.232s] Level 1:colcon.colcon_core.environment:checking '/home/billy/git/Robotics-Studio-2/install/ur_gripper_demo/lib/python3.10/site-packages'
[19.232s] Level 1:colcon.colcon_core.environment:checking '/home/billy/git/Robotics-Studio-2/install/ur_gripper_demo/bin'
[19.233s] INFO:colcon.colcon_core.shell:Creating package script '/home/billy/git/Robotics-Studio-2/install/ur_gripper_demo/share/ur_gripper_demo/package.ps1'
[19.234s] INFO:colcon.colcon_core.shell:Creating package descriptor '/home/billy/git/Robotics-Studio-2/install/ur_gripper_demo/share/ur_gripper_demo/package.dsv'
[19.235s] INFO:colcon.colcon_core.shell:Creating package script '/home/billy/git/Robotics-Studio-2/install/ur_gripper_demo/share/ur_gripper_demo/package.sh'
[19.235s] INFO:colcon.colcon_core.shell:Creating package script '/home/billy/git/Robotics-Studio-2/install/ur_gripper_demo/share/ur_gripper_demo/package.bash'
[19.236s] INFO:colcon.colcon_core.shell:Creating package script '/home/billy/git/Robotics-Studio-2/install/ur_gripper_demo/share/ur_gripper_demo/package.zsh'
[19.237s] Level 1:colcon.colcon_core.environment:create_file_with_runtime_dependencies(/home/billy/git/Robotics-Studio-2/install/ur_gripper_demo/share/colcon-core/packages/ur_gripper_demo)
[30.728s] DEBUG:colcon.colcon_parallel_executor.executor.parallel:closing loop
[30.729s] DEBUG:colcon.colcon_parallel_executor.executor.parallel:loop closed
[30.729s] DEBUG:colcon.colcon_parallel_executor.executor.parallel:run_until_complete finished with '1'
[30.729s] DEBUG:colcon.colcon_core.event_reactor:joining thread
[30.799s] INFO:colcon.colcon_core.plugin_system:Skipping extension 'colcon_notification.desktop_notification.notify_send': Could not find 'notify-send'
[30.799s] INFO:colcon.colcon_core.plugin_system:Skipping extension 'colcon_notification.desktop_notification.terminal_notifier': Not used on non-Darwin systems
[30.799s] INFO:colcon.colcon_core.plugin_system:Skipping extension 'colcon_notification.desktop_notification.win32': Not used on non-Windows systems
[30.800s] INFO:colcon.colcon_notification.desktop_notification:Sending desktop notification using 'notify2'
[30.802s] DEBUG:colcon.colcon_notification.desktop_notification.notify2:Failed to initialize notify2: org.freedesktop.DBus.Error.ServiceUnknown: The name org.freedesktop.Notifications was not provided by any .service files
[30.803s] DEBUG:colcon.colcon_core.event_reactor:joined thread
[30.803s] INFO:colcon.colcon_core.shell:Creating prefix script '/home/billy/git/Robotics-Studio-2/install/local_setup.ps1'
[30.805s] INFO:colcon.colcon_core.shell:Creating prefix util module '/home/billy/git/Robotics-Studio-2/install/_local_setup_util_ps1.py'
[30.806s] INFO:colcon.colcon_core.shell:Creating prefix chain script '/home/billy/git/Robotics-Studio-2/install/setup.ps1'
[30.807s] INFO:colcon.colcon_core.shell:Creating prefix script '/home/billy/git/Robotics-Studio-2/install/local_setup.sh'
[30.808s] INFO:colcon.colcon_core.shell:Creating prefix util module '/home/billy/git/Robotics-Studio-2/install/_local_setup_util_sh.py'
[30.809s] INFO:colcon.colcon_core.shell:Creating prefix chain script '/home/billy/git/Robotics-Studio-2/install/setup.sh'
[30.811s] INFO:colcon.colcon_core.shell:Creating prefix script '/home/billy/git/Robotics-Studio-2/install/local_setup.bash'
[30.812s] INFO:colcon.colcon_core.shell:Creating prefix chain script '/home/billy/git/Robotics-Studio-2/install/setup.bash'
[30.813s] INFO:colcon.colcon_core.shell:Creating prefix script '/home/billy/git/Robotics-Studio-2/install/local_setup.zsh'
[30.814s] INFO:colcon.colcon_core.shell:Creating prefix chain script '/home/billy/git/Robotics-Studio-2/install/setup.zsh'
