[0.069s] Invoking command in '/home/billy/git/Robotics-Studio-2/build/ur_onrobot_description': AMENT_PREFIX_PATH=/home/billy/git/Robotics-Studio-2/install/onrobot_description:${AMENT_PREFIX_PATH} CMAKE_PREFIX_PATH=/home/billy/git/Robotics-Studio-2/install/onrobot_description:/opt/ros/humble /usr/bin/cmake /home/billy/git/Robotics-Studio-2/src/ur_onrobot/ur_onrobot_description -DCMAKE_EXPORT_COMPILE_COMMANDS=ON -DAMENT_CMAKE_SYMLINK_INSTALL=1 -DCMAKE_INSTALL_PREFIX=/home/billy/git/Robotics-Studio-2/install/ur_onrobot_description
[0.235s] -- The C compiler identification is GNU 11.4.0
[0.745s] -- The CXX compiler identification is GNU 11.4.0
[1.070s] -- Detecting C compiler ABI info
[1.316s] -- Detecting C compiler ABI info - done
[1.328s] -- Check for working C compiler: /usr/bin/cc - skipped
[1.328s] -- Detecting C compile features
[1.329s] -- Detecting C compile features - done
[1.335s] -- Detecting CXX compiler ABI info
[1.611s] -- Detecting CXX compiler ABI info - done
[1.625s] -- Check for working CXX compiler: /usr/bin/c++ - skipped
[1.626s] -- Detecting CXX compile features
[1.626s] -- Detecting CXX compile features - done
[1.632s] -- Found ament_cmake: 1.3.13 (/opt/ros/humble/share/ament_cmake/cmake)
[1.942s] -- Found Python3: /usr/bin/python3 (found version "3.10.12") found components: Interpreter 
[2.109s] -- Override CMake install command with custom implementation using symlinks instead of copying resources
[2.207s] -- Found ament_lint_auto: 0.12.15 (/opt/ros/humble/share/ament_lint_auto/cmake)
[2.389s] -- Configuring done
[2.407s] -- Generating done
[2.408s] [33mCMake Warning:
[2.409s]   Manually-specified variables were not used by the project:
[2.409s] 
[2.409s]     CMAKE_EXPORT_COMPILE_COMMANDS
[2.410s] 
[2.410s] [0m
[2.414s] -- Build files have been written to: /home/billy/git/Robotics-Studio-2/build/ur_onrobot_description
[2.429s] Invoked command in '/home/billy/git/Robotics-Studio-2/build/ur_onrobot_description' returned '0': AMENT_PREFIX_PATH=/home/billy/git/Robotics-Studio-2/install/onrobot_description:${AMENT_PREFIX_PATH} CMAKE_PREFIX_PATH=/home/billy/git/Robotics-Studio-2/install/onrobot_description:/opt/ros/humble /usr/bin/cmake /home/billy/git/Robotics-Studio-2/src/ur_onrobot/ur_onrobot_description -DCMAKE_EXPORT_COMPILE_COMMANDS=ON -DAMENT_CMAKE_SYMLINK_INSTALL=1 -DCMAKE_INSTALL_PREFIX=/home/billy/git/Robotics-Studio-2/install/ur_onrobot_description
[2.431s] Invoking command in '/home/billy/git/Robotics-Studio-2/build/ur_onrobot_description': AMENT_PREFIX_PATH=/home/billy/git/Robotics-Studio-2/install/onrobot_description:${AMENT_PREFIX_PATH} CMAKE_PREFIX_PATH=/home/billy/git/Robotics-Studio-2/install/onrobot_description:/opt/ros/humble /usr/bin/cmake --build /home/billy/git/Robotics-Studio-2/build/ur_onrobot_description -- -j16 -l16
[2.526s] Invoked command in '/home/billy/git/Robotics-Studio-2/build/ur_onrobot_description' returned '0': AMENT_PREFIX_PATH=/home/billy/git/Robotics-Studio-2/install/onrobot_description:${AMENT_PREFIX_PATH} CMAKE_PREFIX_PATH=/home/billy/git/Robotics-Studio-2/install/onrobot_description:/opt/ros/humble /usr/bin/cmake --build /home/billy/git/Robotics-Studio-2/build/ur_onrobot_description -- -j16 -l16
[2.532s] Invoking command in '/home/billy/git/Robotics-Studio-2/build/ur_onrobot_description': AMENT_PREFIX_PATH=/home/billy/git/Robotics-Studio-2/install/onrobot_description:${AMENT_PREFIX_PATH} CMAKE_PREFIX_PATH=/home/billy/git/Robotics-Studio-2/install/onrobot_description:/opt/ros/humble /usr/bin/cmake --install /home/billy/git/Robotics-Studio-2/build/ur_onrobot_description
[2.548s] -- Install configuration: ""
[2.549s] -- Execute custom install script
[2.553s] -- Symlinking: /home/billy/git/Robotics-Studio-2/install/ur_onrobot_description/share/ur_onrobot_description/launch/view_robot.launch.py
[2.574s] -- Symlinking: /home/billy/git/Robotics-Studio-2/install/ur_onrobot_description/share/ur_onrobot_description/rviz/view_robot.rviz
[2.597s] -- Symlinking: /home/billy/git/Robotics-Studio-2/install/ur_onrobot_description/share/ur_onrobot_description/urdf/ur_onrobot.urdf.xacro
[2.616s] -- Symlinking: /home/billy/git/Robotics-Studio-2/install/ur_onrobot_description/share/ur_onrobot_description/urdf/ur_onrobot_macro.xacro
[2.638s] -- Symlinking: /home/billy/git/Robotics-Studio-2/install/ur_onrobot_description/share/ament_index/resource_index/package_run_dependencies/ur_onrobot_description
[2.659s] -- Symlinking: /home/billy/git/Robotics-Studio-2/install/ur_onrobot_description/share/ament_index/resource_index/parent_prefix_path/ur_onrobot_description
[2.684s] -- Symlinking: /home/billy/git/Robotics-Studio-2/install/ur_onrobot_description/share/ur_onrobot_description/environment/ament_prefix_path.sh
[2.706s] -- Symlinking: /home/billy/git/Robotics-Studio-2/install/ur_onrobot_description/share/ur_onrobot_description/environment/ament_prefix_path.dsv
[2.729s] -- Symlinking: /home/billy/git/Robotics-Studio-2/install/ur_onrobot_description/share/ur_onrobot_description/environment/path.sh
[2.749s] -- Symlinking: /home/billy/git/Robotics-Studio-2/install/ur_onrobot_description/share/ur_onrobot_description/environment/path.dsv
[2.769s] -- Symlinking: /home/billy/git/Robotics-Studio-2/install/ur_onrobot_description/share/ur_onrobot_description/local_setup.bash
[2.787s] -- Symlinking: /home/billy/git/Robotics-Studio-2/install/ur_onrobot_description/share/ur_onrobot_description/local_setup.sh
[2.807s] -- Symlinking: /home/billy/git/Robotics-Studio-2/install/ur_onrobot_description/share/ur_onrobot_description/local_setup.zsh
[2.829s] -- Symlinking: /home/billy/git/Robotics-Studio-2/install/ur_onrobot_description/share/ur_onrobot_description/local_setup.dsv
[2.850s] -- Symlinking: /home/billy/git/Robotics-Studio-2/install/ur_onrobot_description/share/ur_onrobot_description/package.dsv
[2.871s] -- Symlinking: /home/billy/git/Robotics-Studio-2/install/ur_onrobot_description/share/ament_index/resource_index/packages/ur_onrobot_description
[2.893s] -- Symlinking: /home/billy/git/Robotics-Studio-2/install/ur_onrobot_description/share/ur_onrobot_description/cmake/ur_onrobot_descriptionConfig.cmake
[2.915s] -- Symlinking: /home/billy/git/Robotics-Studio-2/install/ur_onrobot_description/share/ur_onrobot_description/cmake/ur_onrobot_descriptionConfig-version.cmake
[2.935s] -- Symlinking: /home/billy/git/Robotics-Studio-2/install/ur_onrobot_description/share/ur_onrobot_description/package.xml
[2.961s] Invoked command in '/home/billy/git/Robotics-Studio-2/build/ur_onrobot_description' returned '0': AMENT_PREFIX_PATH=/home/billy/git/Robotics-Studio-2/install/onrobot_description:${AMENT_PREFIX_PATH} CMAKE_PREFIX_PATH=/home/billy/git/Robotics-Studio-2/install/onrobot_description:/opt/ros/humble /usr/bin/cmake --install /home/billy/git/Robotics-Studio-2/build/ur_onrobot_description
